[2022-12-25T04:20:59.777+0000] {taskinstance.py:1165} INFO - Dependencies all met for <TaskInstance: spotify_dag.spotify_etl scheduled__2022-12-25T00:00:00+00:00 [queued]>
[2022-12-25T04:20:59.796+0000] {taskinstance.py:1165} INFO - Dependencies all met for <TaskInstance: spotify_dag.spotify_etl scheduled__2022-12-25T00:00:00+00:00 [queued]>
[2022-12-25T04:20:59.796+0000] {taskinstance.py:1362} INFO - 
--------------------------------------------------------------------------------
[2022-12-25T04:20:59.796+0000] {taskinstance.py:1363} INFO - Starting attempt 1 of 2
[2022-12-25T04:20:59.796+0000] {taskinstance.py:1364} INFO - 
--------------------------------------------------------------------------------
[2022-12-25T04:20:59.823+0000] {taskinstance.py:1383} INFO - Executing <Task(PythonOperator): spotify_etl> on 2022-12-25 00:00:00+00:00
[2022-12-25T04:20:59.834+0000] {standard_task_runner.py:55} INFO - Started process 995 to run task
[2022-12-25T04:20:59.841+0000] {standard_task_runner.py:82} INFO - Running: ['airflow', 'tasks', 'run', 'spotify_dag', 'spotify_etl', 'scheduled__2022-12-25T00:00:00+00:00', '--job-id', '161', '--raw', '--subdir', 'DAGS_FOLDER/airflow_dags.py', '--cfg-path', '/tmp/tmpsk3srs37']
[2022-12-25T04:20:59.843+0000] {standard_task_runner.py:83} INFO - Job 161: Subtask spotify_etl
[2022-12-25T04:20:59.985+0000] {task_command.py:376} INFO - Running <TaskInstance: spotify_dag.spotify_etl scheduled__2022-12-25T00:00:00+00:00 [running]> on host ip-172-31-26-59.ap-northeast-2.compute.internal
[2022-12-25T04:21:00.155+0000] {taskinstance.py:1590} INFO - Exporting the following env vars:
AIRFLOW_CTX_DAG_EMAIL=nywkim@example.com
AIRFLOW_CTX_DAG_OWNER=airflow
AIRFLOW_CTX_DAG_ID=spotify_dag
AIRFLOW_CTX_TASK_ID=spotify_etl
AIRFLOW_CTX_EXECUTION_DATE=2022-12-25T00:00:00+00:00
AIRFLOW_CTX_TRY_NUMBER=1
AIRFLOW_CTX_DAG_RUN_ID=scheduled__2022-12-25T00:00:00+00:00
[2022-12-25T04:21:07.653+0000] {python.py:177} INFO - Done. Returned value was: None
[2022-12-25T04:21:07.657+0000] {taskinstance.py:1401} INFO - Marking task as SUCCESS. dag_id=spotify_dag, task_id=spotify_etl, execution_date=20221225T000000, start_date=20221225T042059, end_date=20221225T042107
[2022-12-25T04:21:07.672+0000] {local_task_job.py:164} INFO - Task exited with return code 0
[2022-12-25T04:21:07.680+0000] {local_task_job.py:273} INFO - 0 downstream tasks scheduled from follow-on schedule check
