[2023-02-02T15:50:56.342+0000] {taskinstance.py:1165} INFO - Dependencies all met for <TaskInstance: Spotify_etl_2.athena_agg manual__2023-02-02T15:50:54.774835+00:00 [queued]>
[2023-02-02T15:50:56.348+0000] {taskinstance.py:1165} INFO - Dependencies all met for <TaskInstance: Spotify_etl_2.athena_agg manual__2023-02-02T15:50:54.774835+00:00 [queued]>
[2023-02-02T15:50:56.348+0000] {taskinstance.py:1362} INFO - 
--------------------------------------------------------------------------------
[2023-02-02T15:50:56.348+0000] {taskinstance.py:1363} INFO - Starting attempt 1 of 2
[2023-02-02T15:50:56.348+0000] {taskinstance.py:1364} INFO - 
--------------------------------------------------------------------------------
[2023-02-02T15:50:56.362+0000] {taskinstance.py:1383} INFO - Executing <Task(AthenaOperator): athena_agg> on 2023-02-02 15:50:54.774835+00:00
[2023-02-02T15:50:56.364+0000] {standard_task_runner.py:55} INFO - Started process 19280 to run task
[2023-02-02T15:50:56.367+0000] {standard_task_runner.py:82} INFO - Running: ['airflow', 'tasks', 'run', 'Spotify_etl_2', 'athena_agg', 'manual__2023-02-02T15:50:54.774835+00:00', '--job-id', '570', '--raw', '--subdir', 'DAGS_FOLDER/practice.py', '--cfg-path', '/tmp/tmp9zfjehdq']
[2023-02-02T15:50:56.368+0000] {standard_task_runner.py:83} INFO - Job 570: Subtask athena_agg
[2023-02-02T15:50:56.405+0000] {task_command.py:376} INFO - Running <TaskInstance: Spotify_etl_2.athena_agg manual__2023-02-02T15:50:54.774835+00:00 [running]> on host ip-172-31-26-59.ap-northeast-2.compute.internal
[2023-02-02T15:50:56.457+0000] {taskinstance.py:1590} INFO - Exporting the following env vars:
AIRFLOW_CTX_DAG_EMAIL=nywkim@example.com
AIRFLOW_CTX_DAG_OWNER=airflow
AIRFLOW_CTX_DAG_ID=Spotify_etl_2
AIRFLOW_CTX_TASK_ID=athena_agg
AIRFLOW_CTX_EXECUTION_DATE=2023-02-02T15:50:54.774835+00:00
AIRFLOW_CTX_TRY_NUMBER=1
AIRFLOW_CTX_DAG_RUN_ID=manual__2023-02-02T15:50:54.774835+00:00
[2023-02-02T15:50:56.458+0000] {athena.py:98} INFO - Running Query with params: {'QueryString': '\n        INSERT INTO listen_record_by_artist_test\n        SELECT artist_name, day, count(*) as listen_count\n        FROM (SELECT day, track_id FROM spotify.records where day=2023-02-02) a\n            JOIN (SELECT DISTINCT(track_id) as track_id, artist_name FROM spotify.tracks) b\n            ON a.track_id=b.track_id\n        group by artist_name,day\n        order by listen_count desc;\n    ', 'QueryExecutionContext': {'Database': 'spotify'}, 'ResultConfiguration': {'OutputLocation': 's3://airflow-nk/sample/'}, 'WorkGroup': 'primary'}
[2023-02-02T15:50:56.462+0000] {base.py:71} INFO - Using connection ID 'aws_default' for task execution.
[2023-02-02T15:50:56.462+0000] {connection_wrapper.py:334} INFO - AWS Connection (conn_id='aws_default', conn_type='aws') credentials retrieved from login and password.
[2023-02-02T15:50:57.161+0000] {athena.py:101} INFO - Query execution id: 53ffa743-1e40-4d32-becd-661dc8de9634
[2023-02-02T15:50:57.192+0000] {athena.py:260} INFO - Query execution id: 53ffa743-1e40-4d32-becd-661dc8de9634, trial 1: Query is still in non-terminal state - QUEUED
[2023-02-02T15:51:27.311+0000] {athena.py:251} INFO - Query execution id: 53ffa743-1e40-4d32-becd-661dc8de9634, trial 2: Query execution completed. Final state is FAILED
[2023-02-02T15:51:27.329+0000] {taskinstance.py:1851} ERROR - Task failed with exception
Traceback (most recent call last):
  File "/usr/local/lib/python3.10/dist-packages/airflow/providers/amazon/aws/operators/athena.py", line 126, in execute
    raise Exception(
Exception: Final state of Athena job is FAILED, query_execution_id is 53ffa743-1e40-4d32-becd-661dc8de9634. Error: SYNTAX_ERROR: line 3:66: '=' cannot be applied to varchar, integer. If a data manifest file was generated at 's3://airflow-nk/sample/53ffa743-1e40-4d32-becd-661dc8de9634-manifest.csv', you may need to manually clean the data from locations specified in the manifest. Athena will not delete data in your account.
[2023-02-02T15:51:27.332+0000] {taskinstance.py:1401} INFO - Marking task as UP_FOR_RETRY. dag_id=Spotify_etl_2, task_id=athena_agg, execution_date=20230202T155054, start_date=20230202T155056, end_date=20230202T155127
[2023-02-02T15:51:27.345+0000] {standard_task_runner.py:100} ERROR - Failed to execute job 570 for task athena_agg (Final state of Athena job is FAILED, query_execution_id is 53ffa743-1e40-4d32-becd-661dc8de9634. Error: SYNTAX_ERROR: line 3:66: '=' cannot be applied to varchar, integer. If a data manifest file was generated at 's3://airflow-nk/sample/53ffa743-1e40-4d32-becd-661dc8de9634-manifest.csv', you may need to manually clean the data from locations specified in the manifest. Athena will not delete data in your account.; 19280)
[2023-02-02T15:51:27.380+0000] {local_task_job.py:164} INFO - Task exited with return code 1
[2023-02-02T15:51:27.389+0000] {local_task_job.py:273} INFO - 0 downstream tasks scheduled from follow-on schedule check
