[2023-01-28T16:00:14.085+0000] {taskinstance.py:1165} INFO - Dependencies all met for <TaskInstance: spotify_dag.crawl_s3 scheduled__2023-01-28T14:00:00+00:00 [queued]>
[2023-01-28T16:00:14.091+0000] {taskinstance.py:1165} INFO - Dependencies all met for <TaskInstance: spotify_dag.crawl_s3 scheduled__2023-01-28T14:00:00+00:00 [queued]>
[2023-01-28T16:00:14.091+0000] {taskinstance.py:1362} INFO - 
--------------------------------------------------------------------------------
[2023-01-28T16:00:14.091+0000] {taskinstance.py:1363} INFO - Starting attempt 1 of 2
[2023-01-28T16:00:14.091+0000] {taskinstance.py:1364} INFO - 
--------------------------------------------------------------------------------
[2023-01-28T16:00:14.103+0000] {taskinstance.py:1383} INFO - Executing <Task(GlueCrawlerOperator): crawl_s3> on 2023-01-28 14:00:00+00:00
[2023-01-28T16:00:14.107+0000] {standard_task_runner.py:55} INFO - Started process 39373 to run task
[2023-01-28T16:00:14.110+0000] {standard_task_runner.py:82} INFO - Running: ['airflow', 'tasks', 'run', 'spotify_dag', 'crawl_s3', 'scheduled__2023-01-28T14:00:00+00:00', '--job-id', '426', '--raw', '--subdir', 'DAGS_FOLDER/airflow_dags.py', '--cfg-path', '/tmp/tmpkz7ekktx']
[2023-01-28T16:00:14.112+0000] {standard_task_runner.py:83} INFO - Job 426: Subtask crawl_s3
[2023-01-28T16:00:14.155+0000] {task_command.py:376} INFO - Running <TaskInstance: spotify_dag.crawl_s3 scheduled__2023-01-28T14:00:00+00:00 [running]> on host ip-172-31-26-59.ap-northeast-2.compute.internal
[2023-01-28T16:00:14.202+0000] {taskinstance.py:1590} INFO - Exporting the following env vars:
AIRFLOW_CTX_DAG_EMAIL=nywkim@example.com
AIRFLOW_CTX_DAG_OWNER=airflow
AIRFLOW_CTX_DAG_ID=spotify_dag
AIRFLOW_CTX_TASK_ID=crawl_s3
AIRFLOW_CTX_EXECUTION_DATE=2023-01-28T14:00:00+00:00
AIRFLOW_CTX_TRY_NUMBER=1
AIRFLOW_CTX_DAG_RUN_ID=scheduled__2023-01-28T14:00:00+00:00
[2023-01-28T16:00:14.203+0000] {glue_crawler.py:55} INFO - Checking if crawler already exists: spotify-crawl
[2023-01-28T16:00:14.207+0000] {base.py:71} INFO - Using connection ID 'aws_default' for task execution.
[2023-01-28T16:00:14.207+0000] {connection_wrapper.py:334} INFO - AWS Connection (conn_id='aws_default', conn_type='aws') credentials retrieved from login and password.
[2023-01-28T16:00:14.923+0000] {base.py:71} INFO - Using connection ID 'aws_default' for task execution.
[2023-01-28T16:00:14.924+0000] {connection_wrapper.py:334} INFO - AWS Connection (conn_id='aws_default', conn_type='aws') credentials retrieved from login and password.
[2023-01-28T16:00:15.242+0000] {glue_crawler.py:82} INFO - Triggering AWS Glue Crawler
[2023-01-28T16:00:15.242+0000] {glue_crawler.py:151} INFO - Starting crawler spotify-crawl
[2023-01-28T16:00:16.491+0000] {glue_crawler.py:85} INFO - Waiting for AWS Glue Crawler
[2023-01-28T16:00:16.551+0000] {glue_crawler.py:188} INFO - Polling for AWS Glue crawler: spotify-crawl 
[2023-01-28T16:00:16.551+0000] {glue_crawler.py:189} INFO - State: RUNNING
[2023-01-28T16:00:16.601+0000] {glue_crawler.py:199} INFO - Crawler should finish soon
[2023-01-28T16:00:21.661+0000] {glue_crawler.py:188} INFO - Polling for AWS Glue crawler: spotify-crawl 
[2023-01-28T16:00:21.662+0000] {glue_crawler.py:189} INFO - State: RUNNING
[2023-01-28T16:00:21.707+0000] {glue_crawler.py:199} INFO - Crawler should finish soon
[2023-01-28T16:00:26.748+0000] {glue_crawler.py:188} INFO - Polling for AWS Glue crawler: spotify-crawl 
[2023-01-28T16:00:26.748+0000] {glue_crawler.py:189} INFO - State: RUNNING
[2023-01-28T16:00:26.794+0000] {glue_crawler.py:199} INFO - Crawler should finish soon
[2023-01-28T16:00:31.870+0000] {glue_crawler.py:188} INFO - Polling for AWS Glue crawler: spotify-crawl 
[2023-01-28T16:00:31.870+0000] {glue_crawler.py:189} INFO - State: RUNNING
[2023-01-28T16:00:31.920+0000] {glue_crawler.py:199} INFO - Crawler should finish soon
[2023-01-28T16:00:36.975+0000] {glue_crawler.py:188} INFO - Polling for AWS Glue crawler: spotify-crawl 
[2023-01-28T16:00:36.976+0000] {glue_crawler.py:189} INFO - State: RUNNING
[2023-01-28T16:00:37.018+0000] {glue_crawler.py:199} INFO - Crawler should finish soon
[2023-01-28T16:00:42.054+0000] {glue_crawler.py:188} INFO - Polling for AWS Glue crawler: spotify-crawl 
[2023-01-28T16:00:42.054+0000] {glue_crawler.py:189} INFO - State: RUNNING
[2023-01-28T16:00:42.085+0000] {glue_crawler.py:199} INFO - Crawler should finish soon
[2023-01-28T16:00:47.136+0000] {glue_crawler.py:188} INFO - Polling for AWS Glue crawler: spotify-crawl 
[2023-01-28T16:00:47.136+0000] {glue_crawler.py:189} INFO - State: RUNNING
[2023-01-28T16:00:47.162+0000] {glue_crawler.py:199} INFO - Crawler should finish soon
[2023-01-28T16:00:52.203+0000] {glue_crawler.py:188} INFO - Polling for AWS Glue crawler: spotify-crawl 
[2023-01-28T16:00:52.203+0000] {glue_crawler.py:189} INFO - State: RUNNING
[2023-01-28T16:00:52.228+0000] {glue_crawler.py:199} INFO - Crawler should finish soon
[2023-01-28T16:00:57.271+0000] {glue_crawler.py:188} INFO - Polling for AWS Glue crawler: spotify-crawl 
[2023-01-28T16:00:57.271+0000] {glue_crawler.py:189} INFO - State: RUNNING
[2023-01-28T16:00:57.294+0000] {glue_crawler.py:199} INFO - Crawler should finish soon
[2023-01-28T16:01:02.354+0000] {glue_crawler.py:188} INFO - Polling for AWS Glue crawler: spotify-crawl 
[2023-01-28T16:01:02.354+0000] {glue_crawler.py:189} INFO - State: RUNNING
[2023-01-28T16:01:02.396+0000] {glue_crawler.py:197} INFO - Estimated Time Left (seconds): 15
[2023-01-28T16:01:07.446+0000] {glue_crawler.py:188} INFO - Polling for AWS Glue crawler: spotify-crawl 
[2023-01-28T16:01:07.446+0000] {glue_crawler.py:189} INFO - State: STOPPING
[2023-01-28T16:01:07.487+0000] {glue_crawler.py:197} INFO - Estimated Time Left (seconds): 15
[2023-01-28T16:01:12.533+0000] {glue_crawler.py:188} INFO - Polling for AWS Glue crawler: spotify-crawl 
[2023-01-28T16:01:12.534+0000] {glue_crawler.py:189} INFO - State: STOPPING
[2023-01-28T16:01:12.571+0000] {glue_crawler.py:197} INFO - Estimated Time Left (seconds): 15
[2023-01-28T16:01:17.632+0000] {glue_crawler.py:188} INFO - Polling for AWS Glue crawler: spotify-crawl 
[2023-01-28T16:01:17.633+0000] {glue_crawler.py:189} INFO - State: STOPPING
[2023-01-28T16:01:17.673+0000] {glue_crawler.py:197} INFO - Estimated Time Left (seconds): 15
[2023-01-28T16:01:22.729+0000] {glue_crawler.py:188} INFO - Polling for AWS Glue crawler: spotify-crawl 
[2023-01-28T16:01:22.730+0000] {glue_crawler.py:189} INFO - State: STOPPING
[2023-01-28T16:01:22.766+0000] {glue_crawler.py:197} INFO - Estimated Time Left (seconds): 15
[2023-01-28T16:01:27.804+0000] {glue_crawler.py:188} INFO - Polling for AWS Glue crawler: spotify-crawl 
[2023-01-28T16:01:27.804+0000] {glue_crawler.py:189} INFO - State: STOPPING
[2023-01-28T16:01:27.843+0000] {glue_crawler.py:197} INFO - Estimated Time Left (seconds): 15
[2023-01-28T16:01:32.884+0000] {glue_crawler.py:188} INFO - Polling for AWS Glue crawler: spotify-crawl 
[2023-01-28T16:01:32.885+0000] {glue_crawler.py:189} INFO - State: STOPPING
[2023-01-28T16:01:32.922+0000] {glue_crawler.py:197} INFO - Estimated Time Left (seconds): 15
[2023-01-28T16:01:37.972+0000] {glue_crawler.py:188} INFO - Polling for AWS Glue crawler: spotify-crawl 
[2023-01-28T16:01:37.973+0000] {glue_crawler.py:189} INFO - State: STOPPING
[2023-01-28T16:01:37.998+0000] {glue_crawler.py:197} INFO - Estimated Time Left (seconds): 15
[2023-01-28T16:01:43.057+0000] {glue_crawler.py:188} INFO - Polling for AWS Glue crawler: spotify-crawl 
[2023-01-28T16:01:43.057+0000] {glue_crawler.py:189} INFO - State: STOPPING
[2023-01-28T16:01:43.104+0000] {glue_crawler.py:197} INFO - Estimated Time Left (seconds): 15
[2023-01-28T16:01:48.167+0000] {glue_crawler.py:188} INFO - Polling for AWS Glue crawler: spotify-crawl 
[2023-01-28T16:01:48.168+0000] {glue_crawler.py:189} INFO - State: STOPPING
[2023-01-28T16:01:48.212+0000] {glue_crawler.py:197} INFO - Estimated Time Left (seconds): 15
[2023-01-28T16:01:53.252+0000] {glue_crawler.py:188} INFO - Polling for AWS Glue crawler: spotify-crawl 
[2023-01-28T16:01:53.252+0000] {glue_crawler.py:189} INFO - State: STOPPING
[2023-01-28T16:01:53.277+0000] {glue_crawler.py:197} INFO - Estimated Time Left (seconds): 15
[2023-01-28T16:01:58.315+0000] {glue_crawler.py:188} INFO - Polling for AWS Glue crawler: spotify-crawl 
[2023-01-28T16:01:58.315+0000] {glue_crawler.py:189} INFO - State: STOPPING
[2023-01-28T16:01:58.353+0000] {glue_crawler.py:197} INFO - Estimated Time Left (seconds): 15
[2023-01-28T16:02:03.419+0000] {glue_crawler.py:188} INFO - Polling for AWS Glue crawler: spotify-crawl 
[2023-01-28T16:02:03.419+0000] {glue_crawler.py:189} INFO - State: STOPPING
[2023-01-28T16:02:03.454+0000] {glue_crawler.py:197} INFO - Estimated Time Left (seconds): 15
[2023-01-28T16:02:08.510+0000] {glue_crawler.py:188} INFO - Polling for AWS Glue crawler: spotify-crawl 
[2023-01-28T16:02:08.511+0000] {glue_crawler.py:189} INFO - State: STOPPING
[2023-01-28T16:02:08.546+0000] {glue_crawler.py:197} INFO - Estimated Time Left (seconds): 15
[2023-01-28T16:02:13.588+0000] {glue_crawler.py:188} INFO - Polling for AWS Glue crawler: spotify-crawl 
[2023-01-28T16:02:13.588+0000] {glue_crawler.py:189} INFO - State: STOPPING
[2023-01-28T16:02:13.612+0000] {glue_crawler.py:197} INFO - Estimated Time Left (seconds): 15
[2023-01-28T16:02:18.667+0000] {glue_crawler.py:188} INFO - Polling for AWS Glue crawler: spotify-crawl 
[2023-01-28T16:02:18.667+0000] {glue_crawler.py:189} INFO - State: STOPPING
[2023-01-28T16:02:18.697+0000] {glue_crawler.py:197} INFO - Estimated Time Left (seconds): 15
[2023-01-28T16:02:23.761+0000] {glue_crawler.py:188} INFO - Polling for AWS Glue crawler: spotify-crawl 
[2023-01-28T16:02:23.762+0000] {glue_crawler.py:189} INFO - State: STOPPING
[2023-01-28T16:02:23.801+0000] {glue_crawler.py:197} INFO - Estimated Time Left (seconds): 15
[2023-01-28T16:02:28.866+0000] {glue_crawler.py:188} INFO - Polling for AWS Glue crawler: spotify-crawl 
[2023-01-28T16:02:28.866+0000] {glue_crawler.py:189} INFO - State: STOPPING
[2023-01-28T16:02:28.895+0000] {glue_crawler.py:197} INFO - Estimated Time Left (seconds): 15
[2023-01-28T16:02:33.945+0000] {glue_crawler.py:188} INFO - Polling for AWS Glue crawler: spotify-crawl 
[2023-01-28T16:02:33.945+0000] {glue_crawler.py:189} INFO - State: STOPPING
[2023-01-28T16:02:33.989+0000] {glue_crawler.py:197} INFO - Estimated Time Left (seconds): 15
[2023-01-28T16:02:39.023+0000] {glue_crawler.py:170} INFO - State: READY
[2023-01-28T16:02:39.023+0000] {glue_crawler.py:171} INFO - crawler_config: {'Name': 'spotify-crawl', 'Role': 'service-role/AWSGlueServiceRole-crawlerclass', 'Targets': {'S3Targets': [{'Path': 's3://airflow-nk/logs', 'Exclusions': []}], 'JdbcTargets': [], 'MongoDBTargets': [], 'DynamoDBTargets': [], 'CatalogTargets': [], 'DeltaTargets': []}, 'DatabaseName': 'spotify', 'Classifiers': [], 'RecrawlPolicy': {'RecrawlBehavior': 'CRAWL_EVERYTHING'}, 'SchemaChangePolicy': {'UpdateBehavior': 'LOG', 'DeleteBehavior': 'LOG'}, 'LineageConfiguration': {'CrawlerLineageSettings': 'DISABLE'}, 'State': 'READY', 'CrawlElapsedTime': 0, 'CreationTime': datetime.datetime(2022, 10, 4, 6, 4, 16, tzinfo=tzlocal()), 'LastUpdated': datetime.datetime(2023, 1, 25, 11, 32, 11, tzinfo=tzlocal()), 'LastCrawl': {'Status': 'SUCCEEDED', 'LogGroup': '/aws-glue/crawlers', 'LogStream': 'spotify-crawl', 'MessagePrefix': '05177512-8da1-43b5-b276-76ee78423fb6', 'StartTime': datetime.datetime(2023, 1, 28, 16, 0, 15, tzinfo=tzlocal())}, 'Version': 18, 'LakeFormationConfiguration': {'UseLakeFormationCredentials': False, 'AccountId': ''}}
[2023-01-28T16:02:39.052+0000] {glue_crawler.py:178} INFO - Status: SUCCEEDED
[2023-01-28T16:02:39.053+0000] {glue_crawler.py:179} INFO - Last Runtime Duration (seconds): 49.824
[2023-01-28T16:02:39.053+0000] {glue_crawler.py:180} INFO - Median Runtime Duration (seconds): 54.1115
[2023-01-28T16:02:39.053+0000] {glue_crawler.py:181} INFO - Tables Created: 0
[2023-01-28T16:02:39.053+0000] {glue_crawler.py:182} INFO - Tables Updated: 0
[2023-01-28T16:02:39.053+0000] {glue_crawler.py:183} INFO - Tables Deleted: 0
[2023-01-28T16:02:39.066+0000] {taskinstance.py:1401} INFO - Marking task as SUCCESS. dag_id=spotify_dag, task_id=crawl_s3, execution_date=20230128T140000, start_date=20230128T160014, end_date=20230128T160239
[2023-01-28T16:02:39.100+0000] {local_task_job.py:164} INFO - Task exited with return code 0
[2023-01-28T16:02:39.121+0000] {local_task_job.py:273} INFO - 1 downstream tasks scheduled from follow-on schedule check
