[2023-01-27T08:02:46.553+0000] {taskinstance.py:1165} INFO - Dependencies all met for <TaskInstance: spotify_dag.glue_job scheduled__2023-01-27T06:00:00+00:00 [queued]>
[2023-01-27T08:02:46.559+0000] {taskinstance.py:1165} INFO - Dependencies all met for <TaskInstance: spotify_dag.glue_job scheduled__2023-01-27T06:00:00+00:00 [queued]>
[2023-01-27T08:02:46.559+0000] {taskinstance.py:1362} INFO - 
--------------------------------------------------------------------------------
[2023-01-27T08:02:46.559+0000] {taskinstance.py:1363} INFO - Starting attempt 1 of 2
[2023-01-27T08:02:46.559+0000] {taskinstance.py:1364} INFO - 
--------------------------------------------------------------------------------
[2023-01-27T08:02:46.574+0000] {taskinstance.py:1383} INFO - Executing <Task(PythonOperator): glue_job> on 2023-01-27 06:00:00+00:00
[2023-01-27T08:02:46.577+0000] {standard_task_runner.py:55} INFO - Started process 7723 to run task
[2023-01-27T08:02:46.580+0000] {standard_task_runner.py:82} INFO - Running: ['airflow', 'tasks', 'run', 'spotify_dag', 'glue_job', 'scheduled__2023-01-27T06:00:00+00:00', '--job-id', '400', '--raw', '--subdir', 'DAGS_FOLDER/airflow_dags.py', '--cfg-path', '/tmp/tmpaji3_6o8']
[2023-01-27T08:02:46.582+0000] {standard_task_runner.py:83} INFO - Job 400: Subtask glue_job
[2023-01-27T08:02:46.623+0000] {task_command.py:376} INFO - Running <TaskInstance: spotify_dag.glue_job scheduled__2023-01-27T06:00:00+00:00 [running]> on host ip-172-31-26-59.ap-northeast-2.compute.internal
[2023-01-27T08:02:46.672+0000] {taskinstance.py:1590} INFO - Exporting the following env vars:
AIRFLOW_CTX_DAG_EMAIL=nywkim@example.com
AIRFLOW_CTX_DAG_OWNER=airflow
AIRFLOW_CTX_DAG_ID=spotify_dag
AIRFLOW_CTX_TASK_ID=glue_job
AIRFLOW_CTX_EXECUTION_DATE=2023-01-27T06:00:00+00:00
AIRFLOW_CTX_TRY_NUMBER=1
AIRFLOW_CTX_DAG_RUN_ID=scheduled__2023-01-27T06:00:00+00:00
[2023-01-27T08:02:46.691+0000] {credentials.py:1048} INFO - Found credentials from IAM Role: EC2_S3_Af
[2023-01-27T08:02:47.083+0000] {logging_mixin.py:120} INFO - {'JobRunId': 'jr_37c19cf120691cd3792db99a094484a081286a5cb6d4fe0247b5b9fb075c4356', 'ResponseMetadata': {'RequestId': 'f98d153a-164b-4a05-ad08-56b784cfbe9c', 'HTTPStatusCode': 200, 'HTTPHeaders': {'date': 'Fri, 27 Jan 2023 08:02:47 GMT', 'content-type': 'application/x-amz-json-1.1', 'content-length': '82', 'connection': 'keep-alive', 'x-amzn-requestid': 'f98d153a-164b-4a05-ad08-56b784cfbe9c'}, 'RetryAttempts': 0}}
[2023-01-27T08:02:47.084+0000] {python.py:177} INFO - Done. Returned value was: None
[2023-01-27T08:02:47.089+0000] {taskinstance.py:1401} INFO - Marking task as SUCCESS. dag_id=spotify_dag, task_id=glue_job, execution_date=20230127T060000, start_date=20230127T080246, end_date=20230127T080247
[2023-01-27T08:02:47.113+0000] {local_task_job.py:164} INFO - Task exited with return code 0
[2023-01-27T08:02:47.123+0000] {local_task_job.py:273} INFO - 0 downstream tasks scheduled from follow-on schedule check
