[2023-01-25T12:00:09.383+0000] {taskinstance.py:1165} INFO - Dependencies all met for <TaskInstance: spotify_dag.crawl_s3 scheduled__2023-01-25T10:00:00+00:00 [queued]>
[2023-01-25T12:00:09.389+0000] {taskinstance.py:1165} INFO - Dependencies all met for <TaskInstance: spotify_dag.crawl_s3 scheduled__2023-01-25T10:00:00+00:00 [queued]>
[2023-01-25T12:00:09.390+0000] {taskinstance.py:1362} INFO - 
--------------------------------------------------------------------------------
[2023-01-25T12:00:09.390+0000] {taskinstance.py:1363} INFO - Starting attempt 1 of 2
[2023-01-25T12:00:09.390+0000] {taskinstance.py:1364} INFO - 
--------------------------------------------------------------------------------
[2023-01-25T12:00:09.402+0000] {taskinstance.py:1383} INFO - Executing <Task(GlueCrawlerOperator): crawl_s3> on 2023-01-25 10:00:00+00:00
[2023-01-25T12:00:09.405+0000] {standard_task_runner.py:55} INFO - Started process 27956 to run task
[2023-01-25T12:00:09.409+0000] {standard_task_runner.py:82} INFO - Running: ['airflow', 'tasks', 'run', 'spotify_dag', 'crawl_s3', 'scheduled__2023-01-25T10:00:00+00:00', '--job-id', '358', '--raw', '--subdir', 'DAGS_FOLDER/airflow_dags.py', '--cfg-path', '/tmp/tmpdiyycc1r']
[2023-01-25T12:00:09.411+0000] {standard_task_runner.py:83} INFO - Job 358: Subtask crawl_s3
[2023-01-25T12:00:09.449+0000] {task_command.py:376} INFO - Running <TaskInstance: spotify_dag.crawl_s3 scheduled__2023-01-25T10:00:00+00:00 [running]> on host ip-172-31-26-59.ap-northeast-2.compute.internal
[2023-01-25T12:00:09.491+0000] {taskinstance.py:1590} INFO - Exporting the following env vars:
AIRFLOW_CTX_DAG_EMAIL=nywkim@example.com
AIRFLOW_CTX_DAG_OWNER=airflow
AIRFLOW_CTX_DAG_ID=spotify_dag
AIRFLOW_CTX_TASK_ID=crawl_s3
AIRFLOW_CTX_EXECUTION_DATE=2023-01-25T10:00:00+00:00
AIRFLOW_CTX_TRY_NUMBER=1
AIRFLOW_CTX_DAG_RUN_ID=scheduled__2023-01-25T10:00:00+00:00
[2023-01-25T12:00:09.492+0000] {glue_crawler.py:55} INFO - Checking if crawler already exists: spotify-crawl
[2023-01-25T12:00:09.496+0000] {base.py:71} INFO - Using connection ID 'aws_default' for task execution.
[2023-01-25T12:00:09.496+0000] {connection_wrapper.py:334} INFO - AWS Connection (conn_id='aws_default', conn_type='aws') credentials retrieved from login and password.
[2023-01-25T12:00:10.166+0000] {base.py:71} INFO - Using connection ID 'aws_default' for task execution.
[2023-01-25T12:00:10.167+0000] {connection_wrapper.py:334} INFO - AWS Connection (conn_id='aws_default', conn_type='aws') credentials retrieved from login and password.
[2023-01-25T12:00:10.463+0000] {glue_crawler.py:82} INFO - Triggering AWS Glue Crawler
[2023-01-25T12:00:10.463+0000] {glue_crawler.py:151} INFO - Starting crawler spotify-crawl
[2023-01-25T12:00:13.756+0000] {glue_crawler.py:85} INFO - Waiting for AWS Glue Crawler
[2023-01-25T12:00:13.821+0000] {glue_crawler.py:188} INFO - Polling for AWS Glue crawler: spotify-crawl 
[2023-01-25T12:00:13.821+0000] {glue_crawler.py:189} INFO - State: RUNNING
[2023-01-25T12:00:13.871+0000] {glue_crawler.py:199} INFO - Crawler should finish soon
[2023-01-25T12:00:18.931+0000] {glue_crawler.py:188} INFO - Polling for AWS Glue crawler: spotify-crawl 
[2023-01-25T12:00:18.932+0000] {glue_crawler.py:189} INFO - State: RUNNING
[2023-01-25T12:00:18.977+0000] {glue_crawler.py:199} INFO - Crawler should finish soon
[2023-01-25T12:00:24.043+0000] {glue_crawler.py:188} INFO - Polling for AWS Glue crawler: spotify-crawl 
[2023-01-25T12:00:24.043+0000] {glue_crawler.py:189} INFO - State: RUNNING
[2023-01-25T12:00:24.088+0000] {glue_crawler.py:199} INFO - Crawler should finish soon
[2023-01-25T12:00:29.151+0000] {glue_crawler.py:188} INFO - Polling for AWS Glue crawler: spotify-crawl 
[2023-01-25T12:00:29.151+0000] {glue_crawler.py:189} INFO - State: RUNNING
[2023-01-25T12:00:29.195+0000] {glue_crawler.py:199} INFO - Crawler should finish soon
[2023-01-25T12:00:34.233+0000] {glue_crawler.py:188} INFO - Polling for AWS Glue crawler: spotify-crawl 
[2023-01-25T12:00:34.233+0000] {glue_crawler.py:189} INFO - State: RUNNING
[2023-01-25T12:00:34.276+0000] {glue_crawler.py:197} INFO - Estimated Time Left (seconds): 15
[2023-01-25T12:00:39.331+0000] {glue_crawler.py:188} INFO - Polling for AWS Glue crawler: spotify-crawl 
[2023-01-25T12:00:39.332+0000] {glue_crawler.py:189} INFO - State: RUNNING
[2023-01-25T12:00:39.377+0000] {glue_crawler.py:197} INFO - Estimated Time Left (seconds): 15
[2023-01-25T12:00:44.415+0000] {glue_crawler.py:188} INFO - Polling for AWS Glue crawler: spotify-crawl 
[2023-01-25T12:00:44.415+0000] {glue_crawler.py:189} INFO - State: RUNNING
[2023-01-25T12:00:44.443+0000] {glue_crawler.py:197} INFO - Estimated Time Left (seconds): 15
[2023-01-25T12:00:49.497+0000] {glue_crawler.py:188} INFO - Polling for AWS Glue crawler: spotify-crawl 
[2023-01-25T12:00:49.497+0000] {glue_crawler.py:189} INFO - State: RUNNING
[2023-01-25T12:00:49.526+0000] {glue_crawler.py:197} INFO - Estimated Time Left (seconds): 15
[2023-01-25T12:00:54.591+0000] {glue_crawler.py:188} INFO - Polling for AWS Glue crawler: spotify-crawl 
[2023-01-25T12:00:54.591+0000] {glue_crawler.py:189} INFO - State: RUNNING
[2023-01-25T12:00:54.628+0000] {glue_crawler.py:197} INFO - Estimated Time Left (seconds): 15
[2023-01-25T12:00:59.673+0000] {glue_crawler.py:188} INFO - Polling for AWS Glue crawler: spotify-crawl 
[2023-01-25T12:00:59.673+0000] {glue_crawler.py:189} INFO - State: RUNNING
[2023-01-25T12:00:59.723+0000] {glue_crawler.py:197} INFO - Estimated Time Left (seconds): 15
[2023-01-25T12:01:04.784+0000] {glue_crawler.py:188} INFO - Polling for AWS Glue crawler: spotify-crawl 
[2023-01-25T12:01:04.784+0000] {glue_crawler.py:189} INFO - State: STOPPING
[2023-01-25T12:01:04.820+0000] {glue_crawler.py:197} INFO - Estimated Time Left (seconds): 15
[2023-01-25T12:01:09.873+0000] {glue_crawler.py:188} INFO - Polling for AWS Glue crawler: spotify-crawl 
[2023-01-25T12:01:09.874+0000] {glue_crawler.py:189} INFO - State: STOPPING
[2023-01-25T12:01:09.901+0000] {glue_crawler.py:197} INFO - Estimated Time Left (seconds): 15
[2023-01-25T12:01:14.933+0000] {glue_crawler.py:188} INFO - Polling for AWS Glue crawler: spotify-crawl 
[2023-01-25T12:01:14.934+0000] {glue_crawler.py:189} INFO - State: STOPPING
[2023-01-25T12:01:14.963+0000] {glue_crawler.py:197} INFO - Estimated Time Left (seconds): 15
[2023-01-25T12:01:20.012+0000] {glue_crawler.py:188} INFO - Polling for AWS Glue crawler: spotify-crawl 
[2023-01-25T12:01:20.014+0000] {glue_crawler.py:189} INFO - State: STOPPING
[2023-01-25T12:01:20.051+0000] {glue_crawler.py:197} INFO - Estimated Time Left (seconds): 15
[2023-01-25T12:01:25.110+0000] {glue_crawler.py:188} INFO - Polling for AWS Glue crawler: spotify-crawl 
[2023-01-25T12:01:25.110+0000] {glue_crawler.py:189} INFO - State: STOPPING
[2023-01-25T12:01:25.136+0000] {glue_crawler.py:197} INFO - Estimated Time Left (seconds): 15
[2023-01-25T12:01:30.168+0000] {glue_crawler.py:188} INFO - Polling for AWS Glue crawler: spotify-crawl 
[2023-01-25T12:01:30.168+0000] {glue_crawler.py:189} INFO - State: STOPPING
[2023-01-25T12:01:30.212+0000] {glue_crawler.py:197} INFO - Estimated Time Left (seconds): 15
[2023-01-25T12:01:35.249+0000] {glue_crawler.py:188} INFO - Polling for AWS Glue crawler: spotify-crawl 
[2023-01-25T12:01:35.249+0000] {glue_crawler.py:189} INFO - State: STOPPING
[2023-01-25T12:01:35.290+0000] {glue_crawler.py:197} INFO - Estimated Time Left (seconds): 15
[2023-01-25T12:01:40.354+0000] {glue_crawler.py:188} INFO - Polling for AWS Glue crawler: spotify-crawl 
[2023-01-25T12:01:40.354+0000] {glue_crawler.py:189} INFO - State: STOPPING
[2023-01-25T12:01:40.397+0000] {glue_crawler.py:197} INFO - Estimated Time Left (seconds): 15
[2023-01-25T12:01:45.451+0000] {glue_crawler.py:188} INFO - Polling for AWS Glue crawler: spotify-crawl 
[2023-01-25T12:01:45.451+0000] {glue_crawler.py:189} INFO - State: STOPPING
[2023-01-25T12:01:45.486+0000] {glue_crawler.py:197} INFO - Estimated Time Left (seconds): 15
[2023-01-25T12:01:50.529+0000] {glue_crawler.py:188} INFO - Polling for AWS Glue crawler: spotify-crawl 
[2023-01-25T12:01:50.529+0000] {glue_crawler.py:189} INFO - State: STOPPING
[2023-01-25T12:01:50.573+0000] {glue_crawler.py:197} INFO - Estimated Time Left (seconds): 15
[2023-01-25T12:01:55.633+0000] {glue_crawler.py:188} INFO - Polling for AWS Glue crawler: spotify-crawl 
[2023-01-25T12:01:55.634+0000] {glue_crawler.py:189} INFO - State: STOPPING
[2023-01-25T12:01:55.673+0000] {glue_crawler.py:197} INFO - Estimated Time Left (seconds): 15
[2023-01-25T12:02:00.731+0000] {glue_crawler.py:188} INFO - Polling for AWS Glue crawler: spotify-crawl 
[2023-01-25T12:02:00.731+0000] {glue_crawler.py:189} INFO - State: STOPPING
[2023-01-25T12:02:00.756+0000] {glue_crawler.py:197} INFO - Estimated Time Left (seconds): 15
[2023-01-25T12:02:05.809+0000] {glue_crawler.py:188} INFO - Polling for AWS Glue crawler: spotify-crawl 
[2023-01-25T12:02:05.809+0000] {glue_crawler.py:189} INFO - State: STOPPING
[2023-01-25T12:02:05.835+0000] {glue_crawler.py:197} INFO - Estimated Time Left (seconds): 15
[2023-01-25T12:02:10.893+0000] {glue_crawler.py:188} INFO - Polling for AWS Glue crawler: spotify-crawl 
[2023-01-25T12:02:10.893+0000] {glue_crawler.py:189} INFO - State: STOPPING
[2023-01-25T12:02:10.930+0000] {glue_crawler.py:197} INFO - Estimated Time Left (seconds): 15
[2023-01-25T12:02:15.967+0000] {glue_crawler.py:188} INFO - Polling for AWS Glue crawler: spotify-crawl 
[2023-01-25T12:02:15.967+0000] {glue_crawler.py:189} INFO - State: STOPPING
[2023-01-25T12:02:15.995+0000] {glue_crawler.py:197} INFO - Estimated Time Left (seconds): 15
[2023-01-25T12:02:21.038+0000] {glue_crawler.py:188} INFO - Polling for AWS Glue crawler: spotify-crawl 
[2023-01-25T12:02:21.038+0000] {glue_crawler.py:189} INFO - State: STOPPING
[2023-01-25T12:02:21.073+0000] {glue_crawler.py:197} INFO - Estimated Time Left (seconds): 15
[2023-01-25T12:02:26.124+0000] {glue_crawler.py:188} INFO - Polling for AWS Glue crawler: spotify-crawl 
[2023-01-25T12:02:26.124+0000] {glue_crawler.py:189} INFO - State: STOPPING
[2023-01-25T12:02:26.158+0000] {glue_crawler.py:197} INFO - Estimated Time Left (seconds): 15
[2023-01-25T12:02:31.225+0000] {glue_crawler.py:188} INFO - Polling for AWS Glue crawler: spotify-crawl 
[2023-01-25T12:02:31.225+0000] {glue_crawler.py:189} INFO - State: STOPPING
[2023-01-25T12:02:31.266+0000] {glue_crawler.py:197} INFO - Estimated Time Left (seconds): 15
[2023-01-25T12:02:36.297+0000] {glue_crawler.py:170} INFO - State: READY
[2023-01-25T12:02:36.297+0000] {glue_crawler.py:171} INFO - crawler_config: {'Name': 'spotify-crawl', 'Role': 'service-role/AWSGlueServiceRole-crawlerclass', 'Targets': {'S3Targets': [{'Path': 's3://airflow-nk/logs', 'Exclusions': []}], 'JdbcTargets': [], 'MongoDBTargets': [], 'DynamoDBTargets': [], 'CatalogTargets': [], 'DeltaTargets': []}, 'DatabaseName': 'spotify', 'Classifiers': [], 'RecrawlPolicy': {'RecrawlBehavior': 'CRAWL_EVERYTHING'}, 'SchemaChangePolicy': {'UpdateBehavior': 'LOG', 'DeleteBehavior': 'LOG'}, 'LineageConfiguration': {'CrawlerLineageSettings': 'DISABLE'}, 'State': 'READY', 'CrawlElapsedTime': 0, 'CreationTime': datetime.datetime(2022, 10, 4, 6, 4, 16, tzinfo=tzlocal()), 'LastUpdated': datetime.datetime(2023, 1, 25, 11, 32, 11, tzinfo=tzlocal()), 'LastCrawl': {'Status': 'SUCCEEDED', 'LogGroup': '/aws-glue/crawlers', 'LogStream': 'spotify-crawl', 'MessagePrefix': '8da212d6-a6d3-4335-98ff-e4076e60cb14', 'StartTime': datetime.datetime(2023, 1, 25, 12, 0, 10, tzinfo=tzlocal())}, 'Version': 18, 'LakeFormationConfiguration': {'UseLakeFormationCredentials': False, 'AccountId': ''}}
[2023-01-25T12:02:36.324+0000] {glue_crawler.py:178} INFO - Status: SUCCEEDED
[2023-01-25T12:02:36.324+0000] {glue_crawler.py:179} INFO - Last Runtime Duration (seconds): 49.658
[2023-01-25T12:02:36.324+0000] {glue_crawler.py:180} INFO - Median Runtime Duration (seconds): 50.450500000000005
[2023-01-25T12:02:36.324+0000] {glue_crawler.py:181} INFO - Tables Created: 0
[2023-01-25T12:02:36.325+0000] {glue_crawler.py:182} INFO - Tables Updated: 0
[2023-01-25T12:02:36.325+0000] {glue_crawler.py:183} INFO - Tables Deleted: 0
[2023-01-25T12:02:36.340+0000] {taskinstance.py:1401} INFO - Marking task as SUCCESS. dag_id=spotify_dag, task_id=crawl_s3, execution_date=20230125T100000, start_date=20230125T120009, end_date=20230125T120236
[2023-01-25T12:02:36.370+0000] {local_task_job.py:164} INFO - Task exited with return code 0
[2023-01-25T12:02:36.388+0000] {local_task_job.py:273} INFO - 1 downstream tasks scheduled from follow-on schedule check
