[2023-01-25T12:02:39.126+0000] {taskinstance.py:1165} INFO - Dependencies all met for <TaskInstance: spotify_dag.glue_job scheduled__2023-01-25T10:00:00+00:00 [queued]>
[2023-01-25T12:02:39.133+0000] {taskinstance.py:1165} INFO - Dependencies all met for <TaskInstance: spotify_dag.glue_job scheduled__2023-01-25T10:00:00+00:00 [queued]>
[2023-01-25T12:02:39.133+0000] {taskinstance.py:1362} INFO - 
--------------------------------------------------------------------------------
[2023-01-25T12:02:39.133+0000] {taskinstance.py:1363} INFO - Starting attempt 1 of 2
[2023-01-25T12:02:39.133+0000] {taskinstance.py:1364} INFO - 
--------------------------------------------------------------------------------
[2023-01-25T12:02:39.145+0000] {taskinstance.py:1383} INFO - Executing <Task(PythonOperator): glue_job> on 2023-01-25 10:00:00+00:00
[2023-01-25T12:02:39.148+0000] {standard_task_runner.py:55} INFO - Started process 27965 to run task
[2023-01-25T12:02:39.152+0000] {standard_task_runner.py:82} INFO - Running: ['airflow', 'tasks', 'run', 'spotify_dag', 'glue_job', 'scheduled__2023-01-25T10:00:00+00:00', '--job-id', '359', '--raw', '--subdir', 'DAGS_FOLDER/airflow_dags.py', '--cfg-path', '/tmp/tmpmvql7xgf']
[2023-01-25T12:02:39.153+0000] {standard_task_runner.py:83} INFO - Job 359: Subtask glue_job
[2023-01-25T12:02:39.192+0000] {task_command.py:376} INFO - Running <TaskInstance: spotify_dag.glue_job scheduled__2023-01-25T10:00:00+00:00 [running]> on host ip-172-31-26-59.ap-northeast-2.compute.internal
[2023-01-25T12:02:39.234+0000] {taskinstance.py:1590} INFO - Exporting the following env vars:
AIRFLOW_CTX_DAG_EMAIL=nywkim@example.com
AIRFLOW_CTX_DAG_OWNER=airflow
AIRFLOW_CTX_DAG_ID=spotify_dag
AIRFLOW_CTX_TASK_ID=glue_job
AIRFLOW_CTX_EXECUTION_DATE=2023-01-25T10:00:00+00:00
AIRFLOW_CTX_TRY_NUMBER=1
AIRFLOW_CTX_DAG_RUN_ID=scheduled__2023-01-25T10:00:00+00:00
[2023-01-25T12:02:39.255+0000] {credentials.py:1048} INFO - Found credentials from IAM Role: EC2_S3_Af
[2023-01-25T12:02:39.673+0000] {logging_mixin.py:120} INFO - {'JobRunId': 'jr_08e4b62beffe675634caccb6ea19e9df252dd8c136f44eb528efb879a9d155ed', 'ResponseMetadata': {'RequestId': 'b328b66b-6995-438b-a585-89100472a195', 'HTTPStatusCode': 200, 'HTTPHeaders': {'date': 'Wed, 25 Jan 2023 12:02:39 GMT', 'content-type': 'application/x-amz-json-1.1', 'content-length': '82', 'connection': 'keep-alive', 'x-amzn-requestid': 'b328b66b-6995-438b-a585-89100472a195'}, 'RetryAttempts': 0}}
[2023-01-25T12:02:39.674+0000] {python.py:177} INFO - Done. Returned value was: None
[2023-01-25T12:02:39.678+0000] {taskinstance.py:1401} INFO - Marking task as SUCCESS. dag_id=spotify_dag, task_id=glue_job, execution_date=20230125T100000, start_date=20230125T120239, end_date=20230125T120239
[2023-01-25T12:02:39.724+0000] {local_task_job.py:164} INFO - Task exited with return code 0
[2023-01-25T12:02:39.735+0000] {local_task_job.py:273} INFO - 0 downstream tasks scheduled from follow-on schedule check
