[2023-01-24T18:56:07.183+0000] {taskinstance.py:1165} INFO - Dependencies all met for <TaskInstance: spotify_dag.glue_job manual__2023-01-24T18:52:44.081135+00:00 [queued]>
[2023-01-24T18:56:07.189+0000] {taskinstance.py:1165} INFO - Dependencies all met for <TaskInstance: spotify_dag.glue_job manual__2023-01-24T18:52:44.081135+00:00 [queued]>
[2023-01-24T18:56:07.189+0000] {taskinstance.py:1362} INFO - 
--------------------------------------------------------------------------------
[2023-01-24T18:56:07.189+0000] {taskinstance.py:1363} INFO - Starting attempt 2 of 2
[2023-01-24T18:56:07.189+0000] {taskinstance.py:1364} INFO - 
--------------------------------------------------------------------------------
[2023-01-24T18:56:07.204+0000] {taskinstance.py:1383} INFO - Executing <Task(GlueJobOperator): glue_job> on 2023-01-24 18:52:44.081135+00:00
[2023-01-24T18:56:07.207+0000] {standard_task_runner.py:55} INFO - Started process 1437 to run task
[2023-01-24T18:56:07.211+0000] {standard_task_runner.py:82} INFO - Running: ['airflow', 'tasks', 'run', 'spotify_dag', 'glue_job', 'manual__2023-01-24T18:52:44.081135+00:00', '--job-id', '296', '--raw', '--subdir', 'DAGS_FOLDER/airflow_dags.py', '--cfg-path', '/tmp/tmpbwy44q04']
[2023-01-24T18:56:07.213+0000] {standard_task_runner.py:83} INFO - Job 296: Subtask glue_job
[2023-01-24T18:56:07.253+0000] {task_command.py:376} INFO - Running <TaskInstance: spotify_dag.glue_job manual__2023-01-24T18:52:44.081135+00:00 [running]> on host ip-172-31-26-59.ap-northeast-2.compute.internal
[2023-01-24T18:56:07.297+0000] {taskinstance.py:1590} INFO - Exporting the following env vars:
AIRFLOW_CTX_DAG_EMAIL=nywkim@example.com
AIRFLOW_CTX_DAG_OWNER=airflow
AIRFLOW_CTX_DAG_ID=spotify_dag
AIRFLOW_CTX_TASK_ID=glue_job
AIRFLOW_CTX_EXECUTION_DATE=2023-01-24T18:52:44.081135+00:00
AIRFLOW_CTX_TRY_NUMBER=2
AIRFLOW_CTX_DAG_RUN_ID=manual__2023-01-24T18:52:44.081135+00:00
[2023-01-24T18:56:07.298+0000] {glue.py:141} INFO - Initializing AWS Glue Job: SpotifyGlueJob. Wait for completion: True
[2023-01-24T18:56:07.298+0000] {glue.py:158} ERROR - Failed to run aws glue job, error: Could not initialize glue job, error: Specify Parameter `s3_bucket`
[2023-01-24T18:56:07.299+0000] {taskinstance.py:1851} ERROR - Task failed with exception
Traceback (most recent call last):
  File "/usr/local/lib/python3.10/dist-packages/airflow/providers/amazon/aws/operators/glue.py", line 146, in execute
    glue_job_run = glue_job.initialize_job(self.script_args, self.run_job_kwargs)
  File "/usr/local/lib/python3.10/dist-packages/airflow/providers/amazon/aws/hooks/glue.py", line 155, in initialize_job
    job_name = self.create_or_update_glue_job()
  File "/usr/local/lib/python3.10/dist-packages/airflow/providers/amazon/aws/hooks/glue.py", line 300, in create_or_update_glue_job
    config = self.create_glue_job_config()
  File "/usr/local/lib/python3.10/dist-packages/airflow/providers/amazon/aws/hooks/glue.py", line 97, in create_glue_job_config
    raise ValueError("Could not initialize glue job, error: Specify Parameter `s3_bucket`")
ValueError: Could not initialize glue job, error: Specify Parameter `s3_bucket`
[2023-01-24T18:56:07.301+0000] {taskinstance.py:1401} INFO - Marking task as FAILED. dag_id=spotify_dag, task_id=glue_job, execution_date=20230124T185244, start_date=20230124T185607, end_date=20230124T185607
[2023-01-24T18:56:07.314+0000] {standard_task_runner.py:100} ERROR - Failed to execute job 296 for task glue_job (Could not initialize glue job, error: Specify Parameter `s3_bucket`; 1437)
[2023-01-24T18:56:07.342+0000] {local_task_job.py:164} INFO - Task exited with return code 1
[2023-01-24T18:56:07.353+0000] {local_task_job.py:273} INFO - 0 downstream tasks scheduled from follow-on schedule check
