[2023-01-29T16:00:16.243+0000] {taskinstance.py:1165} INFO - Dependencies all met for <TaskInstance: spotify_dag.crawl_s3 scheduled__2023-01-29T14:00:00+00:00 [queued]>
[2023-01-29T16:00:16.249+0000] {taskinstance.py:1165} INFO - Dependencies all met for <TaskInstance: spotify_dag.crawl_s3 scheduled__2023-01-29T14:00:00+00:00 [queued]>
[2023-01-29T16:00:16.249+0000] {taskinstance.py:1362} INFO - 
--------------------------------------------------------------------------------
[2023-01-29T16:00:16.249+0000] {taskinstance.py:1363} INFO - Starting attempt 1 of 2
[2023-01-29T16:00:16.249+0000] {taskinstance.py:1364} INFO - 
--------------------------------------------------------------------------------
[2023-01-29T16:00:16.264+0000] {taskinstance.py:1383} INFO - Executing <Task(GlueCrawlerOperator): crawl_s3> on 2023-01-29 14:00:00+00:00
[2023-01-29T16:00:16.267+0000] {standard_task_runner.py:55} INFO - Started process 39271 to run task
[2023-01-29T16:00:16.270+0000] {standard_task_runner.py:82} INFO - Running: ['airflow', 'tasks', 'run', 'spotify_dag', 'crawl_s3', 'scheduled__2023-01-29T14:00:00+00:00', '--job-id', '451', '--raw', '--subdir', 'DAGS_FOLDER/airflow_dags.py', '--cfg-path', '/tmp/tmpfasxc9fh']
[2023-01-29T16:00:16.272+0000] {standard_task_runner.py:83} INFO - Job 451: Subtask crawl_s3
[2023-01-29T16:00:16.313+0000] {task_command.py:376} INFO - Running <TaskInstance: spotify_dag.crawl_s3 scheduled__2023-01-29T14:00:00+00:00 [running]> on host ip-172-31-26-59.ap-northeast-2.compute.internal
[2023-01-29T16:00:16.364+0000] {taskinstance.py:1590} INFO - Exporting the following env vars:
AIRFLOW_CTX_DAG_EMAIL=nywkim@example.com
AIRFLOW_CTX_DAG_OWNER=airflow
AIRFLOW_CTX_DAG_ID=spotify_dag
AIRFLOW_CTX_TASK_ID=crawl_s3
AIRFLOW_CTX_EXECUTION_DATE=2023-01-29T14:00:00+00:00
AIRFLOW_CTX_TRY_NUMBER=1
AIRFLOW_CTX_DAG_RUN_ID=scheduled__2023-01-29T14:00:00+00:00
[2023-01-29T16:00:16.365+0000] {glue_crawler.py:55} INFO - Checking if crawler already exists: spotify-crawl
[2023-01-29T16:00:16.369+0000] {base.py:71} INFO - Using connection ID 'aws_default' for task execution.
[2023-01-29T16:00:16.369+0000] {connection_wrapper.py:334} INFO - AWS Connection (conn_id='aws_default', conn_type='aws') credentials retrieved from login and password.
[2023-01-29T16:00:17.022+0000] {base.py:71} INFO - Using connection ID 'aws_default' for task execution.
[2023-01-29T16:00:17.023+0000] {connection_wrapper.py:334} INFO - AWS Connection (conn_id='aws_default', conn_type='aws') credentials retrieved from login and password.
[2023-01-29T16:00:17.325+0000] {glue_crawler.py:82} INFO - Triggering AWS Glue Crawler
[2023-01-29T16:00:17.326+0000] {glue_crawler.py:151} INFO - Starting crawler spotify-crawl
[2023-01-29T16:00:22.640+0000] {glue_crawler.py:85} INFO - Waiting for AWS Glue Crawler
[2023-01-29T16:00:22.701+0000] {glue_crawler.py:188} INFO - Polling for AWS Glue crawler: spotify-crawl 
[2023-01-29T16:00:22.702+0000] {glue_crawler.py:189} INFO - State: RUNNING
[2023-01-29T16:00:22.750+0000] {glue_crawler.py:199} INFO - Crawler should finish soon
[2023-01-29T16:00:27.803+0000] {glue_crawler.py:188} INFO - Polling for AWS Glue crawler: spotify-crawl 
[2023-01-29T16:00:27.804+0000] {glue_crawler.py:189} INFO - State: RUNNING
[2023-01-29T16:00:27.843+0000] {glue_crawler.py:199} INFO - Crawler should finish soon
[2023-01-29T16:00:32.922+0000] {glue_crawler.py:188} INFO - Polling for AWS Glue crawler: spotify-crawl 
[2023-01-29T16:00:32.922+0000] {glue_crawler.py:189} INFO - State: RUNNING
[2023-01-29T16:00:32.962+0000] {glue_crawler.py:199} INFO - Crawler should finish soon
[2023-01-29T16:00:37.997+0000] {glue_crawler.py:188} INFO - Polling for AWS Glue crawler: spotify-crawl 
[2023-01-29T16:00:37.997+0000] {glue_crawler.py:189} INFO - State: RUNNING
[2023-01-29T16:00:38.041+0000] {glue_crawler.py:199} INFO - Crawler should finish soon
[2023-01-29T16:00:43.092+0000] {glue_crawler.py:188} INFO - Polling for AWS Glue crawler: spotify-crawl 
[2023-01-29T16:00:43.092+0000] {glue_crawler.py:189} INFO - State: RUNNING
[2023-01-29T16:00:43.118+0000] {glue_crawler.py:199} INFO - Crawler should finish soon
[2023-01-29T16:00:48.184+0000] {glue_crawler.py:188} INFO - Polling for AWS Glue crawler: spotify-crawl 
[2023-01-29T16:00:48.184+0000] {glue_crawler.py:189} INFO - State: RUNNING
[2023-01-29T16:00:48.212+0000] {glue_crawler.py:199} INFO - Crawler should finish soon
[2023-01-29T16:00:53.269+0000] {glue_crawler.py:188} INFO - Polling for AWS Glue crawler: spotify-crawl 
[2023-01-29T16:00:53.269+0000] {glue_crawler.py:189} INFO - State: RUNNING
[2023-01-29T16:00:53.314+0000] {glue_crawler.py:199} INFO - Crawler should finish soon
[2023-01-29T16:00:58.371+0000] {glue_crawler.py:188} INFO - Polling for AWS Glue crawler: spotify-crawl 
[2023-01-29T16:00:58.372+0000] {glue_crawler.py:189} INFO - State: RUNNING
[2023-01-29T16:00:58.410+0000] {glue_crawler.py:199} INFO - Crawler should finish soon
[2023-01-29T16:01:03.463+0000] {glue_crawler.py:188} INFO - Polling for AWS Glue crawler: spotify-crawl 
[2023-01-29T16:01:03.463+0000] {glue_crawler.py:189} INFO - State: RUNNING
[2023-01-29T16:01:03.526+0000] {glue_crawler.py:199} INFO - Crawler should finish soon
[2023-01-29T16:01:08.582+0000] {glue_crawler.py:188} INFO - Polling for AWS Glue crawler: spotify-crawl 
[2023-01-29T16:01:08.582+0000] {glue_crawler.py:189} INFO - State: RUNNING
[2023-01-29T16:01:08.608+0000] {glue_crawler.py:199} INFO - Crawler should finish soon
[2023-01-29T16:01:13.655+0000] {glue_crawler.py:188} INFO - Polling for AWS Glue crawler: spotify-crawl 
[2023-01-29T16:01:13.655+0000] {glue_crawler.py:189} INFO - State: RUNNING
[2023-01-29T16:01:13.692+0000] {glue_crawler.py:199} INFO - Crawler should finish soon
[2023-01-29T16:01:18.758+0000] {glue_crawler.py:188} INFO - Polling for AWS Glue crawler: spotify-crawl 
[2023-01-29T16:01:18.758+0000] {glue_crawler.py:189} INFO - State: RUNNING
[2023-01-29T16:01:18.803+0000] {glue_crawler.py:197} INFO - Estimated Time Left (seconds): 15
[2023-01-29T16:01:23.839+0000] {glue_crawler.py:188} INFO - Polling for AWS Glue crawler: spotify-crawl 
[2023-01-29T16:01:23.839+0000] {glue_crawler.py:189} INFO - State: RUNNING
[2023-01-29T16:01:23.880+0000] {glue_crawler.py:197} INFO - Estimated Time Left (seconds): 15
[2023-01-29T16:01:28.921+0000] {glue_crawler.py:188} INFO - Polling for AWS Glue crawler: spotify-crawl 
[2023-01-29T16:01:28.921+0000] {glue_crawler.py:189} INFO - State: STOPPING
[2023-01-29T16:01:28.958+0000] {glue_crawler.py:197} INFO - Estimated Time Left (seconds): 15
[2023-01-29T16:01:34.021+0000] {glue_crawler.py:188} INFO - Polling for AWS Glue crawler: spotify-crawl 
[2023-01-29T16:01:34.021+0000] {glue_crawler.py:189} INFO - State: STOPPING
[2023-01-29T16:01:34.054+0000] {glue_crawler.py:197} INFO - Estimated Time Left (seconds): 15
[2023-01-29T16:01:39.092+0000] {glue_crawler.py:188} INFO - Polling for AWS Glue crawler: spotify-crawl 
[2023-01-29T16:01:39.092+0000] {glue_crawler.py:189} INFO - State: STOPPING
[2023-01-29T16:01:39.119+0000] {glue_crawler.py:197} INFO - Estimated Time Left (seconds): 15
[2023-01-29T16:01:44.177+0000] {glue_crawler.py:188} INFO - Polling for AWS Glue crawler: spotify-crawl 
[2023-01-29T16:01:44.177+0000] {glue_crawler.py:189} INFO - State: STOPPING
[2023-01-29T16:01:44.206+0000] {glue_crawler.py:197} INFO - Estimated Time Left (seconds): 15
[2023-01-29T16:01:49.260+0000] {glue_crawler.py:188} INFO - Polling for AWS Glue crawler: spotify-crawl 
[2023-01-29T16:01:49.261+0000] {glue_crawler.py:189} INFO - State: STOPPING
[2023-01-29T16:01:49.300+0000] {glue_crawler.py:197} INFO - Estimated Time Left (seconds): 15
[2023-01-29T16:01:54.356+0000] {glue_crawler.py:188} INFO - Polling for AWS Glue crawler: spotify-crawl 
[2023-01-29T16:01:54.357+0000] {glue_crawler.py:189} INFO - State: STOPPING
[2023-01-29T16:01:54.393+0000] {glue_crawler.py:197} INFO - Estimated Time Left (seconds): 15
[2023-01-29T16:01:59.442+0000] {glue_crawler.py:188} INFO - Polling for AWS Glue crawler: spotify-crawl 
[2023-01-29T16:01:59.442+0000] {glue_crawler.py:189} INFO - State: STOPPING
[2023-01-29T16:01:59.483+0000] {glue_crawler.py:197} INFO - Estimated Time Left (seconds): 15
[2023-01-29T16:02:04.518+0000] {glue_crawler.py:188} INFO - Polling for AWS Glue crawler: spotify-crawl 
[2023-01-29T16:02:04.519+0000] {glue_crawler.py:189} INFO - State: STOPPING
[2023-01-29T16:02:04.546+0000] {glue_crawler.py:197} INFO - Estimated Time Left (seconds): 15
[2023-01-29T16:02:09.590+0000] {glue_crawler.py:188} INFO - Polling for AWS Glue crawler: spotify-crawl 
[2023-01-29T16:02:09.590+0000] {glue_crawler.py:189} INFO - State: STOPPING
[2023-01-29T16:02:09.622+0000] {glue_crawler.py:197} INFO - Estimated Time Left (seconds): 15
[2023-01-29T16:02:14.672+0000] {glue_crawler.py:188} INFO - Polling for AWS Glue crawler: spotify-crawl 
[2023-01-29T16:02:14.672+0000] {glue_crawler.py:189} INFO - State: STOPPING
[2023-01-29T16:02:14.697+0000] {glue_crawler.py:197} INFO - Estimated Time Left (seconds): 15
[2023-01-29T16:02:19.756+0000] {glue_crawler.py:188} INFO - Polling for AWS Glue crawler: spotify-crawl 
[2023-01-29T16:02:19.756+0000] {glue_crawler.py:189} INFO - State: STOPPING
[2023-01-29T16:02:19.784+0000] {glue_crawler.py:197} INFO - Estimated Time Left (seconds): 15
[2023-01-29T16:02:24.843+0000] {glue_crawler.py:188} INFO - Polling for AWS Glue crawler: spotify-crawl 
[2023-01-29T16:02:24.843+0000] {glue_crawler.py:189} INFO - State: STOPPING
[2023-01-29T16:02:24.867+0000] {glue_crawler.py:197} INFO - Estimated Time Left (seconds): 15
[2023-01-29T16:02:29.919+0000] {glue_crawler.py:188} INFO - Polling for AWS Glue crawler: spotify-crawl 
[2023-01-29T16:02:29.920+0000] {glue_crawler.py:189} INFO - State: STOPPING
[2023-01-29T16:02:29.946+0000] {glue_crawler.py:197} INFO - Estimated Time Left (seconds): 15
[2023-01-29T16:02:34.988+0000] {glue_crawler.py:188} INFO - Polling for AWS Glue crawler: spotify-crawl 
[2023-01-29T16:02:34.988+0000] {glue_crawler.py:189} INFO - State: STOPPING
[2023-01-29T16:02:35.016+0000] {glue_crawler.py:197} INFO - Estimated Time Left (seconds): 15
[2023-01-29T16:02:40.052+0000] {glue_crawler.py:188} INFO - Polling for AWS Glue crawler: spotify-crawl 
[2023-01-29T16:02:40.053+0000] {glue_crawler.py:189} INFO - State: STOPPING
[2023-01-29T16:02:40.093+0000] {glue_crawler.py:197} INFO - Estimated Time Left (seconds): 15
[2023-01-29T16:02:45.142+0000] {glue_crawler.py:188} INFO - Polling for AWS Glue crawler: spotify-crawl 
[2023-01-29T16:02:45.142+0000] {glue_crawler.py:189} INFO - State: STOPPING
[2023-01-29T16:02:45.177+0000] {glue_crawler.py:197} INFO - Estimated Time Left (seconds): 15
[2023-01-29T16:02:50.223+0000] {glue_crawler.py:188} INFO - Polling for AWS Glue crawler: spotify-crawl 
[2023-01-29T16:02:50.223+0000] {glue_crawler.py:189} INFO - State: STOPPING
[2023-01-29T16:02:50.295+0000] {glue_crawler.py:197} INFO - Estimated Time Left (seconds): 15
[2023-01-29T16:02:55.345+0000] {glue_crawler.py:188} INFO - Polling for AWS Glue crawler: spotify-crawl 
[2023-01-29T16:02:55.345+0000] {glue_crawler.py:189} INFO - State: STOPPING
[2023-01-29T16:02:55.389+0000] {glue_crawler.py:197} INFO - Estimated Time Left (seconds): 15
[2023-01-29T16:03:00.430+0000] {glue_crawler.py:188} INFO - Polling for AWS Glue crawler: spotify-crawl 
[2023-01-29T16:03:00.430+0000] {glue_crawler.py:189} INFO - State: STOPPING
[2023-01-29T16:03:00.466+0000] {glue_crawler.py:197} INFO - Estimated Time Left (seconds): 15
[2023-01-29T16:03:05.519+0000] {glue_crawler.py:188} INFO - Polling for AWS Glue crawler: spotify-crawl 
[2023-01-29T16:03:05.519+0000] {glue_crawler.py:189} INFO - State: STOPPING
[2023-01-29T16:03:05.560+0000] {glue_crawler.py:197} INFO - Estimated Time Left (seconds): 15
[2023-01-29T16:03:10.603+0000] {glue_crawler.py:188} INFO - Polling for AWS Glue crawler: spotify-crawl 
[2023-01-29T16:03:10.604+0000] {glue_crawler.py:189} INFO - State: STOPPING
[2023-01-29T16:03:10.630+0000] {glue_crawler.py:197} INFO - Estimated Time Left (seconds): 15
[2023-01-29T16:03:15.678+0000] {glue_crawler.py:188} INFO - Polling for AWS Glue crawler: spotify-crawl 
[2023-01-29T16:03:15.679+0000] {glue_crawler.py:189} INFO - State: STOPPING
[2023-01-29T16:03:15.717+0000] {glue_crawler.py:197} INFO - Estimated Time Left (seconds): 15
[2023-01-29T16:03:20.779+0000] {glue_crawler.py:188} INFO - Polling for AWS Glue crawler: spotify-crawl 
[2023-01-29T16:03:20.780+0000] {glue_crawler.py:189} INFO - State: STOPPING
[2023-01-29T16:03:20.821+0000] {glue_crawler.py:197} INFO - Estimated Time Left (seconds): 15
[2023-01-29T16:03:25.867+0000] {glue_crawler.py:170} INFO - State: READY
[2023-01-29T16:03:25.868+0000] {glue_crawler.py:171} INFO - crawler_config: {'Name': 'spotify-crawl', 'Role': 'service-role/AWSGlueServiceRole-crawlerclass', 'Targets': {'S3Targets': [{'Path': 's3://airflow-nk/logs', 'Exclusions': []}], 'JdbcTargets': [], 'MongoDBTargets': [], 'DynamoDBTargets': [], 'CatalogTargets': [], 'DeltaTargets': []}, 'DatabaseName': 'spotify', 'Classifiers': [], 'RecrawlPolicy': {'RecrawlBehavior': 'CRAWL_EVERYTHING'}, 'SchemaChangePolicy': {'UpdateBehavior': 'LOG', 'DeleteBehavior': 'LOG'}, 'LineageConfiguration': {'CrawlerLineageSettings': 'DISABLE'}, 'State': 'READY', 'CrawlElapsedTime': 0, 'CreationTime': datetime.datetime(2022, 10, 4, 6, 4, 16, tzinfo=tzlocal()), 'LastUpdated': datetime.datetime(2023, 1, 25, 11, 32, 11, tzinfo=tzlocal()), 'LastCrawl': {'Status': 'SUCCEEDED', 'LogGroup': '/aws-glue/crawlers', 'LogStream': 'spotify-crawl', 'MessagePrefix': '8896d244-885e-4a7d-becc-7dc21d6765af', 'StartTime': datetime.datetime(2023, 1, 29, 16, 0, 17, tzinfo=tzlocal())}, 'Version': 18, 'LakeFormationConfiguration': {'UseLakeFormationCredentials': False, 'AccountId': ''}}
[2023-01-29T16:03:25.914+0000] {glue_crawler.py:178} INFO - Status: SUCCEEDED
[2023-01-29T16:03:25.915+0000] {glue_crawler.py:179} INFO - Last Runtime Duration (seconds): 68.801
[2023-01-29T16:03:25.915+0000] {glue_crawler.py:180} INFO - Median Runtime Duration (seconds): 58.3345
[2023-01-29T16:03:25.915+0000] {glue_crawler.py:181} INFO - Tables Created: 0
[2023-01-29T16:03:25.915+0000] {glue_crawler.py:182} INFO - Tables Updated: 0
[2023-01-29T16:03:25.915+0000] {glue_crawler.py:183} INFO - Tables Deleted: 0
[2023-01-29T16:03:25.940+0000] {taskinstance.py:1401} INFO - Marking task as SUCCESS. dag_id=spotify_dag, task_id=crawl_s3, execution_date=20230129T140000, start_date=20230129T160016, end_date=20230129T160325
[2023-01-29T16:03:25.988+0000] {local_task_job.py:164} INFO - Task exited with return code 0
[2023-01-29T16:03:26.040+0000] {local_task_job.py:273} INFO - 1 downstream tasks scheduled from follow-on schedule check
