[2023-01-25T09:23:00.560+0000] {taskinstance.py:1165} INFO - Dependencies all met for <TaskInstance: practice.glue_job manual__2023-01-25T09:22:58.902518+00:00 [queued]>
[2023-01-25T09:23:00.566+0000] {taskinstance.py:1165} INFO - Dependencies all met for <TaskInstance: practice.glue_job manual__2023-01-25T09:22:58.902518+00:00 [queued]>
[2023-01-25T09:23:00.566+0000] {taskinstance.py:1362} INFO - 
--------------------------------------------------------------------------------
[2023-01-25T09:23:00.566+0000] {taskinstance.py:1363} INFO - Starting attempt 1 of 2
[2023-01-25T09:23:00.566+0000] {taskinstance.py:1364} INFO - 
--------------------------------------------------------------------------------
[2023-01-25T09:23:00.578+0000] {taskinstance.py:1383} INFO - Executing <Task(PythonOperator): glue_job> on 2023-01-25 09:22:58.902518+00:00
[2023-01-25T09:23:00.580+0000] {standard_task_runner.py:55} INFO - Started process 19172 to run task
[2023-01-25T09:23:00.584+0000] {standard_task_runner.py:82} INFO - Running: ['airflow', 'tasks', 'run', 'practice', 'glue_job', 'manual__2023-01-25T09:22:58.902518+00:00', '--job-id', '352', '--raw', '--subdir', 'DAGS_FOLDER/practice.py', '--cfg-path', '/tmp/tmpz1yo_2b1']
[2023-01-25T09:23:00.585+0000] {standard_task_runner.py:83} INFO - Job 352: Subtask glue_job
[2023-01-25T09:23:00.622+0000] {task_command.py:376} INFO - Running <TaskInstance: practice.glue_job manual__2023-01-25T09:22:58.902518+00:00 [running]> on host ip-172-31-26-59.ap-northeast-2.compute.internal
[2023-01-25T09:23:00.666+0000] {taskinstance.py:1590} INFO - Exporting the following env vars:
AIRFLOW_CTX_DAG_EMAIL=nywkim@example.com
AIRFLOW_CTX_DAG_OWNER=airflow
AIRFLOW_CTX_DAG_ID=practice
AIRFLOW_CTX_TASK_ID=glue_job
AIRFLOW_CTX_EXECUTION_DATE=2023-01-25T09:22:58.902518+00:00
AIRFLOW_CTX_TRY_NUMBER=1
AIRFLOW_CTX_DAG_RUN_ID=manual__2023-01-25T09:22:58.902518+00:00
[2023-01-25T09:23:00.685+0000] {credentials.py:1048} INFO - Found credentials from IAM Role: EC2_S3_Af
[2023-01-25T09:23:01.009+0000] {logging_mixin.py:120} INFO - {'JobRunId': 'jr_511bffa39fb635951ca6e40debc300d2ee285e00614436b2cdcfc565e8b72ae7', 'ResponseMetadata': {'RequestId': 'd2b47288-67c7-4936-b370-0ea3f9e7f73a', 'HTTPStatusCode': 200, 'HTTPHeaders': {'date': 'Wed, 25 Jan 2023 09:23:01 GMT', 'content-type': 'application/x-amz-json-1.1', 'content-length': '82', 'connection': 'keep-alive', 'x-amzn-requestid': 'd2b47288-67c7-4936-b370-0ea3f9e7f73a'}, 'RetryAttempts': 0}}
[2023-01-25T09:23:01.011+0000] {python.py:177} INFO - Done. Returned value was: None
[2023-01-25T09:23:01.015+0000] {taskinstance.py:1401} INFO - Marking task as SUCCESS. dag_id=practice, task_id=glue_job, execution_date=20230125T092258, start_date=20230125T092300, end_date=20230125T092301
[2023-01-25T09:23:01.036+0000] {local_task_job.py:164} INFO - Task exited with return code 0
[2023-01-25T09:23:01.046+0000] {local_task_job.py:273} INFO - 0 downstream tasks scheduled from follow-on schedule check
