[2023-02-02T18:13:58.765+0000] {taskinstance.py:1165} INFO - Dependencies all met for <TaskInstance: spotify_dag_prac.delete_s3bucket_files manual__2023-02-02T18:13:56.548828+00:00 [queued]>
[2023-02-02T18:13:58.771+0000] {taskinstance.py:1165} INFO - Dependencies all met for <TaskInstance: spotify_dag_prac.delete_s3bucket_files manual__2023-02-02T18:13:56.548828+00:00 [queued]>
[2023-02-02T18:13:58.771+0000] {taskinstance.py:1362} INFO - 
--------------------------------------------------------------------------------
[2023-02-02T18:13:58.771+0000] {taskinstance.py:1363} INFO - Starting attempt 1 of 2
[2023-02-02T18:13:58.771+0000] {taskinstance.py:1364} INFO - 
--------------------------------------------------------------------------------
[2023-02-02T18:13:58.785+0000] {taskinstance.py:1383} INFO - Executing <Task(PythonOperator): delete_s3bucket_files> on 2023-02-02 18:13:56.548828+00:00
[2023-02-02T18:13:58.788+0000] {standard_task_runner.py:55} INFO - Started process 26197 to run task
[2023-02-02T18:13:58.791+0000] {standard_task_runner.py:82} INFO - Running: ['airflow', 'tasks', 'run', 'spotify_dag_prac', 'delete_s3bucket_files', 'manual__2023-02-02T18:13:56.548828+00:00', '--job-id', '623', '--raw', '--subdir', 'DAGS_FOLDER/prac.py', '--cfg-path', '/tmp/tmp8rekime1']
[2023-02-02T18:13:58.792+0000] {standard_task_runner.py:83} INFO - Job 623: Subtask delete_s3bucket_files
[2023-02-02T18:13:58.838+0000] {task_command.py:376} INFO - Running <TaskInstance: spotify_dag_prac.delete_s3bucket_files manual__2023-02-02T18:13:56.548828+00:00 [running]> on host ip-172-31-26-59.ap-northeast-2.compute.internal
[2023-02-02T18:13:58.885+0000] {taskinstance.py:1590} INFO - Exporting the following env vars:
AIRFLOW_CTX_DAG_EMAIL=nywkim@example.com
AIRFLOW_CTX_DAG_OWNER=airflow
AIRFLOW_CTX_DAG_ID=spotify_dag_prac
AIRFLOW_CTX_TASK_ID=delete_s3bucket_files
AIRFLOW_CTX_EXECUTION_DATE=2023-02-02T18:13:56.548828+00:00
AIRFLOW_CTX_TRY_NUMBER=1
AIRFLOW_CTX_DAG_RUN_ID=manual__2023-02-02T18:13:56.548828+00:00
[2023-02-02T18:13:58.908+0000] {credentials.py:1251} INFO - Found credentials in shared credentials file: ~/.aws/credentials
[2023-02-02T18:13:59.155+0000] {python.py:177} INFO - Done. Returned value was: None
[2023-02-02T18:13:59.160+0000] {taskinstance.py:1401} INFO - Marking task as SUCCESS. dag_id=spotify_dag_prac, task_id=delete_s3bucket_files, execution_date=20230202T181356, start_date=20230202T181358, end_date=20230202T181359
[2023-02-02T18:13:59.203+0000] {local_task_job.py:164} INFO - Task exited with return code 0
[2023-02-02T18:13:59.213+0000] {local_task_job.py:273} INFO - 0 downstream tasks scheduled from follow-on schedule check
