[2023-01-24T17:05:13.719+0000] {taskinstance.py:1165} INFO - Dependencies all met for <TaskInstance: spotify_dag.spotify_etl manual__2023-01-24T17:05:09.664921+00:00 [queued]>
[2023-01-24T17:05:13.726+0000] {taskinstance.py:1165} INFO - Dependencies all met for <TaskInstance: spotify_dag.spotify_etl manual__2023-01-24T17:05:09.664921+00:00 [queued]>
[2023-01-24T17:05:13.726+0000] {taskinstance.py:1362} INFO - 
--------------------------------------------------------------------------------
[2023-01-24T17:05:13.726+0000] {taskinstance.py:1363} INFO - Starting attempt 1 of 2
[2023-01-24T17:05:13.726+0000] {taskinstance.py:1364} INFO - 
--------------------------------------------------------------------------------
[2023-01-24T17:05:13.739+0000] {taskinstance.py:1383} INFO - Executing <Task(BranchPythonOperator): spotify_etl> on 2023-01-24 17:05:09.664921+00:00
[2023-01-24T17:05:13.742+0000] {standard_task_runner.py:55} INFO - Started process 1538 to run task
[2023-01-24T17:05:13.746+0000] {standard_task_runner.py:82} INFO - Running: ['airflow', 'tasks', 'run', 'spotify_dag', 'spotify_etl', 'manual__2023-01-24T17:05:09.664921+00:00', '--job-id', '269', '--raw', '--subdir', 'DAGS_FOLDER/airflow_dags.py', '--cfg-path', '/tmp/tmp83d624t9']
[2023-01-24T17:05:13.748+0000] {standard_task_runner.py:83} INFO - Job 269: Subtask spotify_etl
[2023-01-24T17:05:13.785+0000] {task_command.py:376} INFO - Running <TaskInstance: spotify_dag.spotify_etl manual__2023-01-24T17:05:09.664921+00:00 [running]> on host ip-172-31-26-59.ap-northeast-2.compute.internal
[2023-01-24T17:05:13.812+0000] {logging_mixin.py:120} WARNING - /home/ubuntu/.local/lib/python3.10/site-packages/airflow/utils/context.py:204 AirflowContextDeprecationWarning: Accessing 'execution_date' from the template is deprecated and will be removed in a future version. Please use 'data_interval_start' or 'logical_date' instead.
[2023-01-24T17:05:13.844+0000] {taskinstance.py:1590} INFO - Exporting the following env vars:
AIRFLOW_CTX_DAG_EMAIL=nywkim@example.com
AIRFLOW_CTX_DAG_OWNER=airflow
AIRFLOW_CTX_DAG_ID=spotify_dag
AIRFLOW_CTX_TASK_ID=spotify_etl
AIRFLOW_CTX_EXECUTION_DATE=2023-01-24T17:05:09.664921+00:00
AIRFLOW_CTX_TRY_NUMBER=1
AIRFLOW_CTX_DAG_RUN_ID=manual__2023-01-24T17:05:09.664921+00:00
[2023-01-24T17:05:14.424+0000] {logging_mixin.py:120} INFO - see you next interval
[2023-01-24T17:05:14.425+0000] {python.py:177} INFO - Done. Returned value was: break_time
[2023-01-24T17:05:14.425+0000] {skipmixin.py:155} INFO - Following branch break_time
[2023-01-24T17:05:14.425+0000] {skipmixin.py:190} INFO - Skipping tasks ['etl_start']
[2023-01-24T17:05:14.467+0000] {taskinstance.py:1401} INFO - Marking task as SUCCESS. dag_id=spotify_dag, task_id=spotify_etl, execution_date=20230124T170509, start_date=20230124T170513, end_date=20230124T170514
[2023-01-24T17:05:14.520+0000] {local_task_job.py:164} INFO - Task exited with return code 0
[2023-01-24T17:05:14.543+0000] {local_task_job.py:273} INFO - 1 downstream tasks scheduled from follow-on schedule check
