[2023-02-02T17:34:59.678+0000] {taskinstance.py:1165} INFO - Dependencies all met for <TaskInstance: spotify_dag_prac.s3_to_redshift manual__2023-02-02T17:34:57.514923+00:00 [queued]>
[2023-02-02T17:34:59.684+0000] {taskinstance.py:1165} INFO - Dependencies all met for <TaskInstance: spotify_dag_prac.s3_to_redshift manual__2023-02-02T17:34:57.514923+00:00 [queued]>
[2023-02-02T17:34:59.684+0000] {taskinstance.py:1362} INFO - 
--------------------------------------------------------------------------------
[2023-02-02T17:34:59.684+0000] {taskinstance.py:1363} INFO - Starting attempt 1 of 2
[2023-02-02T17:34:59.684+0000] {taskinstance.py:1364} INFO - 
--------------------------------------------------------------------------------
[2023-02-02T17:34:59.697+0000] {taskinstance.py:1383} INFO - Executing <Task(S3ToRedshiftOperator): s3_to_redshift> on 2023-02-02 17:34:57.514923+00:00
[2023-02-02T17:34:59.700+0000] {standard_task_runner.py:55} INFO - Started process 24804 to run task
[2023-02-02T17:34:59.703+0000] {standard_task_runner.py:82} INFO - Running: ['airflow', 'tasks', 'run', 'spotify_dag_prac', 's3_to_redshift', 'manual__2023-02-02T17:34:57.514923+00:00', '--job-id', '608', '--raw', '--subdir', 'DAGS_FOLDER/prac.py', '--cfg-path', '/tmp/tmp7nqchnas']
[2023-02-02T17:34:59.704+0000] {standard_task_runner.py:83} INFO - Job 608: Subtask s3_to_redshift
[2023-02-02T17:34:59.746+0000] {task_command.py:376} INFO - Running <TaskInstance: spotify_dag_prac.s3_to_redshift manual__2023-02-02T17:34:57.514923+00:00 [running]> on host ip-172-31-26-59.ap-northeast-2.compute.internal
[2023-02-02T17:34:59.802+0000] {taskinstance.py:1590} INFO - Exporting the following env vars:
AIRFLOW_CTX_DAG_EMAIL=nywkim@example.com
AIRFLOW_CTX_DAG_OWNER=airflow
AIRFLOW_CTX_DAG_ID=spotify_dag_prac
AIRFLOW_CTX_TASK_ID=s3_to_redshift
AIRFLOW_CTX_EXECUTION_DATE=2023-02-02T17:34:57.514923+00:00
AIRFLOW_CTX_TRY_NUMBER=1
AIRFLOW_CTX_DAG_RUN_ID=manual__2023-02-02T17:34:57.514923+00:00
[2023-02-02T17:34:59.807+0000] {base.py:71} INFO - Using connection ID 'aws_default' for task execution.
[2023-02-02T17:34:59.809+0000] {base.py:71} INFO - Using connection ID 'aws_default' for task execution.
[2023-02-02T17:34:59.809+0000] {connection_wrapper.py:334} INFO - AWS Connection (conn_id='aws_default', conn_type='aws') credentials retrieved from login and password.
[2023-02-02T17:34:59.819+0000] {s3_to_redshift.py:164} INFO - Executing COPY command...
[2023-02-02T17:34:59.821+0000] {base.py:71} INFO - Using connection ID 'redshift_default' for task execution.
[2023-02-02T17:34:59.838+0000] {credentials.py:1251} INFO - Found credentials in shared credentials file: ~/.aws/credentials
[2023-02-02T17:35:00.194+0000] {sql.py:375} INFO - Running statement: 
                    COPY dev.spotify.test 
                    FROM 's3://airflow-nk/data/listen_records_by_artists_test'
                    credentials
                    'aws_access_key_id=AKIA2RZBA5HRP7SVZGJC;aws_secret_access_key=***'
                    FORMAT AS PARQUET;
        , parameters: None
[2023-02-02T17:35:01.417+0000] {s3_to_redshift.py:166} INFO - COPY command complete...
[2023-02-02T17:35:01.429+0000] {taskinstance.py:1401} INFO - Marking task as SUCCESS. dag_id=spotify_dag_prac, task_id=s3_to_redshift, execution_date=20230202T173457, start_date=20230202T173459, end_date=20230202T173501
[2023-02-02T17:35:01.480+0000] {local_task_job.py:164} INFO - Task exited with return code 0
[2023-02-02T17:35:01.515+0000] {local_task_job.py:273} INFO - 0 downstream tasks scheduled from follow-on schedule check
