[2023-02-03T14:00:08.682+0000] {taskinstance.py:1165} INFO - Dependencies all met for <TaskInstance: spotify_dag.crawl_s3 scheduled__2023-02-03T12:00:00+00:00 [queued]>
[2023-02-03T14:00:08.690+0000] {taskinstance.py:1165} INFO - Dependencies all met for <TaskInstance: spotify_dag.crawl_s3 scheduled__2023-02-03T12:00:00+00:00 [queued]>
[2023-02-03T14:00:08.690+0000] {taskinstance.py:1362} INFO - 
--------------------------------------------------------------------------------
[2023-02-03T14:00:08.691+0000] {taskinstance.py:1363} INFO - Starting attempt 1 of 2
[2023-02-03T14:00:08.691+0000] {taskinstance.py:1364} INFO - 
--------------------------------------------------------------------------------
[2023-02-03T14:00:08.706+0000] {taskinstance.py:1383} INFO - Executing <Task(GlueCrawlerOperator): crawl_s3> on 2023-02-03 12:00:00+00:00
[2023-02-03T14:00:08.711+0000] {standard_task_runner.py:55} INFO - Started process 35654 to run task
[2023-02-03T14:00:08.717+0000] {standard_task_runner.py:82} INFO - Running: ['airflow', 'tasks', 'run', 'spotify_dag', 'crawl_s3', 'scheduled__2023-02-03T12:00:00+00:00', '--job-id', '640', '--raw', '--subdir', 'DAGS_FOLDER/airflow_dags.py', '--cfg-path', '/tmp/tmpxezo1tbk']
[2023-02-03T14:00:08.719+0000] {standard_task_runner.py:83} INFO - Job 640: Subtask crawl_s3
[2023-02-03T14:00:08.760+0000] {task_command.py:376} INFO - Running <TaskInstance: spotify_dag.crawl_s3 scheduled__2023-02-03T12:00:00+00:00 [running]> on host ip-172-31-26-59.ap-northeast-2.compute.internal
[2023-02-03T14:00:08.812+0000] {taskinstance.py:1590} INFO - Exporting the following env vars:
AIRFLOW_CTX_DAG_EMAIL=nywkim@example.com
AIRFLOW_CTX_DAG_OWNER=airflow
AIRFLOW_CTX_DAG_ID=spotify_dag
AIRFLOW_CTX_TASK_ID=crawl_s3
AIRFLOW_CTX_EXECUTION_DATE=2023-02-03T12:00:00+00:00
AIRFLOW_CTX_TRY_NUMBER=1
AIRFLOW_CTX_DAG_RUN_ID=scheduled__2023-02-03T12:00:00+00:00
[2023-02-03T14:00:08.813+0000] {glue_crawler.py:55} INFO - Checking if crawler already exists: spotify-crawl
[2023-02-03T14:00:08.816+0000] {base.py:71} INFO - Using connection ID 'aws_default' for task execution.
[2023-02-03T14:00:08.817+0000] {connection_wrapper.py:334} INFO - AWS Connection (conn_id='aws_default', conn_type='aws') credentials retrieved from login and password.
[2023-02-03T14:00:09.499+0000] {base.py:71} INFO - Using connection ID 'aws_default' for task execution.
[2023-02-03T14:00:09.500+0000] {connection_wrapper.py:334} INFO - AWS Connection (conn_id='aws_default', conn_type='aws') credentials retrieved from login and password.
[2023-02-03T14:00:09.826+0000] {glue_crawler.py:82} INFO - Triggering AWS Glue Crawler
[2023-02-03T14:00:09.827+0000] {glue_crawler.py:151} INFO - Starting crawler spotify-crawl
[2023-02-03T14:00:21.105+0000] {glue_crawler.py:85} INFO - Waiting for AWS Glue Crawler
[2023-02-03T14:00:21.167+0000] {glue_crawler.py:188} INFO - Polling for AWS Glue crawler: spotify-crawl 
[2023-02-03T14:00:21.167+0000] {glue_crawler.py:189} INFO - State: RUNNING
[2023-02-03T14:00:21.215+0000] {glue_crawler.py:199} INFO - Crawler should finish soon
[2023-02-03T14:00:26.291+0000] {glue_crawler.py:188} INFO - Polling for AWS Glue crawler: spotify-crawl 
[2023-02-03T14:00:26.291+0000] {glue_crawler.py:189} INFO - State: RUNNING
[2023-02-03T14:00:26.322+0000] {glue_crawler.py:199} INFO - Crawler should finish soon
[2023-02-03T14:00:31.382+0000] {glue_crawler.py:188} INFO - Polling for AWS Glue crawler: spotify-crawl 
[2023-02-03T14:00:31.382+0000] {glue_crawler.py:189} INFO - State: RUNNING
[2023-02-03T14:00:31.427+0000] {glue_crawler.py:199} INFO - Crawler should finish soon
[2023-02-03T14:00:36.467+0000] {glue_crawler.py:188} INFO - Polling for AWS Glue crawler: spotify-crawl 
[2023-02-03T14:00:36.467+0000] {glue_crawler.py:189} INFO - State: RUNNING
[2023-02-03T14:00:36.497+0000] {glue_crawler.py:199} INFO - Crawler should finish soon
[2023-02-03T14:00:41.560+0000] {glue_crawler.py:188} INFO - Polling for AWS Glue crawler: spotify-crawl 
[2023-02-03T14:00:41.560+0000] {glue_crawler.py:189} INFO - State: RUNNING
[2023-02-03T14:00:41.602+0000] {glue_crawler.py:199} INFO - Crawler should finish soon
[2023-02-03T14:00:46.647+0000] {glue_crawler.py:188} INFO - Polling for AWS Glue crawler: spotify-crawl 
[2023-02-03T14:00:46.648+0000] {glue_crawler.py:189} INFO - State: RUNNING
[2023-02-03T14:00:46.689+0000] {glue_crawler.py:199} INFO - Crawler should finish soon
[2023-02-03T14:00:51.745+0000] {glue_crawler.py:188} INFO - Polling for AWS Glue crawler: spotify-crawl 
[2023-02-03T14:00:51.745+0000] {glue_crawler.py:189} INFO - State: RUNNING
[2023-02-03T14:00:51.796+0000] {glue_crawler.py:199} INFO - Crawler should finish soon
[2023-02-03T14:00:56.855+0000] {glue_crawler.py:188} INFO - Polling for AWS Glue crawler: spotify-crawl 
[2023-02-03T14:00:56.856+0000] {glue_crawler.py:189} INFO - State: RUNNING
[2023-02-03T14:00:56.896+0000] {glue_crawler.py:199} INFO - Crawler should finish soon
[2023-02-03T14:01:01.934+0000] {glue_crawler.py:188} INFO - Polling for AWS Glue crawler: spotify-crawl 
[2023-02-03T14:01:01.934+0000] {glue_crawler.py:189} INFO - State: RUNNING
[2023-02-03T14:01:01.958+0000] {glue_crawler.py:199} INFO - Crawler should finish soon
[2023-02-03T14:01:07.021+0000] {glue_crawler.py:188} INFO - Polling for AWS Glue crawler: spotify-crawl 
[2023-02-03T14:01:07.021+0000] {glue_crawler.py:189} INFO - State: RUNNING
[2023-02-03T14:01:07.044+0000] {glue_crawler.py:199} INFO - Crawler should finish soon
[2023-02-03T14:01:12.077+0000] {glue_crawler.py:188} INFO - Polling for AWS Glue crawler: spotify-crawl 
[2023-02-03T14:01:12.077+0000] {glue_crawler.py:189} INFO - State: STOPPING
[2023-02-03T14:01:12.118+0000] {glue_crawler.py:197} INFO - Estimated Time Left (seconds): 15
[2023-02-03T14:01:17.178+0000] {glue_crawler.py:188} INFO - Polling for AWS Glue crawler: spotify-crawl 
[2023-02-03T14:01:17.178+0000] {glue_crawler.py:189} INFO - State: STOPPING
[2023-02-03T14:01:17.220+0000] {glue_crawler.py:197} INFO - Estimated Time Left (seconds): 15
[2023-02-03T14:01:22.262+0000] {glue_crawler.py:188} INFO - Polling for AWS Glue crawler: spotify-crawl 
[2023-02-03T14:01:22.262+0000] {glue_crawler.py:189} INFO - State: STOPPING
[2023-02-03T14:01:22.300+0000] {glue_crawler.py:197} INFO - Estimated Time Left (seconds): 15
[2023-02-03T14:01:27.368+0000] {glue_crawler.py:188} INFO - Polling for AWS Glue crawler: spotify-crawl 
[2023-02-03T14:01:27.368+0000] {glue_crawler.py:189} INFO - State: STOPPING
[2023-02-03T14:01:27.410+0000] {glue_crawler.py:197} INFO - Estimated Time Left (seconds): 15
[2023-02-03T14:01:32.471+0000] {glue_crawler.py:188} INFO - Polling for AWS Glue crawler: spotify-crawl 
[2023-02-03T14:01:32.471+0000] {glue_crawler.py:189} INFO - State: STOPPING
[2023-02-03T14:01:32.494+0000] {glue_crawler.py:197} INFO - Estimated Time Left (seconds): 15
[2023-02-03T14:01:37.560+0000] {glue_crawler.py:188} INFO - Polling for AWS Glue crawler: spotify-crawl 
[2023-02-03T14:01:37.560+0000] {glue_crawler.py:189} INFO - State: STOPPING
[2023-02-03T14:01:37.599+0000] {glue_crawler.py:197} INFO - Estimated Time Left (seconds): 15
[2023-02-03T14:01:42.644+0000] {glue_crawler.py:188} INFO - Polling for AWS Glue crawler: spotify-crawl 
[2023-02-03T14:01:42.644+0000] {glue_crawler.py:189} INFO - State: STOPPING
[2023-02-03T14:01:42.688+0000] {glue_crawler.py:197} INFO - Estimated Time Left (seconds): 15
[2023-02-03T14:01:47.738+0000] {glue_crawler.py:188} INFO - Polling for AWS Glue crawler: spotify-crawl 
[2023-02-03T14:01:47.738+0000] {glue_crawler.py:189} INFO - State: STOPPING
[2023-02-03T14:01:47.778+0000] {glue_crawler.py:197} INFO - Estimated Time Left (seconds): 15
[2023-02-03T14:01:52.831+0000] {glue_crawler.py:188} INFO - Polling for AWS Glue crawler: spotify-crawl 
[2023-02-03T14:01:52.831+0000] {glue_crawler.py:189} INFO - State: STOPPING
[2023-02-03T14:01:52.868+0000] {glue_crawler.py:197} INFO - Estimated Time Left (seconds): 15
[2023-02-03T14:01:57.929+0000] {glue_crawler.py:188} INFO - Polling for AWS Glue crawler: spotify-crawl 
[2023-02-03T14:01:57.930+0000] {glue_crawler.py:189} INFO - State: STOPPING
[2023-02-03T14:01:57.969+0000] {glue_crawler.py:197} INFO - Estimated Time Left (seconds): 15
[2023-02-03T14:02:03.018+0000] {glue_crawler.py:188} INFO - Polling for AWS Glue crawler: spotify-crawl 
[2023-02-03T14:02:03.019+0000] {glue_crawler.py:189} INFO - State: STOPPING
[2023-02-03T14:02:03.052+0000] {glue_crawler.py:197} INFO - Estimated Time Left (seconds): 15
[2023-02-03T14:02:08.101+0000] {glue_crawler.py:188} INFO - Polling for AWS Glue crawler: spotify-crawl 
[2023-02-03T14:02:08.101+0000] {glue_crawler.py:189} INFO - State: STOPPING
[2023-02-03T14:02:08.141+0000] {glue_crawler.py:197} INFO - Estimated Time Left (seconds): 15
[2023-02-03T14:02:13.181+0000] {glue_crawler.py:188} INFO - Polling for AWS Glue crawler: spotify-crawl 
[2023-02-03T14:02:13.181+0000] {glue_crawler.py:189} INFO - State: STOPPING
[2023-02-03T14:02:13.224+0000] {glue_crawler.py:197} INFO - Estimated Time Left (seconds): 15
[2023-02-03T14:02:18.257+0000] {glue_crawler.py:170} INFO - State: READY
[2023-02-03T14:02:18.257+0000] {glue_crawler.py:171} INFO - crawler_config: {'Name': 'spotify-crawl', 'Role': 'service-role/AWSGlueServiceRole-crawlerclass', 'Targets': {'S3Targets': [{'Path': 's3://airflow-nk/data/gold', 'Exclusions': []}], 'JdbcTargets': [], 'MongoDBTargets': [], 'DynamoDBTargets': [], 'CatalogTargets': [], 'DeltaTargets': []}, 'DatabaseName': 'spotify', 'Classifiers': ['sp_classifieer'], 'RecrawlPolicy': {'RecrawlBehavior': 'CRAWL_EVERYTHING'}, 'SchemaChangePolicy': {'UpdateBehavior': 'LOG', 'DeleteBehavior': 'LOG'}, 'LineageConfiguration': {'CrawlerLineageSettings': 'DISABLE'}, 'State': 'READY', 'CrawlElapsedTime': 0, 'CreationTime': datetime.datetime(2022, 10, 4, 6, 4, 16, tzinfo=tzlocal()), 'LastUpdated': datetime.datetime(2023, 2, 1, 16, 13, 59, tzinfo=tzlocal()), 'LastCrawl': {'Status': 'SUCCEEDED', 'LogGroup': '/aws-glue/crawlers', 'LogStream': 'spotify-crawl', 'MessagePrefix': 'cebb8e87-be85-4b69-8e33-024c641570d5', 'StartTime': datetime.datetime(2023, 2, 3, 14, 0, 9, tzinfo=tzlocal())}, 'Version': 21, 'LakeFormationConfiguration': {'UseLakeFormationCredentials': False, 'AccountId': ''}}
[2023-02-03T14:02:18.289+0000] {glue_crawler.py:178} INFO - Status: SUCCEEDED
[2023-02-03T14:02:18.290+0000] {glue_crawler.py:179} INFO - Last Runtime Duration (seconds): 58.501
[2023-02-03T14:02:18.290+0000] {glue_crawler.py:180} INFO - Median Runtime Duration (seconds): 53.1155
[2023-02-03T14:02:18.290+0000] {glue_crawler.py:181} INFO - Tables Created: 0
[2023-02-03T14:02:18.290+0000] {glue_crawler.py:182} INFO - Tables Updated: 0
[2023-02-03T14:02:18.290+0000] {glue_crawler.py:183} INFO - Tables Deleted: 0
[2023-02-03T14:02:18.304+0000] {taskinstance.py:1401} INFO - Marking task as SUCCESS. dag_id=spotify_dag, task_id=crawl_s3, execution_date=20230203T120000, start_date=20230203T140008, end_date=20230203T140218
[2023-02-03T14:02:18.330+0000] {local_task_job.py:164} INFO - Task exited with return code 0
[2023-02-03T14:02:18.348+0000] {local_task_job.py:273} INFO - 1 downstream tasks scheduled from follow-on schedule check
