[2023-02-01T06:27:01.923+0000] {taskinstance.py:1165} INFO - Dependencies all met for <TaskInstance: spotify_dag.spotify_etl scheduled__2023-02-01T02:00:00+00:00 [queued]>
[2023-02-01T06:27:01.930+0000] {taskinstance.py:1165} INFO - Dependencies all met for <TaskInstance: spotify_dag.spotify_etl scheduled__2023-02-01T02:00:00+00:00 [queued]>
[2023-02-01T06:27:01.930+0000] {taskinstance.py:1362} INFO - 
--------------------------------------------------------------------------------
[2023-02-01T06:27:01.930+0000] {taskinstance.py:1363} INFO - Starting attempt 1 of 2
[2023-02-01T06:27:01.930+0000] {taskinstance.py:1364} INFO - 
--------------------------------------------------------------------------------
[2023-02-01T06:27:01.945+0000] {taskinstance.py:1383} INFO - Executing <Task(BranchPythonOperator): spotify_etl> on 2023-02-01 02:00:00+00:00
[2023-02-01T06:27:01.949+0000] {standard_task_runner.py:55} INFO - Started process 1520 to run task
[2023-02-01T06:27:01.952+0000] {standard_task_runner.py:82} INFO - Running: ['airflow', 'tasks', 'run', 'spotify_dag', 'spotify_etl', 'scheduled__2023-02-01T02:00:00+00:00', '--job-id', '542', '--raw', '--subdir', 'DAGS_FOLDER/airflow_dags.py', '--cfg-path', '/tmp/tmpjlo6bp0n']
[2023-02-01T06:27:01.954+0000] {standard_task_runner.py:83} INFO - Job 542: Subtask spotify_etl
[2023-02-01T06:27:02.001+0000] {task_command.py:376} INFO - Running <TaskInstance: spotify_dag.spotify_etl scheduled__2023-02-01T02:00:00+00:00 [running]> on host ip-172-31-26-59.ap-northeast-2.compute.internal
[2023-02-01T06:27:02.039+0000] {logging_mixin.py:120} WARNING - /home/ubuntu/.local/lib/python3.10/site-packages/airflow/utils/context.py:204 AirflowContextDeprecationWarning: Accessing 'execution_date' from the template is deprecated and will be removed in a future version. Please use 'data_interval_start' or 'logical_date' instead.
[2023-02-01T06:27:02.073+0000] {taskinstance.py:1590} INFO - Exporting the following env vars:
AIRFLOW_CTX_DAG_EMAIL=nywkim@example.com
AIRFLOW_CTX_DAG_OWNER=airflow
AIRFLOW_CTX_DAG_ID=spotify_dag
AIRFLOW_CTX_TASK_ID=spotify_etl
AIRFLOW_CTX_EXECUTION_DATE=2023-02-01T02:00:00+00:00
AIRFLOW_CTX_TRY_NUMBER=1
AIRFLOW_CTX_DAG_RUN_ID=scheduled__2023-02-01T02:00:00+00:00
[2023-02-01T06:27:02.632+0000] {logging_mixin.py:120} INFO - see you next interval
[2023-02-01T06:27:02.633+0000] {python.py:177} INFO - Done. Returned value was: break_time
[2023-02-01T06:27:02.633+0000] {skipmixin.py:155} INFO - Following branch break_time
[2023-02-01T06:27:02.633+0000] {skipmixin.py:190} INFO - Skipping tasks ['etl_start']
[2023-02-01T06:27:02.673+0000] {taskinstance.py:1401} INFO - Marking task as SUCCESS. dag_id=spotify_dag, task_id=spotify_etl, execution_date=20230201T020000, start_date=20230201T062701, end_date=20230201T062702
[2023-02-01T06:27:02.727+0000] {local_task_job.py:164} INFO - Task exited with return code 0
[2023-02-01T06:27:02.764+0000] {local_task_job.py:273} INFO - 1 downstream tasks scheduled from follow-on schedule check
