[2023-02-03T18:02:31.624+0000] {taskinstance.py:1165} INFO - Dependencies all met for <TaskInstance: spotify_dag.glue_job scheduled__2023-02-03T16:00:00+00:00 [queued]>
[2023-02-03T18:02:31.630+0000] {taskinstance.py:1165} INFO - Dependencies all met for <TaskInstance: spotify_dag.glue_job scheduled__2023-02-03T16:00:00+00:00 [queued]>
[2023-02-03T18:02:31.630+0000] {taskinstance.py:1362} INFO - 
--------------------------------------------------------------------------------
[2023-02-03T18:02:31.630+0000] {taskinstance.py:1363} INFO - Starting attempt 1 of 2
[2023-02-03T18:02:31.630+0000] {taskinstance.py:1364} INFO - 
--------------------------------------------------------------------------------
[2023-02-03T18:02:31.643+0000] {taskinstance.py:1383} INFO - Executing <Task(PythonOperator): glue_job> on 2023-02-03 16:00:00+00:00
[2023-02-03T18:02:31.646+0000] {standard_task_runner.py:55} INFO - Started process 48927 to run task
[2023-02-03T18:02:31.650+0000] {standard_task_runner.py:82} INFO - Running: ['airflow', 'tasks', 'run', 'spotify_dag', 'glue_job', 'scheduled__2023-02-03T16:00:00+00:00', '--job-id', '653', '--raw', '--subdir', 'DAGS_FOLDER/airflow_dags.py', '--cfg-path', '/tmp/tmphht8nt1k']
[2023-02-03T18:02:31.652+0000] {standard_task_runner.py:83} INFO - Job 653: Subtask glue_job
[2023-02-03T18:02:31.691+0000] {task_command.py:376} INFO - Running <TaskInstance: spotify_dag.glue_job scheduled__2023-02-03T16:00:00+00:00 [running]> on host ip-172-31-26-59.ap-northeast-2.compute.internal
[2023-02-03T18:02:31.742+0000] {taskinstance.py:1590} INFO - Exporting the following env vars:
AIRFLOW_CTX_DAG_EMAIL=nywkim@example.com
AIRFLOW_CTX_DAG_OWNER=airflow
AIRFLOW_CTX_DAG_ID=spotify_dag
AIRFLOW_CTX_TASK_ID=glue_job
AIRFLOW_CTX_EXECUTION_DATE=2023-02-03T16:00:00+00:00
AIRFLOW_CTX_TRY_NUMBER=1
AIRFLOW_CTX_DAG_RUN_ID=scheduled__2023-02-03T16:00:00+00:00
[2023-02-03T18:02:31.756+0000] {credentials.py:1251} INFO - Found credentials in shared credentials file: ~/.aws/credentials
[2023-02-03T18:02:32.105+0000] {logging_mixin.py:120} INFO - {'JobRunId': 'jr_d0d411cf3590311ea883db22a06080164a6ffed8a4b8c3217fb6bbfba009ea2c', 'ResponseMetadata': {'RequestId': 'cffcf197-add9-4747-b81b-4cd5d54dd23d', 'HTTPStatusCode': 200, 'HTTPHeaders': {'date': 'Fri, 03 Feb 2023 18:02:32 GMT', 'content-type': 'application/x-amz-json-1.1', 'content-length': '82', 'connection': 'keep-alive', 'x-amzn-requestid': 'cffcf197-add9-4747-b81b-4cd5d54dd23d'}, 'RetryAttempts': 0}}
[2023-02-03T18:02:32.107+0000] {python.py:177} INFO - Done. Returned value was: None
[2023-02-03T18:02:32.112+0000] {taskinstance.py:1401} INFO - Marking task as SUCCESS. dag_id=spotify_dag, task_id=glue_job, execution_date=20230203T160000, start_date=20230203T180231, end_date=20230203T180232
[2023-02-03T18:02:32.142+0000] {local_task_job.py:164} INFO - Task exited with return code 0
[2023-02-03T18:02:32.153+0000] {local_task_job.py:273} INFO - 0 downstream tasks scheduled from follow-on schedule check
