[2023-01-29T14:02:54.573+0000] {taskinstance.py:1165} INFO - Dependencies all met for <TaskInstance: spotify_dag.glue_job scheduled__2023-01-29T12:00:00+00:00 [queued]>
[2023-01-29T14:02:54.579+0000] {taskinstance.py:1165} INFO - Dependencies all met for <TaskInstance: spotify_dag.glue_job scheduled__2023-01-29T12:00:00+00:00 [queued]>
[2023-01-29T14:02:54.579+0000] {taskinstance.py:1362} INFO - 
--------------------------------------------------------------------------------
[2023-01-29T14:02:54.579+0000] {taskinstance.py:1363} INFO - Starting attempt 1 of 2
[2023-01-29T14:02:54.579+0000] {taskinstance.py:1364} INFO - 
--------------------------------------------------------------------------------
[2023-01-29T14:02:54.594+0000] {taskinstance.py:1383} INFO - Executing <Task(PythonOperator): glue_job> on 2023-01-29 12:00:00+00:00
[2023-01-29T14:02:54.597+0000] {standard_task_runner.py:55} INFO - Started process 31995 to run task
[2023-01-29T14:02:54.601+0000] {standard_task_runner.py:82} INFO - Running: ['airflow', 'tasks', 'run', 'spotify_dag', 'glue_job', 'scheduled__2023-01-29T12:00:00+00:00', '--job-id', '449', '--raw', '--subdir', 'DAGS_FOLDER/airflow_dags.py', '--cfg-path', '/tmp/tmp4mc4fgnm']
[2023-01-29T14:02:54.603+0000] {standard_task_runner.py:83} INFO - Job 449: Subtask glue_job
[2023-01-29T14:02:54.644+0000] {task_command.py:376} INFO - Running <TaskInstance: spotify_dag.glue_job scheduled__2023-01-29T12:00:00+00:00 [running]> on host ip-172-31-26-59.ap-northeast-2.compute.internal
[2023-01-29T14:02:54.694+0000] {taskinstance.py:1590} INFO - Exporting the following env vars:
AIRFLOW_CTX_DAG_EMAIL=nywkim@example.com
AIRFLOW_CTX_DAG_OWNER=airflow
AIRFLOW_CTX_DAG_ID=spotify_dag
AIRFLOW_CTX_TASK_ID=glue_job
AIRFLOW_CTX_EXECUTION_DATE=2023-01-29T12:00:00+00:00
AIRFLOW_CTX_TRY_NUMBER=1
AIRFLOW_CTX_DAG_RUN_ID=scheduled__2023-01-29T12:00:00+00:00
[2023-01-29T14:02:54.713+0000] {credentials.py:1048} INFO - Found credentials from IAM Role: EC2_S3_Af
[2023-01-29T14:02:55.143+0000] {logging_mixin.py:120} INFO - {'JobRunId': 'jr_8098b8ca3e0525edc5fb204348ce503c75d3ac7a0efaf5f6397e2b41313578a8', 'ResponseMetadata': {'RequestId': '67827f8f-8625-4b07-850a-fec9ecd20b22', 'HTTPStatusCode': 200, 'HTTPHeaders': {'date': 'Sun, 29 Jan 2023 14:02:55 GMT', 'content-type': 'application/x-amz-json-1.1', 'content-length': '82', 'connection': 'keep-alive', 'x-amzn-requestid': '67827f8f-8625-4b07-850a-fec9ecd20b22'}, 'RetryAttempts': 0}}
[2023-01-29T14:02:55.145+0000] {python.py:177} INFO - Done. Returned value was: None
[2023-01-29T14:02:55.149+0000] {taskinstance.py:1401} INFO - Marking task as SUCCESS. dag_id=spotify_dag, task_id=glue_job, execution_date=20230129T120000, start_date=20230129T140254, end_date=20230129T140255
[2023-01-29T14:02:55.174+0000] {local_task_job.py:164} INFO - Task exited with return code 0
[2023-01-29T14:02:55.184+0000] {local_task_job.py:273} INFO - 0 downstream tasks scheduled from follow-on schedule check
