[2023-02-02T14:03:26.640+0000] {taskinstance.py:1165} INFO - Dependencies all met for <TaskInstance: spotify_dag.glue_job scheduled__2023-02-02T12:00:00+00:00 [queued]>
[2023-02-02T14:03:26.647+0000] {taskinstance.py:1165} INFO - Dependencies all met for <TaskInstance: spotify_dag.glue_job scheduled__2023-02-02T12:00:00+00:00 [queued]>
[2023-02-02T14:03:26.647+0000] {taskinstance.py:1362} INFO - 
--------------------------------------------------------------------------------
[2023-02-02T14:03:26.647+0000] {taskinstance.py:1363} INFO - Starting attempt 1 of 2
[2023-02-02T14:03:26.647+0000] {taskinstance.py:1364} INFO - 
--------------------------------------------------------------------------------
[2023-02-02T14:03:26.661+0000] {taskinstance.py:1383} INFO - Executing <Task(PythonOperator): glue_job> on 2023-02-02 12:00:00+00:00
[2023-02-02T14:03:26.664+0000] {standard_task_runner.py:55} INFO - Started process 13174 to run task
[2023-02-02T14:03:26.668+0000] {standard_task_runner.py:82} INFO - Running: ['airflow', 'tasks', 'run', 'spotify_dag', 'glue_job', 'scheduled__2023-02-02T12:00:00+00:00', '--job-id', '567', '--raw', '--subdir', 'DAGS_FOLDER/airflow_dags.py', '--cfg-path', '/tmp/tmp4i9el38x']
[2023-02-02T14:03:26.670+0000] {standard_task_runner.py:83} INFO - Job 567: Subtask glue_job
[2023-02-02T14:03:26.710+0000] {task_command.py:376} INFO - Running <TaskInstance: spotify_dag.glue_job scheduled__2023-02-02T12:00:00+00:00 [running]> on host ip-172-31-26-59.ap-northeast-2.compute.internal
[2023-02-02T14:03:26.765+0000] {taskinstance.py:1590} INFO - Exporting the following env vars:
AIRFLOW_CTX_DAG_EMAIL=nywkim@example.com
AIRFLOW_CTX_DAG_OWNER=airflow
AIRFLOW_CTX_DAG_ID=spotify_dag
AIRFLOW_CTX_TASK_ID=glue_job
AIRFLOW_CTX_EXECUTION_DATE=2023-02-02T12:00:00+00:00
AIRFLOW_CTX_TRY_NUMBER=1
AIRFLOW_CTX_DAG_RUN_ID=scheduled__2023-02-02T12:00:00+00:00
[2023-02-02T14:03:26.780+0000] {credentials.py:1251} INFO - Found credentials in shared credentials file: ~/.aws/credentials
[2023-02-02T14:03:27.218+0000] {logging_mixin.py:120} INFO - {'JobRunId': 'jr_7deb831ed2e73448d7cc2c1124e5c659039fcfd0f1a2babf92e2a4141359a5ca', 'ResponseMetadata': {'RequestId': '7733013c-85e4-4a5e-bdde-4d2b422a58af', 'HTTPStatusCode': 200, 'HTTPHeaders': {'date': 'Thu, 02 Feb 2023 14:03:27 GMT', 'content-type': 'application/x-amz-json-1.1', 'content-length': '82', 'connection': 'keep-alive', 'x-amzn-requestid': '7733013c-85e4-4a5e-bdde-4d2b422a58af'}, 'RetryAttempts': 0}}
[2023-02-02T14:03:27.219+0000] {python.py:177} INFO - Done. Returned value was: None
[2023-02-02T14:03:27.223+0000] {taskinstance.py:1401} INFO - Marking task as SUCCESS. dag_id=spotify_dag, task_id=glue_job, execution_date=20230202T120000, start_date=20230202T140326, end_date=20230202T140327
[2023-02-02T14:03:27.242+0000] {local_task_job.py:164} INFO - Task exited with return code 0
[2023-02-02T14:03:27.253+0000] {local_task_job.py:273} INFO - 0 downstream tasks scheduled from follow-on schedule check
