[2023-02-03T16:00:12.580+0000] {taskinstance.py:1165} INFO - Dependencies all met for <TaskInstance: spotify_dag.crawl_s3 scheduled__2023-02-03T14:00:00+00:00 [queued]>
[2023-02-03T16:00:12.586+0000] {taskinstance.py:1165} INFO - Dependencies all met for <TaskInstance: spotify_dag.crawl_s3 scheduled__2023-02-03T14:00:00+00:00 [queued]>
[2023-02-03T16:00:12.586+0000] {taskinstance.py:1362} INFO - 
--------------------------------------------------------------------------------
[2023-02-03T16:00:12.586+0000] {taskinstance.py:1363} INFO - Starting attempt 1 of 2
[2023-02-03T16:00:12.586+0000] {taskinstance.py:1364} INFO - 
--------------------------------------------------------------------------------
[2023-02-03T16:00:12.598+0000] {taskinstance.py:1383} INFO - Executing <Task(GlueCrawlerOperator): crawl_s3> on 2023-02-03 14:00:00+00:00
[2023-02-03T16:00:12.601+0000] {standard_task_runner.py:55} INFO - Started process 42853 to run task
[2023-02-03T16:00:12.604+0000] {standard_task_runner.py:82} INFO - Running: ['airflow', 'tasks', 'run', 'spotify_dag', 'crawl_s3', 'scheduled__2023-02-03T14:00:00+00:00', '--job-id', '643', '--raw', '--subdir', 'DAGS_FOLDER/airflow_dags.py', '--cfg-path', '/tmp/tmpmxewiaa7']
[2023-02-03T16:00:12.606+0000] {standard_task_runner.py:83} INFO - Job 643: Subtask crawl_s3
[2023-02-03T16:00:12.645+0000] {task_command.py:376} INFO - Running <TaskInstance: spotify_dag.crawl_s3 scheduled__2023-02-03T14:00:00+00:00 [running]> on host ip-172-31-26-59.ap-northeast-2.compute.internal
[2023-02-03T16:00:12.700+0000] {taskinstance.py:1590} INFO - Exporting the following env vars:
AIRFLOW_CTX_DAG_EMAIL=nywkim@example.com
AIRFLOW_CTX_DAG_OWNER=airflow
AIRFLOW_CTX_DAG_ID=spotify_dag
AIRFLOW_CTX_TASK_ID=crawl_s3
AIRFLOW_CTX_EXECUTION_DATE=2023-02-03T14:00:00+00:00
AIRFLOW_CTX_TRY_NUMBER=1
AIRFLOW_CTX_DAG_RUN_ID=scheduled__2023-02-03T14:00:00+00:00
[2023-02-03T16:00:12.700+0000] {glue_crawler.py:55} INFO - Checking if crawler already exists: spotify-crawl
[2023-02-03T16:00:12.704+0000] {base.py:71} INFO - Using connection ID 'aws_default' for task execution.
[2023-02-03T16:00:12.705+0000] {connection_wrapper.py:334} INFO - AWS Connection (conn_id='aws_default', conn_type='aws') credentials retrieved from login and password.
[2023-02-03T16:00:13.374+0000] {base.py:71} INFO - Using connection ID 'aws_default' for task execution.
[2023-02-03T16:00:13.375+0000] {connection_wrapper.py:334} INFO - AWS Connection (conn_id='aws_default', conn_type='aws') credentials retrieved from login and password.
[2023-02-03T16:00:13.698+0000] {glue_crawler.py:82} INFO - Triggering AWS Glue Crawler
[2023-02-03T16:00:13.698+0000] {glue_crawler.py:151} INFO - Starting crawler spotify-crawl
[2023-02-03T16:00:15.974+0000] {glue_crawler.py:85} INFO - Waiting for AWS Glue Crawler
[2023-02-03T16:00:16.043+0000] {glue_crawler.py:188} INFO - Polling for AWS Glue crawler: spotify-crawl 
[2023-02-03T16:00:16.044+0000] {glue_crawler.py:189} INFO - State: RUNNING
[2023-02-03T16:00:16.088+0000] {glue_crawler.py:199} INFO - Crawler should finish soon
[2023-02-03T16:00:21.161+0000] {glue_crawler.py:188} INFO - Polling for AWS Glue crawler: spotify-crawl 
[2023-02-03T16:00:21.161+0000] {glue_crawler.py:189} INFO - State: RUNNING
[2023-02-03T16:00:21.203+0000] {glue_crawler.py:199} INFO - Crawler should finish soon
[2023-02-03T16:00:26.267+0000] {glue_crawler.py:188} INFO - Polling for AWS Glue crawler: spotify-crawl 
[2023-02-03T16:00:26.267+0000] {glue_crawler.py:189} INFO - State: RUNNING
[2023-02-03T16:00:26.313+0000] {glue_crawler.py:199} INFO - Crawler should finish soon
[2023-02-03T16:00:31.364+0000] {glue_crawler.py:188} INFO - Polling for AWS Glue crawler: spotify-crawl 
[2023-02-03T16:00:31.364+0000] {glue_crawler.py:189} INFO - State: RUNNING
[2023-02-03T16:00:31.410+0000] {glue_crawler.py:199} INFO - Crawler should finish soon
[2023-02-03T16:00:36.452+0000] {glue_crawler.py:188} INFO - Polling for AWS Glue crawler: spotify-crawl 
[2023-02-03T16:00:36.452+0000] {glue_crawler.py:189} INFO - State: RUNNING
[2023-02-03T16:00:36.483+0000] {glue_crawler.py:199} INFO - Crawler should finish soon
[2023-02-03T16:00:41.560+0000] {glue_crawler.py:188} INFO - Polling for AWS Glue crawler: spotify-crawl 
[2023-02-03T16:00:41.560+0000] {glue_crawler.py:189} INFO - State: RUNNING
[2023-02-03T16:00:41.601+0000] {glue_crawler.py:199} INFO - Crawler should finish soon
[2023-02-03T16:00:46.661+0000] {glue_crawler.py:188} INFO - Polling for AWS Glue crawler: spotify-crawl 
[2023-02-03T16:00:46.662+0000] {glue_crawler.py:189} INFO - State: RUNNING
[2023-02-03T16:00:46.698+0000] {glue_crawler.py:199} INFO - Crawler should finish soon
[2023-02-03T16:00:51.757+0000] {glue_crawler.py:188} INFO - Polling for AWS Glue crawler: spotify-crawl 
[2023-02-03T16:00:51.757+0000] {glue_crawler.py:189} INFO - State: RUNNING
[2023-02-03T16:00:51.807+0000] {glue_crawler.py:199} INFO - Crawler should finish soon
[2023-02-03T16:00:56.860+0000] {glue_crawler.py:188} INFO - Polling for AWS Glue crawler: spotify-crawl 
[2023-02-03T16:00:56.860+0000] {glue_crawler.py:189} INFO - State: RUNNING
[2023-02-03T16:00:56.905+0000] {glue_crawler.py:199} INFO - Crawler should finish soon
[2023-02-03T16:01:01.944+0000] {glue_crawler.py:188} INFO - Polling for AWS Glue crawler: spotify-crawl 
[2023-02-03T16:01:01.944+0000] {glue_crawler.py:189} INFO - State: RUNNING
[2023-02-03T16:01:01.977+0000] {glue_crawler.py:199} INFO - Crawler should finish soon
[2023-02-03T16:01:07.019+0000] {glue_crawler.py:188} INFO - Polling for AWS Glue crawler: spotify-crawl 
[2023-02-03T16:01:07.020+0000] {glue_crawler.py:189} INFO - State: RUNNING
[2023-02-03T16:01:07.045+0000] {glue_crawler.py:199} INFO - Crawler should finish soon
[2023-02-03T16:01:12.101+0000] {glue_crawler.py:188} INFO - Polling for AWS Glue crawler: spotify-crawl 
[2023-02-03T16:01:12.101+0000] {glue_crawler.py:189} INFO - State: STOPPING
[2023-02-03T16:01:12.131+0000] {glue_crawler.py:197} INFO - Estimated Time Left (seconds): 15
[2023-02-03T16:01:17.162+0000] {glue_crawler.py:188} INFO - Polling for AWS Glue crawler: spotify-crawl 
[2023-02-03T16:01:17.163+0000] {glue_crawler.py:189} INFO - State: STOPPING
[2023-02-03T16:01:17.189+0000] {glue_crawler.py:197} INFO - Estimated Time Left (seconds): 15
[2023-02-03T16:01:22.247+0000] {glue_crawler.py:188} INFO - Polling for AWS Glue crawler: spotify-crawl 
[2023-02-03T16:01:22.247+0000] {glue_crawler.py:189} INFO - State: STOPPING
[2023-02-03T16:01:22.288+0000] {glue_crawler.py:197} INFO - Estimated Time Left (seconds): 15
[2023-02-03T16:01:27.325+0000] {glue_crawler.py:188} INFO - Polling for AWS Glue crawler: spotify-crawl 
[2023-02-03T16:01:27.325+0000] {glue_crawler.py:189} INFO - State: STOPPING
[2023-02-03T16:01:27.366+0000] {glue_crawler.py:197} INFO - Estimated Time Left (seconds): 15
[2023-02-03T16:01:32.421+0000] {glue_crawler.py:188} INFO - Polling for AWS Glue crawler: spotify-crawl 
[2023-02-03T16:01:32.422+0000] {glue_crawler.py:189} INFO - State: STOPPING
[2023-02-03T16:01:32.443+0000] {glue_crawler.py:197} INFO - Estimated Time Left (seconds): 15
[2023-02-03T16:01:37.630+0000] {glue_crawler.py:188} INFO - Polling for AWS Glue crawler: spotify-crawl 
[2023-02-03T16:01:37.630+0000] {glue_crawler.py:189} INFO - State: STOPPING
[2023-02-03T16:01:37.671+0000] {glue_crawler.py:197} INFO - Estimated Time Left (seconds): 15
[2023-02-03T16:01:42.725+0000] {glue_crawler.py:188} INFO - Polling for AWS Glue crawler: spotify-crawl 
[2023-02-03T16:01:42.726+0000] {glue_crawler.py:189} INFO - State: STOPPING
[2023-02-03T16:01:42.778+0000] {glue_crawler.py:197} INFO - Estimated Time Left (seconds): 15
[2023-02-03T16:01:47.856+0000] {glue_crawler.py:188} INFO - Polling for AWS Glue crawler: spotify-crawl 
[2023-02-03T16:01:47.857+0000] {glue_crawler.py:189} INFO - State: STOPPING
[2023-02-03T16:01:47.900+0000] {glue_crawler.py:197} INFO - Estimated Time Left (seconds): 15
[2023-02-03T16:01:52.957+0000] {glue_crawler.py:188} INFO - Polling for AWS Glue crawler: spotify-crawl 
[2023-02-03T16:01:52.957+0000] {glue_crawler.py:189} INFO - State: STOPPING
[2023-02-03T16:01:52.991+0000] {glue_crawler.py:197} INFO - Estimated Time Left (seconds): 15
[2023-02-03T16:01:58.020+0000] {glue_crawler.py:188} INFO - Polling for AWS Glue crawler: spotify-crawl 
[2023-02-03T16:01:58.020+0000] {glue_crawler.py:189} INFO - State: STOPPING
[2023-02-03T16:01:58.062+0000] {glue_crawler.py:197} INFO - Estimated Time Left (seconds): 15
[2023-02-03T16:02:03.111+0000] {glue_crawler.py:188} INFO - Polling for AWS Glue crawler: spotify-crawl 
[2023-02-03T16:02:03.111+0000] {glue_crawler.py:189} INFO - State: STOPPING
[2023-02-03T16:02:03.152+0000] {glue_crawler.py:197} INFO - Estimated Time Left (seconds): 15
[2023-02-03T16:02:08.188+0000] {glue_crawler.py:188} INFO - Polling for AWS Glue crawler: spotify-crawl 
[2023-02-03T16:02:08.188+0000] {glue_crawler.py:189} INFO - State: STOPPING
[2023-02-03T16:02:08.212+0000] {glue_crawler.py:197} INFO - Estimated Time Left (seconds): 15
[2023-02-03T16:02:13.267+0000] {glue_crawler.py:188} INFO - Polling for AWS Glue crawler: spotify-crawl 
[2023-02-03T16:02:13.267+0000] {glue_crawler.py:189} INFO - State: STOPPING
[2023-02-03T16:02:13.310+0000] {glue_crawler.py:197} INFO - Estimated Time Left (seconds): 15
[2023-02-03T16:02:18.373+0000] {glue_crawler.py:188} INFO - Polling for AWS Glue crawler: spotify-crawl 
[2023-02-03T16:02:18.373+0000] {glue_crawler.py:189} INFO - State: STOPPING
[2023-02-03T16:02:18.401+0000] {glue_crawler.py:197} INFO - Estimated Time Left (seconds): 15
[2023-02-03T16:02:23.459+0000] {glue_crawler.py:188} INFO - Polling for AWS Glue crawler: spotify-crawl 
[2023-02-03T16:02:23.460+0000] {glue_crawler.py:189} INFO - State: STOPPING
[2023-02-03T16:02:23.500+0000] {glue_crawler.py:197} INFO - Estimated Time Left (seconds): 15
[2023-02-03T16:02:28.560+0000] {glue_crawler.py:188} INFO - Polling for AWS Glue crawler: spotify-crawl 
[2023-02-03T16:02:28.560+0000] {glue_crawler.py:189} INFO - State: STOPPING
[2023-02-03T16:02:28.589+0000] {glue_crawler.py:197} INFO - Estimated Time Left (seconds): 15
[2023-02-03T16:02:33.635+0000] {glue_crawler.py:188} INFO - Polling for AWS Glue crawler: spotify-crawl 
[2023-02-03T16:02:33.636+0000] {glue_crawler.py:189} INFO - State: STOPPING
[2023-02-03T16:02:33.681+0000] {glue_crawler.py:197} INFO - Estimated Time Left (seconds): 15
[2023-02-03T16:02:38.730+0000] {glue_crawler.py:188} INFO - Polling for AWS Glue crawler: spotify-crawl 
[2023-02-03T16:02:38.730+0000] {glue_crawler.py:189} INFO - State: STOPPING
[2023-02-03T16:02:38.774+0000] {glue_crawler.py:197} INFO - Estimated Time Left (seconds): 15
[2023-02-03T16:02:43.809+0000] {glue_crawler.py:188} INFO - Polling for AWS Glue crawler: spotify-crawl 
[2023-02-03T16:02:43.810+0000] {glue_crawler.py:189} INFO - State: STOPPING
[2023-02-03T16:02:43.837+0000] {glue_crawler.py:197} INFO - Estimated Time Left (seconds): 15
[2023-02-03T16:02:48.878+0000] {glue_crawler.py:188} INFO - Polling for AWS Glue crawler: spotify-crawl 
[2023-02-03T16:02:48.878+0000] {glue_crawler.py:189} INFO - State: STOPPING
[2023-02-03T16:02:48.913+0000] {glue_crawler.py:197} INFO - Estimated Time Left (seconds): 15
[2023-02-03T16:02:53.962+0000] {glue_crawler.py:170} INFO - State: READY
[2023-02-03T16:02:53.962+0000] {glue_crawler.py:171} INFO - crawler_config: {'Name': 'spotify-crawl', 'Role': 'service-role/AWSGlueServiceRole-crawlerclass', 'Targets': {'S3Targets': [{'Path': 's3://airflow-nk/data/gold', 'Exclusions': []}], 'JdbcTargets': [], 'MongoDBTargets': [], 'DynamoDBTargets': [], 'CatalogTargets': [], 'DeltaTargets': []}, 'DatabaseName': 'spotify', 'Classifiers': ['sp_classifieer'], 'RecrawlPolicy': {'RecrawlBehavior': 'CRAWL_EVERYTHING'}, 'SchemaChangePolicy': {'UpdateBehavior': 'LOG', 'DeleteBehavior': 'LOG'}, 'LineageConfiguration': {'CrawlerLineageSettings': 'DISABLE'}, 'State': 'READY', 'CrawlElapsedTime': 0, 'CreationTime': datetime.datetime(2022, 10, 4, 6, 4, 16, tzinfo=tzlocal()), 'LastUpdated': datetime.datetime(2023, 2, 1, 16, 13, 59, tzinfo=tzlocal()), 'LastCrawl': {'Status': 'SUCCEEDED', 'LogGroup': '/aws-glue/crawlers', 'LogStream': 'spotify-crawl', 'MessagePrefix': 'bf75e83f-f3cf-4853-9d34-1419a5bdc48d', 'StartTime': datetime.datetime(2023, 2, 3, 16, 0, 13, tzinfo=tzlocal())}, 'Version': 21, 'LakeFormationConfiguration': {'UseLakeFormationCredentials': False, 'AccountId': ''}}
[2023-02-03T16:02:53.991+0000] {glue_crawler.py:178} INFO - Status: SUCCEEDED
[2023-02-03T16:02:53.991+0000] {glue_crawler.py:179} INFO - Last Runtime Duration (seconds): 54.314
[2023-02-03T16:02:53.992+0000] {glue_crawler.py:180} INFO - Median Runtime Duration (seconds): 53.8945
[2023-02-03T16:02:53.992+0000] {glue_crawler.py:181} INFO - Tables Created: 0
[2023-02-03T16:02:53.992+0000] {glue_crawler.py:182} INFO - Tables Updated: 0
[2023-02-03T16:02:53.992+0000] {glue_crawler.py:183} INFO - Tables Deleted: 0
[2023-02-03T16:02:54.008+0000] {taskinstance.py:1401} INFO - Marking task as SUCCESS. dag_id=spotify_dag, task_id=crawl_s3, execution_date=20230203T140000, start_date=20230203T160012, end_date=20230203T160254
[2023-02-03T16:02:54.042+0000] {local_task_job.py:164} INFO - Task exited with return code 0
[2023-02-03T16:02:54.059+0000] {local_task_job.py:273} INFO - 1 downstream tasks scheduled from follow-on schedule check
