[2023-01-28T18:03:09.038+0000] {taskinstance.py:1165} INFO - Dependencies all met for <TaskInstance: spotify_dag.glue_job scheduled__2023-01-28T16:00:00+00:00 [queued]>
[2023-01-28T18:03:09.045+0000] {taskinstance.py:1165} INFO - Dependencies all met for <TaskInstance: spotify_dag.glue_job scheduled__2023-01-28T16:00:00+00:00 [queued]>
[2023-01-28T18:03:09.045+0000] {taskinstance.py:1362} INFO - 
--------------------------------------------------------------------------------
[2023-01-28T18:03:09.045+0000] {taskinstance.py:1363} INFO - Starting attempt 1 of 2
[2023-01-28T18:03:09.045+0000] {taskinstance.py:1364} INFO - 
--------------------------------------------------------------------------------
[2023-01-28T18:03:09.057+0000] {taskinstance.py:1383} INFO - Executing <Task(PythonOperator): glue_job> on 2023-01-28 16:00:00+00:00
[2023-01-28T18:03:09.060+0000] {standard_task_runner.py:55} INFO - Started process 46532 to run task
[2023-01-28T18:03:09.064+0000] {standard_task_runner.py:82} INFO - Running: ['airflow', 'tasks', 'run', 'spotify_dag', 'glue_job', 'scheduled__2023-01-28T16:00:00+00:00', '--job-id', '430', '--raw', '--subdir', 'DAGS_FOLDER/airflow_dags.py', '--cfg-path', '/tmp/tmppqlv1o2w']
[2023-01-28T18:03:09.066+0000] {standard_task_runner.py:83} INFO - Job 430: Subtask glue_job
[2023-01-28T18:03:09.106+0000] {task_command.py:376} INFO - Running <TaskInstance: spotify_dag.glue_job scheduled__2023-01-28T16:00:00+00:00 [running]> on host ip-172-31-26-59.ap-northeast-2.compute.internal
[2023-01-28T18:03:09.151+0000] {taskinstance.py:1590} INFO - Exporting the following env vars:
AIRFLOW_CTX_DAG_EMAIL=nywkim@example.com
AIRFLOW_CTX_DAG_OWNER=airflow
AIRFLOW_CTX_DAG_ID=spotify_dag
AIRFLOW_CTX_TASK_ID=glue_job
AIRFLOW_CTX_EXECUTION_DATE=2023-01-28T16:00:00+00:00
AIRFLOW_CTX_TRY_NUMBER=1
AIRFLOW_CTX_DAG_RUN_ID=scheduled__2023-01-28T16:00:00+00:00
[2023-01-28T18:03:09.170+0000] {credentials.py:1048} INFO - Found credentials from IAM Role: EC2_S3_Af
[2023-01-28T18:03:09.540+0000] {logging_mixin.py:120} INFO - {'JobRunId': 'jr_c0f4e9261715f5a268502c1386081bcad7b9a96a8442a08317c81aa8342901be', 'ResponseMetadata': {'RequestId': '8c822555-7617-41fe-b879-d52c74396088', 'HTTPStatusCode': 200, 'HTTPHeaders': {'date': 'Sat, 28 Jan 2023 18:03:09 GMT', 'content-type': 'application/x-amz-json-1.1', 'content-length': '82', 'connection': 'keep-alive', 'x-amzn-requestid': '8c822555-7617-41fe-b879-d52c74396088'}, 'RetryAttempts': 0}}
[2023-01-28T18:03:09.541+0000] {python.py:177} INFO - Done. Returned value was: None
[2023-01-28T18:03:09.545+0000] {taskinstance.py:1401} INFO - Marking task as SUCCESS. dag_id=spotify_dag, task_id=glue_job, execution_date=20230128T160000, start_date=20230128T180309, end_date=20230128T180309
[2023-01-28T18:03:09.596+0000] {local_task_job.py:164} INFO - Task exited with return code 0
[2023-01-28T18:03:09.607+0000] {local_task_job.py:273} INFO - 0 downstream tasks scheduled from follow-on schedule check
