[2023-01-25T08:00:02.792+0000] {taskinstance.py:1165} INFO - Dependencies all met for <TaskInstance: practice.glue_job scheduled__2023-01-25T06:00:00+00:00 [queued]>
[2023-01-25T08:00:02.798+0000] {taskinstance.py:1165} INFO - Dependencies all met for <TaskInstance: practice.glue_job scheduled__2023-01-25T06:00:00+00:00 [queued]>
[2023-01-25T08:00:02.798+0000] {taskinstance.py:1362} INFO - 
--------------------------------------------------------------------------------
[2023-01-25T08:00:02.798+0000] {taskinstance.py:1363} INFO - Starting attempt 1 of 2
[2023-01-25T08:00:02.798+0000] {taskinstance.py:1364} INFO - 
--------------------------------------------------------------------------------
[2023-01-25T08:00:02.810+0000] {taskinstance.py:1383} INFO - Executing <Task(GlueJobOperator): glue_job> on 2023-01-25 06:00:00+00:00
[2023-01-25T08:00:02.812+0000] {standard_task_runner.py:55} INFO - Started process 14922 to run task
[2023-01-25T08:00:02.816+0000] {standard_task_runner.py:82} INFO - Running: ['airflow', 'tasks', 'run', 'practice', 'glue_job', 'scheduled__2023-01-25T06:00:00+00:00', '--job-id', '333', '--raw', '--subdir', 'DAGS_FOLDER/practice.py', '--cfg-path', '/tmp/tmpxpe7vdfi']
[2023-01-25T08:00:02.817+0000] {standard_task_runner.py:83} INFO - Job 333: Subtask glue_job
[2023-01-25T08:00:02.853+0000] {task_command.py:376} INFO - Running <TaskInstance: practice.glue_job scheduled__2023-01-25T06:00:00+00:00 [running]> on host ip-172-31-26-59.ap-northeast-2.compute.internal
[2023-01-25T08:00:02.903+0000] {taskinstance.py:1590} INFO - Exporting the following env vars:
AIRFLOW_CTX_DAG_EMAIL=nywkim@example.com
AIRFLOW_CTX_DAG_OWNER=airflow
AIRFLOW_CTX_DAG_ID=practice
AIRFLOW_CTX_TASK_ID=glue_job
AIRFLOW_CTX_EXECUTION_DATE=2023-01-25T06:00:00+00:00
AIRFLOW_CTX_TRY_NUMBER=1
AIRFLOW_CTX_DAG_RUN_ID=scheduled__2023-01-25T06:00:00+00:00
[2023-01-25T08:00:02.904+0000] {glue.py:141} INFO - Initializing AWS Glue Job: SpotifyGlueJob. Wait for completion: True
[2023-01-25T08:00:02.908+0000] {base.py:71} INFO - Using connection ID 'aws_default' for task execution.
[2023-01-25T08:00:02.908+0000] {connection_wrapper.py:334} INFO - AWS Connection (conn_id='aws_default', conn_type='aws') credentials retrieved from login and password.
[2023-01-25T08:00:03.762+0000] {glue.py:135} INFO - Iam Role Name: AWSGlueServiceRole-crawlerclass
[2023-01-25T08:00:03.763+0000] {glue.py:266} INFO - Checking if job already exists: SpotifyGlueJob
[2023-01-25T08:00:04.806+0000] {glue.py:288} INFO - Updating job: SpotifyGlueJob
[2023-01-25T08:00:05.540+0000] {glue.py:290} INFO - Updated configurations: {'LogUri': 's3://aws-glue-assets-725381868002-ap-northeast-2/logs/glue-logs/SpotifyGlueJob', 'Command': {'Name': 'glueetl', 'ScriptLocation': 's3://aws-glue-assets-725381868002-ap-northeast-2/scripts/SpotifyGJ.py'}, 'MaxCapacity': 10}
[2023-01-25T08:00:05.799+0000] {glue.py:244} INFO - Polling for AWS Glue Job SpotifyGlueJob current run state with status RUNNING
[2023-01-25T08:00:11.868+0000] {glue.py:244} INFO - Polling for AWS Glue Job SpotifyGlueJob current run state with status RUNNING
[2023-01-25T08:00:17.907+0000] {glue.py:244} INFO - Polling for AWS Glue Job SpotifyGlueJob current run state with status RUNNING
[2023-01-25T08:00:23.977+0000] {glue.py:244} INFO - Polling for AWS Glue Job SpotifyGlueJob current run state with status RUNNING
[2023-01-25T08:00:28.032+0000] {local_task_job.py:227} WARNING - State of this instance has been externally set to failed. Terminating instance.
[2023-01-25T08:00:28.035+0000] {process_utils.py:129} INFO - Sending Signals.SIGTERM to group 14922. PIDs of all processes in the group: [14922]
[2023-01-25T08:00:28.035+0000] {process_utils.py:84} INFO - Sending the signal Signals.SIGTERM to group 14922
[2023-01-25T08:00:28.035+0000] {taskinstance.py:1562} ERROR - Received SIGTERM. Terminating subprocesses.
[2023-01-25T08:00:28.061+0000] {process_utils.py:79} INFO - Process psutil.Process(pid=14922, status='terminated', exitcode=0, started='08:00:02') (14922) terminated with exit code 0
