[2023-02-02T16:02:34.843+0000] {taskinstance.py:1165} INFO - Dependencies all met for <TaskInstance: spotify_dag.glue_job scheduled__2023-02-02T14:00:00+00:00 [queued]>
[2023-02-02T16:02:34.850+0000] {taskinstance.py:1165} INFO - Dependencies all met for <TaskInstance: spotify_dag.glue_job scheduled__2023-02-02T14:00:00+00:00 [queued]>
[2023-02-02T16:02:34.850+0000] {taskinstance.py:1362} INFO - 
--------------------------------------------------------------------------------
[2023-02-02T16:02:34.850+0000] {taskinstance.py:1363} INFO - Starting attempt 1 of 2
[2023-02-02T16:02:34.850+0000] {taskinstance.py:1364} INFO - 
--------------------------------------------------------------------------------
[2023-02-02T16:02:34.864+0000] {taskinstance.py:1383} INFO - Executing <Task(PythonOperator): glue_job> on 2023-02-02 14:00:00+00:00
[2023-02-02T16:02:34.868+0000] {standard_task_runner.py:55} INFO - Started process 19742 to run task
[2023-02-02T16:02:34.871+0000] {standard_task_runner.py:82} INFO - Running: ['airflow', 'tasks', 'run', 'spotify_dag', 'glue_job', 'scheduled__2023-02-02T14:00:00+00:00', '--job-id', '576', '--raw', '--subdir', 'DAGS_FOLDER/airflow_dags.py', '--cfg-path', '/tmp/tmplt3nxm8c']
[2023-02-02T16:02:34.873+0000] {standard_task_runner.py:83} INFO - Job 576: Subtask glue_job
[2023-02-02T16:02:34.915+0000] {task_command.py:376} INFO - Running <TaskInstance: spotify_dag.glue_job scheduled__2023-02-02T14:00:00+00:00 [running]> on host ip-172-31-26-59.ap-northeast-2.compute.internal
[2023-02-02T16:02:34.971+0000] {taskinstance.py:1590} INFO - Exporting the following env vars:
AIRFLOW_CTX_DAG_EMAIL=nywkim@example.com
AIRFLOW_CTX_DAG_OWNER=airflow
AIRFLOW_CTX_DAG_ID=spotify_dag
AIRFLOW_CTX_TASK_ID=glue_job
AIRFLOW_CTX_EXECUTION_DATE=2023-02-02T14:00:00+00:00
AIRFLOW_CTX_TRY_NUMBER=1
AIRFLOW_CTX_DAG_RUN_ID=scheduled__2023-02-02T14:00:00+00:00
[2023-02-02T16:02:34.985+0000] {credentials.py:1251} INFO - Found credentials in shared credentials file: ~/.aws/credentials
[2023-02-02T16:02:35.370+0000] {logging_mixin.py:120} INFO - {'JobRunId': 'jr_66da9a24c90f4f63d6db93e552db1b8430633ce5841576f2c9a700c2788a2342', 'ResponseMetadata': {'RequestId': '640089d5-1561-4eea-b09e-fed5a1825e5c', 'HTTPStatusCode': 200, 'HTTPHeaders': {'date': 'Thu, 02 Feb 2023 16:02:35 GMT', 'content-type': 'application/x-amz-json-1.1', 'content-length': '82', 'connection': 'keep-alive', 'x-amzn-requestid': '640089d5-1561-4eea-b09e-fed5a1825e5c'}, 'RetryAttempts': 0}}
[2023-02-02T16:02:35.371+0000] {python.py:177} INFO - Done. Returned value was: None
[2023-02-02T16:02:35.375+0000] {taskinstance.py:1401} INFO - Marking task as SUCCESS. dag_id=spotify_dag, task_id=glue_job, execution_date=20230202T140000, start_date=20230202T160234, end_date=20230202T160235
[2023-02-02T16:02:35.404+0000] {local_task_job.py:164} INFO - Task exited with return code 0
[2023-02-02T16:02:35.415+0000] {local_task_job.py:273} INFO - 0 downstream tasks scheduled from follow-on schedule check
