[2023-02-02T12:03:17.847+0000] {taskinstance.py:1165} INFO - Dependencies all met for <TaskInstance: spotify_dag.glue_job scheduled__2023-02-02T10:00:00+00:00 [queued]>
[2023-02-02T12:03:17.853+0000] {taskinstance.py:1165} INFO - Dependencies all met for <TaskInstance: spotify_dag.glue_job scheduled__2023-02-02T10:00:00+00:00 [queued]>
[2023-02-02T12:03:17.854+0000] {taskinstance.py:1362} INFO - 
--------------------------------------------------------------------------------
[2023-02-02T12:03:17.854+0000] {taskinstance.py:1363} INFO - Starting attempt 1 of 2
[2023-02-02T12:03:17.854+0000] {taskinstance.py:1364} INFO - 
--------------------------------------------------------------------------------
[2023-02-02T12:03:17.868+0000] {taskinstance.py:1383} INFO - Executing <Task(PythonOperator): glue_job> on 2023-02-02 10:00:00+00:00
[2023-02-02T12:03:17.871+0000] {standard_task_runner.py:55} INFO - Started process 6168 to run task
[2023-02-02T12:03:17.875+0000] {standard_task_runner.py:82} INFO - Running: ['airflow', 'tasks', 'run', 'spotify_dag', 'glue_job', 'scheduled__2023-02-02T10:00:00+00:00', '--job-id', '564', '--raw', '--subdir', 'DAGS_FOLDER/airflow_dags.py', '--cfg-path', '/tmp/tmpyarl_05b']
[2023-02-02T12:03:17.876+0000] {standard_task_runner.py:83} INFO - Job 564: Subtask glue_job
[2023-02-02T12:03:17.916+0000] {task_command.py:376} INFO - Running <TaskInstance: spotify_dag.glue_job scheduled__2023-02-02T10:00:00+00:00 [running]> on host ip-172-31-26-59.ap-northeast-2.compute.internal
[2023-02-02T12:03:17.966+0000] {taskinstance.py:1590} INFO - Exporting the following env vars:
AIRFLOW_CTX_DAG_EMAIL=nywkim@example.com
AIRFLOW_CTX_DAG_OWNER=airflow
AIRFLOW_CTX_DAG_ID=spotify_dag
AIRFLOW_CTX_TASK_ID=glue_job
AIRFLOW_CTX_EXECUTION_DATE=2023-02-02T10:00:00+00:00
AIRFLOW_CTX_TRY_NUMBER=1
AIRFLOW_CTX_DAG_RUN_ID=scheduled__2023-02-02T10:00:00+00:00
[2023-02-02T12:03:17.980+0000] {credentials.py:1251} INFO - Found credentials in shared credentials file: ~/.aws/credentials
[2023-02-02T12:03:18.411+0000] {logging_mixin.py:120} INFO - {'JobRunId': 'jr_a83f6b0b64b7bd9ea2e586b8a37e4a8065c35e67444e0153e26f62604812de65', 'ResponseMetadata': {'RequestId': '353483e2-9bd3-4982-a82c-d374ffab5de9', 'HTTPStatusCode': 200, 'HTTPHeaders': {'date': 'Thu, 02 Feb 2023 12:03:18 GMT', 'content-type': 'application/x-amz-json-1.1', 'content-length': '82', 'connection': 'keep-alive', 'x-amzn-requestid': '353483e2-9bd3-4982-a82c-d374ffab5de9'}, 'RetryAttempts': 0}}
[2023-02-02T12:03:18.412+0000] {python.py:177} INFO - Done. Returned value was: None
[2023-02-02T12:03:18.417+0000] {taskinstance.py:1401} INFO - Marking task as SUCCESS. dag_id=spotify_dag, task_id=glue_job, execution_date=20230202T100000, start_date=20230202T120317, end_date=20230202T120318
[2023-02-02T12:03:18.447+0000] {local_task_job.py:164} INFO - Task exited with return code 0
[2023-02-02T12:03:18.458+0000] {local_task_job.py:273} INFO - 0 downstream tasks scheduled from follow-on schedule check
