[2023-01-29T16:03:29.050+0000] {taskinstance.py:1165} INFO - Dependencies all met for <TaskInstance: spotify_dag.glue_job scheduled__2023-01-29T14:00:00+00:00 [queued]>
[2023-01-29T16:03:29.057+0000] {taskinstance.py:1165} INFO - Dependencies all met for <TaskInstance: spotify_dag.glue_job scheduled__2023-01-29T14:00:00+00:00 [queued]>
[2023-01-29T16:03:29.057+0000] {taskinstance.py:1362} INFO - 
--------------------------------------------------------------------------------
[2023-01-29T16:03:29.057+0000] {taskinstance.py:1363} INFO - Starting attempt 1 of 2
[2023-01-29T16:03:29.057+0000] {taskinstance.py:1364} INFO - 
--------------------------------------------------------------------------------
[2023-01-29T16:03:29.072+0000] {taskinstance.py:1383} INFO - Executing <Task(PythonOperator): glue_job> on 2023-01-29 14:00:00+00:00
[2023-01-29T16:03:29.075+0000] {standard_task_runner.py:55} INFO - Started process 39279 to run task
[2023-01-29T16:03:29.079+0000] {standard_task_runner.py:82} INFO - Running: ['airflow', 'tasks', 'run', 'spotify_dag', 'glue_job', 'scheduled__2023-01-29T14:00:00+00:00', '--job-id', '452', '--raw', '--subdir', 'DAGS_FOLDER/airflow_dags.py', '--cfg-path', '/tmp/tmp0df40l_z']
[2023-01-29T16:03:29.081+0000] {standard_task_runner.py:83} INFO - Job 452: Subtask glue_job
[2023-01-29T16:03:29.123+0000] {task_command.py:376} INFO - Running <TaskInstance: spotify_dag.glue_job scheduled__2023-01-29T14:00:00+00:00 [running]> on host ip-172-31-26-59.ap-northeast-2.compute.internal
[2023-01-29T16:03:29.174+0000] {taskinstance.py:1590} INFO - Exporting the following env vars:
AIRFLOW_CTX_DAG_EMAIL=nywkim@example.com
AIRFLOW_CTX_DAG_OWNER=airflow
AIRFLOW_CTX_DAG_ID=spotify_dag
AIRFLOW_CTX_TASK_ID=glue_job
AIRFLOW_CTX_EXECUTION_DATE=2023-01-29T14:00:00+00:00
AIRFLOW_CTX_TRY_NUMBER=1
AIRFLOW_CTX_DAG_RUN_ID=scheduled__2023-01-29T14:00:00+00:00
[2023-01-29T16:03:29.193+0000] {credentials.py:1048} INFO - Found credentials from IAM Role: EC2_S3_Af
[2023-01-29T16:03:29.633+0000] {logging_mixin.py:120} INFO - {'JobRunId': 'jr_0d96dd288198bb65a62dbefb5247bd0afbfc53f1fa8a59bf9ef07662278c7158', 'ResponseMetadata': {'RequestId': '2d193787-4072-4c3e-80ea-f8957f8adace', 'HTTPStatusCode': 200, 'HTTPHeaders': {'date': 'Sun, 29 Jan 2023 16:03:29 GMT', 'content-type': 'application/x-amz-json-1.1', 'content-length': '82', 'connection': 'keep-alive', 'x-amzn-requestid': '2d193787-4072-4c3e-80ea-f8957f8adace'}, 'RetryAttempts': 0}}
[2023-01-29T16:03:29.635+0000] {python.py:177} INFO - Done. Returned value was: None
[2023-01-29T16:03:29.639+0000] {taskinstance.py:1401} INFO - Marking task as SUCCESS. dag_id=spotify_dag, task_id=glue_job, execution_date=20230129T140000, start_date=20230129T160329, end_date=20230129T160329
[2023-01-29T16:03:29.692+0000] {local_task_job.py:164} INFO - Task exited with return code 0
[2023-01-29T16:03:29.703+0000] {local_task_job.py:273} INFO - 0 downstream tasks scheduled from follow-on schedule check
