[2023-01-25T10:00:03.132+0000] {taskinstance.py:1165} INFO - Dependencies all met for <TaskInstance: practice.glue_job scheduled__2023-01-25T08:00:00+00:00 [queued]>
[2023-01-25T10:00:03.137+0000] {taskinstance.py:1165} INFO - Dependencies all met for <TaskInstance: practice.glue_job scheduled__2023-01-25T08:00:00+00:00 [queued]>
[2023-01-25T10:00:03.138+0000] {taskinstance.py:1362} INFO - 
--------------------------------------------------------------------------------
[2023-01-25T10:00:03.138+0000] {taskinstance.py:1363} INFO - Starting attempt 1 of 2
[2023-01-25T10:00:03.138+0000] {taskinstance.py:1364} INFO - 
--------------------------------------------------------------------------------
[2023-01-25T10:00:03.151+0000] {taskinstance.py:1383} INFO - Executing <Task(PythonOperator): glue_job> on 2023-01-25 08:00:00+00:00
[2023-01-25T10:00:03.153+0000] {standard_task_runner.py:55} INFO - Started process 21284 to run task
[2023-01-25T10:00:03.157+0000] {standard_task_runner.py:82} INFO - Running: ['airflow', 'tasks', 'run', 'practice', 'glue_job', 'scheduled__2023-01-25T08:00:00+00:00', '--job-id', '353', '--raw', '--subdir', 'DAGS_FOLDER/practice.py', '--cfg-path', '/tmp/tmp47t5mj3a']
[2023-01-25T10:00:03.158+0000] {standard_task_runner.py:83} INFO - Job 353: Subtask glue_job
[2023-01-25T10:00:03.194+0000] {task_command.py:376} INFO - Running <TaskInstance: practice.glue_job scheduled__2023-01-25T08:00:00+00:00 [running]> on host ip-172-31-26-59.ap-northeast-2.compute.internal
[2023-01-25T10:00:03.238+0000] {taskinstance.py:1590} INFO - Exporting the following env vars:
AIRFLOW_CTX_DAG_EMAIL=nywkim@example.com
AIRFLOW_CTX_DAG_OWNER=airflow
AIRFLOW_CTX_DAG_ID=practice
AIRFLOW_CTX_TASK_ID=glue_job
AIRFLOW_CTX_EXECUTION_DATE=2023-01-25T08:00:00+00:00
AIRFLOW_CTX_TRY_NUMBER=1
AIRFLOW_CTX_DAG_RUN_ID=scheduled__2023-01-25T08:00:00+00:00
[2023-01-25T10:00:03.259+0000] {credentials.py:1048} INFO - Found credentials from IAM Role: EC2_S3_Af
[2023-01-25T10:00:03.601+0000] {logging_mixin.py:120} INFO - {'JobRunId': 'jr_960e68e59af594b9b3bde5112906c36089220d87ebff4e3fadb9cba6c390a9a8', 'ResponseMetadata': {'RequestId': 'f24de096-39a0-4497-9679-3cf5c755ec47', 'HTTPStatusCode': 200, 'HTTPHeaders': {'date': 'Wed, 25 Jan 2023 10:00:03 GMT', 'content-type': 'application/x-amz-json-1.1', 'content-length': '82', 'connection': 'keep-alive', 'x-amzn-requestid': 'f24de096-39a0-4497-9679-3cf5c755ec47'}, 'RetryAttempts': 0}}
[2023-01-25T10:00:03.602+0000] {python.py:177} INFO - Done. Returned value was: None
[2023-01-25T10:00:03.606+0000] {taskinstance.py:1401} INFO - Marking task as SUCCESS. dag_id=practice, task_id=glue_job, execution_date=20230125T080000, start_date=20230125T100003, end_date=20230125T100003
[2023-01-25T10:00:03.650+0000] {local_task_job.py:164} INFO - Task exited with return code 0
[2023-01-25T10:00:03.661+0000] {local_task_job.py:273} INFO - 0 downstream tasks scheduled from follow-on schedule check
