[2023-01-25T06:33:02.223+0000] {taskinstance.py:1165} INFO - Dependencies all met for <TaskInstance: practice.glue_job manual__2023-01-25T06:32:59.997087+00:00 [queued]>
[2023-01-25T06:33:02.229+0000] {taskinstance.py:1165} INFO - Dependencies all met for <TaskInstance: practice.glue_job manual__2023-01-25T06:32:59.997087+00:00 [queued]>
[2023-01-25T06:33:02.229+0000] {taskinstance.py:1362} INFO - 
--------------------------------------------------------------------------------
[2023-01-25T06:33:02.229+0000] {taskinstance.py:1363} INFO - Starting attempt 1 of 2
[2023-01-25T06:33:02.229+0000] {taskinstance.py:1364} INFO - 
--------------------------------------------------------------------------------
[2023-01-25T06:33:02.241+0000] {taskinstance.py:1383} INFO - Executing <Task(GlueJobOperator): glue_job> on 2023-01-25 06:32:59.997087+00:00
[2023-01-25T06:33:02.243+0000] {standard_task_runner.py:55} INFO - Started process 4750 to run task
[2023-01-25T06:33:02.247+0000] {standard_task_runner.py:82} INFO - Running: ['airflow', 'tasks', 'run', 'practice', 'glue_job', 'manual__2023-01-25T06:32:59.997087+00:00', '--job-id', '322', '--raw', '--subdir', 'DAGS_FOLDER/practice.py', '--cfg-path', '/tmp/tmpi0ypfu50']
[2023-01-25T06:33:02.248+0000] {standard_task_runner.py:83} INFO - Job 322: Subtask glue_job
[2023-01-25T06:33:02.284+0000] {task_command.py:376} INFO - Running <TaskInstance: practice.glue_job manual__2023-01-25T06:32:59.997087+00:00 [running]> on host ip-172-31-26-59.ap-northeast-2.compute.internal
[2023-01-25T06:33:02.329+0000] {taskinstance.py:1590} INFO - Exporting the following env vars:
AIRFLOW_CTX_DAG_EMAIL=nywkim@example.com
AIRFLOW_CTX_DAG_OWNER=airflow
AIRFLOW_CTX_DAG_ID=practice
AIRFLOW_CTX_TASK_ID=glue_job
AIRFLOW_CTX_EXECUTION_DATE=2023-01-25T06:32:59.997087+00:00
AIRFLOW_CTX_TRY_NUMBER=1
AIRFLOW_CTX_DAG_RUN_ID=manual__2023-01-25T06:32:59.997087+00:00
[2023-01-25T06:33:02.329+0000] {glue.py:141} INFO - Initializing AWS Glue Job: SpotifyGJ. Wait for completion: True
[2023-01-25T06:33:02.333+0000] {base.py:71} INFO - Using connection ID 'aws_default' for task execution.
[2023-01-25T06:33:02.334+0000] {connection_wrapper.py:334} INFO - AWS Connection (conn_id='aws_default', conn_type='aws') credentials retrieved from login and password.
[2023-01-25T06:33:03.182+0000] {glue.py:135} INFO - Iam Role Name: AWSGlueServiceRole-crawlerclass
[2023-01-25T06:33:03.183+0000] {glue.py:266} INFO - Checking if job already exists: SpotifyGJ
[2023-01-25T06:33:03.850+0000] {glue.py:288} INFO - Updating job: SpotifyGJ
[2023-01-25T06:33:03.925+0000] {glue.py:290} INFO - Updated configurations: {'LogUri': 's3://airflow-nk/logs/glue-logs/SpotifyGJ', 'Command': {'Name': 'glueetl', 'ScriptLocation': 's3://aws-glue-assets-725381868002-ap-northeast-2/scripts/SpotifyGJ.py'}, 'MaxCapacity': 10}
[2023-01-25T06:33:04.113+0000] {glue.py:244} INFO - Polling for AWS Glue Job SpotifyGJ current run state with status RUNNING
[2023-01-25T06:33:10.159+0000] {glue.py:244} INFO - Polling for AWS Glue Job SpotifyGJ current run state with status RUNNING
[2023-01-25T06:33:16.238+0000] {glue.py:244} INFO - Polling for AWS Glue Job SpotifyGJ current run state with status RUNNING
[2023-01-25T06:33:22.266+0000] {glue.py:244} INFO - Polling for AWS Glue Job SpotifyGJ current run state with status RUNNING
[2023-01-25T06:33:28.328+0000] {glue.py:244} INFO - Polling for AWS Glue Job SpotifyGJ current run state with status RUNNING
[2023-01-25T06:33:34.408+0000] {glue.py:244} INFO - Polling for AWS Glue Job SpotifyGJ current run state with status RUNNING
[2023-01-25T06:33:40.482+0000] {glue.py:244} INFO - Polling for AWS Glue Job SpotifyGJ current run state with status RUNNING
[2023-01-25T06:33:46.511+0000] {glue.py:241} INFO - Exiting Job jr_2b3802aac758f7e6d7f5d5b4b84277a4e5076e8e628bd03637b9b9aafcff8e53 Run State: FAILED
[2023-01-25T06:33:46.515+0000] {taskinstance.py:1851} ERROR - Task failed with exception
Traceback (most recent call last):
  File "/usr/local/lib/python3.10/dist-packages/airflow/providers/amazon/aws/operators/glue.py", line 148, in execute
    glue_job_run = glue_job.job_completion(self.job_name, glue_job_run["JobRunId"], self.verbose)
  File "/usr/local/lib/python3.10/dist-packages/airflow/providers/amazon/aws/hooks/glue.py", line 242, in job_completion
    raise AirflowException(job_error_message)
airflow.exceptions.AirflowException: Exiting Job jr_2b3802aac758f7e6d7f5d5b4b84277a4e5076e8e628bd03637b9b9aafcff8e53 Run State: FAILED
[2023-01-25T06:33:46.517+0000] {taskinstance.py:1401} INFO - Marking task as UP_FOR_RETRY. dag_id=practice, task_id=glue_job, execution_date=20230125T063259, start_date=20230125T063302, end_date=20230125T063346
[2023-01-25T06:33:46.530+0000] {standard_task_runner.py:100} ERROR - Failed to execute job 322 for task glue_job (Exiting Job jr_2b3802aac758f7e6d7f5d5b4b84277a4e5076e8e628bd03637b9b9aafcff8e53 Run State: FAILED; 4750)
[2023-01-25T06:33:46.570+0000] {local_task_job.py:164} INFO - Task exited with return code 1
[2023-01-25T06:33:46.579+0000] {local_task_job.py:273} INFO - 0 downstream tasks scheduled from follow-on schedule check
