[2022-12-25T08:00:02.928+0000] {taskinstance.py:1165} INFO - Dependencies all met for <TaskInstance: spotify_dag.spotify_etl scheduled__2022-12-25T06:00:00+00:00 [queued]>
[2022-12-25T08:00:02.934+0000] {taskinstance.py:1165} INFO - Dependencies all met for <TaskInstance: spotify_dag.spotify_etl scheduled__2022-12-25T06:00:00+00:00 [queued]>
[2022-12-25T08:00:02.935+0000] {taskinstance.py:1362} INFO - 
--------------------------------------------------------------------------------
[2022-12-25T08:00:02.935+0000] {taskinstance.py:1363} INFO - Starting attempt 1 of 2
[2022-12-25T08:00:02.935+0000] {taskinstance.py:1364} INFO - 
--------------------------------------------------------------------------------
[2022-12-25T08:00:02.947+0000] {taskinstance.py:1383} INFO - Executing <Task(PythonOperator): spotify_etl> on 2022-12-25 06:00:00+00:00
[2022-12-25T08:00:02.950+0000] {standard_task_runner.py:55} INFO - Started process 13579 to run task
[2022-12-25T08:00:02.954+0000] {standard_task_runner.py:82} INFO - Running: ['airflow', 'tasks', 'run', 'spotify_dag', 'spotify_etl', 'scheduled__2022-12-25T06:00:00+00:00', '--job-id', '164', '--raw', '--subdir', 'DAGS_FOLDER/airflow_dags.py', '--cfg-path', '/tmp/tmpsyxh7p8j']
[2022-12-25T08:00:02.955+0000] {standard_task_runner.py:83} INFO - Job 164: Subtask spotify_etl
[2022-12-25T08:00:02.993+0000] {task_command.py:376} INFO - Running <TaskInstance: spotify_dag.spotify_etl scheduled__2022-12-25T06:00:00+00:00 [running]> on host ip-172-31-26-59.ap-northeast-2.compute.internal
[2022-12-25T08:00:03.040+0000] {taskinstance.py:1590} INFO - Exporting the following env vars:
AIRFLOW_CTX_DAG_EMAIL=nywkim@example.com
AIRFLOW_CTX_DAG_OWNER=airflow
AIRFLOW_CTX_DAG_ID=spotify_dag
AIRFLOW_CTX_TASK_ID=spotify_etl
AIRFLOW_CTX_EXECUTION_DATE=2022-12-25T06:00:00+00:00
AIRFLOW_CTX_TRY_NUMBER=1
AIRFLOW_CTX_DAG_RUN_ID=scheduled__2022-12-25T06:00:00+00:00
[2022-12-25T08:00:12.427+0000] {python.py:177} INFO - Done. Returned value was: None
[2022-12-25T08:00:12.431+0000] {taskinstance.py:1401} INFO - Marking task as SUCCESS. dag_id=spotify_dag, task_id=spotify_etl, execution_date=20221225T060000, start_date=20221225T080002, end_date=20221225T080012
[2022-12-25T08:00:12.482+0000] {local_task_job.py:164} INFO - Task exited with return code 0
[2022-12-25T08:00:12.490+0000] {local_task_job.py:273} INFO - 0 downstream tasks scheduled from follow-on schedule check
