[2023-01-31T16:00:10.576+0000] {taskinstance.py:1165} INFO - Dependencies all met for <TaskInstance: spotify_dag.crawl_s3 scheduled__2023-01-31T14:00:00+00:00 [queued]>
[2023-01-31T16:00:10.582+0000] {taskinstance.py:1165} INFO - Dependencies all met for <TaskInstance: spotify_dag.crawl_s3 scheduled__2023-01-31T14:00:00+00:00 [queued]>
[2023-01-31T16:00:10.582+0000] {taskinstance.py:1362} INFO - 
--------------------------------------------------------------------------------
[2023-01-31T16:00:10.582+0000] {taskinstance.py:1363} INFO - Starting attempt 1 of 2
[2023-01-31T16:00:10.582+0000] {taskinstance.py:1364} INFO - 
--------------------------------------------------------------------------------
[2023-01-31T16:00:10.595+0000] {taskinstance.py:1383} INFO - Executing <Task(GlueCrawlerOperator): crawl_s3> on 2023-01-31 14:00:00+00:00
[2023-01-31T16:00:10.599+0000] {standard_task_runner.py:55} INFO - Started process 21038 to run task
[2023-01-31T16:00:10.605+0000] {standard_task_runner.py:82} INFO - Running: ['airflow', 'tasks', 'run', 'spotify_dag', 'crawl_s3', 'scheduled__2023-01-31T14:00:00+00:00', '--job-id', '529', '--raw', '--subdir', 'DAGS_FOLDER/airflow_dags.py', '--cfg-path', '/tmp/tmpvesshw41']
[2023-01-31T16:00:10.607+0000] {standard_task_runner.py:83} INFO - Job 529: Subtask crawl_s3
[2023-01-31T16:00:10.647+0000] {task_command.py:376} INFO - Running <TaskInstance: spotify_dag.crawl_s3 scheduled__2023-01-31T14:00:00+00:00 [running]> on host ip-172-31-26-59.ap-northeast-2.compute.internal
[2023-01-31T16:00:10.697+0000] {taskinstance.py:1590} INFO - Exporting the following env vars:
AIRFLOW_CTX_DAG_EMAIL=nywkim@example.com
AIRFLOW_CTX_DAG_OWNER=airflow
AIRFLOW_CTX_DAG_ID=spotify_dag
AIRFLOW_CTX_TASK_ID=crawl_s3
AIRFLOW_CTX_EXECUTION_DATE=2023-01-31T14:00:00+00:00
AIRFLOW_CTX_TRY_NUMBER=1
AIRFLOW_CTX_DAG_RUN_ID=scheduled__2023-01-31T14:00:00+00:00
[2023-01-31T16:00:10.697+0000] {glue_crawler.py:55} INFO - Checking if crawler already exists: spotify-crawl
[2023-01-31T16:00:10.701+0000] {base.py:71} INFO - Using connection ID 'aws_default' for task execution.
[2023-01-31T16:00:10.702+0000] {connection_wrapper.py:334} INFO - AWS Connection (conn_id='aws_default', conn_type='aws') credentials retrieved from login and password.
[2023-01-31T16:00:11.373+0000] {base.py:71} INFO - Using connection ID 'aws_default' for task execution.
[2023-01-31T16:00:11.374+0000] {connection_wrapper.py:334} INFO - AWS Connection (conn_id='aws_default', conn_type='aws') credentials retrieved from login and password.
[2023-01-31T16:00:11.701+0000] {glue_crawler.py:82} INFO - Triggering AWS Glue Crawler
[2023-01-31T16:00:11.701+0000] {glue_crawler.py:151} INFO - Starting crawler spotify-crawl
[2023-01-31T16:00:11.986+0000] {glue_crawler.py:85} INFO - Waiting for AWS Glue Crawler
[2023-01-31T16:00:12.040+0000] {glue_crawler.py:188} INFO - Polling for AWS Glue crawler: spotify-crawl 
[2023-01-31T16:00:12.040+0000] {glue_crawler.py:189} INFO - State: RUNNING
[2023-01-31T16:00:12.084+0000] {glue_crawler.py:199} INFO - Crawler should finish soon
[2023-01-31T16:00:17.129+0000] {glue_crawler.py:188} INFO - Polling for AWS Glue crawler: spotify-crawl 
[2023-01-31T16:00:17.130+0000] {glue_crawler.py:189} INFO - State: RUNNING
[2023-01-31T16:00:17.175+0000] {glue_crawler.py:199} INFO - Crawler should finish soon
[2023-01-31T16:00:22.235+0000] {glue_crawler.py:188} INFO - Polling for AWS Glue crawler: spotify-crawl 
[2023-01-31T16:00:22.235+0000] {glue_crawler.py:189} INFO - State: RUNNING
[2023-01-31T16:00:22.280+0000] {glue_crawler.py:199} INFO - Crawler should finish soon
[2023-01-31T16:00:27.337+0000] {glue_crawler.py:188} INFO - Polling for AWS Glue crawler: spotify-crawl 
[2023-01-31T16:00:27.337+0000] {glue_crawler.py:189} INFO - State: RUNNING
[2023-01-31T16:00:27.378+0000] {glue_crawler.py:199} INFO - Crawler should finish soon
[2023-01-31T16:00:32.438+0000] {glue_crawler.py:188} INFO - Polling for AWS Glue crawler: spotify-crawl 
[2023-01-31T16:00:32.438+0000] {glue_crawler.py:189} INFO - State: RUNNING
[2023-01-31T16:00:32.480+0000] {glue_crawler.py:199} INFO - Crawler should finish soon
[2023-01-31T16:00:37.541+0000] {glue_crawler.py:188} INFO - Polling for AWS Glue crawler: spotify-crawl 
[2023-01-31T16:00:37.541+0000] {glue_crawler.py:189} INFO - State: RUNNING
[2023-01-31T16:00:37.584+0000] {glue_crawler.py:199} INFO - Crawler should finish soon
[2023-01-31T16:00:42.644+0000] {glue_crawler.py:188} INFO - Polling for AWS Glue crawler: spotify-crawl 
[2023-01-31T16:00:42.644+0000] {glue_crawler.py:189} INFO - State: RUNNING
[2023-01-31T16:00:42.686+0000] {glue_crawler.py:199} INFO - Crawler should finish soon
[2023-01-31T16:00:47.729+0000] {glue_crawler.py:188} INFO - Polling for AWS Glue crawler: spotify-crawl 
[2023-01-31T16:00:47.729+0000] {glue_crawler.py:189} INFO - State: RUNNING
[2023-01-31T16:00:47.772+0000] {glue_crawler.py:199} INFO - Crawler should finish soon
[2023-01-31T16:00:52.822+0000] {glue_crawler.py:188} INFO - Polling for AWS Glue crawler: spotify-crawl 
[2023-01-31T16:00:52.822+0000] {glue_crawler.py:189} INFO - State: RUNNING
[2023-01-31T16:00:52.850+0000] {glue_crawler.py:197} INFO - Estimated Time Left (seconds): 15
[2023-01-31T16:00:57.916+0000] {glue_crawler.py:188} INFO - Polling for AWS Glue crawler: spotify-crawl 
[2023-01-31T16:00:57.917+0000] {glue_crawler.py:189} INFO - State: STOPPING
[2023-01-31T16:00:57.942+0000] {glue_crawler.py:197} INFO - Estimated Time Left (seconds): 15
[2023-01-31T16:01:02.997+0000] {glue_crawler.py:188} INFO - Polling for AWS Glue crawler: spotify-crawl 
[2023-01-31T16:01:02.998+0000] {glue_crawler.py:189} INFO - State: STOPPING
[2023-01-31T16:01:03.028+0000] {glue_crawler.py:197} INFO - Estimated Time Left (seconds): 15
[2023-01-31T16:01:08.062+0000] {glue_crawler.py:188} INFO - Polling for AWS Glue crawler: spotify-crawl 
[2023-01-31T16:01:08.062+0000] {glue_crawler.py:189} INFO - State: STOPPING
[2023-01-31T16:01:08.090+0000] {glue_crawler.py:197} INFO - Estimated Time Left (seconds): 15
[2023-01-31T16:01:13.141+0000] {glue_crawler.py:188} INFO - Polling for AWS Glue crawler: spotify-crawl 
[2023-01-31T16:01:13.141+0000] {glue_crawler.py:189} INFO - State: STOPPING
[2023-01-31T16:01:13.182+0000] {glue_crawler.py:197} INFO - Estimated Time Left (seconds): 15
[2023-01-31T16:01:18.235+0000] {glue_crawler.py:188} INFO - Polling for AWS Glue crawler: spotify-crawl 
[2023-01-31T16:01:18.235+0000] {glue_crawler.py:189} INFO - State: STOPPING
[2023-01-31T16:01:18.278+0000] {glue_crawler.py:197} INFO - Estimated Time Left (seconds): 15
[2023-01-31T16:01:23.327+0000] {glue_crawler.py:188} INFO - Polling for AWS Glue crawler: spotify-crawl 
[2023-01-31T16:01:23.327+0000] {glue_crawler.py:189} INFO - State: STOPPING
[2023-01-31T16:01:23.370+0000] {glue_crawler.py:197} INFO - Estimated Time Left (seconds): 15
[2023-01-31T16:01:28.411+0000] {glue_crawler.py:188} INFO - Polling for AWS Glue crawler: spotify-crawl 
[2023-01-31T16:01:28.411+0000] {glue_crawler.py:189} INFO - State: STOPPING
[2023-01-31T16:01:28.455+0000] {glue_crawler.py:197} INFO - Estimated Time Left (seconds): 15
[2023-01-31T16:01:33.496+0000] {glue_crawler.py:188} INFO - Polling for AWS Glue crawler: spotify-crawl 
[2023-01-31T16:01:33.497+0000] {glue_crawler.py:189} INFO - State: STOPPING
[2023-01-31T16:01:33.535+0000] {glue_crawler.py:197} INFO - Estimated Time Left (seconds): 15
[2023-01-31T16:01:38.570+0000] {glue_crawler.py:188} INFO - Polling for AWS Glue crawler: spotify-crawl 
[2023-01-31T16:01:38.571+0000] {glue_crawler.py:189} INFO - State: STOPPING
[2023-01-31T16:01:38.607+0000] {glue_crawler.py:197} INFO - Estimated Time Left (seconds): 15
[2023-01-31T16:01:43.940+0000] {glue_crawler.py:188} INFO - Polling for AWS Glue crawler: spotify-crawl 
[2023-01-31T16:01:43.940+0000] {glue_crawler.py:189} INFO - State: STOPPING
[2023-01-31T16:01:43.979+0000] {glue_crawler.py:197} INFO - Estimated Time Left (seconds): 15
[2023-01-31T16:01:49.012+0000] {glue_crawler.py:188} INFO - Polling for AWS Glue crawler: spotify-crawl 
[2023-01-31T16:01:49.012+0000] {glue_crawler.py:189} INFO - State: STOPPING
[2023-01-31T16:01:49.053+0000] {glue_crawler.py:197} INFO - Estimated Time Left (seconds): 15
[2023-01-31T16:01:54.099+0000] {glue_crawler.py:188} INFO - Polling for AWS Glue crawler: spotify-crawl 
[2023-01-31T16:01:54.099+0000] {glue_crawler.py:189} INFO - State: STOPPING
[2023-01-31T16:01:54.145+0000] {glue_crawler.py:197} INFO - Estimated Time Left (seconds): 15
[2023-01-31T16:01:59.185+0000] {glue_crawler.py:188} INFO - Polling for AWS Glue crawler: spotify-crawl 
[2023-01-31T16:01:59.185+0000] {glue_crawler.py:189} INFO - State: STOPPING
[2023-01-31T16:01:59.211+0000] {glue_crawler.py:197} INFO - Estimated Time Left (seconds): 15
[2023-01-31T16:02:04.275+0000] {glue_crawler.py:188} INFO - Polling for AWS Glue crawler: spotify-crawl 
[2023-01-31T16:02:04.275+0000] {glue_crawler.py:189} INFO - State: STOPPING
[2023-01-31T16:02:04.316+0000] {glue_crawler.py:197} INFO - Estimated Time Left (seconds): 15
[2023-01-31T16:02:09.360+0000] {glue_crawler.py:188} INFO - Polling for AWS Glue crawler: spotify-crawl 
[2023-01-31T16:02:09.360+0000] {glue_crawler.py:189} INFO - State: STOPPING
[2023-01-31T16:02:09.402+0000] {glue_crawler.py:197} INFO - Estimated Time Left (seconds): 15
[2023-01-31T16:02:14.466+0000] {glue_crawler.py:188} INFO - Polling for AWS Glue crawler: spotify-crawl 
[2023-01-31T16:02:14.466+0000] {glue_crawler.py:189} INFO - State: STOPPING
[2023-01-31T16:02:14.508+0000] {glue_crawler.py:197} INFO - Estimated Time Left (seconds): 15
[2023-01-31T16:02:19.560+0000] {glue_crawler.py:170} INFO - State: READY
[2023-01-31T16:02:19.560+0000] {glue_crawler.py:171} INFO - crawler_config: {'Name': 'spotify-crawl', 'Role': 'service-role/AWSGlueServiceRole-crawlerclass', 'Targets': {'S3Targets': [{'Path': 's3://airflow-nk/logs', 'Exclusions': []}], 'JdbcTargets': [], 'MongoDBTargets': [], 'DynamoDBTargets': [], 'CatalogTargets': [], 'DeltaTargets': []}, 'DatabaseName': 'spotify', 'Classifiers': [], 'RecrawlPolicy': {'RecrawlBehavior': 'CRAWL_EVERYTHING'}, 'SchemaChangePolicy': {'UpdateBehavior': 'LOG', 'DeleteBehavior': 'LOG'}, 'LineageConfiguration': {'CrawlerLineageSettings': 'DISABLE'}, 'State': 'READY', 'CrawlElapsedTime': 0, 'CreationTime': datetime.datetime(2022, 10, 4, 6, 4, 16, tzinfo=tzlocal()), 'LastUpdated': datetime.datetime(2023, 1, 25, 11, 32, 11, tzinfo=tzlocal()), 'LastCrawl': {'Status': 'SUCCEEDED', 'LogGroup': '/aws-glue/crawlers', 'LogStream': 'spotify-crawl', 'MessagePrefix': '24a562ea-a7b5-4b1a-9209-e01334f9c4a4', 'StartTime': datetime.datetime(2023, 1, 31, 16, 0, 11, tzinfo=tzlocal())}, 'Version': 18, 'LakeFormationConfiguration': {'UseLakeFormationCredentials': False, 'AccountId': ''}}
[2023-01-31T16:02:19.599+0000] {glue_crawler.py:178} INFO - Status: SUCCEEDED
[2023-01-31T16:02:19.600+0000] {glue_crawler.py:179} INFO - Last Runtime Duration (seconds): 45.901
[2023-01-31T16:02:19.600+0000] {glue_crawler.py:180} INFO - Median Runtime Duration (seconds): 62.182500000000005
[2023-01-31T16:02:19.600+0000] {glue_crawler.py:181} INFO - Tables Created: 0
[2023-01-31T16:02:19.600+0000] {glue_crawler.py:182} INFO - Tables Updated: 0
[2023-01-31T16:02:19.600+0000] {glue_crawler.py:183} INFO - Tables Deleted: 0
[2023-01-31T16:02:19.613+0000] {taskinstance.py:1401} INFO - Marking task as SUCCESS. dag_id=spotify_dag, task_id=crawl_s3, execution_date=20230131T140000, start_date=20230131T160010, end_date=20230131T160219
[2023-01-31T16:02:19.658+0000] {local_task_job.py:164} INFO - Task exited with return code 0
[2023-01-31T16:02:19.675+0000] {local_task_job.py:273} INFO - 1 downstream tasks scheduled from follow-on schedule check
