[2023-02-01T08:00:11.889+0000] {taskinstance.py:1165} INFO - Dependencies all met for <TaskInstance: spotify_dag.crawl_s3 scheduled__2023-02-01T06:00:00+00:00 [queued]>
[2023-02-01T08:00:11.896+0000] {taskinstance.py:1165} INFO - Dependencies all met for <TaskInstance: spotify_dag.crawl_s3 scheduled__2023-02-01T06:00:00+00:00 [queued]>
[2023-02-01T08:00:11.897+0000] {taskinstance.py:1362} INFO - 
--------------------------------------------------------------------------------
[2023-02-01T08:00:11.897+0000] {taskinstance.py:1363} INFO - Starting attempt 1 of 2
[2023-02-01T08:00:11.897+0000] {taskinstance.py:1364} INFO - 
--------------------------------------------------------------------------------
[2023-02-01T08:00:11.913+0000] {taskinstance.py:1383} INFO - Executing <Task(GlueCrawlerOperator): crawl_s3> on 2023-02-01 06:00:00+00:00
[2023-02-01T08:00:11.916+0000] {standard_task_runner.py:55} INFO - Started process 7145 to run task
[2023-02-01T08:00:11.920+0000] {standard_task_runner.py:82} INFO - Running: ['airflow', 'tasks', 'run', 'spotify_dag', 'crawl_s3', 'scheduled__2023-02-01T06:00:00+00:00', '--job-id', '546', '--raw', '--subdir', 'DAGS_FOLDER/airflow_dags.py', '--cfg-path', '/tmp/tmp25tjngqi']
[2023-02-01T08:00:11.922+0000] {standard_task_runner.py:83} INFO - Job 546: Subtask crawl_s3
[2023-02-01T08:00:11.966+0000] {task_command.py:376} INFO - Running <TaskInstance: spotify_dag.crawl_s3 scheduled__2023-02-01T06:00:00+00:00 [running]> on host ip-172-31-26-59.ap-northeast-2.compute.internal
[2023-02-01T08:00:12.028+0000] {taskinstance.py:1590} INFO - Exporting the following env vars:
AIRFLOW_CTX_DAG_EMAIL=nywkim@example.com
AIRFLOW_CTX_DAG_OWNER=airflow
AIRFLOW_CTX_DAG_ID=spotify_dag
AIRFLOW_CTX_TASK_ID=crawl_s3
AIRFLOW_CTX_EXECUTION_DATE=2023-02-01T06:00:00+00:00
AIRFLOW_CTX_TRY_NUMBER=1
AIRFLOW_CTX_DAG_RUN_ID=scheduled__2023-02-01T06:00:00+00:00
[2023-02-01T08:00:12.029+0000] {glue_crawler.py:55} INFO - Checking if crawler already exists: spotify-crawl
[2023-02-01T08:00:12.033+0000] {base.py:71} INFO - Using connection ID 'aws_default' for task execution.
[2023-02-01T08:00:12.034+0000] {connection_wrapper.py:334} INFO - AWS Connection (conn_id='aws_default', conn_type='aws') credentials retrieved from login and password.
[2023-02-01T08:00:12.836+0000] {base.py:71} INFO - Using connection ID 'aws_default' for task execution.
[2023-02-01T08:00:12.837+0000] {connection_wrapper.py:334} INFO - AWS Connection (conn_id='aws_default', conn_type='aws') credentials retrieved from login and password.
[2023-02-01T08:00:13.205+0000] {glue_crawler.py:82} INFO - Triggering AWS Glue Crawler
[2023-02-01T08:00:13.206+0000] {glue_crawler.py:151} INFO - Starting crawler spotify-crawl
[2023-02-01T08:00:13.466+0000] {glue_crawler.py:85} INFO - Waiting for AWS Glue Crawler
[2023-02-01T08:00:13.520+0000] {glue_crawler.py:188} INFO - Polling for AWS Glue crawler: spotify-crawl 
[2023-02-01T08:00:13.520+0000] {glue_crawler.py:189} INFO - State: RUNNING
[2023-02-01T08:00:13.566+0000] {glue_crawler.py:199} INFO - Crawler should finish soon
[2023-02-01T08:00:18.625+0000] {glue_crawler.py:188} INFO - Polling for AWS Glue crawler: spotify-crawl 
[2023-02-01T08:00:18.625+0000] {glue_crawler.py:189} INFO - State: RUNNING
[2023-02-01T08:00:18.655+0000] {glue_crawler.py:199} INFO - Crawler should finish soon
[2023-02-01T08:00:23.717+0000] {glue_crawler.py:188} INFO - Polling for AWS Glue crawler: spotify-crawl 
[2023-02-01T08:00:23.717+0000] {glue_crawler.py:189} INFO - State: RUNNING
[2023-02-01T08:00:23.759+0000] {glue_crawler.py:199} INFO - Crawler should finish soon
[2023-02-01T08:00:28.814+0000] {glue_crawler.py:188} INFO - Polling for AWS Glue crawler: spotify-crawl 
[2023-02-01T08:00:28.814+0000] {glue_crawler.py:189} INFO - State: RUNNING
[2023-02-01T08:00:28.854+0000] {glue_crawler.py:199} INFO - Crawler should finish soon
[2023-02-01T08:00:33.896+0000] {glue_crawler.py:188} INFO - Polling for AWS Glue crawler: spotify-crawl 
[2023-02-01T08:00:33.896+0000] {glue_crawler.py:189} INFO - State: RUNNING
[2023-02-01T08:00:33.946+0000] {glue_crawler.py:199} INFO - Crawler should finish soon
[2023-02-01T08:00:39.007+0000] {glue_crawler.py:188} INFO - Polling for AWS Glue crawler: spotify-crawl 
[2023-02-01T08:00:39.007+0000] {glue_crawler.py:189} INFO - State: RUNNING
[2023-02-01T08:00:39.049+0000] {glue_crawler.py:199} INFO - Crawler should finish soon
[2023-02-01T08:00:44.122+0000] {glue_crawler.py:188} INFO - Polling for AWS Glue crawler: spotify-crawl 
[2023-02-01T08:00:44.123+0000] {glue_crawler.py:189} INFO - State: RUNNING
[2023-02-01T08:00:44.152+0000] {glue_crawler.py:199} INFO - Crawler should finish soon
[2023-02-01T08:00:49.191+0000] {glue_crawler.py:188} INFO - Polling for AWS Glue crawler: spotify-crawl 
[2023-02-01T08:00:49.191+0000] {glue_crawler.py:189} INFO - State: RUNNING
[2023-02-01T08:00:49.232+0000] {glue_crawler.py:199} INFO - Crawler should finish soon
[2023-02-01T08:00:54.294+0000] {glue_crawler.py:188} INFO - Polling for AWS Glue crawler: spotify-crawl 
[2023-02-01T08:00:54.294+0000] {glue_crawler.py:189} INFO - State: RUNNING
[2023-02-01T08:00:54.333+0000] {glue_crawler.py:199} INFO - Crawler should finish soon
[2023-02-01T08:00:59.377+0000] {glue_crawler.py:188} INFO - Polling for AWS Glue crawler: spotify-crawl 
[2023-02-01T08:00:59.378+0000] {glue_crawler.py:189} INFO - State: RUNNING
[2023-02-01T08:00:59.426+0000] {glue_crawler.py:197} INFO - Estimated Time Left (seconds): 15
[2023-02-01T08:01:04.489+0000] {glue_crawler.py:188} INFO - Polling for AWS Glue crawler: spotify-crawl 
[2023-02-01T08:01:04.489+0000] {glue_crawler.py:189} INFO - State: RUNNING
[2023-02-01T08:01:04.536+0000] {glue_crawler.py:197} INFO - Estimated Time Left (seconds): 15
[2023-02-01T08:01:09.574+0000] {glue_crawler.py:188} INFO - Polling for AWS Glue crawler: spotify-crawl 
[2023-02-01T08:01:09.574+0000] {glue_crawler.py:189} INFO - State: STOPPING
[2023-02-01T08:01:09.603+0000] {glue_crawler.py:197} INFO - Estimated Time Left (seconds): 15
[2023-02-01T08:01:14.666+0000] {glue_crawler.py:188} INFO - Polling for AWS Glue crawler: spotify-crawl 
[2023-02-01T08:01:14.666+0000] {glue_crawler.py:189} INFO - State: STOPPING
[2023-02-01T08:01:14.705+0000] {glue_crawler.py:197} INFO - Estimated Time Left (seconds): 15
[2023-02-01T08:01:19.759+0000] {glue_crawler.py:188} INFO - Polling for AWS Glue crawler: spotify-crawl 
[2023-02-01T08:01:19.759+0000] {glue_crawler.py:189} INFO - State: STOPPING
[2023-02-01T08:01:19.786+0000] {glue_crawler.py:197} INFO - Estimated Time Left (seconds): 15
[2023-02-01T08:01:24.851+0000] {glue_crawler.py:188} INFO - Polling for AWS Glue crawler: spotify-crawl 
[2023-02-01T08:01:24.851+0000] {glue_crawler.py:189} INFO - State: STOPPING
[2023-02-01T08:01:24.894+0000] {glue_crawler.py:197} INFO - Estimated Time Left (seconds): 15
[2023-02-01T08:01:29.946+0000] {glue_crawler.py:188} INFO - Polling for AWS Glue crawler: spotify-crawl 
[2023-02-01T08:01:29.946+0000] {glue_crawler.py:189} INFO - State: STOPPING
[2023-02-01T08:01:29.971+0000] {glue_crawler.py:197} INFO - Estimated Time Left (seconds): 15
[2023-02-01T08:01:35.030+0000] {glue_crawler.py:188} INFO - Polling for AWS Glue crawler: spotify-crawl 
[2023-02-01T08:01:35.030+0000] {glue_crawler.py:189} INFO - State: STOPPING
[2023-02-01T08:01:35.055+0000] {glue_crawler.py:197} INFO - Estimated Time Left (seconds): 15
[2023-02-01T08:01:40.091+0000] {glue_crawler.py:188} INFO - Polling for AWS Glue crawler: spotify-crawl 
[2023-02-01T08:01:40.092+0000] {glue_crawler.py:189} INFO - State: STOPPING
[2023-02-01T08:01:40.120+0000] {glue_crawler.py:197} INFO - Estimated Time Left (seconds): 15
[2023-02-01T08:01:45.181+0000] {glue_crawler.py:188} INFO - Polling for AWS Glue crawler: spotify-crawl 
[2023-02-01T08:01:45.181+0000] {glue_crawler.py:189} INFO - State: STOPPING
[2023-02-01T08:01:45.215+0000] {glue_crawler.py:197} INFO - Estimated Time Left (seconds): 15
[2023-02-01T08:01:50.255+0000] {glue_crawler.py:188} INFO - Polling for AWS Glue crawler: spotify-crawl 
[2023-02-01T08:01:50.256+0000] {glue_crawler.py:189} INFO - State: STOPPING
[2023-02-01T08:01:50.296+0000] {glue_crawler.py:197} INFO - Estimated Time Left (seconds): 15
[2023-02-01T08:01:55.342+0000] {glue_crawler.py:188} INFO - Polling for AWS Glue crawler: spotify-crawl 
[2023-02-01T08:01:55.342+0000] {glue_crawler.py:189} INFO - State: STOPPING
[2023-02-01T08:01:55.378+0000] {glue_crawler.py:197} INFO - Estimated Time Left (seconds): 15
[2023-02-01T08:02:00.423+0000] {glue_crawler.py:188} INFO - Polling for AWS Glue crawler: spotify-crawl 
[2023-02-01T08:02:00.423+0000] {glue_crawler.py:189} INFO - State: STOPPING
[2023-02-01T08:02:00.467+0000] {glue_crawler.py:197} INFO - Estimated Time Left (seconds): 15
[2023-02-01T08:02:05.527+0000] {glue_crawler.py:188} INFO - Polling for AWS Glue crawler: spotify-crawl 
[2023-02-01T08:02:05.528+0000] {glue_crawler.py:189} INFO - State: STOPPING
[2023-02-01T08:02:05.563+0000] {glue_crawler.py:197} INFO - Estimated Time Left (seconds): 15
[2023-02-01T08:02:10.622+0000] {glue_crawler.py:188} INFO - Polling for AWS Glue crawler: spotify-crawl 
[2023-02-01T08:02:10.622+0000] {glue_crawler.py:189} INFO - State: STOPPING
[2023-02-01T08:02:10.663+0000] {glue_crawler.py:197} INFO - Estimated Time Left (seconds): 15
[2023-02-01T08:02:15.699+0000] {glue_crawler.py:188} INFO - Polling for AWS Glue crawler: spotify-crawl 
[2023-02-01T08:02:15.700+0000] {glue_crawler.py:189} INFO - State: STOPPING
[2023-02-01T08:02:15.745+0000] {glue_crawler.py:197} INFO - Estimated Time Left (seconds): 15
[2023-02-01T08:02:20.792+0000] {glue_crawler.py:188} INFO - Polling for AWS Glue crawler: spotify-crawl 
[2023-02-01T08:02:20.792+0000] {glue_crawler.py:189} INFO - State: STOPPING
[2023-02-01T08:02:20.821+0000] {glue_crawler.py:197} INFO - Estimated Time Left (seconds): 15
[2023-02-01T08:02:25.875+0000] {glue_crawler.py:188} INFO - Polling for AWS Glue crawler: spotify-crawl 
[2023-02-01T08:02:25.875+0000] {glue_crawler.py:189} INFO - State: STOPPING
[2023-02-01T08:02:25.902+0000] {glue_crawler.py:197} INFO - Estimated Time Left (seconds): 15
[2023-02-01T08:02:30.948+0000] {glue_crawler.py:188} INFO - Polling for AWS Glue crawler: spotify-crawl 
[2023-02-01T08:02:30.948+0000] {glue_crawler.py:189} INFO - State: STOPPING
[2023-02-01T08:02:30.981+0000] {glue_crawler.py:197} INFO - Estimated Time Left (seconds): 15
[2023-02-01T08:02:36.031+0000] {glue_crawler.py:170} INFO - State: READY
[2023-02-01T08:02:36.031+0000] {glue_crawler.py:171} INFO - crawler_config: {'Name': 'spotify-crawl', 'Role': 'service-role/AWSGlueServiceRole-crawlerclass', 'Targets': {'S3Targets': [{'Path': 's3://airflow-nk/logs', 'Exclusions': []}], 'JdbcTargets': [], 'MongoDBTargets': [], 'DynamoDBTargets': [], 'CatalogTargets': [], 'DeltaTargets': []}, 'DatabaseName': 'spotify', 'Classifiers': [], 'RecrawlPolicy': {'RecrawlBehavior': 'CRAWL_EVERYTHING'}, 'SchemaChangePolicy': {'UpdateBehavior': 'LOG', 'DeleteBehavior': 'LOG'}, 'LineageConfiguration': {'CrawlerLineageSettings': 'DISABLE'}, 'State': 'READY', 'CrawlElapsedTime': 0, 'CreationTime': datetime.datetime(2022, 10, 4, 6, 4, 16, tzinfo=tzlocal()), 'LastUpdated': datetime.datetime(2023, 1, 25, 11, 32, 11, tzinfo=tzlocal()), 'LastCrawl': {'Status': 'SUCCEEDED', 'LogGroup': '/aws-glue/crawlers', 'LogStream': 'spotify-crawl', 'MessagePrefix': 'd4e30188-7c21-4ae8-9e64-41a7e06b6208', 'StartTime': datetime.datetime(2023, 2, 1, 8, 0, 13, tzinfo=tzlocal())}, 'Version': 18, 'LakeFormationConfiguration': {'UseLakeFormationCredentials': False, 'AccountId': ''}}
[2023-02-01T08:02:36.066+0000] {glue_crawler.py:178} INFO - Status: SUCCEEDED
[2023-02-01T08:02:36.066+0000] {glue_crawler.py:179} INFO - Last Runtime Duration (seconds): 52.518
[2023-02-01T08:02:36.067+0000] {glue_crawler.py:180} INFO - Median Runtime Duration (seconds): 62.182500000000005
[2023-02-01T08:02:36.067+0000] {glue_crawler.py:181} INFO - Tables Created: 0
[2023-02-01T08:02:36.067+0000] {glue_crawler.py:182} INFO - Tables Updated: 0
[2023-02-01T08:02:36.067+0000] {glue_crawler.py:183} INFO - Tables Deleted: 0
[2023-02-01T08:02:36.084+0000] {taskinstance.py:1401} INFO - Marking task as SUCCESS. dag_id=spotify_dag, task_id=crawl_s3, execution_date=20230201T060000, start_date=20230201T080011, end_date=20230201T080236
[2023-02-01T08:02:36.110+0000] {local_task_job.py:164} INFO - Task exited with return code 0
[2023-02-01T08:02:36.132+0000] {local_task_job.py:273} INFO - 1 downstream tasks scheduled from follow-on schedule check
