[2023-02-03T12:00:12.225+0000] {taskinstance.py:1165} INFO - Dependencies all met for <TaskInstance: spotify_dag.crawl_s3 scheduled__2023-02-03T10:00:00+00:00 [queued]>
[2023-02-03T12:00:12.231+0000] {taskinstance.py:1165} INFO - Dependencies all met for <TaskInstance: spotify_dag.crawl_s3 scheduled__2023-02-03T10:00:00+00:00 [queued]>
[2023-02-03T12:00:12.231+0000] {taskinstance.py:1362} INFO - 
--------------------------------------------------------------------------------
[2023-02-03T12:00:12.231+0000] {taskinstance.py:1363} INFO - Starting attempt 1 of 2
[2023-02-03T12:00:12.231+0000] {taskinstance.py:1364} INFO - 
--------------------------------------------------------------------------------
[2023-02-03T12:00:12.244+0000] {taskinstance.py:1383} INFO - Executing <Task(GlueCrawlerOperator): crawl_s3> on 2023-02-03 10:00:00+00:00
[2023-02-03T12:00:12.252+0000] {standard_task_runner.py:55} INFO - Started process 28147 to run task
[2023-02-03T12:00:12.256+0000] {standard_task_runner.py:82} INFO - Running: ['airflow', 'tasks', 'run', 'spotify_dag', 'crawl_s3', 'scheduled__2023-02-03T10:00:00+00:00', '--job-id', '637', '--raw', '--subdir', 'DAGS_FOLDER/airflow_dags.py', '--cfg-path', '/tmp/tmp06j45zln']
[2023-02-03T12:00:12.258+0000] {standard_task_runner.py:83} INFO - Job 637: Subtask crawl_s3
[2023-02-03T12:00:12.299+0000] {task_command.py:376} INFO - Running <TaskInstance: spotify_dag.crawl_s3 scheduled__2023-02-03T10:00:00+00:00 [running]> on host ip-172-31-26-59.ap-northeast-2.compute.internal
[2023-02-03T12:00:12.349+0000] {taskinstance.py:1590} INFO - Exporting the following env vars:
AIRFLOW_CTX_DAG_EMAIL=nywkim@example.com
AIRFLOW_CTX_DAG_OWNER=airflow
AIRFLOW_CTX_DAG_ID=spotify_dag
AIRFLOW_CTX_TASK_ID=crawl_s3
AIRFLOW_CTX_EXECUTION_DATE=2023-02-03T10:00:00+00:00
AIRFLOW_CTX_TRY_NUMBER=1
AIRFLOW_CTX_DAG_RUN_ID=scheduled__2023-02-03T10:00:00+00:00
[2023-02-03T12:00:12.350+0000] {glue_crawler.py:55} INFO - Checking if crawler already exists: spotify-crawl
[2023-02-03T12:00:12.354+0000] {base.py:71} INFO - Using connection ID 'aws_default' for task execution.
[2023-02-03T12:00:12.355+0000] {connection_wrapper.py:334} INFO - AWS Connection (conn_id='aws_default', conn_type='aws') credentials retrieved from login and password.
[2023-02-03T12:00:13.036+0000] {base.py:71} INFO - Using connection ID 'aws_default' for task execution.
[2023-02-03T12:00:13.036+0000] {connection_wrapper.py:334} INFO - AWS Connection (conn_id='aws_default', conn_type='aws') credentials retrieved from login and password.
[2023-02-03T12:00:13.342+0000] {glue_crawler.py:82} INFO - Triggering AWS Glue Crawler
[2023-02-03T12:00:13.342+0000] {glue_crawler.py:151} INFO - Starting crawler spotify-crawl
[2023-02-03T12:00:24.614+0000] {glue_crawler.py:85} INFO - Waiting for AWS Glue Crawler
[2023-02-03T12:00:24.667+0000] {glue_crawler.py:188} INFO - Polling for AWS Glue crawler: spotify-crawl 
[2023-02-03T12:00:24.667+0000] {glue_crawler.py:189} INFO - State: RUNNING
[2023-02-03T12:00:24.715+0000] {glue_crawler.py:199} INFO - Crawler should finish soon
[2023-02-03T12:00:29.776+0000] {glue_crawler.py:188} INFO - Polling for AWS Glue crawler: spotify-crawl 
[2023-02-03T12:00:29.777+0000] {glue_crawler.py:189} INFO - State: RUNNING
[2023-02-03T12:00:29.817+0000] {glue_crawler.py:199} INFO - Crawler should finish soon
[2023-02-03T12:00:34.876+0000] {glue_crawler.py:188} INFO - Polling for AWS Glue crawler: spotify-crawl 
[2023-02-03T12:00:34.876+0000] {glue_crawler.py:189} INFO - State: RUNNING
[2023-02-03T12:00:34.916+0000] {glue_crawler.py:199} INFO - Crawler should finish soon
[2023-02-03T12:00:39.975+0000] {glue_crawler.py:188} INFO - Polling for AWS Glue crawler: spotify-crawl 
[2023-02-03T12:00:39.975+0000] {glue_crawler.py:189} INFO - State: RUNNING
[2023-02-03T12:00:40.017+0000] {glue_crawler.py:199} INFO - Crawler should finish soon
[2023-02-03T12:00:45.081+0000] {glue_crawler.py:188} INFO - Polling for AWS Glue crawler: spotify-crawl 
[2023-02-03T12:00:45.081+0000] {glue_crawler.py:189} INFO - State: RUNNING
[2023-02-03T12:00:45.122+0000] {glue_crawler.py:199} INFO - Crawler should finish soon
[2023-02-03T12:00:50.208+0000] {glue_crawler.py:188} INFO - Polling for AWS Glue crawler: spotify-crawl 
[2023-02-03T12:00:50.209+0000] {glue_crawler.py:189} INFO - State: RUNNING
[2023-02-03T12:00:50.248+0000] {glue_crawler.py:199} INFO - Crawler should finish soon
[2023-02-03T12:00:55.310+0000] {glue_crawler.py:188} INFO - Polling for AWS Glue crawler: spotify-crawl 
[2023-02-03T12:00:55.310+0000] {glue_crawler.py:189} INFO - State: RUNNING
[2023-02-03T12:00:55.360+0000] {glue_crawler.py:199} INFO - Crawler should finish soon
[2023-02-03T12:01:00.405+0000] {glue_crawler.py:188} INFO - Polling for AWS Glue crawler: spotify-crawl 
[2023-02-03T12:01:00.406+0000] {glue_crawler.py:189} INFO - State: RUNNING
[2023-02-03T12:01:00.449+0000] {glue_crawler.py:199} INFO - Crawler should finish soon
[2023-02-03T12:01:05.501+0000] {glue_crawler.py:188} INFO - Polling for AWS Glue crawler: spotify-crawl 
[2023-02-03T12:01:05.501+0000] {glue_crawler.py:189} INFO - State: RUNNING
[2023-02-03T12:01:05.541+0000] {glue_crawler.py:199} INFO - Crawler should finish soon
[2023-02-03T12:01:10.610+0000] {glue_crawler.py:188} INFO - Polling for AWS Glue crawler: spotify-crawl 
[2023-02-03T12:01:10.610+0000] {glue_crawler.py:189} INFO - State: RUNNING
[2023-02-03T12:01:10.645+0000] {glue_crawler.py:199} INFO - Crawler should finish soon
[2023-02-03T12:01:15.689+0000] {glue_crawler.py:188} INFO - Polling for AWS Glue crawler: spotify-crawl 
[2023-02-03T12:01:15.689+0000] {glue_crawler.py:189} INFO - State: STOPPING
[2023-02-03T12:01:15.729+0000] {glue_crawler.py:197} INFO - Estimated Time Left (seconds): 15
[2023-02-03T12:01:20.769+0000] {glue_crawler.py:188} INFO - Polling for AWS Glue crawler: spotify-crawl 
[2023-02-03T12:01:20.769+0000] {glue_crawler.py:189} INFO - State: STOPPING
[2023-02-03T12:01:20.847+0000] {glue_crawler.py:197} INFO - Estimated Time Left (seconds): 15
[2023-02-03T12:01:25.912+0000] {glue_crawler.py:188} INFO - Polling for AWS Glue crawler: spotify-crawl 
[2023-02-03T12:01:25.912+0000] {glue_crawler.py:189} INFO - State: STOPPING
[2023-02-03T12:01:25.953+0000] {glue_crawler.py:197} INFO - Estimated Time Left (seconds): 15
[2023-02-03T12:01:31.010+0000] {glue_crawler.py:188} INFO - Polling for AWS Glue crawler: spotify-crawl 
[2023-02-03T12:01:31.011+0000] {glue_crawler.py:189} INFO - State: STOPPING
[2023-02-03T12:01:31.046+0000] {glue_crawler.py:197} INFO - Estimated Time Left (seconds): 15
[2023-02-03T12:01:36.099+0000] {glue_crawler.py:188} INFO - Polling for AWS Glue crawler: spotify-crawl 
[2023-02-03T12:01:36.100+0000] {glue_crawler.py:189} INFO - State: STOPPING
[2023-02-03T12:01:36.135+0000] {glue_crawler.py:197} INFO - Estimated Time Left (seconds): 15
[2023-02-03T12:01:41.190+0000] {glue_crawler.py:188} INFO - Polling for AWS Glue crawler: spotify-crawl 
[2023-02-03T12:01:41.190+0000] {glue_crawler.py:189} INFO - State: STOPPING
[2023-02-03T12:01:41.230+0000] {glue_crawler.py:197} INFO - Estimated Time Left (seconds): 15
[2023-02-03T12:01:46.277+0000] {glue_crawler.py:188} INFO - Polling for AWS Glue crawler: spotify-crawl 
[2023-02-03T12:01:46.277+0000] {glue_crawler.py:189} INFO - State: STOPPING
[2023-02-03T12:01:46.304+0000] {glue_crawler.py:197} INFO - Estimated Time Left (seconds): 15
[2023-02-03T12:01:51.340+0000] {glue_crawler.py:188} INFO - Polling for AWS Glue crawler: spotify-crawl 
[2023-02-03T12:01:51.340+0000] {glue_crawler.py:189} INFO - State: STOPPING
[2023-02-03T12:01:51.376+0000] {glue_crawler.py:197} INFO - Estimated Time Left (seconds): 15
[2023-02-03T12:01:56.426+0000] {glue_crawler.py:188} INFO - Polling for AWS Glue crawler: spotify-crawl 
[2023-02-03T12:01:56.427+0000] {glue_crawler.py:189} INFO - State: STOPPING
[2023-02-03T12:01:56.472+0000] {glue_crawler.py:197} INFO - Estimated Time Left (seconds): 15
[2023-02-03T12:02:01.532+0000] {glue_crawler.py:188} INFO - Polling for AWS Glue crawler: spotify-crawl 
[2023-02-03T12:02:01.532+0000] {glue_crawler.py:189} INFO - State: STOPPING
[2023-02-03T12:02:01.569+0000] {glue_crawler.py:197} INFO - Estimated Time Left (seconds): 15
[2023-02-03T12:02:06.624+0000] {glue_crawler.py:188} INFO - Polling for AWS Glue crawler: spotify-crawl 
[2023-02-03T12:02:06.625+0000] {glue_crawler.py:189} INFO - State: STOPPING
[2023-02-03T12:02:06.651+0000] {glue_crawler.py:197} INFO - Estimated Time Left (seconds): 15
[2023-02-03T12:02:11.699+0000] {glue_crawler.py:188} INFO - Polling for AWS Glue crawler: spotify-crawl 
[2023-02-03T12:02:11.699+0000] {glue_crawler.py:189} INFO - State: STOPPING
[2023-02-03T12:02:11.741+0000] {glue_crawler.py:197} INFO - Estimated Time Left (seconds): 15
[2023-02-03T12:02:16.812+0000] {glue_crawler.py:188} INFO - Polling for AWS Glue crawler: spotify-crawl 
[2023-02-03T12:02:16.813+0000] {glue_crawler.py:189} INFO - State: STOPPING
[2023-02-03T12:02:16.837+0000] {glue_crawler.py:197} INFO - Estimated Time Left (seconds): 15
[2023-02-03T12:02:21.889+0000] {glue_crawler.py:188} INFO - Polling for AWS Glue crawler: spotify-crawl 
[2023-02-03T12:02:21.889+0000] {glue_crawler.py:189} INFO - State: STOPPING
[2023-02-03T12:02:21.929+0000] {glue_crawler.py:197} INFO - Estimated Time Left (seconds): 15
[2023-02-03T12:02:26.965+0000] {glue_crawler.py:188} INFO - Polling for AWS Glue crawler: spotify-crawl 
[2023-02-03T12:02:26.966+0000] {glue_crawler.py:189} INFO - State: STOPPING
[2023-02-03T12:02:26.995+0000] {glue_crawler.py:197} INFO - Estimated Time Left (seconds): 15
[2023-02-03T12:02:32.038+0000] {glue_crawler.py:188} INFO - Polling for AWS Glue crawler: spotify-crawl 
[2023-02-03T12:02:32.038+0000] {glue_crawler.py:189} INFO - State: STOPPING
[2023-02-03T12:02:32.082+0000] {glue_crawler.py:197} INFO - Estimated Time Left (seconds): 15
[2023-02-03T12:02:37.133+0000] {glue_crawler.py:188} INFO - Polling for AWS Glue crawler: spotify-crawl 
[2023-02-03T12:02:37.133+0000] {glue_crawler.py:189} INFO - State: STOPPING
[2023-02-03T12:02:37.176+0000] {glue_crawler.py:197} INFO - Estimated Time Left (seconds): 15
[2023-02-03T12:02:42.230+0000] {glue_crawler.py:188} INFO - Polling for AWS Glue crawler: spotify-crawl 
[2023-02-03T12:02:42.231+0000] {glue_crawler.py:189} INFO - State: STOPPING
[2023-02-03T12:02:42.264+0000] {glue_crawler.py:197} INFO - Estimated Time Left (seconds): 15
[2023-02-03T12:02:47.318+0000] {glue_crawler.py:188} INFO - Polling for AWS Glue crawler: spotify-crawl 
[2023-02-03T12:02:47.318+0000] {glue_crawler.py:189} INFO - State: STOPPING
[2023-02-03T12:02:47.362+0000] {glue_crawler.py:197} INFO - Estimated Time Left (seconds): 15
[2023-02-03T12:02:52.424+0000] {glue_crawler.py:188} INFO - Polling for AWS Glue crawler: spotify-crawl 
[2023-02-03T12:02:52.424+0000] {glue_crawler.py:189} INFO - State: STOPPING
[2023-02-03T12:02:52.453+0000] {glue_crawler.py:197} INFO - Estimated Time Left (seconds): 15
[2023-02-03T12:02:57.503+0000] {glue_crawler.py:188} INFO - Polling for AWS Glue crawler: spotify-crawl 
[2023-02-03T12:02:57.503+0000] {glue_crawler.py:189} INFO - State: STOPPING
[2023-02-03T12:02:57.541+0000] {glue_crawler.py:197} INFO - Estimated Time Left (seconds): 15
[2023-02-03T12:03:02.604+0000] {glue_crawler.py:188} INFO - Polling for AWS Glue crawler: spotify-crawl 
[2023-02-03T12:03:02.605+0000] {glue_crawler.py:189} INFO - State: STOPPING
[2023-02-03T12:03:02.675+0000] {glue_crawler.py:197} INFO - Estimated Time Left (seconds): 15
[2023-02-03T12:03:07.725+0000] {glue_crawler.py:170} INFO - State: READY
[2023-02-03T12:03:07.725+0000] {glue_crawler.py:171} INFO - crawler_config: {'Name': 'spotify-crawl', 'Role': 'service-role/AWSGlueServiceRole-crawlerclass', 'Targets': {'S3Targets': [{'Path': 's3://airflow-nk/data/gold', 'Exclusions': []}], 'JdbcTargets': [], 'MongoDBTargets': [], 'DynamoDBTargets': [], 'CatalogTargets': [], 'DeltaTargets': []}, 'DatabaseName': 'spotify', 'Classifiers': ['sp_classifieer'], 'RecrawlPolicy': {'RecrawlBehavior': 'CRAWL_EVERYTHING'}, 'SchemaChangePolicy': {'UpdateBehavior': 'LOG', 'DeleteBehavior': 'LOG'}, 'LineageConfiguration': {'CrawlerLineageSettings': 'DISABLE'}, 'State': 'READY', 'CrawlElapsedTime': 0, 'CreationTime': datetime.datetime(2022, 10, 4, 6, 4, 16, tzinfo=tzlocal()), 'LastUpdated': datetime.datetime(2023, 2, 1, 16, 13, 59, tzinfo=tzlocal()), 'LastCrawl': {'Status': 'SUCCEEDED', 'LogGroup': '/aws-glue/crawlers', 'LogStream': 'spotify-crawl', 'MessagePrefix': '8e420d9e-98b7-4013-881b-d62160cd9756', 'StartTime': datetime.datetime(2023, 2, 3, 12, 0, 13, tzinfo=tzlocal())}, 'Version': 21, 'LakeFormationConfiguration': {'UseLakeFormationCredentials': False, 'AccountId': ''}}
[2023-02-03T12:03:07.765+0000] {glue_crawler.py:178} INFO - Status: SUCCEEDED
[2023-02-03T12:03:07.765+0000] {glue_crawler.py:179} INFO - Last Runtime Duration (seconds): 61.302
[2023-02-03T12:03:07.765+0000] {glue_crawler.py:180} INFO - Median Runtime Duration (seconds): 52.675
[2023-02-03T12:03:07.765+0000] {glue_crawler.py:181} INFO - Tables Created: 0
[2023-02-03T12:03:07.766+0000] {glue_crawler.py:182} INFO - Tables Updated: 0
[2023-02-03T12:03:07.766+0000] {glue_crawler.py:183} INFO - Tables Deleted: 0
[2023-02-03T12:03:07.780+0000] {taskinstance.py:1401} INFO - Marking task as SUCCESS. dag_id=spotify_dag, task_id=crawl_s3, execution_date=20230203T100000, start_date=20230203T120012, end_date=20230203T120307
[2023-02-03T12:03:07.838+0000] {local_task_job.py:164} INFO - Task exited with return code 0
[2023-02-03T12:03:07.854+0000] {local_task_job.py:273} INFO - 1 downstream tasks scheduled from follow-on schedule check
