[2023-01-24T18:52:57.023+0000] {taskinstance.py:1165} INFO - Dependencies all met for <TaskInstance: spotify_dag.crawl_s3 manual__2023-01-24T18:52:44.081135+00:00 [queued]>
[2023-01-24T18:52:57.029+0000] {taskinstance.py:1165} INFO - Dependencies all met for <TaskInstance: spotify_dag.crawl_s3 manual__2023-01-24T18:52:44.081135+00:00 [queued]>
[2023-01-24T18:52:57.029+0000] {taskinstance.py:1362} INFO - 
--------------------------------------------------------------------------------
[2023-01-24T18:52:57.029+0000] {taskinstance.py:1363} INFO - Starting attempt 1 of 2
[2023-01-24T18:52:57.030+0000] {taskinstance.py:1364} INFO - 
--------------------------------------------------------------------------------
[2023-01-24T18:52:57.044+0000] {taskinstance.py:1383} INFO - Executing <Task(GlueCrawlerOperator): crawl_s3> on 2023-01-24 18:52:44.081135+00:00
[2023-01-24T18:52:57.047+0000] {standard_task_runner.py:55} INFO - Started process 1356 to run task
[2023-01-24T18:52:57.051+0000] {standard_task_runner.py:82} INFO - Running: ['airflow', 'tasks', 'run', 'spotify_dag', 'crawl_s3', 'manual__2023-01-24T18:52:44.081135+00:00', '--job-id', '294', '--raw', '--subdir', 'DAGS_FOLDER/airflow_dags.py', '--cfg-path', '/tmp/tmp4k6kj85a']
[2023-01-24T18:52:57.053+0000] {standard_task_runner.py:83} INFO - Job 294: Subtask crawl_s3
[2023-01-24T18:52:57.095+0000] {task_command.py:376} INFO - Running <TaskInstance: spotify_dag.crawl_s3 manual__2023-01-24T18:52:44.081135+00:00 [running]> on host ip-172-31-26-59.ap-northeast-2.compute.internal
[2023-01-24T18:52:57.149+0000] {taskinstance.py:1590} INFO - Exporting the following env vars:
AIRFLOW_CTX_DAG_EMAIL=nywkim@example.com
AIRFLOW_CTX_DAG_OWNER=airflow
AIRFLOW_CTX_DAG_ID=spotify_dag
AIRFLOW_CTX_TASK_ID=crawl_s3
AIRFLOW_CTX_EXECUTION_DATE=2023-01-24T18:52:44.081135+00:00
AIRFLOW_CTX_TRY_NUMBER=1
AIRFLOW_CTX_DAG_RUN_ID=manual__2023-01-24T18:52:44.081135+00:00
[2023-01-24T18:52:57.150+0000] {glue_crawler.py:55} INFO - Checking if crawler already exists: spotify-crawl
[2023-01-24T18:52:57.154+0000] {base.py:71} INFO - Using connection ID 'aws_default' for task execution.
[2023-01-24T18:52:57.155+0000] {connection_wrapper.py:334} INFO - AWS Connection (conn_id='aws_default', conn_type='aws') credentials retrieved from login and password.
[2023-01-24T18:52:57.876+0000] {base.py:71} INFO - Using connection ID 'aws_default' for task execution.
[2023-01-24T18:52:57.876+0000] {connection_wrapper.py:334} INFO - AWS Connection (conn_id='aws_default', conn_type='aws') credentials retrieved from login and password.
[2023-01-24T18:52:58.186+0000] {glue_crawler.py:82} INFO - Triggering AWS Glue Crawler
[2023-01-24T18:52:58.186+0000] {glue_crawler.py:151} INFO - Starting crawler spotify-crawl
[2023-01-24T18:52:58.458+0000] {glue_crawler.py:85} INFO - Waiting for AWS Glue Crawler
[2023-01-24T18:52:58.512+0000] {glue_crawler.py:188} INFO - Polling for AWS Glue crawler: spotify-crawl 
[2023-01-24T18:52:58.512+0000] {glue_crawler.py:189} INFO - State: RUNNING
[2023-01-24T18:52:58.552+0000] {glue_crawler.py:199} INFO - Crawler should finish soon
[2023-01-24T18:53:03.603+0000] {glue_crawler.py:188} INFO - Polling for AWS Glue crawler: spotify-crawl 
[2023-01-24T18:53:03.603+0000] {glue_crawler.py:189} INFO - State: RUNNING
[2023-01-24T18:53:03.649+0000] {glue_crawler.py:199} INFO - Crawler should finish soon
[2023-01-24T18:53:08.685+0000] {glue_crawler.py:188} INFO - Polling for AWS Glue crawler: spotify-crawl 
[2023-01-24T18:53:08.685+0000] {glue_crawler.py:189} INFO - State: RUNNING
[2023-01-24T18:53:08.710+0000] {glue_crawler.py:199} INFO - Crawler should finish soon
[2023-01-24T18:53:13.765+0000] {glue_crawler.py:188} INFO - Polling for AWS Glue crawler: spotify-crawl 
[2023-01-24T18:53:13.765+0000] {glue_crawler.py:189} INFO - State: RUNNING
[2023-01-24T18:53:13.810+0000] {glue_crawler.py:199} INFO - Crawler should finish soon
[2023-01-24T18:53:18.868+0000] {glue_crawler.py:188} INFO - Polling for AWS Glue crawler: spotify-crawl 
[2023-01-24T18:53:18.870+0000] {glue_crawler.py:189} INFO - State: RUNNING
[2023-01-24T18:53:18.893+0000] {glue_crawler.py:199} INFO - Crawler should finish soon
[2023-01-24T18:53:23.928+0000] {glue_crawler.py:188} INFO - Polling for AWS Glue crawler: spotify-crawl 
[2023-01-24T18:53:23.929+0000] {glue_crawler.py:189} INFO - State: RUNNING
[2023-01-24T18:53:23.955+0000] {glue_crawler.py:199} INFO - Crawler should finish soon
[2023-01-24T18:53:29.001+0000] {glue_crawler.py:188} INFO - Polling for AWS Glue crawler: spotify-crawl 
[2023-01-24T18:53:29.001+0000] {glue_crawler.py:189} INFO - State: RUNNING
[2023-01-24T18:53:29.052+0000] {glue_crawler.py:199} INFO - Crawler should finish soon
[2023-01-24T18:53:34.090+0000] {glue_crawler.py:188} INFO - Polling for AWS Glue crawler: spotify-crawl 
[2023-01-24T18:53:34.090+0000] {glue_crawler.py:189} INFO - State: RUNNING
[2023-01-24T18:53:34.120+0000] {glue_crawler.py:199} INFO - Crawler should finish soon
[2023-01-24T18:53:39.154+0000] {glue_crawler.py:188} INFO - Polling for AWS Glue crawler: spotify-crawl 
[2023-01-24T18:53:39.154+0000] {glue_crawler.py:189} INFO - State: RUNNING
[2023-01-24T18:53:39.197+0000] {glue_crawler.py:197} INFO - Estimated Time Left (seconds): 15
[2023-01-24T18:53:44.260+0000] {glue_crawler.py:188} INFO - Polling for AWS Glue crawler: spotify-crawl 
[2023-01-24T18:53:44.260+0000] {glue_crawler.py:189} INFO - State: RUNNING
[2023-01-24T18:53:44.301+0000] {glue_crawler.py:197} INFO - Estimated Time Left (seconds): 15
[2023-01-24T18:53:49.345+0000] {glue_crawler.py:188} INFO - Polling for AWS Glue crawler: spotify-crawl 
[2023-01-24T18:53:49.345+0000] {glue_crawler.py:189} INFO - State: RUNNING
[2023-01-24T18:53:49.378+0000] {glue_crawler.py:197} INFO - Estimated Time Left (seconds): 15
[2023-01-24T18:53:54.435+0000] {glue_crawler.py:188} INFO - Polling for AWS Glue crawler: spotify-crawl 
[2023-01-24T18:53:54.436+0000] {glue_crawler.py:189} INFO - State: STOPPING
[2023-01-24T18:53:54.480+0000] {glue_crawler.py:197} INFO - Estimated Time Left (seconds): 15
[2023-01-24T18:53:59.515+0000] {glue_crawler.py:188} INFO - Polling for AWS Glue crawler: spotify-crawl 
[2023-01-24T18:53:59.515+0000] {glue_crawler.py:189} INFO - State: STOPPING
[2023-01-24T18:53:59.558+0000] {glue_crawler.py:197} INFO - Estimated Time Left (seconds): 15
[2023-01-24T18:54:04.602+0000] {glue_crawler.py:188} INFO - Polling for AWS Glue crawler: spotify-crawl 
[2023-01-24T18:54:04.603+0000] {glue_crawler.py:189} INFO - State: STOPPING
[2023-01-24T18:54:04.631+0000] {glue_crawler.py:197} INFO - Estimated Time Left (seconds): 15
[2023-01-24T18:54:09.666+0000] {glue_crawler.py:188} INFO - Polling for AWS Glue crawler: spotify-crawl 
[2023-01-24T18:54:09.666+0000] {glue_crawler.py:189} INFO - State: STOPPING
[2023-01-24T18:54:09.703+0000] {glue_crawler.py:197} INFO - Estimated Time Left (seconds): 15
[2023-01-24T18:54:14.763+0000] {glue_crawler.py:188} INFO - Polling for AWS Glue crawler: spotify-crawl 
[2023-01-24T18:54:14.764+0000] {glue_crawler.py:189} INFO - State: STOPPING
[2023-01-24T18:54:14.801+0000] {glue_crawler.py:197} INFO - Estimated Time Left (seconds): 15
[2023-01-24T18:54:19.838+0000] {glue_crawler.py:188} INFO - Polling for AWS Glue crawler: spotify-crawl 
[2023-01-24T18:54:19.838+0000] {glue_crawler.py:189} INFO - State: STOPPING
[2023-01-24T18:54:19.867+0000] {glue_crawler.py:197} INFO - Estimated Time Left (seconds): 15
[2023-01-24T18:54:24.915+0000] {glue_crawler.py:188} INFO - Polling for AWS Glue crawler: spotify-crawl 
[2023-01-24T18:54:24.915+0000] {glue_crawler.py:189} INFO - State: STOPPING
[2023-01-24T18:54:24.949+0000] {glue_crawler.py:197} INFO - Estimated Time Left (seconds): 15
[2023-01-24T18:54:30.007+0000] {glue_crawler.py:188} INFO - Polling for AWS Glue crawler: spotify-crawl 
[2023-01-24T18:54:30.008+0000] {glue_crawler.py:189} INFO - State: STOPPING
[2023-01-24T18:54:30.034+0000] {glue_crawler.py:197} INFO - Estimated Time Left (seconds): 15
[2023-01-24T18:54:35.087+0000] {glue_crawler.py:188} INFO - Polling for AWS Glue crawler: spotify-crawl 
[2023-01-24T18:54:35.087+0000] {glue_crawler.py:189} INFO - State: STOPPING
[2023-01-24T18:54:35.110+0000] {glue_crawler.py:197} INFO - Estimated Time Left (seconds): 15
[2023-01-24T18:54:40.148+0000] {glue_crawler.py:188} INFO - Polling for AWS Glue crawler: spotify-crawl 
[2023-01-24T18:54:40.148+0000] {glue_crawler.py:189} INFO - State: STOPPING
[2023-01-24T18:54:40.179+0000] {glue_crawler.py:197} INFO - Estimated Time Left (seconds): 15
[2023-01-24T18:54:45.231+0000] {glue_crawler.py:188} INFO - Polling for AWS Glue crawler: spotify-crawl 
[2023-01-24T18:54:45.233+0000] {glue_crawler.py:189} INFO - State: STOPPING
[2023-01-24T18:54:45.268+0000] {glue_crawler.py:197} INFO - Estimated Time Left (seconds): 15
[2023-01-24T18:54:50.323+0000] {glue_crawler.py:188} INFO - Polling for AWS Glue crawler: spotify-crawl 
[2023-01-24T18:54:50.323+0000] {glue_crawler.py:189} INFO - State: STOPPING
[2023-01-24T18:54:50.367+0000] {glue_crawler.py:197} INFO - Estimated Time Left (seconds): 15
[2023-01-24T18:54:55.409+0000] {glue_crawler.py:188} INFO - Polling for AWS Glue crawler: spotify-crawl 
[2023-01-24T18:54:55.410+0000] {glue_crawler.py:189} INFO - State: STOPPING
[2023-01-24T18:54:55.433+0000] {glue_crawler.py:197} INFO - Estimated Time Left (seconds): 15
[2023-01-24T18:55:00.487+0000] {glue_crawler.py:170} INFO - State: READY
[2023-01-24T18:55:00.487+0000] {glue_crawler.py:171} INFO - crawler_config: {'Name': 'spotify-crawl', 'Role': 'service-role/AWSGlueServiceRole-crawlerclass', 'Targets': {'S3Targets': [{'Path': 's3://airflow-nk/logs', 'Exclusions': []}], 'JdbcTargets': [], 'MongoDBTargets': [], 'DynamoDBTargets': [], 'CatalogTargets': [], 'DeltaTargets': []}, 'DatabaseName': 'spotify', 'Classifiers': [], 'RecrawlPolicy': {'RecrawlBehavior': 'CRAWL_EVERYTHING'}, 'SchemaChangePolicy': {'UpdateBehavior': 'LOG', 'DeleteBehavior': 'LOG'}, 'LineageConfiguration': {'CrawlerLineageSettings': 'DISABLE'}, 'State': 'READY', 'CrawlElapsedTime': 0, 'CreationTime': datetime.datetime(2022, 10, 4, 6, 4, 16, tzinfo=tzlocal()), 'LastUpdated': datetime.datetime(2023, 1, 19, 16, 14, 8, tzinfo=tzlocal()), 'LastCrawl': {'Status': 'SUCCEEDED', 'LogGroup': '/aws-glue/crawlers', 'LogStream': 'spotify-crawl', 'MessagePrefix': 'd5954030-3132-4b42-b51e-3c9bc1b7336f', 'StartTime': datetime.datetime(2023, 1, 24, 18, 52, 58, tzinfo=tzlocal())}, 'Version': 16, 'LakeFormationConfiguration': {'UseLakeFormationCredentials': False, 'AccountId': ''}}
[2023-01-24T18:55:00.563+0000] {glue_crawler.py:178} INFO - Status: SUCCEEDED
[2023-01-24T18:55:00.563+0000] {glue_crawler.py:179} INFO - Last Runtime Duration (seconds): 51.446
[2023-01-24T18:55:00.563+0000] {glue_crawler.py:180} INFO - Median Runtime Duration (seconds): 49.399
[2023-01-24T18:55:00.563+0000] {glue_crawler.py:181} INFO - Tables Created: 0
[2023-01-24T18:55:00.563+0000] {glue_crawler.py:182} INFO - Tables Updated: 0
[2023-01-24T18:55:00.563+0000] {glue_crawler.py:183} INFO - Tables Deleted: 0
[2023-01-24T18:55:00.581+0000] {taskinstance.py:1401} INFO - Marking task as SUCCESS. dag_id=spotify_dag, task_id=crawl_s3, execution_date=20230124T185244, start_date=20230124T185257, end_date=20230124T185500
[2023-01-24T18:55:00.638+0000] {local_task_job.py:164} INFO - Task exited with return code 0
[2023-01-24T18:55:00.662+0000] {local_task_job.py:273} INFO - 1 downstream tasks scheduled from follow-on schedule check
