[2023-02-02T18:02:32.574+0000] {taskinstance.py:1165} INFO - Dependencies all met for <TaskInstance: spotify_dag.glue_job scheduled__2023-02-02T16:00:00+00:00 [queued]>
[2023-02-02T18:02:32.580+0000] {taskinstance.py:1165} INFO - Dependencies all met for <TaskInstance: spotify_dag.glue_job scheduled__2023-02-02T16:00:00+00:00 [queued]>
[2023-02-02T18:02:32.580+0000] {taskinstance.py:1362} INFO - 
--------------------------------------------------------------------------------
[2023-02-02T18:02:32.580+0000] {taskinstance.py:1363} INFO - Starting attempt 1 of 2
[2023-02-02T18:02:32.580+0000] {taskinstance.py:1364} INFO - 
--------------------------------------------------------------------------------
[2023-02-02T18:02:32.594+0000] {taskinstance.py:1383} INFO - Executing <Task(PythonOperator): glue_job> on 2023-02-02 16:00:00+00:00
[2023-02-02T18:02:32.597+0000] {standard_task_runner.py:55} INFO - Started process 26092 to run task
[2023-02-02T18:02:32.601+0000] {standard_task_runner.py:82} INFO - Running: ['airflow', 'tasks', 'run', 'spotify_dag', 'glue_job', 'scheduled__2023-02-02T16:00:00+00:00', '--job-id', '619', '--raw', '--subdir', 'DAGS_FOLDER/airflow_dags.py', '--cfg-path', '/tmp/tmpr0ebw_5c']
[2023-02-02T18:02:32.603+0000] {standard_task_runner.py:83} INFO - Job 619: Subtask glue_job
[2023-02-02T18:02:32.645+0000] {task_command.py:376} INFO - Running <TaskInstance: spotify_dag.glue_job scheduled__2023-02-02T16:00:00+00:00 [running]> on host ip-172-31-26-59.ap-northeast-2.compute.internal
[2023-02-02T18:02:32.701+0000] {taskinstance.py:1590} INFO - Exporting the following env vars:
AIRFLOW_CTX_DAG_EMAIL=nywkim@example.com
AIRFLOW_CTX_DAG_OWNER=airflow
AIRFLOW_CTX_DAG_ID=spotify_dag
AIRFLOW_CTX_TASK_ID=glue_job
AIRFLOW_CTX_EXECUTION_DATE=2023-02-02T16:00:00+00:00
AIRFLOW_CTX_TRY_NUMBER=1
AIRFLOW_CTX_DAG_RUN_ID=scheduled__2023-02-02T16:00:00+00:00
[2023-02-02T18:02:32.715+0000] {credentials.py:1251} INFO - Found credentials in shared credentials file: ~/.aws/credentials
[2023-02-02T18:02:33.054+0000] {logging_mixin.py:120} INFO - {'JobRunId': 'jr_e3897ae05c8e4f6f2851017aaabc0cae365ac7d4a88dcda480163105e0c0ac24', 'ResponseMetadata': {'RequestId': '06c5795d-7415-442d-99c5-f1ed869331d3', 'HTTPStatusCode': 200, 'HTTPHeaders': {'date': 'Thu, 02 Feb 2023 18:02:33 GMT', 'content-type': 'application/x-amz-json-1.1', 'content-length': '82', 'connection': 'keep-alive', 'x-amzn-requestid': '06c5795d-7415-442d-99c5-f1ed869331d3'}, 'RetryAttempts': 0}}
[2023-02-02T18:02:33.056+0000] {python.py:177} INFO - Done. Returned value was: None
[2023-02-02T18:02:33.063+0000] {taskinstance.py:1401} INFO - Marking task as SUCCESS. dag_id=spotify_dag, task_id=glue_job, execution_date=20230202T160000, start_date=20230202T180232, end_date=20230202T180233
[2023-02-02T18:02:33.094+0000] {local_task_job.py:164} INFO - Task exited with return code 0
[2023-02-02T18:02:33.104+0000] {local_task_job.py:273} INFO - 0 downstream tasks scheduled from follow-on schedule check
