[2022-11-03T05:38:13.201+0000] {taskinstance.py:1165} INFO - Dependencies all met for <TaskInstance: spotify_dag.spotify_etl manual__2022-11-03T05:37:16.735998+00:00 [queued]>
[2022-11-03T05:38:13.207+0000] {taskinstance.py:1165} INFO - Dependencies all met for <TaskInstance: spotify_dag.spotify_etl manual__2022-11-03T05:37:16.735998+00:00 [queued]>
[2022-11-03T05:38:13.207+0000] {taskinstance.py:1362} INFO - 
--------------------------------------------------------------------------------
[2022-11-03T05:38:13.207+0000] {taskinstance.py:1363} INFO - Starting attempt 1 of 2
[2022-11-03T05:38:13.207+0000] {taskinstance.py:1364} INFO - 
--------------------------------------------------------------------------------
[2022-11-03T05:38:13.219+0000] {taskinstance.py:1383} INFO - Executing <Task(PythonOperator): spotify_etl> on 2022-11-03 05:37:16.735998+00:00
[2022-11-03T05:38:13.222+0000] {standard_task_runner.py:55} INFO - Started process 2173 to run task
[2022-11-03T05:38:13.226+0000] {standard_task_runner.py:82} INFO - Running: ['airflow', 'tasks', 'run', 'spotify_dag', 'spotify_etl', 'manual__2022-11-03T05:37:16.735998+00:00', '--job-id', '77', '--raw', '--subdir', 'DAGS_FOLDER/airflow_dags.py', '--cfg-path', '/tmp/tmps9vifny5']
[2022-11-03T05:38:13.227+0000] {standard_task_runner.py:83} INFO - Job 77: Subtask spotify_etl
[2022-11-03T05:38:13.267+0000] {task_command.py:376} INFO - Running <TaskInstance: spotify_dag.spotify_etl manual__2022-11-03T05:37:16.735998+00:00 [running]> on host ip-172-31-26-59.ap-northeast-2.compute.internal
[2022-11-03T05:38:13.307+0000] {taskinstance.py:1590} INFO - Exporting the following env vars:
AIRFLOW_CTX_DAG_EMAIL=nywkim@example.com
AIRFLOW_CTX_DAG_OWNER=airflow
AIRFLOW_CTX_DAG_ID=spotify_dag
AIRFLOW_CTX_TASK_ID=spotify_etl
AIRFLOW_CTX_EXECUTION_DATE=2022-11-03T05:37:16.735998+00:00
AIRFLOW_CTX_TRY_NUMBER=1
AIRFLOW_CTX_DAG_RUN_ID=manual__2022-11-03T05:37:16.735998+00:00
[2022-11-03T05:38:13.309+0000] {oauth2.py:471} INFO - User authentication requires interaction with your web browser. Once you enter your credentials and give authorization, you will be redirected to a url.  Paste that url you were directed to to complete the authorization.
[2022-11-03T05:38:13.309+0000] {oauth2.py:436} INFO - Opened https://accounts.spotify.com/authorize?client_id=96011ab1ade840ee8811963bd589c340&response_type=code&redirect_uri=https%3A%2F%2Fmy.nywkim.com&scope=user-read-recently-played in your browser
[2022-11-03T05:38:13.310+0000] {logging_mixin.py:120} INFO - Enter the URL you were redirected to: 
[2022-11-03T05:48:45.250+0000] {process_utils.py:129} INFO - Sending Signals.SIGTERM to group 2173. PIDs of all processes in the group: [2173]
[2022-11-03T05:48:45.250+0000] {process_utils.py:84} INFO - Sending the signal Signals.SIGTERM to group 2173
[2022-11-03T05:48:49.354+0000] {taskinstance.py:1155} INFO - Dependencies not met for <TaskInstance: spotify_dag.spotify_etl manual__2022-11-03T05:37:16.735998+00:00 [running]>, dependency 'Task Instance State' FAILED: Task is in the 'running' state.
[2022-11-03T05:48:49.356+0000] {taskinstance.py:1155} INFO - Dependencies not met for <TaskInstance: spotify_dag.spotify_etl manual__2022-11-03T05:37:16.735998+00:00 [running]>, dependency 'Task Instance Not Running' FAILED: Task is in the running state
[2022-11-03T05:48:49.356+0000] {local_task_job.py:103} INFO - Task is not able to be run
