[2023-01-25T06:58:35.841+0000] {taskinstance.py:1165} INFO - Dependencies all met for <TaskInstance: practice.glue_job manual__2023-01-25T06:58:33.838946+00:00 [queued]>
[2023-01-25T06:58:35.846+0000] {taskinstance.py:1165} INFO - Dependencies all met for <TaskInstance: practice.glue_job manual__2023-01-25T06:58:33.838946+00:00 [queued]>
[2023-01-25T06:58:35.846+0000] {taskinstance.py:1362} INFO - 
--------------------------------------------------------------------------------
[2023-01-25T06:58:35.846+0000] {taskinstance.py:1363} INFO - Starting attempt 1 of 2
[2023-01-25T06:58:35.846+0000] {taskinstance.py:1364} INFO - 
--------------------------------------------------------------------------------
[2023-01-25T06:58:35.857+0000] {taskinstance.py:1383} INFO - Executing <Task(GlueJobOperator): glue_job> on 2023-01-25 06:58:33.838946+00:00
[2023-01-25T06:58:35.859+0000] {standard_task_runner.py:55} INFO - Started process 14333 to run task
[2023-01-25T06:58:35.863+0000] {standard_task_runner.py:82} INFO - Running: ['airflow', 'tasks', 'run', 'practice', 'glue_job', 'manual__2023-01-25T06:58:33.838946+00:00', '--job-id', '330', '--raw', '--subdir', 'DAGS_FOLDER/practice.py', '--cfg-path', '/tmp/tmphtwp64gl']
[2023-01-25T06:58:35.864+0000] {standard_task_runner.py:83} INFO - Job 330: Subtask glue_job
[2023-01-25T06:58:35.899+0000] {task_command.py:376} INFO - Running <TaskInstance: practice.glue_job manual__2023-01-25T06:58:33.838946+00:00 [running]> on host ip-172-31-26-59.ap-northeast-2.compute.internal
[2023-01-25T06:58:35.944+0000] {taskinstance.py:1590} INFO - Exporting the following env vars:
AIRFLOW_CTX_DAG_EMAIL=nywkim@example.com
AIRFLOW_CTX_DAG_OWNER=airflow
AIRFLOW_CTX_DAG_ID=practice
AIRFLOW_CTX_TASK_ID=glue_job
AIRFLOW_CTX_EXECUTION_DATE=2023-01-25T06:58:33.838946+00:00
AIRFLOW_CTX_TRY_NUMBER=1
AIRFLOW_CTX_DAG_RUN_ID=manual__2023-01-25T06:58:33.838946+00:00
[2023-01-25T06:58:35.945+0000] {glue.py:141} INFO - Initializing AWS Glue Job: SpotifyGlueJob. Wait for completion: True
[2023-01-25T06:58:35.948+0000] {base.py:71} INFO - Using connection ID 'aws_default' for task execution.
[2023-01-25T06:58:35.949+0000] {connection_wrapper.py:334} INFO - AWS Connection (conn_id='aws_default', conn_type='aws') credentials retrieved from login and password.
[2023-01-25T06:58:36.812+0000] {glue.py:135} INFO - Iam Role Name: AWSGlueServiceRole-crawlerclass
[2023-01-25T06:58:36.813+0000] {glue.py:266} INFO - Checking if job already exists: SpotifyGlueJob
[2023-01-25T06:58:37.654+0000] {glue.py:288} INFO - Updating job: SpotifyGlueJob
[2023-01-25T06:58:38.383+0000] {glue.py:290} INFO - Updated configurations: {'Command': {'Name': 'glueetl', 'ScriptLocation': 's3://aws-glue-assets-725381868002-ap-northeast-2/scripts/SpotifyGJ.py'}}
[2023-01-25T06:58:38.562+0000] {glue.py:244} INFO - Polling for AWS Glue Job SpotifyGlueJob current run state with status RUNNING
[2023-01-25T06:58:44.627+0000] {glue.py:244} INFO - Polling for AWS Glue Job SpotifyGlueJob current run state with status RUNNING
[2023-01-25T06:58:50.688+0000] {glue.py:244} INFO - Polling for AWS Glue Job SpotifyGlueJob current run state with status RUNNING
[2023-01-25T06:58:56.748+0000] {glue.py:244} INFO - Polling for AWS Glue Job SpotifyGlueJob current run state with status RUNNING
[2023-01-25T06:59:02.793+0000] {glue.py:244} INFO - Polling for AWS Glue Job SpotifyGlueJob current run state with status RUNNING
[2023-01-25T06:59:08.892+0000] {glue.py:244} INFO - Polling for AWS Glue Job SpotifyGlueJob current run state with status RUNNING
[2023-01-25T06:59:14.953+0000] {glue.py:244} INFO - Polling for AWS Glue Job SpotifyGlueJob current run state with status RUNNING
[2023-01-25T06:59:20.987+0000] {glue.py:241} INFO - Exiting Job jr_7e0e5cfd456ba09bdb6881fb7881cbeb7b4a9bbb39cb66a15e13b3aae8682e7a Run State: FAILED
[2023-01-25T06:59:20.991+0000] {taskinstance.py:1851} ERROR - Task failed with exception
Traceback (most recent call last):
  File "/usr/local/lib/python3.10/dist-packages/airflow/providers/amazon/aws/operators/glue.py", line 148, in execute
    glue_job_run = glue_job.job_completion(self.job_name, glue_job_run["JobRunId"], self.verbose)
  File "/usr/local/lib/python3.10/dist-packages/airflow/providers/amazon/aws/hooks/glue.py", line 242, in job_completion
    raise AirflowException(job_error_message)
airflow.exceptions.AirflowException: Exiting Job jr_7e0e5cfd456ba09bdb6881fb7881cbeb7b4a9bbb39cb66a15e13b3aae8682e7a Run State: FAILED
[2023-01-25T06:59:20.993+0000] {taskinstance.py:1401} INFO - Marking task as UP_FOR_RETRY. dag_id=practice, task_id=glue_job, execution_date=20230125T065833, start_date=20230125T065835, end_date=20230125T065920
[2023-01-25T06:59:21.013+0000] {standard_task_runner.py:100} ERROR - Failed to execute job 330 for task glue_job (Exiting Job jr_7e0e5cfd456ba09bdb6881fb7881cbeb7b4a9bbb39cb66a15e13b3aae8682e7a Run State: FAILED; 14333)
[2023-01-25T06:59:21.021+0000] {local_task_job.py:164} INFO - Task exited with return code 1
[2023-01-25T06:59:21.029+0000] {local_task_job.py:273} INFO - 0 downstream tasks scheduled from follow-on schedule check
