[2023-02-02T10:38:22.043+0000] {taskinstance.py:1165} INFO - Dependencies all met for <TaskInstance: spotify_dag.spotify_etl scheduled__2023-02-02T00:00:00+00:00 [queued]>
[2023-02-02T10:38:22.049+0000] {taskinstance.py:1165} INFO - Dependencies all met for <TaskInstance: spotify_dag.spotify_etl scheduled__2023-02-02T00:00:00+00:00 [queued]>
[2023-02-02T10:38:22.050+0000] {taskinstance.py:1362} INFO - 
--------------------------------------------------------------------------------
[2023-02-02T10:38:22.050+0000] {taskinstance.py:1363} INFO - Starting attempt 1 of 2
[2023-02-02T10:38:22.050+0000] {taskinstance.py:1364} INFO - 
--------------------------------------------------------------------------------
[2023-02-02T10:38:22.062+0000] {taskinstance.py:1383} INFO - Executing <Task(BranchPythonOperator): spotify_etl> on 2023-02-02 00:00:00+00:00
[2023-02-02T10:38:22.065+0000] {standard_task_runner.py:55} INFO - Started process 1501 to run task
[2023-02-02T10:38:22.069+0000] {standard_task_runner.py:82} INFO - Running: ['airflow', 'tasks', 'run', 'spotify_dag', 'spotify_etl', 'scheduled__2023-02-02T00:00:00+00:00', '--job-id', '557', '--raw', '--subdir', 'DAGS_FOLDER/airflow_dags.py', '--cfg-path', '/tmp/tmp5xmy306a']
[2023-02-02T10:38:22.071+0000] {standard_task_runner.py:83} INFO - Job 557: Subtask spotify_etl
[2023-02-02T10:38:22.110+0000] {task_command.py:376} INFO - Running <TaskInstance: spotify_dag.spotify_etl scheduled__2023-02-02T00:00:00+00:00 [running]> on host ip-172-31-26-59.ap-northeast-2.compute.internal
[2023-02-02T10:38:22.138+0000] {logging_mixin.py:120} WARNING - /home/ubuntu/.local/lib/python3.10/site-packages/airflow/utils/context.py:204 AirflowContextDeprecationWarning: Accessing 'execution_date' from the template is deprecated and will be removed in a future version. Please use 'data_interval_start' or 'logical_date' instead.
[2023-02-02T10:38:22.171+0000] {taskinstance.py:1590} INFO - Exporting the following env vars:
AIRFLOW_CTX_DAG_EMAIL=nywkim@example.com
AIRFLOW_CTX_DAG_OWNER=airflow
AIRFLOW_CTX_DAG_ID=spotify_dag
AIRFLOW_CTX_TASK_ID=spotify_etl
AIRFLOW_CTX_EXECUTION_DATE=2023-02-02T00:00:00+00:00
AIRFLOW_CTX_TRY_NUMBER=1
AIRFLOW_CTX_DAG_RUN_ID=scheduled__2023-02-02T00:00:00+00:00
[2023-02-02T10:38:23.033+0000] {logging_mixin.py:120} INFO - see you next interval
[2023-02-02T10:38:23.033+0000] {python.py:177} INFO - Done. Returned value was: break_time
[2023-02-02T10:38:23.033+0000] {skipmixin.py:155} INFO - Following branch break_time
[2023-02-02T10:38:23.034+0000] {skipmixin.py:190} INFO - Skipping tasks ['etl_start']
[2023-02-02T10:38:23.072+0000] {taskinstance.py:1401} INFO - Marking task as SUCCESS. dag_id=spotify_dag, task_id=spotify_etl, execution_date=20230202T000000, start_date=20230202T103822, end_date=20230202T103823
[2023-02-02T10:38:23.125+0000] {local_task_job.py:164} INFO - Task exited with return code 0
[2023-02-02T10:38:23.156+0000] {local_task_job.py:273} INFO - 1 downstream tasks scheduled from follow-on schedule check
