[2023-01-28T14:02:20.885+0000] {taskinstance.py:1165} INFO - Dependencies all met for <TaskInstance: spotify_dag.glue_job scheduled__2023-01-28T12:00:00+00:00 [queued]>
[2023-01-28T14:02:20.891+0000] {taskinstance.py:1165} INFO - Dependencies all met for <TaskInstance: spotify_dag.glue_job scheduled__2023-01-28T12:00:00+00:00 [queued]>
[2023-01-28T14:02:20.891+0000] {taskinstance.py:1362} INFO - 
--------------------------------------------------------------------------------
[2023-01-28T14:02:20.891+0000] {taskinstance.py:1363} INFO - Starting attempt 1 of 2
[2023-01-28T14:02:20.891+0000] {taskinstance.py:1364} INFO - 
--------------------------------------------------------------------------------
[2023-01-28T14:02:20.903+0000] {taskinstance.py:1383} INFO - Executing <Task(PythonOperator): glue_job> on 2023-01-28 12:00:00+00:00
[2023-01-28T14:02:20.907+0000] {standard_task_runner.py:55} INFO - Started process 32315 to run task
[2023-01-28T14:02:20.911+0000] {standard_task_runner.py:82} INFO - Running: ['airflow', 'tasks', 'run', 'spotify_dag', 'glue_job', 'scheduled__2023-01-28T12:00:00+00:00', '--job-id', '424', '--raw', '--subdir', 'DAGS_FOLDER/airflow_dags.py', '--cfg-path', '/tmp/tmpf_1o9bho']
[2023-01-28T14:02:20.912+0000] {standard_task_runner.py:83} INFO - Job 424: Subtask glue_job
[2023-01-28T14:02:20.952+0000] {task_command.py:376} INFO - Running <TaskInstance: spotify_dag.glue_job scheduled__2023-01-28T12:00:00+00:00 [running]> on host ip-172-31-26-59.ap-northeast-2.compute.internal
[2023-01-28T14:02:20.996+0000] {taskinstance.py:1590} INFO - Exporting the following env vars:
AIRFLOW_CTX_DAG_EMAIL=nywkim@example.com
AIRFLOW_CTX_DAG_OWNER=airflow
AIRFLOW_CTX_DAG_ID=spotify_dag
AIRFLOW_CTX_TASK_ID=glue_job
AIRFLOW_CTX_EXECUTION_DATE=2023-01-28T12:00:00+00:00
AIRFLOW_CTX_TRY_NUMBER=1
AIRFLOW_CTX_DAG_RUN_ID=scheduled__2023-01-28T12:00:00+00:00
[2023-01-28T14:02:21.016+0000] {credentials.py:1048} INFO - Found credentials from IAM Role: EC2_S3_Af
[2023-01-28T14:02:21.412+0000] {logging_mixin.py:120} INFO - {'JobRunId': 'jr_8a02cbba0f909eb4876943d77f0e156f37647e1048999a54847350f73570df2b', 'ResponseMetadata': {'RequestId': 'ea25c8e3-6cf5-4832-a4e7-f80a0d399884', 'HTTPStatusCode': 200, 'HTTPHeaders': {'date': 'Sat, 28 Jan 2023 14:02:21 GMT', 'content-type': 'application/x-amz-json-1.1', 'content-length': '82', 'connection': 'keep-alive', 'x-amzn-requestid': 'ea25c8e3-6cf5-4832-a4e7-f80a0d399884'}, 'RetryAttempts': 0}}
[2023-01-28T14:02:21.413+0000] {python.py:177} INFO - Done. Returned value was: None
[2023-01-28T14:02:21.418+0000] {taskinstance.py:1401} INFO - Marking task as SUCCESS. dag_id=spotify_dag, task_id=glue_job, execution_date=20230128T120000, start_date=20230128T140220, end_date=20230128T140221
[2023-01-28T14:02:21.443+0000] {local_task_job.py:164} INFO - Task exited with return code 0
[2023-01-28T14:02:21.454+0000] {local_task_job.py:273} INFO - 0 downstream tasks scheduled from follow-on schedule check
