[2023-01-25T06:06:44.939+0000] {taskinstance.py:1165} INFO - Dependencies all met for <TaskInstance: practice.glue_job scheduled__2023-01-25T04:00:00+00:00 [queued]>
[2023-01-25T06:06:44.944+0000] {taskinstance.py:1165} INFO - Dependencies all met for <TaskInstance: practice.glue_job scheduled__2023-01-25T04:00:00+00:00 [queued]>
[2023-01-25T06:06:44.945+0000] {taskinstance.py:1362} INFO - 
--------------------------------------------------------------------------------
[2023-01-25T06:06:44.945+0000] {taskinstance.py:1363} INFO - Starting attempt 1 of 2
[2023-01-25T06:06:44.945+0000] {taskinstance.py:1364} INFO - 
--------------------------------------------------------------------------------
[2023-01-25T06:06:44.956+0000] {taskinstance.py:1383} INFO - Executing <Task(GlueJobOperator): glue_job> on 2023-01-25 04:00:00+00:00
[2023-01-25T06:06:44.959+0000] {standard_task_runner.py:55} INFO - Started process 3323 to run task
[2023-01-25T06:06:44.962+0000] {standard_task_runner.py:82} INFO - Running: ['airflow', 'tasks', 'run', 'practice', 'glue_job', 'scheduled__2023-01-25T04:00:00+00:00', '--job-id', '316', '--raw', '--subdir', 'DAGS_FOLDER/practice.py', '--cfg-path', '/tmp/tmpuviiuvzb']
[2023-01-25T06:06:44.963+0000] {standard_task_runner.py:83} INFO - Job 316: Subtask glue_job
[2023-01-25T06:06:44.998+0000] {task_command.py:376} INFO - Running <TaskInstance: practice.glue_job scheduled__2023-01-25T04:00:00+00:00 [running]> on host ip-172-31-26-59.ap-northeast-2.compute.internal
[2023-01-25T06:06:45.044+0000] {taskinstance.py:1590} INFO - Exporting the following env vars:
AIRFLOW_CTX_DAG_EMAIL=nywkim@example.com
AIRFLOW_CTX_DAG_OWNER=airflow
AIRFLOW_CTX_DAG_ID=practice
AIRFLOW_CTX_TASK_ID=glue_job
AIRFLOW_CTX_EXECUTION_DATE=2023-01-25T04:00:00+00:00
AIRFLOW_CTX_TRY_NUMBER=1
AIRFLOW_CTX_DAG_RUN_ID=scheduled__2023-01-25T04:00:00+00:00
[2023-01-25T06:06:45.045+0000] {glue.py:141} INFO - Initializing AWS Glue Job: SpotifyGlueJob. Wait for completion: True
[2023-01-25T06:06:45.049+0000] {base.py:71} INFO - Using connection ID 'aws_default' for task execution.
[2023-01-25T06:06:45.049+0000] {connection_wrapper.py:334} INFO - AWS Connection (conn_id='aws_default', conn_type='aws') credentials retrieved from login and password.
[2023-01-25T06:06:45.895+0000] {glue.py:135} INFO - Iam Role Name: AWSGlueServiceRole-crawlerclass
[2023-01-25T06:06:45.896+0000] {glue.py:266} INFO - Checking if job already exists: SpotifyGlueJob
[2023-01-25T06:06:46.769+0000] {glue.py:288} INFO - Updating job: SpotifyGlueJob
[2023-01-25T06:06:47.545+0000] {glue.py:290} INFO - Updated configurations: {'LogUri': 's3://airflow-nk/logs/glue-logs/SpotifyGlueJob', 'Command': {'Name': 'glueetl', 'ScriptLocation': 's3://aws-glue-assets-725381868002-ap-northeast-2/scripts/SpotifyGJ.py'}}
[2023-01-25T06:06:47.735+0000] {glue.py:244} INFO - Polling for AWS Glue Job SpotifyGlueJob current run state with status RUNNING
[2023-01-25T06:06:53.795+0000] {glue.py:244} INFO - Polling for AWS Glue Job SpotifyGlueJob current run state with status RUNNING
[2023-01-25T06:06:59.859+0000] {glue.py:244} INFO - Polling for AWS Glue Job SpotifyGlueJob current run state with status RUNNING
[2023-01-25T06:07:05.928+0000] {glue.py:244} INFO - Polling for AWS Glue Job SpotifyGlueJob current run state with status RUNNING
[2023-01-25T06:07:11.983+0000] {glue.py:244} INFO - Polling for AWS Glue Job SpotifyGlueJob current run state with status RUNNING
[2023-01-25T06:07:18.053+0000] {glue.py:244} INFO - Polling for AWS Glue Job SpotifyGlueJob current run state with status RUNNING
[2023-01-25T06:07:24.104+0000] {glue.py:244} INFO - Polling for AWS Glue Job SpotifyGlueJob current run state with status RUNNING
[2023-01-25T06:07:30.160+0000] {glue.py:241} INFO - Exiting Job jr_80339d4f94117a1fa29d0b8b2ffb7b2b86b7d79b38f96cb4aeb9a86af93b0045 Run State: FAILED
[2023-01-25T06:07:30.164+0000] {taskinstance.py:1851} ERROR - Task failed with exception
Traceback (most recent call last):
  File "/usr/local/lib/python3.10/dist-packages/airflow/providers/amazon/aws/operators/glue.py", line 148, in execute
    glue_job_run = glue_job.job_completion(self.job_name, glue_job_run["JobRunId"], self.verbose)
  File "/usr/local/lib/python3.10/dist-packages/airflow/providers/amazon/aws/hooks/glue.py", line 242, in job_completion
    raise AirflowException(job_error_message)
airflow.exceptions.AirflowException: Exiting Job jr_80339d4f94117a1fa29d0b8b2ffb7b2b86b7d79b38f96cb4aeb9a86af93b0045 Run State: FAILED
[2023-01-25T06:07:30.166+0000] {taskinstance.py:1401} INFO - Marking task as UP_FOR_RETRY. dag_id=practice, task_id=glue_job, execution_date=20230125T040000, start_date=20230125T060644, end_date=20230125T060730
[2023-01-25T06:07:30.177+0000] {standard_task_runner.py:100} ERROR - Failed to execute job 316 for task glue_job (Exiting Job jr_80339d4f94117a1fa29d0b8b2ffb7b2b86b7d79b38f96cb4aeb9a86af93b0045 Run State: FAILED; 3323)
[2023-01-25T06:07:30.183+0000] {local_task_job.py:164} INFO - Task exited with return code 1
[2023-01-25T06:07:30.193+0000] {local_task_job.py:273} INFO - 0 downstream tasks scheduled from follow-on schedule check
