[2023-01-26T13:59:13.092+0000] {taskinstance.py:1165} INFO - Dependencies all met for <TaskInstance: spotify_dag.crawl_s3 scheduled__2023-01-26T00:00:00+00:00 [queued]>
[2023-01-26T13:59:13.098+0000] {taskinstance.py:1165} INFO - Dependencies all met for <TaskInstance: spotify_dag.crawl_s3 scheduled__2023-01-26T00:00:00+00:00 [queued]>
[2023-01-26T13:59:13.098+0000] {taskinstance.py:1362} INFO - 
--------------------------------------------------------------------------------
[2023-01-26T13:59:13.099+0000] {taskinstance.py:1363} INFO - Starting attempt 1 of 2
[2023-01-26T13:59:13.099+0000] {taskinstance.py:1364} INFO - 
--------------------------------------------------------------------------------
[2023-01-26T13:59:13.116+0000] {taskinstance.py:1383} INFO - Executing <Task(GlueCrawlerOperator): crawl_s3> on 2023-01-26 00:00:00+00:00
[2023-01-26T13:59:13.119+0000] {standard_task_runner.py:55} INFO - Started process 1497 to run task
[2023-01-26T13:59:13.123+0000] {standard_task_runner.py:82} INFO - Running: ['airflow', 'tasks', 'run', 'spotify_dag', 'crawl_s3', 'scheduled__2023-01-26T00:00:00+00:00', '--job-id', '370', '--raw', '--subdir', 'DAGS_FOLDER/airflow_dags.py', '--cfg-path', '/tmp/tmpxtdgtqql']
[2023-01-26T13:59:13.125+0000] {standard_task_runner.py:83} INFO - Job 370: Subtask crawl_s3
[2023-01-26T13:59:13.166+0000] {task_command.py:376} INFO - Running <TaskInstance: spotify_dag.crawl_s3 scheduled__2023-01-26T00:00:00+00:00 [running]> on host ip-172-31-26-59.ap-northeast-2.compute.internal
[2023-01-26T13:59:13.212+0000] {taskinstance.py:1590} INFO - Exporting the following env vars:
AIRFLOW_CTX_DAG_EMAIL=nywkim@example.com
AIRFLOW_CTX_DAG_OWNER=airflow
AIRFLOW_CTX_DAG_ID=spotify_dag
AIRFLOW_CTX_TASK_ID=crawl_s3
AIRFLOW_CTX_EXECUTION_DATE=2023-01-26T00:00:00+00:00
AIRFLOW_CTX_TRY_NUMBER=1
AIRFLOW_CTX_DAG_RUN_ID=scheduled__2023-01-26T00:00:00+00:00
[2023-01-26T13:59:13.213+0000] {glue_crawler.py:55} INFO - Checking if crawler already exists: spotify-crawl
[2023-01-26T13:59:13.218+0000] {base.py:71} INFO - Using connection ID 'aws_default' for task execution.
[2023-01-26T13:59:13.219+0000] {connection_wrapper.py:334} INFO - AWS Connection (conn_id='aws_default', conn_type='aws') credentials retrieved from login and password.
[2023-01-26T13:59:13.896+0000] {base.py:71} INFO - Using connection ID 'aws_default' for task execution.
[2023-01-26T13:59:13.897+0000] {connection_wrapper.py:334} INFO - AWS Connection (conn_id='aws_default', conn_type='aws') credentials retrieved from login and password.
[2023-01-26T13:59:14.199+0000] {glue_crawler.py:82} INFO - Triggering AWS Glue Crawler
[2023-01-26T13:59:14.199+0000] {glue_crawler.py:151} INFO - Starting crawler spotify-crawl
[2023-01-26T13:59:14.497+0000] {glue_crawler.py:85} INFO - Waiting for AWS Glue Crawler
[2023-01-26T13:59:14.584+0000] {glue_crawler.py:188} INFO - Polling for AWS Glue crawler: spotify-crawl 
[2023-01-26T13:59:14.585+0000] {glue_crawler.py:189} INFO - State: RUNNING
[2023-01-26T13:59:14.626+0000] {glue_crawler.py:199} INFO - Crawler should finish soon
[2023-01-26T13:59:19.692+0000] {glue_crawler.py:188} INFO - Polling for AWS Glue crawler: spotify-crawl 
[2023-01-26T13:59:19.693+0000] {glue_crawler.py:189} INFO - State: RUNNING
[2023-01-26T13:59:19.732+0000] {glue_crawler.py:199} INFO - Crawler should finish soon
[2023-01-26T13:59:24.795+0000] {glue_crawler.py:188} INFO - Polling for AWS Glue crawler: spotify-crawl 
[2023-01-26T13:59:24.795+0000] {glue_crawler.py:189} INFO - State: RUNNING
[2023-01-26T13:59:24.837+0000] {glue_crawler.py:199} INFO - Crawler should finish soon
[2023-01-26T13:59:29.897+0000] {glue_crawler.py:188} INFO - Polling for AWS Glue crawler: spotify-crawl 
[2023-01-26T13:59:29.897+0000] {glue_crawler.py:189} INFO - State: RUNNING
[2023-01-26T13:59:29.923+0000] {glue_crawler.py:199} INFO - Crawler should finish soon
[2023-01-26T13:59:34.982+0000] {glue_crawler.py:188} INFO - Polling for AWS Glue crawler: spotify-crawl 
[2023-01-26T13:59:34.983+0000] {glue_crawler.py:189} INFO - State: RUNNING
[2023-01-26T13:59:35.028+0000] {glue_crawler.py:197} INFO - Estimated Time Left (seconds): 15
[2023-01-26T13:59:40.104+0000] {glue_crawler.py:188} INFO - Polling for AWS Glue crawler: spotify-crawl 
[2023-01-26T13:59:40.105+0000] {glue_crawler.py:189} INFO - State: RUNNING
[2023-01-26T13:59:40.150+0000] {glue_crawler.py:197} INFO - Estimated Time Left (seconds): 15
[2023-01-26T13:59:45.199+0000] {glue_crawler.py:188} INFO - Polling for AWS Glue crawler: spotify-crawl 
[2023-01-26T13:59:45.199+0000] {glue_crawler.py:189} INFO - State: RUNNING
[2023-01-26T13:59:45.227+0000] {glue_crawler.py:197} INFO - Estimated Time Left (seconds): 15
[2023-01-26T13:59:50.267+0000] {glue_crawler.py:188} INFO - Polling for AWS Glue crawler: spotify-crawl 
[2023-01-26T13:59:50.267+0000] {glue_crawler.py:189} INFO - State: RUNNING
[2023-01-26T13:59:50.295+0000] {glue_crawler.py:197} INFO - Estimated Time Left (seconds): 15
[2023-01-26T13:59:55.339+0000] {glue_crawler.py:188} INFO - Polling for AWS Glue crawler: spotify-crawl 
[2023-01-26T13:59:55.339+0000] {glue_crawler.py:189} INFO - State: RUNNING
[2023-01-26T13:59:55.380+0000] {glue_crawler.py:197} INFO - Estimated Time Left (seconds): 15
[2023-01-26T14:00:00.449+0000] {glue_crawler.py:188} INFO - Polling for AWS Glue crawler: spotify-crawl 
[2023-01-26T14:00:00.449+0000] {glue_crawler.py:189} INFO - State: RUNNING
[2023-01-26T14:00:00.495+0000] {glue_crawler.py:197} INFO - Estimated Time Left (seconds): 15
[2023-01-26T14:00:05.553+0000] {glue_crawler.py:188} INFO - Polling for AWS Glue crawler: spotify-crawl 
[2023-01-26T14:00:05.553+0000] {glue_crawler.py:189} INFO - State: RUNNING
[2023-01-26T14:00:05.592+0000] {glue_crawler.py:197} INFO - Estimated Time Left (seconds): 15
[2023-01-26T14:00:10.647+0000] {glue_crawler.py:188} INFO - Polling for AWS Glue crawler: spotify-crawl 
[2023-01-26T14:00:10.647+0000] {glue_crawler.py:189} INFO - State: STOPPING
[2023-01-26T14:00:10.693+0000] {glue_crawler.py:197} INFO - Estimated Time Left (seconds): 15
[2023-01-26T14:00:15.727+0000] {glue_crawler.py:188} INFO - Polling for AWS Glue crawler: spotify-crawl 
[2023-01-26T14:00:15.727+0000] {glue_crawler.py:189} INFO - State: STOPPING
[2023-01-26T14:00:15.753+0000] {glue_crawler.py:197} INFO - Estimated Time Left (seconds): 15
[2023-01-26T14:00:20.825+0000] {glue_crawler.py:188} INFO - Polling for AWS Glue crawler: spotify-crawl 
[2023-01-26T14:00:20.825+0000] {glue_crawler.py:189} INFO - State: STOPPING
[2023-01-26T14:00:20.864+0000] {glue_crawler.py:197} INFO - Estimated Time Left (seconds): 15
[2023-01-26T14:00:25.917+0000] {glue_crawler.py:188} INFO - Polling for AWS Glue crawler: spotify-crawl 
[2023-01-26T14:00:25.917+0000] {glue_crawler.py:189} INFO - State: STOPPING
[2023-01-26T14:00:25.956+0000] {glue_crawler.py:197} INFO - Estimated Time Left (seconds): 15
[2023-01-26T14:00:31.014+0000] {glue_crawler.py:188} INFO - Polling for AWS Glue crawler: spotify-crawl 
[2023-01-26T14:00:31.014+0000] {glue_crawler.py:189} INFO - State: STOPPING
[2023-01-26T14:00:31.053+0000] {glue_crawler.py:197} INFO - Estimated Time Left (seconds): 15
[2023-01-26T14:00:36.100+0000] {glue_crawler.py:188} INFO - Polling for AWS Glue crawler: spotify-crawl 
[2023-01-26T14:00:36.100+0000] {glue_crawler.py:189} INFO - State: STOPPING
[2023-01-26T14:00:36.138+0000] {glue_crawler.py:197} INFO - Estimated Time Left (seconds): 15
[2023-01-26T14:00:41.222+0000] {glue_crawler.py:188} INFO - Polling for AWS Glue crawler: spotify-crawl 
[2023-01-26T14:00:41.222+0000] {glue_crawler.py:189} INFO - State: STOPPING
[2023-01-26T14:00:41.250+0000] {glue_crawler.py:197} INFO - Estimated Time Left (seconds): 15
[2023-01-26T14:00:46.283+0000] {glue_crawler.py:188} INFO - Polling for AWS Glue crawler: spotify-crawl 
[2023-01-26T14:00:46.283+0000] {glue_crawler.py:189} INFO - State: STOPPING
[2023-01-26T14:00:46.320+0000] {glue_crawler.py:197} INFO - Estimated Time Left (seconds): 15
[2023-01-26T14:00:51.369+0000] {glue_crawler.py:188} INFO - Polling for AWS Glue crawler: spotify-crawl 
[2023-01-26T14:00:51.369+0000] {glue_crawler.py:189} INFO - State: STOPPING
[2023-01-26T14:00:51.399+0000] {glue_crawler.py:197} INFO - Estimated Time Left (seconds): 15
[2023-01-26T14:00:56.460+0000] {glue_crawler.py:188} INFO - Polling for AWS Glue crawler: spotify-crawl 
[2023-01-26T14:00:56.461+0000] {glue_crawler.py:189} INFO - State: STOPPING
[2023-01-26T14:00:56.502+0000] {glue_crawler.py:197} INFO - Estimated Time Left (seconds): 15
[2023-01-26T14:01:01.557+0000] {glue_crawler.py:188} INFO - Polling for AWS Glue crawler: spotify-crawl 
[2023-01-26T14:01:01.557+0000] {glue_crawler.py:189} INFO - State: STOPPING
[2023-01-26T14:01:01.598+0000] {glue_crawler.py:197} INFO - Estimated Time Left (seconds): 15
[2023-01-26T14:01:06.644+0000] {glue_crawler.py:188} INFO - Polling for AWS Glue crawler: spotify-crawl 
[2023-01-26T14:01:06.644+0000] {glue_crawler.py:189} INFO - State: STOPPING
[2023-01-26T14:01:06.687+0000] {glue_crawler.py:197} INFO - Estimated Time Left (seconds): 15
[2023-01-26T14:01:11.731+0000] {glue_crawler.py:188} INFO - Polling for AWS Glue crawler: spotify-crawl 
[2023-01-26T14:01:11.731+0000] {glue_crawler.py:189} INFO - State: STOPPING
[2023-01-26T14:01:11.769+0000] {glue_crawler.py:197} INFO - Estimated Time Left (seconds): 15
[2023-01-26T14:01:16.815+0000] {glue_crawler.py:170} INFO - State: READY
[2023-01-26T14:01:16.816+0000] {glue_crawler.py:171} INFO - crawler_config: {'Name': 'spotify-crawl', 'Role': 'service-role/AWSGlueServiceRole-crawlerclass', 'Targets': {'S3Targets': [{'Path': 's3://airflow-nk/logs', 'Exclusions': []}], 'JdbcTargets': [], 'MongoDBTargets': [], 'DynamoDBTargets': [], 'CatalogTargets': [], 'DeltaTargets': []}, 'DatabaseName': 'spotify', 'Classifiers': [], 'RecrawlPolicy': {'RecrawlBehavior': 'CRAWL_EVERYTHING'}, 'SchemaChangePolicy': {'UpdateBehavior': 'LOG', 'DeleteBehavior': 'LOG'}, 'LineageConfiguration': {'CrawlerLineageSettings': 'DISABLE'}, 'State': 'READY', 'CrawlElapsedTime': 0, 'CreationTime': datetime.datetime(2022, 10, 4, 6, 4, 16, tzinfo=tzlocal()), 'LastUpdated': datetime.datetime(2023, 1, 25, 11, 32, 11, tzinfo=tzlocal()), 'LastCrawl': {'Status': 'SUCCEEDED', 'LogGroup': '/aws-glue/crawlers', 'LogStream': 'spotify-crawl', 'MessagePrefix': '492ef53e-8215-423e-9bc8-86e0dcf146f0', 'StartTime': datetime.datetime(2023, 1, 26, 13, 59, 14, tzinfo=tzlocal())}, 'Version': 18, 'LakeFormationConfiguration': {'UseLakeFormationCredentials': False, 'AccountId': ''}}
[2023-01-26T14:01:16.842+0000] {glue_crawler.py:178} INFO - Status: SUCCEEDED
[2023-01-26T14:01:16.842+0000] {glue_crawler.py:179} INFO - Last Runtime Duration (seconds): 51.269
[2023-01-26T14:01:16.842+0000] {glue_crawler.py:180} INFO - Median Runtime Duration (seconds): 51.165
[2023-01-26T14:01:16.843+0000] {glue_crawler.py:181} INFO - Tables Created: 0
[2023-01-26T14:01:16.843+0000] {glue_crawler.py:182} INFO - Tables Updated: 0
[2023-01-26T14:01:16.843+0000] {glue_crawler.py:183} INFO - Tables Deleted: 0
[2023-01-26T14:01:16.876+0000] {taskinstance.py:1401} INFO - Marking task as SUCCESS. dag_id=spotify_dag, task_id=crawl_s3, execution_date=20230126T000000, start_date=20230126T135913, end_date=20230126T140116
[2023-01-26T14:01:16.934+0000] {local_task_job.py:164} INFO - Task exited with return code 0
[2023-01-26T14:01:16.973+0000] {local_task_job.py:273} INFO - 1 downstream tasks scheduled from follow-on schedule check
