[2022-10-04T03:09:35.417+0000] {processor.py:156} INFO - Started process (PID=7711) to work on /usr/local/lib/python3.10/dist-packages/airflow/example_dags/example_branch_labels.py
[2022-10-04T03:09:35.418+0000] {processor.py:758} INFO - Processing file /usr/local/lib/python3.10/dist-packages/airflow/example_dags/example_branch_labels.py for tasks to queue
[2022-10-04T03:09:35.418+0000] {logging_mixin.py:117} INFO - [2022-10-04T03:09:35.418+0000] {dagbag.py:525} INFO - Filling up the DagBag from /usr/local/lib/python3.10/dist-packages/airflow/example_dags/example_branch_labels.py
[2022-10-04T03:09:35.431+0000] {processor.py:768} INFO - DAG(s) dict_keys(['example_branch_labels']) retrieved from /usr/local/lib/python3.10/dist-packages/airflow/example_dags/example_branch_labels.py
[2022-10-04T03:09:35.529+0000] {logging_mixin.py:117} INFO - [2022-10-04T03:09:35.529+0000] {manager.py:508} INFO - Created Permission View: can read on DAG:example_branch_labels
[2022-10-04T03:09:35.541+0000] {logging_mixin.py:117} INFO - [2022-10-04T03:09:35.541+0000] {manager.py:508} INFO - Created Permission View: can delete on DAG:example_branch_labels
[2022-10-04T03:09:35.551+0000] {logging_mixin.py:117} INFO - [2022-10-04T03:09:35.551+0000] {manager.py:508} INFO - Created Permission View: can edit on DAG:example_branch_labels
[2022-10-04T03:09:35.551+0000] {logging_mixin.py:117} INFO - [2022-10-04T03:09:35.551+0000] {dag.py:2573} INFO - Sync 1 DAGs
[2022-10-04T03:09:35.560+0000] {logging_mixin.py:117} INFO - [2022-10-04T03:09:35.560+0000] {dag.py:2594} INFO - Creating ORM DAG for example_branch_labels
[2022-10-04T03:09:35.568+0000] {logging_mixin.py:117} INFO - [2022-10-04T03:09:35.568+0000] {dag.py:3324} INFO - Setting next_dagrun for example_branch_labels to 2022-10-03T00:00:00+00:00, run_after=2022-10-04T00:00:00+00:00
[2022-10-04T03:09:35.589+0000] {processor.py:178} INFO - Processing /usr/local/lib/python3.10/dist-packages/airflow/example_dags/example_branch_labels.py took 0.175 seconds
[2022-10-04T03:10:14.086+0000] {processor.py:156} INFO - Started process (PID=7760) to work on /usr/local/lib/python3.10/dist-packages/airflow/example_dags/example_branch_labels.py
[2022-10-04T03:10:14.088+0000] {processor.py:758} INFO - Processing file /usr/local/lib/python3.10/dist-packages/airflow/example_dags/example_branch_labels.py for tasks to queue
[2022-10-04T03:10:14.088+0000] {logging_mixin.py:117} INFO - [2022-10-04T03:10:14.088+0000] {dagbag.py:525} INFO - Filling up the DagBag from /usr/local/lib/python3.10/dist-packages/airflow/example_dags/example_branch_labels.py
[2022-10-04T03:10:14.101+0000] {processor.py:768} INFO - DAG(s) dict_keys(['example_branch_labels']) retrieved from /usr/local/lib/python3.10/dist-packages/airflow/example_dags/example_branch_labels.py
[2022-10-04T03:10:14.124+0000] {logging_mixin.py:117} INFO - [2022-10-04T03:10:14.124+0000] {dag.py:2573} INFO - Sync 1 DAGs
[2022-10-04T03:10:14.143+0000] {logging_mixin.py:117} INFO - [2022-10-04T03:10:14.143+0000] {dag.py:3324} INFO - Setting next_dagrun for example_branch_labels to 2022-10-03T00:00:00+00:00, run_after=2022-10-04T00:00:00+00:00
[2022-10-04T03:10:14.165+0000] {processor.py:178} INFO - Processing /usr/local/lib/python3.10/dist-packages/airflow/example_dags/example_branch_labels.py took 0.081 seconds
[2022-10-04T03:10:56.552+0000] {processor.py:156} INFO - Started process (PID=7798) to work on /usr/local/lib/python3.10/dist-packages/airflow/example_dags/example_branch_labels.py
[2022-10-04T03:10:56.553+0000] {processor.py:758} INFO - Processing file /usr/local/lib/python3.10/dist-packages/airflow/example_dags/example_branch_labels.py for tasks to queue
[2022-10-04T03:10:56.554+0000] {logging_mixin.py:117} INFO - [2022-10-04T03:10:56.554+0000] {dagbag.py:525} INFO - Filling up the DagBag from /usr/local/lib/python3.10/dist-packages/airflow/example_dags/example_branch_labels.py
[2022-10-04T03:10:56.571+0000] {processor.py:768} INFO - DAG(s) dict_keys(['example_branch_labels']) retrieved from /usr/local/lib/python3.10/dist-packages/airflow/example_dags/example_branch_labels.py
[2022-10-04T03:10:56.611+0000] {logging_mixin.py:117} INFO - [2022-10-04T03:10:56.611+0000] {dag.py:2573} INFO - Sync 1 DAGs
[2022-10-04T03:10:56.630+0000] {logging_mixin.py:117} INFO - [2022-10-04T03:10:56.630+0000] {dag.py:3324} INFO - Setting next_dagrun for example_branch_labels to 2022-10-03T00:00:00+00:00, run_after=2022-10-04T00:00:00+00:00
[2022-10-04T03:10:56.653+0000] {processor.py:178} INFO - Processing /usr/local/lib/python3.10/dist-packages/airflow/example_dags/example_branch_labels.py took 0.104 seconds
[2022-10-04T03:11:39.623+0000] {processor.py:156} INFO - Started process (PID=7844) to work on /usr/local/lib/python3.10/dist-packages/airflow/example_dags/example_branch_labels.py
[2022-10-04T03:11:39.624+0000] {processor.py:758} INFO - Processing file /usr/local/lib/python3.10/dist-packages/airflow/example_dags/example_branch_labels.py for tasks to queue
[2022-10-04T03:11:39.624+0000] {logging_mixin.py:117} INFO - [2022-10-04T03:11:39.624+0000] {dagbag.py:525} INFO - Filling up the DagBag from /usr/local/lib/python3.10/dist-packages/airflow/example_dags/example_branch_labels.py
[2022-10-04T03:11:39.640+0000] {processor.py:768} INFO - DAG(s) dict_keys(['example_branch_labels']) retrieved from /usr/local/lib/python3.10/dist-packages/airflow/example_dags/example_branch_labels.py
[2022-10-04T03:11:39.662+0000] {logging_mixin.py:117} INFO - [2022-10-04T03:11:39.662+0000] {dag.py:2573} INFO - Sync 1 DAGs
[2022-10-04T03:11:39.680+0000] {logging_mixin.py:117} INFO - [2022-10-04T03:11:39.680+0000] {dag.py:3324} INFO - Setting next_dagrun for example_branch_labels to 2022-10-03T00:00:00+00:00, run_after=2022-10-04T00:00:00+00:00
[2022-10-04T03:11:39.702+0000] {processor.py:178} INFO - Processing /usr/local/lib/python3.10/dist-packages/airflow/example_dags/example_branch_labels.py took 0.082 seconds
[2022-10-04T03:12:17.925+0000] {processor.py:156} INFO - Started process (PID=7885) to work on /usr/local/lib/python3.10/dist-packages/airflow/example_dags/example_branch_labels.py
[2022-10-04T03:12:17.926+0000] {processor.py:758} INFO - Processing file /usr/local/lib/python3.10/dist-packages/airflow/example_dags/example_branch_labels.py for tasks to queue
[2022-10-04T03:12:17.926+0000] {logging_mixin.py:117} INFO - [2022-10-04T03:12:17.926+0000] {dagbag.py:525} INFO - Filling up the DagBag from /usr/local/lib/python3.10/dist-packages/airflow/example_dags/example_branch_labels.py
[2022-10-04T03:12:17.940+0000] {processor.py:768} INFO - DAG(s) dict_keys(['example_branch_labels']) retrieved from /usr/local/lib/python3.10/dist-packages/airflow/example_dags/example_branch_labels.py
[2022-10-04T03:12:17.961+0000] {logging_mixin.py:117} INFO - [2022-10-04T03:12:17.961+0000] {dag.py:2573} INFO - Sync 1 DAGs
[2022-10-04T03:12:17.980+0000] {logging_mixin.py:117} INFO - [2022-10-04T03:12:17.980+0000] {dag.py:3324} INFO - Setting next_dagrun for example_branch_labels to 2022-10-03T00:00:00+00:00, run_after=2022-10-04T00:00:00+00:00
[2022-10-04T03:12:18.000+0000] {processor.py:178} INFO - Processing /usr/local/lib/python3.10/dist-packages/airflow/example_dags/example_branch_labels.py took 0.078 seconds
[2022-10-04T03:13:01.521+0000] {processor.py:156} INFO - Started process (PID=7927) to work on /usr/local/lib/python3.10/dist-packages/airflow/example_dags/example_branch_labels.py
[2022-10-04T03:13:01.523+0000] {processor.py:758} INFO - Processing file /usr/local/lib/python3.10/dist-packages/airflow/example_dags/example_branch_labels.py for tasks to queue
[2022-10-04T03:13:01.524+0000] {logging_mixin.py:117} INFO - [2022-10-04T03:13:01.524+0000] {dagbag.py:525} INFO - Filling up the DagBag from /usr/local/lib/python3.10/dist-packages/airflow/example_dags/example_branch_labels.py
[2022-10-04T03:13:01.560+0000] {processor.py:768} INFO - DAG(s) dict_keys(['example_branch_labels']) retrieved from /usr/local/lib/python3.10/dist-packages/airflow/example_dags/example_branch_labels.py
[2022-10-04T03:13:01.614+0000] {logging_mixin.py:117} INFO - [2022-10-04T03:13:01.614+0000] {dag.py:2573} INFO - Sync 1 DAGs
[2022-10-04T03:13:01.664+0000] {logging_mixin.py:117} INFO - [2022-10-04T03:13:01.664+0000] {dag.py:3324} INFO - Setting next_dagrun for example_branch_labels to 2022-10-03T00:00:00+00:00, run_after=2022-10-04T00:00:00+00:00
[2022-10-04T03:13:01.704+0000] {processor.py:178} INFO - Processing /usr/local/lib/python3.10/dist-packages/airflow/example_dags/example_branch_labels.py took 0.190 seconds
[2022-10-04T03:13:41.336+0000] {processor.py:156} INFO - Started process (PID=7967) to work on /usr/local/lib/python3.10/dist-packages/airflow/example_dags/example_branch_labels.py
[2022-10-04T03:13:41.338+0000] {processor.py:758} INFO - Processing file /usr/local/lib/python3.10/dist-packages/airflow/example_dags/example_branch_labels.py for tasks to queue
[2022-10-04T03:13:41.338+0000] {logging_mixin.py:117} INFO - [2022-10-04T03:13:41.338+0000] {dagbag.py:525} INFO - Filling up the DagBag from /usr/local/lib/python3.10/dist-packages/airflow/example_dags/example_branch_labels.py
[2022-10-04T03:13:41.352+0000] {processor.py:768} INFO - DAG(s) dict_keys(['example_branch_labels']) retrieved from /usr/local/lib/python3.10/dist-packages/airflow/example_dags/example_branch_labels.py
[2022-10-04T03:13:41.382+0000] {logging_mixin.py:117} INFO - [2022-10-04T03:13:41.382+0000] {dag.py:2573} INFO - Sync 1 DAGs
[2022-10-04T03:13:41.402+0000] {logging_mixin.py:117} INFO - [2022-10-04T03:13:41.402+0000] {dag.py:3324} INFO - Setting next_dagrun for example_branch_labels to 2022-10-03T00:00:00+00:00, run_after=2022-10-04T00:00:00+00:00
[2022-10-04T03:13:41.423+0000] {processor.py:178} INFO - Processing /usr/local/lib/python3.10/dist-packages/airflow/example_dags/example_branch_labels.py took 0.089 seconds
[2022-10-04T03:14:23.604+0000] {processor.py:156} INFO - Started process (PID=8008) to work on /usr/local/lib/python3.10/dist-packages/airflow/example_dags/example_branch_labels.py
[2022-10-04T03:14:23.605+0000] {processor.py:758} INFO - Processing file /usr/local/lib/python3.10/dist-packages/airflow/example_dags/example_branch_labels.py for tasks to queue
[2022-10-04T03:14:23.606+0000] {logging_mixin.py:117} INFO - [2022-10-04T03:14:23.606+0000] {dagbag.py:525} INFO - Filling up the DagBag from /usr/local/lib/python3.10/dist-packages/airflow/example_dags/example_branch_labels.py
[2022-10-04T03:14:23.621+0000] {processor.py:768} INFO - DAG(s) dict_keys(['example_branch_labels']) retrieved from /usr/local/lib/python3.10/dist-packages/airflow/example_dags/example_branch_labels.py
[2022-10-04T03:14:23.642+0000] {logging_mixin.py:117} INFO - [2022-10-04T03:14:23.642+0000] {dag.py:2573} INFO - Sync 1 DAGs
[2022-10-04T03:14:23.660+0000] {logging_mixin.py:117} INFO - [2022-10-04T03:14:23.659+0000] {dag.py:3324} INFO - Setting next_dagrun for example_branch_labels to 2022-10-03T00:00:00+00:00, run_after=2022-10-04T00:00:00+00:00
[2022-10-04T03:14:23.680+0000] {processor.py:178} INFO - Processing /usr/local/lib/python3.10/dist-packages/airflow/example_dags/example_branch_labels.py took 0.082 seconds
[2022-10-04T03:15:10.798+0000] {processor.py:156} INFO - Started process (PID=8055) to work on /usr/local/lib/python3.10/dist-packages/airflow/example_dags/example_branch_labels.py
[2022-10-04T03:15:10.799+0000] {processor.py:758} INFO - Processing file /usr/local/lib/python3.10/dist-packages/airflow/example_dags/example_branch_labels.py for tasks to queue
[2022-10-04T03:15:10.800+0000] {logging_mixin.py:117} INFO - [2022-10-04T03:15:10.800+0000] {dagbag.py:525} INFO - Filling up the DagBag from /usr/local/lib/python3.10/dist-packages/airflow/example_dags/example_branch_labels.py
[2022-10-04T03:15:10.816+0000] {processor.py:768} INFO - DAG(s) dict_keys(['example_branch_labels']) retrieved from /usr/local/lib/python3.10/dist-packages/airflow/example_dags/example_branch_labels.py
[2022-10-04T03:15:10.841+0000] {logging_mixin.py:117} INFO - [2022-10-04T03:15:10.841+0000] {dag.py:2573} INFO - Sync 1 DAGs
[2022-10-04T03:15:10.866+0000] {logging_mixin.py:117} INFO - [2022-10-04T03:15:10.866+0000] {dag.py:3324} INFO - Setting next_dagrun for example_branch_labels to 2022-10-03T00:00:00+00:00, run_after=2022-10-04T00:00:00+00:00
[2022-10-04T03:15:10.897+0000] {processor.py:178} INFO - Processing /usr/local/lib/python3.10/dist-packages/airflow/example_dags/example_branch_labels.py took 0.103 seconds
[2022-10-04T03:15:57.844+0000] {processor.py:156} INFO - Started process (PID=8102) to work on /usr/local/lib/python3.10/dist-packages/airflow/example_dags/example_branch_labels.py
[2022-10-04T03:15:57.846+0000] {processor.py:758} INFO - Processing file /usr/local/lib/python3.10/dist-packages/airflow/example_dags/example_branch_labels.py for tasks to queue
[2022-10-04T03:15:57.848+0000] {logging_mixin.py:117} INFO - [2022-10-04T03:15:57.847+0000] {dagbag.py:525} INFO - Filling up the DagBag from /usr/local/lib/python3.10/dist-packages/airflow/example_dags/example_branch_labels.py
[2022-10-04T03:15:57.865+0000] {processor.py:768} INFO - DAG(s) dict_keys(['example_branch_labels']) retrieved from /usr/local/lib/python3.10/dist-packages/airflow/example_dags/example_branch_labels.py
[2022-10-04T03:15:57.912+0000] {logging_mixin.py:117} INFO - [2022-10-04T03:15:57.911+0000] {dag.py:2573} INFO - Sync 1 DAGs
[2022-10-04T03:15:57.983+0000] {logging_mixin.py:117} INFO - [2022-10-04T03:15:57.983+0000] {dag.py:3324} INFO - Setting next_dagrun for example_branch_labels to 2022-10-03T00:00:00+00:00, run_after=2022-10-04T00:00:00+00:00
[2022-10-04T03:15:58.024+0000] {processor.py:178} INFO - Processing /usr/local/lib/python3.10/dist-packages/airflow/example_dags/example_branch_labels.py took 0.188 seconds
[2022-10-04T03:16:48.628+0000] {processor.py:156} INFO - Started process (PID=8250) to work on /usr/local/lib/python3.10/dist-packages/airflow/example_dags/example_branch_labels.py
[2022-10-04T03:16:48.630+0000] {processor.py:758} INFO - Processing file /usr/local/lib/python3.10/dist-packages/airflow/example_dags/example_branch_labels.py for tasks to queue
[2022-10-04T03:16:48.631+0000] {logging_mixin.py:117} INFO - [2022-10-04T03:16:48.631+0000] {dagbag.py:525} INFO - Filling up the DagBag from /usr/local/lib/python3.10/dist-packages/airflow/example_dags/example_branch_labels.py
[2022-10-04T03:16:48.648+0000] {processor.py:768} INFO - DAG(s) dict_keys(['example_branch_labels']) retrieved from /usr/local/lib/python3.10/dist-packages/airflow/example_dags/example_branch_labels.py
[2022-10-04T03:16:48.674+0000] {logging_mixin.py:117} INFO - [2022-10-04T03:16:48.674+0000] {dag.py:2573} INFO - Sync 1 DAGs
[2022-10-04T03:16:48.736+0000] {logging_mixin.py:117} INFO - [2022-10-04T03:16:48.736+0000] {dag.py:3324} INFO - Setting next_dagrun for example_branch_labels to 2022-10-03T00:00:00+00:00, run_after=2022-10-04T00:00:00+00:00
[2022-10-04T03:16:49.087+0000] {processor.py:178} INFO - Processing /usr/local/lib/python3.10/dist-packages/airflow/example_dags/example_branch_labels.py took 0.464 seconds
[2022-10-04T03:17:44.509+0000] {processor.py:156} INFO - Started process (PID=8620) to work on /usr/local/lib/python3.10/dist-packages/airflow/example_dags/example_branch_labels.py
[2022-10-04T03:17:44.510+0000] {processor.py:758} INFO - Processing file /usr/local/lib/python3.10/dist-packages/airflow/example_dags/example_branch_labels.py for tasks to queue
[2022-10-04T03:17:44.511+0000] {logging_mixin.py:117} INFO - [2022-10-04T03:17:44.511+0000] {dagbag.py:525} INFO - Filling up the DagBag from /usr/local/lib/python3.10/dist-packages/airflow/example_dags/example_branch_labels.py
[2022-10-04T03:17:44.524+0000] {processor.py:768} INFO - DAG(s) dict_keys(['example_branch_labels']) retrieved from /usr/local/lib/python3.10/dist-packages/airflow/example_dags/example_branch_labels.py
[2022-10-04T03:17:44.545+0000] {logging_mixin.py:117} INFO - [2022-10-04T03:17:44.545+0000] {dag.py:2573} INFO - Sync 1 DAGs
[2022-10-04T03:17:44.686+0000] {logging_mixin.py:117} INFO - [2022-10-04T03:17:44.686+0000] {dag.py:3324} INFO - Setting next_dagrun for example_branch_labels to 2022-10-03T00:00:00+00:00, run_after=2022-10-04T00:00:00+00:00
[2022-10-04T03:17:44.706+0000] {processor.py:178} INFO - Processing /usr/local/lib/python3.10/dist-packages/airflow/example_dags/example_branch_labels.py took 0.199 seconds
[2022-10-04T03:19:09.333+0000] {processor.py:156} INFO - Started process (PID=8714) to work on /usr/local/lib/python3.10/dist-packages/airflow/example_dags/example_branch_labels.py
[2022-10-04T03:19:09.334+0000] {processor.py:758} INFO - Processing file /usr/local/lib/python3.10/dist-packages/airflow/example_dags/example_branch_labels.py for tasks to queue
[2022-10-04T03:19:09.335+0000] {logging_mixin.py:117} INFO - [2022-10-04T03:19:09.335+0000] {dagbag.py:525} INFO - Filling up the DagBag from /usr/local/lib/python3.10/dist-packages/airflow/example_dags/example_branch_labels.py
[2022-10-04T03:19:09.348+0000] {processor.py:768} INFO - DAG(s) dict_keys(['example_branch_labels']) retrieved from /usr/local/lib/python3.10/dist-packages/airflow/example_dags/example_branch_labels.py
[2022-10-04T03:19:09.371+0000] {logging_mixin.py:117} INFO - [2022-10-04T03:19:09.371+0000] {dag.py:2573} INFO - Sync 1 DAGs
[2022-10-04T03:19:09.389+0000] {logging_mixin.py:117} INFO - [2022-10-04T03:19:09.389+0000] {dag.py:3324} INFO - Setting next_dagrun for example_branch_labels to 2022-10-03T00:00:00+00:00, run_after=2022-10-04T00:00:00+00:00
[2022-10-04T03:19:09.410+0000] {processor.py:178} INFO - Processing /usr/local/lib/python3.10/dist-packages/airflow/example_dags/example_branch_labels.py took 0.079 seconds
[2022-10-04T03:19:51.681+0000] {processor.py:156} INFO - Started process (PID=8759) to work on /usr/local/lib/python3.10/dist-packages/airflow/example_dags/example_branch_labels.py
[2022-10-04T03:19:51.682+0000] {processor.py:758} INFO - Processing file /usr/local/lib/python3.10/dist-packages/airflow/example_dags/example_branch_labels.py for tasks to queue
[2022-10-04T03:19:51.683+0000] {logging_mixin.py:117} INFO - [2022-10-04T03:19:51.683+0000] {dagbag.py:525} INFO - Filling up the DagBag from /usr/local/lib/python3.10/dist-packages/airflow/example_dags/example_branch_labels.py
[2022-10-04T03:19:51.697+0000] {processor.py:768} INFO - DAG(s) dict_keys(['example_branch_labels']) retrieved from /usr/local/lib/python3.10/dist-packages/airflow/example_dags/example_branch_labels.py
[2022-10-04T03:19:51.721+0000] {logging_mixin.py:117} INFO - [2022-10-04T03:19:51.721+0000] {dag.py:2573} INFO - Sync 1 DAGs
[2022-10-04T03:19:51.742+0000] {logging_mixin.py:117} INFO - [2022-10-04T03:19:51.742+0000] {dag.py:3324} INFO - Setting next_dagrun for example_branch_labels to 2022-10-03T00:00:00+00:00, run_after=2022-10-04T00:00:00+00:00
[2022-10-04T03:19:51.776+0000] {processor.py:178} INFO - Processing /usr/local/lib/python3.10/dist-packages/airflow/example_dags/example_branch_labels.py took 0.098 seconds
[2022-10-04T03:20:32.576+0000] {processor.py:156} INFO - Started process (PID=8800) to work on /usr/local/lib/python3.10/dist-packages/airflow/example_dags/example_branch_labels.py
[2022-10-04T03:20:32.577+0000] {processor.py:758} INFO - Processing file /usr/local/lib/python3.10/dist-packages/airflow/example_dags/example_branch_labels.py for tasks to queue
[2022-10-04T03:20:32.578+0000] {logging_mixin.py:117} INFO - [2022-10-04T03:20:32.578+0000] {dagbag.py:525} INFO - Filling up the DagBag from /usr/local/lib/python3.10/dist-packages/airflow/example_dags/example_branch_labels.py
[2022-10-04T03:20:32.596+0000] {processor.py:768} INFO - DAG(s) dict_keys(['example_branch_labels']) retrieved from /usr/local/lib/python3.10/dist-packages/airflow/example_dags/example_branch_labels.py
[2022-10-04T03:20:32.626+0000] {logging_mixin.py:117} INFO - [2022-10-04T03:20:32.625+0000] {dag.py:2573} INFO - Sync 1 DAGs
[2022-10-04T03:20:32.648+0000] {logging_mixin.py:117} INFO - [2022-10-04T03:20:32.648+0000] {dag.py:3324} INFO - Setting next_dagrun for example_branch_labels to 2022-10-03T00:00:00+00:00, run_after=2022-10-04T00:00:00+00:00
[2022-10-04T03:20:32.674+0000] {processor.py:178} INFO - Processing /usr/local/lib/python3.10/dist-packages/airflow/example_dags/example_branch_labels.py took 0.100 seconds
[2022-10-04T03:21:18.405+0000] {processor.py:156} INFO - Started process (PID=8844) to work on /usr/local/lib/python3.10/dist-packages/airflow/example_dags/example_branch_labels.py
[2022-10-04T03:21:18.406+0000] {processor.py:758} INFO - Processing file /usr/local/lib/python3.10/dist-packages/airflow/example_dags/example_branch_labels.py for tasks to queue
[2022-10-04T03:21:18.407+0000] {logging_mixin.py:117} INFO - [2022-10-04T03:21:18.407+0000] {dagbag.py:525} INFO - Filling up the DagBag from /usr/local/lib/python3.10/dist-packages/airflow/example_dags/example_branch_labels.py
[2022-10-04T03:21:18.421+0000] {processor.py:768} INFO - DAG(s) dict_keys(['example_branch_labels']) retrieved from /usr/local/lib/python3.10/dist-packages/airflow/example_dags/example_branch_labels.py
[2022-10-04T03:21:18.446+0000] {logging_mixin.py:117} INFO - [2022-10-04T03:21:18.445+0000] {dag.py:2573} INFO - Sync 1 DAGs
[2022-10-04T03:21:18.464+0000] {logging_mixin.py:117} INFO - [2022-10-04T03:21:18.464+0000] {dag.py:3324} INFO - Setting next_dagrun for example_branch_labels to 2022-10-03T00:00:00+00:00, run_after=2022-10-04T00:00:00+00:00
[2022-10-04T03:21:18.487+0000] {processor.py:178} INFO - Processing /usr/local/lib/python3.10/dist-packages/airflow/example_dags/example_branch_labels.py took 0.085 seconds
[2022-10-04T03:21:57.924+0000] {processor.py:156} INFO - Started process (PID=8883) to work on /usr/local/lib/python3.10/dist-packages/airflow/example_dags/example_branch_labels.py
[2022-10-04T03:21:57.925+0000] {processor.py:758} INFO - Processing file /usr/local/lib/python3.10/dist-packages/airflow/example_dags/example_branch_labels.py for tasks to queue
[2022-10-04T03:21:57.925+0000] {logging_mixin.py:117} INFO - [2022-10-04T03:21:57.925+0000] {dagbag.py:525} INFO - Filling up the DagBag from /usr/local/lib/python3.10/dist-packages/airflow/example_dags/example_branch_labels.py
[2022-10-04T03:21:57.943+0000] {processor.py:768} INFO - DAG(s) dict_keys(['example_branch_labels']) retrieved from /usr/local/lib/python3.10/dist-packages/airflow/example_dags/example_branch_labels.py
[2022-10-04T03:21:57.965+0000] {logging_mixin.py:117} INFO - [2022-10-04T03:21:57.965+0000] {dag.py:2573} INFO - Sync 1 DAGs
[2022-10-04T03:21:57.985+0000] {logging_mixin.py:117} INFO - [2022-10-04T03:21:57.984+0000] {dag.py:3324} INFO - Setting next_dagrun for example_branch_labels to 2022-10-03T00:00:00+00:00, run_after=2022-10-04T00:00:00+00:00
[2022-10-04T03:21:58.009+0000] {processor.py:178} INFO - Processing /usr/local/lib/python3.10/dist-packages/airflow/example_dags/example_branch_labels.py took 0.088 seconds
[2022-10-04T03:22:39.931+0000] {processor.py:156} INFO - Started process (PID=8928) to work on /usr/local/lib/python3.10/dist-packages/airflow/example_dags/example_branch_labels.py
[2022-10-04T03:22:39.932+0000] {processor.py:758} INFO - Processing file /usr/local/lib/python3.10/dist-packages/airflow/example_dags/example_branch_labels.py for tasks to queue
[2022-10-04T03:22:39.932+0000] {logging_mixin.py:117} INFO - [2022-10-04T03:22:39.932+0000] {dagbag.py:525} INFO - Filling up the DagBag from /usr/local/lib/python3.10/dist-packages/airflow/example_dags/example_branch_labels.py
[2022-10-04T03:22:39.947+0000] {processor.py:768} INFO - DAG(s) dict_keys(['example_branch_labels']) retrieved from /usr/local/lib/python3.10/dist-packages/airflow/example_dags/example_branch_labels.py
[2022-10-04T03:22:39.970+0000] {logging_mixin.py:117} INFO - [2022-10-04T03:22:39.969+0000] {dag.py:2573} INFO - Sync 1 DAGs
[2022-10-04T03:22:39.990+0000] {logging_mixin.py:117} INFO - [2022-10-04T03:22:39.990+0000] {dag.py:3324} INFO - Setting next_dagrun for example_branch_labels to 2022-10-03T00:00:00+00:00, run_after=2022-10-04T00:00:00+00:00
[2022-10-04T03:22:40.011+0000] {processor.py:178} INFO - Processing /usr/local/lib/python3.10/dist-packages/airflow/example_dags/example_branch_labels.py took 0.083 seconds
[2022-10-04T03:24:09.354+0000] {processor.py:156} INFO - Started process (PID=9024) to work on /usr/local/lib/python3.10/dist-packages/airflow/example_dags/example_branch_labels.py
[2022-10-04T03:24:09.355+0000] {processor.py:758} INFO - Processing file /usr/local/lib/python3.10/dist-packages/airflow/example_dags/example_branch_labels.py for tasks to queue
[2022-10-04T03:24:09.356+0000] {logging_mixin.py:117} INFO - [2022-10-04T03:24:09.355+0000] {dagbag.py:525} INFO - Filling up the DagBag from /usr/local/lib/python3.10/dist-packages/airflow/example_dags/example_branch_labels.py
[2022-10-04T03:24:09.371+0000] {processor.py:768} INFO - DAG(s) dict_keys(['example_branch_labels']) retrieved from /usr/local/lib/python3.10/dist-packages/airflow/example_dags/example_branch_labels.py
[2022-10-04T03:24:09.396+0000] {logging_mixin.py:117} INFO - [2022-10-04T03:24:09.396+0000] {dag.py:2573} INFO - Sync 1 DAGs
[2022-10-04T03:24:09.417+0000] {logging_mixin.py:117} INFO - [2022-10-04T03:24:09.417+0000] {dag.py:3324} INFO - Setting next_dagrun for example_branch_labels to 2022-10-03T00:00:00+00:00, run_after=2022-10-04T00:00:00+00:00
[2022-10-04T03:24:09.439+0000] {processor.py:178} INFO - Processing /usr/local/lib/python3.10/dist-packages/airflow/example_dags/example_branch_labels.py took 0.088 seconds
[2022-10-04T03:24:50.875+0000] {processor.py:156} INFO - Started process (PID=9066) to work on /usr/local/lib/python3.10/dist-packages/airflow/example_dags/example_branch_labels.py
[2022-10-04T03:24:50.876+0000] {processor.py:758} INFO - Processing file /usr/local/lib/python3.10/dist-packages/airflow/example_dags/example_branch_labels.py for tasks to queue
[2022-10-04T03:24:50.877+0000] {logging_mixin.py:117} INFO - [2022-10-04T03:24:50.877+0000] {dagbag.py:525} INFO - Filling up the DagBag from /usr/local/lib/python3.10/dist-packages/airflow/example_dags/example_branch_labels.py
[2022-10-04T03:24:50.892+0000] {processor.py:768} INFO - DAG(s) dict_keys(['example_branch_labels']) retrieved from /usr/local/lib/python3.10/dist-packages/airflow/example_dags/example_branch_labels.py
[2022-10-04T03:24:50.915+0000] {logging_mixin.py:117} INFO - [2022-10-04T03:24:50.915+0000] {dag.py:2573} INFO - Sync 1 DAGs
[2022-10-04T03:24:50.936+0000] {logging_mixin.py:117} INFO - [2022-10-04T03:24:50.936+0000] {dag.py:3324} INFO - Setting next_dagrun for example_branch_labels to 2022-10-03T00:00:00+00:00, run_after=2022-10-04T00:00:00+00:00
[2022-10-04T03:24:50.958+0000] {processor.py:178} INFO - Processing /usr/local/lib/python3.10/dist-packages/airflow/example_dags/example_branch_labels.py took 0.086 seconds
[2022-10-04T03:25:31.529+0000] {processor.py:156} INFO - Started process (PID=9108) to work on /usr/local/lib/python3.10/dist-packages/airflow/example_dags/example_branch_labels.py
[2022-10-04T03:25:31.530+0000] {processor.py:758} INFO - Processing file /usr/local/lib/python3.10/dist-packages/airflow/example_dags/example_branch_labels.py for tasks to queue
[2022-10-04T03:25:31.531+0000] {logging_mixin.py:117} INFO - [2022-10-04T03:25:31.531+0000] {dagbag.py:525} INFO - Filling up the DagBag from /usr/local/lib/python3.10/dist-packages/airflow/example_dags/example_branch_labels.py
[2022-10-04T03:25:31.547+0000] {processor.py:768} INFO - DAG(s) dict_keys(['example_branch_labels']) retrieved from /usr/local/lib/python3.10/dist-packages/airflow/example_dags/example_branch_labels.py
[2022-10-04T03:25:31.572+0000] {logging_mixin.py:117} INFO - [2022-10-04T03:25:31.572+0000] {dag.py:2573} INFO - Sync 1 DAGs
[2022-10-04T03:25:31.593+0000] {logging_mixin.py:117} INFO - [2022-10-04T03:25:31.593+0000] {dag.py:3324} INFO - Setting next_dagrun for example_branch_labels to 2022-10-03T00:00:00+00:00, run_after=2022-10-04T00:00:00+00:00
[2022-10-04T03:25:31.618+0000] {processor.py:178} INFO - Processing /usr/local/lib/python3.10/dist-packages/airflow/example_dags/example_branch_labels.py took 0.092 seconds
[2022-10-04T03:26:44.513+0000] {processor.py:156} INFO - Started process (PID=9190) to work on /usr/local/lib/python3.10/dist-packages/airflow/example_dags/example_branch_labels.py
[2022-10-04T03:26:44.515+0000] {processor.py:758} INFO - Processing file /usr/local/lib/python3.10/dist-packages/airflow/example_dags/example_branch_labels.py for tasks to queue
[2022-10-04T03:26:44.515+0000] {logging_mixin.py:117} INFO - [2022-10-04T03:26:44.515+0000] {dagbag.py:525} INFO - Filling up the DagBag from /usr/local/lib/python3.10/dist-packages/airflow/example_dags/example_branch_labels.py
[2022-10-04T03:26:44.535+0000] {processor.py:768} INFO - DAG(s) dict_keys(['example_branch_labels']) retrieved from /usr/local/lib/python3.10/dist-packages/airflow/example_dags/example_branch_labels.py
[2022-10-04T03:26:44.564+0000] {logging_mixin.py:117} INFO - [2022-10-04T03:26:44.563+0000] {dag.py:2573} INFO - Sync 1 DAGs
[2022-10-04T03:26:44.585+0000] {logging_mixin.py:117} INFO - [2022-10-04T03:26:44.585+0000] {dag.py:3324} INFO - Setting next_dagrun for example_branch_labels to 2022-10-03T00:00:00+00:00, run_after=2022-10-04T00:00:00+00:00
[2022-10-04T03:26:44.608+0000] {processor.py:178} INFO - Processing /usr/local/lib/python3.10/dist-packages/airflow/example_dags/example_branch_labels.py took 0.097 seconds
[2022-10-04T03:30:50.594+0000] {processor.py:156} INFO - Started process (PID=9287) to work on /usr/local/lib/python3.10/dist-packages/airflow/example_dags/example_branch_labels.py
[2022-10-04T03:30:50.596+0000] {processor.py:758} INFO - Processing file /usr/local/lib/python3.10/dist-packages/airflow/example_dags/example_branch_labels.py for tasks to queue
[2022-10-04T03:30:50.596+0000] {logging_mixin.py:117} INFO - [2022-10-04T03:30:50.596+0000] {dagbag.py:525} INFO - Filling up the DagBag from /usr/local/lib/python3.10/dist-packages/airflow/example_dags/example_branch_labels.py
[2022-10-04T03:30:50.613+0000] {processor.py:768} INFO - DAG(s) dict_keys(['example_branch_labels']) retrieved from /usr/local/lib/python3.10/dist-packages/airflow/example_dags/example_branch_labels.py
[2022-10-04T03:30:50.639+0000] {logging_mixin.py:117} INFO - [2022-10-04T03:30:50.639+0000] {dag.py:2573} INFO - Sync 1 DAGs
[2022-10-04T03:30:50.661+0000] {logging_mixin.py:117} INFO - [2022-10-04T03:30:50.661+0000] {dag.py:3324} INFO - Setting next_dagrun for example_branch_labels to 2022-10-03T00:00:00+00:00, run_after=2022-10-04T00:00:00+00:00
[2022-10-04T03:30:50.699+0000] {processor.py:178} INFO - Processing /usr/local/lib/python3.10/dist-packages/airflow/example_dags/example_branch_labels.py took 0.108 seconds
[2022-10-04T03:31:29.513+0000] {processor.py:156} INFO - Started process (PID=9324) to work on /usr/local/lib/python3.10/dist-packages/airflow/example_dags/example_branch_labels.py
[2022-10-04T03:31:29.515+0000] {processor.py:758} INFO - Processing file /usr/local/lib/python3.10/dist-packages/airflow/example_dags/example_branch_labels.py for tasks to queue
[2022-10-04T03:31:29.515+0000] {logging_mixin.py:117} INFO - [2022-10-04T03:31:29.515+0000] {dagbag.py:525} INFO - Filling up the DagBag from /usr/local/lib/python3.10/dist-packages/airflow/example_dags/example_branch_labels.py
[2022-10-04T03:31:29.529+0000] {processor.py:768} INFO - DAG(s) dict_keys(['example_branch_labels']) retrieved from /usr/local/lib/python3.10/dist-packages/airflow/example_dags/example_branch_labels.py
[2022-10-04T03:31:29.556+0000] {logging_mixin.py:117} INFO - [2022-10-04T03:31:29.556+0000] {dag.py:2573} INFO - Sync 1 DAGs
[2022-10-04T03:31:29.575+0000] {logging_mixin.py:117} INFO - [2022-10-04T03:31:29.575+0000] {dag.py:3324} INFO - Setting next_dagrun for example_branch_labels to 2022-10-03T00:00:00+00:00, run_after=2022-10-04T00:00:00+00:00
[2022-10-04T03:31:29.598+0000] {processor.py:178} INFO - Processing /usr/local/lib/python3.10/dist-packages/airflow/example_dags/example_branch_labels.py took 0.088 seconds
[2022-10-04T03:32:12.587+0000] {processor.py:156} INFO - Started process (PID=9385) to work on /usr/local/lib/python3.10/dist-packages/airflow/example_dags/example_branch_labels.py
[2022-10-04T03:32:12.588+0000] {processor.py:758} INFO - Processing file /usr/local/lib/python3.10/dist-packages/airflow/example_dags/example_branch_labels.py for tasks to queue
[2022-10-04T03:32:12.588+0000] {logging_mixin.py:117} INFO - [2022-10-04T03:32:12.588+0000] {dagbag.py:525} INFO - Filling up the DagBag from /usr/local/lib/python3.10/dist-packages/airflow/example_dags/example_branch_labels.py
[2022-10-04T03:32:12.603+0000] {processor.py:768} INFO - DAG(s) dict_keys(['example_branch_labels']) retrieved from /usr/local/lib/python3.10/dist-packages/airflow/example_dags/example_branch_labels.py
[2022-10-04T03:32:12.631+0000] {logging_mixin.py:117} INFO - [2022-10-04T03:32:12.631+0000] {dag.py:2573} INFO - Sync 1 DAGs
[2022-10-04T03:32:12.650+0000] {logging_mixin.py:117} INFO - [2022-10-04T03:32:12.650+0000] {dag.py:3324} INFO - Setting next_dagrun for example_branch_labels to 2022-10-03T00:00:00+00:00, run_after=2022-10-04T00:00:00+00:00
[2022-10-04T03:32:12.672+0000] {processor.py:178} INFO - Processing /usr/local/lib/python3.10/dist-packages/airflow/example_dags/example_branch_labels.py took 0.088 seconds
[2022-10-04T03:32:56.988+0000] {processor.py:156} INFO - Started process (PID=9431) to work on /usr/local/lib/python3.10/dist-packages/airflow/example_dags/example_branch_labels.py
[2022-10-04T03:32:56.989+0000] {processor.py:758} INFO - Processing file /usr/local/lib/python3.10/dist-packages/airflow/example_dags/example_branch_labels.py for tasks to queue
[2022-10-04T03:32:56.990+0000] {logging_mixin.py:117} INFO - [2022-10-04T03:32:56.990+0000] {dagbag.py:525} INFO - Filling up the DagBag from /usr/local/lib/python3.10/dist-packages/airflow/example_dags/example_branch_labels.py
[2022-10-04T03:32:57.005+0000] {processor.py:768} INFO - DAG(s) dict_keys(['example_branch_labels']) retrieved from /usr/local/lib/python3.10/dist-packages/airflow/example_dags/example_branch_labels.py
[2022-10-04T03:32:57.032+0000] {logging_mixin.py:117} INFO - [2022-10-04T03:32:57.032+0000] {dag.py:2573} INFO - Sync 1 DAGs
[2022-10-04T03:32:57.051+0000] {logging_mixin.py:117} INFO - [2022-10-04T03:32:57.051+0000] {dag.py:3324} INFO - Setting next_dagrun for example_branch_labels to 2022-10-03T00:00:00+00:00, run_after=2022-10-04T00:00:00+00:00
[2022-10-04T03:32:57.072+0000] {processor.py:178} INFO - Processing /usr/local/lib/python3.10/dist-packages/airflow/example_dags/example_branch_labels.py took 0.087 seconds
[2022-10-04T03:33:40.512+0000] {processor.py:156} INFO - Started process (PID=9477) to work on /usr/local/lib/python3.10/dist-packages/airflow/example_dags/example_branch_labels.py
[2022-10-04T03:33:40.514+0000] {processor.py:758} INFO - Processing file /usr/local/lib/python3.10/dist-packages/airflow/example_dags/example_branch_labels.py for tasks to queue
[2022-10-04T03:33:40.514+0000] {logging_mixin.py:117} INFO - [2022-10-04T03:33:40.514+0000] {dagbag.py:525} INFO - Filling up the DagBag from /usr/local/lib/python3.10/dist-packages/airflow/example_dags/example_branch_labels.py
[2022-10-04T03:33:40.529+0000] {processor.py:768} INFO - DAG(s) dict_keys(['example_branch_labels']) retrieved from /usr/local/lib/python3.10/dist-packages/airflow/example_dags/example_branch_labels.py
[2022-10-04T03:33:40.553+0000] {logging_mixin.py:117} INFO - [2022-10-04T03:33:40.553+0000] {dag.py:2573} INFO - Sync 1 DAGs
[2022-10-04T03:33:40.571+0000] {logging_mixin.py:117} INFO - [2022-10-04T03:33:40.571+0000] {dag.py:3324} INFO - Setting next_dagrun for example_branch_labels to 2022-10-03T00:00:00+00:00, run_after=2022-10-04T00:00:00+00:00
[2022-10-04T03:33:40.593+0000] {processor.py:178} INFO - Processing /usr/local/lib/python3.10/dist-packages/airflow/example_dags/example_branch_labels.py took 0.084 seconds
[2022-10-04T03:34:20.345+0000] {processor.py:156} INFO - Started process (PID=9521) to work on /usr/local/lib/python3.10/dist-packages/airflow/example_dags/example_branch_labels.py
[2022-10-04T03:34:20.355+0000] {processor.py:758} INFO - Processing file /usr/local/lib/python3.10/dist-packages/airflow/example_dags/example_branch_labels.py for tasks to queue
[2022-10-04T03:34:20.356+0000] {logging_mixin.py:117} INFO - [2022-10-04T03:34:20.355+0000] {dagbag.py:525} INFO - Filling up the DagBag from /usr/local/lib/python3.10/dist-packages/airflow/example_dags/example_branch_labels.py
[2022-10-04T03:34:20.408+0000] {processor.py:768} INFO - DAG(s) dict_keys(['example_branch_labels']) retrieved from /usr/local/lib/python3.10/dist-packages/airflow/example_dags/example_branch_labels.py
[2022-10-04T03:34:20.479+0000] {logging_mixin.py:117} INFO - [2022-10-04T03:34:20.479+0000] {dag.py:2573} INFO - Sync 1 DAGs
[2022-10-04T03:34:20.568+0000] {logging_mixin.py:117} INFO - [2022-10-04T03:34:20.568+0000] {dag.py:3324} INFO - Setting next_dagrun for example_branch_labels to 2022-10-03T00:00:00+00:00, run_after=2022-10-04T00:00:00+00:00
[2022-10-04T03:34:20.644+0000] {processor.py:178} INFO - Processing /usr/local/lib/python3.10/dist-packages/airflow/example_dags/example_branch_labels.py took 0.316 seconds
[2022-10-04T03:46:42.687+0000] {processor.py:156} INFO - Started process (PID=1003) to work on /usr/local/lib/python3.10/dist-packages/airflow/example_dags/example_branch_labels.py
[2022-10-04T03:46:42.689+0000] {processor.py:758} INFO - Processing file /usr/local/lib/python3.10/dist-packages/airflow/example_dags/example_branch_labels.py for tasks to queue
[2022-10-04T03:46:42.690+0000] {logging_mixin.py:117} INFO - [2022-10-04T03:46:42.690+0000] {dagbag.py:525} INFO - Filling up the DagBag from /usr/local/lib/python3.10/dist-packages/airflow/example_dags/example_branch_labels.py
[2022-10-04T03:46:42.705+0000] {processor.py:768} INFO - DAG(s) dict_keys(['example_branch_labels']) retrieved from /usr/local/lib/python3.10/dist-packages/airflow/example_dags/example_branch_labels.py
[2022-10-04T03:46:42.733+0000] {logging_mixin.py:117} INFO - [2022-10-04T03:46:42.733+0000] {dag.py:2573} INFO - Sync 1 DAGs
[2022-10-04T03:46:42.757+0000] {logging_mixin.py:117} INFO - [2022-10-04T03:46:42.757+0000] {dag.py:3324} INFO - Setting next_dagrun for example_branch_labels to 2022-10-03T00:00:00+00:00, run_after=2022-10-04T00:00:00+00:00
[2022-10-04T03:46:42.780+0000] {processor.py:178} INFO - Processing /usr/local/lib/python3.10/dist-packages/airflow/example_dags/example_branch_labels.py took 0.097 seconds
[2022-10-04T03:47:21.094+0000] {processor.py:156} INFO - Started process (PID=1041) to work on /usr/local/lib/python3.10/dist-packages/airflow/example_dags/example_branch_labels.py
[2022-10-04T03:47:21.096+0000] {processor.py:758} INFO - Processing file /usr/local/lib/python3.10/dist-packages/airflow/example_dags/example_branch_labels.py for tasks to queue
[2022-10-04T03:47:21.096+0000] {logging_mixin.py:117} INFO - [2022-10-04T03:47:21.096+0000] {dagbag.py:525} INFO - Filling up the DagBag from /usr/local/lib/python3.10/dist-packages/airflow/example_dags/example_branch_labels.py
[2022-10-04T03:47:21.112+0000] {processor.py:768} INFO - DAG(s) dict_keys(['example_branch_labels']) retrieved from /usr/local/lib/python3.10/dist-packages/airflow/example_dags/example_branch_labels.py
[2022-10-04T03:47:21.152+0000] {logging_mixin.py:117} INFO - [2022-10-04T03:47:21.150+0000] {dag.py:2573} INFO - Sync 1 DAGs
[2022-10-04T03:47:21.205+0000] {logging_mixin.py:117} INFO - [2022-10-04T03:47:21.205+0000] {dag.py:3324} INFO - Setting next_dagrun for example_branch_labels to 2022-10-03T00:00:00+00:00, run_after=2022-10-04T00:00:00+00:00
[2022-10-04T03:47:21.228+0000] {processor.py:178} INFO - Processing /usr/local/lib/python3.10/dist-packages/airflow/example_dags/example_branch_labels.py took 0.136 seconds
[2022-10-04T03:48:02.072+0000] {processor.py:156} INFO - Started process (PID=1149) to work on /usr/local/lib/python3.10/dist-packages/airflow/example_dags/example_branch_labels.py
[2022-10-04T03:48:02.073+0000] {processor.py:758} INFO - Processing file /usr/local/lib/python3.10/dist-packages/airflow/example_dags/example_branch_labels.py for tasks to queue
[2022-10-04T03:48:02.074+0000] {logging_mixin.py:117} INFO - [2022-10-04T03:48:02.074+0000] {dagbag.py:525} INFO - Filling up the DagBag from /usr/local/lib/python3.10/dist-packages/airflow/example_dags/example_branch_labels.py
[2022-10-04T03:48:02.090+0000] {processor.py:768} INFO - DAG(s) dict_keys(['example_branch_labels']) retrieved from /usr/local/lib/python3.10/dist-packages/airflow/example_dags/example_branch_labels.py
[2022-10-04T03:48:02.118+0000] {logging_mixin.py:117} INFO - [2022-10-04T03:48:02.118+0000] {dag.py:2573} INFO - Sync 1 DAGs
[2022-10-04T03:48:02.139+0000] {logging_mixin.py:117} INFO - [2022-10-04T03:48:02.139+0000] {dag.py:3324} INFO - Setting next_dagrun for example_branch_labels to 2022-10-03T00:00:00+00:00, run_after=2022-10-04T00:00:00+00:00
[2022-10-04T03:48:02.163+0000] {processor.py:178} INFO - Processing /usr/local/lib/python3.10/dist-packages/airflow/example_dags/example_branch_labels.py took 0.094 seconds
[2022-10-04T03:48:47.200+0000] {processor.py:156} INFO - Started process (PID=1194) to work on /usr/local/lib/python3.10/dist-packages/airflow/example_dags/example_branch_labels.py
[2022-10-04T03:48:47.203+0000] {processor.py:758} INFO - Processing file /usr/local/lib/python3.10/dist-packages/airflow/example_dags/example_branch_labels.py for tasks to queue
[2022-10-04T03:48:47.204+0000] {logging_mixin.py:117} INFO - [2022-10-04T03:48:47.203+0000] {dagbag.py:525} INFO - Filling up the DagBag from /usr/local/lib/python3.10/dist-packages/airflow/example_dags/example_branch_labels.py
[2022-10-04T03:48:47.237+0000] {processor.py:768} INFO - DAG(s) dict_keys(['example_branch_labels']) retrieved from /usr/local/lib/python3.10/dist-packages/airflow/example_dags/example_branch_labels.py
[2022-10-04T03:48:47.296+0000] {logging_mixin.py:117} INFO - [2022-10-04T03:48:47.296+0000] {dag.py:2573} INFO - Sync 1 DAGs
[2022-10-04T03:48:47.321+0000] {logging_mixin.py:117} INFO - [2022-10-04T03:48:47.321+0000] {dag.py:3324} INFO - Setting next_dagrun for example_branch_labels to 2022-10-03T00:00:00+00:00, run_after=2022-10-04T00:00:00+00:00
[2022-10-04T03:48:47.360+0000] {processor.py:178} INFO - Processing /usr/local/lib/python3.10/dist-packages/airflow/example_dags/example_branch_labels.py took 0.166 seconds
[2022-10-04T03:50:06.013+0000] {processor.py:156} INFO - Started process (PID=1277) to work on /usr/local/lib/python3.10/dist-packages/airflow/example_dags/example_branch_labels.py
[2022-10-04T03:50:06.015+0000] {processor.py:758} INFO - Processing file /usr/local/lib/python3.10/dist-packages/airflow/example_dags/example_branch_labels.py for tasks to queue
[2022-10-04T03:50:06.015+0000] {logging_mixin.py:117} INFO - [2022-10-04T03:50:06.015+0000] {dagbag.py:525} INFO - Filling up the DagBag from /usr/local/lib/python3.10/dist-packages/airflow/example_dags/example_branch_labels.py
[2022-10-04T03:50:06.030+0000] {processor.py:768} INFO - DAG(s) dict_keys(['example_branch_labels']) retrieved from /usr/local/lib/python3.10/dist-packages/airflow/example_dags/example_branch_labels.py
[2022-10-04T03:50:06.061+0000] {logging_mixin.py:117} INFO - [2022-10-04T03:50:06.061+0000] {dag.py:2573} INFO - Sync 1 DAGs
[2022-10-04T03:50:06.082+0000] {logging_mixin.py:117} INFO - [2022-10-04T03:50:06.082+0000] {dag.py:3324} INFO - Setting next_dagrun for example_branch_labels to 2022-10-03T00:00:00+00:00, run_after=2022-10-04T00:00:00+00:00
[2022-10-04T03:50:06.103+0000] {processor.py:178} INFO - Processing /usr/local/lib/python3.10/dist-packages/airflow/example_dags/example_branch_labels.py took 0.093 seconds
[2022-10-04T03:50:46.935+0000] {processor.py:156} INFO - Started process (PID=1316) to work on /usr/local/lib/python3.10/dist-packages/airflow/example_dags/example_branch_labels.py
[2022-10-04T03:50:46.936+0000] {processor.py:758} INFO - Processing file /usr/local/lib/python3.10/dist-packages/airflow/example_dags/example_branch_labels.py for tasks to queue
[2022-10-04T03:50:46.937+0000] {logging_mixin.py:117} INFO - [2022-10-04T03:50:46.936+0000] {dagbag.py:525} INFO - Filling up the DagBag from /usr/local/lib/python3.10/dist-packages/airflow/example_dags/example_branch_labels.py
[2022-10-04T03:50:46.951+0000] {processor.py:768} INFO - DAG(s) dict_keys(['example_branch_labels']) retrieved from /usr/local/lib/python3.10/dist-packages/airflow/example_dags/example_branch_labels.py
[2022-10-04T03:50:46.978+0000] {logging_mixin.py:117} INFO - [2022-10-04T03:50:46.978+0000] {dag.py:2573} INFO - Sync 1 DAGs
[2022-10-04T03:50:46.998+0000] {logging_mixin.py:117} INFO - [2022-10-04T03:50:46.998+0000] {dag.py:3324} INFO - Setting next_dagrun for example_branch_labels to 2022-10-03T00:00:00+00:00, run_after=2022-10-04T00:00:00+00:00
[2022-10-04T03:50:47.020+0000] {processor.py:178} INFO - Processing /usr/local/lib/python3.10/dist-packages/airflow/example_dags/example_branch_labels.py took 0.089 seconds
[2022-10-04T03:51:35.359+0000] {processor.py:156} INFO - Started process (PID=1367) to work on /usr/local/lib/python3.10/dist-packages/airflow/example_dags/example_branch_labels.py
[2022-10-04T03:51:35.361+0000] {processor.py:758} INFO - Processing file /usr/local/lib/python3.10/dist-packages/airflow/example_dags/example_branch_labels.py for tasks to queue
[2022-10-04T03:51:35.361+0000] {logging_mixin.py:117} INFO - [2022-10-04T03:51:35.361+0000] {dagbag.py:525} INFO - Filling up the DagBag from /usr/local/lib/python3.10/dist-packages/airflow/example_dags/example_branch_labels.py
[2022-10-04T03:51:35.376+0000] {processor.py:768} INFO - DAG(s) dict_keys(['example_branch_labels']) retrieved from /usr/local/lib/python3.10/dist-packages/airflow/example_dags/example_branch_labels.py
[2022-10-04T03:51:35.404+0000] {logging_mixin.py:117} INFO - [2022-10-04T03:51:35.404+0000] {dag.py:2573} INFO - Sync 1 DAGs
[2022-10-04T03:51:35.423+0000] {logging_mixin.py:117} INFO - [2022-10-04T03:51:35.423+0000] {dag.py:3324} INFO - Setting next_dagrun for example_branch_labels to 2022-10-03T00:00:00+00:00, run_after=2022-10-04T00:00:00+00:00
[2022-10-04T03:51:35.444+0000] {processor.py:178} INFO - Processing /usr/local/lib/python3.10/dist-packages/airflow/example_dags/example_branch_labels.py took 0.088 seconds
[2022-10-04T03:52:15.728+0000] {processor.py:156} INFO - Started process (PID=1407) to work on /usr/local/lib/python3.10/dist-packages/airflow/example_dags/example_branch_labels.py
[2022-10-04T03:52:15.730+0000] {processor.py:758} INFO - Processing file /usr/local/lib/python3.10/dist-packages/airflow/example_dags/example_branch_labels.py for tasks to queue
[2022-10-04T03:52:15.730+0000] {logging_mixin.py:117} INFO - [2022-10-04T03:52:15.730+0000] {dagbag.py:525} INFO - Filling up the DagBag from /usr/local/lib/python3.10/dist-packages/airflow/example_dags/example_branch_labels.py
[2022-10-04T03:52:15.748+0000] {processor.py:768} INFO - DAG(s) dict_keys(['example_branch_labels']) retrieved from /usr/local/lib/python3.10/dist-packages/airflow/example_dags/example_branch_labels.py
[2022-10-04T03:52:15.776+0000] {logging_mixin.py:117} INFO - [2022-10-04T03:52:15.775+0000] {dag.py:2573} INFO - Sync 1 DAGs
[2022-10-04T03:52:15.795+0000] {logging_mixin.py:117} INFO - [2022-10-04T03:52:15.794+0000] {dag.py:3324} INFO - Setting next_dagrun for example_branch_labels to 2022-10-03T00:00:00+00:00, run_after=2022-10-04T00:00:00+00:00
[2022-10-04T03:52:15.819+0000] {processor.py:178} INFO - Processing /usr/local/lib/python3.10/dist-packages/airflow/example_dags/example_branch_labels.py took 0.094 seconds
[2022-10-04T03:53:02.506+0000] {processor.py:156} INFO - Started process (PID=1451) to work on /usr/local/lib/python3.10/dist-packages/airflow/example_dags/example_branch_labels.py
[2022-10-04T03:53:02.507+0000] {processor.py:758} INFO - Processing file /usr/local/lib/python3.10/dist-packages/airflow/example_dags/example_branch_labels.py for tasks to queue
[2022-10-04T03:53:02.508+0000] {logging_mixin.py:117} INFO - [2022-10-04T03:53:02.508+0000] {dagbag.py:525} INFO - Filling up the DagBag from /usr/local/lib/python3.10/dist-packages/airflow/example_dags/example_branch_labels.py
[2022-10-04T03:53:02.525+0000] {processor.py:768} INFO - DAG(s) dict_keys(['example_branch_labels']) retrieved from /usr/local/lib/python3.10/dist-packages/airflow/example_dags/example_branch_labels.py
[2022-10-04T03:53:02.554+0000] {logging_mixin.py:117} INFO - [2022-10-04T03:53:02.554+0000] {dag.py:2573} INFO - Sync 1 DAGs
[2022-10-04T03:53:02.574+0000] {logging_mixin.py:117} INFO - [2022-10-04T03:53:02.574+0000] {dag.py:3324} INFO - Setting next_dagrun for example_branch_labels to 2022-10-03T00:00:00+00:00, run_after=2022-10-04T00:00:00+00:00
[2022-10-04T03:53:02.596+0000] {processor.py:178} INFO - Processing /usr/local/lib/python3.10/dist-packages/airflow/example_dags/example_branch_labels.py took 0.094 seconds
[2022-10-04T03:53:47.024+0000] {processor.py:156} INFO - Started process (PID=1495) to work on /usr/local/lib/python3.10/dist-packages/airflow/example_dags/example_branch_labels.py
[2022-10-04T03:53:47.025+0000] {processor.py:758} INFO - Processing file /usr/local/lib/python3.10/dist-packages/airflow/example_dags/example_branch_labels.py for tasks to queue
[2022-10-04T03:53:47.026+0000] {logging_mixin.py:117} INFO - [2022-10-04T03:53:47.026+0000] {dagbag.py:525} INFO - Filling up the DagBag from /usr/local/lib/python3.10/dist-packages/airflow/example_dags/example_branch_labels.py
[2022-10-04T03:53:47.041+0000] {processor.py:768} INFO - DAG(s) dict_keys(['example_branch_labels']) retrieved from /usr/local/lib/python3.10/dist-packages/airflow/example_dags/example_branch_labels.py
[2022-10-04T03:53:47.079+0000] {logging_mixin.py:117} INFO - [2022-10-04T03:53:47.079+0000] {dag.py:2573} INFO - Sync 1 DAGs
[2022-10-04T03:53:47.103+0000] {logging_mixin.py:117} INFO - [2022-10-04T03:53:47.103+0000] {dag.py:3324} INFO - Setting next_dagrun for example_branch_labels to 2022-10-03T00:00:00+00:00, run_after=2022-10-04T00:00:00+00:00
[2022-10-04T03:53:47.131+0000] {processor.py:178} INFO - Processing /usr/local/lib/python3.10/dist-packages/airflow/example_dags/example_branch_labels.py took 0.110 seconds
[2022-10-04T03:55:16.161+0000] {processor.py:156} INFO - Started process (PID=1611) to work on /usr/local/lib/python3.10/dist-packages/airflow/example_dags/example_branch_labels.py
[2022-10-04T03:55:16.162+0000] {processor.py:758} INFO - Processing file /usr/local/lib/python3.10/dist-packages/airflow/example_dags/example_branch_labels.py for tasks to queue
[2022-10-04T03:55:16.162+0000] {logging_mixin.py:117} INFO - [2022-10-04T03:55:16.162+0000] {dagbag.py:525} INFO - Filling up the DagBag from /usr/local/lib/python3.10/dist-packages/airflow/example_dags/example_branch_labels.py
[2022-10-04T03:55:16.185+0000] {processor.py:768} INFO - DAG(s) dict_keys(['example_branch_labels']) retrieved from /usr/local/lib/python3.10/dist-packages/airflow/example_dags/example_branch_labels.py
[2022-10-04T03:55:16.213+0000] {logging_mixin.py:117} INFO - [2022-10-04T03:55:16.213+0000] {dag.py:2573} INFO - Sync 1 DAGs
[2022-10-04T03:55:16.237+0000] {logging_mixin.py:117} INFO - [2022-10-04T03:55:16.237+0000] {dag.py:3324} INFO - Setting next_dagrun for example_branch_labels to 2022-10-03T00:00:00+00:00, run_after=2022-10-04T00:00:00+00:00
[2022-10-04T03:55:16.261+0000] {processor.py:178} INFO - Processing /usr/local/lib/python3.10/dist-packages/airflow/example_dags/example_branch_labels.py took 0.103 seconds
[2022-10-04T04:36:03.058+0000] {processor.py:156} INFO - Started process (PID=1808) to work on /usr/local/lib/python3.10/dist-packages/airflow/example_dags/example_branch_labels.py
[2022-10-04T04:36:03.060+0000] {processor.py:758} INFO - Processing file /usr/local/lib/python3.10/dist-packages/airflow/example_dags/example_branch_labels.py for tasks to queue
[2022-10-04T04:36:03.060+0000] {logging_mixin.py:117} INFO - [2022-10-04T04:36:03.060+0000] {dagbag.py:525} INFO - Filling up the DagBag from /usr/local/lib/python3.10/dist-packages/airflow/example_dags/example_branch_labels.py
[2022-10-04T04:36:03.078+0000] {processor.py:768} INFO - DAG(s) dict_keys(['example_branch_labels']) retrieved from /usr/local/lib/python3.10/dist-packages/airflow/example_dags/example_branch_labels.py
[2022-10-04T04:36:03.114+0000] {logging_mixin.py:117} INFO - [2022-10-04T04:36:03.114+0000] {dag.py:2573} INFO - Sync 1 DAGs
[2022-10-04T04:36:03.161+0000] {logging_mixin.py:117} INFO - [2022-10-04T04:36:03.160+0000] {dag.py:3324} INFO - Setting next_dagrun for example_branch_labels to 2022-10-03T00:00:00+00:00, run_after=2022-10-04T00:00:00+00:00
[2022-10-04T04:36:03.200+0000] {processor.py:178} INFO - Processing /usr/local/lib/python3.10/dist-packages/airflow/example_dags/example_branch_labels.py took 0.145 seconds
[2022-10-04T04:46:13.929+0000] {processor.py:156} INFO - Started process (PID=2022) to work on /usr/local/lib/python3.10/dist-packages/airflow/example_dags/example_branch_labels.py
[2022-10-04T04:46:13.933+0000] {processor.py:758} INFO - Processing file /usr/local/lib/python3.10/dist-packages/airflow/example_dags/example_branch_labels.py for tasks to queue
[2022-10-04T04:46:13.934+0000] {logging_mixin.py:117} INFO - [2022-10-04T04:46:13.934+0000] {dagbag.py:525} INFO - Filling up the DagBag from /usr/local/lib/python3.10/dist-packages/airflow/example_dags/example_branch_labels.py
[2022-10-04T04:46:13.946+0000] {processor.py:768} INFO - DAG(s) dict_keys(['example_branch_labels']) retrieved from /usr/local/lib/python3.10/dist-packages/airflow/example_dags/example_branch_labels.py
[2022-10-04T04:46:13.983+0000] {logging_mixin.py:117} INFO - [2022-10-04T04:46:13.983+0000] {dag.py:2573} INFO - Sync 1 DAGs
[2022-10-04T04:46:14.014+0000] {logging_mixin.py:117} INFO - [2022-10-04T04:46:14.014+0000] {dag.py:3324} INFO - Setting next_dagrun for example_branch_labels to 2022-10-03T00:00:00+00:00, run_after=2022-10-04T00:00:00+00:00
[2022-10-04T04:46:14.038+0000] {processor.py:178} INFO - Processing /usr/local/lib/python3.10/dist-packages/airflow/example_dags/example_branch_labels.py took 0.112 seconds
[2022-10-04T04:46:57.617+0000] {processor.py:156} INFO - Started process (PID=2065) to work on /usr/local/lib/python3.10/dist-packages/airflow/example_dags/example_branch_labels.py
[2022-10-04T04:46:57.618+0000] {processor.py:758} INFO - Processing file /usr/local/lib/python3.10/dist-packages/airflow/example_dags/example_branch_labels.py for tasks to queue
[2022-10-04T04:46:57.619+0000] {logging_mixin.py:117} INFO - [2022-10-04T04:46:57.619+0000] {dagbag.py:525} INFO - Filling up the DagBag from /usr/local/lib/python3.10/dist-packages/airflow/example_dags/example_branch_labels.py
[2022-10-04T04:46:57.630+0000] {processor.py:768} INFO - DAG(s) dict_keys(['example_branch_labels']) retrieved from /usr/local/lib/python3.10/dist-packages/airflow/example_dags/example_branch_labels.py
[2022-10-04T04:46:57.651+0000] {logging_mixin.py:117} INFO - [2022-10-04T04:46:57.651+0000] {dag.py:2573} INFO - Sync 1 DAGs
[2022-10-04T04:46:57.668+0000] {logging_mixin.py:117} INFO - [2022-10-04T04:46:57.668+0000] {dag.py:3324} INFO - Setting next_dagrun for example_branch_labels to 2022-10-03T00:00:00+00:00, run_after=2022-10-04T00:00:00+00:00
[2022-10-04T04:46:57.689+0000] {processor.py:178} INFO - Processing /usr/local/lib/python3.10/dist-packages/airflow/example_dags/example_branch_labels.py took 0.076 seconds
[2022-10-04T04:47:37.324+0000] {processor.py:156} INFO - Started process (PID=2102) to work on /usr/local/lib/python3.10/dist-packages/airflow/example_dags/example_branch_labels.py
[2022-10-04T04:47:37.325+0000] {processor.py:758} INFO - Processing file /usr/local/lib/python3.10/dist-packages/airflow/example_dags/example_branch_labels.py for tasks to queue
[2022-10-04T04:47:37.326+0000] {logging_mixin.py:117} INFO - [2022-10-04T04:47:37.326+0000] {dagbag.py:525} INFO - Filling up the DagBag from /usr/local/lib/python3.10/dist-packages/airflow/example_dags/example_branch_labels.py
[2022-10-04T04:47:37.334+0000] {processor.py:768} INFO - DAG(s) dict_keys(['example_branch_labels']) retrieved from /usr/local/lib/python3.10/dist-packages/airflow/example_dags/example_branch_labels.py
[2022-10-04T04:47:37.356+0000] {logging_mixin.py:117} INFO - [2022-10-04T04:47:37.356+0000] {dag.py:2573} INFO - Sync 1 DAGs
[2022-10-04T04:47:37.375+0000] {logging_mixin.py:117} INFO - [2022-10-04T04:47:37.375+0000] {dag.py:3324} INFO - Setting next_dagrun for example_branch_labels to 2022-10-03T00:00:00+00:00, run_after=2022-10-04T00:00:00+00:00
[2022-10-04T04:47:37.395+0000] {processor.py:178} INFO - Processing /usr/local/lib/python3.10/dist-packages/airflow/example_dags/example_branch_labels.py took 0.074 seconds
[2022-10-04T04:48:16.866+0000] {processor.py:156} INFO - Started process (PID=2143) to work on /usr/local/lib/python3.10/dist-packages/airflow/example_dags/example_branch_labels.py
[2022-10-04T04:48:16.867+0000] {processor.py:758} INFO - Processing file /usr/local/lib/python3.10/dist-packages/airflow/example_dags/example_branch_labels.py for tasks to queue
[2022-10-04T04:48:16.868+0000] {logging_mixin.py:117} INFO - [2022-10-04T04:48:16.868+0000] {dagbag.py:525} INFO - Filling up the DagBag from /usr/local/lib/python3.10/dist-packages/airflow/example_dags/example_branch_labels.py
[2022-10-04T04:48:16.875+0000] {processor.py:768} INFO - DAG(s) dict_keys(['example_branch_labels']) retrieved from /usr/local/lib/python3.10/dist-packages/airflow/example_dags/example_branch_labels.py
[2022-10-04T04:48:16.898+0000] {logging_mixin.py:117} INFO - [2022-10-04T04:48:16.898+0000] {dag.py:2573} INFO - Sync 1 DAGs
[2022-10-04T04:48:16.920+0000] {logging_mixin.py:117} INFO - [2022-10-04T04:48:16.920+0000] {dag.py:3324} INFO - Setting next_dagrun for example_branch_labels to 2022-10-03T00:00:00+00:00, run_after=2022-10-04T00:00:00+00:00
[2022-10-04T04:48:16.944+0000] {processor.py:178} INFO - Processing /usr/local/lib/python3.10/dist-packages/airflow/example_dags/example_branch_labels.py took 0.082 seconds
[2022-10-04T04:48:54.247+0000] {processor.py:156} INFO - Started process (PID=2180) to work on /usr/local/lib/python3.10/dist-packages/airflow/example_dags/example_branch_labels.py
[2022-10-04T04:48:54.248+0000] {processor.py:758} INFO - Processing file /usr/local/lib/python3.10/dist-packages/airflow/example_dags/example_branch_labels.py for tasks to queue
[2022-10-04T04:48:54.249+0000] {logging_mixin.py:117} INFO - [2022-10-04T04:48:54.249+0000] {dagbag.py:525} INFO - Filling up the DagBag from /usr/local/lib/python3.10/dist-packages/airflow/example_dags/example_branch_labels.py
[2022-10-04T04:48:54.258+0000] {processor.py:768} INFO - DAG(s) dict_keys(['example_branch_labels']) retrieved from /usr/local/lib/python3.10/dist-packages/airflow/example_dags/example_branch_labels.py
[2022-10-04T04:48:54.282+0000] {logging_mixin.py:117} INFO - [2022-10-04T04:48:54.282+0000] {dag.py:2573} INFO - Sync 1 DAGs
[2022-10-04T04:48:54.299+0000] {logging_mixin.py:117} INFO - [2022-10-04T04:48:54.299+0000] {dag.py:3324} INFO - Setting next_dagrun for example_branch_labels to 2022-10-03T00:00:00+00:00, run_after=2022-10-04T00:00:00+00:00
[2022-10-04T04:48:54.334+0000] {processor.py:178} INFO - Processing /usr/local/lib/python3.10/dist-packages/airflow/example_dags/example_branch_labels.py took 0.091 seconds
[2022-10-04T04:49:33.682+0000] {processor.py:156} INFO - Started process (PID=2219) to work on /usr/local/lib/python3.10/dist-packages/airflow/example_dags/example_branch_labels.py
[2022-10-04T04:49:33.684+0000] {processor.py:758} INFO - Processing file /usr/local/lib/python3.10/dist-packages/airflow/example_dags/example_branch_labels.py for tasks to queue
[2022-10-04T04:49:33.684+0000] {logging_mixin.py:117} INFO - [2022-10-04T04:49:33.684+0000] {dagbag.py:525} INFO - Filling up the DagBag from /usr/local/lib/python3.10/dist-packages/airflow/example_dags/example_branch_labels.py
[2022-10-04T04:49:33.692+0000] {processor.py:768} INFO - DAG(s) dict_keys(['example_branch_labels']) retrieved from /usr/local/lib/python3.10/dist-packages/airflow/example_dags/example_branch_labels.py
[2022-10-04T04:49:33.714+0000] {logging_mixin.py:117} INFO - [2022-10-04T04:49:33.714+0000] {dag.py:2573} INFO - Sync 1 DAGs
[2022-10-04T04:49:33.734+0000] {logging_mixin.py:117} INFO - [2022-10-04T04:49:33.734+0000] {dag.py:3324} INFO - Setting next_dagrun for example_branch_labels to 2022-10-03T00:00:00+00:00, run_after=2022-10-04T00:00:00+00:00
[2022-10-04T04:49:33.755+0000] {processor.py:178} INFO - Processing /usr/local/lib/python3.10/dist-packages/airflow/example_dags/example_branch_labels.py took 0.076 seconds
[2022-10-04T04:50:13.499+0000] {processor.py:156} INFO - Started process (PID=2260) to work on /usr/local/lib/python3.10/dist-packages/airflow/example_dags/example_branch_labels.py
[2022-10-04T04:50:13.501+0000] {processor.py:758} INFO - Processing file /usr/local/lib/python3.10/dist-packages/airflow/example_dags/example_branch_labels.py for tasks to queue
[2022-10-04T04:50:13.501+0000] {logging_mixin.py:117} INFO - [2022-10-04T04:50:13.501+0000] {dagbag.py:525} INFO - Filling up the DagBag from /usr/local/lib/python3.10/dist-packages/airflow/example_dags/example_branch_labels.py
[2022-10-04T04:50:13.509+0000] {processor.py:768} INFO - DAG(s) dict_keys(['example_branch_labels']) retrieved from /usr/local/lib/python3.10/dist-packages/airflow/example_dags/example_branch_labels.py
[2022-10-04T04:50:13.533+0000] {logging_mixin.py:117} INFO - [2022-10-04T04:50:13.533+0000] {dag.py:2573} INFO - Sync 1 DAGs
[2022-10-04T04:50:13.552+0000] {logging_mixin.py:117} INFO - [2022-10-04T04:50:13.552+0000] {dag.py:3324} INFO - Setting next_dagrun for example_branch_labels to 2022-10-03T00:00:00+00:00, run_after=2022-10-04T00:00:00+00:00
[2022-10-04T04:50:13.575+0000] {processor.py:178} INFO - Processing /usr/local/lib/python3.10/dist-packages/airflow/example_dags/example_branch_labels.py took 0.079 seconds
[2022-10-04T04:50:56.780+0000] {processor.py:156} INFO - Started process (PID=2303) to work on /usr/local/lib/python3.10/dist-packages/airflow/example_dags/example_branch_labels.py
[2022-10-04T04:50:56.781+0000] {processor.py:758} INFO - Processing file /usr/local/lib/python3.10/dist-packages/airflow/example_dags/example_branch_labels.py for tasks to queue
[2022-10-04T04:50:56.782+0000] {logging_mixin.py:117} INFO - [2022-10-04T04:50:56.782+0000] {dagbag.py:525} INFO - Filling up the DagBag from /usr/local/lib/python3.10/dist-packages/airflow/example_dags/example_branch_labels.py
[2022-10-04T04:50:56.790+0000] {processor.py:768} INFO - DAG(s) dict_keys(['example_branch_labels']) retrieved from /usr/local/lib/python3.10/dist-packages/airflow/example_dags/example_branch_labels.py
[2022-10-04T04:50:56.814+0000] {logging_mixin.py:117} INFO - [2022-10-04T04:50:56.813+0000] {dag.py:2573} INFO - Sync 1 DAGs
[2022-10-04T04:50:56.830+0000] {logging_mixin.py:117} INFO - [2022-10-04T04:50:56.830+0000] {dag.py:3324} INFO - Setting next_dagrun for example_branch_labels to 2022-10-03T00:00:00+00:00, run_after=2022-10-04T00:00:00+00:00
[2022-10-04T04:50:56.850+0000] {processor.py:178} INFO - Processing /usr/local/lib/python3.10/dist-packages/airflow/example_dags/example_branch_labels.py took 0.073 seconds
[2022-10-04T04:51:34.004+0000] {processor.py:156} INFO - Started process (PID=2341) to work on /usr/local/lib/python3.10/dist-packages/airflow/example_dags/example_branch_labels.py
[2022-10-04T04:51:34.005+0000] {processor.py:758} INFO - Processing file /usr/local/lib/python3.10/dist-packages/airflow/example_dags/example_branch_labels.py for tasks to queue
[2022-10-04T04:51:34.006+0000] {logging_mixin.py:117} INFO - [2022-10-04T04:51:34.006+0000] {dagbag.py:525} INFO - Filling up the DagBag from /usr/local/lib/python3.10/dist-packages/airflow/example_dags/example_branch_labels.py
[2022-10-04T04:51:34.015+0000] {processor.py:768} INFO - DAG(s) dict_keys(['example_branch_labels']) retrieved from /usr/local/lib/python3.10/dist-packages/airflow/example_dags/example_branch_labels.py
[2022-10-04T04:51:34.037+0000] {logging_mixin.py:117} INFO - [2022-10-04T04:51:34.037+0000] {dag.py:2573} INFO - Sync 1 DAGs
[2022-10-04T04:51:34.054+0000] {logging_mixin.py:117} INFO - [2022-10-04T04:51:34.054+0000] {dag.py:3324} INFO - Setting next_dagrun for example_branch_labels to 2022-10-03T00:00:00+00:00, run_after=2022-10-04T00:00:00+00:00
[2022-10-04T04:51:34.075+0000] {processor.py:178} INFO - Processing /usr/local/lib/python3.10/dist-packages/airflow/example_dags/example_branch_labels.py took 0.076 seconds
[2022-10-04T04:52:12.680+0000] {processor.py:156} INFO - Started process (PID=2379) to work on /usr/local/lib/python3.10/dist-packages/airflow/example_dags/example_branch_labels.py
[2022-10-04T04:52:12.681+0000] {processor.py:758} INFO - Processing file /usr/local/lib/python3.10/dist-packages/airflow/example_dags/example_branch_labels.py for tasks to queue
[2022-10-04T04:52:12.682+0000] {logging_mixin.py:117} INFO - [2022-10-04T04:52:12.681+0000] {dagbag.py:525} INFO - Filling up the DagBag from /usr/local/lib/python3.10/dist-packages/airflow/example_dags/example_branch_labels.py
[2022-10-04T04:52:12.689+0000] {processor.py:768} INFO - DAG(s) dict_keys(['example_branch_labels']) retrieved from /usr/local/lib/python3.10/dist-packages/airflow/example_dags/example_branch_labels.py
[2022-10-04T04:52:12.712+0000] {logging_mixin.py:117} INFO - [2022-10-04T04:52:12.712+0000] {dag.py:2573} INFO - Sync 1 DAGs
[2022-10-04T04:52:12.731+0000] {logging_mixin.py:117} INFO - [2022-10-04T04:52:12.731+0000] {dag.py:3324} INFO - Setting next_dagrun for example_branch_labels to 2022-10-03T00:00:00+00:00, run_after=2022-10-04T00:00:00+00:00
[2022-10-04T04:52:12.755+0000] {processor.py:178} INFO - Processing /usr/local/lib/python3.10/dist-packages/airflow/example_dags/example_branch_labels.py took 0.079 seconds
[2022-10-04T04:52:54.004+0000] {processor.py:156} INFO - Started process (PID=2419) to work on /usr/local/lib/python3.10/dist-packages/airflow/example_dags/example_branch_labels.py
[2022-10-04T04:52:54.005+0000] {processor.py:758} INFO - Processing file /usr/local/lib/python3.10/dist-packages/airflow/example_dags/example_branch_labels.py for tasks to queue
[2022-10-04T04:52:54.006+0000] {logging_mixin.py:117} INFO - [2022-10-04T04:52:54.005+0000] {dagbag.py:525} INFO - Filling up the DagBag from /usr/local/lib/python3.10/dist-packages/airflow/example_dags/example_branch_labels.py
[2022-10-04T04:52:54.016+0000] {processor.py:768} INFO - DAG(s) dict_keys(['example_branch_labels']) retrieved from /usr/local/lib/python3.10/dist-packages/airflow/example_dags/example_branch_labels.py
[2022-10-04T04:52:54.046+0000] {logging_mixin.py:117} INFO - [2022-10-04T04:52:54.045+0000] {dag.py:2573} INFO - Sync 1 DAGs
[2022-10-04T04:52:54.077+0000] {logging_mixin.py:117} INFO - [2022-10-04T04:52:54.077+0000] {dag.py:3324} INFO - Setting next_dagrun for example_branch_labels to 2022-10-03T00:00:00+00:00, run_after=2022-10-04T00:00:00+00:00
[2022-10-04T04:52:54.106+0000] {processor.py:178} INFO - Processing /usr/local/lib/python3.10/dist-packages/airflow/example_dags/example_branch_labels.py took 0.105 seconds
[2022-10-04T04:53:41.353+0000] {processor.py:156} INFO - Started process (PID=2465) to work on /usr/local/lib/python3.10/dist-packages/airflow/example_dags/example_branch_labels.py
[2022-10-04T04:53:41.354+0000] {processor.py:758} INFO - Processing file /usr/local/lib/python3.10/dist-packages/airflow/example_dags/example_branch_labels.py for tasks to queue
[2022-10-04T04:53:41.355+0000] {logging_mixin.py:117} INFO - [2022-10-04T04:53:41.355+0000] {dagbag.py:525} INFO - Filling up the DagBag from /usr/local/lib/python3.10/dist-packages/airflow/example_dags/example_branch_labels.py
[2022-10-04T04:53:41.364+0000] {processor.py:768} INFO - DAG(s) dict_keys(['example_branch_labels']) retrieved from /usr/local/lib/python3.10/dist-packages/airflow/example_dags/example_branch_labels.py
[2022-10-04T04:53:41.388+0000] {logging_mixin.py:117} INFO - [2022-10-04T04:53:41.387+0000] {dag.py:2573} INFO - Sync 1 DAGs
[2022-10-04T04:53:41.405+0000] {logging_mixin.py:117} INFO - [2022-10-04T04:53:41.405+0000] {dag.py:3324} INFO - Setting next_dagrun for example_branch_labels to 2022-10-03T00:00:00+00:00, run_after=2022-10-04T00:00:00+00:00
[2022-10-04T04:53:41.429+0000] {processor.py:178} INFO - Processing /usr/local/lib/python3.10/dist-packages/airflow/example_dags/example_branch_labels.py took 0.079 seconds
