[2022-10-04T03:09:22.734+0000] {processor.py:156} INFO - Started process (PID=7699) to work on /usr/local/lib/python3.10/dist-packages/airflow/example_dags/example_local_kubernetes_executor.py
[2022-10-04T03:09:22.734+0000] {processor.py:758} INFO - Processing file /usr/local/lib/python3.10/dist-packages/airflow/example_dags/example_local_kubernetes_executor.py for tasks to queue
[2022-10-04T03:09:22.735+0000] {logging_mixin.py:117} INFO - [2022-10-04T03:09:22.735+0000] {dagbag.py:525} INFO - Filling up the DagBag from /usr/local/lib/python3.10/dist-packages/airflow/example_dags/example_local_kubernetes_executor.py
[2022-10-04T03:09:22.751+0000] {logging_mixin.py:117} INFO - [2022-10-04T03:09:22.750+0000] {example_local_kubernetes_executor.py:39} WARNING - Could not import DAGs in example_local_kubernetes_executor.py
Traceback (most recent call last):
  File "/usr/local/lib/python3.10/dist-packages/airflow/example_dags/example_local_kubernetes_executor.py", line 37, in <module>
    from kubernetes.client import models as k8s
ModuleNotFoundError: No module named 'kubernetes'
[2022-10-04T03:09:22.751+0000] {logging_mixin.py:117} INFO - [2022-10-04T03:09:22.751+0000] {example_local_kubernetes_executor.py:40} WARNING - Install Kubernetes dependencies with: pip install apache-airflow[cncf.kubernetes]
[2022-10-04T03:09:22.751+0000] {processor.py:770} WARNING - No viable dags retrieved from /usr/local/lib/python3.10/dist-packages/airflow/example_dags/example_local_kubernetes_executor.py
[2022-10-04T03:09:22.761+0000] {processor.py:178} INFO - Processing /usr/local/lib/python3.10/dist-packages/airflow/example_dags/example_local_kubernetes_executor.py took 0.030 seconds
[2022-10-04T03:10:01.377+0000] {processor.py:156} INFO - Started process (PID=7744) to work on /usr/local/lib/python3.10/dist-packages/airflow/example_dags/example_local_kubernetes_executor.py
[2022-10-04T03:10:01.378+0000] {processor.py:758} INFO - Processing file /usr/local/lib/python3.10/dist-packages/airflow/example_dags/example_local_kubernetes_executor.py for tasks to queue
[2022-10-04T03:10:01.379+0000] {logging_mixin.py:117} INFO - [2022-10-04T03:10:01.379+0000] {dagbag.py:525} INFO - Filling up the DagBag from /usr/local/lib/python3.10/dist-packages/airflow/example_dags/example_local_kubernetes_executor.py
[2022-10-04T03:10:01.394+0000] {logging_mixin.py:117} INFO - [2022-10-04T03:10:01.394+0000] {example_local_kubernetes_executor.py:39} WARNING - Could not import DAGs in example_local_kubernetes_executor.py
Traceback (most recent call last):
  File "/usr/local/lib/python3.10/dist-packages/airflow/example_dags/example_local_kubernetes_executor.py", line 37, in <module>
    from kubernetes.client import models as k8s
ModuleNotFoundError: No module named 'kubernetes'
[2022-10-04T03:10:01.395+0000] {logging_mixin.py:117} INFO - [2022-10-04T03:10:01.395+0000] {example_local_kubernetes_executor.py:40} WARNING - Install Kubernetes dependencies with: pip install apache-airflow[cncf.kubernetes]
[2022-10-04T03:10:01.395+0000] {processor.py:770} WARNING - No viable dags retrieved from /usr/local/lib/python3.10/dist-packages/airflow/example_dags/example_local_kubernetes_executor.py
[2022-10-04T03:10:01.404+0000] {processor.py:178} INFO - Processing /usr/local/lib/python3.10/dist-packages/airflow/example_dags/example_local_kubernetes_executor.py took 0.030 seconds
[2022-10-04T03:10:41.446+0000] {processor.py:156} INFO - Started process (PID=7785) to work on /usr/local/lib/python3.10/dist-packages/airflow/example_dags/example_local_kubernetes_executor.py
[2022-10-04T03:10:41.447+0000] {processor.py:758} INFO - Processing file /usr/local/lib/python3.10/dist-packages/airflow/example_dags/example_local_kubernetes_executor.py for tasks to queue
[2022-10-04T03:10:41.448+0000] {logging_mixin.py:117} INFO - [2022-10-04T03:10:41.448+0000] {dagbag.py:525} INFO - Filling up the DagBag from /usr/local/lib/python3.10/dist-packages/airflow/example_dags/example_local_kubernetes_executor.py
[2022-10-04T03:10:41.463+0000] {logging_mixin.py:117} INFO - [2022-10-04T03:10:41.462+0000] {example_local_kubernetes_executor.py:39} WARNING - Could not import DAGs in example_local_kubernetes_executor.py
Traceback (most recent call last):
  File "/usr/local/lib/python3.10/dist-packages/airflow/example_dags/example_local_kubernetes_executor.py", line 37, in <module>
    from kubernetes.client import models as k8s
ModuleNotFoundError: No module named 'kubernetes'
[2022-10-04T03:10:41.463+0000] {logging_mixin.py:117} INFO - [2022-10-04T03:10:41.463+0000] {example_local_kubernetes_executor.py:40} WARNING - Install Kubernetes dependencies with: pip install apache-airflow[cncf.kubernetes]
[2022-10-04T03:10:41.463+0000] {processor.py:770} WARNING - No viable dags retrieved from /usr/local/lib/python3.10/dist-packages/airflow/example_dags/example_local_kubernetes_executor.py
[2022-10-04T03:10:41.471+0000] {processor.py:178} INFO - Processing /usr/local/lib/python3.10/dist-packages/airflow/example_dags/example_local_kubernetes_executor.py took 0.028 seconds
[2022-10-04T03:11:24.026+0000] {processor.py:156} INFO - Started process (PID=7829) to work on /usr/local/lib/python3.10/dist-packages/airflow/example_dags/example_local_kubernetes_executor.py
[2022-10-04T03:11:24.028+0000] {processor.py:758} INFO - Processing file /usr/local/lib/python3.10/dist-packages/airflow/example_dags/example_local_kubernetes_executor.py for tasks to queue
[2022-10-04T03:11:24.029+0000] {logging_mixin.py:117} INFO - [2022-10-04T03:11:24.028+0000] {dagbag.py:525} INFO - Filling up the DagBag from /usr/local/lib/python3.10/dist-packages/airflow/example_dags/example_local_kubernetes_executor.py
[2022-10-04T03:11:24.050+0000] {logging_mixin.py:117} INFO - [2022-10-04T03:11:24.050+0000] {example_local_kubernetes_executor.py:39} WARNING - Could not import DAGs in example_local_kubernetes_executor.py
Traceback (most recent call last):
  File "/usr/local/lib/python3.10/dist-packages/airflow/example_dags/example_local_kubernetes_executor.py", line 37, in <module>
    from kubernetes.client import models as k8s
ModuleNotFoundError: No module named 'kubernetes'
[2022-10-04T03:11:24.051+0000] {logging_mixin.py:117} INFO - [2022-10-04T03:11:24.051+0000] {example_local_kubernetes_executor.py:40} WARNING - Install Kubernetes dependencies with: pip install apache-airflow[cncf.kubernetes]
[2022-10-04T03:11:24.051+0000] {processor.py:770} WARNING - No viable dags retrieved from /usr/local/lib/python3.10/dist-packages/airflow/example_dags/example_local_kubernetes_executor.py
[2022-10-04T03:11:24.062+0000] {processor.py:178} INFO - Processing /usr/local/lib/python3.10/dist-packages/airflow/example_dags/example_local_kubernetes_executor.py took 0.039 seconds
[2022-10-04T03:12:03.005+0000] {processor.py:156} INFO - Started process (PID=7866) to work on /usr/local/lib/python3.10/dist-packages/airflow/example_dags/example_local_kubernetes_executor.py
[2022-10-04T03:12:03.006+0000] {processor.py:758} INFO - Processing file /usr/local/lib/python3.10/dist-packages/airflow/example_dags/example_local_kubernetes_executor.py for tasks to queue
[2022-10-04T03:12:03.007+0000] {logging_mixin.py:117} INFO - [2022-10-04T03:12:03.006+0000] {dagbag.py:525} INFO - Filling up the DagBag from /usr/local/lib/python3.10/dist-packages/airflow/example_dags/example_local_kubernetes_executor.py
[2022-10-04T03:12:03.020+0000] {logging_mixin.py:117} INFO - [2022-10-04T03:12:03.020+0000] {example_local_kubernetes_executor.py:39} WARNING - Could not import DAGs in example_local_kubernetes_executor.py
Traceback (most recent call last):
  File "/usr/local/lib/python3.10/dist-packages/airflow/example_dags/example_local_kubernetes_executor.py", line 37, in <module>
    from kubernetes.client import models as k8s
ModuleNotFoundError: No module named 'kubernetes'
[2022-10-04T03:12:03.020+0000] {logging_mixin.py:117} INFO - [2022-10-04T03:12:03.020+0000] {example_local_kubernetes_executor.py:40} WARNING - Install Kubernetes dependencies with: pip install apache-airflow[cncf.kubernetes]
[2022-10-04T03:12:03.020+0000] {processor.py:770} WARNING - No viable dags retrieved from /usr/local/lib/python3.10/dist-packages/airflow/example_dags/example_local_kubernetes_executor.py
[2022-10-04T03:12:03.030+0000] {processor.py:178} INFO - Processing /usr/local/lib/python3.10/dist-packages/airflow/example_dags/example_local_kubernetes_executor.py took 0.027 seconds
[2022-10-04T03:12:41.911+0000] {processor.py:156} INFO - Started process (PID=7907) to work on /usr/local/lib/python3.10/dist-packages/airflow/example_dags/example_local_kubernetes_executor.py
[2022-10-04T03:12:41.912+0000] {processor.py:758} INFO - Processing file /usr/local/lib/python3.10/dist-packages/airflow/example_dags/example_local_kubernetes_executor.py for tasks to queue
[2022-10-04T03:12:41.913+0000] {logging_mixin.py:117} INFO - [2022-10-04T03:12:41.913+0000] {dagbag.py:525} INFO - Filling up the DagBag from /usr/local/lib/python3.10/dist-packages/airflow/example_dags/example_local_kubernetes_executor.py
[2022-10-04T03:12:41.927+0000] {logging_mixin.py:117} INFO - [2022-10-04T03:12:41.926+0000] {example_local_kubernetes_executor.py:39} WARNING - Could not import DAGs in example_local_kubernetes_executor.py
Traceback (most recent call last):
  File "/usr/local/lib/python3.10/dist-packages/airflow/example_dags/example_local_kubernetes_executor.py", line 37, in <module>
    from kubernetes.client import models as k8s
ModuleNotFoundError: No module named 'kubernetes'
[2022-10-04T03:12:41.927+0000] {logging_mixin.py:117} INFO - [2022-10-04T03:12:41.927+0000] {example_local_kubernetes_executor.py:40} WARNING - Install Kubernetes dependencies with: pip install apache-airflow[cncf.kubernetes]
[2022-10-04T03:12:41.927+0000] {processor.py:770} WARNING - No viable dags retrieved from /usr/local/lib/python3.10/dist-packages/airflow/example_dags/example_local_kubernetes_executor.py
[2022-10-04T03:12:41.935+0000] {processor.py:178} INFO - Processing /usr/local/lib/python3.10/dist-packages/airflow/example_dags/example_local_kubernetes_executor.py took 0.028 seconds
[2022-10-04T03:13:22.424+0000] {processor.py:156} INFO - Started process (PID=7948) to work on /usr/local/lib/python3.10/dist-packages/airflow/example_dags/example_local_kubernetes_executor.py
[2022-10-04T03:13:22.425+0000] {processor.py:758} INFO - Processing file /usr/local/lib/python3.10/dist-packages/airflow/example_dags/example_local_kubernetes_executor.py for tasks to queue
[2022-10-04T03:13:22.425+0000] {logging_mixin.py:117} INFO - [2022-10-04T03:13:22.425+0000] {dagbag.py:525} INFO - Filling up the DagBag from /usr/local/lib/python3.10/dist-packages/airflow/example_dags/example_local_kubernetes_executor.py
[2022-10-04T03:13:22.438+0000] {logging_mixin.py:117} INFO - [2022-10-04T03:13:22.438+0000] {example_local_kubernetes_executor.py:39} WARNING - Could not import DAGs in example_local_kubernetes_executor.py
Traceback (most recent call last):
  File "/usr/local/lib/python3.10/dist-packages/airflow/example_dags/example_local_kubernetes_executor.py", line 37, in <module>
    from kubernetes.client import models as k8s
ModuleNotFoundError: No module named 'kubernetes'
[2022-10-04T03:13:22.438+0000] {logging_mixin.py:117} INFO - [2022-10-04T03:13:22.438+0000] {example_local_kubernetes_executor.py:40} WARNING - Install Kubernetes dependencies with: pip install apache-airflow[cncf.kubernetes]
[2022-10-04T03:13:22.438+0000] {processor.py:770} WARNING - No viable dags retrieved from /usr/local/lib/python3.10/dist-packages/airflow/example_dags/example_local_kubernetes_executor.py
[2022-10-04T03:13:22.446+0000] {processor.py:178} INFO - Processing /usr/local/lib/python3.10/dist-packages/airflow/example_dags/example_local_kubernetes_executor.py took 0.025 seconds
[2022-10-04T03:14:02.596+0000] {processor.py:156} INFO - Started process (PID=7987) to work on /usr/local/lib/python3.10/dist-packages/airflow/example_dags/example_local_kubernetes_executor.py
[2022-10-04T03:14:02.597+0000] {processor.py:758} INFO - Processing file /usr/local/lib/python3.10/dist-packages/airflow/example_dags/example_local_kubernetes_executor.py for tasks to queue
[2022-10-04T03:14:02.597+0000] {logging_mixin.py:117} INFO - [2022-10-04T03:14:02.597+0000] {dagbag.py:525} INFO - Filling up the DagBag from /usr/local/lib/python3.10/dist-packages/airflow/example_dags/example_local_kubernetes_executor.py
[2022-10-04T03:14:02.611+0000] {logging_mixin.py:117} INFO - [2022-10-04T03:14:02.611+0000] {example_local_kubernetes_executor.py:39} WARNING - Could not import DAGs in example_local_kubernetes_executor.py
Traceback (most recent call last):
  File "/usr/local/lib/python3.10/dist-packages/airflow/example_dags/example_local_kubernetes_executor.py", line 37, in <module>
    from kubernetes.client import models as k8s
ModuleNotFoundError: No module named 'kubernetes'
[2022-10-04T03:14:02.612+0000] {logging_mixin.py:117} INFO - [2022-10-04T03:14:02.612+0000] {example_local_kubernetes_executor.py:40} WARNING - Install Kubernetes dependencies with: pip install apache-airflow[cncf.kubernetes]
[2022-10-04T03:14:02.612+0000] {processor.py:770} WARNING - No viable dags retrieved from /usr/local/lib/python3.10/dist-packages/airflow/example_dags/example_local_kubernetes_executor.py
[2022-10-04T03:14:02.621+0000] {processor.py:178} INFO - Processing /usr/local/lib/python3.10/dist-packages/airflow/example_dags/example_local_kubernetes_executor.py took 0.028 seconds
[2022-10-04T03:14:41.214+0000] {processor.py:156} INFO - Started process (PID=8028) to work on /usr/local/lib/python3.10/dist-packages/airflow/example_dags/example_local_kubernetes_executor.py
[2022-10-04T03:14:41.215+0000] {processor.py:758} INFO - Processing file /usr/local/lib/python3.10/dist-packages/airflow/example_dags/example_local_kubernetes_executor.py for tasks to queue
[2022-10-04T03:14:41.216+0000] {logging_mixin.py:117} INFO - [2022-10-04T03:14:41.215+0000] {dagbag.py:525} INFO - Filling up the DagBag from /usr/local/lib/python3.10/dist-packages/airflow/example_dags/example_local_kubernetes_executor.py
[2022-10-04T03:14:41.230+0000] {logging_mixin.py:117} INFO - [2022-10-04T03:14:41.229+0000] {example_local_kubernetes_executor.py:39} WARNING - Could not import DAGs in example_local_kubernetes_executor.py
Traceback (most recent call last):
  File "/usr/local/lib/python3.10/dist-packages/airflow/example_dags/example_local_kubernetes_executor.py", line 37, in <module>
    from kubernetes.client import models as k8s
ModuleNotFoundError: No module named 'kubernetes'
[2022-10-04T03:14:41.230+0000] {logging_mixin.py:117} INFO - [2022-10-04T03:14:41.230+0000] {example_local_kubernetes_executor.py:40} WARNING - Install Kubernetes dependencies with: pip install apache-airflow[cncf.kubernetes]
[2022-10-04T03:14:41.230+0000] {processor.py:770} WARNING - No viable dags retrieved from /usr/local/lib/python3.10/dist-packages/airflow/example_dags/example_local_kubernetes_executor.py
[2022-10-04T03:14:41.239+0000] {processor.py:178} INFO - Processing /usr/local/lib/python3.10/dist-packages/airflow/example_dags/example_local_kubernetes_executor.py took 0.028 seconds
[2022-10-04T03:15:20.059+0000] {processor.py:156} INFO - Started process (PID=8065) to work on /usr/local/lib/python3.10/dist-packages/airflow/example_dags/example_local_kubernetes_executor.py
[2022-10-04T03:15:20.060+0000] {processor.py:758} INFO - Processing file /usr/local/lib/python3.10/dist-packages/airflow/example_dags/example_local_kubernetes_executor.py for tasks to queue
[2022-10-04T03:15:20.060+0000] {logging_mixin.py:117} INFO - [2022-10-04T03:15:20.060+0000] {dagbag.py:525} INFO - Filling up the DagBag from /usr/local/lib/python3.10/dist-packages/airflow/example_dags/example_local_kubernetes_executor.py
[2022-10-04T03:15:20.076+0000] {logging_mixin.py:117} INFO - [2022-10-04T03:15:20.076+0000] {example_local_kubernetes_executor.py:39} WARNING - Could not import DAGs in example_local_kubernetes_executor.py
Traceback (most recent call last):
  File "/usr/local/lib/python3.10/dist-packages/airflow/example_dags/example_local_kubernetes_executor.py", line 37, in <module>
    from kubernetes.client import models as k8s
ModuleNotFoundError: No module named 'kubernetes'
[2022-10-04T03:15:20.076+0000] {logging_mixin.py:117} INFO - [2022-10-04T03:15:20.076+0000] {example_local_kubernetes_executor.py:40} WARNING - Install Kubernetes dependencies with: pip install apache-airflow[cncf.kubernetes]
[2022-10-04T03:15:20.076+0000] {processor.py:770} WARNING - No viable dags retrieved from /usr/local/lib/python3.10/dist-packages/airflow/example_dags/example_local_kubernetes_executor.py
[2022-10-04T03:15:20.085+0000] {processor.py:178} INFO - Processing /usr/local/lib/python3.10/dist-packages/airflow/example_dags/example_local_kubernetes_executor.py took 0.030 seconds
[2022-10-04T03:16:05.776+0000] {processor.py:156} INFO - Started process (PID=8109) to work on /usr/local/lib/python3.10/dist-packages/airflow/example_dags/example_local_kubernetes_executor.py
[2022-10-04T03:16:05.778+0000] {processor.py:758} INFO - Processing file /usr/local/lib/python3.10/dist-packages/airflow/example_dags/example_local_kubernetes_executor.py for tasks to queue
[2022-10-04T03:16:05.778+0000] {logging_mixin.py:117} INFO - [2022-10-04T03:16:05.778+0000] {dagbag.py:525} INFO - Filling up the DagBag from /usr/local/lib/python3.10/dist-packages/airflow/example_dags/example_local_kubernetes_executor.py
[2022-10-04T03:16:05.792+0000] {logging_mixin.py:117} INFO - [2022-10-04T03:16:05.791+0000] {example_local_kubernetes_executor.py:39} WARNING - Could not import DAGs in example_local_kubernetes_executor.py
Traceback (most recent call last):
  File "/usr/local/lib/python3.10/dist-packages/airflow/example_dags/example_local_kubernetes_executor.py", line 37, in <module>
    from kubernetes.client import models as k8s
ModuleNotFoundError: No module named 'kubernetes'
[2022-10-04T03:16:05.792+0000] {logging_mixin.py:117} INFO - [2022-10-04T03:16:05.792+0000] {example_local_kubernetes_executor.py:40} WARNING - Install Kubernetes dependencies with: pip install apache-airflow[cncf.kubernetes]
[2022-10-04T03:16:05.792+0000] {processor.py:770} WARNING - No viable dags retrieved from /usr/local/lib/python3.10/dist-packages/airflow/example_dags/example_local_kubernetes_executor.py
[2022-10-04T03:16:05.801+0000] {processor.py:178} INFO - Processing /usr/local/lib/python3.10/dist-packages/airflow/example_dags/example_local_kubernetes_executor.py took 0.027 seconds
[2022-10-04T03:16:45.605+0000] {processor.py:156} INFO - Started process (PID=8234) to work on /usr/local/lib/python3.10/dist-packages/airflow/example_dags/example_local_kubernetes_executor.py
[2022-10-04T03:16:45.606+0000] {processor.py:758} INFO - Processing file /usr/local/lib/python3.10/dist-packages/airflow/example_dags/example_local_kubernetes_executor.py for tasks to queue
[2022-10-04T03:16:45.606+0000] {logging_mixin.py:117} INFO - [2022-10-04T03:16:45.606+0000] {dagbag.py:525} INFO - Filling up the DagBag from /usr/local/lib/python3.10/dist-packages/airflow/example_dags/example_local_kubernetes_executor.py
[2022-10-04T03:16:45.623+0000] {logging_mixin.py:117} INFO - [2022-10-04T03:16:45.622+0000] {example_local_kubernetes_executor.py:39} WARNING - Could not import DAGs in example_local_kubernetes_executor.py
Traceback (most recent call last):
  File "/usr/local/lib/python3.10/dist-packages/airflow/example_dags/example_local_kubernetes_executor.py", line 37, in <module>
    from kubernetes.client import models as k8s
ModuleNotFoundError: No module named 'kubernetes'
[2022-10-04T03:16:45.623+0000] {logging_mixin.py:117} INFO - [2022-10-04T03:16:45.623+0000] {example_local_kubernetes_executor.py:40} WARNING - Install Kubernetes dependencies with: pip install apache-airflow[cncf.kubernetes]
[2022-10-04T03:16:45.624+0000] {processor.py:770} WARNING - No viable dags retrieved from /usr/local/lib/python3.10/dist-packages/airflow/example_dags/example_local_kubernetes_executor.py
[2022-10-04T03:16:45.636+0000] {processor.py:178} INFO - Processing /usr/local/lib/python3.10/dist-packages/airflow/example_dags/example_local_kubernetes_executor.py took 0.034 seconds
[2022-10-04T03:17:26.522+0000] {processor.py:156} INFO - Started process (PID=8605) to work on /usr/local/lib/python3.10/dist-packages/airflow/example_dags/example_local_kubernetes_executor.py
[2022-10-04T03:17:26.523+0000] {processor.py:758} INFO - Processing file /usr/local/lib/python3.10/dist-packages/airflow/example_dags/example_local_kubernetes_executor.py for tasks to queue
[2022-10-04T03:17:26.524+0000] {logging_mixin.py:117} INFO - [2022-10-04T03:17:26.523+0000] {dagbag.py:525} INFO - Filling up the DagBag from /usr/local/lib/python3.10/dist-packages/airflow/example_dags/example_local_kubernetes_executor.py
[2022-10-04T03:17:26.538+0000] {logging_mixin.py:117} INFO - [2022-10-04T03:17:26.537+0000] {example_local_kubernetes_executor.py:39} WARNING - Could not import DAGs in example_local_kubernetes_executor.py
Traceback (most recent call last):
  File "/usr/local/lib/python3.10/dist-packages/airflow/example_dags/example_local_kubernetes_executor.py", line 37, in <module>
    from kubernetes.client import models as k8s
ModuleNotFoundError: No module named 'kubernetes'
[2022-10-04T03:17:26.538+0000] {logging_mixin.py:117} INFO - [2022-10-04T03:17:26.538+0000] {example_local_kubernetes_executor.py:40} WARNING - Install Kubernetes dependencies with: pip install apache-airflow[cncf.kubernetes]
[2022-10-04T03:17:26.538+0000] {processor.py:770} WARNING - No viable dags retrieved from /usr/local/lib/python3.10/dist-packages/airflow/example_dags/example_local_kubernetes_executor.py
[2022-10-04T03:17:26.547+0000] {processor.py:178} INFO - Processing /usr/local/lib/python3.10/dist-packages/airflow/example_dags/example_local_kubernetes_executor.py took 0.028 seconds
[2022-10-04T03:18:08.524+0000] {processor.py:156} INFO - Started process (PID=8643) to work on /usr/local/lib/python3.10/dist-packages/airflow/example_dags/example_local_kubernetes_executor.py
[2022-10-04T03:18:08.525+0000] {processor.py:758} INFO - Processing file /usr/local/lib/python3.10/dist-packages/airflow/example_dags/example_local_kubernetes_executor.py for tasks to queue
[2022-10-04T03:18:08.526+0000] {logging_mixin.py:117} INFO - [2022-10-04T03:18:08.525+0000] {dagbag.py:525} INFO - Filling up the DagBag from /usr/local/lib/python3.10/dist-packages/airflow/example_dags/example_local_kubernetes_executor.py
[2022-10-04T03:18:08.538+0000] {logging_mixin.py:117} INFO - [2022-10-04T03:18:08.538+0000] {example_local_kubernetes_executor.py:39} WARNING - Could not import DAGs in example_local_kubernetes_executor.py
Traceback (most recent call last):
  File "/usr/local/lib/python3.10/dist-packages/airflow/example_dags/example_local_kubernetes_executor.py", line 37, in <module>
    from kubernetes.client import models as k8s
ModuleNotFoundError: No module named 'kubernetes'
[2022-10-04T03:18:08.539+0000] {logging_mixin.py:117} INFO - [2022-10-04T03:18:08.539+0000] {example_local_kubernetes_executor.py:40} WARNING - Install Kubernetes dependencies with: pip install apache-airflow[cncf.kubernetes]
[2022-10-04T03:18:08.539+0000] {processor.py:770} WARNING - No viable dags retrieved from /usr/local/lib/python3.10/dist-packages/airflow/example_dags/example_local_kubernetes_executor.py
[2022-10-04T03:18:08.547+0000] {processor.py:178} INFO - Processing /usr/local/lib/python3.10/dist-packages/airflow/example_dags/example_local_kubernetes_executor.py took 0.026 seconds
[2022-10-04T03:18:58.244+0000] {processor.py:156} INFO - Started process (PID=8702) to work on /usr/local/lib/python3.10/dist-packages/airflow/example_dags/example_local_kubernetes_executor.py
[2022-10-04T03:18:58.245+0000] {processor.py:758} INFO - Processing file /usr/local/lib/python3.10/dist-packages/airflow/example_dags/example_local_kubernetes_executor.py for tasks to queue
[2022-10-04T03:18:58.246+0000] {logging_mixin.py:117} INFO - [2022-10-04T03:18:58.245+0000] {dagbag.py:525} INFO - Filling up the DagBag from /usr/local/lib/python3.10/dist-packages/airflow/example_dags/example_local_kubernetes_executor.py
[2022-10-04T03:18:58.262+0000] {logging_mixin.py:117} INFO - [2022-10-04T03:18:58.261+0000] {example_local_kubernetes_executor.py:39} WARNING - Could not import DAGs in example_local_kubernetes_executor.py
Traceback (most recent call last):
  File "/usr/local/lib/python3.10/dist-packages/airflow/example_dags/example_local_kubernetes_executor.py", line 37, in <module>
    from kubernetes.client import models as k8s
ModuleNotFoundError: No module named 'kubernetes'
[2022-10-04T03:18:58.262+0000] {logging_mixin.py:117} INFO - [2022-10-04T03:18:58.262+0000] {example_local_kubernetes_executor.py:40} WARNING - Install Kubernetes dependencies with: pip install apache-airflow[cncf.kubernetes]
[2022-10-04T03:18:58.262+0000] {processor.py:770} WARNING - No viable dags retrieved from /usr/local/lib/python3.10/dist-packages/airflow/example_dags/example_local_kubernetes_executor.py
[2022-10-04T03:18:58.271+0000] {processor.py:178} INFO - Processing /usr/local/lib/python3.10/dist-packages/airflow/example_dags/example_local_kubernetes_executor.py took 0.030 seconds
[2022-10-04T03:19:36.067+0000] {processor.py:156} INFO - Started process (PID=8743) to work on /usr/local/lib/python3.10/dist-packages/airflow/example_dags/example_local_kubernetes_executor.py
[2022-10-04T03:19:36.069+0000] {processor.py:758} INFO - Processing file /usr/local/lib/python3.10/dist-packages/airflow/example_dags/example_local_kubernetes_executor.py for tasks to queue
[2022-10-04T03:19:36.069+0000] {logging_mixin.py:117} INFO - [2022-10-04T03:19:36.069+0000] {dagbag.py:525} INFO - Filling up the DagBag from /usr/local/lib/python3.10/dist-packages/airflow/example_dags/example_local_kubernetes_executor.py
[2022-10-04T03:19:36.083+0000] {logging_mixin.py:117} INFO - [2022-10-04T03:19:36.083+0000] {example_local_kubernetes_executor.py:39} WARNING - Could not import DAGs in example_local_kubernetes_executor.py
Traceback (most recent call last):
  File "/usr/local/lib/python3.10/dist-packages/airflow/example_dags/example_local_kubernetes_executor.py", line 37, in <module>
    from kubernetes.client import models as k8s
ModuleNotFoundError: No module named 'kubernetes'
[2022-10-04T03:19:36.083+0000] {logging_mixin.py:117} INFO - [2022-10-04T03:19:36.083+0000] {example_local_kubernetes_executor.py:40} WARNING - Install Kubernetes dependencies with: pip install apache-airflow[cncf.kubernetes]
[2022-10-04T03:19:36.084+0000] {processor.py:770} WARNING - No viable dags retrieved from /usr/local/lib/python3.10/dist-packages/airflow/example_dags/example_local_kubernetes_executor.py
[2022-10-04T03:19:36.092+0000] {processor.py:178} INFO - Processing /usr/local/lib/python3.10/dist-packages/airflow/example_dags/example_local_kubernetes_executor.py took 0.029 seconds
[2022-10-04T03:20:14.750+0000] {processor.py:156} INFO - Started process (PID=8780) to work on /usr/local/lib/python3.10/dist-packages/airflow/example_dags/example_local_kubernetes_executor.py
[2022-10-04T03:20:14.751+0000] {processor.py:758} INFO - Processing file /usr/local/lib/python3.10/dist-packages/airflow/example_dags/example_local_kubernetes_executor.py for tasks to queue
[2022-10-04T03:20:14.752+0000] {logging_mixin.py:117} INFO - [2022-10-04T03:20:14.752+0000] {dagbag.py:525} INFO - Filling up the DagBag from /usr/local/lib/python3.10/dist-packages/airflow/example_dags/example_local_kubernetes_executor.py
[2022-10-04T03:20:14.769+0000] {logging_mixin.py:117} INFO - [2022-10-04T03:20:14.769+0000] {example_local_kubernetes_executor.py:39} WARNING - Could not import DAGs in example_local_kubernetes_executor.py
Traceback (most recent call last):
  File "/usr/local/lib/python3.10/dist-packages/airflow/example_dags/example_local_kubernetes_executor.py", line 37, in <module>
    from kubernetes.client import models as k8s
ModuleNotFoundError: No module named 'kubernetes'
[2022-10-04T03:20:14.770+0000] {logging_mixin.py:117} INFO - [2022-10-04T03:20:14.770+0000] {example_local_kubernetes_executor.py:40} WARNING - Install Kubernetes dependencies with: pip install apache-airflow[cncf.kubernetes]
[2022-10-04T03:20:14.770+0000] {processor.py:770} WARNING - No viable dags retrieved from /usr/local/lib/python3.10/dist-packages/airflow/example_dags/example_local_kubernetes_executor.py
[2022-10-04T03:20:14.778+0000] {processor.py:178} INFO - Processing /usr/local/lib/python3.10/dist-packages/airflow/example_dags/example_local_kubernetes_executor.py took 0.031 seconds
[2022-10-04T03:20:53.587+0000] {processor.py:156} INFO - Started process (PID=8821) to work on /usr/local/lib/python3.10/dist-packages/airflow/example_dags/example_local_kubernetes_executor.py
[2022-10-04T03:20:53.589+0000] {processor.py:758} INFO - Processing file /usr/local/lib/python3.10/dist-packages/airflow/example_dags/example_local_kubernetes_executor.py for tasks to queue
[2022-10-04T03:20:53.589+0000] {logging_mixin.py:117} INFO - [2022-10-04T03:20:53.589+0000] {dagbag.py:525} INFO - Filling up the DagBag from /usr/local/lib/python3.10/dist-packages/airflow/example_dags/example_local_kubernetes_executor.py
[2022-10-04T03:20:53.605+0000] {logging_mixin.py:117} INFO - [2022-10-04T03:20:53.604+0000] {example_local_kubernetes_executor.py:39} WARNING - Could not import DAGs in example_local_kubernetes_executor.py
Traceback (most recent call last):
  File "/usr/local/lib/python3.10/dist-packages/airflow/example_dags/example_local_kubernetes_executor.py", line 37, in <module>
    from kubernetes.client import models as k8s
ModuleNotFoundError: No module named 'kubernetes'
[2022-10-04T03:20:53.605+0000] {logging_mixin.py:117} INFO - [2022-10-04T03:20:53.605+0000] {example_local_kubernetes_executor.py:40} WARNING - Install Kubernetes dependencies with: pip install apache-airflow[cncf.kubernetes]
[2022-10-04T03:20:53.605+0000] {processor.py:770} WARNING - No viable dags retrieved from /usr/local/lib/python3.10/dist-packages/airflow/example_dags/example_local_kubernetes_executor.py
[2022-10-04T03:20:53.614+0000] {processor.py:178} INFO - Processing /usr/local/lib/python3.10/dist-packages/airflow/example_dags/example_local_kubernetes_executor.py took 0.030 seconds
[2022-10-04T03:21:33.449+0000] {processor.py:156} INFO - Started process (PID=8859) to work on /usr/local/lib/python3.10/dist-packages/airflow/example_dags/example_local_kubernetes_executor.py
[2022-10-04T03:21:33.451+0000] {processor.py:758} INFO - Processing file /usr/local/lib/python3.10/dist-packages/airflow/example_dags/example_local_kubernetes_executor.py for tasks to queue
[2022-10-04T03:21:33.451+0000] {logging_mixin.py:117} INFO - [2022-10-04T03:21:33.451+0000] {dagbag.py:525} INFO - Filling up the DagBag from /usr/local/lib/python3.10/dist-packages/airflow/example_dags/example_local_kubernetes_executor.py
[2022-10-04T03:21:33.467+0000] {logging_mixin.py:117} INFO - [2022-10-04T03:21:33.467+0000] {example_local_kubernetes_executor.py:39} WARNING - Could not import DAGs in example_local_kubernetes_executor.py
Traceback (most recent call last):
  File "/usr/local/lib/python3.10/dist-packages/airflow/example_dags/example_local_kubernetes_executor.py", line 37, in <module>
    from kubernetes.client import models as k8s
ModuleNotFoundError: No module named 'kubernetes'
[2022-10-04T03:21:33.468+0000] {logging_mixin.py:117} INFO - [2022-10-04T03:21:33.467+0000] {example_local_kubernetes_executor.py:40} WARNING - Install Kubernetes dependencies with: pip install apache-airflow[cncf.kubernetes]
[2022-10-04T03:21:33.468+0000] {processor.py:770} WARNING - No viable dags retrieved from /usr/local/lib/python3.10/dist-packages/airflow/example_dags/example_local_kubernetes_executor.py
[2022-10-04T03:21:33.478+0000] {processor.py:178} INFO - Processing /usr/local/lib/python3.10/dist-packages/airflow/example_dags/example_local_kubernetes_executor.py took 0.031 seconds
[2022-10-04T03:22:13.949+0000] {processor.py:156} INFO - Started process (PID=8898) to work on /usr/local/lib/python3.10/dist-packages/airflow/example_dags/example_local_kubernetes_executor.py
[2022-10-04T03:22:13.950+0000] {processor.py:758} INFO - Processing file /usr/local/lib/python3.10/dist-packages/airflow/example_dags/example_local_kubernetes_executor.py for tasks to queue
[2022-10-04T03:22:13.951+0000] {logging_mixin.py:117} INFO - [2022-10-04T03:22:13.951+0000] {dagbag.py:525} INFO - Filling up the DagBag from /usr/local/lib/python3.10/dist-packages/airflow/example_dags/example_local_kubernetes_executor.py
[2022-10-04T03:22:13.963+0000] {logging_mixin.py:117} INFO - [2022-10-04T03:22:13.962+0000] {example_local_kubernetes_executor.py:39} WARNING - Could not import DAGs in example_local_kubernetes_executor.py
Traceback (most recent call last):
  File "/usr/local/lib/python3.10/dist-packages/airflow/example_dags/example_local_kubernetes_executor.py", line 37, in <module>
    from kubernetes.client import models as k8s
ModuleNotFoundError: No module named 'kubernetes'
[2022-10-04T03:22:13.963+0000] {logging_mixin.py:117} INFO - [2022-10-04T03:22:13.963+0000] {example_local_kubernetes_executor.py:40} WARNING - Install Kubernetes dependencies with: pip install apache-airflow[cncf.kubernetes]
[2022-10-04T03:22:13.963+0000] {processor.py:770} WARNING - No viable dags retrieved from /usr/local/lib/python3.10/dist-packages/airflow/example_dags/example_local_kubernetes_executor.py
[2022-10-04T03:22:13.972+0000] {processor.py:178} INFO - Processing /usr/local/lib/python3.10/dist-packages/airflow/example_dags/example_local_kubernetes_executor.py took 0.026 seconds
[2022-10-04T03:22:52.565+0000] {processor.py:156} INFO - Started process (PID=8940) to work on /usr/local/lib/python3.10/dist-packages/airflow/example_dags/example_local_kubernetes_executor.py
[2022-10-04T03:22:52.566+0000] {processor.py:758} INFO - Processing file /usr/local/lib/python3.10/dist-packages/airflow/example_dags/example_local_kubernetes_executor.py for tasks to queue
[2022-10-04T03:22:52.567+0000] {logging_mixin.py:117} INFO - [2022-10-04T03:22:52.566+0000] {dagbag.py:525} INFO - Filling up the DagBag from /usr/local/lib/python3.10/dist-packages/airflow/example_dags/example_local_kubernetes_executor.py
[2022-10-04T03:22:52.588+0000] {logging_mixin.py:117} INFO - [2022-10-04T03:22:52.587+0000] {example_local_kubernetes_executor.py:39} WARNING - Could not import DAGs in example_local_kubernetes_executor.py
Traceback (most recent call last):
  File "/usr/local/lib/python3.10/dist-packages/airflow/example_dags/example_local_kubernetes_executor.py", line 37, in <module>
    from kubernetes.client import models as k8s
ModuleNotFoundError: No module named 'kubernetes'
[2022-10-04T03:22:52.589+0000] {logging_mixin.py:117} INFO - [2022-10-04T03:22:52.589+0000] {example_local_kubernetes_executor.py:40} WARNING - Install Kubernetes dependencies with: pip install apache-airflow[cncf.kubernetes]
[2022-10-04T03:22:52.589+0000] {processor.py:770} WARNING - No viable dags retrieved from /usr/local/lib/python3.10/dist-packages/airflow/example_dags/example_local_kubernetes_executor.py
[2022-10-04T03:22:52.600+0000] {processor.py:178} INFO - Processing /usr/local/lib/python3.10/dist-packages/airflow/example_dags/example_local_kubernetes_executor.py took 0.038 seconds
[2022-10-04T03:23:57.177+0000] {processor.py:156} INFO - Started process (PID=9009) to work on /usr/local/lib/python3.10/dist-packages/airflow/example_dags/example_local_kubernetes_executor.py
[2022-10-04T03:23:57.179+0000] {processor.py:758} INFO - Processing file /usr/local/lib/python3.10/dist-packages/airflow/example_dags/example_local_kubernetes_executor.py for tasks to queue
[2022-10-04T03:23:57.179+0000] {logging_mixin.py:117} INFO - [2022-10-04T03:23:57.179+0000] {dagbag.py:525} INFO - Filling up the DagBag from /usr/local/lib/python3.10/dist-packages/airflow/example_dags/example_local_kubernetes_executor.py
[2022-10-04T03:23:57.192+0000] {logging_mixin.py:117} INFO - [2022-10-04T03:23:57.192+0000] {example_local_kubernetes_executor.py:39} WARNING - Could not import DAGs in example_local_kubernetes_executor.py
Traceback (most recent call last):
  File "/usr/local/lib/python3.10/dist-packages/airflow/example_dags/example_local_kubernetes_executor.py", line 37, in <module>
    from kubernetes.client import models as k8s
ModuleNotFoundError: No module named 'kubernetes'
[2022-10-04T03:23:57.192+0000] {logging_mixin.py:117} INFO - [2022-10-04T03:23:57.192+0000] {example_local_kubernetes_executor.py:40} WARNING - Install Kubernetes dependencies with: pip install apache-airflow[cncf.kubernetes]
[2022-10-04T03:23:57.193+0000] {processor.py:770} WARNING - No viable dags retrieved from /usr/local/lib/python3.10/dist-packages/airflow/example_dags/example_local_kubernetes_executor.py
[2022-10-04T03:23:57.200+0000] {processor.py:178} INFO - Processing /usr/local/lib/python3.10/dist-packages/airflow/example_dags/example_local_kubernetes_executor.py took 0.025 seconds
[2022-10-04T03:24:34.101+0000] {processor.py:156} INFO - Started process (PID=9050) to work on /usr/local/lib/python3.10/dist-packages/airflow/example_dags/example_local_kubernetes_executor.py
[2022-10-04T03:24:34.103+0000] {processor.py:758} INFO - Processing file /usr/local/lib/python3.10/dist-packages/airflow/example_dags/example_local_kubernetes_executor.py for tasks to queue
[2022-10-04T03:24:34.103+0000] {logging_mixin.py:117} INFO - [2022-10-04T03:24:34.103+0000] {dagbag.py:525} INFO - Filling up the DagBag from /usr/local/lib/python3.10/dist-packages/airflow/example_dags/example_local_kubernetes_executor.py
[2022-10-04T03:24:34.116+0000] {logging_mixin.py:117} INFO - [2022-10-04T03:24:34.116+0000] {example_local_kubernetes_executor.py:39} WARNING - Could not import DAGs in example_local_kubernetes_executor.py
Traceback (most recent call last):
  File "/usr/local/lib/python3.10/dist-packages/airflow/example_dags/example_local_kubernetes_executor.py", line 37, in <module>
    from kubernetes.client import models as k8s
ModuleNotFoundError: No module named 'kubernetes'
[2022-10-04T03:24:34.116+0000] {logging_mixin.py:117} INFO - [2022-10-04T03:24:34.116+0000] {example_local_kubernetes_executor.py:40} WARNING - Install Kubernetes dependencies with: pip install apache-airflow[cncf.kubernetes]
[2022-10-04T03:24:34.116+0000] {processor.py:770} WARNING - No viable dags retrieved from /usr/local/lib/python3.10/dist-packages/airflow/example_dags/example_local_kubernetes_executor.py
[2022-10-04T03:24:34.125+0000] {processor.py:178} INFO - Processing /usr/local/lib/python3.10/dist-packages/airflow/example_dags/example_local_kubernetes_executor.py took 0.026 seconds
[2022-10-04T03:25:15.105+0000] {processor.py:156} INFO - Started process (PID=9091) to work on /usr/local/lib/python3.10/dist-packages/airflow/example_dags/example_local_kubernetes_executor.py
[2022-10-04T03:25:15.107+0000] {processor.py:758} INFO - Processing file /usr/local/lib/python3.10/dist-packages/airflow/example_dags/example_local_kubernetes_executor.py for tasks to queue
[2022-10-04T03:25:15.107+0000] {logging_mixin.py:117} INFO - [2022-10-04T03:25:15.107+0000] {dagbag.py:525} INFO - Filling up the DagBag from /usr/local/lib/python3.10/dist-packages/airflow/example_dags/example_local_kubernetes_executor.py
[2022-10-04T03:25:15.121+0000] {logging_mixin.py:117} INFO - [2022-10-04T03:25:15.121+0000] {example_local_kubernetes_executor.py:39} WARNING - Could not import DAGs in example_local_kubernetes_executor.py
Traceback (most recent call last):
  File "/usr/local/lib/python3.10/dist-packages/airflow/example_dags/example_local_kubernetes_executor.py", line 37, in <module>
    from kubernetes.client import models as k8s
ModuleNotFoundError: No module named 'kubernetes'
[2022-10-04T03:25:15.121+0000] {logging_mixin.py:117} INFO - [2022-10-04T03:25:15.121+0000] {example_local_kubernetes_executor.py:40} WARNING - Install Kubernetes dependencies with: pip install apache-airflow[cncf.kubernetes]
[2022-10-04T03:25:15.122+0000] {processor.py:770} WARNING - No viable dags retrieved from /usr/local/lib/python3.10/dist-packages/airflow/example_dags/example_local_kubernetes_executor.py
[2022-10-04T03:25:15.129+0000] {processor.py:178} INFO - Processing /usr/local/lib/python3.10/dist-packages/airflow/example_dags/example_local_kubernetes_executor.py took 0.027 seconds
[2022-10-04T03:26:31.644+0000] {processor.py:156} INFO - Started process (PID=9178) to work on /usr/local/lib/python3.10/dist-packages/airflow/example_dags/example_local_kubernetes_executor.py
[2022-10-04T03:26:31.645+0000] {processor.py:758} INFO - Processing file /usr/local/lib/python3.10/dist-packages/airflow/example_dags/example_local_kubernetes_executor.py for tasks to queue
[2022-10-04T03:26:31.646+0000] {logging_mixin.py:117} INFO - [2022-10-04T03:26:31.646+0000] {dagbag.py:525} INFO - Filling up the DagBag from /usr/local/lib/python3.10/dist-packages/airflow/example_dags/example_local_kubernetes_executor.py
[2022-10-04T03:26:31.671+0000] {processor.py:768} INFO - DAG(s) dict_keys(['example_local_kubernetes_executor']) retrieved from /usr/local/lib/python3.10/dist-packages/airflow/example_dags/example_local_kubernetes_executor.py
[2022-10-04T03:26:31.703+0000] {logging_mixin.py:117} INFO - [2022-10-04T03:26:31.702+0000] {dag.py:2573} INFO - Sync 1 DAGs
[2022-10-04T03:26:31.721+0000] {logging_mixin.py:117} INFO - [2022-10-04T03:26:31.721+0000] {dag.py:3324} INFO - Setting next_dagrun for example_local_kubernetes_executor to None, run_after=None
[2022-10-04T03:26:31.755+0000] {processor.py:178} INFO - Processing /usr/local/lib/python3.10/dist-packages/airflow/example_dags/example_local_kubernetes_executor.py took 0.114 seconds
[2022-10-04T03:30:38.411+0000] {processor.py:156} INFO - Started process (PID=9275) to work on /usr/local/lib/python3.10/dist-packages/airflow/example_dags/example_local_kubernetes_executor.py
[2022-10-04T03:30:38.413+0000] {processor.py:758} INFO - Processing file /usr/local/lib/python3.10/dist-packages/airflow/example_dags/example_local_kubernetes_executor.py for tasks to queue
[2022-10-04T03:30:38.413+0000] {logging_mixin.py:117} INFO - [2022-10-04T03:30:38.413+0000] {dagbag.py:525} INFO - Filling up the DagBag from /usr/local/lib/python3.10/dist-packages/airflow/example_dags/example_local_kubernetes_executor.py
[2022-10-04T03:30:38.438+0000] {processor.py:768} INFO - DAG(s) dict_keys(['example_local_kubernetes_executor']) retrieved from /usr/local/lib/python3.10/dist-packages/airflow/example_dags/example_local_kubernetes_executor.py
[2022-10-04T03:30:38.466+0000] {logging_mixin.py:117} INFO - [2022-10-04T03:30:38.465+0000] {dag.py:2573} INFO - Sync 1 DAGs
[2022-10-04T03:30:38.483+0000] {logging_mixin.py:117} INFO - [2022-10-04T03:30:38.483+0000] {dag.py:3324} INFO - Setting next_dagrun for example_local_kubernetes_executor to None, run_after=None
[2022-10-04T03:30:38.507+0000] {processor.py:178} INFO - Processing /usr/local/lib/python3.10/dist-packages/airflow/example_dags/example_local_kubernetes_executor.py took 0.099 seconds
[2022-10-04T03:31:16.669+0000] {processor.py:156} INFO - Started process (PID=9312) to work on /usr/local/lib/python3.10/dist-packages/airflow/example_dags/example_local_kubernetes_executor.py
[2022-10-04T03:31:16.674+0000] {processor.py:758} INFO - Processing file /usr/local/lib/python3.10/dist-packages/airflow/example_dags/example_local_kubernetes_executor.py for tasks to queue
[2022-10-04T03:31:16.674+0000] {logging_mixin.py:117} INFO - [2022-10-04T03:31:16.674+0000] {dagbag.py:525} INFO - Filling up the DagBag from /usr/local/lib/python3.10/dist-packages/airflow/example_dags/example_local_kubernetes_executor.py
[2022-10-04T03:31:16.720+0000] {processor.py:768} INFO - DAG(s) dict_keys(['example_local_kubernetes_executor']) retrieved from /usr/local/lib/python3.10/dist-packages/airflow/example_dags/example_local_kubernetes_executor.py
[2022-10-04T03:31:16.778+0000] {logging_mixin.py:117} INFO - [2022-10-04T03:31:16.778+0000] {dag.py:2573} INFO - Sync 1 DAGs
[2022-10-04T03:31:16.820+0000] {logging_mixin.py:117} INFO - [2022-10-04T03:31:16.820+0000] {dag.py:3324} INFO - Setting next_dagrun for example_local_kubernetes_executor to None, run_after=None
[2022-10-04T03:31:16.864+0000] {processor.py:178} INFO - Processing /usr/local/lib/python3.10/dist-packages/airflow/example_dags/example_local_kubernetes_executor.py took 0.202 seconds
[2022-10-04T03:31:57.595+0000] {processor.py:156} INFO - Started process (PID=9369) to work on /usr/local/lib/python3.10/dist-packages/airflow/example_dags/example_local_kubernetes_executor.py
[2022-10-04T03:31:57.596+0000] {processor.py:758} INFO - Processing file /usr/local/lib/python3.10/dist-packages/airflow/example_dags/example_local_kubernetes_executor.py for tasks to queue
[2022-10-04T03:31:57.597+0000] {logging_mixin.py:117} INFO - [2022-10-04T03:31:57.597+0000] {dagbag.py:525} INFO - Filling up the DagBag from /usr/local/lib/python3.10/dist-packages/airflow/example_dags/example_local_kubernetes_executor.py
[2022-10-04T03:31:57.622+0000] {processor.py:768} INFO - DAG(s) dict_keys(['example_local_kubernetes_executor']) retrieved from /usr/local/lib/python3.10/dist-packages/airflow/example_dags/example_local_kubernetes_executor.py
[2022-10-04T03:31:57.647+0000] {logging_mixin.py:117} INFO - [2022-10-04T03:31:57.647+0000] {dag.py:2573} INFO - Sync 1 DAGs
[2022-10-04T03:31:57.665+0000] {logging_mixin.py:117} INFO - [2022-10-04T03:31:57.664+0000] {dag.py:3324} INFO - Setting next_dagrun for example_local_kubernetes_executor to None, run_after=None
[2022-10-04T03:31:57.686+0000] {processor.py:178} INFO - Processing /usr/local/lib/python3.10/dist-packages/airflow/example_dags/example_local_kubernetes_executor.py took 0.097 seconds
[2022-10-04T03:32:34.111+0000] {processor.py:156} INFO - Started process (PID=9409) to work on /usr/local/lib/python3.10/dist-packages/airflow/example_dags/example_local_kubernetes_executor.py
[2022-10-04T03:32:34.112+0000] {processor.py:758} INFO - Processing file /usr/local/lib/python3.10/dist-packages/airflow/example_dags/example_local_kubernetes_executor.py for tasks to queue
[2022-10-04T03:32:34.113+0000] {logging_mixin.py:117} INFO - [2022-10-04T03:32:34.113+0000] {dagbag.py:525} INFO - Filling up the DagBag from /usr/local/lib/python3.10/dist-packages/airflow/example_dags/example_local_kubernetes_executor.py
[2022-10-04T03:32:34.144+0000] {processor.py:768} INFO - DAG(s) dict_keys(['example_local_kubernetes_executor']) retrieved from /usr/local/lib/python3.10/dist-packages/airflow/example_dags/example_local_kubernetes_executor.py
[2022-10-04T03:32:34.173+0000] {logging_mixin.py:117} INFO - [2022-10-04T03:32:34.173+0000] {dag.py:2573} INFO - Sync 1 DAGs
[2022-10-04T03:32:34.197+0000] {logging_mixin.py:117} INFO - [2022-10-04T03:32:34.197+0000] {dag.py:3324} INFO - Setting next_dagrun for example_local_kubernetes_executor to None, run_after=None
[2022-10-04T03:32:34.231+0000] {processor.py:178} INFO - Processing /usr/local/lib/python3.10/dist-packages/airflow/example_dags/example_local_kubernetes_executor.py took 0.125 seconds
[2022-10-04T03:33:11.432+0000] {processor.py:156} INFO - Started process (PID=9446) to work on /usr/local/lib/python3.10/dist-packages/airflow/example_dags/example_local_kubernetes_executor.py
[2022-10-04T03:33:11.433+0000] {processor.py:758} INFO - Processing file /usr/local/lib/python3.10/dist-packages/airflow/example_dags/example_local_kubernetes_executor.py for tasks to queue
[2022-10-04T03:33:11.433+0000] {logging_mixin.py:117} INFO - [2022-10-04T03:33:11.433+0000] {dagbag.py:525} INFO - Filling up the DagBag from /usr/local/lib/python3.10/dist-packages/airflow/example_dags/example_local_kubernetes_executor.py
[2022-10-04T03:33:11.462+0000] {processor.py:768} INFO - DAG(s) dict_keys(['example_local_kubernetes_executor']) retrieved from /usr/local/lib/python3.10/dist-packages/airflow/example_dags/example_local_kubernetes_executor.py
[2022-10-04T03:33:11.490+0000] {logging_mixin.py:117} INFO - [2022-10-04T03:33:11.490+0000] {dag.py:2573} INFO - Sync 1 DAGs
[2022-10-04T03:33:11.513+0000] {logging_mixin.py:117} INFO - [2022-10-04T03:33:11.513+0000] {dag.py:3324} INFO - Setting next_dagrun for example_local_kubernetes_executor to None, run_after=None
[2022-10-04T03:33:11.539+0000] {processor.py:178} INFO - Processing /usr/local/lib/python3.10/dist-packages/airflow/example_dags/example_local_kubernetes_executor.py took 0.110 seconds
[2022-10-04T03:33:48.996+0000] {processor.py:156} INFO - Started process (PID=9487) to work on /usr/local/lib/python3.10/dist-packages/airflow/example_dags/example_local_kubernetes_executor.py
[2022-10-04T03:33:48.997+0000] {processor.py:758} INFO - Processing file /usr/local/lib/python3.10/dist-packages/airflow/example_dags/example_local_kubernetes_executor.py for tasks to queue
[2022-10-04T03:33:48.997+0000] {logging_mixin.py:117} INFO - [2022-10-04T03:33:48.997+0000] {dagbag.py:525} INFO - Filling up the DagBag from /usr/local/lib/python3.10/dist-packages/airflow/example_dags/example_local_kubernetes_executor.py
[2022-10-04T03:33:49.020+0000] {processor.py:768} INFO - DAG(s) dict_keys(['example_local_kubernetes_executor']) retrieved from /usr/local/lib/python3.10/dist-packages/airflow/example_dags/example_local_kubernetes_executor.py
[2022-10-04T03:33:49.044+0000] {logging_mixin.py:117} INFO - [2022-10-04T03:33:49.044+0000] {dag.py:2573} INFO - Sync 1 DAGs
[2022-10-04T03:33:49.063+0000] {logging_mixin.py:117} INFO - [2022-10-04T03:33:49.063+0000] {dag.py:3324} INFO - Setting next_dagrun for example_local_kubernetes_executor to None, run_after=None
[2022-10-04T03:33:49.085+0000] {processor.py:178} INFO - Processing /usr/local/lib/python3.10/dist-packages/airflow/example_dags/example_local_kubernetes_executor.py took 0.092 seconds
[2022-10-04T03:34:28.541+0000] {processor.py:156} INFO - Started process (PID=9528) to work on /usr/local/lib/python3.10/dist-packages/airflow/example_dags/example_local_kubernetes_executor.py
[2022-10-04T03:34:28.542+0000] {processor.py:758} INFO - Processing file /usr/local/lib/python3.10/dist-packages/airflow/example_dags/example_local_kubernetes_executor.py for tasks to queue
[2022-10-04T03:34:28.542+0000] {logging_mixin.py:117} INFO - [2022-10-04T03:34:28.542+0000] {dagbag.py:525} INFO - Filling up the DagBag from /usr/local/lib/python3.10/dist-packages/airflow/example_dags/example_local_kubernetes_executor.py
[2022-10-04T03:34:28.568+0000] {processor.py:768} INFO - DAG(s) dict_keys(['example_local_kubernetes_executor']) retrieved from /usr/local/lib/python3.10/dist-packages/airflow/example_dags/example_local_kubernetes_executor.py
[2022-10-04T03:34:28.590+0000] {logging_mixin.py:117} INFO - [2022-10-04T03:34:28.590+0000] {dag.py:2573} INFO - Sync 1 DAGs
[2022-10-04T03:34:28.621+0000] {logging_mixin.py:117} INFO - [2022-10-04T03:34:28.621+0000] {dag.py:3324} INFO - Setting next_dagrun for example_local_kubernetes_executor to None, run_after=None
[2022-10-04T03:34:28.644+0000] {processor.py:178} INFO - Processing /usr/local/lib/python3.10/dist-packages/airflow/example_dags/example_local_kubernetes_executor.py took 0.106 seconds
[2022-10-04T03:46:30.059+0000] {processor.py:156} INFO - Started process (PID=991) to work on /usr/local/lib/python3.10/dist-packages/airflow/example_dags/example_local_kubernetes_executor.py
[2022-10-04T03:46:30.061+0000] {processor.py:758} INFO - Processing file /usr/local/lib/python3.10/dist-packages/airflow/example_dags/example_local_kubernetes_executor.py for tasks to queue
[2022-10-04T03:46:30.062+0000] {logging_mixin.py:117} INFO - [2022-10-04T03:46:30.061+0000] {dagbag.py:525} INFO - Filling up the DagBag from /usr/local/lib/python3.10/dist-packages/airflow/example_dags/example_local_kubernetes_executor.py
[2022-10-04T03:46:30.084+0000] {processor.py:768} INFO - DAG(s) dict_keys(['example_local_kubernetes_executor']) retrieved from /usr/local/lib/python3.10/dist-packages/airflow/example_dags/example_local_kubernetes_executor.py
[2022-10-04T03:46:30.108+0000] {logging_mixin.py:117} INFO - [2022-10-04T03:46:30.108+0000] {dag.py:2573} INFO - Sync 1 DAGs
[2022-10-04T03:46:30.126+0000] {logging_mixin.py:117} INFO - [2022-10-04T03:46:30.125+0000] {dag.py:3324} INFO - Setting next_dagrun for example_local_kubernetes_executor to None, run_after=None
[2022-10-04T03:46:30.147+0000] {processor.py:178} INFO - Processing /usr/local/lib/python3.10/dist-packages/airflow/example_dags/example_local_kubernetes_executor.py took 0.090 seconds
[2022-10-04T03:47:07.360+0000] {processor.py:156} INFO - Started process (PID=1029) to work on /usr/local/lib/python3.10/dist-packages/airflow/example_dags/example_local_kubernetes_executor.py
[2022-10-04T03:47:07.361+0000] {processor.py:758} INFO - Processing file /usr/local/lib/python3.10/dist-packages/airflow/example_dags/example_local_kubernetes_executor.py for tasks to queue
[2022-10-04T03:47:07.362+0000] {logging_mixin.py:117} INFO - [2022-10-04T03:47:07.362+0000] {dagbag.py:525} INFO - Filling up the DagBag from /usr/local/lib/python3.10/dist-packages/airflow/example_dags/example_local_kubernetes_executor.py
[2022-10-04T03:47:07.387+0000] {processor.py:768} INFO - DAG(s) dict_keys(['example_local_kubernetes_executor']) retrieved from /usr/local/lib/python3.10/dist-packages/airflow/example_dags/example_local_kubernetes_executor.py
[2022-10-04T03:47:07.415+0000] {logging_mixin.py:117} INFO - [2022-10-04T03:47:07.415+0000] {dag.py:2573} INFO - Sync 1 DAGs
[2022-10-04T03:47:07.434+0000] {logging_mixin.py:117} INFO - [2022-10-04T03:47:07.434+0000] {dag.py:3324} INFO - Setting next_dagrun for example_local_kubernetes_executor to None, run_after=None
[2022-10-04T03:47:07.472+0000] {processor.py:178} INFO - Processing /usr/local/lib/python3.10/dist-packages/airflow/example_dags/example_local_kubernetes_executor.py took 0.115 seconds
[2022-10-04T03:47:48.020+0000] {processor.py:156} INFO - Started process (PID=1135) to work on /usr/local/lib/python3.10/dist-packages/airflow/example_dags/example_local_kubernetes_executor.py
[2022-10-04T03:47:48.021+0000] {processor.py:758} INFO - Processing file /usr/local/lib/python3.10/dist-packages/airflow/example_dags/example_local_kubernetes_executor.py for tasks to queue
[2022-10-04T03:47:48.021+0000] {logging_mixin.py:117} INFO - [2022-10-04T03:47:48.021+0000] {dagbag.py:525} INFO - Filling up the DagBag from /usr/local/lib/python3.10/dist-packages/airflow/example_dags/example_local_kubernetes_executor.py
[2022-10-04T03:47:48.045+0000] {processor.py:768} INFO - DAG(s) dict_keys(['example_local_kubernetes_executor']) retrieved from /usr/local/lib/python3.10/dist-packages/airflow/example_dags/example_local_kubernetes_executor.py
[2022-10-04T03:47:48.074+0000] {logging_mixin.py:117} INFO - [2022-10-04T03:47:48.074+0000] {dag.py:2573} INFO - Sync 1 DAGs
[2022-10-04T03:47:48.101+0000] {logging_mixin.py:117} INFO - [2022-10-04T03:47:48.101+0000] {dag.py:3324} INFO - Setting next_dagrun for example_local_kubernetes_executor to None, run_after=None
[2022-10-04T03:47:48.123+0000] {processor.py:178} INFO - Processing /usr/local/lib/python3.10/dist-packages/airflow/example_dags/example_local_kubernetes_executor.py took 0.107 seconds
[2022-10-04T03:48:26.611+0000] {processor.py:156} INFO - Started process (PID=1173) to work on /usr/local/lib/python3.10/dist-packages/airflow/example_dags/example_local_kubernetes_executor.py
[2022-10-04T03:48:26.612+0000] {processor.py:758} INFO - Processing file /usr/local/lib/python3.10/dist-packages/airflow/example_dags/example_local_kubernetes_executor.py for tasks to queue
[2022-10-04T03:48:26.613+0000] {logging_mixin.py:117} INFO - [2022-10-04T03:48:26.613+0000] {dagbag.py:525} INFO - Filling up the DagBag from /usr/local/lib/python3.10/dist-packages/airflow/example_dags/example_local_kubernetes_executor.py
[2022-10-04T03:48:26.637+0000] {processor.py:768} INFO - DAG(s) dict_keys(['example_local_kubernetes_executor']) retrieved from /usr/local/lib/python3.10/dist-packages/airflow/example_dags/example_local_kubernetes_executor.py
[2022-10-04T03:48:26.660+0000] {logging_mixin.py:117} INFO - [2022-10-04T03:48:26.660+0000] {dag.py:2573} INFO - Sync 1 DAGs
[2022-10-04T03:48:26.678+0000] {logging_mixin.py:117} INFO - [2022-10-04T03:48:26.678+0000] {dag.py:3324} INFO - Setting next_dagrun for example_local_kubernetes_executor to None, run_after=None
[2022-10-04T03:48:26.705+0000] {processor.py:178} INFO - Processing /usr/local/lib/python3.10/dist-packages/airflow/example_dags/example_local_kubernetes_executor.py took 0.097 seconds
[2022-10-04T03:49:52.140+0000] {processor.py:156} INFO - Started process (PID=1264) to work on /usr/local/lib/python3.10/dist-packages/airflow/example_dags/example_local_kubernetes_executor.py
[2022-10-04T03:49:52.141+0000] {processor.py:758} INFO - Processing file /usr/local/lib/python3.10/dist-packages/airflow/example_dags/example_local_kubernetes_executor.py for tasks to queue
[2022-10-04T03:49:52.142+0000] {logging_mixin.py:117} INFO - [2022-10-04T03:49:52.142+0000] {dagbag.py:525} INFO - Filling up the DagBag from /usr/local/lib/python3.10/dist-packages/airflow/example_dags/example_local_kubernetes_executor.py
[2022-10-04T03:49:52.164+0000] {processor.py:768} INFO - DAG(s) dict_keys(['example_local_kubernetes_executor']) retrieved from /usr/local/lib/python3.10/dist-packages/airflow/example_dags/example_local_kubernetes_executor.py
[2022-10-04T03:49:52.188+0000] {logging_mixin.py:117} INFO - [2022-10-04T03:49:52.188+0000] {dag.py:2573} INFO - Sync 1 DAGs
[2022-10-04T03:49:52.204+0000] {logging_mixin.py:117} INFO - [2022-10-04T03:49:52.204+0000] {dag.py:3324} INFO - Setting next_dagrun for example_local_kubernetes_executor to None, run_after=None
[2022-10-04T03:49:52.225+0000] {processor.py:178} INFO - Processing /usr/local/lib/python3.10/dist-packages/airflow/example_dags/example_local_kubernetes_executor.py took 0.088 seconds
[2022-10-04T03:50:34.268+0000] {processor.py:156} INFO - Started process (PID=1302) to work on /usr/local/lib/python3.10/dist-packages/airflow/example_dags/example_local_kubernetes_executor.py
[2022-10-04T03:50:34.269+0000] {processor.py:758} INFO - Processing file /usr/local/lib/python3.10/dist-packages/airflow/example_dags/example_local_kubernetes_executor.py for tasks to queue
[2022-10-04T03:50:34.269+0000] {logging_mixin.py:117} INFO - [2022-10-04T03:50:34.269+0000] {dagbag.py:525} INFO - Filling up the DagBag from /usr/local/lib/python3.10/dist-packages/airflow/example_dags/example_local_kubernetes_executor.py
[2022-10-04T03:50:34.294+0000] {processor.py:768} INFO - DAG(s) dict_keys(['example_local_kubernetes_executor']) retrieved from /usr/local/lib/python3.10/dist-packages/airflow/example_dags/example_local_kubernetes_executor.py
[2022-10-04T03:50:34.319+0000] {logging_mixin.py:117} INFO - [2022-10-04T03:50:34.319+0000] {dag.py:2573} INFO - Sync 1 DAGs
[2022-10-04T03:50:34.340+0000] {logging_mixin.py:117} INFO - [2022-10-04T03:50:34.340+0000] {dag.py:3324} INFO - Setting next_dagrun for example_local_kubernetes_executor to None, run_after=None
[2022-10-04T03:50:34.363+0000] {processor.py:178} INFO - Processing /usr/local/lib/python3.10/dist-packages/airflow/example_dags/example_local_kubernetes_executor.py took 0.099 seconds
[2022-10-04T03:51:14.302+0000] {processor.py:156} INFO - Started process (PID=1347) to work on /usr/local/lib/python3.10/dist-packages/airflow/example_dags/example_local_kubernetes_executor.py
[2022-10-04T03:51:14.304+0000] {processor.py:758} INFO - Processing file /usr/local/lib/python3.10/dist-packages/airflow/example_dags/example_local_kubernetes_executor.py for tasks to queue
[2022-10-04T03:51:14.304+0000] {logging_mixin.py:117} INFO - [2022-10-04T03:51:14.304+0000] {dagbag.py:525} INFO - Filling up the DagBag from /usr/local/lib/python3.10/dist-packages/airflow/example_dags/example_local_kubernetes_executor.py
[2022-10-04T03:51:14.328+0000] {processor.py:768} INFO - DAG(s) dict_keys(['example_local_kubernetes_executor']) retrieved from /usr/local/lib/python3.10/dist-packages/airflow/example_dags/example_local_kubernetes_executor.py
[2022-10-04T03:51:14.355+0000] {logging_mixin.py:117} INFO - [2022-10-04T03:51:14.355+0000] {dag.py:2573} INFO - Sync 1 DAGs
[2022-10-04T03:51:14.373+0000] {logging_mixin.py:117} INFO - [2022-10-04T03:51:14.373+0000] {dag.py:3324} INFO - Setting next_dagrun for example_local_kubernetes_executor to None, run_after=None
[2022-10-04T03:51:14.394+0000] {processor.py:178} INFO - Processing /usr/local/lib/python3.10/dist-packages/airflow/example_dags/example_local_kubernetes_executor.py took 0.095 seconds
[2022-10-04T03:51:52.633+0000] {processor.py:156} INFO - Started process (PID=1384) to work on /usr/local/lib/python3.10/dist-packages/airflow/example_dags/example_local_kubernetes_executor.py
[2022-10-04T03:51:52.634+0000] {processor.py:758} INFO - Processing file /usr/local/lib/python3.10/dist-packages/airflow/example_dags/example_local_kubernetes_executor.py for tasks to queue
[2022-10-04T03:51:52.634+0000] {logging_mixin.py:117} INFO - [2022-10-04T03:51:52.634+0000] {dagbag.py:525} INFO - Filling up the DagBag from /usr/local/lib/python3.10/dist-packages/airflow/example_dags/example_local_kubernetes_executor.py
[2022-10-04T03:51:52.659+0000] {processor.py:768} INFO - DAG(s) dict_keys(['example_local_kubernetes_executor']) retrieved from /usr/local/lib/python3.10/dist-packages/airflow/example_dags/example_local_kubernetes_executor.py
[2022-10-04T03:51:52.683+0000] {logging_mixin.py:117} INFO - [2022-10-04T03:51:52.683+0000] {dag.py:2573} INFO - Sync 1 DAGs
[2022-10-04T03:51:52.700+0000] {logging_mixin.py:117} INFO - [2022-10-04T03:51:52.700+0000] {dag.py:3324} INFO - Setting next_dagrun for example_local_kubernetes_executor to None, run_after=None
[2022-10-04T03:51:52.723+0000] {processor.py:178} INFO - Processing /usr/local/lib/python3.10/dist-packages/airflow/example_dags/example_local_kubernetes_executor.py took 0.093 seconds
[2022-10-04T03:52:32.400+0000] {processor.py:156} INFO - Started process (PID=1423) to work on /usr/local/lib/python3.10/dist-packages/airflow/example_dags/example_local_kubernetes_executor.py
[2022-10-04T03:52:32.401+0000] {processor.py:758} INFO - Processing file /usr/local/lib/python3.10/dist-packages/airflow/example_dags/example_local_kubernetes_executor.py for tasks to queue
[2022-10-04T03:52:32.402+0000] {logging_mixin.py:117} INFO - [2022-10-04T03:52:32.402+0000] {dagbag.py:525} INFO - Filling up the DagBag from /usr/local/lib/python3.10/dist-packages/airflow/example_dags/example_local_kubernetes_executor.py
[2022-10-04T03:52:32.427+0000] {processor.py:768} INFO - DAG(s) dict_keys(['example_local_kubernetes_executor']) retrieved from /usr/local/lib/python3.10/dist-packages/airflow/example_dags/example_local_kubernetes_executor.py
[2022-10-04T03:52:32.452+0000] {logging_mixin.py:117} INFO - [2022-10-04T03:52:32.452+0000] {dag.py:2573} INFO - Sync 1 DAGs
[2022-10-04T03:52:32.470+0000] {logging_mixin.py:117} INFO - [2022-10-04T03:52:32.470+0000] {dag.py:3324} INFO - Setting next_dagrun for example_local_kubernetes_executor to None, run_after=None
[2022-10-04T03:52:32.494+0000] {processor.py:178} INFO - Processing /usr/local/lib/python3.10/dist-packages/airflow/example_dags/example_local_kubernetes_executor.py took 0.097 seconds
[2022-10-04T03:53:10.430+0000] {processor.py:156} INFO - Started process (PID=1460) to work on /usr/local/lib/python3.10/dist-packages/airflow/example_dags/example_local_kubernetes_executor.py
[2022-10-04T03:53:10.432+0000] {processor.py:758} INFO - Processing file /usr/local/lib/python3.10/dist-packages/airflow/example_dags/example_local_kubernetes_executor.py for tasks to queue
[2022-10-04T03:53:10.432+0000] {logging_mixin.py:117} INFO - [2022-10-04T03:53:10.432+0000] {dagbag.py:525} INFO - Filling up the DagBag from /usr/local/lib/python3.10/dist-packages/airflow/example_dags/example_local_kubernetes_executor.py
[2022-10-04T03:53:10.456+0000] {processor.py:768} INFO - DAG(s) dict_keys(['example_local_kubernetes_executor']) retrieved from /usr/local/lib/python3.10/dist-packages/airflow/example_dags/example_local_kubernetes_executor.py
[2022-10-04T03:53:10.482+0000] {logging_mixin.py:117} INFO - [2022-10-04T03:53:10.482+0000] {dag.py:2573} INFO - Sync 1 DAGs
[2022-10-04T03:53:10.510+0000] {logging_mixin.py:117} INFO - [2022-10-04T03:53:10.510+0000] {dag.py:3324} INFO - Setting next_dagrun for example_local_kubernetes_executor to None, run_after=None
[2022-10-04T03:53:10.535+0000] {processor.py:178} INFO - Processing /usr/local/lib/python3.10/dist-packages/airflow/example_dags/example_local_kubernetes_executor.py took 0.108 seconds
[2022-10-04T03:53:50.305+0000] {processor.py:156} INFO - Started process (PID=1498) to work on /usr/local/lib/python3.10/dist-packages/airflow/example_dags/example_local_kubernetes_executor.py
[2022-10-04T03:53:50.306+0000] {processor.py:758} INFO - Processing file /usr/local/lib/python3.10/dist-packages/airflow/example_dags/example_local_kubernetes_executor.py for tasks to queue
[2022-10-04T03:53:50.307+0000] {logging_mixin.py:117} INFO - [2022-10-04T03:53:50.306+0000] {dagbag.py:525} INFO - Filling up the DagBag from /usr/local/lib/python3.10/dist-packages/airflow/example_dags/example_local_kubernetes_executor.py
[2022-10-04T03:53:50.332+0000] {processor.py:768} INFO - DAG(s) dict_keys(['example_local_kubernetes_executor']) retrieved from /usr/local/lib/python3.10/dist-packages/airflow/example_dags/example_local_kubernetes_executor.py
[2022-10-04T03:53:50.357+0000] {logging_mixin.py:117} INFO - [2022-10-04T03:53:50.357+0000] {dag.py:2573} INFO - Sync 1 DAGs
[2022-10-04T03:53:50.375+0000] {logging_mixin.py:117} INFO - [2022-10-04T03:53:50.375+0000] {dag.py:3324} INFO - Setting next_dagrun for example_local_kubernetes_executor to None, run_after=None
[2022-10-04T03:53:50.396+0000] {processor.py:178} INFO - Processing /usr/local/lib/python3.10/dist-packages/airflow/example_dags/example_local_kubernetes_executor.py took 0.094 seconds
[2022-10-04T03:55:02.215+0000] {processor.py:156} INFO - Started process (PID=1598) to work on /usr/local/lib/python3.10/dist-packages/airflow/example_dags/example_local_kubernetes_executor.py
[2022-10-04T03:55:02.216+0000] {processor.py:758} INFO - Processing file /usr/local/lib/python3.10/dist-packages/airflow/example_dags/example_local_kubernetes_executor.py for tasks to queue
[2022-10-04T03:55:02.217+0000] {logging_mixin.py:117} INFO - [2022-10-04T03:55:02.217+0000] {dagbag.py:525} INFO - Filling up the DagBag from /usr/local/lib/python3.10/dist-packages/airflow/example_dags/example_local_kubernetes_executor.py
[2022-10-04T03:55:02.240+0000] {processor.py:768} INFO - DAG(s) dict_keys(['example_local_kubernetes_executor']) retrieved from /usr/local/lib/python3.10/dist-packages/airflow/example_dags/example_local_kubernetes_executor.py
[2022-10-04T03:55:02.265+0000] {logging_mixin.py:117} INFO - [2022-10-04T03:55:02.265+0000] {dag.py:2573} INFO - Sync 1 DAGs
[2022-10-04T03:55:02.282+0000] {logging_mixin.py:117} INFO - [2022-10-04T03:55:02.282+0000] {dag.py:3324} INFO - Setting next_dagrun for example_local_kubernetes_executor to None, run_after=None
[2022-10-04T03:55:02.303+0000] {processor.py:178} INFO - Processing /usr/local/lib/python3.10/dist-packages/airflow/example_dags/example_local_kubernetes_executor.py took 0.091 seconds
[2022-10-04T04:35:50.218+0000] {processor.py:156} INFO - Started process (PID=1795) to work on /usr/local/lib/python3.10/dist-packages/airflow/example_dags/example_local_kubernetes_executor.py
[2022-10-04T04:35:50.219+0000] {processor.py:758} INFO - Processing file /usr/local/lib/python3.10/dist-packages/airflow/example_dags/example_local_kubernetes_executor.py for tasks to queue
[2022-10-04T04:35:50.220+0000] {logging_mixin.py:117} INFO - [2022-10-04T04:35:50.219+0000] {dagbag.py:525} INFO - Filling up the DagBag from /usr/local/lib/python3.10/dist-packages/airflow/example_dags/example_local_kubernetes_executor.py
[2022-10-04T04:35:50.247+0000] {processor.py:768} INFO - DAG(s) dict_keys(['example_local_kubernetes_executor']) retrieved from /usr/local/lib/python3.10/dist-packages/airflow/example_dags/example_local_kubernetes_executor.py
[2022-10-04T04:35:50.277+0000] {logging_mixin.py:117} INFO - [2022-10-04T04:35:50.276+0000] {dag.py:2573} INFO - Sync 1 DAGs
[2022-10-04T04:35:50.297+0000] {logging_mixin.py:117} INFO - [2022-10-04T04:35:50.297+0000] {dag.py:3324} INFO - Setting next_dagrun for example_local_kubernetes_executor to None, run_after=None
[2022-10-04T04:35:50.342+0000] {processor.py:178} INFO - Processing /usr/local/lib/python3.10/dist-packages/airflow/example_dags/example_local_kubernetes_executor.py took 0.127 seconds
[2022-10-04T04:37:28.093+0000] {processor.py:156} INFO - Started process (PID=1880) to work on /usr/local/lib/python3.10/dist-packages/airflow/example_dags/example_local_kubernetes_executor.py
[2022-10-04T04:37:28.095+0000] {processor.py:758} INFO - Processing file /usr/local/lib/python3.10/dist-packages/airflow/example_dags/example_local_kubernetes_executor.py for tasks to queue
[2022-10-04T04:37:28.095+0000] {logging_mixin.py:117} INFO - [2022-10-04T04:37:28.095+0000] {dagbag.py:525} INFO - Filling up the DagBag from /usr/local/lib/python3.10/dist-packages/airflow/example_dags/example_local_kubernetes_executor.py
[2022-10-04T04:37:28.124+0000] {processor.py:768} INFO - DAG(s) dict_keys(['example_local_kubernetes_executor']) retrieved from /usr/local/lib/python3.10/dist-packages/airflow/example_dags/example_local_kubernetes_executor.py
[2022-10-04T04:37:28.159+0000] {logging_mixin.py:117} INFO - [2022-10-04T04:37:28.159+0000] {dag.py:2573} INFO - Sync 1 DAGs
[2022-10-04T04:37:28.179+0000] {logging_mixin.py:117} INFO - [2022-10-04T04:37:28.179+0000] {dag.py:3324} INFO - Setting next_dagrun for example_local_kubernetes_executor to None, run_after=None
[2022-10-04T04:37:28.201+0000] {processor.py:178} INFO - Processing /usr/local/lib/python3.10/dist-packages/airflow/example_dags/example_local_kubernetes_executor.py took 0.111 seconds
[2022-10-04T04:46:02.502+0000] {processor.py:156} INFO - Started process (PID=2010) to work on /usr/local/lib/python3.10/dist-packages/airflow/example_dags/example_local_kubernetes_executor.py
[2022-10-04T04:46:02.504+0000] {processor.py:758} INFO - Processing file /usr/local/lib/python3.10/dist-packages/airflow/example_dags/example_local_kubernetes_executor.py for tasks to queue
[2022-10-04T04:46:02.504+0000] {logging_mixin.py:117} INFO - [2022-10-04T04:46:02.504+0000] {dagbag.py:525} INFO - Filling up the DagBag from /usr/local/lib/python3.10/dist-packages/airflow/example_dags/example_local_kubernetes_executor.py
[2022-10-04T04:46:02.526+0000] {processor.py:768} INFO - DAG(s) dict_keys(['example_local_kubernetes_executor']) retrieved from /usr/local/lib/python3.10/dist-packages/airflow/example_dags/example_local_kubernetes_executor.py
[2022-10-04T04:46:02.549+0000] {logging_mixin.py:117} INFO - [2022-10-04T04:46:02.548+0000] {dag.py:2573} INFO - Sync 1 DAGs
[2022-10-04T04:46:02.564+0000] {logging_mixin.py:117} INFO - [2022-10-04T04:46:02.564+0000] {dag.py:3324} INFO - Setting next_dagrun for example_local_kubernetes_executor to None, run_after=None
[2022-10-04T04:46:02.594+0000] {processor.py:178} INFO - Processing /usr/local/lib/python3.10/dist-packages/airflow/example_dags/example_local_kubernetes_executor.py took 0.095 seconds
[2022-10-04T04:46:39.503+0000] {processor.py:156} INFO - Started process (PID=2047) to work on /usr/local/lib/python3.10/dist-packages/airflow/example_dags/example_local_kubernetes_executor.py
[2022-10-04T04:46:39.504+0000] {processor.py:758} INFO - Processing file /usr/local/lib/python3.10/dist-packages/airflow/example_dags/example_local_kubernetes_executor.py for tasks to queue
[2022-10-04T04:46:39.505+0000] {logging_mixin.py:117} INFO - [2022-10-04T04:46:39.505+0000] {dagbag.py:525} INFO - Filling up the DagBag from /usr/local/lib/python3.10/dist-packages/airflow/example_dags/example_local_kubernetes_executor.py
[2022-10-04T04:46:39.528+0000] {processor.py:768} INFO - DAG(s) dict_keys(['example_local_kubernetes_executor']) retrieved from /usr/local/lib/python3.10/dist-packages/airflow/example_dags/example_local_kubernetes_executor.py
[2022-10-04T04:46:39.587+0000] {logging_mixin.py:117} INFO - [2022-10-04T04:46:39.587+0000] {dag.py:2573} INFO - Sync 1 DAGs
[2022-10-04T04:46:39.604+0000] {logging_mixin.py:117} INFO - [2022-10-04T04:46:39.604+0000] {dag.py:3324} INFO - Setting next_dagrun for example_local_kubernetes_executor to None, run_after=None
[2022-10-04T04:46:39.628+0000] {processor.py:178} INFO - Processing /usr/local/lib/python3.10/dist-packages/airflow/example_dags/example_local_kubernetes_executor.py took 0.129 seconds
[2022-10-04T04:47:19.376+0000] {processor.py:156} INFO - Started process (PID=2085) to work on /usr/local/lib/python3.10/dist-packages/airflow/example_dags/example_local_kubernetes_executor.py
[2022-10-04T04:47:19.378+0000] {processor.py:758} INFO - Processing file /usr/local/lib/python3.10/dist-packages/airflow/example_dags/example_local_kubernetes_executor.py for tasks to queue
[2022-10-04T04:47:19.378+0000] {logging_mixin.py:117} INFO - [2022-10-04T04:47:19.378+0000] {dagbag.py:525} INFO - Filling up the DagBag from /usr/local/lib/python3.10/dist-packages/airflow/example_dags/example_local_kubernetes_executor.py
[2022-10-04T04:47:19.398+0000] {processor.py:768} INFO - DAG(s) dict_keys(['example_local_kubernetes_executor']) retrieved from /usr/local/lib/python3.10/dist-packages/airflow/example_dags/example_local_kubernetes_executor.py
[2022-10-04T04:47:19.419+0000] {logging_mixin.py:117} INFO - [2022-10-04T04:47:19.419+0000] {dag.py:2573} INFO - Sync 1 DAGs
[2022-10-04T04:47:19.436+0000] {logging_mixin.py:117} INFO - [2022-10-04T04:47:19.435+0000] {dag.py:3324} INFO - Setting next_dagrun for example_local_kubernetes_executor to None, run_after=None
[2022-10-04T04:47:19.457+0000] {processor.py:178} INFO - Processing /usr/local/lib/python3.10/dist-packages/airflow/example_dags/example_local_kubernetes_executor.py took 0.083 seconds
[2022-10-04T04:47:56.898+0000] {processor.py:156} INFO - Started process (PID=2122) to work on /usr/local/lib/python3.10/dist-packages/airflow/example_dags/example_local_kubernetes_executor.py
[2022-10-04T04:47:56.900+0000] {processor.py:758} INFO - Processing file /usr/local/lib/python3.10/dist-packages/airflow/example_dags/example_local_kubernetes_executor.py for tasks to queue
[2022-10-04T04:47:56.900+0000] {logging_mixin.py:117} INFO - [2022-10-04T04:47:56.900+0000] {dagbag.py:525} INFO - Filling up the DagBag from /usr/local/lib/python3.10/dist-packages/airflow/example_dags/example_local_kubernetes_executor.py
[2022-10-04T04:47:56.919+0000] {processor.py:768} INFO - DAG(s) dict_keys(['example_local_kubernetes_executor']) retrieved from /usr/local/lib/python3.10/dist-packages/airflow/example_dags/example_local_kubernetes_executor.py
[2022-10-04T04:47:56.940+0000] {logging_mixin.py:117} INFO - [2022-10-04T04:47:56.940+0000] {dag.py:2573} INFO - Sync 1 DAGs
[2022-10-04T04:47:56.955+0000] {logging_mixin.py:117} INFO - [2022-10-04T04:47:56.955+0000] {dag.py:3324} INFO - Setting next_dagrun for example_local_kubernetes_executor to None, run_after=None
[2022-10-04T04:47:56.982+0000] {processor.py:178} INFO - Processing /usr/local/lib/python3.10/dist-packages/airflow/example_dags/example_local_kubernetes_executor.py took 0.087 seconds
[2022-10-04T04:48:33.857+0000] {processor.py:156} INFO - Started process (PID=2160) to work on /usr/local/lib/python3.10/dist-packages/airflow/example_dags/example_local_kubernetes_executor.py
[2022-10-04T04:48:33.858+0000] {processor.py:758} INFO - Processing file /usr/local/lib/python3.10/dist-packages/airflow/example_dags/example_local_kubernetes_executor.py for tasks to queue
[2022-10-04T04:48:33.859+0000] {logging_mixin.py:117} INFO - [2022-10-04T04:48:33.859+0000] {dagbag.py:525} INFO - Filling up the DagBag from /usr/local/lib/python3.10/dist-packages/airflow/example_dags/example_local_kubernetes_executor.py
[2022-10-04T04:48:33.876+0000] {processor.py:768} INFO - DAG(s) dict_keys(['example_local_kubernetes_executor']) retrieved from /usr/local/lib/python3.10/dist-packages/airflow/example_dags/example_local_kubernetes_executor.py
[2022-10-04T04:48:33.903+0000] {logging_mixin.py:117} INFO - [2022-10-04T04:48:33.903+0000] {dag.py:2573} INFO - Sync 1 DAGs
[2022-10-04T04:48:33.920+0000] {logging_mixin.py:117} INFO - [2022-10-04T04:48:33.920+0000] {dag.py:3324} INFO - Setting next_dagrun for example_local_kubernetes_executor to None, run_after=None
[2022-10-04T04:48:33.945+0000] {processor.py:178} INFO - Processing /usr/local/lib/python3.10/dist-packages/airflow/example_dags/example_local_kubernetes_executor.py took 0.092 seconds
[2022-10-04T04:49:10.938+0000] {processor.py:156} INFO - Started process (PID=2198) to work on /usr/local/lib/python3.10/dist-packages/airflow/example_dags/example_local_kubernetes_executor.py
[2022-10-04T04:49:10.939+0000] {processor.py:758} INFO - Processing file /usr/local/lib/python3.10/dist-packages/airflow/example_dags/example_local_kubernetes_executor.py for tasks to queue
[2022-10-04T04:49:10.940+0000] {logging_mixin.py:117} INFO - [2022-10-04T04:49:10.940+0000] {dagbag.py:525} INFO - Filling up the DagBag from /usr/local/lib/python3.10/dist-packages/airflow/example_dags/example_local_kubernetes_executor.py
[2022-10-04T04:49:10.962+0000] {processor.py:768} INFO - DAG(s) dict_keys(['example_local_kubernetes_executor']) retrieved from /usr/local/lib/python3.10/dist-packages/airflow/example_dags/example_local_kubernetes_executor.py
[2022-10-04T04:49:10.984+0000] {logging_mixin.py:117} INFO - [2022-10-04T04:49:10.984+0000] {dag.py:2573} INFO - Sync 1 DAGs
[2022-10-04T04:49:11.002+0000] {logging_mixin.py:117} INFO - [2022-10-04T04:49:11.002+0000] {dag.py:3324} INFO - Setting next_dagrun for example_local_kubernetes_executor to None, run_after=None
[2022-10-04T04:49:11.028+0000] {processor.py:178} INFO - Processing /usr/local/lib/python3.10/dist-packages/airflow/example_dags/example_local_kubernetes_executor.py took 0.098 seconds
[2022-10-04T04:49:48.202+0000] {processor.py:156} INFO - Started process (PID=2235) to work on /usr/local/lib/python3.10/dist-packages/airflow/example_dags/example_local_kubernetes_executor.py
[2022-10-04T04:49:48.204+0000] {processor.py:758} INFO - Processing file /usr/local/lib/python3.10/dist-packages/airflow/example_dags/example_local_kubernetes_executor.py for tasks to queue
[2022-10-04T04:49:48.206+0000] {logging_mixin.py:117} INFO - [2022-10-04T04:49:48.205+0000] {dagbag.py:525} INFO - Filling up the DagBag from /usr/local/lib/python3.10/dist-packages/airflow/example_dags/example_local_kubernetes_executor.py
[2022-10-04T04:49:48.248+0000] {processor.py:768} INFO - DAG(s) dict_keys(['example_local_kubernetes_executor']) retrieved from /usr/local/lib/python3.10/dist-packages/airflow/example_dags/example_local_kubernetes_executor.py
[2022-10-04T04:49:48.285+0000] {logging_mixin.py:117} INFO - [2022-10-04T04:49:48.284+0000] {dag.py:2573} INFO - Sync 1 DAGs
[2022-10-04T04:49:48.327+0000] {logging_mixin.py:117} INFO - [2022-10-04T04:49:48.326+0000] {dag.py:3324} INFO - Setting next_dagrun for example_local_kubernetes_executor to None, run_after=None
[2022-10-04T04:49:48.358+0000] {processor.py:178} INFO - Processing /usr/local/lib/python3.10/dist-packages/airflow/example_dags/example_local_kubernetes_executor.py took 0.165 seconds
[2022-10-04T04:50:26.834+0000] {processor.py:156} INFO - Started process (PID=2274) to work on /usr/local/lib/python3.10/dist-packages/airflow/example_dags/example_local_kubernetes_executor.py
[2022-10-04T04:50:26.836+0000] {processor.py:758} INFO - Processing file /usr/local/lib/python3.10/dist-packages/airflow/example_dags/example_local_kubernetes_executor.py for tasks to queue
[2022-10-04T04:50:26.836+0000] {logging_mixin.py:117} INFO - [2022-10-04T04:50:26.836+0000] {dagbag.py:525} INFO - Filling up the DagBag from /usr/local/lib/python3.10/dist-packages/airflow/example_dags/example_local_kubernetes_executor.py
[2022-10-04T04:50:26.856+0000] {processor.py:768} INFO - DAG(s) dict_keys(['example_local_kubernetes_executor']) retrieved from /usr/local/lib/python3.10/dist-packages/airflow/example_dags/example_local_kubernetes_executor.py
[2022-10-04T04:50:26.876+0000] {logging_mixin.py:117} INFO - [2022-10-04T04:50:26.876+0000] {dag.py:2573} INFO - Sync 1 DAGs
[2022-10-04T04:50:26.891+0000] {logging_mixin.py:117} INFO - [2022-10-04T04:50:26.891+0000] {dag.py:3324} INFO - Setting next_dagrun for example_local_kubernetes_executor to None, run_after=None
[2022-10-04T04:50:26.914+0000] {processor.py:178} INFO - Processing /usr/local/lib/python3.10/dist-packages/airflow/example_dags/example_local_kubernetes_executor.py took 0.083 seconds
[2022-10-04T04:51:04.621+0000] {processor.py:156} INFO - Started process (PID=2312) to work on /usr/local/lib/python3.10/dist-packages/airflow/example_dags/example_local_kubernetes_executor.py
[2022-10-04T04:51:04.622+0000] {processor.py:758} INFO - Processing file /usr/local/lib/python3.10/dist-packages/airflow/example_dags/example_local_kubernetes_executor.py for tasks to queue
[2022-10-04T04:51:04.623+0000] {logging_mixin.py:117} INFO - [2022-10-04T04:51:04.623+0000] {dagbag.py:525} INFO - Filling up the DagBag from /usr/local/lib/python3.10/dist-packages/airflow/example_dags/example_local_kubernetes_executor.py
[2022-10-04T04:51:04.644+0000] {processor.py:768} INFO - DAG(s) dict_keys(['example_local_kubernetes_executor']) retrieved from /usr/local/lib/python3.10/dist-packages/airflow/example_dags/example_local_kubernetes_executor.py
[2022-10-04T04:51:04.666+0000] {logging_mixin.py:117} INFO - [2022-10-04T04:51:04.666+0000] {dag.py:2573} INFO - Sync 1 DAGs
[2022-10-04T04:51:04.682+0000] {logging_mixin.py:117} INFO - [2022-10-04T04:51:04.682+0000] {dag.py:3324} INFO - Setting next_dagrun for example_local_kubernetes_executor to None, run_after=None
[2022-10-04T04:51:04.706+0000] {processor.py:178} INFO - Processing /usr/local/lib/python3.10/dist-packages/airflow/example_dags/example_local_kubernetes_executor.py took 0.088 seconds
[2022-10-04T04:51:43.999+0000] {processor.py:156} INFO - Started process (PID=2350) to work on /usr/local/lib/python3.10/dist-packages/airflow/example_dags/example_local_kubernetes_executor.py
[2022-10-04T04:51:44.000+0000] {processor.py:758} INFO - Processing file /usr/local/lib/python3.10/dist-packages/airflow/example_dags/example_local_kubernetes_executor.py for tasks to queue
[2022-10-04T04:51:44.000+0000] {logging_mixin.py:117} INFO - [2022-10-04T04:51:44.000+0000] {dagbag.py:525} INFO - Filling up the DagBag from /usr/local/lib/python3.10/dist-packages/airflow/example_dags/example_local_kubernetes_executor.py
[2022-10-04T04:51:44.019+0000] {processor.py:768} INFO - DAG(s) dict_keys(['example_local_kubernetes_executor']) retrieved from /usr/local/lib/python3.10/dist-packages/airflow/example_dags/example_local_kubernetes_executor.py
[2022-10-04T04:51:44.039+0000] {logging_mixin.py:117} INFO - [2022-10-04T04:51:44.039+0000] {dag.py:2573} INFO - Sync 1 DAGs
[2022-10-04T04:51:44.056+0000] {logging_mixin.py:117} INFO - [2022-10-04T04:51:44.056+0000] {dag.py:3324} INFO - Setting next_dagrun for example_local_kubernetes_executor to None, run_after=None
[2022-10-04T04:51:44.081+0000] {processor.py:178} INFO - Processing /usr/local/lib/python3.10/dist-packages/airflow/example_dags/example_local_kubernetes_executor.py took 0.085 seconds
[2022-10-04T04:52:22.038+0000] {processor.py:156} INFO - Started process (PID=2388) to work on /usr/local/lib/python3.10/dist-packages/airflow/example_dags/example_local_kubernetes_executor.py
[2022-10-04T04:52:22.040+0000] {processor.py:758} INFO - Processing file /usr/local/lib/python3.10/dist-packages/airflow/example_dags/example_local_kubernetes_executor.py for tasks to queue
[2022-10-04T04:52:22.040+0000] {logging_mixin.py:117} INFO - [2022-10-04T04:52:22.040+0000] {dagbag.py:525} INFO - Filling up the DagBag from /usr/local/lib/python3.10/dist-packages/airflow/example_dags/example_local_kubernetes_executor.py
[2022-10-04T04:52:22.059+0000] {processor.py:768} INFO - DAG(s) dict_keys(['example_local_kubernetes_executor']) retrieved from /usr/local/lib/python3.10/dist-packages/airflow/example_dags/example_local_kubernetes_executor.py
[2022-10-04T04:52:22.099+0000] {logging_mixin.py:117} INFO - [2022-10-04T04:52:22.098+0000] {dag.py:2573} INFO - Sync 1 DAGs
[2022-10-04T04:52:22.120+0000] {logging_mixin.py:117} INFO - [2022-10-04T04:52:22.120+0000] {dag.py:3324} INFO - Setting next_dagrun for example_local_kubernetes_executor to None, run_after=None
[2022-10-04T04:52:22.150+0000] {processor.py:178} INFO - Processing /usr/local/lib/python3.10/dist-packages/airflow/example_dags/example_local_kubernetes_executor.py took 0.115 seconds
[2022-10-04T04:53:03.719+0000] {processor.py:156} INFO - Started process (PID=2429) to work on /usr/local/lib/python3.10/dist-packages/airflow/example_dags/example_local_kubernetes_executor.py
[2022-10-04T04:53:03.721+0000] {processor.py:758} INFO - Processing file /usr/local/lib/python3.10/dist-packages/airflow/example_dags/example_local_kubernetes_executor.py for tasks to queue
[2022-10-04T04:53:03.721+0000] {logging_mixin.py:117} INFO - [2022-10-04T04:53:03.721+0000] {dagbag.py:525} INFO - Filling up the DagBag from /usr/local/lib/python3.10/dist-packages/airflow/example_dags/example_local_kubernetes_executor.py
[2022-10-04T04:53:03.742+0000] {processor.py:768} INFO - DAG(s) dict_keys(['example_local_kubernetes_executor']) retrieved from /usr/local/lib/python3.10/dist-packages/airflow/example_dags/example_local_kubernetes_executor.py
[2022-10-04T04:53:03.765+0000] {logging_mixin.py:117} INFO - [2022-10-04T04:53:03.765+0000] {dag.py:2573} INFO - Sync 1 DAGs
[2022-10-04T04:53:03.782+0000] {logging_mixin.py:117} INFO - [2022-10-04T04:53:03.782+0000] {dag.py:3324} INFO - Setting next_dagrun for example_local_kubernetes_executor to None, run_after=None
[2022-10-04T04:53:03.804+0000] {processor.py:178} INFO - Processing /usr/local/lib/python3.10/dist-packages/airflow/example_dags/example_local_kubernetes_executor.py took 0.089 seconds
[2022-10-04T04:53:46.750+0000] {processor.py:156} INFO - Started process (PID=2473) to work on /usr/local/lib/python3.10/dist-packages/airflow/example_dags/example_local_kubernetes_executor.py
[2022-10-04T04:53:46.752+0000] {processor.py:758} INFO - Processing file /usr/local/lib/python3.10/dist-packages/airflow/example_dags/example_local_kubernetes_executor.py for tasks to queue
[2022-10-04T04:53:46.753+0000] {logging_mixin.py:117} INFO - [2022-10-04T04:53:46.753+0000] {dagbag.py:525} INFO - Filling up the DagBag from /usr/local/lib/python3.10/dist-packages/airflow/example_dags/example_local_kubernetes_executor.py
[2022-10-04T04:53:46.773+0000] {processor.py:768} INFO - DAG(s) dict_keys(['example_local_kubernetes_executor']) retrieved from /usr/local/lib/python3.10/dist-packages/airflow/example_dags/example_local_kubernetes_executor.py
[2022-10-04T04:53:46.792+0000] {logging_mixin.py:117} INFO - [2022-10-04T04:53:46.792+0000] {dag.py:2573} INFO - Sync 1 DAGs
[2022-10-04T04:53:46.808+0000] {logging_mixin.py:117} INFO - [2022-10-04T04:53:46.808+0000] {dag.py:3324} INFO - Setting next_dagrun for example_local_kubernetes_executor to None, run_after=None
[2022-10-04T04:53:46.830+0000] {processor.py:178} INFO - Processing /usr/local/lib/python3.10/dist-packages/airflow/example_dags/example_local_kubernetes_executor.py took 0.083 seconds
