[2022-10-04T03:09:27.110+0000] {processor.py:156} INFO - Started process (PID=7703) to work on /usr/local/lib/python3.10/dist-packages/airflow/example_dags/example_kubernetes_executor.py
[2022-10-04T03:09:27.111+0000] {processor.py:758} INFO - Processing file /usr/local/lib/python3.10/dist-packages/airflow/example_dags/example_kubernetes_executor.py for tasks to queue
[2022-10-04T03:09:27.112+0000] {logging_mixin.py:117} INFO - [2022-10-04T03:09:27.112+0000] {dagbag.py:525} INFO - Filling up the DagBag from /usr/local/lib/python3.10/dist-packages/airflow/example_dags/example_kubernetes_executor.py
[2022-10-04T03:09:27.125+0000] {logging_mixin.py:117} INFO - [2022-10-04T03:09:27.125+0000] {example_kubernetes_executor.py:41} WARNING - The example_kubernetes_executor example DAG requires the kubernetes provider. Please install it with: pip install apache-airflow[cncf.kubernetes]
[2022-10-04T03:09:27.126+0000] {processor.py:770} WARNING - No viable dags retrieved from /usr/local/lib/python3.10/dist-packages/airflow/example_dags/example_kubernetes_executor.py
[2022-10-04T03:09:27.134+0000] {processor.py:178} INFO - Processing /usr/local/lib/python3.10/dist-packages/airflow/example_dags/example_kubernetes_executor.py took 0.026 seconds
[2022-10-04T03:10:05.553+0000] {processor.py:156} INFO - Started process (PID=7750) to work on /usr/local/lib/python3.10/dist-packages/airflow/example_dags/example_kubernetes_executor.py
[2022-10-04T03:10:05.554+0000] {processor.py:758} INFO - Processing file /usr/local/lib/python3.10/dist-packages/airflow/example_dags/example_kubernetes_executor.py for tasks to queue
[2022-10-04T03:10:05.555+0000] {logging_mixin.py:117} INFO - [2022-10-04T03:10:05.555+0000] {dagbag.py:525} INFO - Filling up the DagBag from /usr/local/lib/python3.10/dist-packages/airflow/example_dags/example_kubernetes_executor.py
[2022-10-04T03:10:05.568+0000] {logging_mixin.py:117} INFO - [2022-10-04T03:10:05.568+0000] {example_kubernetes_executor.py:41} WARNING - The example_kubernetes_executor example DAG requires the kubernetes provider. Please install it with: pip install apache-airflow[cncf.kubernetes]
[2022-10-04T03:10:05.569+0000] {processor.py:770} WARNING - No viable dags retrieved from /usr/local/lib/python3.10/dist-packages/airflow/example_dags/example_kubernetes_executor.py
[2022-10-04T03:10:05.578+0000] {processor.py:178} INFO - Processing /usr/local/lib/python3.10/dist-packages/airflow/example_dags/example_kubernetes_executor.py took 0.027 seconds
[2022-10-04T03:10:47.834+0000] {processor.py:156} INFO - Started process (PID=7790) to work on /usr/local/lib/python3.10/dist-packages/airflow/example_dags/example_kubernetes_executor.py
[2022-10-04T03:10:47.835+0000] {processor.py:758} INFO - Processing file /usr/local/lib/python3.10/dist-packages/airflow/example_dags/example_kubernetes_executor.py for tasks to queue
[2022-10-04T03:10:47.836+0000] {logging_mixin.py:117} INFO - [2022-10-04T03:10:47.835+0000] {dagbag.py:525} INFO - Filling up the DagBag from /usr/local/lib/python3.10/dist-packages/airflow/example_dags/example_kubernetes_executor.py
[2022-10-04T03:10:47.849+0000] {logging_mixin.py:117} INFO - [2022-10-04T03:10:47.849+0000] {example_kubernetes_executor.py:41} WARNING - The example_kubernetes_executor example DAG requires the kubernetes provider. Please install it with: pip install apache-airflow[cncf.kubernetes]
[2022-10-04T03:10:47.849+0000] {processor.py:770} WARNING - No viable dags retrieved from /usr/local/lib/python3.10/dist-packages/airflow/example_dags/example_kubernetes_executor.py
[2022-10-04T03:10:47.857+0000] {processor.py:178} INFO - Processing /usr/local/lib/python3.10/dist-packages/airflow/example_dags/example_kubernetes_executor.py took 0.026 seconds
[2022-10-04T03:11:28.501+0000] {processor.py:156} INFO - Started process (PID=7833) to work on /usr/local/lib/python3.10/dist-packages/airflow/example_dags/example_kubernetes_executor.py
[2022-10-04T03:11:28.502+0000] {processor.py:758} INFO - Processing file /usr/local/lib/python3.10/dist-packages/airflow/example_dags/example_kubernetes_executor.py for tasks to queue
[2022-10-04T03:11:28.503+0000] {logging_mixin.py:117} INFO - [2022-10-04T03:11:28.503+0000] {dagbag.py:525} INFO - Filling up the DagBag from /usr/local/lib/python3.10/dist-packages/airflow/example_dags/example_kubernetes_executor.py
[2022-10-04T03:11:28.517+0000] {logging_mixin.py:117} INFO - [2022-10-04T03:11:28.517+0000] {example_kubernetes_executor.py:41} WARNING - The example_kubernetes_executor example DAG requires the kubernetes provider. Please install it with: pip install apache-airflow[cncf.kubernetes]
[2022-10-04T03:11:28.517+0000] {processor.py:770} WARNING - No viable dags retrieved from /usr/local/lib/python3.10/dist-packages/airflow/example_dags/example_kubernetes_executor.py
[2022-10-04T03:11:28.526+0000] {processor.py:178} INFO - Processing /usr/local/lib/python3.10/dist-packages/airflow/example_dags/example_kubernetes_executor.py took 0.029 seconds
[2022-10-04T03:12:07.780+0000] {processor.py:156} INFO - Started process (PID=7873) to work on /usr/local/lib/python3.10/dist-packages/airflow/example_dags/example_kubernetes_executor.py
[2022-10-04T03:12:07.782+0000] {processor.py:758} INFO - Processing file /usr/local/lib/python3.10/dist-packages/airflow/example_dags/example_kubernetes_executor.py for tasks to queue
[2022-10-04T03:12:07.782+0000] {logging_mixin.py:117} INFO - [2022-10-04T03:12:07.782+0000] {dagbag.py:525} INFO - Filling up the DagBag from /usr/local/lib/python3.10/dist-packages/airflow/example_dags/example_kubernetes_executor.py
[2022-10-04T03:12:07.797+0000] {logging_mixin.py:117} INFO - [2022-10-04T03:12:07.797+0000] {example_kubernetes_executor.py:41} WARNING - The example_kubernetes_executor example DAG requires the kubernetes provider. Please install it with: pip install apache-airflow[cncf.kubernetes]
[2022-10-04T03:12:07.798+0000] {processor.py:770} WARNING - No viable dags retrieved from /usr/local/lib/python3.10/dist-packages/airflow/example_dags/example_kubernetes_executor.py
[2022-10-04T03:12:07.806+0000] {processor.py:178} INFO - Processing /usr/local/lib/python3.10/dist-packages/airflow/example_dags/example_kubernetes_executor.py took 0.028 seconds
[2022-10-04T03:12:48.919+0000] {processor.py:156} INFO - Started process (PID=7914) to work on /usr/local/lib/python3.10/dist-packages/airflow/example_dags/example_kubernetes_executor.py
[2022-10-04T03:12:48.921+0000] {processor.py:758} INFO - Processing file /usr/local/lib/python3.10/dist-packages/airflow/example_dags/example_kubernetes_executor.py for tasks to queue
[2022-10-04T03:12:48.921+0000] {logging_mixin.py:117} INFO - [2022-10-04T03:12:48.921+0000] {dagbag.py:525} INFO - Filling up the DagBag from /usr/local/lib/python3.10/dist-packages/airflow/example_dags/example_kubernetes_executor.py
[2022-10-04T03:12:48.934+0000] {logging_mixin.py:117} INFO - [2022-10-04T03:12:48.934+0000] {example_kubernetes_executor.py:41} WARNING - The example_kubernetes_executor example DAG requires the kubernetes provider. Please install it with: pip install apache-airflow[cncf.kubernetes]
[2022-10-04T03:12:48.934+0000] {processor.py:770} WARNING - No viable dags retrieved from /usr/local/lib/python3.10/dist-packages/airflow/example_dags/example_kubernetes_executor.py
[2022-10-04T03:12:48.943+0000] {processor.py:178} INFO - Processing /usr/local/lib/python3.10/dist-packages/airflow/example_dags/example_kubernetes_executor.py took 0.026 seconds
[2022-10-04T03:13:28.361+0000] {processor.py:156} INFO - Started process (PID=7954) to work on /usr/local/lib/python3.10/dist-packages/airflow/example_dags/example_kubernetes_executor.py
[2022-10-04T03:13:28.362+0000] {processor.py:758} INFO - Processing file /usr/local/lib/python3.10/dist-packages/airflow/example_dags/example_kubernetes_executor.py for tasks to queue
[2022-10-04T03:13:28.362+0000] {logging_mixin.py:117} INFO - [2022-10-04T03:13:28.362+0000] {dagbag.py:525} INFO - Filling up the DagBag from /usr/local/lib/python3.10/dist-packages/airflow/example_dags/example_kubernetes_executor.py
[2022-10-04T03:13:28.374+0000] {logging_mixin.py:117} INFO - [2022-10-04T03:13:28.374+0000] {example_kubernetes_executor.py:41} WARNING - The example_kubernetes_executor example DAG requires the kubernetes provider. Please install it with: pip install apache-airflow[cncf.kubernetes]
[2022-10-04T03:13:28.374+0000] {processor.py:770} WARNING - No viable dags retrieved from /usr/local/lib/python3.10/dist-packages/airflow/example_dags/example_kubernetes_executor.py
[2022-10-04T03:13:28.382+0000] {processor.py:178} INFO - Processing /usr/local/lib/python3.10/dist-packages/airflow/example_dags/example_kubernetes_executor.py took 0.024 seconds
[2022-10-04T03:14:06.608+0000] {processor.py:156} INFO - Started process (PID=7991) to work on /usr/local/lib/python3.10/dist-packages/airflow/example_dags/example_kubernetes_executor.py
[2022-10-04T03:14:06.609+0000] {processor.py:758} INFO - Processing file /usr/local/lib/python3.10/dist-packages/airflow/example_dags/example_kubernetes_executor.py for tasks to queue
[2022-10-04T03:14:06.609+0000] {logging_mixin.py:117} INFO - [2022-10-04T03:14:06.609+0000] {dagbag.py:525} INFO - Filling up the DagBag from /usr/local/lib/python3.10/dist-packages/airflow/example_dags/example_kubernetes_executor.py
[2022-10-04T03:14:06.625+0000] {logging_mixin.py:117} INFO - [2022-10-04T03:14:06.624+0000] {example_kubernetes_executor.py:41} WARNING - The example_kubernetes_executor example DAG requires the kubernetes provider. Please install it with: pip install apache-airflow[cncf.kubernetes]
[2022-10-04T03:14:06.625+0000] {processor.py:770} WARNING - No viable dags retrieved from /usr/local/lib/python3.10/dist-packages/airflow/example_dags/example_kubernetes_executor.py
[2022-10-04T03:14:06.634+0000] {processor.py:178} INFO - Processing /usr/local/lib/python3.10/dist-packages/airflow/example_dags/example_kubernetes_executor.py took 0.029 seconds
[2022-10-04T03:14:48.480+0000] {processor.py:156} INFO - Started process (PID=8035) to work on /usr/local/lib/python3.10/dist-packages/airflow/example_dags/example_kubernetes_executor.py
[2022-10-04T03:14:48.481+0000] {processor.py:758} INFO - Processing file /usr/local/lib/python3.10/dist-packages/airflow/example_dags/example_kubernetes_executor.py for tasks to queue
[2022-10-04T03:14:48.482+0000] {logging_mixin.py:117} INFO - [2022-10-04T03:14:48.481+0000] {dagbag.py:525} INFO - Filling up the DagBag from /usr/local/lib/python3.10/dist-packages/airflow/example_dags/example_kubernetes_executor.py
[2022-10-04T03:14:48.507+0000] {logging_mixin.py:117} INFO - [2022-10-04T03:14:48.506+0000] {example_kubernetes_executor.py:41} WARNING - The example_kubernetes_executor example DAG requires the kubernetes provider. Please install it with: pip install apache-airflow[cncf.kubernetes]
[2022-10-04T03:14:48.507+0000] {processor.py:770} WARNING - No viable dags retrieved from /usr/local/lib/python3.10/dist-packages/airflow/example_dags/example_kubernetes_executor.py
[2022-10-04T03:14:48.528+0000] {processor.py:178} INFO - Processing /usr/local/lib/python3.10/dist-packages/airflow/example_dags/example_kubernetes_executor.py took 0.050 seconds
[2022-10-04T03:15:29.172+0000] {processor.py:156} INFO - Started process (PID=8073) to work on /usr/local/lib/python3.10/dist-packages/airflow/example_dags/example_kubernetes_executor.py
[2022-10-04T03:15:29.174+0000] {processor.py:758} INFO - Processing file /usr/local/lib/python3.10/dist-packages/airflow/example_dags/example_kubernetes_executor.py for tasks to queue
[2022-10-04T03:15:29.174+0000] {logging_mixin.py:117} INFO - [2022-10-04T03:15:29.174+0000] {dagbag.py:525} INFO - Filling up the DagBag from /usr/local/lib/python3.10/dist-packages/airflow/example_dags/example_kubernetes_executor.py
[2022-10-04T03:15:29.188+0000] {logging_mixin.py:117} INFO - [2022-10-04T03:15:29.188+0000] {example_kubernetes_executor.py:41} WARNING - The example_kubernetes_executor example DAG requires the kubernetes provider. Please install it with: pip install apache-airflow[cncf.kubernetes]
[2022-10-04T03:15:29.188+0000] {processor.py:770} WARNING - No viable dags retrieved from /usr/local/lib/python3.10/dist-packages/airflow/example_dags/example_kubernetes_executor.py
[2022-10-04T03:15:29.197+0000] {processor.py:178} INFO - Processing /usr/local/lib/python3.10/dist-packages/airflow/example_dags/example_kubernetes_executor.py took 0.027 seconds
[2022-10-04T03:16:19.267+0000] {processor.py:156} INFO - Started process (PID=8211) to work on /usr/local/lib/python3.10/dist-packages/airflow/example_dags/example_kubernetes_executor.py
[2022-10-04T03:16:19.268+0000] {processor.py:758} INFO - Processing file /usr/local/lib/python3.10/dist-packages/airflow/example_dags/example_kubernetes_executor.py for tasks to queue
[2022-10-04T03:16:19.269+0000] {logging_mixin.py:117} INFO - [2022-10-04T03:16:19.269+0000] {dagbag.py:525} INFO - Filling up the DagBag from /usr/local/lib/python3.10/dist-packages/airflow/example_dags/example_kubernetes_executor.py
[2022-10-04T03:16:19.285+0000] {logging_mixin.py:117} INFO - [2022-10-04T03:16:19.285+0000] {example_kubernetes_executor.py:41} WARNING - The example_kubernetes_executor example DAG requires the kubernetes provider. Please install it with: pip install apache-airflow[cncf.kubernetes]
[2022-10-04T03:16:19.286+0000] {processor.py:770} WARNING - No viable dags retrieved from /usr/local/lib/python3.10/dist-packages/airflow/example_dags/example_kubernetes_executor.py
[2022-10-04T03:16:19.296+0000] {processor.py:178} INFO - Processing /usr/local/lib/python3.10/dist-packages/airflow/example_dags/example_kubernetes_executor.py took 0.032 seconds
[2022-10-04T03:17:00.574+0000] {processor.py:156} INFO - Started process (PID=8260) to work on /usr/local/lib/python3.10/dist-packages/airflow/example_dags/example_kubernetes_executor.py
[2022-10-04T03:17:00.576+0000] {processor.py:758} INFO - Processing file /usr/local/lib/python3.10/dist-packages/airflow/example_dags/example_kubernetes_executor.py for tasks to queue
[2022-10-04T03:17:00.576+0000] {logging_mixin.py:117} INFO - [2022-10-04T03:17:00.576+0000] {dagbag.py:525} INFO - Filling up the DagBag from /usr/local/lib/python3.10/dist-packages/airflow/example_dags/example_kubernetes_executor.py
[2022-10-04T03:17:00.589+0000] {logging_mixin.py:117} INFO - [2022-10-04T03:17:00.589+0000] {example_kubernetes_executor.py:41} WARNING - The example_kubernetes_executor example DAG requires the kubernetes provider. Please install it with: pip install apache-airflow[cncf.kubernetes]
[2022-10-04T03:17:00.589+0000] {processor.py:770} WARNING - No viable dags retrieved from /usr/local/lib/python3.10/dist-packages/airflow/example_dags/example_kubernetes_executor.py
[2022-10-04T03:17:00.597+0000] {processor.py:178} INFO - Processing /usr/local/lib/python3.10/dist-packages/airflow/example_dags/example_kubernetes_executor.py took 0.025 seconds
[2022-10-04T03:17:42.014+0000] {processor.py:156} INFO - Started process (PID=8618) to work on /usr/local/lib/python3.10/dist-packages/airflow/example_dags/example_kubernetes_executor.py
[2022-10-04T03:17:42.015+0000] {processor.py:758} INFO - Processing file /usr/local/lib/python3.10/dist-packages/airflow/example_dags/example_kubernetes_executor.py for tasks to queue
[2022-10-04T03:17:42.016+0000] {logging_mixin.py:117} INFO - [2022-10-04T03:17:42.015+0000] {dagbag.py:525} INFO - Filling up the DagBag from /usr/local/lib/python3.10/dist-packages/airflow/example_dags/example_kubernetes_executor.py
[2022-10-04T03:17:42.029+0000] {logging_mixin.py:117} INFO - [2022-10-04T03:17:42.028+0000] {example_kubernetes_executor.py:41} WARNING - The example_kubernetes_executor example DAG requires the kubernetes provider. Please install it with: pip install apache-airflow[cncf.kubernetes]
[2022-10-04T03:17:42.029+0000] {processor.py:770} WARNING - No viable dags retrieved from /usr/local/lib/python3.10/dist-packages/airflow/example_dags/example_kubernetes_executor.py
[2022-10-04T03:17:42.038+0000] {processor.py:178} INFO - Processing /usr/local/lib/python3.10/dist-packages/airflow/example_dags/example_kubernetes_executor.py took 0.026 seconds
[2022-10-04T03:19:02.457+0000] {processor.py:156} INFO - Started process (PID=8706) to work on /usr/local/lib/python3.10/dist-packages/airflow/example_dags/example_kubernetes_executor.py
[2022-10-04T03:19:02.459+0000] {processor.py:758} INFO - Processing file /usr/local/lib/python3.10/dist-packages/airflow/example_dags/example_kubernetes_executor.py for tasks to queue
[2022-10-04T03:19:02.459+0000] {logging_mixin.py:117} INFO - [2022-10-04T03:19:02.459+0000] {dagbag.py:525} INFO - Filling up the DagBag from /usr/local/lib/python3.10/dist-packages/airflow/example_dags/example_kubernetes_executor.py
[2022-10-04T03:19:02.474+0000] {logging_mixin.py:117} INFO - [2022-10-04T03:19:02.474+0000] {example_kubernetes_executor.py:41} WARNING - The example_kubernetes_executor example DAG requires the kubernetes provider. Please install it with: pip install apache-airflow[cncf.kubernetes]
[2022-10-04T03:19:02.474+0000] {processor.py:770} WARNING - No viable dags retrieved from /usr/local/lib/python3.10/dist-packages/airflow/example_dags/example_kubernetes_executor.py
[2022-10-04T03:19:02.485+0000] {processor.py:178} INFO - Processing /usr/local/lib/python3.10/dist-packages/airflow/example_dags/example_kubernetes_executor.py took 0.030 seconds
[2022-10-04T03:19:40.093+0000] {processor.py:156} INFO - Started process (PID=8747) to work on /usr/local/lib/python3.10/dist-packages/airflow/example_dags/example_kubernetes_executor.py
[2022-10-04T03:19:40.094+0000] {processor.py:758} INFO - Processing file /usr/local/lib/python3.10/dist-packages/airflow/example_dags/example_kubernetes_executor.py for tasks to queue
[2022-10-04T03:19:40.095+0000] {logging_mixin.py:117} INFO - [2022-10-04T03:19:40.095+0000] {dagbag.py:525} INFO - Filling up the DagBag from /usr/local/lib/python3.10/dist-packages/airflow/example_dags/example_kubernetes_executor.py
[2022-10-04T03:19:40.123+0000] {logging_mixin.py:117} INFO - [2022-10-04T03:19:40.123+0000] {example_kubernetes_executor.py:41} WARNING - The example_kubernetes_executor example DAG requires the kubernetes provider. Please install it with: pip install apache-airflow[cncf.kubernetes]
[2022-10-04T03:19:40.123+0000] {processor.py:770} WARNING - No viable dags retrieved from /usr/local/lib/python3.10/dist-packages/airflow/example_dags/example_kubernetes_executor.py
[2022-10-04T03:19:40.134+0000] {processor.py:178} INFO - Processing /usr/local/lib/python3.10/dist-packages/airflow/example_dags/example_kubernetes_executor.py took 0.043 seconds
[2022-10-04T03:20:19.157+0000] {processor.py:156} INFO - Started process (PID=8784) to work on /usr/local/lib/python3.10/dist-packages/airflow/example_dags/example_kubernetes_executor.py
[2022-10-04T03:20:19.159+0000] {processor.py:758} INFO - Processing file /usr/local/lib/python3.10/dist-packages/airflow/example_dags/example_kubernetes_executor.py for tasks to queue
[2022-10-04T03:20:19.159+0000] {logging_mixin.py:117} INFO - [2022-10-04T03:20:19.159+0000] {dagbag.py:525} INFO - Filling up the DagBag from /usr/local/lib/python3.10/dist-packages/airflow/example_dags/example_kubernetes_executor.py
[2022-10-04T03:20:19.179+0000] {logging_mixin.py:117} INFO - [2022-10-04T03:20:19.178+0000] {example_kubernetes_executor.py:41} WARNING - The example_kubernetes_executor example DAG requires the kubernetes provider. Please install it with: pip install apache-airflow[cncf.kubernetes]
[2022-10-04T03:20:19.179+0000] {processor.py:770} WARNING - No viable dags retrieved from /usr/local/lib/python3.10/dist-packages/airflow/example_dags/example_kubernetes_executor.py
[2022-10-04T03:20:19.192+0000] {processor.py:178} INFO - Processing /usr/local/lib/python3.10/dist-packages/airflow/example_dags/example_kubernetes_executor.py took 0.038 seconds
[2022-10-04T03:20:58.036+0000] {processor.py:156} INFO - Started process (PID=8825) to work on /usr/local/lib/python3.10/dist-packages/airflow/example_dags/example_kubernetes_executor.py
[2022-10-04T03:20:58.037+0000] {processor.py:758} INFO - Processing file /usr/local/lib/python3.10/dist-packages/airflow/example_dags/example_kubernetes_executor.py for tasks to queue
[2022-10-04T03:20:58.037+0000] {logging_mixin.py:117} INFO - [2022-10-04T03:20:58.037+0000] {dagbag.py:525} INFO - Filling up the DagBag from /usr/local/lib/python3.10/dist-packages/airflow/example_dags/example_kubernetes_executor.py
[2022-10-04T03:20:58.058+0000] {logging_mixin.py:117} INFO - [2022-10-04T03:20:58.058+0000] {example_kubernetes_executor.py:41} WARNING - The example_kubernetes_executor example DAG requires the kubernetes provider. Please install it with: pip install apache-airflow[cncf.kubernetes]
[2022-10-04T03:20:58.058+0000] {processor.py:770} WARNING - No viable dags retrieved from /usr/local/lib/python3.10/dist-packages/airflow/example_dags/example_kubernetes_executor.py
[2022-10-04T03:20:58.073+0000] {processor.py:178} INFO - Processing /usr/local/lib/python3.10/dist-packages/airflow/example_dags/example_kubernetes_executor.py took 0.040 seconds
[2022-10-04T03:21:37.538+0000] {processor.py:156} INFO - Started process (PID=8863) to work on /usr/local/lib/python3.10/dist-packages/airflow/example_dags/example_kubernetes_executor.py
[2022-10-04T03:21:37.540+0000] {processor.py:758} INFO - Processing file /usr/local/lib/python3.10/dist-packages/airflow/example_dags/example_kubernetes_executor.py for tasks to queue
[2022-10-04T03:21:37.540+0000] {logging_mixin.py:117} INFO - [2022-10-04T03:21:37.540+0000] {dagbag.py:525} INFO - Filling up the DagBag from /usr/local/lib/python3.10/dist-packages/airflow/example_dags/example_kubernetes_executor.py
[2022-10-04T03:21:37.554+0000] {logging_mixin.py:117} INFO - [2022-10-04T03:21:37.554+0000] {example_kubernetes_executor.py:41} WARNING - The example_kubernetes_executor example DAG requires the kubernetes provider. Please install it with: pip install apache-airflow[cncf.kubernetes]
[2022-10-04T03:21:37.554+0000] {processor.py:770} WARNING - No viable dags retrieved from /usr/local/lib/python3.10/dist-packages/airflow/example_dags/example_kubernetes_executor.py
[2022-10-04T03:21:37.564+0000] {processor.py:178} INFO - Processing /usr/local/lib/python3.10/dist-packages/airflow/example_dags/example_kubernetes_executor.py took 0.030 seconds
[2022-10-04T03:22:17.062+0000] {processor.py:156} INFO - Started process (PID=8904) to work on /usr/local/lib/python3.10/dist-packages/airflow/example_dags/example_kubernetes_executor.py
[2022-10-04T03:22:17.063+0000] {processor.py:758} INFO - Processing file /usr/local/lib/python3.10/dist-packages/airflow/example_dags/example_kubernetes_executor.py for tasks to queue
[2022-10-04T03:22:17.064+0000] {logging_mixin.py:117} INFO - [2022-10-04T03:22:17.064+0000] {dagbag.py:525} INFO - Filling up the DagBag from /usr/local/lib/python3.10/dist-packages/airflow/example_dags/example_kubernetes_executor.py
[2022-10-04T03:22:17.078+0000] {logging_mixin.py:117} INFO - [2022-10-04T03:22:17.078+0000] {example_kubernetes_executor.py:41} WARNING - The example_kubernetes_executor example DAG requires the kubernetes provider. Please install it with: pip install apache-airflow[cncf.kubernetes]
[2022-10-04T03:22:17.079+0000] {processor.py:770} WARNING - No viable dags retrieved from /usr/local/lib/python3.10/dist-packages/airflow/example_dags/example_kubernetes_executor.py
[2022-10-04T03:22:17.088+0000] {processor.py:178} INFO - Processing /usr/local/lib/python3.10/dist-packages/airflow/example_dags/example_kubernetes_executor.py took 0.029 seconds
[2022-10-04T03:22:56.764+0000] {processor.py:156} INFO - Started process (PID=8944) to work on /usr/local/lib/python3.10/dist-packages/airflow/example_dags/example_kubernetes_executor.py
[2022-10-04T03:22:56.765+0000] {processor.py:758} INFO - Processing file /usr/local/lib/python3.10/dist-packages/airflow/example_dags/example_kubernetes_executor.py for tasks to queue
[2022-10-04T03:22:56.766+0000] {logging_mixin.py:117} INFO - [2022-10-04T03:22:56.765+0000] {dagbag.py:525} INFO - Filling up the DagBag from /usr/local/lib/python3.10/dist-packages/airflow/example_dags/example_kubernetes_executor.py
[2022-10-04T03:22:56.779+0000] {logging_mixin.py:117} INFO - [2022-10-04T03:22:56.779+0000] {example_kubernetes_executor.py:41} WARNING - The example_kubernetes_executor example DAG requires the kubernetes provider. Please install it with: pip install apache-airflow[cncf.kubernetes]
[2022-10-04T03:22:56.780+0000] {processor.py:770} WARNING - No viable dags retrieved from /usr/local/lib/python3.10/dist-packages/airflow/example_dags/example_kubernetes_executor.py
[2022-10-04T03:22:56.789+0000] {processor.py:178} INFO - Processing /usr/local/lib/python3.10/dist-packages/airflow/example_dags/example_kubernetes_executor.py took 0.028 seconds
[2022-10-04T03:24:01.828+0000] {processor.py:156} INFO - Started process (PID=9016) to work on /usr/local/lib/python3.10/dist-packages/airflow/example_dags/example_kubernetes_executor.py
[2022-10-04T03:24:01.830+0000] {processor.py:758} INFO - Processing file /usr/local/lib/python3.10/dist-packages/airflow/example_dags/example_kubernetes_executor.py for tasks to queue
[2022-10-04T03:24:01.830+0000] {logging_mixin.py:117} INFO - [2022-10-04T03:24:01.830+0000] {dagbag.py:525} INFO - Filling up the DagBag from /usr/local/lib/python3.10/dist-packages/airflow/example_dags/example_kubernetes_executor.py
[2022-10-04T03:24:01.843+0000] {logging_mixin.py:117} INFO - [2022-10-04T03:24:01.843+0000] {example_kubernetes_executor.py:41} WARNING - The example_kubernetes_executor example DAG requires the kubernetes provider. Please install it with: pip install apache-airflow[cncf.kubernetes]
[2022-10-04T03:24:01.843+0000] {processor.py:770} WARNING - No viable dags retrieved from /usr/local/lib/python3.10/dist-packages/airflow/example_dags/example_kubernetes_executor.py
[2022-10-04T03:24:01.851+0000] {processor.py:178} INFO - Processing /usr/local/lib/python3.10/dist-packages/airflow/example_dags/example_kubernetes_executor.py took 0.025 seconds
[2022-10-04T03:24:38.725+0000] {processor.py:156} INFO - Started process (PID=9054) to work on /usr/local/lib/python3.10/dist-packages/airflow/example_dags/example_kubernetes_executor.py
[2022-10-04T03:24:38.726+0000] {processor.py:758} INFO - Processing file /usr/local/lib/python3.10/dist-packages/airflow/example_dags/example_kubernetes_executor.py for tasks to queue
[2022-10-04T03:24:38.727+0000] {logging_mixin.py:117} INFO - [2022-10-04T03:24:38.727+0000] {dagbag.py:525} INFO - Filling up the DagBag from /usr/local/lib/python3.10/dist-packages/airflow/example_dags/example_kubernetes_executor.py
[2022-10-04T03:24:38.741+0000] {logging_mixin.py:117} INFO - [2022-10-04T03:24:38.741+0000] {example_kubernetes_executor.py:41} WARNING - The example_kubernetes_executor example DAG requires the kubernetes provider. Please install it with: pip install apache-airflow[cncf.kubernetes]
[2022-10-04T03:24:38.741+0000] {processor.py:770} WARNING - No viable dags retrieved from /usr/local/lib/python3.10/dist-packages/airflow/example_dags/example_kubernetes_executor.py
[2022-10-04T03:24:38.749+0000] {processor.py:178} INFO - Processing /usr/local/lib/python3.10/dist-packages/airflow/example_dags/example_kubernetes_executor.py took 0.026 seconds
[2022-10-04T03:25:18.966+0000] {processor.py:156} INFO - Started process (PID=9095) to work on /usr/local/lib/python3.10/dist-packages/airflow/example_dags/example_kubernetes_executor.py
[2022-10-04T03:25:18.967+0000] {processor.py:758} INFO - Processing file /usr/local/lib/python3.10/dist-packages/airflow/example_dags/example_kubernetes_executor.py for tasks to queue
[2022-10-04T03:25:18.968+0000] {logging_mixin.py:117} INFO - [2022-10-04T03:25:18.968+0000] {dagbag.py:525} INFO - Filling up the DagBag from /usr/local/lib/python3.10/dist-packages/airflow/example_dags/example_kubernetes_executor.py
[2022-10-04T03:25:18.984+0000] {logging_mixin.py:117} INFO - [2022-10-04T03:25:18.984+0000] {example_kubernetes_executor.py:41} WARNING - The example_kubernetes_executor example DAG requires the kubernetes provider. Please install it with: pip install apache-airflow[cncf.kubernetes]
[2022-10-04T03:25:18.984+0000] {processor.py:770} WARNING - No viable dags retrieved from /usr/local/lib/python3.10/dist-packages/airflow/example_dags/example_kubernetes_executor.py
[2022-10-04T03:25:18.993+0000] {processor.py:178} INFO - Processing /usr/local/lib/python3.10/dist-packages/airflow/example_dags/example_kubernetes_executor.py took 0.029 seconds
[2022-10-04T03:26:35.603+0000] {processor.py:156} INFO - Started process (PID=9182) to work on /usr/local/lib/python3.10/dist-packages/airflow/example_dags/example_kubernetes_executor.py
[2022-10-04T03:26:35.604+0000] {processor.py:758} INFO - Processing file /usr/local/lib/python3.10/dist-packages/airflow/example_dags/example_kubernetes_executor.py for tasks to queue
[2022-10-04T03:26:35.604+0000] {logging_mixin.py:117} INFO - [2022-10-04T03:26:35.604+0000] {dagbag.py:525} INFO - Filling up the DagBag from /usr/local/lib/python3.10/dist-packages/airflow/example_dags/example_kubernetes_executor.py
[2022-10-04T03:26:35.633+0000] {processor.py:768} INFO - DAG(s) dict_keys(['example_kubernetes_executor']) retrieved from /usr/local/lib/python3.10/dist-packages/airflow/example_dags/example_kubernetes_executor.py
[2022-10-04T03:26:35.660+0000] {logging_mixin.py:117} INFO - [2022-10-04T03:26:35.659+0000] {dag.py:2573} INFO - Sync 1 DAGs
[2022-10-04T03:26:35.676+0000] {logging_mixin.py:117} INFO - [2022-10-04T03:26:35.676+0000] {dag.py:3324} INFO - Setting next_dagrun for example_kubernetes_executor to None, run_after=None
[2022-10-04T03:26:35.698+0000] {processor.py:178} INFO - Processing /usr/local/lib/python3.10/dist-packages/airflow/example_dags/example_kubernetes_executor.py took 0.097 seconds
[2022-10-04T03:30:42.482+0000] {processor.py:156} INFO - Started process (PID=9279) to work on /usr/local/lib/python3.10/dist-packages/airflow/example_dags/example_kubernetes_executor.py
[2022-10-04T03:30:42.484+0000] {processor.py:758} INFO - Processing file /usr/local/lib/python3.10/dist-packages/airflow/example_dags/example_kubernetes_executor.py for tasks to queue
[2022-10-04T03:30:42.484+0000] {logging_mixin.py:117} INFO - [2022-10-04T03:30:42.484+0000] {dagbag.py:525} INFO - Filling up the DagBag from /usr/local/lib/python3.10/dist-packages/airflow/example_dags/example_kubernetes_executor.py
[2022-10-04T03:30:42.517+0000] {processor.py:768} INFO - DAG(s) dict_keys(['example_kubernetes_executor']) retrieved from /usr/local/lib/python3.10/dist-packages/airflow/example_dags/example_kubernetes_executor.py
[2022-10-04T03:30:42.574+0000] {logging_mixin.py:117} INFO - [2022-10-04T03:30:42.574+0000] {dag.py:2573} INFO - Sync 1 DAGs
[2022-10-04T03:30:42.618+0000] {logging_mixin.py:117} INFO - [2022-10-04T03:30:42.618+0000] {dag.py:3324} INFO - Setting next_dagrun for example_kubernetes_executor to None, run_after=None
[2022-10-04T03:30:42.657+0000] {processor.py:178} INFO - Processing /usr/local/lib/python3.10/dist-packages/airflow/example_dags/example_kubernetes_executor.py took 0.177 seconds
[2022-10-04T03:31:21.765+0000] {processor.py:156} INFO - Started process (PID=9316) to work on /usr/local/lib/python3.10/dist-packages/airflow/example_dags/example_kubernetes_executor.py
[2022-10-04T03:31:21.766+0000] {processor.py:758} INFO - Processing file /usr/local/lib/python3.10/dist-packages/airflow/example_dags/example_kubernetes_executor.py for tasks to queue
[2022-10-04T03:31:21.767+0000] {logging_mixin.py:117} INFO - [2022-10-04T03:31:21.767+0000] {dagbag.py:525} INFO - Filling up the DagBag from /usr/local/lib/python3.10/dist-packages/airflow/example_dags/example_kubernetes_executor.py
[2022-10-04T03:31:21.795+0000] {processor.py:768} INFO - DAG(s) dict_keys(['example_kubernetes_executor']) retrieved from /usr/local/lib/python3.10/dist-packages/airflow/example_dags/example_kubernetes_executor.py
[2022-10-04T03:31:21.826+0000] {logging_mixin.py:117} INFO - [2022-10-04T03:31:21.826+0000] {dag.py:2573} INFO - Sync 1 DAGs
[2022-10-04T03:31:21.845+0000] {logging_mixin.py:117} INFO - [2022-10-04T03:31:21.845+0000] {dag.py:3324} INFO - Setting next_dagrun for example_kubernetes_executor to None, run_after=None
[2022-10-04T03:31:21.867+0000] {processor.py:178} INFO - Processing /usr/local/lib/python3.10/dist-packages/airflow/example_dags/example_kubernetes_executor.py took 0.105 seconds
[2022-10-04T03:32:01.308+0000] {processor.py:156} INFO - Started process (PID=9373) to work on /usr/local/lib/python3.10/dist-packages/airflow/example_dags/example_kubernetes_executor.py
[2022-10-04T03:32:01.309+0000] {processor.py:758} INFO - Processing file /usr/local/lib/python3.10/dist-packages/airflow/example_dags/example_kubernetes_executor.py for tasks to queue
[2022-10-04T03:32:01.310+0000] {logging_mixin.py:117} INFO - [2022-10-04T03:32:01.310+0000] {dagbag.py:525} INFO - Filling up the DagBag from /usr/local/lib/python3.10/dist-packages/airflow/example_dags/example_kubernetes_executor.py
[2022-10-04T03:32:01.344+0000] {processor.py:768} INFO - DAG(s) dict_keys(['example_kubernetes_executor']) retrieved from /usr/local/lib/python3.10/dist-packages/airflow/example_dags/example_kubernetes_executor.py
[2022-10-04T03:32:01.374+0000] {logging_mixin.py:117} INFO - [2022-10-04T03:32:01.374+0000] {dag.py:2573} INFO - Sync 1 DAGs
[2022-10-04T03:32:01.397+0000] {logging_mixin.py:117} INFO - [2022-10-04T03:32:01.397+0000] {dag.py:3324} INFO - Setting next_dagrun for example_kubernetes_executor to None, run_after=None
[2022-10-04T03:32:01.425+0000] {processor.py:178} INFO - Processing /usr/local/lib/python3.10/dist-packages/airflow/example_dags/example_kubernetes_executor.py took 0.120 seconds
[2022-10-04T03:32:40.267+0000] {processor.py:156} INFO - Started process (PID=9415) to work on /usr/local/lib/python3.10/dist-packages/airflow/example_dags/example_kubernetes_executor.py
[2022-10-04T03:32:40.268+0000] {processor.py:758} INFO - Processing file /usr/local/lib/python3.10/dist-packages/airflow/example_dags/example_kubernetes_executor.py for tasks to queue
[2022-10-04T03:32:40.269+0000] {logging_mixin.py:117} INFO - [2022-10-04T03:32:40.269+0000] {dagbag.py:525} INFO - Filling up the DagBag from /usr/local/lib/python3.10/dist-packages/airflow/example_dags/example_kubernetes_executor.py
[2022-10-04T03:32:40.296+0000] {processor.py:768} INFO - DAG(s) dict_keys(['example_kubernetes_executor']) retrieved from /usr/local/lib/python3.10/dist-packages/airflow/example_dags/example_kubernetes_executor.py
[2022-10-04T03:32:40.320+0000] {logging_mixin.py:117} INFO - [2022-10-04T03:32:40.319+0000] {dag.py:2573} INFO - Sync 1 DAGs
[2022-10-04T03:32:40.337+0000] {logging_mixin.py:117} INFO - [2022-10-04T03:32:40.337+0000] {dag.py:3324} INFO - Setting next_dagrun for example_kubernetes_executor to None, run_after=None
[2022-10-04T03:32:40.358+0000] {processor.py:178} INFO - Processing /usr/local/lib/python3.10/dist-packages/airflow/example_dags/example_kubernetes_executor.py took 0.093 seconds
[2022-10-04T03:33:20.252+0000] {processor.py:156} INFO - Started process (PID=9454) to work on /usr/local/lib/python3.10/dist-packages/airflow/example_dags/example_kubernetes_executor.py
[2022-10-04T03:33:20.253+0000] {processor.py:758} INFO - Processing file /usr/local/lib/python3.10/dist-packages/airflow/example_dags/example_kubernetes_executor.py for tasks to queue
[2022-10-04T03:33:20.253+0000] {logging_mixin.py:117} INFO - [2022-10-04T03:33:20.253+0000] {dagbag.py:525} INFO - Filling up the DagBag from /usr/local/lib/python3.10/dist-packages/airflow/example_dags/example_kubernetes_executor.py
[2022-10-04T03:33:20.289+0000] {processor.py:768} INFO - DAG(s) dict_keys(['example_kubernetes_executor']) retrieved from /usr/local/lib/python3.10/dist-packages/airflow/example_dags/example_kubernetes_executor.py
[2022-10-04T03:33:20.323+0000] {logging_mixin.py:117} INFO - [2022-10-04T03:33:20.323+0000] {dag.py:2573} INFO - Sync 1 DAGs
[2022-10-04T03:33:20.345+0000] {logging_mixin.py:117} INFO - [2022-10-04T03:33:20.345+0000] {dag.py:3324} INFO - Setting next_dagrun for example_kubernetes_executor to None, run_after=None
[2022-10-04T03:33:20.371+0000] {processor.py:178} INFO - Processing /usr/local/lib/python3.10/dist-packages/airflow/example_dags/example_kubernetes_executor.py took 0.122 seconds
[2022-10-04T03:33:56.894+0000] {processor.py:156} INFO - Started process (PID=9495) to work on /usr/local/lib/python3.10/dist-packages/airflow/example_dags/example_kubernetes_executor.py
[2022-10-04T03:33:56.895+0000] {processor.py:758} INFO - Processing file /usr/local/lib/python3.10/dist-packages/airflow/example_dags/example_kubernetes_executor.py for tasks to queue
[2022-10-04T03:33:56.896+0000] {logging_mixin.py:117} INFO - [2022-10-04T03:33:56.895+0000] {dagbag.py:525} INFO - Filling up the DagBag from /usr/local/lib/python3.10/dist-packages/airflow/example_dags/example_kubernetes_executor.py
[2022-10-04T03:33:56.923+0000] {processor.py:768} INFO - DAG(s) dict_keys(['example_kubernetes_executor']) retrieved from /usr/local/lib/python3.10/dist-packages/airflow/example_dags/example_kubernetes_executor.py
[2022-10-04T03:33:56.947+0000] {logging_mixin.py:117} INFO - [2022-10-04T03:33:56.947+0000] {dag.py:2573} INFO - Sync 1 DAGs
[2022-10-04T03:33:56.966+0000] {logging_mixin.py:117} INFO - [2022-10-04T03:33:56.966+0000] {dag.py:3324} INFO - Setting next_dagrun for example_kubernetes_executor to None, run_after=None
[2022-10-04T03:33:56.987+0000] {processor.py:178} INFO - Processing /usr/local/lib/python3.10/dist-packages/airflow/example_dags/example_kubernetes_executor.py took 0.096 seconds
[2022-10-04T03:46:34.085+0000] {processor.py:156} INFO - Started process (PID=995) to work on /usr/local/lib/python3.10/dist-packages/airflow/example_dags/example_kubernetes_executor.py
[2022-10-04T03:46:34.087+0000] {processor.py:758} INFO - Processing file /usr/local/lib/python3.10/dist-packages/airflow/example_dags/example_kubernetes_executor.py for tasks to queue
[2022-10-04T03:46:34.087+0000] {logging_mixin.py:117} INFO - [2022-10-04T03:46:34.087+0000] {dagbag.py:525} INFO - Filling up the DagBag from /usr/local/lib/python3.10/dist-packages/airflow/example_dags/example_kubernetes_executor.py
[2022-10-04T03:46:34.116+0000] {processor.py:768} INFO - DAG(s) dict_keys(['example_kubernetes_executor']) retrieved from /usr/local/lib/python3.10/dist-packages/airflow/example_dags/example_kubernetes_executor.py
[2022-10-04T03:46:34.142+0000] {logging_mixin.py:117} INFO - [2022-10-04T03:46:34.141+0000] {dag.py:2573} INFO - Sync 1 DAGs
[2022-10-04T03:46:34.159+0000] {logging_mixin.py:117} INFO - [2022-10-04T03:46:34.159+0000] {dag.py:3324} INFO - Setting next_dagrun for example_kubernetes_executor to None, run_after=None
[2022-10-04T03:46:34.182+0000] {processor.py:178} INFO - Processing /usr/local/lib/python3.10/dist-packages/airflow/example_dags/example_kubernetes_executor.py took 0.099 seconds
[2022-10-04T03:47:12.426+0000] {processor.py:156} INFO - Started process (PID=1033) to work on /usr/local/lib/python3.10/dist-packages/airflow/example_dags/example_kubernetes_executor.py
[2022-10-04T03:47:12.427+0000] {processor.py:758} INFO - Processing file /usr/local/lib/python3.10/dist-packages/airflow/example_dags/example_kubernetes_executor.py for tasks to queue
[2022-10-04T03:47:12.428+0000] {logging_mixin.py:117} INFO - [2022-10-04T03:47:12.428+0000] {dagbag.py:525} INFO - Filling up the DagBag from /usr/local/lib/python3.10/dist-packages/airflow/example_dags/example_kubernetes_executor.py
[2022-10-04T03:47:12.466+0000] {processor.py:768} INFO - DAG(s) dict_keys(['example_kubernetes_executor']) retrieved from /usr/local/lib/python3.10/dist-packages/airflow/example_dags/example_kubernetes_executor.py
[2022-10-04T03:47:12.493+0000] {logging_mixin.py:117} INFO - [2022-10-04T03:47:12.493+0000] {dag.py:2573} INFO - Sync 1 DAGs
[2022-10-04T03:47:12.511+0000] {logging_mixin.py:117} INFO - [2022-10-04T03:47:12.511+0000] {dag.py:3324} INFO - Setting next_dagrun for example_kubernetes_executor to None, run_after=None
[2022-10-04T03:47:12.536+0000] {processor.py:178} INFO - Processing /usr/local/lib/python3.10/dist-packages/airflow/example_dags/example_kubernetes_executor.py took 0.114 seconds
[2022-10-04T03:47:53.268+0000] {processor.py:156} INFO - Started process (PID=1140) to work on /usr/local/lib/python3.10/dist-packages/airflow/example_dags/example_kubernetes_executor.py
[2022-10-04T03:47:53.269+0000] {processor.py:758} INFO - Processing file /usr/local/lib/python3.10/dist-packages/airflow/example_dags/example_kubernetes_executor.py for tasks to queue
[2022-10-04T03:47:53.269+0000] {logging_mixin.py:117} INFO - [2022-10-04T03:47:53.269+0000] {dagbag.py:525} INFO - Filling up the DagBag from /usr/local/lib/python3.10/dist-packages/airflow/example_dags/example_kubernetes_executor.py
[2022-10-04T03:47:53.297+0000] {processor.py:768} INFO - DAG(s) dict_keys(['example_kubernetes_executor']) retrieved from /usr/local/lib/python3.10/dist-packages/airflow/example_dags/example_kubernetes_executor.py
[2022-10-04T03:47:53.322+0000] {logging_mixin.py:117} INFO - [2022-10-04T03:47:53.321+0000] {dag.py:2573} INFO - Sync 1 DAGs
[2022-10-04T03:47:53.338+0000] {logging_mixin.py:117} INFO - [2022-10-04T03:47:53.338+0000] {dag.py:3324} INFO - Setting next_dagrun for example_kubernetes_executor to None, run_after=None
[2022-10-04T03:47:53.359+0000] {processor.py:178} INFO - Processing /usr/local/lib/python3.10/dist-packages/airflow/example_dags/example_kubernetes_executor.py took 0.094 seconds
[2022-10-04T03:48:31.846+0000] {processor.py:156} INFO - Started process (PID=1178) to work on /usr/local/lib/python3.10/dist-packages/airflow/example_dags/example_kubernetes_executor.py
[2022-10-04T03:48:31.847+0000] {processor.py:758} INFO - Processing file /usr/local/lib/python3.10/dist-packages/airflow/example_dags/example_kubernetes_executor.py for tasks to queue
[2022-10-04T03:48:31.848+0000] {logging_mixin.py:117} INFO - [2022-10-04T03:48:31.848+0000] {dagbag.py:525} INFO - Filling up the DagBag from /usr/local/lib/python3.10/dist-packages/airflow/example_dags/example_kubernetes_executor.py
[2022-10-04T03:48:31.890+0000] {processor.py:768} INFO - DAG(s) dict_keys(['example_kubernetes_executor']) retrieved from /usr/local/lib/python3.10/dist-packages/airflow/example_dags/example_kubernetes_executor.py
[2022-10-04T03:48:31.934+0000] {logging_mixin.py:117} INFO - [2022-10-04T03:48:31.933+0000] {dag.py:2573} INFO - Sync 1 DAGs
[2022-10-04T03:48:31.955+0000] {logging_mixin.py:117} INFO - [2022-10-04T03:48:31.955+0000] {dag.py:3324} INFO - Setting next_dagrun for example_kubernetes_executor to None, run_after=None
[2022-10-04T03:48:31.981+0000] {processor.py:178} INFO - Processing /usr/local/lib/python3.10/dist-packages/airflow/example_dags/example_kubernetes_executor.py took 0.138 seconds
[2022-10-04T03:49:56.002+0000] {processor.py:156} INFO - Started process (PID=1268) to work on /usr/local/lib/python3.10/dist-packages/airflow/example_dags/example_kubernetes_executor.py
[2022-10-04T03:49:56.003+0000] {processor.py:758} INFO - Processing file /usr/local/lib/python3.10/dist-packages/airflow/example_dags/example_kubernetes_executor.py for tasks to queue
[2022-10-04T03:49:56.004+0000] {logging_mixin.py:117} INFO - [2022-10-04T03:49:56.004+0000] {dagbag.py:525} INFO - Filling up the DagBag from /usr/local/lib/python3.10/dist-packages/airflow/example_dags/example_kubernetes_executor.py
[2022-10-04T03:49:56.033+0000] {processor.py:768} INFO - DAG(s) dict_keys(['example_kubernetes_executor']) retrieved from /usr/local/lib/python3.10/dist-packages/airflow/example_dags/example_kubernetes_executor.py
[2022-10-04T03:49:56.060+0000] {logging_mixin.py:117} INFO - [2022-10-04T03:49:56.059+0000] {dag.py:2573} INFO - Sync 1 DAGs
[2022-10-04T03:49:56.077+0000] {logging_mixin.py:117} INFO - [2022-10-04T03:49:56.077+0000] {dag.py:3324} INFO - Setting next_dagrun for example_kubernetes_executor to None, run_after=None
[2022-10-04T03:49:56.099+0000] {processor.py:178} INFO - Processing /usr/local/lib/python3.10/dist-packages/airflow/example_dags/example_kubernetes_executor.py took 0.100 seconds
[2022-10-04T03:50:38.470+0000] {processor.py:156} INFO - Started process (PID=1306) to work on /usr/local/lib/python3.10/dist-packages/airflow/example_dags/example_kubernetes_executor.py
[2022-10-04T03:50:38.471+0000] {processor.py:758} INFO - Processing file /usr/local/lib/python3.10/dist-packages/airflow/example_dags/example_kubernetes_executor.py for tasks to queue
[2022-10-04T03:50:38.472+0000] {logging_mixin.py:117} INFO - [2022-10-04T03:50:38.472+0000] {dagbag.py:525} INFO - Filling up the DagBag from /usr/local/lib/python3.10/dist-packages/airflow/example_dags/example_kubernetes_executor.py
[2022-10-04T03:50:38.502+0000] {processor.py:768} INFO - DAG(s) dict_keys(['example_kubernetes_executor']) retrieved from /usr/local/lib/python3.10/dist-packages/airflow/example_dags/example_kubernetes_executor.py
[2022-10-04T03:50:38.529+0000] {logging_mixin.py:117} INFO - [2022-10-04T03:50:38.529+0000] {dag.py:2573} INFO - Sync 1 DAGs
[2022-10-04T03:50:38.547+0000] {logging_mixin.py:117} INFO - [2022-10-04T03:50:38.547+0000] {dag.py:3324} INFO - Setting next_dagrun for example_kubernetes_executor to None, run_after=None
[2022-10-04T03:50:38.571+0000] {processor.py:178} INFO - Processing /usr/local/lib/python3.10/dist-packages/airflow/example_dags/example_kubernetes_executor.py took 0.104 seconds
[2022-10-04T03:51:17.463+0000] {processor.py:156} INFO - Started process (PID=1351) to work on /usr/local/lib/python3.10/dist-packages/airflow/example_dags/example_kubernetes_executor.py
[2022-10-04T03:51:17.468+0000] {processor.py:758} INFO - Processing file /usr/local/lib/python3.10/dist-packages/airflow/example_dags/example_kubernetes_executor.py for tasks to queue
[2022-10-04T03:51:17.469+0000] {logging_mixin.py:117} INFO - [2022-10-04T03:51:17.469+0000] {dagbag.py:525} INFO - Filling up the DagBag from /usr/local/lib/python3.10/dist-packages/airflow/example_dags/example_kubernetes_executor.py
[2022-10-04T03:51:17.512+0000] {processor.py:768} INFO - DAG(s) dict_keys(['example_kubernetes_executor']) retrieved from /usr/local/lib/python3.10/dist-packages/airflow/example_dags/example_kubernetes_executor.py
[2022-10-04T03:51:17.542+0000] {logging_mixin.py:117} INFO - [2022-10-04T03:51:17.541+0000] {dag.py:2573} INFO - Sync 1 DAGs
[2022-10-04T03:51:17.562+0000] {logging_mixin.py:117} INFO - [2022-10-04T03:51:17.562+0000] {dag.py:3324} INFO - Setting next_dagrun for example_kubernetes_executor to None, run_after=None
[2022-10-04T03:51:17.588+0000] {processor.py:178} INFO - Processing /usr/local/lib/python3.10/dist-packages/airflow/example_dags/example_kubernetes_executor.py took 0.128 seconds
[2022-10-04T03:51:57.789+0000] {processor.py:156} INFO - Started process (PID=1390) to work on /usr/local/lib/python3.10/dist-packages/airflow/example_dags/example_kubernetes_executor.py
[2022-10-04T03:51:57.790+0000] {processor.py:758} INFO - Processing file /usr/local/lib/python3.10/dist-packages/airflow/example_dags/example_kubernetes_executor.py for tasks to queue
[2022-10-04T03:51:57.790+0000] {logging_mixin.py:117} INFO - [2022-10-04T03:51:57.790+0000] {dagbag.py:525} INFO - Filling up the DagBag from /usr/local/lib/python3.10/dist-packages/airflow/example_dags/example_kubernetes_executor.py
[2022-10-04T03:51:57.818+0000] {processor.py:768} INFO - DAG(s) dict_keys(['example_kubernetes_executor']) retrieved from /usr/local/lib/python3.10/dist-packages/airflow/example_dags/example_kubernetes_executor.py
[2022-10-04T03:51:57.843+0000] {logging_mixin.py:117} INFO - [2022-10-04T03:51:57.843+0000] {dag.py:2573} INFO - Sync 1 DAGs
[2022-10-04T03:51:57.860+0000] {logging_mixin.py:117} INFO - [2022-10-04T03:51:57.860+0000] {dag.py:3324} INFO - Setting next_dagrun for example_kubernetes_executor to None, run_after=None
[2022-10-04T03:51:57.888+0000] {processor.py:178} INFO - Processing /usr/local/lib/python3.10/dist-packages/airflow/example_dags/example_kubernetes_executor.py took 0.103 seconds
[2022-10-04T03:52:37.873+0000] {processor.py:156} INFO - Started process (PID=1428) to work on /usr/local/lib/python3.10/dist-packages/airflow/example_dags/example_kubernetes_executor.py
[2022-10-04T03:52:37.876+0000] {processor.py:758} INFO - Processing file /usr/local/lib/python3.10/dist-packages/airflow/example_dags/example_kubernetes_executor.py for tasks to queue
[2022-10-04T03:52:37.877+0000] {logging_mixin.py:117} INFO - [2022-10-04T03:52:37.877+0000] {dagbag.py:525} INFO - Filling up the DagBag from /usr/local/lib/python3.10/dist-packages/airflow/example_dags/example_kubernetes_executor.py
[2022-10-04T03:52:37.910+0000] {processor.py:768} INFO - DAG(s) dict_keys(['example_kubernetes_executor']) retrieved from /usr/local/lib/python3.10/dist-packages/airflow/example_dags/example_kubernetes_executor.py
[2022-10-04T03:52:37.938+0000] {logging_mixin.py:117} INFO - [2022-10-04T03:52:37.938+0000] {dag.py:2573} INFO - Sync 1 DAGs
[2022-10-04T03:52:37.958+0000] {logging_mixin.py:117} INFO - [2022-10-04T03:52:37.958+0000] {dag.py:3324} INFO - Setting next_dagrun for example_kubernetes_executor to None, run_after=None
[2022-10-04T03:52:37.990+0000] {processor.py:178} INFO - Processing /usr/local/lib/python3.10/dist-packages/airflow/example_dags/example_kubernetes_executor.py took 0.121 seconds
[2022-10-04T03:53:16.823+0000] {processor.py:156} INFO - Started process (PID=1466) to work on /usr/local/lib/python3.10/dist-packages/airflow/example_dags/example_kubernetes_executor.py
[2022-10-04T03:53:16.825+0000] {processor.py:758} INFO - Processing file /usr/local/lib/python3.10/dist-packages/airflow/example_dags/example_kubernetes_executor.py for tasks to queue
[2022-10-04T03:53:16.825+0000] {logging_mixin.py:117} INFO - [2022-10-04T03:53:16.825+0000] {dagbag.py:525} INFO - Filling up the DagBag from /usr/local/lib/python3.10/dist-packages/airflow/example_dags/example_kubernetes_executor.py
[2022-10-04T03:53:16.853+0000] {processor.py:768} INFO - DAG(s) dict_keys(['example_kubernetes_executor']) retrieved from /usr/local/lib/python3.10/dist-packages/airflow/example_dags/example_kubernetes_executor.py
[2022-10-04T03:53:16.879+0000] {logging_mixin.py:117} INFO - [2022-10-04T03:53:16.879+0000] {dag.py:2573} INFO - Sync 1 DAGs
[2022-10-04T03:53:16.899+0000] {logging_mixin.py:117} INFO - [2022-10-04T03:53:16.899+0000] {dag.py:3324} INFO - Setting next_dagrun for example_kubernetes_executor to None, run_after=None
[2022-10-04T03:53:16.925+0000] {processor.py:178} INFO - Processing /usr/local/lib/python3.10/dist-packages/airflow/example_dags/example_kubernetes_executor.py took 0.105 seconds
[2022-10-04T03:53:54.753+0000] {processor.py:156} INFO - Started process (PID=1508) to work on /usr/local/lib/python3.10/dist-packages/airflow/example_dags/example_kubernetes_executor.py
[2022-10-04T03:53:54.755+0000] {processor.py:758} INFO - Processing file /usr/local/lib/python3.10/dist-packages/airflow/example_dags/example_kubernetes_executor.py for tasks to queue
[2022-10-04T03:53:54.755+0000] {logging_mixin.py:117} INFO - [2022-10-04T03:53:54.755+0000] {dagbag.py:525} INFO - Filling up the DagBag from /usr/local/lib/python3.10/dist-packages/airflow/example_dags/example_kubernetes_executor.py
[2022-10-04T03:53:54.787+0000] {processor.py:768} INFO - DAG(s) dict_keys(['example_kubernetes_executor']) retrieved from /usr/local/lib/python3.10/dist-packages/airflow/example_dags/example_kubernetes_executor.py
[2022-10-04T03:53:54.814+0000] {logging_mixin.py:117} INFO - [2022-10-04T03:53:54.814+0000] {dag.py:2573} INFO - Sync 1 DAGs
[2022-10-04T03:53:54.832+0000] {logging_mixin.py:117} INFO - [2022-10-04T03:53:54.832+0000] {dag.py:3324} INFO - Setting next_dagrun for example_kubernetes_executor to None, run_after=None
[2022-10-04T03:53:54.856+0000] {processor.py:178} INFO - Processing /usr/local/lib/python3.10/dist-packages/airflow/example_dags/example_kubernetes_executor.py took 0.106 seconds
[2022-10-04T03:55:06.148+0000] {processor.py:156} INFO - Started process (PID=1603) to work on /usr/local/lib/python3.10/dist-packages/airflow/example_dags/example_kubernetes_executor.py
[2022-10-04T03:55:06.149+0000] {processor.py:758} INFO - Processing file /usr/local/lib/python3.10/dist-packages/airflow/example_dags/example_kubernetes_executor.py for tasks to queue
[2022-10-04T03:55:06.149+0000] {logging_mixin.py:117} INFO - [2022-10-04T03:55:06.149+0000] {dagbag.py:525} INFO - Filling up the DagBag from /usr/local/lib/python3.10/dist-packages/airflow/example_dags/example_kubernetes_executor.py
[2022-10-04T03:55:06.189+0000] {processor.py:768} INFO - DAG(s) dict_keys(['example_kubernetes_executor']) retrieved from /usr/local/lib/python3.10/dist-packages/airflow/example_dags/example_kubernetes_executor.py
[2022-10-04T03:55:06.220+0000] {logging_mixin.py:117} INFO - [2022-10-04T03:55:06.220+0000] {dag.py:2573} INFO - Sync 1 DAGs
[2022-10-04T03:55:06.239+0000] {logging_mixin.py:117} INFO - [2022-10-04T03:55:06.239+0000] {dag.py:3324} INFO - Setting next_dagrun for example_kubernetes_executor to None, run_after=None
[2022-10-04T03:55:06.272+0000] {processor.py:178} INFO - Processing /usr/local/lib/python3.10/dist-packages/airflow/example_dags/example_kubernetes_executor.py took 0.128 seconds
[2022-10-04T04:35:54.225+0000] {processor.py:156} INFO - Started process (PID=1799) to work on /usr/local/lib/python3.10/dist-packages/airflow/example_dags/example_kubernetes_executor.py
[2022-10-04T04:35:54.227+0000] {processor.py:758} INFO - Processing file /usr/local/lib/python3.10/dist-packages/airflow/example_dags/example_kubernetes_executor.py for tasks to queue
[2022-10-04T04:35:54.228+0000] {logging_mixin.py:117} INFO - [2022-10-04T04:35:54.227+0000] {dagbag.py:525} INFO - Filling up the DagBag from /usr/local/lib/python3.10/dist-packages/airflow/example_dags/example_kubernetes_executor.py
[2022-10-04T04:35:54.265+0000] {processor.py:768} INFO - DAG(s) dict_keys(['example_kubernetes_executor']) retrieved from /usr/local/lib/python3.10/dist-packages/airflow/example_dags/example_kubernetes_executor.py
[2022-10-04T04:35:54.311+0000] {logging_mixin.py:117} INFO - [2022-10-04T04:35:54.310+0000] {dag.py:2573} INFO - Sync 1 DAGs
[2022-10-04T04:35:54.350+0000] {logging_mixin.py:117} INFO - [2022-10-04T04:35:54.350+0000] {dag.py:3324} INFO - Setting next_dagrun for example_kubernetes_executor to None, run_after=None
[2022-10-04T04:35:54.404+0000] {processor.py:178} INFO - Processing /usr/local/lib/python3.10/dist-packages/airflow/example_dags/example_kubernetes_executor.py took 0.182 seconds
[2022-10-04T04:37:32.635+0000] {processor.py:156} INFO - Started process (PID=1884) to work on /usr/local/lib/python3.10/dist-packages/airflow/example_dags/example_kubernetes_executor.py
[2022-10-04T04:37:32.637+0000] {processor.py:758} INFO - Processing file /usr/local/lib/python3.10/dist-packages/airflow/example_dags/example_kubernetes_executor.py for tasks to queue
[2022-10-04T04:37:32.637+0000] {logging_mixin.py:117} INFO - [2022-10-04T04:37:32.637+0000] {dagbag.py:525} INFO - Filling up the DagBag from /usr/local/lib/python3.10/dist-packages/airflow/example_dags/example_kubernetes_executor.py
[2022-10-04T04:37:32.666+0000] {processor.py:768} INFO - DAG(s) dict_keys(['example_kubernetes_executor']) retrieved from /usr/local/lib/python3.10/dist-packages/airflow/example_dags/example_kubernetes_executor.py
[2022-10-04T04:37:32.693+0000] {logging_mixin.py:117} INFO - [2022-10-04T04:37:32.693+0000] {dag.py:2573} INFO - Sync 1 DAGs
[2022-10-04T04:37:32.709+0000] {logging_mixin.py:117} INFO - [2022-10-04T04:37:32.709+0000] {dag.py:3324} INFO - Setting next_dagrun for example_kubernetes_executor to None, run_after=None
[2022-10-04T04:37:32.732+0000] {processor.py:178} INFO - Processing /usr/local/lib/python3.10/dist-packages/airflow/example_dags/example_kubernetes_executor.py took 0.099 seconds
[2022-10-04T04:46:06.393+0000] {processor.py:156} INFO - Started process (PID=2014) to work on /usr/local/lib/python3.10/dist-packages/airflow/example_dags/example_kubernetes_executor.py
[2022-10-04T04:46:06.394+0000] {processor.py:758} INFO - Processing file /usr/local/lib/python3.10/dist-packages/airflow/example_dags/example_kubernetes_executor.py for tasks to queue
[2022-10-04T04:46:06.394+0000] {logging_mixin.py:117} INFO - [2022-10-04T04:46:06.394+0000] {dagbag.py:525} INFO - Filling up the DagBag from /usr/local/lib/python3.10/dist-packages/airflow/example_dags/example_kubernetes_executor.py
[2022-10-04T04:46:06.423+0000] {processor.py:768} INFO - DAG(s) dict_keys(['example_kubernetes_executor']) retrieved from /usr/local/lib/python3.10/dist-packages/airflow/example_dags/example_kubernetes_executor.py
[2022-10-04T04:46:06.443+0000] {logging_mixin.py:117} INFO - [2022-10-04T04:46:06.443+0000] {dag.py:2573} INFO - Sync 1 DAGs
[2022-10-04T04:46:06.458+0000] {logging_mixin.py:117} INFO - [2022-10-04T04:46:06.458+0000] {dag.py:3324} INFO - Setting next_dagrun for example_kubernetes_executor to None, run_after=None
[2022-10-04T04:46:06.480+0000] {processor.py:178} INFO - Processing /usr/local/lib/python3.10/dist-packages/airflow/example_dags/example_kubernetes_executor.py took 0.091 seconds
[2022-10-04T04:46:44.045+0000] {processor.py:156} INFO - Started process (PID=2051) to work on /usr/local/lib/python3.10/dist-packages/airflow/example_dags/example_kubernetes_executor.py
[2022-10-04T04:46:44.046+0000] {processor.py:758} INFO - Processing file /usr/local/lib/python3.10/dist-packages/airflow/example_dags/example_kubernetes_executor.py for tasks to queue
[2022-10-04T04:46:44.047+0000] {logging_mixin.py:117} INFO - [2022-10-04T04:46:44.047+0000] {dagbag.py:525} INFO - Filling up the DagBag from /usr/local/lib/python3.10/dist-packages/airflow/example_dags/example_kubernetes_executor.py
[2022-10-04T04:46:44.072+0000] {processor.py:768} INFO - DAG(s) dict_keys(['example_kubernetes_executor']) retrieved from /usr/local/lib/python3.10/dist-packages/airflow/example_dags/example_kubernetes_executor.py
[2022-10-04T04:46:44.093+0000] {logging_mixin.py:117} INFO - [2022-10-04T04:46:44.093+0000] {dag.py:2573} INFO - Sync 1 DAGs
[2022-10-04T04:46:44.107+0000] {logging_mixin.py:117} INFO - [2022-10-04T04:46:44.107+0000] {dag.py:3324} INFO - Setting next_dagrun for example_kubernetes_executor to None, run_after=None
[2022-10-04T04:46:44.137+0000] {processor.py:178} INFO - Processing /usr/local/lib/python3.10/dist-packages/airflow/example_dags/example_kubernetes_executor.py took 0.095 seconds
[2022-10-04T04:47:23.394+0000] {processor.py:156} INFO - Started process (PID=2089) to work on /usr/local/lib/python3.10/dist-packages/airflow/example_dags/example_kubernetes_executor.py
[2022-10-04T04:47:23.395+0000] {processor.py:758} INFO - Processing file /usr/local/lib/python3.10/dist-packages/airflow/example_dags/example_kubernetes_executor.py for tasks to queue
[2022-10-04T04:47:23.395+0000] {logging_mixin.py:117} INFO - [2022-10-04T04:47:23.395+0000] {dagbag.py:525} INFO - Filling up the DagBag from /usr/local/lib/python3.10/dist-packages/airflow/example_dags/example_kubernetes_executor.py
[2022-10-04T04:47:23.420+0000] {processor.py:768} INFO - DAG(s) dict_keys(['example_kubernetes_executor']) retrieved from /usr/local/lib/python3.10/dist-packages/airflow/example_dags/example_kubernetes_executor.py
[2022-10-04T04:47:23.444+0000] {logging_mixin.py:117} INFO - [2022-10-04T04:47:23.444+0000] {dag.py:2573} INFO - Sync 1 DAGs
[2022-10-04T04:47:23.460+0000] {logging_mixin.py:117} INFO - [2022-10-04T04:47:23.460+0000] {dag.py:3324} INFO - Setting next_dagrun for example_kubernetes_executor to None, run_after=None
[2022-10-04T04:47:23.484+0000] {processor.py:178} INFO - Processing /usr/local/lib/python3.10/dist-packages/airflow/example_dags/example_kubernetes_executor.py took 0.093 seconds
[2022-10-04T04:48:00.952+0000] {processor.py:156} INFO - Started process (PID=2127) to work on /usr/local/lib/python3.10/dist-packages/airflow/example_dags/example_kubernetes_executor.py
[2022-10-04T04:48:00.953+0000] {processor.py:758} INFO - Processing file /usr/local/lib/python3.10/dist-packages/airflow/example_dags/example_kubernetes_executor.py for tasks to queue
[2022-10-04T04:48:00.953+0000] {logging_mixin.py:117} INFO - [2022-10-04T04:48:00.953+0000] {dagbag.py:525} INFO - Filling up the DagBag from /usr/local/lib/python3.10/dist-packages/airflow/example_dags/example_kubernetes_executor.py
[2022-10-04T04:48:00.978+0000] {processor.py:768} INFO - DAG(s) dict_keys(['example_kubernetes_executor']) retrieved from /usr/local/lib/python3.10/dist-packages/airflow/example_dags/example_kubernetes_executor.py
[2022-10-04T04:48:00.999+0000] {logging_mixin.py:117} INFO - [2022-10-04T04:48:00.999+0000] {dag.py:2573} INFO - Sync 1 DAGs
[2022-10-04T04:48:01.017+0000] {logging_mixin.py:117} INFO - [2022-10-04T04:48:01.016+0000] {dag.py:3324} INFO - Setting next_dagrun for example_kubernetes_executor to None, run_after=None
[2022-10-04T04:48:01.048+0000] {processor.py:178} INFO - Processing /usr/local/lib/python3.10/dist-packages/airflow/example_dags/example_kubernetes_executor.py took 0.099 seconds
[2022-10-04T04:48:37.573+0000] {processor.py:156} INFO - Started process (PID=2164) to work on /usr/local/lib/python3.10/dist-packages/airflow/example_dags/example_kubernetes_executor.py
[2022-10-04T04:48:37.575+0000] {processor.py:758} INFO - Processing file /usr/local/lib/python3.10/dist-packages/airflow/example_dags/example_kubernetes_executor.py for tasks to queue
[2022-10-04T04:48:37.575+0000] {logging_mixin.py:117} INFO - [2022-10-04T04:48:37.575+0000] {dagbag.py:525} INFO - Filling up the DagBag from /usr/local/lib/python3.10/dist-packages/airflow/example_dags/example_kubernetes_executor.py
[2022-10-04T04:48:37.600+0000] {processor.py:768} INFO - DAG(s) dict_keys(['example_kubernetes_executor']) retrieved from /usr/local/lib/python3.10/dist-packages/airflow/example_dags/example_kubernetes_executor.py
[2022-10-04T04:48:37.622+0000] {logging_mixin.py:117} INFO - [2022-10-04T04:48:37.622+0000] {dag.py:2573} INFO - Sync 1 DAGs
[2022-10-04T04:48:37.641+0000] {logging_mixin.py:117} INFO - [2022-10-04T04:48:37.641+0000] {dag.py:3324} INFO - Setting next_dagrun for example_kubernetes_executor to None, run_after=None
[2022-10-04T04:48:37.663+0000] {processor.py:178} INFO - Processing /usr/local/lib/python3.10/dist-packages/airflow/example_dags/example_kubernetes_executor.py took 0.092 seconds
[2022-10-04T04:49:14.530+0000] {processor.py:156} INFO - Started process (PID=2202) to work on /usr/local/lib/python3.10/dist-packages/airflow/example_dags/example_kubernetes_executor.py
[2022-10-04T04:49:14.539+0000] {processor.py:758} INFO - Processing file /usr/local/lib/python3.10/dist-packages/airflow/example_dags/example_kubernetes_executor.py for tasks to queue
[2022-10-04T04:49:14.540+0000] {logging_mixin.py:117} INFO - [2022-10-04T04:49:14.539+0000] {dagbag.py:525} INFO - Filling up the DagBag from /usr/local/lib/python3.10/dist-packages/airflow/example_dags/example_kubernetes_executor.py
[2022-10-04T04:49:14.567+0000] {processor.py:768} INFO - DAG(s) dict_keys(['example_kubernetes_executor']) retrieved from /usr/local/lib/python3.10/dist-packages/airflow/example_dags/example_kubernetes_executor.py
[2022-10-04T04:49:14.591+0000] {logging_mixin.py:117} INFO - [2022-10-04T04:49:14.591+0000] {dag.py:2573} INFO - Sync 1 DAGs
[2022-10-04T04:49:14.607+0000] {logging_mixin.py:117} INFO - [2022-10-04T04:49:14.606+0000] {dag.py:3324} INFO - Setting next_dagrun for example_kubernetes_executor to None, run_after=None
[2022-10-04T04:49:14.635+0000] {processor.py:178} INFO - Processing /usr/local/lib/python3.10/dist-packages/airflow/example_dags/example_kubernetes_executor.py took 0.108 seconds
[2022-10-04T04:49:57.696+0000] {processor.py:156} INFO - Started process (PID=2243) to work on /usr/local/lib/python3.10/dist-packages/airflow/example_dags/example_kubernetes_executor.py
[2022-10-04T04:49:57.697+0000] {processor.py:758} INFO - Processing file /usr/local/lib/python3.10/dist-packages/airflow/example_dags/example_kubernetes_executor.py for tasks to queue
[2022-10-04T04:49:57.697+0000] {logging_mixin.py:117} INFO - [2022-10-04T04:49:57.697+0000] {dagbag.py:525} INFO - Filling up the DagBag from /usr/local/lib/python3.10/dist-packages/airflow/example_dags/example_kubernetes_executor.py
[2022-10-04T04:49:57.720+0000] {processor.py:768} INFO - DAG(s) dict_keys(['example_kubernetes_executor']) retrieved from /usr/local/lib/python3.10/dist-packages/airflow/example_dags/example_kubernetes_executor.py
[2022-10-04T04:49:57.742+0000] {logging_mixin.py:117} INFO - [2022-10-04T04:49:57.742+0000] {dag.py:2573} INFO - Sync 1 DAGs
[2022-10-04T04:49:57.757+0000] {logging_mixin.py:117} INFO - [2022-10-04T04:49:57.757+0000] {dag.py:3324} INFO - Setting next_dagrun for example_kubernetes_executor to None, run_after=None
[2022-10-04T04:49:57.779+0000] {processor.py:178} INFO - Processing /usr/local/lib/python3.10/dist-packages/airflow/example_dags/example_kubernetes_executor.py took 0.086 seconds
[2022-10-04T04:50:34.181+0000] {processor.py:156} INFO - Started process (PID=2281) to work on /usr/local/lib/python3.10/dist-packages/airflow/example_dags/example_kubernetes_executor.py
[2022-10-04T04:50:34.182+0000] {processor.py:758} INFO - Processing file /usr/local/lib/python3.10/dist-packages/airflow/example_dags/example_kubernetes_executor.py for tasks to queue
[2022-10-04T04:50:34.183+0000] {logging_mixin.py:117} INFO - [2022-10-04T04:50:34.183+0000] {dagbag.py:525} INFO - Filling up the DagBag from /usr/local/lib/python3.10/dist-packages/airflow/example_dags/example_kubernetes_executor.py
[2022-10-04T04:50:34.209+0000] {processor.py:768} INFO - DAG(s) dict_keys(['example_kubernetes_executor']) retrieved from /usr/local/lib/python3.10/dist-packages/airflow/example_dags/example_kubernetes_executor.py
[2022-10-04T04:50:34.231+0000] {logging_mixin.py:117} INFO - [2022-10-04T04:50:34.230+0000] {dag.py:2573} INFO - Sync 1 DAGs
[2022-10-04T04:50:34.246+0000] {logging_mixin.py:117} INFO - [2022-10-04T04:50:34.245+0000] {dag.py:3324} INFO - Setting next_dagrun for example_kubernetes_executor to None, run_after=None
[2022-10-04T04:50:34.267+0000] {processor.py:178} INFO - Processing /usr/local/lib/python3.10/dist-packages/airflow/example_dags/example_kubernetes_executor.py took 0.089 seconds
[2022-10-04T04:51:11.082+0000] {processor.py:156} INFO - Started process (PID=2319) to work on /usr/local/lib/python3.10/dist-packages/airflow/example_dags/example_kubernetes_executor.py
[2022-10-04T04:51:11.083+0000] {processor.py:758} INFO - Processing file /usr/local/lib/python3.10/dist-packages/airflow/example_dags/example_kubernetes_executor.py for tasks to queue
[2022-10-04T04:51:11.084+0000] {logging_mixin.py:117} INFO - [2022-10-04T04:51:11.084+0000] {dagbag.py:525} INFO - Filling up the DagBag from /usr/local/lib/python3.10/dist-packages/airflow/example_dags/example_kubernetes_executor.py
[2022-10-04T04:51:11.109+0000] {processor.py:768} INFO - DAG(s) dict_keys(['example_kubernetes_executor']) retrieved from /usr/local/lib/python3.10/dist-packages/airflow/example_dags/example_kubernetes_executor.py
[2022-10-04T04:51:11.131+0000] {logging_mixin.py:117} INFO - [2022-10-04T04:51:11.131+0000] {dag.py:2573} INFO - Sync 1 DAGs
[2022-10-04T04:51:11.147+0000] {logging_mixin.py:117} INFO - [2022-10-04T04:51:11.146+0000] {dag.py:3324} INFO - Setting next_dagrun for example_kubernetes_executor to None, run_after=None
[2022-10-04T04:51:11.168+0000] {processor.py:178} INFO - Processing /usr/local/lib/python3.10/dist-packages/airflow/example_dags/example_kubernetes_executor.py took 0.089 seconds
[2022-10-04T04:51:53.608+0000] {processor.py:156} INFO - Started process (PID=2359) to work on /usr/local/lib/python3.10/dist-packages/airflow/example_dags/example_kubernetes_executor.py
[2022-10-04T04:51:53.609+0000] {processor.py:758} INFO - Processing file /usr/local/lib/python3.10/dist-packages/airflow/example_dags/example_kubernetes_executor.py for tasks to queue
[2022-10-04T04:51:53.609+0000] {logging_mixin.py:117} INFO - [2022-10-04T04:51:53.609+0000] {dagbag.py:525} INFO - Filling up the DagBag from /usr/local/lib/python3.10/dist-packages/airflow/example_dags/example_kubernetes_executor.py
[2022-10-04T04:51:53.632+0000] {processor.py:768} INFO - DAG(s) dict_keys(['example_kubernetes_executor']) retrieved from /usr/local/lib/python3.10/dist-packages/airflow/example_dags/example_kubernetes_executor.py
[2022-10-04T04:51:53.651+0000] {logging_mixin.py:117} INFO - [2022-10-04T04:51:53.651+0000] {dag.py:2573} INFO - Sync 1 DAGs
[2022-10-04T04:51:53.666+0000] {logging_mixin.py:117} INFO - [2022-10-04T04:51:53.666+0000] {dag.py:3324} INFO - Setting next_dagrun for example_kubernetes_executor to None, run_after=None
[2022-10-04T04:51:53.687+0000] {processor.py:178} INFO - Processing /usr/local/lib/python3.10/dist-packages/airflow/example_dags/example_kubernetes_executor.py took 0.083 seconds
[2022-10-04T04:52:37.189+0000] {processor.py:156} INFO - Started process (PID=2403) to work on /usr/local/lib/python3.10/dist-packages/airflow/example_dags/example_kubernetes_executor.py
[2022-10-04T04:52:37.191+0000] {processor.py:758} INFO - Processing file /usr/local/lib/python3.10/dist-packages/airflow/example_dags/example_kubernetes_executor.py for tasks to queue
[2022-10-04T04:52:37.192+0000] {logging_mixin.py:117} INFO - [2022-10-04T04:52:37.191+0000] {dagbag.py:525} INFO - Filling up the DagBag from /usr/local/lib/python3.10/dist-packages/airflow/example_dags/example_kubernetes_executor.py
[2022-10-04T04:52:37.216+0000] {processor.py:768} INFO - DAG(s) dict_keys(['example_kubernetes_executor']) retrieved from /usr/local/lib/python3.10/dist-packages/airflow/example_dags/example_kubernetes_executor.py
[2022-10-04T04:52:37.239+0000] {logging_mixin.py:117} INFO - [2022-10-04T04:52:37.239+0000] {dag.py:2573} INFO - Sync 1 DAGs
[2022-10-04T04:52:37.259+0000] {logging_mixin.py:117} INFO - [2022-10-04T04:52:37.259+0000] {dag.py:3324} INFO - Setting next_dagrun for example_kubernetes_executor to None, run_after=None
[2022-10-04T04:52:37.282+0000] {processor.py:178} INFO - Processing /usr/local/lib/python3.10/dist-packages/airflow/example_dags/example_kubernetes_executor.py took 0.096 seconds
[2022-10-04T04:53:20.954+0000] {processor.py:156} INFO - Started process (PID=2446) to work on /usr/local/lib/python3.10/dist-packages/airflow/example_dags/example_kubernetes_executor.py
[2022-10-04T04:53:20.956+0000] {processor.py:758} INFO - Processing file /usr/local/lib/python3.10/dist-packages/airflow/example_dags/example_kubernetes_executor.py for tasks to queue
[2022-10-04T04:53:20.956+0000] {logging_mixin.py:117} INFO - [2022-10-04T04:53:20.956+0000] {dagbag.py:525} INFO - Filling up the DagBag from /usr/local/lib/python3.10/dist-packages/airflow/example_dags/example_kubernetes_executor.py
[2022-10-04T04:53:20.979+0000] {processor.py:768} INFO - DAG(s) dict_keys(['example_kubernetes_executor']) retrieved from /usr/local/lib/python3.10/dist-packages/airflow/example_dags/example_kubernetes_executor.py
[2022-10-04T04:53:21.002+0000] {logging_mixin.py:117} INFO - [2022-10-04T04:53:21.002+0000] {dag.py:2573} INFO - Sync 1 DAGs
[2022-10-04T04:53:21.019+0000] {logging_mixin.py:117} INFO - [2022-10-04T04:53:21.019+0000] {dag.py:3324} INFO - Setting next_dagrun for example_kubernetes_executor to None, run_after=None
[2022-10-04T04:53:21.039+0000] {processor.py:178} INFO - Processing /usr/local/lib/python3.10/dist-packages/airflow/example_dags/example_kubernetes_executor.py took 0.089 seconds
[2022-10-04T04:54:01.735+0000] {processor.py:156} INFO - Started process (PID=2487) to work on /usr/local/lib/python3.10/dist-packages/airflow/example_dags/example_kubernetes_executor.py
[2022-10-04T04:54:01.736+0000] {processor.py:758} INFO - Processing file /usr/local/lib/python3.10/dist-packages/airflow/example_dags/example_kubernetes_executor.py for tasks to queue
[2022-10-04T04:54:01.737+0000] {logging_mixin.py:117} INFO - [2022-10-04T04:54:01.736+0000] {dagbag.py:525} INFO - Filling up the DagBag from /usr/local/lib/python3.10/dist-packages/airflow/example_dags/example_kubernetes_executor.py
[2022-10-04T04:54:01.762+0000] {processor.py:768} INFO - DAG(s) dict_keys(['example_kubernetes_executor']) retrieved from /usr/local/lib/python3.10/dist-packages/airflow/example_dags/example_kubernetes_executor.py
[2022-10-04T04:54:01.785+0000] {logging_mixin.py:117} INFO - [2022-10-04T04:54:01.785+0000] {dag.py:2573} INFO - Sync 1 DAGs
[2022-10-04T04:54:01.801+0000] {logging_mixin.py:117} INFO - [2022-10-04T04:54:01.801+0000] {dag.py:3324} INFO - Setting next_dagrun for example_kubernetes_executor to None, run_after=None
[2022-10-04T04:54:01.823+0000] {processor.py:178} INFO - Processing /usr/local/lib/python3.10/dist-packages/airflow/example_dags/example_kubernetes_executor.py took 0.091 seconds
