[2022-10-04T03:09:23.153+0000] {processor.py:156} INFO - Started process (PID=7700) to work on /usr/local/lib/python3.10/dist-packages/airflow/example_dags/example_short_circuit_decorator.py
[2022-10-04T03:09:23.154+0000] {processor.py:758} INFO - Processing file /usr/local/lib/python3.10/dist-packages/airflow/example_dags/example_short_circuit_decorator.py for tasks to queue
[2022-10-04T03:09:23.155+0000] {logging_mixin.py:117} INFO - [2022-10-04T03:09:23.155+0000] {dagbag.py:525} INFO - Filling up the DagBag from /usr/local/lib/python3.10/dist-packages/airflow/example_dags/example_short_circuit_decorator.py
[2022-10-04T03:09:23.180+0000] {processor.py:768} INFO - DAG(s) dict_keys(['example_short_circuit_decorator']) retrieved from /usr/local/lib/python3.10/dist-packages/airflow/example_dags/example_short_circuit_decorator.py
[2022-10-04T03:09:23.285+0000] {logging_mixin.py:117} INFO - [2022-10-04T03:09:23.285+0000] {manager.py:508} INFO - Created Permission View: can read on DAG:example_short_circuit_decorator
[2022-10-04T03:09:23.297+0000] {logging_mixin.py:117} INFO - [2022-10-04T03:09:23.297+0000] {manager.py:508} INFO - Created Permission View: can delete on DAG:example_short_circuit_decorator
[2022-10-04T03:09:23.308+0000] {logging_mixin.py:117} INFO - [2022-10-04T03:09:23.308+0000] {manager.py:508} INFO - Created Permission View: can edit on DAG:example_short_circuit_decorator
[2022-10-04T03:09:23.308+0000] {logging_mixin.py:117} INFO - [2022-10-04T03:09:23.308+0000] {dag.py:2573} INFO - Sync 1 DAGs
[2022-10-04T03:09:23.317+0000] {logging_mixin.py:117} INFO - [2022-10-04T03:09:23.317+0000] {dag.py:2594} INFO - Creating ORM DAG for example_short_circuit_decorator
[2022-10-04T03:09:23.325+0000] {logging_mixin.py:117} INFO - [2022-10-04T03:09:23.325+0000] {dag.py:3324} INFO - Setting next_dagrun for example_short_circuit_decorator to 2022-10-03T03:09:23.325579+00:00, run_after=2022-10-04T03:09:23.325579+00:00
[2022-10-04T03:09:23.348+0000] {processor.py:178} INFO - Processing /usr/local/lib/python3.10/dist-packages/airflow/example_dags/example_short_circuit_decorator.py took 0.197 seconds
[2022-10-04T03:10:02.534+0000] {processor.py:156} INFO - Started process (PID=7747) to work on /usr/local/lib/python3.10/dist-packages/airflow/example_dags/example_short_circuit_decorator.py
[2022-10-04T03:10:02.537+0000] {processor.py:758} INFO - Processing file /usr/local/lib/python3.10/dist-packages/airflow/example_dags/example_short_circuit_decorator.py for tasks to queue
[2022-10-04T03:10:02.537+0000] {logging_mixin.py:117} INFO - [2022-10-04T03:10:02.537+0000] {dagbag.py:525} INFO - Filling up the DagBag from /usr/local/lib/python3.10/dist-packages/airflow/example_dags/example_short_circuit_decorator.py
[2022-10-04T03:10:02.571+0000] {processor.py:768} INFO - DAG(s) dict_keys(['example_short_circuit_decorator']) retrieved from /usr/local/lib/python3.10/dist-packages/airflow/example_dags/example_short_circuit_decorator.py
[2022-10-04T03:10:02.602+0000] {logging_mixin.py:117} INFO - [2022-10-04T03:10:02.601+0000] {dag.py:2573} INFO - Sync 1 DAGs
[2022-10-04T03:10:02.621+0000] {logging_mixin.py:117} INFO - [2022-10-04T03:10:02.620+0000] {dag.py:3324} INFO - Setting next_dagrun for example_short_circuit_decorator to 2022-10-03T03:10:02.620787+00:00, run_after=2022-10-04T03:10:02.620787+00:00
[2022-10-04T03:10:02.647+0000] {processor.py:178} INFO - Processing /usr/local/lib/python3.10/dist-packages/airflow/example_dags/example_short_circuit_decorator.py took 0.119 seconds
[2022-10-04T03:10:42.584+0000] {processor.py:156} INFO - Started process (PID=7786) to work on /usr/local/lib/python3.10/dist-packages/airflow/example_dags/example_short_circuit_decorator.py
[2022-10-04T03:10:42.585+0000] {processor.py:758} INFO - Processing file /usr/local/lib/python3.10/dist-packages/airflow/example_dags/example_short_circuit_decorator.py for tasks to queue
[2022-10-04T03:10:42.586+0000] {logging_mixin.py:117} INFO - [2022-10-04T03:10:42.586+0000] {dagbag.py:525} INFO - Filling up the DagBag from /usr/local/lib/python3.10/dist-packages/airflow/example_dags/example_short_circuit_decorator.py
[2022-10-04T03:10:42.613+0000] {processor.py:768} INFO - DAG(s) dict_keys(['example_short_circuit_decorator']) retrieved from /usr/local/lib/python3.10/dist-packages/airflow/example_dags/example_short_circuit_decorator.py
[2022-10-04T03:10:42.642+0000] {logging_mixin.py:117} INFO - [2022-10-04T03:10:42.642+0000] {dag.py:2573} INFO - Sync 1 DAGs
[2022-10-04T03:10:42.660+0000] {logging_mixin.py:117} INFO - [2022-10-04T03:10:42.659+0000] {dag.py:3324} INFO - Setting next_dagrun for example_short_circuit_decorator to 2022-10-03T03:10:42.659721+00:00, run_after=2022-10-04T03:10:42.659721+00:00
[2022-10-04T03:10:42.684+0000] {processor.py:178} INFO - Processing /usr/local/lib/python3.10/dist-packages/airflow/example_dags/example_short_circuit_decorator.py took 0.103 seconds
[2022-10-04T03:11:24.609+0000] {processor.py:156} INFO - Started process (PID=7830) to work on /usr/local/lib/python3.10/dist-packages/airflow/example_dags/example_short_circuit_decorator.py
[2022-10-04T03:11:24.611+0000] {processor.py:758} INFO - Processing file /usr/local/lib/python3.10/dist-packages/airflow/example_dags/example_short_circuit_decorator.py for tasks to queue
[2022-10-04T03:11:24.611+0000] {logging_mixin.py:117} INFO - [2022-10-04T03:11:24.611+0000] {dagbag.py:525} INFO - Filling up the DagBag from /usr/local/lib/python3.10/dist-packages/airflow/example_dags/example_short_circuit_decorator.py
[2022-10-04T03:11:24.639+0000] {processor.py:768} INFO - DAG(s) dict_keys(['example_short_circuit_decorator']) retrieved from /usr/local/lib/python3.10/dist-packages/airflow/example_dags/example_short_circuit_decorator.py
[2022-10-04T03:11:24.682+0000] {logging_mixin.py:117} INFO - [2022-10-04T03:11:24.682+0000] {dag.py:2573} INFO - Sync 1 DAGs
[2022-10-04T03:11:24.732+0000] {logging_mixin.py:117} INFO - [2022-10-04T03:11:24.729+0000] {dag.py:3324} INFO - Setting next_dagrun for example_short_circuit_decorator to 2022-10-03T03:11:24.729429+00:00, run_after=2022-10-04T03:11:24.729429+00:00
[2022-10-04T03:11:24.777+0000] {processor.py:178} INFO - Processing /usr/local/lib/python3.10/dist-packages/airflow/example_dags/example_short_circuit_decorator.py took 0.170 seconds
[2022-10-04T03:12:05.036+0000] {processor.py:156} INFO - Started process (PID=7870) to work on /usr/local/lib/python3.10/dist-packages/airflow/example_dags/example_short_circuit_decorator.py
[2022-10-04T03:12:05.037+0000] {processor.py:758} INFO - Processing file /usr/local/lib/python3.10/dist-packages/airflow/example_dags/example_short_circuit_decorator.py for tasks to queue
[2022-10-04T03:12:05.037+0000] {logging_mixin.py:117} INFO - [2022-10-04T03:12:05.037+0000] {dagbag.py:525} INFO - Filling up the DagBag from /usr/local/lib/python3.10/dist-packages/airflow/example_dags/example_short_circuit_decorator.py
[2022-10-04T03:12:05.059+0000] {processor.py:768} INFO - DAG(s) dict_keys(['example_short_circuit_decorator']) retrieved from /usr/local/lib/python3.10/dist-packages/airflow/example_dags/example_short_circuit_decorator.py
[2022-10-04T03:12:05.080+0000] {logging_mixin.py:117} INFO - [2022-10-04T03:12:05.080+0000] {dag.py:2573} INFO - Sync 1 DAGs
[2022-10-04T03:12:05.097+0000] {logging_mixin.py:117} INFO - [2022-10-04T03:12:05.097+0000] {dag.py:3324} INFO - Setting next_dagrun for example_short_circuit_decorator to 2022-10-03T03:12:05.097311+00:00, run_after=2022-10-04T03:12:05.097311+00:00
[2022-10-04T03:12:05.118+0000] {processor.py:178} INFO - Processing /usr/local/lib/python3.10/dist-packages/airflow/example_dags/example_short_circuit_decorator.py took 0.084 seconds
[2022-10-04T03:12:42.522+0000] {processor.py:156} INFO - Started process (PID=7908) to work on /usr/local/lib/python3.10/dist-packages/airflow/example_dags/example_short_circuit_decorator.py
[2022-10-04T03:12:42.524+0000] {processor.py:758} INFO - Processing file /usr/local/lib/python3.10/dist-packages/airflow/example_dags/example_short_circuit_decorator.py for tasks to queue
[2022-10-04T03:12:42.524+0000] {logging_mixin.py:117} INFO - [2022-10-04T03:12:42.524+0000] {dagbag.py:525} INFO - Filling up the DagBag from /usr/local/lib/python3.10/dist-packages/airflow/example_dags/example_short_circuit_decorator.py
[2022-10-04T03:12:42.549+0000] {processor.py:768} INFO - DAG(s) dict_keys(['example_short_circuit_decorator']) retrieved from /usr/local/lib/python3.10/dist-packages/airflow/example_dags/example_short_circuit_decorator.py
[2022-10-04T03:12:42.574+0000] {logging_mixin.py:117} INFO - [2022-10-04T03:12:42.574+0000] {dag.py:2573} INFO - Sync 1 DAGs
[2022-10-04T03:12:42.593+0000] {logging_mixin.py:117} INFO - [2022-10-04T03:12:42.593+0000] {dag.py:3324} INFO - Setting next_dagrun for example_short_circuit_decorator to 2022-10-03T03:12:42.592986+00:00, run_after=2022-10-04T03:12:42.592986+00:00
[2022-10-04T03:12:42.615+0000] {processor.py:178} INFO - Processing /usr/local/lib/python3.10/dist-packages/airflow/example_dags/example_short_circuit_decorator.py took 0.096 seconds
[2022-10-04T03:13:23.563+0000] {processor.py:156} INFO - Started process (PID=7949) to work on /usr/local/lib/python3.10/dist-packages/airflow/example_dags/example_short_circuit_decorator.py
[2022-10-04T03:13:23.565+0000] {processor.py:758} INFO - Processing file /usr/local/lib/python3.10/dist-packages/airflow/example_dags/example_short_circuit_decorator.py for tasks to queue
[2022-10-04T03:13:23.565+0000] {logging_mixin.py:117} INFO - [2022-10-04T03:13:23.565+0000] {dagbag.py:525} INFO - Filling up the DagBag from /usr/local/lib/python3.10/dist-packages/airflow/example_dags/example_short_circuit_decorator.py
[2022-10-04T03:13:23.588+0000] {processor.py:768} INFO - DAG(s) dict_keys(['example_short_circuit_decorator']) retrieved from /usr/local/lib/python3.10/dist-packages/airflow/example_dags/example_short_circuit_decorator.py
[2022-10-04T03:13:23.619+0000] {logging_mixin.py:117} INFO - [2022-10-04T03:13:23.619+0000] {dag.py:2573} INFO - Sync 1 DAGs
[2022-10-04T03:13:23.641+0000] {logging_mixin.py:117} INFO - [2022-10-04T03:13:23.641+0000] {dag.py:3324} INFO - Setting next_dagrun for example_short_circuit_decorator to 2022-10-03T03:13:23.641363+00:00, run_after=2022-10-04T03:13:23.641363+00:00
[2022-10-04T03:13:23.689+0000] {processor.py:178} INFO - Processing /usr/local/lib/python3.10/dist-packages/airflow/example_dags/example_short_circuit_decorator.py took 0.128 seconds
[2022-10-04T03:14:03.734+0000] {processor.py:156} INFO - Started process (PID=7988) to work on /usr/local/lib/python3.10/dist-packages/airflow/example_dags/example_short_circuit_decorator.py
[2022-10-04T03:14:03.735+0000] {processor.py:758} INFO - Processing file /usr/local/lib/python3.10/dist-packages/airflow/example_dags/example_short_circuit_decorator.py for tasks to queue
[2022-10-04T03:14:03.736+0000] {logging_mixin.py:117} INFO - [2022-10-04T03:14:03.735+0000] {dagbag.py:525} INFO - Filling up the DagBag from /usr/local/lib/python3.10/dist-packages/airflow/example_dags/example_short_circuit_decorator.py
[2022-10-04T03:14:03.759+0000] {processor.py:768} INFO - DAG(s) dict_keys(['example_short_circuit_decorator']) retrieved from /usr/local/lib/python3.10/dist-packages/airflow/example_dags/example_short_circuit_decorator.py
[2022-10-04T03:14:03.785+0000] {logging_mixin.py:117} INFO - [2022-10-04T03:14:03.785+0000] {dag.py:2573} INFO - Sync 1 DAGs
[2022-10-04T03:14:03.805+0000] {logging_mixin.py:117} INFO - [2022-10-04T03:14:03.805+0000] {dag.py:3324} INFO - Setting next_dagrun for example_short_circuit_decorator to 2022-10-03T03:14:03.804886+00:00, run_after=2022-10-04T03:14:03.804886+00:00
[2022-10-04T03:14:03.832+0000] {processor.py:178} INFO - Processing /usr/local/lib/python3.10/dist-packages/airflow/example_dags/example_short_circuit_decorator.py took 0.101 seconds
[2022-10-04T03:14:42.046+0000] {processor.py:156} INFO - Started process (PID=8029) to work on /usr/local/lib/python3.10/dist-packages/airflow/example_dags/example_short_circuit_decorator.py
[2022-10-04T03:14:42.047+0000] {processor.py:758} INFO - Processing file /usr/local/lib/python3.10/dist-packages/airflow/example_dags/example_short_circuit_decorator.py for tasks to queue
[2022-10-04T03:14:42.047+0000] {logging_mixin.py:117} INFO - [2022-10-04T03:14:42.047+0000] {dagbag.py:525} INFO - Filling up the DagBag from /usr/local/lib/python3.10/dist-packages/airflow/example_dags/example_short_circuit_decorator.py
[2022-10-04T03:14:42.073+0000] {processor.py:768} INFO - DAG(s) dict_keys(['example_short_circuit_decorator']) retrieved from /usr/local/lib/python3.10/dist-packages/airflow/example_dags/example_short_circuit_decorator.py
[2022-10-04T03:14:42.097+0000] {logging_mixin.py:117} INFO - [2022-10-04T03:14:42.096+0000] {dag.py:2573} INFO - Sync 1 DAGs
[2022-10-04T03:14:42.115+0000] {logging_mixin.py:117} INFO - [2022-10-04T03:14:42.115+0000] {dag.py:3324} INFO - Setting next_dagrun for example_short_circuit_decorator to 2022-10-03T03:14:42.114858+00:00, run_after=2022-10-04T03:14:42.114858+00:00
[2022-10-04T03:14:42.137+0000] {processor.py:178} INFO - Processing /usr/local/lib/python3.10/dist-packages/airflow/example_dags/example_short_circuit_decorator.py took 0.095 seconds
[2022-10-04T03:15:25.419+0000] {processor.py:156} INFO - Started process (PID=8070) to work on /usr/local/lib/python3.10/dist-packages/airflow/example_dags/example_short_circuit_decorator.py
[2022-10-04T03:15:25.420+0000] {processor.py:758} INFO - Processing file /usr/local/lib/python3.10/dist-packages/airflow/example_dags/example_short_circuit_decorator.py for tasks to queue
[2022-10-04T03:15:25.420+0000] {logging_mixin.py:117} INFO - [2022-10-04T03:15:25.420+0000] {dagbag.py:525} INFO - Filling up the DagBag from /usr/local/lib/python3.10/dist-packages/airflow/example_dags/example_short_circuit_decorator.py
[2022-10-04T03:15:25.442+0000] {processor.py:768} INFO - DAG(s) dict_keys(['example_short_circuit_decorator']) retrieved from /usr/local/lib/python3.10/dist-packages/airflow/example_dags/example_short_circuit_decorator.py
[2022-10-04T03:15:25.463+0000] {logging_mixin.py:117} INFO - [2022-10-04T03:15:25.463+0000] {dag.py:2573} INFO - Sync 1 DAGs
[2022-10-04T03:15:25.480+0000] {logging_mixin.py:117} INFO - [2022-10-04T03:15:25.479+0000] {dag.py:3324} INFO - Setting next_dagrun for example_short_circuit_decorator to 2022-10-03T03:15:25.479768+00:00, run_after=2022-10-04T03:15:25.479768+00:00
[2022-10-04T03:15:25.630+0000] {processor.py:178} INFO - Processing /usr/local/lib/python3.10/dist-packages/airflow/example_dags/example_short_circuit_decorator.py took 0.214 seconds
[2022-10-04T03:16:05.950+0000] {processor.py:156} INFO - Started process (PID=8110) to work on /usr/local/lib/python3.10/dist-packages/airflow/example_dags/example_short_circuit_decorator.py
[2022-10-04T03:16:05.951+0000] {processor.py:758} INFO - Processing file /usr/local/lib/python3.10/dist-packages/airflow/example_dags/example_short_circuit_decorator.py for tasks to queue
[2022-10-04T03:16:05.951+0000] {logging_mixin.py:117} INFO - [2022-10-04T03:16:05.951+0000] {dagbag.py:525} INFO - Filling up the DagBag from /usr/local/lib/python3.10/dist-packages/airflow/example_dags/example_short_circuit_decorator.py
[2022-10-04T03:16:05.975+0000] {processor.py:768} INFO - DAG(s) dict_keys(['example_short_circuit_decorator']) retrieved from /usr/local/lib/python3.10/dist-packages/airflow/example_dags/example_short_circuit_decorator.py
[2022-10-04T03:16:05.996+0000] {logging_mixin.py:117} INFO - [2022-10-04T03:16:05.996+0000] {dag.py:2573} INFO - Sync 1 DAGs
[2022-10-04T03:16:06.014+0000] {logging_mixin.py:117} INFO - [2022-10-04T03:16:06.014+0000] {dag.py:3324} INFO - Setting next_dagrun for example_short_circuit_decorator to 2022-10-03T03:16:06.014191+00:00, run_after=2022-10-04T03:16:06.014191+00:00
[2022-10-04T03:16:06.165+0000] {processor.py:178} INFO - Processing /usr/local/lib/python3.10/dist-packages/airflow/example_dags/example_short_circuit_decorator.py took 0.218 seconds
[2022-10-04T03:16:46.748+0000] {processor.py:156} INFO - Started process (PID=8235) to work on /usr/local/lib/python3.10/dist-packages/airflow/example_dags/example_short_circuit_decorator.py
[2022-10-04T03:16:46.749+0000] {processor.py:758} INFO - Processing file /usr/local/lib/python3.10/dist-packages/airflow/example_dags/example_short_circuit_decorator.py for tasks to queue
[2022-10-04T03:16:46.750+0000] {logging_mixin.py:117} INFO - [2022-10-04T03:16:46.750+0000] {dagbag.py:525} INFO - Filling up the DagBag from /usr/local/lib/python3.10/dist-packages/airflow/example_dags/example_short_circuit_decorator.py
[2022-10-04T03:16:46.777+0000] {processor.py:768} INFO - DAG(s) dict_keys(['example_short_circuit_decorator']) retrieved from /usr/local/lib/python3.10/dist-packages/airflow/example_dags/example_short_circuit_decorator.py
[2022-10-04T03:16:46.798+0000] {logging_mixin.py:117} INFO - [2022-10-04T03:16:46.798+0000] {dag.py:2573} INFO - Sync 1 DAGs
[2022-10-04T03:16:46.939+0000] {logging_mixin.py:117} INFO - [2022-10-04T03:16:46.939+0000] {dag.py:3324} INFO - Setting next_dagrun for example_short_circuit_decorator to 2022-10-03T03:16:46.939239+00:00, run_after=2022-10-04T03:16:46.939239+00:00
[2022-10-04T03:16:46.960+0000] {processor.py:178} INFO - Processing /usr/local/lib/python3.10/dist-packages/airflow/example_dags/example_short_circuit_decorator.py took 0.214 seconds
[2022-10-04T03:17:27.666+0000] {processor.py:156} INFO - Started process (PID=8606) to work on /usr/local/lib/python3.10/dist-packages/airflow/example_dags/example_short_circuit_decorator.py
[2022-10-04T03:17:27.667+0000] {processor.py:758} INFO - Processing file /usr/local/lib/python3.10/dist-packages/airflow/example_dags/example_short_circuit_decorator.py for tasks to queue
[2022-10-04T03:17:27.668+0000] {logging_mixin.py:117} INFO - [2022-10-04T03:17:27.667+0000] {dagbag.py:525} INFO - Filling up the DagBag from /usr/local/lib/python3.10/dist-packages/airflow/example_dags/example_short_circuit_decorator.py
[2022-10-04T03:17:27.692+0000] {processor.py:768} INFO - DAG(s) dict_keys(['example_short_circuit_decorator']) retrieved from /usr/local/lib/python3.10/dist-packages/airflow/example_dags/example_short_circuit_decorator.py
[2022-10-04T03:17:27.713+0000] {logging_mixin.py:117} INFO - [2022-10-04T03:17:27.713+0000] {dag.py:2573} INFO - Sync 1 DAGs
[2022-10-04T03:17:27.874+0000] {logging_mixin.py:117} INFO - [2022-10-04T03:17:27.874+0000] {dag.py:3324} INFO - Setting next_dagrun for example_short_circuit_decorator to 2022-10-03T03:17:27.874133+00:00, run_after=2022-10-04T03:17:27.874133+00:00
[2022-10-04T03:17:27.896+0000] {processor.py:178} INFO - Processing /usr/local/lib/python3.10/dist-packages/airflow/example_dags/example_short_circuit_decorator.py took 0.233 seconds
[2022-10-04T03:18:58.822+0000] {processor.py:156} INFO - Started process (PID=8703) to work on /usr/local/lib/python3.10/dist-packages/airflow/example_dags/example_short_circuit_decorator.py
[2022-10-04T03:18:58.824+0000] {processor.py:758} INFO - Processing file /usr/local/lib/python3.10/dist-packages/airflow/example_dags/example_short_circuit_decorator.py for tasks to queue
[2022-10-04T03:18:58.824+0000] {logging_mixin.py:117} INFO - [2022-10-04T03:18:58.824+0000] {dagbag.py:525} INFO - Filling up the DagBag from /usr/local/lib/python3.10/dist-packages/airflow/example_dags/example_short_circuit_decorator.py
[2022-10-04T03:18:58.856+0000] {processor.py:768} INFO - DAG(s) dict_keys(['example_short_circuit_decorator']) retrieved from /usr/local/lib/python3.10/dist-packages/airflow/example_dags/example_short_circuit_decorator.py
[2022-10-04T03:18:58.880+0000] {logging_mixin.py:117} INFO - [2022-10-04T03:18:58.880+0000] {dag.py:2573} INFO - Sync 1 DAGs
[2022-10-04T03:18:58.907+0000] {logging_mixin.py:117} INFO - [2022-10-04T03:18:58.907+0000] {dag.py:3324} INFO - Setting next_dagrun for example_short_circuit_decorator to 2022-10-03T03:18:58.907195+00:00, run_after=2022-10-04T03:18:58.907195+00:00
[2022-10-04T03:18:58.933+0000] {processor.py:178} INFO - Processing /usr/local/lib/python3.10/dist-packages/airflow/example_dags/example_short_circuit_decorator.py took 0.113 seconds
[2022-10-04T03:19:37.225+0000] {processor.py:156} INFO - Started process (PID=8744) to work on /usr/local/lib/python3.10/dist-packages/airflow/example_dags/example_short_circuit_decorator.py
[2022-10-04T03:19:37.226+0000] {processor.py:758} INFO - Processing file /usr/local/lib/python3.10/dist-packages/airflow/example_dags/example_short_circuit_decorator.py for tasks to queue
[2022-10-04T03:19:37.226+0000] {logging_mixin.py:117} INFO - [2022-10-04T03:19:37.226+0000] {dagbag.py:525} INFO - Filling up the DagBag from /usr/local/lib/python3.10/dist-packages/airflow/example_dags/example_short_circuit_decorator.py
[2022-10-04T03:19:37.254+0000] {processor.py:768} INFO - DAG(s) dict_keys(['example_short_circuit_decorator']) retrieved from /usr/local/lib/python3.10/dist-packages/airflow/example_dags/example_short_circuit_decorator.py
[2022-10-04T03:19:37.280+0000] {logging_mixin.py:117} INFO - [2022-10-04T03:19:37.279+0000] {dag.py:2573} INFO - Sync 1 DAGs
[2022-10-04T03:19:37.297+0000] {logging_mixin.py:117} INFO - [2022-10-04T03:19:37.297+0000] {dag.py:3324} INFO - Setting next_dagrun for example_short_circuit_decorator to 2022-10-03T03:19:37.297163+00:00, run_after=2022-10-04T03:19:37.297163+00:00
[2022-10-04T03:19:37.321+0000] {processor.py:178} INFO - Processing /usr/local/lib/python3.10/dist-packages/airflow/example_dags/example_short_circuit_decorator.py took 0.099 seconds
[2022-10-04T03:20:15.916+0000] {processor.py:156} INFO - Started process (PID=8781) to work on /usr/local/lib/python3.10/dist-packages/airflow/example_dags/example_short_circuit_decorator.py
[2022-10-04T03:20:15.917+0000] {processor.py:758} INFO - Processing file /usr/local/lib/python3.10/dist-packages/airflow/example_dags/example_short_circuit_decorator.py for tasks to queue
[2022-10-04T03:20:15.917+0000] {logging_mixin.py:117} INFO - [2022-10-04T03:20:15.917+0000] {dagbag.py:525} INFO - Filling up the DagBag from /usr/local/lib/python3.10/dist-packages/airflow/example_dags/example_short_circuit_decorator.py
[2022-10-04T03:20:15.942+0000] {processor.py:768} INFO - DAG(s) dict_keys(['example_short_circuit_decorator']) retrieved from /usr/local/lib/python3.10/dist-packages/airflow/example_dags/example_short_circuit_decorator.py
[2022-10-04T03:20:15.964+0000] {logging_mixin.py:117} INFO - [2022-10-04T03:20:15.964+0000] {dag.py:2573} INFO - Sync 1 DAGs
[2022-10-04T03:20:15.983+0000] {logging_mixin.py:117} INFO - [2022-10-04T03:20:15.982+0000] {dag.py:3324} INFO - Setting next_dagrun for example_short_circuit_decorator to 2022-10-03T03:20:15.982694+00:00, run_after=2022-10-04T03:20:15.982694+00:00
[2022-10-04T03:20:16.019+0000] {processor.py:178} INFO - Processing /usr/local/lib/python3.10/dist-packages/airflow/example_dags/example_short_circuit_decorator.py took 0.106 seconds
[2022-10-04T03:20:54.745+0000] {processor.py:156} INFO - Started process (PID=8822) to work on /usr/local/lib/python3.10/dist-packages/airflow/example_dags/example_short_circuit_decorator.py
[2022-10-04T03:20:54.746+0000] {processor.py:758} INFO - Processing file /usr/local/lib/python3.10/dist-packages/airflow/example_dags/example_short_circuit_decorator.py for tasks to queue
[2022-10-04T03:20:54.747+0000] {logging_mixin.py:117} INFO - [2022-10-04T03:20:54.747+0000] {dagbag.py:525} INFO - Filling up the DagBag from /usr/local/lib/python3.10/dist-packages/airflow/example_dags/example_short_circuit_decorator.py
[2022-10-04T03:20:54.783+0000] {processor.py:768} INFO - DAG(s) dict_keys(['example_short_circuit_decorator']) retrieved from /usr/local/lib/python3.10/dist-packages/airflow/example_dags/example_short_circuit_decorator.py
[2022-10-04T03:20:55.065+0000] {logging_mixin.py:117} INFO - [2022-10-04T03:20:55.065+0000] {dag.py:2573} INFO - Sync 1 DAGs
[2022-10-04T03:20:55.084+0000] {logging_mixin.py:117} INFO - [2022-10-04T03:20:55.084+0000] {dag.py:3324} INFO - Setting next_dagrun for example_short_circuit_decorator to 2022-10-03T03:20:55.084169+00:00, run_after=2022-10-04T03:20:55.084169+00:00
[2022-10-04T03:20:55.107+0000] {processor.py:178} INFO - Processing /usr/local/lib/python3.10/dist-packages/airflow/example_dags/example_short_circuit_decorator.py took 0.366 seconds
[2022-10-04T03:21:34.598+0000] {processor.py:156} INFO - Started process (PID=8860) to work on /usr/local/lib/python3.10/dist-packages/airflow/example_dags/example_short_circuit_decorator.py
[2022-10-04T03:21:34.599+0000] {processor.py:758} INFO - Processing file /usr/local/lib/python3.10/dist-packages/airflow/example_dags/example_short_circuit_decorator.py for tasks to queue
[2022-10-04T03:21:34.600+0000] {logging_mixin.py:117} INFO - [2022-10-04T03:21:34.600+0000] {dagbag.py:525} INFO - Filling up the DagBag from /usr/local/lib/python3.10/dist-packages/airflow/example_dags/example_short_circuit_decorator.py
[2022-10-04T03:21:34.623+0000] {processor.py:768} INFO - DAG(s) dict_keys(['example_short_circuit_decorator']) retrieved from /usr/local/lib/python3.10/dist-packages/airflow/example_dags/example_short_circuit_decorator.py
[2022-10-04T03:21:34.646+0000] {logging_mixin.py:117} INFO - [2022-10-04T03:21:34.646+0000] {dag.py:2573} INFO - Sync 1 DAGs
[2022-10-04T03:21:34.666+0000] {logging_mixin.py:117} INFO - [2022-10-04T03:21:34.665+0000] {dag.py:3324} INFO - Setting next_dagrun for example_short_circuit_decorator to 2022-10-03T03:21:34.665725+00:00, run_after=2022-10-04T03:21:34.665725+00:00
[2022-10-04T03:21:34.688+0000] {processor.py:178} INFO - Processing /usr/local/lib/python3.10/dist-packages/airflow/example_dags/example_short_circuit_decorator.py took 0.092 seconds
[2022-10-04T03:22:15.087+0000] {processor.py:156} INFO - Started process (PID=8901) to work on /usr/local/lib/python3.10/dist-packages/airflow/example_dags/example_short_circuit_decorator.py
[2022-10-04T03:22:15.088+0000] {processor.py:758} INFO - Processing file /usr/local/lib/python3.10/dist-packages/airflow/example_dags/example_short_circuit_decorator.py for tasks to queue
[2022-10-04T03:22:15.089+0000] {logging_mixin.py:117} INFO - [2022-10-04T03:22:15.089+0000] {dagbag.py:525} INFO - Filling up the DagBag from /usr/local/lib/python3.10/dist-packages/airflow/example_dags/example_short_circuit_decorator.py
[2022-10-04T03:22:15.114+0000] {processor.py:768} INFO - DAG(s) dict_keys(['example_short_circuit_decorator']) retrieved from /usr/local/lib/python3.10/dist-packages/airflow/example_dags/example_short_circuit_decorator.py
[2022-10-04T03:22:15.139+0000] {logging_mixin.py:117} INFO - [2022-10-04T03:22:15.138+0000] {dag.py:2573} INFO - Sync 1 DAGs
[2022-10-04T03:22:15.160+0000] {logging_mixin.py:117} INFO - [2022-10-04T03:22:15.160+0000] {dag.py:3324} INFO - Setting next_dagrun for example_short_circuit_decorator to 2022-10-03T03:22:15.160466+00:00, run_after=2022-10-04T03:22:15.160466+00:00
[2022-10-04T03:22:15.184+0000] {processor.py:178} INFO - Processing /usr/local/lib/python3.10/dist-packages/airflow/example_dags/example_short_circuit_decorator.py took 0.101 seconds
[2022-10-04T03:22:53.046+0000] {processor.py:156} INFO - Started process (PID=8941) to work on /usr/local/lib/python3.10/dist-packages/airflow/example_dags/example_short_circuit_decorator.py
[2022-10-04T03:22:53.047+0000] {processor.py:758} INFO - Processing file /usr/local/lib/python3.10/dist-packages/airflow/example_dags/example_short_circuit_decorator.py for tasks to queue
[2022-10-04T03:22:53.048+0000] {logging_mixin.py:117} INFO - [2022-10-04T03:22:53.048+0000] {dagbag.py:525} INFO - Filling up the DagBag from /usr/local/lib/python3.10/dist-packages/airflow/example_dags/example_short_circuit_decorator.py
[2022-10-04T03:22:53.078+0000] {processor.py:768} INFO - DAG(s) dict_keys(['example_short_circuit_decorator']) retrieved from /usr/local/lib/python3.10/dist-packages/airflow/example_dags/example_short_circuit_decorator.py
[2022-10-04T03:22:53.101+0000] {logging_mixin.py:117} INFO - [2022-10-04T03:22:53.101+0000] {dag.py:2573} INFO - Sync 1 DAGs
[2022-10-04T03:22:53.120+0000] {logging_mixin.py:117} INFO - [2022-10-04T03:22:53.120+0000] {dag.py:3324} INFO - Setting next_dagrun for example_short_circuit_decorator to 2022-10-03T03:22:53.119669+00:00, run_after=2022-10-04T03:22:53.119669+00:00
[2022-10-04T03:22:53.142+0000] {processor.py:178} INFO - Processing /usr/local/lib/python3.10/dist-packages/airflow/example_dags/example_short_circuit_decorator.py took 0.105 seconds
[2022-10-04T03:23:57.771+0000] {processor.py:156} INFO - Started process (PID=9010) to work on /usr/local/lib/python3.10/dist-packages/airflow/example_dags/example_short_circuit_decorator.py
[2022-10-04T03:23:57.772+0000] {processor.py:758} INFO - Processing file /usr/local/lib/python3.10/dist-packages/airflow/example_dags/example_short_circuit_decorator.py for tasks to queue
[2022-10-04T03:23:57.773+0000] {logging_mixin.py:117} INFO - [2022-10-04T03:23:57.773+0000] {dagbag.py:525} INFO - Filling up the DagBag from /usr/local/lib/python3.10/dist-packages/airflow/example_dags/example_short_circuit_decorator.py
[2022-10-04T03:23:57.796+0000] {processor.py:768} INFO - DAG(s) dict_keys(['example_short_circuit_decorator']) retrieved from /usr/local/lib/python3.10/dist-packages/airflow/example_dags/example_short_circuit_decorator.py
[2022-10-04T03:23:57.819+0000] {logging_mixin.py:117} INFO - [2022-10-04T03:23:57.819+0000] {dag.py:2573} INFO - Sync 1 DAGs
[2022-10-04T03:23:57.835+0000] {logging_mixin.py:117} INFO - [2022-10-04T03:23:57.835+0000] {dag.py:3324} INFO - Setting next_dagrun for example_short_circuit_decorator to 2022-10-03T03:23:57.835166+00:00, run_after=2022-10-04T03:23:57.835166+00:00
[2022-10-04T03:23:57.856+0000] {processor.py:178} INFO - Processing /usr/local/lib/python3.10/dist-packages/airflow/example_dags/example_short_circuit_decorator.py took 0.087 seconds
[2022-10-04T03:24:35.267+0000] {processor.py:156} INFO - Started process (PID=9051) to work on /usr/local/lib/python3.10/dist-packages/airflow/example_dags/example_short_circuit_decorator.py
[2022-10-04T03:24:35.268+0000] {processor.py:758} INFO - Processing file /usr/local/lib/python3.10/dist-packages/airflow/example_dags/example_short_circuit_decorator.py for tasks to queue
[2022-10-04T03:24:35.268+0000] {logging_mixin.py:117} INFO - [2022-10-04T03:24:35.268+0000] {dagbag.py:525} INFO - Filling up the DagBag from /usr/local/lib/python3.10/dist-packages/airflow/example_dags/example_short_circuit_decorator.py
[2022-10-04T03:24:35.292+0000] {processor.py:768} INFO - DAG(s) dict_keys(['example_short_circuit_decorator']) retrieved from /usr/local/lib/python3.10/dist-packages/airflow/example_dags/example_short_circuit_decorator.py
[2022-10-04T03:24:35.313+0000] {logging_mixin.py:117} INFO - [2022-10-04T03:24:35.313+0000] {dag.py:2573} INFO - Sync 1 DAGs
[2022-10-04T03:24:35.330+0000] {logging_mixin.py:117} INFO - [2022-10-04T03:24:35.330+0000] {dag.py:3324} INFO - Setting next_dagrun for example_short_circuit_decorator to 2022-10-03T03:24:35.330492+00:00, run_after=2022-10-04T03:24:35.330492+00:00
[2022-10-04T03:24:35.356+0000] {processor.py:178} INFO - Processing /usr/local/lib/python3.10/dist-packages/airflow/example_dags/example_short_circuit_decorator.py took 0.092 seconds
[2022-10-04T03:25:16.136+0000] {processor.py:156} INFO - Started process (PID=9092) to work on /usr/local/lib/python3.10/dist-packages/airflow/example_dags/example_short_circuit_decorator.py
[2022-10-04T03:25:16.137+0000] {processor.py:758} INFO - Processing file /usr/local/lib/python3.10/dist-packages/airflow/example_dags/example_short_circuit_decorator.py for tasks to queue
[2022-10-04T03:25:16.138+0000] {logging_mixin.py:117} INFO - [2022-10-04T03:25:16.138+0000] {dagbag.py:525} INFO - Filling up the DagBag from /usr/local/lib/python3.10/dist-packages/airflow/example_dags/example_short_circuit_decorator.py
[2022-10-04T03:25:16.168+0000] {processor.py:768} INFO - DAG(s) dict_keys(['example_short_circuit_decorator']) retrieved from /usr/local/lib/python3.10/dist-packages/airflow/example_dags/example_short_circuit_decorator.py
[2022-10-04T03:25:16.193+0000] {logging_mixin.py:117} INFO - [2022-10-04T03:25:16.193+0000] {dag.py:2573} INFO - Sync 1 DAGs
[2022-10-04T03:25:16.212+0000] {logging_mixin.py:117} INFO - [2022-10-04T03:25:16.212+0000] {dag.py:3324} INFO - Setting next_dagrun for example_short_circuit_decorator to 2022-10-03T03:25:16.212361+00:00, run_after=2022-10-04T03:25:16.212361+00:00
[2022-10-04T03:25:16.239+0000] {processor.py:178} INFO - Processing /usr/local/lib/python3.10/dist-packages/airflow/example_dags/example_short_circuit_decorator.py took 0.105 seconds
[2022-10-04T03:26:32.928+0000] {processor.py:156} INFO - Started process (PID=9179) to work on /usr/local/lib/python3.10/dist-packages/airflow/example_dags/example_short_circuit_decorator.py
[2022-10-04T03:26:32.930+0000] {processor.py:758} INFO - Processing file /usr/local/lib/python3.10/dist-packages/airflow/example_dags/example_short_circuit_decorator.py for tasks to queue
[2022-10-04T03:26:32.930+0000] {logging_mixin.py:117} INFO - [2022-10-04T03:26:32.930+0000] {dagbag.py:525} INFO - Filling up the DagBag from /usr/local/lib/python3.10/dist-packages/airflow/example_dags/example_short_circuit_decorator.py
[2022-10-04T03:26:32.952+0000] {processor.py:768} INFO - DAG(s) dict_keys(['example_short_circuit_decorator']) retrieved from /usr/local/lib/python3.10/dist-packages/airflow/example_dags/example_short_circuit_decorator.py
[2022-10-04T03:26:32.976+0000] {logging_mixin.py:117} INFO - [2022-10-04T03:26:32.976+0000] {dag.py:2573} INFO - Sync 1 DAGs
[2022-10-04T03:26:32.992+0000] {logging_mixin.py:117} INFO - [2022-10-04T03:26:32.992+0000] {dag.py:3324} INFO - Setting next_dagrun for example_short_circuit_decorator to 2022-10-03T03:26:32.992486+00:00, run_after=2022-10-04T03:26:32.992486+00:00
[2022-10-04T03:26:33.013+0000] {processor.py:178} INFO - Processing /usr/local/lib/python3.10/dist-packages/airflow/example_dags/example_short_circuit_decorator.py took 0.087 seconds
[2022-10-04T03:30:39.668+0000] {processor.py:156} INFO - Started process (PID=9276) to work on /usr/local/lib/python3.10/dist-packages/airflow/example_dags/example_short_circuit_decorator.py
[2022-10-04T03:30:39.670+0000] {processor.py:758} INFO - Processing file /usr/local/lib/python3.10/dist-packages/airflow/example_dags/example_short_circuit_decorator.py for tasks to queue
[2022-10-04T03:30:39.670+0000] {logging_mixin.py:117} INFO - [2022-10-04T03:30:39.670+0000] {dagbag.py:525} INFO - Filling up the DagBag from /usr/local/lib/python3.10/dist-packages/airflow/example_dags/example_short_circuit_decorator.py
[2022-10-04T03:30:39.694+0000] {processor.py:768} INFO - DAG(s) dict_keys(['example_short_circuit_decorator']) retrieved from /usr/local/lib/python3.10/dist-packages/airflow/example_dags/example_short_circuit_decorator.py
[2022-10-04T03:30:39.719+0000] {logging_mixin.py:117} INFO - [2022-10-04T03:30:39.719+0000] {dag.py:2573} INFO - Sync 1 DAGs
[2022-10-04T03:30:39.737+0000] {logging_mixin.py:117} INFO - [2022-10-04T03:30:39.737+0000] {dag.py:3324} INFO - Setting next_dagrun for example_short_circuit_decorator to 2022-10-03T03:30:39.737307+00:00, run_after=2022-10-04T03:30:39.737307+00:00
[2022-10-04T03:30:39.759+0000] {processor.py:178} INFO - Processing /usr/local/lib/python3.10/dist-packages/airflow/example_dags/example_short_circuit_decorator.py took 0.093 seconds
[2022-10-04T03:31:18.046+0000] {processor.py:156} INFO - Started process (PID=9313) to work on /usr/local/lib/python3.10/dist-packages/airflow/example_dags/example_short_circuit_decorator.py
[2022-10-04T03:31:18.047+0000] {processor.py:758} INFO - Processing file /usr/local/lib/python3.10/dist-packages/airflow/example_dags/example_short_circuit_decorator.py for tasks to queue
[2022-10-04T03:31:18.048+0000] {logging_mixin.py:117} INFO - [2022-10-04T03:31:18.047+0000] {dagbag.py:525} INFO - Filling up the DagBag from /usr/local/lib/python3.10/dist-packages/airflow/example_dags/example_short_circuit_decorator.py
[2022-10-04T03:31:18.085+0000] {processor.py:768} INFO - DAG(s) dict_keys(['example_short_circuit_decorator']) retrieved from /usr/local/lib/python3.10/dist-packages/airflow/example_dags/example_short_circuit_decorator.py
[2022-10-04T03:31:18.115+0000] {logging_mixin.py:117} INFO - [2022-10-04T03:31:18.115+0000] {dag.py:2573} INFO - Sync 1 DAGs
[2022-10-04T03:31:18.135+0000] {logging_mixin.py:117} INFO - [2022-10-04T03:31:18.135+0000] {dag.py:3324} INFO - Setting next_dagrun for example_short_circuit_decorator to 2022-10-03T03:31:18.135385+00:00, run_after=2022-10-04T03:31:18.135385+00:00
[2022-10-04T03:31:18.159+0000] {processor.py:178} INFO - Processing /usr/local/lib/python3.10/dist-packages/airflow/example_dags/example_short_circuit_decorator.py took 0.118 seconds
[2022-10-04T03:31:58.223+0000] {processor.py:156} INFO - Started process (PID=9370) to work on /usr/local/lib/python3.10/dist-packages/airflow/example_dags/example_short_circuit_decorator.py
[2022-10-04T03:31:58.225+0000] {processor.py:758} INFO - Processing file /usr/local/lib/python3.10/dist-packages/airflow/example_dags/example_short_circuit_decorator.py for tasks to queue
[2022-10-04T03:31:58.225+0000] {logging_mixin.py:117} INFO - [2022-10-04T03:31:58.225+0000] {dagbag.py:525} INFO - Filling up the DagBag from /usr/local/lib/python3.10/dist-packages/airflow/example_dags/example_short_circuit_decorator.py
[2022-10-04T03:31:58.252+0000] {processor.py:768} INFO - DAG(s) dict_keys(['example_short_circuit_decorator']) retrieved from /usr/local/lib/python3.10/dist-packages/airflow/example_dags/example_short_circuit_decorator.py
[2022-10-04T03:31:58.277+0000] {logging_mixin.py:117} INFO - [2022-10-04T03:31:58.277+0000] {dag.py:2573} INFO - Sync 1 DAGs
[2022-10-04T03:31:58.295+0000] {logging_mixin.py:117} INFO - [2022-10-04T03:31:58.295+0000] {dag.py:3324} INFO - Setting next_dagrun for example_short_circuit_decorator to 2022-10-03T03:31:58.295330+00:00, run_after=2022-10-04T03:31:58.295330+00:00
[2022-10-04T03:31:58.317+0000] {processor.py:178} INFO - Processing /usr/local/lib/python3.10/dist-packages/airflow/example_dags/example_short_circuit_decorator.py took 0.096 seconds
[2022-10-04T03:32:35.117+0000] {processor.py:156} INFO - Started process (PID=9410) to work on /usr/local/lib/python3.10/dist-packages/airflow/example_dags/example_short_circuit_decorator.py
[2022-10-04T03:32:35.118+0000] {processor.py:758} INFO - Processing file /usr/local/lib/python3.10/dist-packages/airflow/example_dags/example_short_circuit_decorator.py for tasks to queue
[2022-10-04T03:32:35.119+0000] {logging_mixin.py:117} INFO - [2022-10-04T03:32:35.118+0000] {dagbag.py:525} INFO - Filling up the DagBag from /usr/local/lib/python3.10/dist-packages/airflow/example_dags/example_short_circuit_decorator.py
[2022-10-04T03:32:35.142+0000] {processor.py:768} INFO - DAG(s) dict_keys(['example_short_circuit_decorator']) retrieved from /usr/local/lib/python3.10/dist-packages/airflow/example_dags/example_short_circuit_decorator.py
[2022-10-04T03:32:35.165+0000] {logging_mixin.py:117} INFO - [2022-10-04T03:32:35.165+0000] {dag.py:2573} INFO - Sync 1 DAGs
[2022-10-04T03:32:35.183+0000] {logging_mixin.py:117} INFO - [2022-10-04T03:32:35.183+0000] {dag.py:3324} INFO - Setting next_dagrun for example_short_circuit_decorator to 2022-10-03T03:32:35.183048+00:00, run_after=2022-10-04T03:32:35.183048+00:00
[2022-10-04T03:32:35.206+0000] {processor.py:178} INFO - Processing /usr/local/lib/python3.10/dist-packages/airflow/example_dags/example_short_circuit_decorator.py took 0.091 seconds
[2022-10-04T03:33:12.683+0000] {processor.py:156} INFO - Started process (PID=9447) to work on /usr/local/lib/python3.10/dist-packages/airflow/example_dags/example_short_circuit_decorator.py
[2022-10-04T03:33:12.684+0000] {processor.py:758} INFO - Processing file /usr/local/lib/python3.10/dist-packages/airflow/example_dags/example_short_circuit_decorator.py for tasks to queue
[2022-10-04T03:33:12.684+0000] {logging_mixin.py:117} INFO - [2022-10-04T03:33:12.684+0000] {dagbag.py:525} INFO - Filling up the DagBag from /usr/local/lib/python3.10/dist-packages/airflow/example_dags/example_short_circuit_decorator.py
[2022-10-04T03:33:12.708+0000] {processor.py:768} INFO - DAG(s) dict_keys(['example_short_circuit_decorator']) retrieved from /usr/local/lib/python3.10/dist-packages/airflow/example_dags/example_short_circuit_decorator.py
[2022-10-04T03:33:12.732+0000] {logging_mixin.py:117} INFO - [2022-10-04T03:33:12.732+0000] {dag.py:2573} INFO - Sync 1 DAGs
[2022-10-04T03:33:12.750+0000] {logging_mixin.py:117} INFO - [2022-10-04T03:33:12.750+0000] {dag.py:3324} INFO - Setting next_dagrun for example_short_circuit_decorator to 2022-10-03T03:33:12.750487+00:00, run_after=2022-10-04T03:33:12.750487+00:00
[2022-10-04T03:33:12.776+0000] {processor.py:178} INFO - Processing /usr/local/lib/python3.10/dist-packages/airflow/example_dags/example_short_circuit_decorator.py took 0.096 seconds
[2022-10-04T03:33:54.161+0000] {processor.py:156} INFO - Started process (PID=9492) to work on /usr/local/lib/python3.10/dist-packages/airflow/example_dags/example_short_circuit_decorator.py
[2022-10-04T03:33:54.164+0000] {processor.py:758} INFO - Processing file /usr/local/lib/python3.10/dist-packages/airflow/example_dags/example_short_circuit_decorator.py for tasks to queue
[2022-10-04T03:33:54.164+0000] {logging_mixin.py:117} INFO - [2022-10-04T03:33:54.164+0000] {dagbag.py:525} INFO - Filling up the DagBag from /usr/local/lib/python3.10/dist-packages/airflow/example_dags/example_short_circuit_decorator.py
[2022-10-04T03:33:54.220+0000] {processor.py:768} INFO - DAG(s) dict_keys(['example_short_circuit_decorator']) retrieved from /usr/local/lib/python3.10/dist-packages/airflow/example_dags/example_short_circuit_decorator.py
[2022-10-04T03:33:54.281+0000] {logging_mixin.py:117} INFO - [2022-10-04T03:33:54.280+0000] {dag.py:2573} INFO - Sync 1 DAGs
[2022-10-04T03:33:54.342+0000] {logging_mixin.py:117} INFO - [2022-10-04T03:33:54.341+0000] {dag.py:3324} INFO - Setting next_dagrun for example_short_circuit_decorator to 2022-10-03T03:33:54.341016+00:00, run_after=2022-10-04T03:33:54.341016+00:00
[2022-10-04T03:33:54.410+0000] {processor.py:178} INFO - Processing /usr/local/lib/python3.10/dist-packages/airflow/example_dags/example_short_circuit_decorator.py took 0.255 seconds
[2022-10-04T03:46:31.219+0000] {processor.py:156} INFO - Started process (PID=992) to work on /usr/local/lib/python3.10/dist-packages/airflow/example_dags/example_short_circuit_decorator.py
[2022-10-04T03:46:31.221+0000] {processor.py:758} INFO - Processing file /usr/local/lib/python3.10/dist-packages/airflow/example_dags/example_short_circuit_decorator.py for tasks to queue
[2022-10-04T03:46:31.222+0000] {logging_mixin.py:117} INFO - [2022-10-04T03:46:31.222+0000] {dagbag.py:525} INFO - Filling up the DagBag from /usr/local/lib/python3.10/dist-packages/airflow/example_dags/example_short_circuit_decorator.py
[2022-10-04T03:46:31.244+0000] {processor.py:768} INFO - DAG(s) dict_keys(['example_short_circuit_decorator']) retrieved from /usr/local/lib/python3.10/dist-packages/airflow/example_dags/example_short_circuit_decorator.py
[2022-10-04T03:46:31.269+0000] {logging_mixin.py:117} INFO - [2022-10-04T03:46:31.269+0000] {dag.py:2573} INFO - Sync 1 DAGs
[2022-10-04T03:46:31.286+0000] {logging_mixin.py:117} INFO - [2022-10-04T03:46:31.285+0000] {dag.py:3324} INFO - Setting next_dagrun for example_short_circuit_decorator to 2022-10-03T03:46:31.285659+00:00, run_after=2022-10-04T03:46:31.285659+00:00
[2022-10-04T03:46:31.307+0000] {processor.py:178} INFO - Processing /usr/local/lib/python3.10/dist-packages/airflow/example_dags/example_short_circuit_decorator.py took 0.091 seconds
[2022-10-04T03:47:08.613+0000] {processor.py:156} INFO - Started process (PID=1030) to work on /usr/local/lib/python3.10/dist-packages/airflow/example_dags/example_short_circuit_decorator.py
[2022-10-04T03:47:08.614+0000] {processor.py:758} INFO - Processing file /usr/local/lib/python3.10/dist-packages/airflow/example_dags/example_short_circuit_decorator.py for tasks to queue
[2022-10-04T03:47:08.615+0000] {logging_mixin.py:117} INFO - [2022-10-04T03:47:08.615+0000] {dagbag.py:525} INFO - Filling up the DagBag from /usr/local/lib/python3.10/dist-packages/airflow/example_dags/example_short_circuit_decorator.py
[2022-10-04T03:47:08.639+0000] {processor.py:768} INFO - DAG(s) dict_keys(['example_short_circuit_decorator']) retrieved from /usr/local/lib/python3.10/dist-packages/airflow/example_dags/example_short_circuit_decorator.py
[2022-10-04T03:47:08.668+0000] {logging_mixin.py:117} INFO - [2022-10-04T03:47:08.667+0000] {dag.py:2573} INFO - Sync 1 DAGs
[2022-10-04T03:47:08.688+0000] {logging_mixin.py:117} INFO - [2022-10-04T03:47:08.687+0000] {dag.py:3324} INFO - Setting next_dagrun for example_short_circuit_decorator to 2022-10-03T03:47:08.687734+00:00, run_after=2022-10-04T03:47:08.687734+00:00
[2022-10-04T03:47:08.711+0000] {processor.py:178} INFO - Processing /usr/local/lib/python3.10/dist-packages/airflow/example_dags/example_short_circuit_decorator.py took 0.101 seconds
[2022-10-04T03:47:49.280+0000] {processor.py:156} INFO - Started process (PID=1136) to work on /usr/local/lib/python3.10/dist-packages/airflow/example_dags/example_short_circuit_decorator.py
[2022-10-04T03:47:49.283+0000] {processor.py:758} INFO - Processing file /usr/local/lib/python3.10/dist-packages/airflow/example_dags/example_short_circuit_decorator.py for tasks to queue
[2022-10-04T03:47:49.284+0000] {logging_mixin.py:117} INFO - [2022-10-04T03:47:49.284+0000] {dagbag.py:525} INFO - Filling up the DagBag from /usr/local/lib/python3.10/dist-packages/airflow/example_dags/example_short_circuit_decorator.py
[2022-10-04T03:47:49.340+0000] {processor.py:768} INFO - DAG(s) dict_keys(['example_short_circuit_decorator']) retrieved from /usr/local/lib/python3.10/dist-packages/airflow/example_dags/example_short_circuit_decorator.py
[2022-10-04T03:47:49.368+0000] {logging_mixin.py:117} INFO - [2022-10-04T03:47:49.367+0000] {dag.py:2573} INFO - Sync 1 DAGs
[2022-10-04T03:47:49.386+0000] {logging_mixin.py:117} INFO - [2022-10-04T03:47:49.385+0000] {dag.py:3324} INFO - Setting next_dagrun for example_short_circuit_decorator to 2022-10-03T03:47:49.385671+00:00, run_after=2022-10-04T03:47:49.385671+00:00
[2022-10-04T03:47:49.409+0000] {processor.py:178} INFO - Processing /usr/local/lib/python3.10/dist-packages/airflow/example_dags/example_short_circuit_decorator.py took 0.133 seconds
[2022-10-04T03:48:27.169+0000] {processor.py:156} INFO - Started process (PID=1174) to work on /usr/local/lib/python3.10/dist-packages/airflow/example_dags/example_short_circuit_decorator.py
[2022-10-04T03:48:27.170+0000] {processor.py:758} INFO - Processing file /usr/local/lib/python3.10/dist-packages/airflow/example_dags/example_short_circuit_decorator.py for tasks to queue
[2022-10-04T03:48:27.171+0000] {logging_mixin.py:117} INFO - [2022-10-04T03:48:27.171+0000] {dagbag.py:525} INFO - Filling up the DagBag from /usr/local/lib/python3.10/dist-packages/airflow/example_dags/example_short_circuit_decorator.py
[2022-10-04T03:48:27.196+0000] {processor.py:768} INFO - DAG(s) dict_keys(['example_short_circuit_decorator']) retrieved from /usr/local/lib/python3.10/dist-packages/airflow/example_dags/example_short_circuit_decorator.py
[2022-10-04T03:48:27.221+0000] {logging_mixin.py:117} INFO - [2022-10-04T03:48:27.221+0000] {dag.py:2573} INFO - Sync 1 DAGs
[2022-10-04T03:48:27.239+0000] {logging_mixin.py:117} INFO - [2022-10-04T03:48:27.239+0000] {dag.py:3324} INFO - Setting next_dagrun for example_short_circuit_decorator to 2022-10-03T03:48:27.238972+00:00, run_after=2022-10-04T03:48:27.238972+00:00
[2022-10-04T03:48:27.262+0000] {processor.py:178} INFO - Processing /usr/local/lib/python3.10/dist-packages/airflow/example_dags/example_short_circuit_decorator.py took 0.095 seconds
[2022-10-04T03:49:53.300+0000] {processor.py:156} INFO - Started process (PID=1265) to work on /usr/local/lib/python3.10/dist-packages/airflow/example_dags/example_short_circuit_decorator.py
[2022-10-04T03:49:53.301+0000] {processor.py:758} INFO - Processing file /usr/local/lib/python3.10/dist-packages/airflow/example_dags/example_short_circuit_decorator.py for tasks to queue
[2022-10-04T03:49:53.302+0000] {logging_mixin.py:117} INFO - [2022-10-04T03:49:53.301+0000] {dagbag.py:525} INFO - Filling up the DagBag from /usr/local/lib/python3.10/dist-packages/airflow/example_dags/example_short_circuit_decorator.py
[2022-10-04T03:49:53.325+0000] {processor.py:768} INFO - DAG(s) dict_keys(['example_short_circuit_decorator']) retrieved from /usr/local/lib/python3.10/dist-packages/airflow/example_dags/example_short_circuit_decorator.py
[2022-10-04T03:49:53.351+0000] {logging_mixin.py:117} INFO - [2022-10-04T03:49:53.350+0000] {dag.py:2573} INFO - Sync 1 DAGs
[2022-10-04T03:49:53.368+0000] {logging_mixin.py:117} INFO - [2022-10-04T03:49:53.367+0000] {dag.py:3324} INFO - Setting next_dagrun for example_short_circuit_decorator to 2022-10-03T03:49:53.367617+00:00, run_after=2022-10-04T03:49:53.367617+00:00
[2022-10-04T03:49:53.389+0000] {processor.py:178} INFO - Processing /usr/local/lib/python3.10/dist-packages/airflow/example_dags/example_short_circuit_decorator.py took 0.092 seconds
[2022-10-04T03:50:35.525+0000] {processor.py:156} INFO - Started process (PID=1303) to work on /usr/local/lib/python3.10/dist-packages/airflow/example_dags/example_short_circuit_decorator.py
[2022-10-04T03:50:35.526+0000] {processor.py:758} INFO - Processing file /usr/local/lib/python3.10/dist-packages/airflow/example_dags/example_short_circuit_decorator.py for tasks to queue
[2022-10-04T03:50:35.527+0000] {logging_mixin.py:117} INFO - [2022-10-04T03:50:35.527+0000] {dagbag.py:525} INFO - Filling up the DagBag from /usr/local/lib/python3.10/dist-packages/airflow/example_dags/example_short_circuit_decorator.py
[2022-10-04T03:50:35.557+0000] {processor.py:768} INFO - DAG(s) dict_keys(['example_short_circuit_decorator']) retrieved from /usr/local/lib/python3.10/dist-packages/airflow/example_dags/example_short_circuit_decorator.py
[2022-10-04T03:50:35.587+0000] {logging_mixin.py:117} INFO - [2022-10-04T03:50:35.587+0000] {dag.py:2573} INFO - Sync 1 DAGs
[2022-10-04T03:50:35.607+0000] {logging_mixin.py:117} INFO - [2022-10-04T03:50:35.607+0000] {dag.py:3324} INFO - Setting next_dagrun for example_short_circuit_decorator to 2022-10-03T03:50:35.607203+00:00, run_after=2022-10-04T03:50:35.607203+00:00
[2022-10-04T03:50:35.631+0000] {processor.py:178} INFO - Processing /usr/local/lib/python3.10/dist-packages/airflow/example_dags/example_short_circuit_decorator.py took 0.109 seconds
[2022-10-04T03:51:14.787+0000] {processor.py:156} INFO - Started process (PID=1348) to work on /usr/local/lib/python3.10/dist-packages/airflow/example_dags/example_short_circuit_decorator.py
[2022-10-04T03:51:14.788+0000] {processor.py:758} INFO - Processing file /usr/local/lib/python3.10/dist-packages/airflow/example_dags/example_short_circuit_decorator.py for tasks to queue
[2022-10-04T03:51:14.789+0000] {logging_mixin.py:117} INFO - [2022-10-04T03:51:14.789+0000] {dagbag.py:525} INFO - Filling up the DagBag from /usr/local/lib/python3.10/dist-packages/airflow/example_dags/example_short_circuit_decorator.py
[2022-10-04T03:51:14.823+0000] {processor.py:768} INFO - DAG(s) dict_keys(['example_short_circuit_decorator']) retrieved from /usr/local/lib/python3.10/dist-packages/airflow/example_dags/example_short_circuit_decorator.py
[2022-10-04T03:51:14.852+0000] {logging_mixin.py:117} INFO - [2022-10-04T03:51:14.852+0000] {dag.py:2573} INFO - Sync 1 DAGs
[2022-10-04T03:51:14.870+0000] {logging_mixin.py:117} INFO - [2022-10-04T03:51:14.869+0000] {dag.py:3324} INFO - Setting next_dagrun for example_short_circuit_decorator to 2022-10-03T03:51:14.869774+00:00, run_after=2022-10-04T03:51:14.869774+00:00
[2022-10-04T03:51:14.895+0000] {processor.py:178} INFO - Processing /usr/local/lib/python3.10/dist-packages/airflow/example_dags/example_short_circuit_decorator.py took 0.111 seconds
[2022-10-04T03:51:53.772+0000] {processor.py:156} INFO - Started process (PID=1385) to work on /usr/local/lib/python3.10/dist-packages/airflow/example_dags/example_short_circuit_decorator.py
[2022-10-04T03:51:53.774+0000] {processor.py:758} INFO - Processing file /usr/local/lib/python3.10/dist-packages/airflow/example_dags/example_short_circuit_decorator.py for tasks to queue
[2022-10-04T03:51:53.774+0000] {logging_mixin.py:117} INFO - [2022-10-04T03:51:53.774+0000] {dagbag.py:525} INFO - Filling up the DagBag from /usr/local/lib/python3.10/dist-packages/airflow/example_dags/example_short_circuit_decorator.py
[2022-10-04T03:51:53.798+0000] {processor.py:768} INFO - DAG(s) dict_keys(['example_short_circuit_decorator']) retrieved from /usr/local/lib/python3.10/dist-packages/airflow/example_dags/example_short_circuit_decorator.py
[2022-10-04T03:51:53.828+0000] {logging_mixin.py:117} INFO - [2022-10-04T03:51:53.827+0000] {dag.py:2573} INFO - Sync 1 DAGs
[2022-10-04T03:51:53.852+0000] {logging_mixin.py:117} INFO - [2022-10-04T03:51:53.852+0000] {dag.py:3324} INFO - Setting next_dagrun for example_short_circuit_decorator to 2022-10-03T03:51:53.852095+00:00, run_after=2022-10-04T03:51:53.852095+00:00
[2022-10-04T03:51:53.876+0000] {processor.py:178} INFO - Processing /usr/local/lib/python3.10/dist-packages/airflow/example_dags/example_short_circuit_decorator.py took 0.107 seconds
[2022-10-04T03:52:32.782+0000] {processor.py:156} INFO - Started process (PID=1424) to work on /usr/local/lib/python3.10/dist-packages/airflow/example_dags/example_short_circuit_decorator.py
[2022-10-04T03:52:32.783+0000] {processor.py:758} INFO - Processing file /usr/local/lib/python3.10/dist-packages/airflow/example_dags/example_short_circuit_decorator.py for tasks to queue
[2022-10-04T03:52:32.784+0000] {logging_mixin.py:117} INFO - [2022-10-04T03:52:32.784+0000] {dagbag.py:525} INFO - Filling up the DagBag from /usr/local/lib/python3.10/dist-packages/airflow/example_dags/example_short_circuit_decorator.py
[2022-10-04T03:52:32.820+0000] {processor.py:768} INFO - DAG(s) dict_keys(['example_short_circuit_decorator']) retrieved from /usr/local/lib/python3.10/dist-packages/airflow/example_dags/example_short_circuit_decorator.py
[2022-10-04T03:52:32.847+0000] {logging_mixin.py:117} INFO - [2022-10-04T03:52:32.847+0000] {dag.py:2573} INFO - Sync 1 DAGs
[2022-10-04T03:52:32.867+0000] {logging_mixin.py:117} INFO - [2022-10-04T03:52:32.867+0000] {dag.py:3324} INFO - Setting next_dagrun for example_short_circuit_decorator to 2022-10-03T03:52:32.867225+00:00, run_after=2022-10-04T03:52:32.867225+00:00
[2022-10-04T03:52:32.890+0000] {processor.py:178} INFO - Processing /usr/local/lib/python3.10/dist-packages/airflow/example_dags/example_short_circuit_decorator.py took 0.110 seconds
[2022-10-04T03:53:11.674+0000] {processor.py:156} INFO - Started process (PID=1461) to work on /usr/local/lib/python3.10/dist-packages/airflow/example_dags/example_short_circuit_decorator.py
[2022-10-04T03:53:11.675+0000] {processor.py:758} INFO - Processing file /usr/local/lib/python3.10/dist-packages/airflow/example_dags/example_short_circuit_decorator.py for tasks to queue
[2022-10-04T03:53:11.676+0000] {logging_mixin.py:117} INFO - [2022-10-04T03:53:11.676+0000] {dagbag.py:525} INFO - Filling up the DagBag from /usr/local/lib/python3.10/dist-packages/airflow/example_dags/example_short_circuit_decorator.py
[2022-10-04T03:53:11.699+0000] {processor.py:768} INFO - DAG(s) dict_keys(['example_short_circuit_decorator']) retrieved from /usr/local/lib/python3.10/dist-packages/airflow/example_dags/example_short_circuit_decorator.py
[2022-10-04T03:53:11.726+0000] {logging_mixin.py:117} INFO - [2022-10-04T03:53:11.726+0000] {dag.py:2573} INFO - Sync 1 DAGs
[2022-10-04T03:53:11.746+0000] {logging_mixin.py:117} INFO - [2022-10-04T03:53:11.746+0000] {dag.py:3324} INFO - Setting next_dagrun for example_short_circuit_decorator to 2022-10-03T03:53:11.746251+00:00, run_after=2022-10-04T03:53:11.746251+00:00
[2022-10-04T03:53:11.770+0000] {processor.py:178} INFO - Processing /usr/local/lib/python3.10/dist-packages/airflow/example_dags/example_short_circuit_decorator.py took 0.100 seconds
[2022-10-04T03:53:51.022+0000] {processor.py:156} INFO - Started process (PID=1499) to work on /usr/local/lib/python3.10/dist-packages/airflow/example_dags/example_short_circuit_decorator.py
[2022-10-04T03:53:51.023+0000] {processor.py:758} INFO - Processing file /usr/local/lib/python3.10/dist-packages/airflow/example_dags/example_short_circuit_decorator.py for tasks to queue
[2022-10-04T03:53:51.024+0000] {logging_mixin.py:117} INFO - [2022-10-04T03:53:51.024+0000] {dagbag.py:525} INFO - Filling up the DagBag from /usr/local/lib/python3.10/dist-packages/airflow/example_dags/example_short_circuit_decorator.py
[2022-10-04T03:53:51.048+0000] {processor.py:768} INFO - DAG(s) dict_keys(['example_short_circuit_decorator']) retrieved from /usr/local/lib/python3.10/dist-packages/airflow/example_dags/example_short_circuit_decorator.py
[2022-10-04T03:53:51.074+0000] {logging_mixin.py:117} INFO - [2022-10-04T03:53:51.074+0000] {dag.py:2573} INFO - Sync 1 DAGs
[2022-10-04T03:53:51.094+0000] {logging_mixin.py:117} INFO - [2022-10-04T03:53:51.094+0000] {dag.py:3324} INFO - Setting next_dagrun for example_short_circuit_decorator to 2022-10-03T03:53:51.094187+00:00, run_after=2022-10-04T03:53:51.094187+00:00
[2022-10-04T03:53:51.118+0000] {processor.py:178} INFO - Processing /usr/local/lib/python3.10/dist-packages/airflow/example_dags/example_short_circuit_decorator.py took 0.099 seconds
[2022-10-04T03:55:03.394+0000] {processor.py:156} INFO - Started process (PID=1599) to work on /usr/local/lib/python3.10/dist-packages/airflow/example_dags/example_short_circuit_decorator.py
[2022-10-04T03:55:03.395+0000] {processor.py:758} INFO - Processing file /usr/local/lib/python3.10/dist-packages/airflow/example_dags/example_short_circuit_decorator.py for tasks to queue
[2022-10-04T03:55:03.396+0000] {logging_mixin.py:117} INFO - [2022-10-04T03:55:03.396+0000] {dagbag.py:525} INFO - Filling up the DagBag from /usr/local/lib/python3.10/dist-packages/airflow/example_dags/example_short_circuit_decorator.py
[2022-10-04T03:55:03.424+0000] {processor.py:768} INFO - DAG(s) dict_keys(['example_short_circuit_decorator']) retrieved from /usr/local/lib/python3.10/dist-packages/airflow/example_dags/example_short_circuit_decorator.py
[2022-10-04T03:55:03.469+0000] {logging_mixin.py:117} INFO - [2022-10-04T03:55:03.469+0000] {dag.py:2573} INFO - Sync 1 DAGs
[2022-10-04T03:55:03.489+0000] {logging_mixin.py:117} INFO - [2022-10-04T03:55:03.488+0000] {dag.py:3324} INFO - Setting next_dagrun for example_short_circuit_decorator to 2022-10-03T03:55:03.488638+00:00, run_after=2022-10-04T03:55:03.488638+00:00
[2022-10-04T03:55:03.513+0000] {processor.py:178} INFO - Processing /usr/local/lib/python3.10/dist-packages/airflow/example_dags/example_short_circuit_decorator.py took 0.124 seconds
[2022-10-04T04:35:51.480+0000] {processor.py:156} INFO - Started process (PID=1796) to work on /usr/local/lib/python3.10/dist-packages/airflow/example_dags/example_short_circuit_decorator.py
[2022-10-04T04:35:51.481+0000] {processor.py:758} INFO - Processing file /usr/local/lib/python3.10/dist-packages/airflow/example_dags/example_short_circuit_decorator.py for tasks to queue
[2022-10-04T04:35:51.482+0000] {logging_mixin.py:117} INFO - [2022-10-04T04:35:51.482+0000] {dagbag.py:525} INFO - Filling up the DagBag from /usr/local/lib/python3.10/dist-packages/airflow/example_dags/example_short_circuit_decorator.py
[2022-10-04T04:35:51.507+0000] {processor.py:768} INFO - DAG(s) dict_keys(['example_short_circuit_decorator']) retrieved from /usr/local/lib/python3.10/dist-packages/airflow/example_dags/example_short_circuit_decorator.py
[2022-10-04T04:35:51.535+0000] {logging_mixin.py:117} INFO - [2022-10-04T04:35:51.535+0000] {dag.py:2573} INFO - Sync 1 DAGs
[2022-10-04T04:35:51.554+0000] {logging_mixin.py:117} INFO - [2022-10-04T04:35:51.554+0000] {dag.py:3324} INFO - Setting next_dagrun for example_short_circuit_decorator to 2022-10-03T04:35:51.554168+00:00, run_after=2022-10-04T04:35:51.554168+00:00
[2022-10-04T04:35:51.577+0000] {processor.py:178} INFO - Processing /usr/local/lib/python3.10/dist-packages/airflow/example_dags/example_short_circuit_decorator.py took 0.100 seconds
[2022-10-04T04:37:29.358+0000] {processor.py:156} INFO - Started process (PID=1881) to work on /usr/local/lib/python3.10/dist-packages/airflow/example_dags/example_short_circuit_decorator.py
[2022-10-04T04:37:29.360+0000] {processor.py:758} INFO - Processing file /usr/local/lib/python3.10/dist-packages/airflow/example_dags/example_short_circuit_decorator.py for tasks to queue
[2022-10-04T04:37:29.360+0000] {logging_mixin.py:117} INFO - [2022-10-04T04:37:29.360+0000] {dagbag.py:525} INFO - Filling up the DagBag from /usr/local/lib/python3.10/dist-packages/airflow/example_dags/example_short_circuit_decorator.py
[2022-10-04T04:37:29.418+0000] {processor.py:768} INFO - DAG(s) dict_keys(['example_short_circuit_decorator']) retrieved from /usr/local/lib/python3.10/dist-packages/airflow/example_dags/example_short_circuit_decorator.py
[2022-10-04T04:37:29.471+0000] {logging_mixin.py:117} INFO - [2022-10-04T04:37:29.470+0000] {dag.py:2573} INFO - Sync 1 DAGs
[2022-10-04T04:37:29.531+0000] {logging_mixin.py:117} INFO - [2022-10-04T04:37:29.515+0000] {dag.py:3324} INFO - Setting next_dagrun for example_short_circuit_decorator to 2022-10-03T04:37:29.515615+00:00, run_after=2022-10-04T04:37:29.515615+00:00
[2022-10-04T04:37:29.554+0000] {processor.py:178} INFO - Processing /usr/local/lib/python3.10/dist-packages/airflow/example_dags/example_short_circuit_decorator.py took 0.205 seconds
[2022-10-04T04:46:03.650+0000] {processor.py:156} INFO - Started process (PID=2011) to work on /usr/local/lib/python3.10/dist-packages/airflow/example_dags/example_short_circuit_decorator.py
[2022-10-04T04:46:03.651+0000] {processor.py:758} INFO - Processing file /usr/local/lib/python3.10/dist-packages/airflow/example_dags/example_short_circuit_decorator.py for tasks to queue
[2022-10-04T04:46:03.652+0000] {logging_mixin.py:117} INFO - [2022-10-04T04:46:03.652+0000] {dagbag.py:525} INFO - Filling up the DagBag from /usr/local/lib/python3.10/dist-packages/airflow/example_dags/example_short_circuit_decorator.py
[2022-10-04T04:46:03.670+0000] {processor.py:768} INFO - DAG(s) dict_keys(['example_short_circuit_decorator']) retrieved from /usr/local/lib/python3.10/dist-packages/airflow/example_dags/example_short_circuit_decorator.py
[2022-10-04T04:46:03.695+0000] {logging_mixin.py:117} INFO - [2022-10-04T04:46:03.695+0000] {dag.py:2573} INFO - Sync 1 DAGs
[2022-10-04T04:46:03.719+0000] {logging_mixin.py:117} INFO - [2022-10-04T04:46:03.719+0000] {dag.py:3324} INFO - Setting next_dagrun for example_short_circuit_decorator to 2022-10-03T04:46:03.719455+00:00, run_after=2022-10-04T04:46:03.719455+00:00
[2022-10-04T04:46:03.745+0000] {processor.py:178} INFO - Processing /usr/local/lib/python3.10/dist-packages/airflow/example_dags/example_short_circuit_decorator.py took 0.099 seconds
[2022-10-04T04:46:40.405+0000] {processor.py:156} INFO - Started process (PID=2048) to work on /usr/local/lib/python3.10/dist-packages/airflow/example_dags/example_short_circuit_decorator.py
[2022-10-04T04:46:40.406+0000] {processor.py:758} INFO - Processing file /usr/local/lib/python3.10/dist-packages/airflow/example_dags/example_short_circuit_decorator.py for tasks to queue
[2022-10-04T04:46:40.407+0000] {logging_mixin.py:117} INFO - [2022-10-04T04:46:40.407+0000] {dagbag.py:525} INFO - Filling up the DagBag from /usr/local/lib/python3.10/dist-packages/airflow/example_dags/example_short_circuit_decorator.py
[2022-10-04T04:46:40.428+0000] {processor.py:768} INFO - DAG(s) dict_keys(['example_short_circuit_decorator']) retrieved from /usr/local/lib/python3.10/dist-packages/airflow/example_dags/example_short_circuit_decorator.py
[2022-10-04T04:46:40.451+0000] {logging_mixin.py:117} INFO - [2022-10-04T04:46:40.451+0000] {dag.py:2573} INFO - Sync 1 DAGs
[2022-10-04T04:46:40.467+0000] {logging_mixin.py:117} INFO - [2022-10-04T04:46:40.467+0000] {dag.py:3324} INFO - Setting next_dagrun for example_short_circuit_decorator to 2022-10-03T04:46:40.466847+00:00, run_after=2022-10-04T04:46:40.466847+00:00
[2022-10-04T04:46:40.490+0000] {processor.py:178} INFO - Processing /usr/local/lib/python3.10/dist-packages/airflow/example_dags/example_short_circuit_decorator.py took 0.089 seconds
[2022-10-04T04:47:20.277+0000] {processor.py:156} INFO - Started process (PID=2086) to work on /usr/local/lib/python3.10/dist-packages/airflow/example_dags/example_short_circuit_decorator.py
[2022-10-04T04:47:20.279+0000] {processor.py:758} INFO - Processing file /usr/local/lib/python3.10/dist-packages/airflow/example_dags/example_short_circuit_decorator.py for tasks to queue
[2022-10-04T04:47:20.279+0000] {logging_mixin.py:117} INFO - [2022-10-04T04:47:20.279+0000] {dagbag.py:525} INFO - Filling up the DagBag from /usr/local/lib/python3.10/dist-packages/airflow/example_dags/example_short_circuit_decorator.py
[2022-10-04T04:47:20.297+0000] {processor.py:768} INFO - DAG(s) dict_keys(['example_short_circuit_decorator']) retrieved from /usr/local/lib/python3.10/dist-packages/airflow/example_dags/example_short_circuit_decorator.py
[2022-10-04T04:47:20.321+0000] {logging_mixin.py:117} INFO - [2022-10-04T04:47:20.321+0000] {dag.py:2573} INFO - Sync 1 DAGs
[2022-10-04T04:47:20.336+0000] {logging_mixin.py:117} INFO - [2022-10-04T04:47:20.336+0000] {dag.py:3324} INFO - Setting next_dagrun for example_short_circuit_decorator to 2022-10-03T04:47:20.336062+00:00, run_after=2022-10-04T04:47:20.336062+00:00
[2022-10-04T04:47:20.359+0000] {processor.py:178} INFO - Processing /usr/local/lib/python3.10/dist-packages/airflow/example_dags/example_short_circuit_decorator.py took 0.085 seconds
[2022-10-04T04:47:58.052+0000] {processor.py:156} INFO - Started process (PID=2123) to work on /usr/local/lib/python3.10/dist-packages/airflow/example_dags/example_short_circuit_decorator.py
[2022-10-04T04:47:58.053+0000] {processor.py:758} INFO - Processing file /usr/local/lib/python3.10/dist-packages/airflow/example_dags/example_short_circuit_decorator.py for tasks to queue
[2022-10-04T04:47:58.054+0000] {logging_mixin.py:117} INFO - [2022-10-04T04:47:58.053+0000] {dagbag.py:525} INFO - Filling up the DagBag from /usr/local/lib/python3.10/dist-packages/airflow/example_dags/example_short_circuit_decorator.py
[2022-10-04T04:47:58.084+0000] {processor.py:768} INFO - DAG(s) dict_keys(['example_short_circuit_decorator']) retrieved from /usr/local/lib/python3.10/dist-packages/airflow/example_dags/example_short_circuit_decorator.py
[2022-10-04T04:47:58.117+0000] {logging_mixin.py:117} INFO - [2022-10-04T04:47:58.117+0000] {dag.py:2573} INFO - Sync 1 DAGs
[2022-10-04T04:47:58.137+0000] {logging_mixin.py:117} INFO - [2022-10-04T04:47:58.137+0000] {dag.py:3324} INFO - Setting next_dagrun for example_short_circuit_decorator to 2022-10-03T04:47:58.136898+00:00, run_after=2022-10-04T04:47:58.136898+00:00
[2022-10-04T04:47:58.163+0000] {processor.py:178} INFO - Processing /usr/local/lib/python3.10/dist-packages/airflow/example_dags/example_short_circuit_decorator.py took 0.115 seconds
[2022-10-04T04:48:35.000+0000] {processor.py:156} INFO - Started process (PID=2161) to work on /usr/local/lib/python3.10/dist-packages/airflow/example_dags/example_short_circuit_decorator.py
[2022-10-04T04:48:35.001+0000] {processor.py:758} INFO - Processing file /usr/local/lib/python3.10/dist-packages/airflow/example_dags/example_short_circuit_decorator.py for tasks to queue
[2022-10-04T04:48:35.002+0000] {logging_mixin.py:117} INFO - [2022-10-04T04:48:35.002+0000] {dagbag.py:525} INFO - Filling up the DagBag from /usr/local/lib/python3.10/dist-packages/airflow/example_dags/example_short_circuit_decorator.py
[2022-10-04T04:48:35.019+0000] {processor.py:768} INFO - DAG(s) dict_keys(['example_short_circuit_decorator']) retrieved from /usr/local/lib/python3.10/dist-packages/airflow/example_dags/example_short_circuit_decorator.py
[2022-10-04T04:48:35.046+0000] {logging_mixin.py:117} INFO - [2022-10-04T04:48:35.046+0000] {dag.py:2573} INFO - Sync 1 DAGs
[2022-10-04T04:48:35.066+0000] {logging_mixin.py:117} INFO - [2022-10-04T04:48:35.066+0000] {dag.py:3324} INFO - Setting next_dagrun for example_short_circuit_decorator to 2022-10-03T04:48:35.066266+00:00, run_after=2022-10-04T04:48:35.066266+00:00
[2022-10-04T04:48:35.094+0000] {processor.py:178} INFO - Processing /usr/local/lib/python3.10/dist-packages/airflow/example_dags/example_short_circuit_decorator.py took 0.098 seconds
[2022-10-04T04:49:11.744+0000] {processor.py:156} INFO - Started process (PID=2199) to work on /usr/local/lib/python3.10/dist-packages/airflow/example_dags/example_short_circuit_decorator.py
[2022-10-04T04:49:11.746+0000] {processor.py:758} INFO - Processing file /usr/local/lib/python3.10/dist-packages/airflow/example_dags/example_short_circuit_decorator.py for tasks to queue
[2022-10-04T04:49:11.746+0000] {logging_mixin.py:117} INFO - [2022-10-04T04:49:11.746+0000] {dagbag.py:525} INFO - Filling up the DagBag from /usr/local/lib/python3.10/dist-packages/airflow/example_dags/example_short_circuit_decorator.py
[2022-10-04T04:49:11.766+0000] {processor.py:768} INFO - DAG(s) dict_keys(['example_short_circuit_decorator']) retrieved from /usr/local/lib/python3.10/dist-packages/airflow/example_dags/example_short_circuit_decorator.py
[2022-10-04T04:49:11.790+0000] {logging_mixin.py:117} INFO - [2022-10-04T04:49:11.790+0000] {dag.py:2573} INFO - Sync 1 DAGs
[2022-10-04T04:49:11.812+0000] {logging_mixin.py:117} INFO - [2022-10-04T04:49:11.812+0000] {dag.py:3324} INFO - Setting next_dagrun for example_short_circuit_decorator to 2022-10-03T04:49:11.812367+00:00, run_after=2022-10-04T04:49:11.812367+00:00
[2022-10-04T04:49:11.835+0000] {processor.py:178} INFO - Processing /usr/local/lib/python3.10/dist-packages/airflow/example_dags/example_short_circuit_decorator.py took 0.094 seconds
[2022-10-04T04:49:49.453+0000] {processor.py:156} INFO - Started process (PID=2236) to work on /usr/local/lib/python3.10/dist-packages/airflow/example_dags/example_short_circuit_decorator.py
[2022-10-04T04:49:49.454+0000] {processor.py:758} INFO - Processing file /usr/local/lib/python3.10/dist-packages/airflow/example_dags/example_short_circuit_decorator.py for tasks to queue
[2022-10-04T04:49:49.455+0000] {logging_mixin.py:117} INFO - [2022-10-04T04:49:49.455+0000] {dagbag.py:525} INFO - Filling up the DagBag from /usr/local/lib/python3.10/dist-packages/airflow/example_dags/example_short_circuit_decorator.py
[2022-10-04T04:49:49.471+0000] {processor.py:768} INFO - DAG(s) dict_keys(['example_short_circuit_decorator']) retrieved from /usr/local/lib/python3.10/dist-packages/airflow/example_dags/example_short_circuit_decorator.py
[2022-10-04T04:49:49.496+0000] {logging_mixin.py:117} INFO - [2022-10-04T04:49:49.496+0000] {dag.py:2573} INFO - Sync 1 DAGs
[2022-10-04T04:49:49.512+0000] {logging_mixin.py:117} INFO - [2022-10-04T04:49:49.512+0000] {dag.py:3324} INFO - Setting next_dagrun for example_short_circuit_decorator to 2022-10-03T04:49:49.512431+00:00, run_after=2022-10-04T04:49:49.512431+00:00
[2022-10-04T04:49:49.544+0000] {processor.py:178} INFO - Processing /usr/local/lib/python3.10/dist-packages/airflow/example_dags/example_short_circuit_decorator.py took 0.094 seconds
[2022-10-04T04:50:27.982+0000] {processor.py:156} INFO - Started process (PID=2275) to work on /usr/local/lib/python3.10/dist-packages/airflow/example_dags/example_short_circuit_decorator.py
[2022-10-04T04:50:27.983+0000] {processor.py:758} INFO - Processing file /usr/local/lib/python3.10/dist-packages/airflow/example_dags/example_short_circuit_decorator.py for tasks to queue
[2022-10-04T04:50:27.984+0000] {logging_mixin.py:117} INFO - [2022-10-04T04:50:27.983+0000] {dagbag.py:525} INFO - Filling up the DagBag from /usr/local/lib/python3.10/dist-packages/airflow/example_dags/example_short_circuit_decorator.py
[2022-10-04T04:50:28.004+0000] {processor.py:768} INFO - DAG(s) dict_keys(['example_short_circuit_decorator']) retrieved from /usr/local/lib/python3.10/dist-packages/airflow/example_dags/example_short_circuit_decorator.py
[2022-10-04T04:50:28.029+0000] {logging_mixin.py:117} INFO - [2022-10-04T04:50:28.029+0000] {dag.py:2573} INFO - Sync 1 DAGs
[2022-10-04T04:50:28.046+0000] {logging_mixin.py:117} INFO - [2022-10-04T04:50:28.046+0000] {dag.py:3324} INFO - Setting next_dagrun for example_short_circuit_decorator to 2022-10-03T04:50:28.046091+00:00, run_after=2022-10-04T04:50:28.046091+00:00
[2022-10-04T04:50:28.070+0000] {processor.py:178} INFO - Processing /usr/local/lib/python3.10/dist-packages/airflow/example_dags/example_short_circuit_decorator.py took 0.091 seconds
[2022-10-04T04:51:05.763+0000] {processor.py:156} INFO - Started process (PID=2313) to work on /usr/local/lib/python3.10/dist-packages/airflow/example_dags/example_short_circuit_decorator.py
[2022-10-04T04:51:05.764+0000] {processor.py:758} INFO - Processing file /usr/local/lib/python3.10/dist-packages/airflow/example_dags/example_short_circuit_decorator.py for tasks to queue
[2022-10-04T04:51:05.765+0000] {logging_mixin.py:117} INFO - [2022-10-04T04:51:05.765+0000] {dagbag.py:525} INFO - Filling up the DagBag from /usr/local/lib/python3.10/dist-packages/airflow/example_dags/example_short_circuit_decorator.py
[2022-10-04T04:51:05.782+0000] {processor.py:768} INFO - DAG(s) dict_keys(['example_short_circuit_decorator']) retrieved from /usr/local/lib/python3.10/dist-packages/airflow/example_dags/example_short_circuit_decorator.py
[2022-10-04T04:51:05.805+0000] {logging_mixin.py:117} INFO - [2022-10-04T04:51:05.805+0000] {dag.py:2573} INFO - Sync 1 DAGs
[2022-10-04T04:51:05.820+0000] {logging_mixin.py:117} INFO - [2022-10-04T04:51:05.820+0000] {dag.py:3324} INFO - Setting next_dagrun for example_short_circuit_decorator to 2022-10-03T04:51:05.820333+00:00, run_after=2022-10-04T04:51:05.820333+00:00
[2022-10-04T04:51:05.842+0000] {processor.py:178} INFO - Processing /usr/local/lib/python3.10/dist-packages/airflow/example_dags/example_short_circuit_decorator.py took 0.082 seconds
[2022-10-04T04:51:45.142+0000] {processor.py:156} INFO - Started process (PID=2351) to work on /usr/local/lib/python3.10/dist-packages/airflow/example_dags/example_short_circuit_decorator.py
[2022-10-04T04:51:45.143+0000] {processor.py:758} INFO - Processing file /usr/local/lib/python3.10/dist-packages/airflow/example_dags/example_short_circuit_decorator.py for tasks to queue
[2022-10-04T04:51:45.144+0000] {logging_mixin.py:117} INFO - [2022-10-04T04:51:45.144+0000] {dagbag.py:525} INFO - Filling up the DagBag from /usr/local/lib/python3.10/dist-packages/airflow/example_dags/example_short_circuit_decorator.py
[2022-10-04T04:51:45.160+0000] {processor.py:768} INFO - DAG(s) dict_keys(['example_short_circuit_decorator']) retrieved from /usr/local/lib/python3.10/dist-packages/airflow/example_dags/example_short_circuit_decorator.py
[2022-10-04T04:51:45.185+0000] {logging_mixin.py:117} INFO - [2022-10-04T04:51:45.184+0000] {dag.py:2573} INFO - Sync 1 DAGs
[2022-10-04T04:51:45.201+0000] {logging_mixin.py:117} INFO - [2022-10-04T04:51:45.201+0000] {dag.py:3324} INFO - Setting next_dagrun for example_short_circuit_decorator to 2022-10-03T04:51:45.201411+00:00, run_after=2022-10-04T04:51:45.201411+00:00
[2022-10-04T04:51:45.222+0000] {processor.py:178} INFO - Processing /usr/local/lib/python3.10/dist-packages/airflow/example_dags/example_short_circuit_decorator.py took 0.083 seconds
[2022-10-04T04:52:28.183+0000] {processor.py:156} INFO - Started process (PID=2394) to work on /usr/local/lib/python3.10/dist-packages/airflow/example_dags/example_short_circuit_decorator.py
[2022-10-04T04:52:28.184+0000] {processor.py:758} INFO - Processing file /usr/local/lib/python3.10/dist-packages/airflow/example_dags/example_short_circuit_decorator.py for tasks to queue
[2022-10-04T04:52:28.185+0000] {logging_mixin.py:117} INFO - [2022-10-04T04:52:28.185+0000] {dagbag.py:525} INFO - Filling up the DagBag from /usr/local/lib/python3.10/dist-packages/airflow/example_dags/example_short_circuit_decorator.py
[2022-10-04T04:52:28.204+0000] {processor.py:768} INFO - DAG(s) dict_keys(['example_short_circuit_decorator']) retrieved from /usr/local/lib/python3.10/dist-packages/airflow/example_dags/example_short_circuit_decorator.py
[2022-10-04T04:52:28.237+0000] {logging_mixin.py:117} INFO - [2022-10-04T04:52:28.237+0000] {dag.py:2573} INFO - Sync 1 DAGs
[2022-10-04T04:52:28.262+0000] {logging_mixin.py:117} INFO - [2022-10-04T04:52:28.261+0000] {dag.py:3324} INFO - Setting next_dagrun for example_short_circuit_decorator to 2022-10-03T04:52:28.261635+00:00, run_after=2022-10-04T04:52:28.261635+00:00
[2022-10-04T04:52:28.299+0000] {processor.py:178} INFO - Processing /usr/local/lib/python3.10/dist-packages/airflow/example_dags/example_short_circuit_decorator.py took 0.120 seconds
[2022-10-04T04:53:10.540+0000] {processor.py:156} INFO - Started process (PID=2436) to work on /usr/local/lib/python3.10/dist-packages/airflow/example_dags/example_short_circuit_decorator.py
[2022-10-04T04:53:10.541+0000] {processor.py:758} INFO - Processing file /usr/local/lib/python3.10/dist-packages/airflow/example_dags/example_short_circuit_decorator.py for tasks to queue
[2022-10-04T04:53:10.542+0000] {logging_mixin.py:117} INFO - [2022-10-04T04:53:10.541+0000] {dagbag.py:525} INFO - Filling up the DagBag from /usr/local/lib/python3.10/dist-packages/airflow/example_dags/example_short_circuit_decorator.py
[2022-10-04T04:53:10.565+0000] {processor.py:768} INFO - DAG(s) dict_keys(['example_short_circuit_decorator']) retrieved from /usr/local/lib/python3.10/dist-packages/airflow/example_dags/example_short_circuit_decorator.py
[2022-10-04T04:53:10.590+0000] {logging_mixin.py:117} INFO - [2022-10-04T04:53:10.590+0000] {dag.py:2573} INFO - Sync 1 DAGs
[2022-10-04T04:53:10.608+0000] {logging_mixin.py:117} INFO - [2022-10-04T04:53:10.608+0000] {dag.py:3324} INFO - Setting next_dagrun for example_short_circuit_decorator to 2022-10-03T04:53:10.608247+00:00, run_after=2022-10-04T04:53:10.608247+00:00
[2022-10-04T04:53:10.633+0000] {processor.py:178} INFO - Processing /usr/local/lib/python3.10/dist-packages/airflow/example_dags/example_short_circuit_decorator.py took 0.097 seconds
[2022-10-04T04:53:47.569+0000] {processor.py:156} INFO - Started process (PID=2474) to work on /usr/local/lib/python3.10/dist-packages/airflow/example_dags/example_short_circuit_decorator.py
[2022-10-04T04:53:47.570+0000] {processor.py:758} INFO - Processing file /usr/local/lib/python3.10/dist-packages/airflow/example_dags/example_short_circuit_decorator.py for tasks to queue
[2022-10-04T04:53:47.570+0000] {logging_mixin.py:117} INFO - [2022-10-04T04:53:47.570+0000] {dagbag.py:525} INFO - Filling up the DagBag from /usr/local/lib/python3.10/dist-packages/airflow/example_dags/example_short_circuit_decorator.py
[2022-10-04T04:53:47.586+0000] {processor.py:768} INFO - DAG(s) dict_keys(['example_short_circuit_decorator']) retrieved from /usr/local/lib/python3.10/dist-packages/airflow/example_dags/example_short_circuit_decorator.py
[2022-10-04T04:53:47.608+0000] {logging_mixin.py:117} INFO - [2022-10-04T04:53:47.608+0000] {dag.py:2573} INFO - Sync 1 DAGs
[2022-10-04T04:53:47.623+0000] {logging_mixin.py:117} INFO - [2022-10-04T04:53:47.623+0000] {dag.py:3324} INFO - Setting next_dagrun for example_short_circuit_decorator to 2022-10-03T04:53:47.623048+00:00, run_after=2022-10-04T04:53:47.623048+00:00
[2022-10-04T04:53:47.644+0000] {processor.py:178} INFO - Processing /usr/local/lib/python3.10/dist-packages/airflow/example_dags/example_short_circuit_decorator.py took 0.078 seconds
