[2022-10-04T03:08:59.414+0000] {processor.py:156} INFO - Started process (PID=7679) to work on /usr/local/lib/python3.10/dist-packages/airflow/example_dags/example_complex.py
[2022-10-04T03:08:59.415+0000] {processor.py:758} INFO - Processing file /usr/local/lib/python3.10/dist-packages/airflow/example_dags/example_complex.py for tasks to queue
[2022-10-04T03:08:59.415+0000] {logging_mixin.py:117} INFO - [2022-10-04T03:08:59.415+0000] {dagbag.py:525} INFO - Filling up the DagBag from /usr/local/lib/python3.10/dist-packages/airflow/example_dags/example_complex.py
[2022-10-04T03:08:59.481+0000] {processor.py:768} INFO - DAG(s) dict_keys(['example_complex']) retrieved from /usr/local/lib/python3.10/dist-packages/airflow/example_dags/example_complex.py
[2022-10-04T03:08:59.786+0000] {logging_mixin.py:117} INFO - [2022-10-04T03:08:59.786+0000] {manager.py:508} INFO - Created Permission View: can read on DAG:example_complex
[2022-10-04T03:08:59.809+0000] {logging_mixin.py:117} INFO - [2022-10-04T03:08:59.808+0000] {manager.py:508} INFO - Created Permission View: can delete on DAG:example_complex
[2022-10-04T03:08:59.823+0000] {logging_mixin.py:117} INFO - [2022-10-04T03:08:59.822+0000] {manager.py:508} INFO - Created Permission View: can edit on DAG:example_complex
[2022-10-04T03:08:59.823+0000] {logging_mixin.py:117} INFO - [2022-10-04T03:08:59.823+0000] {dag.py:2573} INFO - Sync 1 DAGs
[2022-10-04T03:08:59.840+0000] {logging_mixin.py:117} INFO - [2022-10-04T03:08:59.840+0000] {dag.py:2594} INFO - Creating ORM DAG for example_complex
[2022-10-04T03:08:59.868+0000] {logging_mixin.py:117} INFO - [2022-10-04T03:08:59.868+0000] {dag.py:3324} INFO - Setting next_dagrun for example_complex to None, run_after=None
[2022-10-04T03:08:59.925+0000] {processor.py:178} INFO - Processing /usr/local/lib/python3.10/dist-packages/airflow/example_dags/example_complex.py took 0.538 seconds
[2022-10-04T03:09:42.945+0000] {processor.py:156} INFO - Started process (PID=7717) to work on /usr/local/lib/python3.10/dist-packages/airflow/example_dags/example_complex.py
[2022-10-04T03:09:42.946+0000] {processor.py:758} INFO - Processing file /usr/local/lib/python3.10/dist-packages/airflow/example_dags/example_complex.py for tasks to queue
[2022-10-04T03:09:42.946+0000] {logging_mixin.py:117} INFO - [2022-10-04T03:09:42.946+0000] {dagbag.py:525} INFO - Filling up the DagBag from /usr/local/lib/python3.10/dist-packages/airflow/example_dags/example_complex.py
[2022-10-04T03:09:42.964+0000] {processor.py:768} INFO - DAG(s) dict_keys(['example_complex']) retrieved from /usr/local/lib/python3.10/dist-packages/airflow/example_dags/example_complex.py
[2022-10-04T03:09:42.996+0000] {logging_mixin.py:117} INFO - [2022-10-04T03:09:42.996+0000] {dag.py:2573} INFO - Sync 1 DAGs
[2022-10-04T03:09:43.015+0000] {logging_mixin.py:117} INFO - [2022-10-04T03:09:43.015+0000] {dag.py:3324} INFO - Setting next_dagrun for example_complex to None, run_after=None
[2022-10-04T03:09:43.036+0000] {processor.py:178} INFO - Processing /usr/local/lib/python3.10/dist-packages/airflow/example_dags/example_complex.py took 0.094 seconds
[2022-10-04T03:10:20.478+0000] {processor.py:156} INFO - Started process (PID=7766) to work on /usr/local/lib/python3.10/dist-packages/airflow/example_dags/example_complex.py
[2022-10-04T03:10:20.480+0000] {processor.py:758} INFO - Processing file /usr/local/lib/python3.10/dist-packages/airflow/example_dags/example_complex.py for tasks to queue
[2022-10-04T03:10:20.480+0000] {logging_mixin.py:117} INFO - [2022-10-04T03:10:20.480+0000] {dagbag.py:525} INFO - Filling up the DagBag from /usr/local/lib/python3.10/dist-packages/airflow/example_dags/example_complex.py
[2022-10-04T03:10:20.501+0000] {processor.py:768} INFO - DAG(s) dict_keys(['example_complex']) retrieved from /usr/local/lib/python3.10/dist-packages/airflow/example_dags/example_complex.py
[2022-10-04T03:10:20.531+0000] {logging_mixin.py:117} INFO - [2022-10-04T03:10:20.531+0000] {dag.py:2573} INFO - Sync 1 DAGs
[2022-10-04T03:10:20.552+0000] {logging_mixin.py:117} INFO - [2022-10-04T03:10:20.552+0000] {dag.py:3324} INFO - Setting next_dagrun for example_complex to None, run_after=None
[2022-10-04T03:10:20.578+0000] {processor.py:178} INFO - Processing /usr/local/lib/python3.10/dist-packages/airflow/example_dags/example_complex.py took 0.102 seconds
[2022-10-04T03:11:02.431+0000] {processor.py:156} INFO - Started process (PID=7808) to work on /usr/local/lib/python3.10/dist-packages/airflow/example_dags/example_complex.py
[2022-10-04T03:11:02.432+0000] {processor.py:758} INFO - Processing file /usr/local/lib/python3.10/dist-packages/airflow/example_dags/example_complex.py for tasks to queue
[2022-10-04T03:11:02.432+0000] {logging_mixin.py:117} INFO - [2022-10-04T03:11:02.432+0000] {dagbag.py:525} INFO - Filling up the DagBag from /usr/local/lib/python3.10/dist-packages/airflow/example_dags/example_complex.py
[2022-10-04T03:11:02.456+0000] {processor.py:768} INFO - DAG(s) dict_keys(['example_complex']) retrieved from /usr/local/lib/python3.10/dist-packages/airflow/example_dags/example_complex.py
[2022-10-04T03:11:02.480+0000] {logging_mixin.py:117} INFO - [2022-10-04T03:11:02.480+0000] {dag.py:2573} INFO - Sync 1 DAGs
[2022-10-04T03:11:02.497+0000] {logging_mixin.py:117} INFO - [2022-10-04T03:11:02.497+0000] {dag.py:3324} INFO - Setting next_dagrun for example_complex to None, run_after=None
[2022-10-04T03:11:02.519+0000] {processor.py:178} INFO - Processing /usr/local/lib/python3.10/dist-packages/airflow/example_dags/example_complex.py took 0.090 seconds
[2022-10-04T03:11:41.124+0000] {processor.py:156} INFO - Started process (PID=7846) to work on /usr/local/lib/python3.10/dist-packages/airflow/example_dags/example_complex.py
[2022-10-04T03:11:41.125+0000] {processor.py:758} INFO - Processing file /usr/local/lib/python3.10/dist-packages/airflow/example_dags/example_complex.py for tasks to queue
[2022-10-04T03:11:41.126+0000] {logging_mixin.py:117} INFO - [2022-10-04T03:11:41.126+0000] {dagbag.py:525} INFO - Filling up the DagBag from /usr/local/lib/python3.10/dist-packages/airflow/example_dags/example_complex.py
[2022-10-04T03:11:41.145+0000] {processor.py:768} INFO - DAG(s) dict_keys(['example_complex']) retrieved from /usr/local/lib/python3.10/dist-packages/airflow/example_dags/example_complex.py
[2022-10-04T03:11:41.174+0000] {logging_mixin.py:117} INFO - [2022-10-04T03:11:41.174+0000] {dag.py:2573} INFO - Sync 1 DAGs
[2022-10-04T03:11:41.193+0000] {logging_mixin.py:117} INFO - [2022-10-04T03:11:41.193+0000] {dag.py:3324} INFO - Setting next_dagrun for example_complex to None, run_after=None
[2022-10-04T03:11:41.214+0000] {processor.py:178} INFO - Processing /usr/local/lib/python3.10/dist-packages/airflow/example_dags/example_complex.py took 0.092 seconds
[2022-10-04T03:12:19.059+0000] {processor.py:156} INFO - Started process (PID=7886) to work on /usr/local/lib/python3.10/dist-packages/airflow/example_dags/example_complex.py
[2022-10-04T03:12:19.060+0000] {processor.py:758} INFO - Processing file /usr/local/lib/python3.10/dist-packages/airflow/example_dags/example_complex.py for tasks to queue
[2022-10-04T03:12:19.061+0000] {logging_mixin.py:117} INFO - [2022-10-04T03:12:19.061+0000] {dagbag.py:525} INFO - Filling up the DagBag from /usr/local/lib/python3.10/dist-packages/airflow/example_dags/example_complex.py
[2022-10-04T03:12:19.079+0000] {processor.py:768} INFO - DAG(s) dict_keys(['example_complex']) retrieved from /usr/local/lib/python3.10/dist-packages/airflow/example_dags/example_complex.py
[2022-10-04T03:12:19.105+0000] {logging_mixin.py:117} INFO - [2022-10-04T03:12:19.105+0000] {dag.py:2573} INFO - Sync 1 DAGs
[2022-10-04T03:12:19.123+0000] {logging_mixin.py:117} INFO - [2022-10-04T03:12:19.123+0000] {dag.py:3324} INFO - Setting next_dagrun for example_complex to None, run_after=None
[2022-10-04T03:12:19.144+0000] {processor.py:178} INFO - Processing /usr/local/lib/python3.10/dist-packages/airflow/example_dags/example_complex.py took 0.087 seconds
[2022-10-04T03:12:54.730+0000] {processor.py:156} INFO - Started process (PID=7920) to work on /usr/local/lib/python3.10/dist-packages/airflow/example_dags/example_complex.py
[2022-10-04T03:12:54.731+0000] {processor.py:758} INFO - Processing file /usr/local/lib/python3.10/dist-packages/airflow/example_dags/example_complex.py for tasks to queue
[2022-10-04T03:12:54.731+0000] {logging_mixin.py:117} INFO - [2022-10-04T03:12:54.731+0000] {dagbag.py:525} INFO - Filling up the DagBag from /usr/local/lib/python3.10/dist-packages/airflow/example_dags/example_complex.py
[2022-10-04T03:12:54.751+0000] {processor.py:768} INFO - DAG(s) dict_keys(['example_complex']) retrieved from /usr/local/lib/python3.10/dist-packages/airflow/example_dags/example_complex.py
[2022-10-04T03:12:54.777+0000] {logging_mixin.py:117} INFO - [2022-10-04T03:12:54.777+0000] {dag.py:2573} INFO - Sync 1 DAGs
[2022-10-04T03:12:54.796+0000] {logging_mixin.py:117} INFO - [2022-10-04T03:12:54.795+0000] {dag.py:3324} INFO - Setting next_dagrun for example_complex to None, run_after=None
[2022-10-04T03:12:54.816+0000] {processor.py:178} INFO - Processing /usr/local/lib/python3.10/dist-packages/airflow/example_dags/example_complex.py took 0.090 seconds
[2022-10-04T03:13:26.194+0000] {processor.py:156} INFO - Started process (PID=7952) to work on /usr/local/lib/python3.10/dist-packages/airflow/example_dags/example_complex.py
[2022-10-04T03:13:26.196+0000] {processor.py:758} INFO - Processing file /usr/local/lib/python3.10/dist-packages/airflow/example_dags/example_complex.py for tasks to queue
[2022-10-04T03:13:26.196+0000] {logging_mixin.py:117} INFO - [2022-10-04T03:13:26.196+0000] {dagbag.py:525} INFO - Filling up the DagBag from /usr/local/lib/python3.10/dist-packages/airflow/example_dags/example_complex.py
[2022-10-04T03:13:26.219+0000] {processor.py:768} INFO - DAG(s) dict_keys(['example_complex']) retrieved from /usr/local/lib/python3.10/dist-packages/airflow/example_dags/example_complex.py
[2022-10-04T03:13:26.247+0000] {logging_mixin.py:117} INFO - [2022-10-04T03:13:26.247+0000] {dag.py:2573} INFO - Sync 1 DAGs
[2022-10-04T03:13:26.265+0000] {logging_mixin.py:117} INFO - [2022-10-04T03:13:26.265+0000] {dag.py:3324} INFO - Setting next_dagrun for example_complex to None, run_after=None
[2022-10-04T03:13:26.286+0000] {processor.py:178} INFO - Processing /usr/local/lib/python3.10/dist-packages/airflow/example_dags/example_complex.py took 0.095 seconds
[2022-10-04T03:13:58.876+0000] {processor.py:156} INFO - Started process (PID=7984) to work on /usr/local/lib/python3.10/dist-packages/airflow/example_dags/example_complex.py
[2022-10-04T03:13:58.877+0000] {processor.py:758} INFO - Processing file /usr/local/lib/python3.10/dist-packages/airflow/example_dags/example_complex.py for tasks to queue
[2022-10-04T03:13:58.878+0000] {logging_mixin.py:117} INFO - [2022-10-04T03:13:58.878+0000] {dagbag.py:525} INFO - Filling up the DagBag from /usr/local/lib/python3.10/dist-packages/airflow/example_dags/example_complex.py
[2022-10-04T03:13:58.899+0000] {processor.py:768} INFO - DAG(s) dict_keys(['example_complex']) retrieved from /usr/local/lib/python3.10/dist-packages/airflow/example_dags/example_complex.py
[2022-10-04T03:13:58.930+0000] {logging_mixin.py:117} INFO - [2022-10-04T03:13:58.930+0000] {dag.py:2573} INFO - Sync 1 DAGs
[2022-10-04T03:13:58.950+0000] {logging_mixin.py:117} INFO - [2022-10-04T03:13:58.950+0000] {dag.py:3324} INFO - Setting next_dagrun for example_complex to None, run_after=None
[2022-10-04T03:13:58.973+0000] {processor.py:178} INFO - Processing /usr/local/lib/python3.10/dist-packages/airflow/example_dags/example_complex.py took 0.100 seconds
[2022-10-04T03:14:34.151+0000] {processor.py:156} INFO - Started process (PID=8021) to work on /usr/local/lib/python3.10/dist-packages/airflow/example_dags/example_complex.py
[2022-10-04T03:14:34.153+0000] {processor.py:758} INFO - Processing file /usr/local/lib/python3.10/dist-packages/airflow/example_dags/example_complex.py for tasks to queue
[2022-10-04T03:14:34.153+0000] {logging_mixin.py:117} INFO - [2022-10-04T03:14:34.153+0000] {dagbag.py:525} INFO - Filling up the DagBag from /usr/local/lib/python3.10/dist-packages/airflow/example_dags/example_complex.py
[2022-10-04T03:14:34.170+0000] {processor.py:768} INFO - DAG(s) dict_keys(['example_complex']) retrieved from /usr/local/lib/python3.10/dist-packages/airflow/example_dags/example_complex.py
[2022-10-04T03:14:34.196+0000] {logging_mixin.py:117} INFO - [2022-10-04T03:14:34.196+0000] {dag.py:2573} INFO - Sync 1 DAGs
[2022-10-04T03:14:34.213+0000] {logging_mixin.py:117} INFO - [2022-10-04T03:14:34.212+0000] {dag.py:3324} INFO - Setting next_dagrun for example_complex to None, run_after=None
[2022-10-04T03:14:34.234+0000] {processor.py:178} INFO - Processing /usr/local/lib/python3.10/dist-packages/airflow/example_dags/example_complex.py took 0.086 seconds
[2022-10-04T03:15:11.914+0000] {processor.py:156} INFO - Started process (PID=8056) to work on /usr/local/lib/python3.10/dist-packages/airflow/example_dags/example_complex.py
[2022-10-04T03:15:11.915+0000] {processor.py:758} INFO - Processing file /usr/local/lib/python3.10/dist-packages/airflow/example_dags/example_complex.py for tasks to queue
[2022-10-04T03:15:11.915+0000] {logging_mixin.py:117} INFO - [2022-10-04T03:15:11.915+0000] {dagbag.py:525} INFO - Filling up the DagBag from /usr/local/lib/python3.10/dist-packages/airflow/example_dags/example_complex.py
[2022-10-04T03:15:11.934+0000] {processor.py:768} INFO - DAG(s) dict_keys(['example_complex']) retrieved from /usr/local/lib/python3.10/dist-packages/airflow/example_dags/example_complex.py
[2022-10-04T03:15:11.961+0000] {logging_mixin.py:117} INFO - [2022-10-04T03:15:11.961+0000] {dag.py:2573} INFO - Sync 1 DAGs
[2022-10-04T03:15:11.979+0000] {logging_mixin.py:117} INFO - [2022-10-04T03:15:11.978+0000] {dag.py:3324} INFO - Setting next_dagrun for example_complex to None, run_after=None
[2022-10-04T03:15:12.002+0000] {processor.py:178} INFO - Processing /usr/local/lib/python3.10/dist-packages/airflow/example_dags/example_complex.py took 0.092 seconds
[2022-10-04T03:15:46.168+0000] {processor.py:156} INFO - Started process (PID=8092) to work on /usr/local/lib/python3.10/dist-packages/airflow/example_dags/example_complex.py
[2022-10-04T03:15:46.169+0000] {processor.py:758} INFO - Processing file /usr/local/lib/python3.10/dist-packages/airflow/example_dags/example_complex.py for tasks to queue
[2022-10-04T03:15:46.169+0000] {logging_mixin.py:117} INFO - [2022-10-04T03:15:46.169+0000] {dagbag.py:525} INFO - Filling up the DagBag from /usr/local/lib/python3.10/dist-packages/airflow/example_dags/example_complex.py
[2022-10-04T03:15:46.187+0000] {processor.py:768} INFO - DAG(s) dict_keys(['example_complex']) retrieved from /usr/local/lib/python3.10/dist-packages/airflow/example_dags/example_complex.py
[2022-10-04T03:15:46.211+0000] {logging_mixin.py:117} INFO - [2022-10-04T03:15:46.211+0000] {dag.py:2573} INFO - Sync 1 DAGs
[2022-10-04T03:15:46.228+0000] {logging_mixin.py:117} INFO - [2022-10-04T03:15:46.227+0000] {dag.py:3324} INFO - Setting next_dagrun for example_complex to None, run_after=None
[2022-10-04T03:15:46.249+0000] {processor.py:178} INFO - Processing /usr/local/lib/python3.10/dist-packages/airflow/example_dags/example_complex.py took 0.084 seconds
[2022-10-04T03:16:24.444+0000] {processor.py:156} INFO - Started process (PID=8215) to work on /usr/local/lib/python3.10/dist-packages/airflow/example_dags/example_complex.py
[2022-10-04T03:16:24.445+0000] {processor.py:758} INFO - Processing file /usr/local/lib/python3.10/dist-packages/airflow/example_dags/example_complex.py for tasks to queue
[2022-10-04T03:16:24.446+0000] {logging_mixin.py:117} INFO - [2022-10-04T03:16:24.445+0000] {dagbag.py:525} INFO - Filling up the DagBag from /usr/local/lib/python3.10/dist-packages/airflow/example_dags/example_complex.py
[2022-10-04T03:16:24.463+0000] {processor.py:768} INFO - DAG(s) dict_keys(['example_complex']) retrieved from /usr/local/lib/python3.10/dist-packages/airflow/example_dags/example_complex.py
[2022-10-04T03:16:24.488+0000] {logging_mixin.py:117} INFO - [2022-10-04T03:16:24.488+0000] {dag.py:2573} INFO - Sync 1 DAGs
[2022-10-04T03:16:24.507+0000] {logging_mixin.py:117} INFO - [2022-10-04T03:16:24.506+0000] {dag.py:3324} INFO - Setting next_dagrun for example_complex to None, run_after=None
[2022-10-04T03:16:24.652+0000] {processor.py:178} INFO - Processing /usr/local/lib/python3.10/dist-packages/airflow/example_dags/example_complex.py took 0.213 seconds
[2022-10-04T03:17:03.149+0000] {processor.py:156} INFO - Started process (PID=8265) to work on /usr/local/lib/python3.10/dist-packages/airflow/example_dags/example_complex.py
[2022-10-04T03:17:03.151+0000] {processor.py:758} INFO - Processing file /usr/local/lib/python3.10/dist-packages/airflow/example_dags/example_complex.py for tasks to queue
[2022-10-04T03:17:03.151+0000] {logging_mixin.py:117} INFO - [2022-10-04T03:17:03.151+0000] {dagbag.py:525} INFO - Filling up the DagBag from /usr/local/lib/python3.10/dist-packages/airflow/example_dags/example_complex.py
[2022-10-04T03:17:03.174+0000] {processor.py:768} INFO - DAG(s) dict_keys(['example_complex']) retrieved from /usr/local/lib/python3.10/dist-packages/airflow/example_dags/example_complex.py
[2022-10-04T03:17:03.203+0000] {logging_mixin.py:117} INFO - [2022-10-04T03:17:03.202+0000] {dag.py:2573} INFO - Sync 1 DAGs
[2022-10-04T03:17:03.358+0000] {logging_mixin.py:117} INFO - [2022-10-04T03:17:03.358+0000] {dag.py:3324} INFO - Setting next_dagrun for example_complex to None, run_after=None
[2022-10-04T03:17:03.388+0000] {processor.py:178} INFO - Processing /usr/local/lib/python3.10/dist-packages/airflow/example_dags/example_complex.py took 0.241 seconds
[2022-10-04T03:17:45.292+0000] {processor.py:156} INFO - Started process (PID=8621) to work on /usr/local/lib/python3.10/dist-packages/airflow/example_dags/example_complex.py
[2022-10-04T03:17:45.293+0000] {processor.py:758} INFO - Processing file /usr/local/lib/python3.10/dist-packages/airflow/example_dags/example_complex.py for tasks to queue
[2022-10-04T03:17:45.293+0000] {logging_mixin.py:117} INFO - [2022-10-04T03:17:45.293+0000] {dagbag.py:525} INFO - Filling up the DagBag from /usr/local/lib/python3.10/dist-packages/airflow/example_dags/example_complex.py
[2022-10-04T03:17:45.311+0000] {processor.py:768} INFO - DAG(s) dict_keys(['example_complex']) retrieved from /usr/local/lib/python3.10/dist-packages/airflow/example_dags/example_complex.py
[2022-10-04T03:17:45.338+0000] {logging_mixin.py:117} INFO - [2022-10-04T03:17:45.338+0000] {dag.py:2573} INFO - Sync 1 DAGs
[2022-10-04T03:17:45.488+0000] {logging_mixin.py:117} INFO - [2022-10-04T03:17:45.488+0000] {dag.py:3324} INFO - Setting next_dagrun for example_complex to None, run_after=None
[2022-10-04T03:17:45.508+0000] {processor.py:178} INFO - Processing /usr/local/lib/python3.10/dist-packages/airflow/example_dags/example_complex.py took 0.219 seconds
[2022-10-04T03:18:37.843+0000] {processor.py:156} INFO - Started process (PID=8683) to work on /usr/local/lib/python3.10/dist-packages/airflow/example_dags/example_complex.py
[2022-10-04T03:18:37.845+0000] {processor.py:758} INFO - Processing file /usr/local/lib/python3.10/dist-packages/airflow/example_dags/example_complex.py for tasks to queue
[2022-10-04T03:18:37.846+0000] {logging_mixin.py:117} INFO - [2022-10-04T03:18:37.845+0000] {dagbag.py:525} INFO - Filling up the DagBag from /usr/local/lib/python3.10/dist-packages/airflow/example_dags/example_complex.py
[2022-10-04T03:18:37.915+0000] {processor.py:768} INFO - DAG(s) dict_keys(['example_complex']) retrieved from /usr/local/lib/python3.10/dist-packages/airflow/example_dags/example_complex.py
[2022-10-04T03:18:37.948+0000] {logging_mixin.py:117} INFO - [2022-10-04T03:18:37.947+0000] {dag.py:2573} INFO - Sync 1 DAGs
[2022-10-04T03:18:38.023+0000] {logging_mixin.py:117} INFO - [2022-10-04T03:18:38.023+0000] {dag.py:3324} INFO - Setting next_dagrun for example_complex to None, run_after=None
[2022-10-04T03:18:38.088+0000] {processor.py:178} INFO - Processing /usr/local/lib/python3.10/dist-packages/airflow/example_dags/example_complex.py took 0.263 seconds
[2022-10-04T03:19:16.874+0000] {processor.py:156} INFO - Started process (PID=8720) to work on /usr/local/lib/python3.10/dist-packages/airflow/example_dags/example_complex.py
[2022-10-04T03:19:16.875+0000] {processor.py:758} INFO - Processing file /usr/local/lib/python3.10/dist-packages/airflow/example_dags/example_complex.py for tasks to queue
[2022-10-04T03:19:16.876+0000] {logging_mixin.py:117} INFO - [2022-10-04T03:19:16.876+0000] {dagbag.py:525} INFO - Filling up the DagBag from /usr/local/lib/python3.10/dist-packages/airflow/example_dags/example_complex.py
[2022-10-04T03:19:16.895+0000] {processor.py:768} INFO - DAG(s) dict_keys(['example_complex']) retrieved from /usr/local/lib/python3.10/dist-packages/airflow/example_dags/example_complex.py
[2022-10-04T03:19:16.935+0000] {logging_mixin.py:117} INFO - [2022-10-04T03:19:16.935+0000] {dag.py:2573} INFO - Sync 1 DAGs
[2022-10-04T03:19:16.956+0000] {logging_mixin.py:117} INFO - [2022-10-04T03:19:16.956+0000] {dag.py:3324} INFO - Setting next_dagrun for example_complex to None, run_after=None
[2022-10-04T03:19:16.980+0000] {processor.py:178} INFO - Processing /usr/local/lib/python3.10/dist-packages/airflow/example_dags/example_complex.py took 0.108 seconds
[2022-10-04T03:19:54.071+0000] {processor.py:156} INFO - Started process (PID=8761) to work on /usr/local/lib/python3.10/dist-packages/airflow/example_dags/example_complex.py
[2022-10-04T03:19:54.072+0000] {processor.py:758} INFO - Processing file /usr/local/lib/python3.10/dist-packages/airflow/example_dags/example_complex.py for tasks to queue
[2022-10-04T03:19:54.073+0000] {logging_mixin.py:117} INFO - [2022-10-04T03:19:54.073+0000] {dagbag.py:525} INFO - Filling up the DagBag from /usr/local/lib/python3.10/dist-packages/airflow/example_dags/example_complex.py
[2022-10-04T03:19:54.098+0000] {processor.py:768} INFO - DAG(s) dict_keys(['example_complex']) retrieved from /usr/local/lib/python3.10/dist-packages/airflow/example_dags/example_complex.py
[2022-10-04T03:19:54.224+0000] {logging_mixin.py:117} INFO - [2022-10-04T03:19:54.224+0000] {dag.py:2573} INFO - Sync 1 DAGs
[2022-10-04T03:19:54.245+0000] {logging_mixin.py:117} INFO - [2022-10-04T03:19:54.245+0000] {dag.py:3324} INFO - Setting next_dagrun for example_complex to None, run_after=None
[2022-10-04T03:19:54.318+0000] {processor.py:178} INFO - Processing /usr/local/lib/python3.10/dist-packages/airflow/example_dags/example_complex.py took 0.250 seconds
[2022-10-04T03:20:33.310+0000] {processor.py:156} INFO - Started process (PID=8801) to work on /usr/local/lib/python3.10/dist-packages/airflow/example_dags/example_complex.py
[2022-10-04T03:20:33.311+0000] {processor.py:758} INFO - Processing file /usr/local/lib/python3.10/dist-packages/airflow/example_dags/example_complex.py for tasks to queue
[2022-10-04T03:20:33.311+0000] {logging_mixin.py:117} INFO - [2022-10-04T03:20:33.311+0000] {dagbag.py:525} INFO - Filling up the DagBag from /usr/local/lib/python3.10/dist-packages/airflow/example_dags/example_complex.py
[2022-10-04T03:20:33.330+0000] {processor.py:768} INFO - DAG(s) dict_keys(['example_complex']) retrieved from /usr/local/lib/python3.10/dist-packages/airflow/example_dags/example_complex.py
[2022-10-04T03:20:33.355+0000] {logging_mixin.py:117} INFO - [2022-10-04T03:20:33.354+0000] {dag.py:2573} INFO - Sync 1 DAGs
[2022-10-04T03:20:33.371+0000] {logging_mixin.py:117} INFO - [2022-10-04T03:20:33.371+0000] {dag.py:3324} INFO - Setting next_dagrun for example_complex to None, run_after=None
[2022-10-04T03:20:33.393+0000] {processor.py:178} INFO - Processing /usr/local/lib/python3.10/dist-packages/airflow/example_dags/example_complex.py took 0.086 seconds
[2022-10-04T03:21:10.206+0000] {processor.py:156} INFO - Started process (PID=8836) to work on /usr/local/lib/python3.10/dist-packages/airflow/example_dags/example_complex.py
[2022-10-04T03:21:10.210+0000] {processor.py:758} INFO - Processing file /usr/local/lib/python3.10/dist-packages/airflow/example_dags/example_complex.py for tasks to queue
[2022-10-04T03:21:10.211+0000] {logging_mixin.py:117} INFO - [2022-10-04T03:21:10.211+0000] {dagbag.py:525} INFO - Filling up the DagBag from /usr/local/lib/python3.10/dist-packages/airflow/example_dags/example_complex.py
[2022-10-04T03:21:10.248+0000] {processor.py:768} INFO - DAG(s) dict_keys(['example_complex']) retrieved from /usr/local/lib/python3.10/dist-packages/airflow/example_dags/example_complex.py
[2022-10-04T03:21:10.295+0000] {logging_mixin.py:117} INFO - [2022-10-04T03:21:10.294+0000] {dag.py:2573} INFO - Sync 1 DAGs
[2022-10-04T03:21:10.315+0000] {logging_mixin.py:117} INFO - [2022-10-04T03:21:10.315+0000] {dag.py:3324} INFO - Setting next_dagrun for example_complex to None, run_after=None
[2022-10-04T03:21:10.338+0000] {processor.py:178} INFO - Processing /usr/local/lib/python3.10/dist-packages/airflow/example_dags/example_complex.py took 0.139 seconds
[2022-10-04T03:21:48.932+0000] {processor.py:156} INFO - Started process (PID=8874) to work on /usr/local/lib/python3.10/dist-packages/airflow/example_dags/example_complex.py
[2022-10-04T03:21:48.937+0000] {processor.py:758} INFO - Processing file /usr/local/lib/python3.10/dist-packages/airflow/example_dags/example_complex.py for tasks to queue
[2022-10-04T03:21:48.937+0000] {logging_mixin.py:117} INFO - [2022-10-04T03:21:48.937+0000] {dagbag.py:525} INFO - Filling up the DagBag from /usr/local/lib/python3.10/dist-packages/airflow/example_dags/example_complex.py
[2022-10-04T03:21:48.965+0000] {processor.py:768} INFO - DAG(s) dict_keys(['example_complex']) retrieved from /usr/local/lib/python3.10/dist-packages/airflow/example_dags/example_complex.py
[2022-10-04T03:21:48.996+0000] {logging_mixin.py:117} INFO - [2022-10-04T03:21:48.995+0000] {dag.py:2573} INFO - Sync 1 DAGs
[2022-10-04T03:21:49.015+0000] {logging_mixin.py:117} INFO - [2022-10-04T03:21:49.015+0000] {dag.py:3324} INFO - Setting next_dagrun for example_complex to None, run_after=None
[2022-10-04T03:21:49.039+0000] {processor.py:178} INFO - Processing /usr/local/lib/python3.10/dist-packages/airflow/example_dags/example_complex.py took 0.110 seconds
[2022-10-04T03:22:26.633+0000] {processor.py:156} INFO - Started process (PID=8914) to work on /usr/local/lib/python3.10/dist-packages/airflow/example_dags/example_complex.py
[2022-10-04T03:22:26.634+0000] {processor.py:758} INFO - Processing file /usr/local/lib/python3.10/dist-packages/airflow/example_dags/example_complex.py for tasks to queue
[2022-10-04T03:22:26.635+0000] {logging_mixin.py:117} INFO - [2022-10-04T03:22:26.635+0000] {dagbag.py:525} INFO - Filling up the DagBag from /usr/local/lib/python3.10/dist-packages/airflow/example_dags/example_complex.py
[2022-10-04T03:22:26.655+0000] {processor.py:768} INFO - DAG(s) dict_keys(['example_complex']) retrieved from /usr/local/lib/python3.10/dist-packages/airflow/example_dags/example_complex.py
[2022-10-04T03:22:26.695+0000] {logging_mixin.py:117} INFO - [2022-10-04T03:22:26.695+0000] {dag.py:2573} INFO - Sync 1 DAGs
[2022-10-04T03:22:26.720+0000] {logging_mixin.py:117} INFO - [2022-10-04T03:22:26.720+0000] {dag.py:3324} INFO - Setting next_dagrun for example_complex to None, run_after=None
[2022-10-04T03:22:26.746+0000] {processor.py:178} INFO - Processing /usr/local/lib/python3.10/dist-packages/airflow/example_dags/example_complex.py took 0.116 seconds
[2022-10-04T03:22:59.541+0000] {processor.py:156} INFO - Started process (PID=8947) to work on /usr/local/lib/python3.10/dist-packages/airflow/example_dags/example_complex.py
[2022-10-04T03:22:59.543+0000] {processor.py:758} INFO - Processing file /usr/local/lib/python3.10/dist-packages/airflow/example_dags/example_complex.py for tasks to queue
[2022-10-04T03:22:59.543+0000] {logging_mixin.py:117} INFO - [2022-10-04T03:22:59.543+0000] {dagbag.py:525} INFO - Filling up the DagBag from /usr/local/lib/python3.10/dist-packages/airflow/example_dags/example_complex.py
[2022-10-04T03:22:59.564+0000] {processor.py:768} INFO - DAG(s) dict_keys(['example_complex']) retrieved from /usr/local/lib/python3.10/dist-packages/airflow/example_dags/example_complex.py
[2022-10-04T03:22:59.594+0000] {logging_mixin.py:117} INFO - [2022-10-04T03:22:59.594+0000] {dag.py:2573} INFO - Sync 1 DAGs
[2022-10-04T03:22:59.613+0000] {logging_mixin.py:117} INFO - [2022-10-04T03:22:59.612+0000] {dag.py:3324} INFO - Setting next_dagrun for example_complex to None, run_after=None
[2022-10-04T03:22:59.636+0000] {processor.py:178} INFO - Processing /usr/local/lib/python3.10/dist-packages/airflow/example_dags/example_complex.py took 0.097 seconds
[2022-10-04T03:23:36.739+0000] {processor.py:156} INFO - Started process (PID=8990) to work on /usr/local/lib/python3.10/dist-packages/airflow/example_dags/example_complex.py
[2022-10-04T03:23:36.740+0000] {processor.py:758} INFO - Processing file /usr/local/lib/python3.10/dist-packages/airflow/example_dags/example_complex.py for tasks to queue
[2022-10-04T03:23:36.741+0000] {logging_mixin.py:117} INFO - [2022-10-04T03:23:36.740+0000] {dagbag.py:525} INFO - Filling up the DagBag from /usr/local/lib/python3.10/dist-packages/airflow/example_dags/example_complex.py
[2022-10-04T03:23:36.799+0000] {processor.py:768} INFO - DAG(s) dict_keys(['example_complex']) retrieved from /usr/local/lib/python3.10/dist-packages/airflow/example_dags/example_complex.py
[2022-10-04T03:23:36.845+0000] {logging_mixin.py:117} INFO - [2022-10-04T03:23:36.844+0000] {dag.py:2573} INFO - Sync 1 DAGs
[2022-10-04T03:23:36.917+0000] {logging_mixin.py:117} INFO - [2022-10-04T03:23:36.916+0000] {dag.py:3324} INFO - Setting next_dagrun for example_complex to None, run_after=None
[2022-10-04T03:23:36.995+0000] {processor.py:178} INFO - Processing /usr/local/lib/python3.10/dist-packages/airflow/example_dags/example_complex.py took 0.276 seconds
[2022-10-04T03:24:15.768+0000] {processor.py:156} INFO - Started process (PID=9030) to work on /usr/local/lib/python3.10/dist-packages/airflow/example_dags/example_complex.py
[2022-10-04T03:24:15.770+0000] {processor.py:758} INFO - Processing file /usr/local/lib/python3.10/dist-packages/airflow/example_dags/example_complex.py for tasks to queue
[2022-10-04T03:24:15.770+0000] {logging_mixin.py:117} INFO - [2022-10-04T03:24:15.770+0000] {dagbag.py:525} INFO - Filling up the DagBag from /usr/local/lib/python3.10/dist-packages/airflow/example_dags/example_complex.py
[2022-10-04T03:24:15.797+0000] {processor.py:768} INFO - DAG(s) dict_keys(['example_complex']) retrieved from /usr/local/lib/python3.10/dist-packages/airflow/example_dags/example_complex.py
[2022-10-04T03:24:15.828+0000] {logging_mixin.py:117} INFO - [2022-10-04T03:24:15.828+0000] {dag.py:2573} INFO - Sync 1 DAGs
[2022-10-04T03:24:15.844+0000] {logging_mixin.py:117} INFO - [2022-10-04T03:24:15.844+0000] {dag.py:3324} INFO - Setting next_dagrun for example_complex to None, run_after=None
[2022-10-04T03:24:15.868+0000] {processor.py:178} INFO - Processing /usr/local/lib/python3.10/dist-packages/airflow/example_dags/example_complex.py took 0.102 seconds
[2022-10-04T03:24:54.451+0000] {processor.py:156} INFO - Started process (PID=9069) to work on /usr/local/lib/python3.10/dist-packages/airflow/example_dags/example_complex.py
[2022-10-04T03:24:54.452+0000] {processor.py:758} INFO - Processing file /usr/local/lib/python3.10/dist-packages/airflow/example_dags/example_complex.py for tasks to queue
[2022-10-04T03:24:54.453+0000] {logging_mixin.py:117} INFO - [2022-10-04T03:24:54.452+0000] {dagbag.py:525} INFO - Filling up the DagBag from /usr/local/lib/python3.10/dist-packages/airflow/example_dags/example_complex.py
[2022-10-04T03:24:54.472+0000] {processor.py:768} INFO - DAG(s) dict_keys(['example_complex']) retrieved from /usr/local/lib/python3.10/dist-packages/airflow/example_dags/example_complex.py
[2022-10-04T03:24:54.507+0000] {logging_mixin.py:117} INFO - [2022-10-04T03:24:54.507+0000] {dag.py:2573} INFO - Sync 1 DAGs
[2022-10-04T03:24:54.532+0000] {logging_mixin.py:117} INFO - [2022-10-04T03:24:54.532+0000] {dag.py:3324} INFO - Setting next_dagrun for example_complex to None, run_after=None
[2022-10-04T03:24:54.556+0000] {processor.py:178} INFO - Processing /usr/local/lib/python3.10/dist-packages/airflow/example_dags/example_complex.py took 0.108 seconds
[2022-10-04T03:25:32.304+0000] {processor.py:156} INFO - Started process (PID=9110) to work on /usr/local/lib/python3.10/dist-packages/airflow/example_dags/example_complex.py
[2022-10-04T03:25:32.305+0000] {processor.py:758} INFO - Processing file /usr/local/lib/python3.10/dist-packages/airflow/example_dags/example_complex.py for tasks to queue
[2022-10-04T03:25:32.306+0000] {logging_mixin.py:117} INFO - [2022-10-04T03:25:32.305+0000] {dagbag.py:525} INFO - Filling up the DagBag from /usr/local/lib/python3.10/dist-packages/airflow/example_dags/example_complex.py
[2022-10-04T03:25:32.328+0000] {processor.py:768} INFO - DAG(s) dict_keys(['example_complex']) retrieved from /usr/local/lib/python3.10/dist-packages/airflow/example_dags/example_complex.py
[2022-10-04T03:25:32.356+0000] {logging_mixin.py:117} INFO - [2022-10-04T03:25:32.356+0000] {dag.py:2573} INFO - Sync 1 DAGs
[2022-10-04T03:25:32.376+0000] {logging_mixin.py:117} INFO - [2022-10-04T03:25:32.376+0000] {dag.py:3324} INFO - Setting next_dagrun for example_complex to None, run_after=None
[2022-10-04T03:25:32.401+0000] {processor.py:178} INFO - Processing /usr/local/lib/python3.10/dist-packages/airflow/example_dags/example_complex.py took 0.101 seconds
[2022-10-04T03:26:09.100+0000] {processor.py:156} INFO - Started process (PID=9154) to work on /usr/local/lib/python3.10/dist-packages/airflow/example_dags/example_complex.py
[2022-10-04T03:26:09.114+0000] {processor.py:758} INFO - Processing file /usr/local/lib/python3.10/dist-packages/airflow/example_dags/example_complex.py for tasks to queue
[2022-10-04T03:26:09.115+0000] {logging_mixin.py:117} INFO - [2022-10-04T03:26:09.115+0000] {dagbag.py:525} INFO - Filling up the DagBag from /usr/local/lib/python3.10/dist-packages/airflow/example_dags/example_complex.py
[2022-10-04T03:26:09.193+0000] {processor.py:768} INFO - DAG(s) dict_keys(['example_complex']) retrieved from /usr/local/lib/python3.10/dist-packages/airflow/example_dags/example_complex.py
[2022-10-04T03:26:09.243+0000] {logging_mixin.py:117} INFO - [2022-10-04T03:26:09.242+0000] {dag.py:2573} INFO - Sync 1 DAGs
[2022-10-04T03:26:09.315+0000] {logging_mixin.py:117} INFO - [2022-10-04T03:26:09.315+0000] {dag.py:3324} INFO - Setting next_dagrun for example_complex to None, run_after=None
[2022-10-04T03:26:09.376+0000] {processor.py:178} INFO - Processing /usr/local/lib/python3.10/dist-packages/airflow/example_dags/example_complex.py took 0.279 seconds
[2022-10-04T03:26:52.044+0000] {processor.py:156} INFO - Started process (PID=9196) to work on /usr/local/lib/python3.10/dist-packages/airflow/example_dags/example_complex.py
[2022-10-04T03:26:52.047+0000] {processor.py:758} INFO - Processing file /usr/local/lib/python3.10/dist-packages/airflow/example_dags/example_complex.py for tasks to queue
[2022-10-04T03:26:52.048+0000] {logging_mixin.py:117} INFO - [2022-10-04T03:26:52.048+0000] {dagbag.py:525} INFO - Filling up the DagBag from /usr/local/lib/python3.10/dist-packages/airflow/example_dags/example_complex.py
[2022-10-04T03:26:52.078+0000] {processor.py:768} INFO - DAG(s) dict_keys(['example_complex']) retrieved from /usr/local/lib/python3.10/dist-packages/airflow/example_dags/example_complex.py
[2022-10-04T03:26:52.121+0000] {logging_mixin.py:117} INFO - [2022-10-04T03:26:52.121+0000] {dag.py:2573} INFO - Sync 1 DAGs
[2022-10-04T03:26:52.144+0000] {logging_mixin.py:117} INFO - [2022-10-04T03:26:52.144+0000] {dag.py:3324} INFO - Setting next_dagrun for example_complex to None, run_after=None
[2022-10-04T03:26:52.181+0000] {processor.py:178} INFO - Processing /usr/local/lib/python3.10/dist-packages/airflow/example_dags/example_complex.py took 0.143 seconds
[2022-10-04T03:30:17.783+0000] {processor.py:156} INFO - Started process (PID=9252) to work on /usr/local/lib/python3.10/dist-packages/airflow/example_dags/example_complex.py
[2022-10-04T03:30:17.785+0000] {processor.py:758} INFO - Processing file /usr/local/lib/python3.10/dist-packages/airflow/example_dags/example_complex.py for tasks to queue
[2022-10-04T03:30:17.786+0000] {logging_mixin.py:117} INFO - [2022-10-04T03:30:17.786+0000] {dagbag.py:525} INFO - Filling up the DagBag from /usr/local/lib/python3.10/dist-packages/airflow/example_dags/example_complex.py
[2022-10-04T03:30:17.860+0000] {processor.py:768} INFO - DAG(s) dict_keys(['example_complex']) retrieved from /usr/local/lib/python3.10/dist-packages/airflow/example_dags/example_complex.py
[2022-10-04T03:30:17.932+0000] {logging_mixin.py:117} INFO - [2022-10-04T03:30:17.932+0000] {dag.py:2573} INFO - Sync 1 DAGs
[2022-10-04T03:30:18.016+0000] {logging_mixin.py:117} INFO - [2022-10-04T03:30:18.015+0000] {dag.py:3324} INFO - Setting next_dagrun for example_complex to None, run_after=None
[2022-10-04T03:30:18.093+0000] {processor.py:178} INFO - Processing /usr/local/lib/python3.10/dist-packages/airflow/example_dags/example_complex.py took 0.329 seconds
[2022-10-04T03:30:57.130+0000] {processor.py:156} INFO - Started process (PID=9293) to work on /usr/local/lib/python3.10/dist-packages/airflow/example_dags/example_complex.py
[2022-10-04T03:30:57.132+0000] {processor.py:758} INFO - Processing file /usr/local/lib/python3.10/dist-packages/airflow/example_dags/example_complex.py for tasks to queue
[2022-10-04T03:30:57.132+0000] {logging_mixin.py:117} INFO - [2022-10-04T03:30:57.132+0000] {dagbag.py:525} INFO - Filling up the DagBag from /usr/local/lib/python3.10/dist-packages/airflow/example_dags/example_complex.py
[2022-10-04T03:30:57.150+0000] {processor.py:768} INFO - DAG(s) dict_keys(['example_complex']) retrieved from /usr/local/lib/python3.10/dist-packages/airflow/example_dags/example_complex.py
[2022-10-04T03:30:57.180+0000] {logging_mixin.py:117} INFO - [2022-10-04T03:30:57.180+0000] {dag.py:2573} INFO - Sync 1 DAGs
[2022-10-04T03:30:57.198+0000] {logging_mixin.py:117} INFO - [2022-10-04T03:30:57.197+0000] {dag.py:3324} INFO - Setting next_dagrun for example_complex to None, run_after=None
[2022-10-04T03:30:57.221+0000] {processor.py:178} INFO - Processing /usr/local/lib/python3.10/dist-packages/airflow/example_dags/example_complex.py took 0.093 seconds
[2022-10-04T03:31:34.893+0000] {processor.py:156} INFO - Started process (PID=9330) to work on /usr/local/lib/python3.10/dist-packages/airflow/example_dags/example_complex.py
[2022-10-04T03:31:34.894+0000] {processor.py:758} INFO - Processing file /usr/local/lib/python3.10/dist-packages/airflow/example_dags/example_complex.py for tasks to queue
[2022-10-04T03:31:34.895+0000] {logging_mixin.py:117} INFO - [2022-10-04T03:31:34.895+0000] {dagbag.py:525} INFO - Filling up the DagBag from /usr/local/lib/python3.10/dist-packages/airflow/example_dags/example_complex.py
[2022-10-04T03:31:34.923+0000] {processor.py:768} INFO - DAG(s) dict_keys(['example_complex']) retrieved from /usr/local/lib/python3.10/dist-packages/airflow/example_dags/example_complex.py
[2022-10-04T03:31:34.955+0000] {logging_mixin.py:117} INFO - [2022-10-04T03:31:34.955+0000] {dag.py:2573} INFO - Sync 1 DAGs
[2022-10-04T03:31:34.983+0000] {logging_mixin.py:117} INFO - [2022-10-04T03:31:34.983+0000] {dag.py:3324} INFO - Setting next_dagrun for example_complex to None, run_after=None
[2022-10-04T03:31:35.004+0000] {processor.py:178} INFO - Processing /usr/local/lib/python3.10/dist-packages/airflow/example_dags/example_complex.py took 0.115 seconds
[2022-10-04T03:32:14.208+0000] {processor.py:156} INFO - Started process (PID=9387) to work on /usr/local/lib/python3.10/dist-packages/airflow/example_dags/example_complex.py
[2022-10-04T03:32:14.209+0000] {processor.py:758} INFO - Processing file /usr/local/lib/python3.10/dist-packages/airflow/example_dags/example_complex.py for tasks to queue
[2022-10-04T03:32:14.210+0000] {logging_mixin.py:117} INFO - [2022-10-04T03:32:14.210+0000] {dagbag.py:525} INFO - Filling up the DagBag from /usr/local/lib/python3.10/dist-packages/airflow/example_dags/example_complex.py
[2022-10-04T03:32:14.231+0000] {processor.py:768} INFO - DAG(s) dict_keys(['example_complex']) retrieved from /usr/local/lib/python3.10/dist-packages/airflow/example_dags/example_complex.py
[2022-10-04T03:32:14.263+0000] {logging_mixin.py:117} INFO - [2022-10-04T03:32:14.262+0000] {dag.py:2573} INFO - Sync 1 DAGs
[2022-10-04T03:32:14.283+0000] {logging_mixin.py:117} INFO - [2022-10-04T03:32:14.283+0000] {dag.py:3324} INFO - Setting next_dagrun for example_complex to None, run_after=None
[2022-10-04T03:32:14.308+0000] {processor.py:178} INFO - Processing /usr/local/lib/python3.10/dist-packages/airflow/example_dags/example_complex.py took 0.103 seconds
[2022-10-04T03:32:50.575+0000] {processor.py:156} INFO - Started process (PID=9425) to work on /usr/local/lib/python3.10/dist-packages/airflow/example_dags/example_complex.py
[2022-10-04T03:32:50.577+0000] {processor.py:758} INFO - Processing file /usr/local/lib/python3.10/dist-packages/airflow/example_dags/example_complex.py for tasks to queue
[2022-10-04T03:32:50.577+0000] {logging_mixin.py:117} INFO - [2022-10-04T03:32:50.577+0000] {dagbag.py:525} INFO - Filling up the DagBag from /usr/local/lib/python3.10/dist-packages/airflow/example_dags/example_complex.py
[2022-10-04T03:32:50.597+0000] {processor.py:768} INFO - DAG(s) dict_keys(['example_complex']) retrieved from /usr/local/lib/python3.10/dist-packages/airflow/example_dags/example_complex.py
[2022-10-04T03:32:50.628+0000] {logging_mixin.py:117} INFO - [2022-10-04T03:32:50.628+0000] {dag.py:2573} INFO - Sync 1 DAGs
[2022-10-04T03:32:50.650+0000] {logging_mixin.py:117} INFO - [2022-10-04T03:32:50.650+0000] {dag.py:3324} INFO - Setting next_dagrun for example_complex to None, run_after=None
[2022-10-04T03:32:50.676+0000] {processor.py:178} INFO - Processing /usr/local/lib/python3.10/dist-packages/airflow/example_dags/example_complex.py took 0.104 seconds
[2022-10-04T03:33:24.161+0000] {processor.py:156} INFO - Started process (PID=9458) to work on /usr/local/lib/python3.10/dist-packages/airflow/example_dags/example_complex.py
[2022-10-04T03:33:24.162+0000] {processor.py:758} INFO - Processing file /usr/local/lib/python3.10/dist-packages/airflow/example_dags/example_complex.py for tasks to queue
[2022-10-04T03:33:24.163+0000] {logging_mixin.py:117} INFO - [2022-10-04T03:33:24.163+0000] {dagbag.py:525} INFO - Filling up the DagBag from /usr/local/lib/python3.10/dist-packages/airflow/example_dags/example_complex.py
[2022-10-04T03:33:24.182+0000] {processor.py:768} INFO - DAG(s) dict_keys(['example_complex']) retrieved from /usr/local/lib/python3.10/dist-packages/airflow/example_dags/example_complex.py
[2022-10-04T03:33:24.213+0000] {logging_mixin.py:117} INFO - [2022-10-04T03:33:24.213+0000] {dag.py:2573} INFO - Sync 1 DAGs
[2022-10-04T03:33:24.233+0000] {logging_mixin.py:117} INFO - [2022-10-04T03:33:24.232+0000] {dag.py:3324} INFO - Setting next_dagrun for example_complex to None, run_after=None
[2022-10-04T03:33:24.261+0000] {processor.py:178} INFO - Processing /usr/local/lib/python3.10/dist-packages/airflow/example_dags/example_complex.py took 0.103 seconds
[2022-10-04T03:33:59.397+0000] {processor.py:156} INFO - Started process (PID=9497) to work on /usr/local/lib/python3.10/dist-packages/airflow/example_dags/example_complex.py
[2022-10-04T03:33:59.398+0000] {processor.py:758} INFO - Processing file /usr/local/lib/python3.10/dist-packages/airflow/example_dags/example_complex.py for tasks to queue
[2022-10-04T03:33:59.399+0000] {logging_mixin.py:117} INFO - [2022-10-04T03:33:59.399+0000] {dagbag.py:525} INFO - Filling up the DagBag from /usr/local/lib/python3.10/dist-packages/airflow/example_dags/example_complex.py
[2022-10-04T03:33:59.417+0000] {processor.py:768} INFO - DAG(s) dict_keys(['example_complex']) retrieved from /usr/local/lib/python3.10/dist-packages/airflow/example_dags/example_complex.py
[2022-10-04T03:33:59.444+0000] {logging_mixin.py:117} INFO - [2022-10-04T03:33:59.444+0000] {dag.py:2573} INFO - Sync 1 DAGs
[2022-10-04T03:33:59.462+0000] {logging_mixin.py:117} INFO - [2022-10-04T03:33:59.461+0000] {dag.py:3324} INFO - Setting next_dagrun for example_complex to None, run_after=None
[2022-10-04T03:33:59.482+0000] {processor.py:178} INFO - Processing /usr/local/lib/python3.10/dist-packages/airflow/example_dags/example_complex.py took 0.088 seconds
[2022-10-04T03:46:08.974+0000] {processor.py:156} INFO - Started process (PID=965) to work on /usr/local/lib/python3.10/dist-packages/airflow/example_dags/example_complex.py
[2022-10-04T03:46:08.982+0000] {processor.py:758} INFO - Processing file /usr/local/lib/python3.10/dist-packages/airflow/example_dags/example_complex.py for tasks to queue
[2022-10-04T03:46:08.983+0000] {logging_mixin.py:117} INFO - [2022-10-04T03:46:08.982+0000] {dagbag.py:525} INFO - Filling up the DagBag from /usr/local/lib/python3.10/dist-packages/airflow/example_dags/example_complex.py
[2022-10-04T03:46:09.040+0000] {processor.py:768} INFO - DAG(s) dict_keys(['example_complex']) retrieved from /usr/local/lib/python3.10/dist-packages/airflow/example_dags/example_complex.py
[2022-10-04T03:46:09.072+0000] {logging_mixin.py:117} INFO - [2022-10-04T03:46:09.072+0000] {dag.py:2573} INFO - Sync 1 DAGs
[2022-10-04T03:46:09.156+0000] {logging_mixin.py:117} INFO - [2022-10-04T03:46:09.156+0000] {dag.py:3324} INFO - Setting next_dagrun for example_complex to None, run_after=None
[2022-10-04T03:46:09.245+0000] {processor.py:178} INFO - Processing /usr/local/lib/python3.10/dist-packages/airflow/example_dags/example_complex.py took 0.290 seconds
[2022-10-04T03:46:48.987+0000] {processor.py:156} INFO - Started process (PID=1009) to work on /usr/local/lib/python3.10/dist-packages/airflow/example_dags/example_complex.py
[2022-10-04T03:46:48.988+0000] {processor.py:758} INFO - Processing file /usr/local/lib/python3.10/dist-packages/airflow/example_dags/example_complex.py for tasks to queue
[2022-10-04T03:46:48.988+0000] {logging_mixin.py:117} INFO - [2022-10-04T03:46:48.988+0000] {dagbag.py:525} INFO - Filling up the DagBag from /usr/local/lib/python3.10/dist-packages/airflow/example_dags/example_complex.py
[2022-10-04T03:46:49.032+0000] {processor.py:768} INFO - DAG(s) dict_keys(['example_complex']) retrieved from /usr/local/lib/python3.10/dist-packages/airflow/example_dags/example_complex.py
[2022-10-04T03:46:49.083+0000] {logging_mixin.py:117} INFO - [2022-10-04T03:46:49.083+0000] {dag.py:2573} INFO - Sync 1 DAGs
[2022-10-04T03:46:49.102+0000] {logging_mixin.py:117} INFO - [2022-10-04T03:46:49.101+0000] {dag.py:3324} INFO - Setting next_dagrun for example_complex to None, run_after=None
[2022-10-04T03:46:49.123+0000] {processor.py:178} INFO - Processing /usr/local/lib/python3.10/dist-packages/airflow/example_dags/example_complex.py took 0.139 seconds
[2022-10-04T03:47:26.039+0000] {processor.py:156} INFO - Started process (PID=1046) to work on /usr/local/lib/python3.10/dist-packages/airflow/example_dags/example_complex.py
[2022-10-04T03:47:26.040+0000] {processor.py:758} INFO - Processing file /usr/local/lib/python3.10/dist-packages/airflow/example_dags/example_complex.py for tasks to queue
[2022-10-04T03:47:26.041+0000] {logging_mixin.py:117} INFO - [2022-10-04T03:47:26.041+0000] {dagbag.py:525} INFO - Filling up the DagBag from /usr/local/lib/python3.10/dist-packages/airflow/example_dags/example_complex.py
[2022-10-04T03:47:26.060+0000] {processor.py:768} INFO - DAG(s) dict_keys(['example_complex']) retrieved from /usr/local/lib/python3.10/dist-packages/airflow/example_dags/example_complex.py
[2022-10-04T03:47:26.090+0000] {logging_mixin.py:117} INFO - [2022-10-04T03:47:26.090+0000] {dag.py:2573} INFO - Sync 1 DAGs
[2022-10-04T03:47:26.108+0000] {logging_mixin.py:117} INFO - [2022-10-04T03:47:26.107+0000] {dag.py:3324} INFO - Setting next_dagrun for example_complex to None, run_after=None
[2022-10-04T03:47:26.131+0000] {processor.py:178} INFO - Processing /usr/local/lib/python3.10/dist-packages/airflow/example_dags/example_complex.py took 0.094 seconds
[2022-10-04T03:48:05.342+0000] {processor.py:156} INFO - Started process (PID=1153) to work on /usr/local/lib/python3.10/dist-packages/airflow/example_dags/example_complex.py
[2022-10-04T03:48:05.344+0000] {processor.py:758} INFO - Processing file /usr/local/lib/python3.10/dist-packages/airflow/example_dags/example_complex.py for tasks to queue
[2022-10-04T03:48:05.344+0000] {logging_mixin.py:117} INFO - [2022-10-04T03:48:05.344+0000] {dagbag.py:525} INFO - Filling up the DagBag from /usr/local/lib/python3.10/dist-packages/airflow/example_dags/example_complex.py
[2022-10-04T03:48:05.363+0000] {processor.py:768} INFO - DAG(s) dict_keys(['example_complex']) retrieved from /usr/local/lib/python3.10/dist-packages/airflow/example_dags/example_complex.py
[2022-10-04T03:48:05.396+0000] {logging_mixin.py:117} INFO - [2022-10-04T03:48:05.396+0000] {dag.py:2573} INFO - Sync 1 DAGs
[2022-10-04T03:48:05.415+0000] {logging_mixin.py:117} INFO - [2022-10-04T03:48:05.415+0000] {dag.py:3324} INFO - Setting next_dagrun for example_complex to None, run_after=None
[2022-10-04T03:48:05.451+0000] {processor.py:178} INFO - Processing /usr/local/lib/python3.10/dist-packages/airflow/example_dags/example_complex.py took 0.112 seconds
[2022-10-04T03:48:40.921+0000] {processor.py:156} INFO - Started process (PID=1189) to work on /usr/local/lib/python3.10/dist-packages/airflow/example_dags/example_complex.py
[2022-10-04T03:48:40.922+0000] {processor.py:758} INFO - Processing file /usr/local/lib/python3.10/dist-packages/airflow/example_dags/example_complex.py for tasks to queue
[2022-10-04T03:48:40.923+0000] {logging_mixin.py:117} INFO - [2022-10-04T03:48:40.922+0000] {dagbag.py:525} INFO - Filling up the DagBag from /usr/local/lib/python3.10/dist-packages/airflow/example_dags/example_complex.py
[2022-10-04T03:48:40.954+0000] {processor.py:768} INFO - DAG(s) dict_keys(['example_complex']) retrieved from /usr/local/lib/python3.10/dist-packages/airflow/example_dags/example_complex.py
[2022-10-04T03:48:40.994+0000] {logging_mixin.py:117} INFO - [2022-10-04T03:48:40.993+0000] {dag.py:2573} INFO - Sync 1 DAGs
[2022-10-04T03:48:41.012+0000] {logging_mixin.py:117} INFO - [2022-10-04T03:48:41.012+0000] {dag.py:3324} INFO - Setting next_dagrun for example_complex to None, run_after=None
[2022-10-04T03:48:41.036+0000] {processor.py:178} INFO - Processing /usr/local/lib/python3.10/dist-packages/airflow/example_dags/example_complex.py took 0.118 seconds
[2022-10-04T03:49:28.470+0000] {processor.py:156} INFO - Started process (PID=1238) to work on /usr/local/lib/python3.10/dist-packages/airflow/example_dags/example_complex.py
[2022-10-04T03:49:28.477+0000] {processor.py:758} INFO - Processing file /usr/local/lib/python3.10/dist-packages/airflow/example_dags/example_complex.py for tasks to queue
[2022-10-04T03:49:28.478+0000] {logging_mixin.py:117} INFO - [2022-10-04T03:49:28.478+0000] {dagbag.py:525} INFO - Filling up the DagBag from /usr/local/lib/python3.10/dist-packages/airflow/example_dags/example_complex.py
[2022-10-04T03:49:28.529+0000] {processor.py:768} INFO - DAG(s) dict_keys(['example_complex']) retrieved from /usr/local/lib/python3.10/dist-packages/airflow/example_dags/example_complex.py
[2022-10-04T03:49:28.586+0000] {logging_mixin.py:117} INFO - [2022-10-04T03:49:28.585+0000] {dag.py:2573} INFO - Sync 1 DAGs
[2022-10-04T03:49:28.675+0000] {logging_mixin.py:117} INFO - [2022-10-04T03:49:28.675+0000] {dag.py:3324} INFO - Setting next_dagrun for example_complex to None, run_after=None
[2022-10-04T03:49:28.741+0000] {processor.py:178} INFO - Processing /usr/local/lib/python3.10/dist-packages/airflow/example_dags/example_complex.py took 0.290 seconds
[2022-10-04T03:50:13.762+0000] {processor.py:156} INFO - Started process (PID=1283) to work on /usr/local/lib/python3.10/dist-packages/airflow/example_dags/example_complex.py
[2022-10-04T03:50:13.763+0000] {processor.py:758} INFO - Processing file /usr/local/lib/python3.10/dist-packages/airflow/example_dags/example_complex.py for tasks to queue
[2022-10-04T03:50:13.764+0000] {logging_mixin.py:117} INFO - [2022-10-04T03:50:13.764+0000] {dagbag.py:525} INFO - Filling up the DagBag from /usr/local/lib/python3.10/dist-packages/airflow/example_dags/example_complex.py
[2022-10-04T03:50:13.783+0000] {processor.py:768} INFO - DAG(s) dict_keys(['example_complex']) retrieved from /usr/local/lib/python3.10/dist-packages/airflow/example_dags/example_complex.py
[2022-10-04T03:50:13.813+0000] {logging_mixin.py:117} INFO - [2022-10-04T03:50:13.813+0000] {dag.py:2573} INFO - Sync 1 DAGs
[2022-10-04T03:50:13.831+0000] {logging_mixin.py:117} INFO - [2022-10-04T03:50:13.830+0000] {dag.py:3324} INFO - Setting next_dagrun for example_complex to None, run_after=None
[2022-10-04T03:50:13.857+0000] {processor.py:178} INFO - Processing /usr/local/lib/python3.10/dist-packages/airflow/example_dags/example_complex.py took 0.098 seconds
[2022-10-04T03:50:53.711+0000] {processor.py:156} INFO - Started process (PID=1326) to work on /usr/local/lib/python3.10/dist-packages/airflow/example_dags/example_complex.py
[2022-10-04T03:50:53.712+0000] {processor.py:758} INFO - Processing file /usr/local/lib/python3.10/dist-packages/airflow/example_dags/example_complex.py for tasks to queue
[2022-10-04T03:50:53.712+0000] {logging_mixin.py:117} INFO - [2022-10-04T03:50:53.712+0000] {dagbag.py:525} INFO - Filling up the DagBag from /usr/local/lib/python3.10/dist-packages/airflow/example_dags/example_complex.py
[2022-10-04T03:50:53.730+0000] {processor.py:768} INFO - DAG(s) dict_keys(['example_complex']) retrieved from /usr/local/lib/python3.10/dist-packages/airflow/example_dags/example_complex.py
[2022-10-04T03:50:53.759+0000] {logging_mixin.py:117} INFO - [2022-10-04T03:50:53.759+0000] {dag.py:2573} INFO - Sync 1 DAGs
[2022-10-04T03:50:53.775+0000] {logging_mixin.py:117} INFO - [2022-10-04T03:50:53.775+0000] {dag.py:3324} INFO - Setting next_dagrun for example_complex to None, run_after=None
[2022-10-04T03:50:53.796+0000] {processor.py:178} INFO - Processing /usr/local/lib/python3.10/dist-packages/airflow/example_dags/example_complex.py took 0.087 seconds
[2022-10-04T03:51:29.898+0000] {processor.py:156} INFO - Started process (PID=1362) to work on /usr/local/lib/python3.10/dist-packages/airflow/example_dags/example_complex.py
[2022-10-04T03:51:29.899+0000] {processor.py:758} INFO - Processing file /usr/local/lib/python3.10/dist-packages/airflow/example_dags/example_complex.py for tasks to queue
[2022-10-04T03:51:29.900+0000] {logging_mixin.py:117} INFO - [2022-10-04T03:51:29.900+0000] {dagbag.py:525} INFO - Filling up the DagBag from /usr/local/lib/python3.10/dist-packages/airflow/example_dags/example_complex.py
[2022-10-04T03:51:29.919+0000] {processor.py:768} INFO - DAG(s) dict_keys(['example_complex']) retrieved from /usr/local/lib/python3.10/dist-packages/airflow/example_dags/example_complex.py
[2022-10-04T03:51:29.952+0000] {logging_mixin.py:117} INFO - [2022-10-04T03:51:29.952+0000] {dag.py:2573} INFO - Sync 1 DAGs
[2022-10-04T03:51:29.976+0000] {logging_mixin.py:117} INFO - [2022-10-04T03:51:29.976+0000] {dag.py:3324} INFO - Setting next_dagrun for example_complex to None, run_after=None
[2022-10-04T03:51:30.000+0000] {processor.py:178} INFO - Processing /usr/local/lib/python3.10/dist-packages/airflow/example_dags/example_complex.py took 0.105 seconds
[2022-10-04T03:52:09.271+0000] {processor.py:156} INFO - Started process (PID=1401) to work on /usr/local/lib/python3.10/dist-packages/airflow/example_dags/example_complex.py
[2022-10-04T03:52:09.275+0000] {processor.py:758} INFO - Processing file /usr/local/lib/python3.10/dist-packages/airflow/example_dags/example_complex.py for tasks to queue
[2022-10-04T03:52:09.278+0000] {logging_mixin.py:117} INFO - [2022-10-04T03:52:09.275+0000] {dagbag.py:525} INFO - Filling up the DagBag from /usr/local/lib/python3.10/dist-packages/airflow/example_dags/example_complex.py
[2022-10-04T03:52:09.347+0000] {processor.py:768} INFO - DAG(s) dict_keys(['example_complex']) retrieved from /usr/local/lib/python3.10/dist-packages/airflow/example_dags/example_complex.py
[2022-10-04T03:52:09.444+0000] {logging_mixin.py:117} INFO - [2022-10-04T03:52:09.444+0000] {dag.py:2573} INFO - Sync 1 DAGs
[2022-10-04T03:52:09.496+0000] {logging_mixin.py:117} INFO - [2022-10-04T03:52:09.496+0000] {dag.py:3324} INFO - Setting next_dagrun for example_complex to None, run_after=None
[2022-10-04T03:52:09.544+0000] {processor.py:178} INFO - Processing /usr/local/lib/python3.10/dist-packages/airflow/example_dags/example_complex.py took 0.281 seconds
[2022-10-04T03:52:47.890+0000] {processor.py:156} INFO - Started process (PID=1437) to work on /usr/local/lib/python3.10/dist-packages/airflow/example_dags/example_complex.py
[2022-10-04T03:52:47.891+0000] {processor.py:758} INFO - Processing file /usr/local/lib/python3.10/dist-packages/airflow/example_dags/example_complex.py for tasks to queue
[2022-10-04T03:52:47.892+0000] {logging_mixin.py:117} INFO - [2022-10-04T03:52:47.892+0000] {dagbag.py:525} INFO - Filling up the DagBag from /usr/local/lib/python3.10/dist-packages/airflow/example_dags/example_complex.py
[2022-10-04T03:52:47.911+0000] {processor.py:768} INFO - DAG(s) dict_keys(['example_complex']) retrieved from /usr/local/lib/python3.10/dist-packages/airflow/example_dags/example_complex.py
[2022-10-04T03:52:47.945+0000] {logging_mixin.py:117} INFO - [2022-10-04T03:52:47.945+0000] {dag.py:2573} INFO - Sync 1 DAGs
[2022-10-04T03:52:47.963+0000] {logging_mixin.py:117} INFO - [2022-10-04T03:52:47.963+0000] {dag.py:3324} INFO - Setting next_dagrun for example_complex to None, run_after=None
[2022-10-04T03:52:47.985+0000] {processor.py:178} INFO - Processing /usr/local/lib/python3.10/dist-packages/airflow/example_dags/example_complex.py took 0.099 seconds
[2022-10-04T03:53:24.836+0000] {processor.py:156} INFO - Started process (PID=1474) to work on /usr/local/lib/python3.10/dist-packages/airflow/example_dags/example_complex.py
[2022-10-04T03:53:24.837+0000] {processor.py:758} INFO - Processing file /usr/local/lib/python3.10/dist-packages/airflow/example_dags/example_complex.py for tasks to queue
[2022-10-04T03:53:24.838+0000] {logging_mixin.py:117} INFO - [2022-10-04T03:53:24.838+0000] {dagbag.py:525} INFO - Filling up the DagBag from /usr/local/lib/python3.10/dist-packages/airflow/example_dags/example_complex.py
[2022-10-04T03:53:24.857+0000] {processor.py:768} INFO - DAG(s) dict_keys(['example_complex']) retrieved from /usr/local/lib/python3.10/dist-packages/airflow/example_dags/example_complex.py
[2022-10-04T03:53:24.885+0000] {logging_mixin.py:117} INFO - [2022-10-04T03:53:24.885+0000] {dag.py:2573} INFO - Sync 1 DAGs
[2022-10-04T03:53:24.904+0000] {logging_mixin.py:117} INFO - [2022-10-04T03:53:24.904+0000] {dag.py:3324} INFO - Setting next_dagrun for example_complex to None, run_after=None
[2022-10-04T03:53:24.927+0000] {processor.py:178} INFO - Processing /usr/local/lib/python3.10/dist-packages/airflow/example_dags/example_complex.py took 0.095 seconds
[2022-10-04T03:53:59.408+0000] {processor.py:156} INFO - Started process (PID=1514) to work on /usr/local/lib/python3.10/dist-packages/airflow/example_dags/example_complex.py
[2022-10-04T03:53:59.409+0000] {processor.py:758} INFO - Processing file /usr/local/lib/python3.10/dist-packages/airflow/example_dags/example_complex.py for tasks to queue
[2022-10-04T03:53:59.410+0000] {logging_mixin.py:117} INFO - [2022-10-04T03:53:59.410+0000] {dagbag.py:525} INFO - Filling up the DagBag from /usr/local/lib/python3.10/dist-packages/airflow/example_dags/example_complex.py
[2022-10-04T03:53:59.430+0000] {processor.py:768} INFO - DAG(s) dict_keys(['example_complex']) retrieved from /usr/local/lib/python3.10/dist-packages/airflow/example_dags/example_complex.py
[2022-10-04T03:53:59.461+0000] {logging_mixin.py:117} INFO - [2022-10-04T03:53:59.461+0000] {dag.py:2573} INFO - Sync 1 DAGs
[2022-10-04T03:53:59.481+0000] {logging_mixin.py:117} INFO - [2022-10-04T03:53:59.481+0000] {dag.py:3324} INFO - Setting next_dagrun for example_complex to None, run_after=None
[2022-10-04T03:53:59.505+0000] {processor.py:178} INFO - Processing /usr/local/lib/python3.10/dist-packages/airflow/example_dags/example_complex.py took 0.101 seconds
[2022-10-04T03:54:39.643+0000] {processor.py:156} INFO - Started process (PID=1576) to work on /usr/local/lib/python3.10/dist-packages/airflow/example_dags/example_complex.py
[2022-10-04T03:54:39.657+0000] {processor.py:758} INFO - Processing file /usr/local/lib/python3.10/dist-packages/airflow/example_dags/example_complex.py for tasks to queue
[2022-10-04T03:54:39.658+0000] {logging_mixin.py:117} INFO - [2022-10-04T03:54:39.658+0000] {dagbag.py:525} INFO - Filling up the DagBag from /usr/local/lib/python3.10/dist-packages/airflow/example_dags/example_complex.py
[2022-10-04T03:54:39.707+0000] {processor.py:768} INFO - DAG(s) dict_keys(['example_complex']) retrieved from /usr/local/lib/python3.10/dist-packages/airflow/example_dags/example_complex.py
[2022-10-04T03:54:39.766+0000] {logging_mixin.py:117} INFO - [2022-10-04T03:54:39.766+0000] {dag.py:2573} INFO - Sync 1 DAGs
[2022-10-04T03:54:39.836+0000] {logging_mixin.py:117} INFO - [2022-10-04T03:54:39.836+0000] {dag.py:3324} INFO - Setting next_dagrun for example_complex to None, run_after=None
[2022-10-04T03:54:39.890+0000] {processor.py:178} INFO - Processing /usr/local/lib/python3.10/dist-packages/airflow/example_dags/example_complex.py took 0.266 seconds
[2022-10-04T04:35:26.487+0000] {processor.py:156} INFO - Started process (PID=1771) to work on /usr/local/lib/python3.10/dist-packages/airflow/example_dags/example_complex.py
[2022-10-04T04:35:26.493+0000] {processor.py:758} INFO - Processing file /usr/local/lib/python3.10/dist-packages/airflow/example_dags/example_complex.py for tasks to queue
[2022-10-04T04:35:26.494+0000] {logging_mixin.py:117} INFO - [2022-10-04T04:35:26.494+0000] {dagbag.py:525} INFO - Filling up the DagBag from /usr/local/lib/python3.10/dist-packages/airflow/example_dags/example_complex.py
[2022-10-04T04:35:26.574+0000] {processor.py:768} INFO - DAG(s) dict_keys(['example_complex']) retrieved from /usr/local/lib/python3.10/dist-packages/airflow/example_dags/example_complex.py
[2022-10-04T04:35:26.600+0000] {logging_mixin.py:117} INFO - [2022-10-04T04:35:26.599+0000] {dag.py:2573} INFO - Sync 1 DAGs
[2022-10-04T04:35:26.685+0000] {logging_mixin.py:117} INFO - [2022-10-04T04:35:26.685+0000] {dag.py:3324} INFO - Setting next_dagrun for example_complex to None, run_after=None
[2022-10-04T04:35:26.753+0000] {processor.py:178} INFO - Processing /usr/local/lib/python3.10/dist-packages/airflow/example_dags/example_complex.py took 0.285 seconds
[2022-10-04T04:36:08.653+0000] {processor.py:156} INFO - Started process (PID=1814) to work on /usr/local/lib/python3.10/dist-packages/airflow/example_dags/example_complex.py
[2022-10-04T04:36:08.654+0000] {processor.py:758} INFO - Processing file /usr/local/lib/python3.10/dist-packages/airflow/example_dags/example_complex.py for tasks to queue
[2022-10-04T04:36:08.655+0000] {logging_mixin.py:117} INFO - [2022-10-04T04:36:08.654+0000] {dagbag.py:525} INFO - Filling up the DagBag from /usr/local/lib/python3.10/dist-packages/airflow/example_dags/example_complex.py
[2022-10-04T04:36:08.675+0000] {processor.py:768} INFO - DAG(s) dict_keys(['example_complex']) retrieved from /usr/local/lib/python3.10/dist-packages/airflow/example_dags/example_complex.py
[2022-10-04T04:36:08.708+0000] {logging_mixin.py:117} INFO - [2022-10-04T04:36:08.708+0000] {dag.py:2573} INFO - Sync 1 DAGs
[2022-10-04T04:36:08.727+0000] {logging_mixin.py:117} INFO - [2022-10-04T04:36:08.727+0000] {dag.py:3324} INFO - Setting next_dagrun for example_complex to None, run_after=None
[2022-10-04T04:36:08.750+0000] {processor.py:178} INFO - Processing /usr/local/lib/python3.10/dist-packages/airflow/example_dags/example_complex.py took 0.100 seconds
[2022-10-04T04:37:07.710+0000] {processor.py:156} INFO - Started process (PID=1858) to work on /usr/local/lib/python3.10/dist-packages/airflow/example_dags/example_complex.py
[2022-10-04T04:37:07.712+0000] {processor.py:758} INFO - Processing file /usr/local/lib/python3.10/dist-packages/airflow/example_dags/example_complex.py for tasks to queue
[2022-10-04T04:37:07.712+0000] {logging_mixin.py:117} INFO - [2022-10-04T04:37:07.712+0000] {dagbag.py:525} INFO - Filling up the DagBag from /usr/local/lib/python3.10/dist-packages/airflow/example_dags/example_complex.py
[2022-10-04T04:37:07.763+0000] {processor.py:768} INFO - DAG(s) dict_keys(['example_complex']) retrieved from /usr/local/lib/python3.10/dist-packages/airflow/example_dags/example_complex.py
[2022-10-04T04:37:07.793+0000] {logging_mixin.py:117} INFO - [2022-10-04T04:37:07.793+0000] {dag.py:2573} INFO - Sync 1 DAGs
[2022-10-04T04:37:07.842+0000] {logging_mixin.py:117} INFO - [2022-10-04T04:37:07.842+0000] {dag.py:3324} INFO - Setting next_dagrun for example_complex to None, run_after=None
[2022-10-04T04:37:07.866+0000] {processor.py:178} INFO - Processing /usr/local/lib/python3.10/dist-packages/airflow/example_dags/example_complex.py took 0.172 seconds
[2022-10-04T04:42:56.507+0000] {processor.py:156} INFO - Started process (PID=1965) to work on /usr/local/lib/python3.10/dist-packages/airflow/example_dags/example_complex.py
[2022-10-04T04:42:56.521+0000] {processor.py:758} INFO - Processing file /usr/local/lib/python3.10/dist-packages/airflow/example_dags/example_complex.py for tasks to queue
[2022-10-04T04:42:56.522+0000] {logging_mixin.py:117} INFO - [2022-10-04T04:42:56.522+0000] {dagbag.py:525} INFO - Filling up the DagBag from /usr/local/lib/python3.10/dist-packages/airflow/example_dags/example_complex.py
[2022-10-04T04:42:56.583+0000] {processor.py:768} INFO - DAG(s) dict_keys(['example_complex']) retrieved from /usr/local/lib/python3.10/dist-packages/airflow/example_dags/example_complex.py
[2022-10-04T04:42:56.608+0000] {logging_mixin.py:117} INFO - [2022-10-04T04:42:56.608+0000] {dag.py:2573} INFO - Sync 1 DAGs
[2022-10-04T04:42:56.686+0000] {logging_mixin.py:117} INFO - [2022-10-04T04:42:56.686+0000] {dag.py:3324} INFO - Setting next_dagrun for example_complex to None, run_after=None
[2022-10-04T04:42:56.754+0000] {processor.py:178} INFO - Processing /usr/local/lib/python3.10/dist-packages/airflow/example_dags/example_complex.py took 0.267 seconds
[2022-10-04T04:45:43.338+0000] {processor.py:156} INFO - Started process (PID=1989) to work on /usr/local/lib/python3.10/dist-packages/airflow/example_dags/example_complex.py
[2022-10-04T04:45:43.340+0000] {processor.py:758} INFO - Processing file /usr/local/lib/python3.10/dist-packages/airflow/example_dags/example_complex.py for tasks to queue
[2022-10-04T04:45:43.340+0000] {logging_mixin.py:117} INFO - [2022-10-04T04:45:43.340+0000] {dagbag.py:525} INFO - Filling up the DagBag from /usr/local/lib/python3.10/dist-packages/airflow/example_dags/example_complex.py
[2022-10-04T04:45:43.355+0000] {processor.py:768} INFO - DAG(s) dict_keys(['example_complex']) retrieved from /usr/local/lib/python3.10/dist-packages/airflow/example_dags/example_complex.py
[2022-10-04T04:45:43.383+0000] {logging_mixin.py:117} INFO - [2022-10-04T04:45:43.383+0000] {dag.py:2573} INFO - Sync 1 DAGs
[2022-10-04T04:45:43.399+0000] {logging_mixin.py:117} INFO - [2022-10-04T04:45:43.399+0000] {dag.py:3324} INFO - Setting next_dagrun for example_complex to None, run_after=None
[2022-10-04T04:45:43.423+0000] {processor.py:178} INFO - Processing /usr/local/lib/python3.10/dist-packages/airflow/example_dags/example_complex.py took 0.088 seconds
[2022-10-04T04:46:19.564+0000] {processor.py:156} INFO - Started process (PID=2028) to work on /usr/local/lib/python3.10/dist-packages/airflow/example_dags/example_complex.py
[2022-10-04T04:46:19.569+0000] {processor.py:758} INFO - Processing file /usr/local/lib/python3.10/dist-packages/airflow/example_dags/example_complex.py for tasks to queue
[2022-10-04T04:46:19.570+0000] {logging_mixin.py:117} INFO - [2022-10-04T04:46:19.570+0000] {dagbag.py:525} INFO - Filling up the DagBag from /usr/local/lib/python3.10/dist-packages/airflow/example_dags/example_complex.py
[2022-10-04T04:46:19.587+0000] {processor.py:768} INFO - DAG(s) dict_keys(['example_complex']) retrieved from /usr/local/lib/python3.10/dist-packages/airflow/example_dags/example_complex.py
[2022-10-04T04:46:19.619+0000] {logging_mixin.py:117} INFO - [2022-10-04T04:46:19.619+0000] {dag.py:2573} INFO - Sync 1 DAGs
[2022-10-04T04:46:19.636+0000] {logging_mixin.py:117} INFO - [2022-10-04T04:46:19.636+0000] {dag.py:3324} INFO - Setting next_dagrun for example_complex to None, run_after=None
[2022-10-04T04:46:19.661+0000] {processor.py:178} INFO - Processing /usr/local/lib/python3.10/dist-packages/airflow/example_dags/example_complex.py took 0.101 seconds
[2022-10-04T04:46:55.113+0000] {processor.py:156} INFO - Started process (PID=2062) to work on /usr/local/lib/python3.10/dist-packages/airflow/example_dags/example_complex.py
[2022-10-04T04:46:55.122+0000] {processor.py:758} INFO - Processing file /usr/local/lib/python3.10/dist-packages/airflow/example_dags/example_complex.py for tasks to queue
[2022-10-04T04:46:55.122+0000] {logging_mixin.py:117} INFO - [2022-10-04T04:46:55.122+0000] {dagbag.py:525} INFO - Filling up the DagBag from /usr/local/lib/python3.10/dist-packages/airflow/example_dags/example_complex.py
[2022-10-04T04:46:55.153+0000] {processor.py:768} INFO - DAG(s) dict_keys(['example_complex']) retrieved from /usr/local/lib/python3.10/dist-packages/airflow/example_dags/example_complex.py
[2022-10-04T04:46:55.205+0000] {logging_mixin.py:117} INFO - [2022-10-04T04:46:55.205+0000] {dag.py:2573} INFO - Sync 1 DAGs
[2022-10-04T04:46:55.232+0000] {logging_mixin.py:117} INFO - [2022-10-04T04:46:55.232+0000] {dag.py:3324} INFO - Setting next_dagrun for example_complex to None, run_after=None
[2022-10-04T04:46:55.276+0000] {processor.py:178} INFO - Processing /usr/local/lib/python3.10/dist-packages/airflow/example_dags/example_complex.py took 0.166 seconds
[2022-10-04T04:47:33.798+0000] {processor.py:156} INFO - Started process (PID=2099) to work on /usr/local/lib/python3.10/dist-packages/airflow/example_dags/example_complex.py
[2022-10-04T04:47:33.800+0000] {processor.py:758} INFO - Processing file /usr/local/lib/python3.10/dist-packages/airflow/example_dags/example_complex.py for tasks to queue
[2022-10-04T04:47:33.800+0000] {logging_mixin.py:117} INFO - [2022-10-04T04:47:33.800+0000] {dagbag.py:525} INFO - Filling up the DagBag from /usr/local/lib/python3.10/dist-packages/airflow/example_dags/example_complex.py
[2022-10-04T04:47:33.813+0000] {processor.py:768} INFO - DAG(s) dict_keys(['example_complex']) retrieved from /usr/local/lib/python3.10/dist-packages/airflow/example_dags/example_complex.py
[2022-10-04T04:47:33.842+0000] {logging_mixin.py:117} INFO - [2022-10-04T04:47:33.842+0000] {dag.py:2573} INFO - Sync 1 DAGs
[2022-10-04T04:47:33.857+0000] {logging_mixin.py:117} INFO - [2022-10-04T04:47:33.857+0000] {dag.py:3324} INFO - Setting next_dagrun for example_complex to None, run_after=None
[2022-10-04T04:47:33.880+0000] {processor.py:178} INFO - Processing /usr/local/lib/python3.10/dist-packages/airflow/example_dags/example_complex.py took 0.085 seconds
[2022-10-04T04:48:10.895+0000] {processor.py:156} INFO - Started process (PID=2137) to work on /usr/local/lib/python3.10/dist-packages/airflow/example_dags/example_complex.py
[2022-10-04T04:48:10.896+0000] {processor.py:758} INFO - Processing file /usr/local/lib/python3.10/dist-packages/airflow/example_dags/example_complex.py for tasks to queue
[2022-10-04T04:48:10.897+0000] {logging_mixin.py:117} INFO - [2022-10-04T04:48:10.897+0000] {dagbag.py:525} INFO - Filling up the DagBag from /usr/local/lib/python3.10/dist-packages/airflow/example_dags/example_complex.py
[2022-10-04T04:48:10.912+0000] {processor.py:768} INFO - DAG(s) dict_keys(['example_complex']) retrieved from /usr/local/lib/python3.10/dist-packages/airflow/example_dags/example_complex.py
[2022-10-04T04:48:10.943+0000] {logging_mixin.py:117} INFO - [2022-10-04T04:48:10.943+0000] {dag.py:2573} INFO - Sync 1 DAGs
[2022-10-04T04:48:10.959+0000] {logging_mixin.py:117} INFO - [2022-10-04T04:48:10.959+0000] {dag.py:3324} INFO - Setting next_dagrun for example_complex to None, run_after=None
[2022-10-04T04:48:10.982+0000] {processor.py:178} INFO - Processing /usr/local/lib/python3.10/dist-packages/airflow/example_dags/example_complex.py took 0.092 seconds
[2022-10-04T04:48:48.185+0000] {processor.py:156} INFO - Started process (PID=2174) to work on /usr/local/lib/python3.10/dist-packages/airflow/example_dags/example_complex.py
[2022-10-04T04:48:48.186+0000] {processor.py:758} INFO - Processing file /usr/local/lib/python3.10/dist-packages/airflow/example_dags/example_complex.py for tasks to queue
[2022-10-04T04:48:48.187+0000] {logging_mixin.py:117} INFO - [2022-10-04T04:48:48.187+0000] {dagbag.py:525} INFO - Filling up the DagBag from /usr/local/lib/python3.10/dist-packages/airflow/example_dags/example_complex.py
[2022-10-04T04:48:48.203+0000] {processor.py:768} INFO - DAG(s) dict_keys(['example_complex']) retrieved from /usr/local/lib/python3.10/dist-packages/airflow/example_dags/example_complex.py
[2022-10-04T04:48:48.249+0000] {logging_mixin.py:117} INFO - [2022-10-04T04:48:48.249+0000] {dag.py:2573} INFO - Sync 1 DAGs
[2022-10-04T04:48:48.271+0000] {logging_mixin.py:117} INFO - [2022-10-04T04:48:48.271+0000] {dag.py:3324} INFO - Setting next_dagrun for example_complex to None, run_after=None
[2022-10-04T04:48:48.325+0000] {processor.py:178} INFO - Processing /usr/local/lib/python3.10/dist-packages/airflow/example_dags/example_complex.py took 0.143 seconds
[2022-10-04T04:49:26.174+0000] {processor.py:156} INFO - Started process (PID=2212) to work on /usr/local/lib/python3.10/dist-packages/airflow/example_dags/example_complex.py
[2022-10-04T04:49:26.175+0000] {processor.py:758} INFO - Processing file /usr/local/lib/python3.10/dist-packages/airflow/example_dags/example_complex.py for tasks to queue
[2022-10-04T04:49:26.175+0000] {logging_mixin.py:117} INFO - [2022-10-04T04:49:26.175+0000] {dagbag.py:525} INFO - Filling up the DagBag from /usr/local/lib/python3.10/dist-packages/airflow/example_dags/example_complex.py
[2022-10-04T04:49:26.188+0000] {processor.py:768} INFO - DAG(s) dict_keys(['example_complex']) retrieved from /usr/local/lib/python3.10/dist-packages/airflow/example_dags/example_complex.py
[2022-10-04T04:49:26.216+0000] {logging_mixin.py:117} INFO - [2022-10-04T04:49:26.216+0000] {dag.py:2573} INFO - Sync 1 DAGs
[2022-10-04T04:49:26.236+0000] {logging_mixin.py:117} INFO - [2022-10-04T04:49:26.235+0000] {dag.py:3324} INFO - Setting next_dagrun for example_complex to None, run_after=None
[2022-10-04T04:49:26.260+0000] {processor.py:178} INFO - Processing /usr/local/lib/python3.10/dist-packages/airflow/example_dags/example_complex.py took 0.089 seconds
[2022-10-04T04:50:00.763+0000] {processor.py:156} INFO - Started process (PID=2247) to work on /usr/local/lib/python3.10/dist-packages/airflow/example_dags/example_complex.py
[2022-10-04T04:50:00.764+0000] {processor.py:758} INFO - Processing file /usr/local/lib/python3.10/dist-packages/airflow/example_dags/example_complex.py for tasks to queue
[2022-10-04T04:50:00.765+0000] {logging_mixin.py:117} INFO - [2022-10-04T04:50:00.765+0000] {dagbag.py:525} INFO - Filling up the DagBag from /usr/local/lib/python3.10/dist-packages/airflow/example_dags/example_complex.py
[2022-10-04T04:50:00.778+0000] {processor.py:768} INFO - DAG(s) dict_keys(['example_complex']) retrieved from /usr/local/lib/python3.10/dist-packages/airflow/example_dags/example_complex.py
[2022-10-04T04:50:00.817+0000] {logging_mixin.py:117} INFO - [2022-10-04T04:50:00.817+0000] {dag.py:2573} INFO - Sync 1 DAGs
[2022-10-04T04:50:00.834+0000] {logging_mixin.py:117} INFO - [2022-10-04T04:50:00.834+0000] {dag.py:3324} INFO - Setting next_dagrun for example_complex to None, run_after=None
[2022-10-04T04:50:00.858+0000] {processor.py:178} INFO - Processing /usr/local/lib/python3.10/dist-packages/airflow/example_dags/example_complex.py took 0.098 seconds
[2022-10-04T04:50:37.062+0000] {processor.py:156} INFO - Started process (PID=2284) to work on /usr/local/lib/python3.10/dist-packages/airflow/example_dags/example_complex.py
[2022-10-04T04:50:37.063+0000] {processor.py:758} INFO - Processing file /usr/local/lib/python3.10/dist-packages/airflow/example_dags/example_complex.py for tasks to queue
[2022-10-04T04:50:37.064+0000] {logging_mixin.py:117} INFO - [2022-10-04T04:50:37.064+0000] {dagbag.py:525} INFO - Filling up the DagBag from /usr/local/lib/python3.10/dist-packages/airflow/example_dags/example_complex.py
[2022-10-04T04:50:37.077+0000] {processor.py:768} INFO - DAG(s) dict_keys(['example_complex']) retrieved from /usr/local/lib/python3.10/dist-packages/airflow/example_dags/example_complex.py
[2022-10-04T04:50:37.104+0000] {logging_mixin.py:117} INFO - [2022-10-04T04:50:37.104+0000] {dag.py:2573} INFO - Sync 1 DAGs
[2022-10-04T04:50:37.120+0000] {logging_mixin.py:117} INFO - [2022-10-04T04:50:37.120+0000] {dag.py:3324} INFO - Setting next_dagrun for example_complex to None, run_after=None
[2022-10-04T04:50:37.141+0000] {processor.py:178} INFO - Processing /usr/local/lib/python3.10/dist-packages/airflow/example_dags/example_complex.py took 0.082 seconds
[2022-10-04T04:51:13.481+0000] {processor.py:156} INFO - Started process (PID=2321) to work on /usr/local/lib/python3.10/dist-packages/airflow/example_dags/example_complex.py
[2022-10-04T04:51:13.482+0000] {processor.py:758} INFO - Processing file /usr/local/lib/python3.10/dist-packages/airflow/example_dags/example_complex.py for tasks to queue
[2022-10-04T04:51:13.483+0000] {logging_mixin.py:117} INFO - [2022-10-04T04:51:13.483+0000] {dagbag.py:525} INFO - Filling up the DagBag from /usr/local/lib/python3.10/dist-packages/airflow/example_dags/example_complex.py
[2022-10-04T04:51:13.496+0000] {processor.py:768} INFO - DAG(s) dict_keys(['example_complex']) retrieved from /usr/local/lib/python3.10/dist-packages/airflow/example_dags/example_complex.py
[2022-10-04T04:51:13.522+0000] {logging_mixin.py:117} INFO - [2022-10-04T04:51:13.522+0000] {dag.py:2573} INFO - Sync 1 DAGs
[2022-10-04T04:51:13.537+0000] {logging_mixin.py:117} INFO - [2022-10-04T04:51:13.536+0000] {dag.py:3324} INFO - Setting next_dagrun for example_complex to None, run_after=None
[2022-10-04T04:51:13.560+0000] {processor.py:178} INFO - Processing /usr/local/lib/python3.10/dist-packages/airflow/example_dags/example_complex.py took 0.082 seconds
[2022-10-04T04:51:48.329+0000] {processor.py:156} INFO - Started process (PID=2354) to work on /usr/local/lib/python3.10/dist-packages/airflow/example_dags/example_complex.py
[2022-10-04T04:51:48.330+0000] {processor.py:758} INFO - Processing file /usr/local/lib/python3.10/dist-packages/airflow/example_dags/example_complex.py for tasks to queue
[2022-10-04T04:51:48.330+0000] {logging_mixin.py:117} INFO - [2022-10-04T04:51:48.330+0000] {dagbag.py:525} INFO - Filling up the DagBag from /usr/local/lib/python3.10/dist-packages/airflow/example_dags/example_complex.py
[2022-10-04T04:51:48.343+0000] {processor.py:768} INFO - DAG(s) dict_keys(['example_complex']) retrieved from /usr/local/lib/python3.10/dist-packages/airflow/example_dags/example_complex.py
[2022-10-04T04:51:48.369+0000] {logging_mixin.py:117} INFO - [2022-10-04T04:51:48.368+0000] {dag.py:2573} INFO - Sync 1 DAGs
[2022-10-04T04:51:48.385+0000] {logging_mixin.py:117} INFO - [2022-10-04T04:51:48.384+0000] {dag.py:3324} INFO - Setting next_dagrun for example_complex to None, run_after=None
[2022-10-04T04:51:48.406+0000] {processor.py:178} INFO - Processing /usr/local/lib/python3.10/dist-packages/airflow/example_dags/example_complex.py took 0.080 seconds
[2022-10-04T04:52:24.812+0000] {processor.py:156} INFO - Started process (PID=2391) to work on /usr/local/lib/python3.10/dist-packages/airflow/example_dags/example_complex.py
[2022-10-04T04:52:24.814+0000] {processor.py:758} INFO - Processing file /usr/local/lib/python3.10/dist-packages/airflow/example_dags/example_complex.py for tasks to queue
[2022-10-04T04:52:24.814+0000] {logging_mixin.py:117} INFO - [2022-10-04T04:52:24.814+0000] {dagbag.py:525} INFO - Filling up the DagBag from /usr/local/lib/python3.10/dist-packages/airflow/example_dags/example_complex.py
[2022-10-04T04:52:24.831+0000] {processor.py:768} INFO - DAG(s) dict_keys(['example_complex']) retrieved from /usr/local/lib/python3.10/dist-packages/airflow/example_dags/example_complex.py
[2022-10-04T04:52:24.858+0000] {logging_mixin.py:117} INFO - [2022-10-04T04:52:24.857+0000] {dag.py:2573} INFO - Sync 1 DAGs
[2022-10-04T04:52:24.884+0000] {logging_mixin.py:117} INFO - [2022-10-04T04:52:24.884+0000] {dag.py:3324} INFO - Setting next_dagrun for example_complex to None, run_after=None
[2022-10-04T04:52:24.907+0000] {processor.py:178} INFO - Processing /usr/local/lib/python3.10/dist-packages/airflow/example_dags/example_complex.py took 0.103 seconds
[2022-10-04T04:52:57.671+0000] {processor.py:156} INFO - Started process (PID=2423) to work on /usr/local/lib/python3.10/dist-packages/airflow/example_dags/example_complex.py
[2022-10-04T04:52:57.672+0000] {processor.py:758} INFO - Processing file /usr/local/lib/python3.10/dist-packages/airflow/example_dags/example_complex.py for tasks to queue
[2022-10-04T04:52:57.673+0000] {logging_mixin.py:117} INFO - [2022-10-04T04:52:57.673+0000] {dagbag.py:525} INFO - Filling up the DagBag from /usr/local/lib/python3.10/dist-packages/airflow/example_dags/example_complex.py
[2022-10-04T04:52:57.685+0000] {processor.py:768} INFO - DAG(s) dict_keys(['example_complex']) retrieved from /usr/local/lib/python3.10/dist-packages/airflow/example_dags/example_complex.py
[2022-10-04T04:52:57.710+0000] {logging_mixin.py:117} INFO - [2022-10-04T04:52:57.710+0000] {dag.py:2573} INFO - Sync 1 DAGs
[2022-10-04T04:52:57.725+0000] {logging_mixin.py:117} INFO - [2022-10-04T04:52:57.725+0000] {dag.py:3324} INFO - Setting next_dagrun for example_complex to None, run_after=None
[2022-10-04T04:52:57.747+0000] {processor.py:178} INFO - Processing /usr/local/lib/python3.10/dist-packages/airflow/example_dags/example_complex.py took 0.080 seconds
[2022-10-04T04:53:35.976+0000] {processor.py:156} INFO - Started process (PID=2459) to work on /usr/local/lib/python3.10/dist-packages/airflow/example_dags/example_complex.py
[2022-10-04T04:53:35.977+0000] {processor.py:758} INFO - Processing file /usr/local/lib/python3.10/dist-packages/airflow/example_dags/example_complex.py for tasks to queue
[2022-10-04T04:53:35.978+0000] {logging_mixin.py:117} INFO - [2022-10-04T04:53:35.978+0000] {dagbag.py:525} INFO - Filling up the DagBag from /usr/local/lib/python3.10/dist-packages/airflow/example_dags/example_complex.py
[2022-10-04T04:53:35.991+0000] {processor.py:768} INFO - DAG(s) dict_keys(['example_complex']) retrieved from /usr/local/lib/python3.10/dist-packages/airflow/example_dags/example_complex.py
[2022-10-04T04:53:36.022+0000] {logging_mixin.py:117} INFO - [2022-10-04T04:53:36.022+0000] {dag.py:2573} INFO - Sync 1 DAGs
[2022-10-04T04:53:36.039+0000] {logging_mixin.py:117} INFO - [2022-10-04T04:53:36.039+0000] {dag.py:3324} INFO - Setting next_dagrun for example_complex to None, run_after=None
[2022-10-04T04:53:36.063+0000] {processor.py:178} INFO - Processing /usr/local/lib/python3.10/dist-packages/airflow/example_dags/example_complex.py took 0.090 seconds
[2022-10-04T04:54:12.783+0000] {processor.py:156} INFO - Started process (PID=2498) to work on /usr/local/lib/python3.10/dist-packages/airflow/example_dags/example_complex.py
[2022-10-04T04:54:12.784+0000] {processor.py:758} INFO - Processing file /usr/local/lib/python3.10/dist-packages/airflow/example_dags/example_complex.py for tasks to queue
[2022-10-04T04:54:12.785+0000] {logging_mixin.py:117} INFO - [2022-10-04T04:54:12.785+0000] {dagbag.py:525} INFO - Filling up the DagBag from /usr/local/lib/python3.10/dist-packages/airflow/example_dags/example_complex.py
[2022-10-04T04:54:12.797+0000] {processor.py:768} INFO - DAG(s) dict_keys(['example_complex']) retrieved from /usr/local/lib/python3.10/dist-packages/airflow/example_dags/example_complex.py
[2022-10-04T04:54:12.821+0000] {logging_mixin.py:117} INFO - [2022-10-04T04:54:12.821+0000] {dag.py:2573} INFO - Sync 1 DAGs
[2022-10-04T04:54:12.836+0000] {logging_mixin.py:117} INFO - [2022-10-04T04:54:12.836+0000] {dag.py:3324} INFO - Setting next_dagrun for example_complex to None, run_after=None
[2022-10-04T04:54:12.857+0000] {processor.py:178} INFO - Processing /usr/local/lib/python3.10/dist-packages/airflow/example_dags/example_complex.py took 0.077 seconds
