[2022-10-04T03:09:29.598+0000] {processor.py:156} INFO - Started process (PID=7705) to work on /usr/local/lib/python3.10/dist-packages/airflow/example_dags/example_short_circuit_operator.py
[2022-10-04T03:09:29.599+0000] {processor.py:758} INFO - Processing file /usr/local/lib/python3.10/dist-packages/airflow/example_dags/example_short_circuit_operator.py for tasks to queue
[2022-10-04T03:09:29.599+0000] {logging_mixin.py:117} INFO - [2022-10-04T03:09:29.599+0000] {dagbag.py:525} INFO - Filling up the DagBag from /usr/local/lib/python3.10/dist-packages/airflow/example_dags/example_short_circuit_operator.py
[2022-10-04T03:09:29.616+0000] {processor.py:768} INFO - DAG(s) dict_keys(['example_short_circuit_operator']) retrieved from /usr/local/lib/python3.10/dist-packages/airflow/example_dags/example_short_circuit_operator.py
[2022-10-04T03:09:29.723+0000] {logging_mixin.py:117} INFO - [2022-10-04T03:09:29.723+0000] {manager.py:508} INFO - Created Permission View: can read on DAG:example_short_circuit_operator
[2022-10-04T03:09:29.735+0000] {logging_mixin.py:117} INFO - [2022-10-04T03:09:29.735+0000] {manager.py:508} INFO - Created Permission View: can delete on DAG:example_short_circuit_operator
[2022-10-04T03:09:29.746+0000] {logging_mixin.py:117} INFO - [2022-10-04T03:09:29.746+0000] {manager.py:508} INFO - Created Permission View: can edit on DAG:example_short_circuit_operator
[2022-10-04T03:09:29.746+0000] {logging_mixin.py:117} INFO - [2022-10-04T03:09:29.746+0000] {dag.py:2573} INFO - Sync 1 DAGs
[2022-10-04T03:09:29.755+0000] {logging_mixin.py:117} INFO - [2022-10-04T03:09:29.755+0000] {dag.py:2594} INFO - Creating ORM DAG for example_short_circuit_operator
[2022-10-04T03:09:29.763+0000] {logging_mixin.py:117} INFO - [2022-10-04T03:09:29.763+0000] {dag.py:3324} INFO - Setting next_dagrun for example_short_circuit_operator to 2022-10-03T03:09:29.763589+00:00, run_after=2022-10-04T03:09:29.763589+00:00
[2022-10-04T03:09:29.787+0000] {processor.py:178} INFO - Processing /usr/local/lib/python3.10/dist-packages/airflow/example_dags/example_short_circuit_operator.py took 0.192 seconds
[2022-10-04T03:10:07.688+0000] {processor.py:156} INFO - Started process (PID=7752) to work on /usr/local/lib/python3.10/dist-packages/airflow/example_dags/example_short_circuit_operator.py
[2022-10-04T03:10:07.689+0000] {processor.py:758} INFO - Processing file /usr/local/lib/python3.10/dist-packages/airflow/example_dags/example_short_circuit_operator.py for tasks to queue
[2022-10-04T03:10:07.690+0000] {logging_mixin.py:117} INFO - [2022-10-04T03:10:07.690+0000] {dagbag.py:525} INFO - Filling up the DagBag from /usr/local/lib/python3.10/dist-packages/airflow/example_dags/example_short_circuit_operator.py
[2022-10-04T03:10:07.707+0000] {processor.py:768} INFO - DAG(s) dict_keys(['example_short_circuit_operator']) retrieved from /usr/local/lib/python3.10/dist-packages/airflow/example_dags/example_short_circuit_operator.py
[2022-10-04T03:10:07.732+0000] {logging_mixin.py:117} INFO - [2022-10-04T03:10:07.732+0000] {dag.py:2573} INFO - Sync 1 DAGs
[2022-10-04T03:10:07.749+0000] {logging_mixin.py:117} INFO - [2022-10-04T03:10:07.749+0000] {dag.py:3324} INFO - Setting next_dagrun for example_short_circuit_operator to 2022-10-03T03:10:07.749585+00:00, run_after=2022-10-04T03:10:07.749585+00:00
[2022-10-04T03:10:07.773+0000] {processor.py:178} INFO - Processing /usr/local/lib/python3.10/dist-packages/airflow/example_dags/example_short_circuit_operator.py took 0.087 seconds
[2022-10-04T03:10:50.221+0000] {processor.py:156} INFO - Started process (PID=7792) to work on /usr/local/lib/python3.10/dist-packages/airflow/example_dags/example_short_circuit_operator.py
[2022-10-04T03:10:50.222+0000] {processor.py:758} INFO - Processing file /usr/local/lib/python3.10/dist-packages/airflow/example_dags/example_short_circuit_operator.py for tasks to queue
[2022-10-04T03:10:50.222+0000] {logging_mixin.py:117} INFO - [2022-10-04T03:10:50.222+0000] {dagbag.py:525} INFO - Filling up the DagBag from /usr/local/lib/python3.10/dist-packages/airflow/example_dags/example_short_circuit_operator.py
[2022-10-04T03:10:50.243+0000] {processor.py:768} INFO - DAG(s) dict_keys(['example_short_circuit_operator']) retrieved from /usr/local/lib/python3.10/dist-packages/airflow/example_dags/example_short_circuit_operator.py
[2022-10-04T03:10:50.264+0000] {logging_mixin.py:117} INFO - [2022-10-04T03:10:50.264+0000] {dag.py:2573} INFO - Sync 1 DAGs
[2022-10-04T03:10:50.280+0000] {logging_mixin.py:117} INFO - [2022-10-04T03:10:50.280+0000] {dag.py:3324} INFO - Setting next_dagrun for example_short_circuit_operator to 2022-10-03T03:10:50.280036+00:00, run_after=2022-10-04T03:10:50.280036+00:00
[2022-10-04T03:10:50.302+0000] {processor.py:178} INFO - Processing /usr/local/lib/python3.10/dist-packages/airflow/example_dags/example_short_circuit_operator.py took 0.083 seconds
[2022-10-04T03:11:30.364+0000] {processor.py:156} INFO - Started process (PID=7835) to work on /usr/local/lib/python3.10/dist-packages/airflow/example_dags/example_short_circuit_operator.py
[2022-10-04T03:11:30.365+0000] {processor.py:758} INFO - Processing file /usr/local/lib/python3.10/dist-packages/airflow/example_dags/example_short_circuit_operator.py for tasks to queue
[2022-10-04T03:11:30.366+0000] {logging_mixin.py:117} INFO - [2022-10-04T03:11:30.366+0000] {dagbag.py:525} INFO - Filling up the DagBag from /usr/local/lib/python3.10/dist-packages/airflow/example_dags/example_short_circuit_operator.py
[2022-10-04T03:11:30.384+0000] {processor.py:768} INFO - DAG(s) dict_keys(['example_short_circuit_operator']) retrieved from /usr/local/lib/python3.10/dist-packages/airflow/example_dags/example_short_circuit_operator.py
[2022-10-04T03:11:30.416+0000] {logging_mixin.py:117} INFO - [2022-10-04T03:11:30.415+0000] {dag.py:2573} INFO - Sync 1 DAGs
[2022-10-04T03:11:30.438+0000] {logging_mixin.py:117} INFO - [2022-10-04T03:11:30.438+0000] {dag.py:3324} INFO - Setting next_dagrun for example_short_circuit_operator to 2022-10-03T03:11:30.438477+00:00, run_after=2022-10-04T03:11:30.438477+00:00
[2022-10-04T03:11:30.462+0000] {processor.py:178} INFO - Processing /usr/local/lib/python3.10/dist-packages/airflow/example_dags/example_short_circuit_operator.py took 0.101 seconds
[2022-10-04T03:12:12.267+0000] {processor.py:156} INFO - Started process (PID=7878) to work on /usr/local/lib/python3.10/dist-packages/airflow/example_dags/example_short_circuit_operator.py
[2022-10-04T03:12:12.268+0000] {processor.py:758} INFO - Processing file /usr/local/lib/python3.10/dist-packages/airflow/example_dags/example_short_circuit_operator.py for tasks to queue
[2022-10-04T03:12:12.269+0000] {logging_mixin.py:117} INFO - [2022-10-04T03:12:12.268+0000] {dagbag.py:525} INFO - Filling up the DagBag from /usr/local/lib/python3.10/dist-packages/airflow/example_dags/example_short_circuit_operator.py
[2022-10-04T03:12:12.284+0000] {processor.py:768} INFO - DAG(s) dict_keys(['example_short_circuit_operator']) retrieved from /usr/local/lib/python3.10/dist-packages/airflow/example_dags/example_short_circuit_operator.py
[2022-10-04T03:12:12.306+0000] {logging_mixin.py:117} INFO - [2022-10-04T03:12:12.305+0000] {dag.py:2573} INFO - Sync 1 DAGs
[2022-10-04T03:12:12.324+0000] {logging_mixin.py:117} INFO - [2022-10-04T03:12:12.324+0000] {dag.py:3324} INFO - Setting next_dagrun for example_short_circuit_operator to 2022-10-03T03:12:12.324248+00:00, run_after=2022-10-04T03:12:12.324248+00:00
[2022-10-04T03:12:12.344+0000] {processor.py:178} INFO - Processing /usr/local/lib/python3.10/dist-packages/airflow/example_dags/example_short_circuit_operator.py took 0.080 seconds
[2022-10-04T03:12:51.204+0000] {processor.py:156} INFO - Started process (PID=7916) to work on /usr/local/lib/python3.10/dist-packages/airflow/example_dags/example_short_circuit_operator.py
[2022-10-04T03:12:51.208+0000] {processor.py:758} INFO - Processing file /usr/local/lib/python3.10/dist-packages/airflow/example_dags/example_short_circuit_operator.py for tasks to queue
[2022-10-04T03:12:51.209+0000] {logging_mixin.py:117} INFO - [2022-10-04T03:12:51.209+0000] {dagbag.py:525} INFO - Filling up the DagBag from /usr/local/lib/python3.10/dist-packages/airflow/example_dags/example_short_circuit_operator.py
[2022-10-04T03:12:51.246+0000] {processor.py:768} INFO - DAG(s) dict_keys(['example_short_circuit_operator']) retrieved from /usr/local/lib/python3.10/dist-packages/airflow/example_dags/example_short_circuit_operator.py
[2022-10-04T03:12:51.306+0000] {logging_mixin.py:117} INFO - [2022-10-04T03:12:51.306+0000] {dag.py:2573} INFO - Sync 1 DAGs
[2022-10-04T03:12:51.357+0000] {logging_mixin.py:117} INFO - [2022-10-04T03:12:51.357+0000] {dag.py:3324} INFO - Setting next_dagrun for example_short_circuit_operator to 2022-10-03T03:12:51.356970+00:00, run_after=2022-10-04T03:12:51.356970+00:00
[2022-10-04T03:12:51.403+0000] {processor.py:178} INFO - Processing /usr/local/lib/python3.10/dist-packages/airflow/example_dags/example_short_circuit_operator.py took 0.204 seconds
[2022-10-04T03:13:30.231+0000] {processor.py:156} INFO - Started process (PID=7956) to work on /usr/local/lib/python3.10/dist-packages/airflow/example_dags/example_short_circuit_operator.py
[2022-10-04T03:13:30.232+0000] {processor.py:758} INFO - Processing file /usr/local/lib/python3.10/dist-packages/airflow/example_dags/example_short_circuit_operator.py for tasks to queue
[2022-10-04T03:13:30.233+0000] {logging_mixin.py:117} INFO - [2022-10-04T03:13:30.233+0000] {dagbag.py:525} INFO - Filling up the DagBag from /usr/local/lib/python3.10/dist-packages/airflow/example_dags/example_short_circuit_operator.py
[2022-10-04T03:13:30.251+0000] {processor.py:768} INFO - DAG(s) dict_keys(['example_short_circuit_operator']) retrieved from /usr/local/lib/python3.10/dist-packages/airflow/example_dags/example_short_circuit_operator.py
[2022-10-04T03:13:30.273+0000] {logging_mixin.py:117} INFO - [2022-10-04T03:13:30.273+0000] {dag.py:2573} INFO - Sync 1 DAGs
[2022-10-04T03:13:30.292+0000] {logging_mixin.py:117} INFO - [2022-10-04T03:13:30.291+0000] {dag.py:3324} INFO - Setting next_dagrun for example_short_circuit_operator to 2022-10-03T03:13:30.291740+00:00, run_after=2022-10-04T03:13:30.291740+00:00
[2022-10-04T03:13:30.313+0000] {processor.py:178} INFO - Processing /usr/local/lib/python3.10/dist-packages/airflow/example_dags/example_short_circuit_operator.py took 0.085 seconds
[2022-10-04T03:14:11.815+0000] {processor.py:156} INFO - Started process (PID=7996) to work on /usr/local/lib/python3.10/dist-packages/airflow/example_dags/example_short_circuit_operator.py
[2022-10-04T03:14:11.816+0000] {processor.py:758} INFO - Processing file /usr/local/lib/python3.10/dist-packages/airflow/example_dags/example_short_circuit_operator.py for tasks to queue
[2022-10-04T03:14:11.817+0000] {logging_mixin.py:117} INFO - [2022-10-04T03:14:11.816+0000] {dagbag.py:525} INFO - Filling up the DagBag from /usr/local/lib/python3.10/dist-packages/airflow/example_dags/example_short_circuit_operator.py
[2022-10-04T03:14:11.832+0000] {processor.py:768} INFO - DAG(s) dict_keys(['example_short_circuit_operator']) retrieved from /usr/local/lib/python3.10/dist-packages/airflow/example_dags/example_short_circuit_operator.py
[2022-10-04T03:14:11.854+0000] {logging_mixin.py:117} INFO - [2022-10-04T03:14:11.854+0000] {dag.py:2573} INFO - Sync 1 DAGs
[2022-10-04T03:14:11.872+0000] {logging_mixin.py:117} INFO - [2022-10-04T03:14:11.871+0000] {dag.py:3324} INFO - Setting next_dagrun for example_short_circuit_operator to 2022-10-03T03:14:11.871637+00:00, run_after=2022-10-04T03:14:11.871637+00:00
[2022-10-04T03:14:11.893+0000] {processor.py:178} INFO - Processing /usr/local/lib/python3.10/dist-packages/airflow/example_dags/example_short_circuit_operator.py took 0.081 seconds
[2022-10-04T03:14:50.918+0000] {processor.py:156} INFO - Started process (PID=8037) to work on /usr/local/lib/python3.10/dist-packages/airflow/example_dags/example_short_circuit_operator.py
[2022-10-04T03:14:50.919+0000] {processor.py:758} INFO - Processing file /usr/local/lib/python3.10/dist-packages/airflow/example_dags/example_short_circuit_operator.py for tasks to queue
[2022-10-04T03:14:50.920+0000] {logging_mixin.py:117} INFO - [2022-10-04T03:14:50.920+0000] {dagbag.py:525} INFO - Filling up the DagBag from /usr/local/lib/python3.10/dist-packages/airflow/example_dags/example_short_circuit_operator.py
[2022-10-04T03:14:50.936+0000] {processor.py:768} INFO - DAG(s) dict_keys(['example_short_circuit_operator']) retrieved from /usr/local/lib/python3.10/dist-packages/airflow/example_dags/example_short_circuit_operator.py
[2022-10-04T03:14:50.959+0000] {logging_mixin.py:117} INFO - [2022-10-04T03:14:50.958+0000] {dag.py:2573} INFO - Sync 1 DAGs
[2022-10-04T03:14:50.976+0000] {logging_mixin.py:117} INFO - [2022-10-04T03:14:50.976+0000] {dag.py:3324} INFO - Setting next_dagrun for example_short_circuit_operator to 2022-10-03T03:14:50.975981+00:00, run_after=2022-10-04T03:14:50.975981+00:00
[2022-10-04T03:14:51.041+0000] {processor.py:178} INFO - Processing /usr/local/lib/python3.10/dist-packages/airflow/example_dags/example_short_circuit_operator.py took 0.126 seconds
[2022-10-04T03:15:30.585+0000] {processor.py:156} INFO - Started process (PID=8075) to work on /usr/local/lib/python3.10/dist-packages/airflow/example_dags/example_short_circuit_operator.py
[2022-10-04T03:15:30.587+0000] {processor.py:758} INFO - Processing file /usr/local/lib/python3.10/dist-packages/airflow/example_dags/example_short_circuit_operator.py for tasks to queue
[2022-10-04T03:15:30.592+0000] {logging_mixin.py:117} INFO - [2022-10-04T03:15:30.588+0000] {dagbag.py:525} INFO - Filling up the DagBag from /usr/local/lib/python3.10/dist-packages/airflow/example_dags/example_short_circuit_operator.py
[2022-10-04T03:15:30.611+0000] {processor.py:768} INFO - DAG(s) dict_keys(['example_short_circuit_operator']) retrieved from /usr/local/lib/python3.10/dist-packages/airflow/example_dags/example_short_circuit_operator.py
[2022-10-04T03:15:30.645+0000] {logging_mixin.py:117} INFO - [2022-10-04T03:15:30.645+0000] {dag.py:2573} INFO - Sync 1 DAGs
[2022-10-04T03:15:30.663+0000] {logging_mixin.py:117} INFO - [2022-10-04T03:15:30.663+0000] {dag.py:3324} INFO - Setting next_dagrun for example_short_circuit_operator to 2022-10-03T03:15:30.663510+00:00, run_after=2022-10-04T03:15:30.663510+00:00
[2022-10-04T03:15:30.686+0000] {processor.py:178} INFO - Processing /usr/local/lib/python3.10/dist-packages/airflow/example_dags/example_short_circuit_operator.py took 0.105 seconds
[2022-10-04T03:16:21.747+0000] {processor.py:156} INFO - Started process (PID=8213) to work on /usr/local/lib/python3.10/dist-packages/airflow/example_dags/example_short_circuit_operator.py
[2022-10-04T03:16:21.748+0000] {processor.py:758} INFO - Processing file /usr/local/lib/python3.10/dist-packages/airflow/example_dags/example_short_circuit_operator.py for tasks to queue
[2022-10-04T03:16:21.748+0000] {logging_mixin.py:117} INFO - [2022-10-04T03:16:21.748+0000] {dagbag.py:525} INFO - Filling up the DagBag from /usr/local/lib/python3.10/dist-packages/airflow/example_dags/example_short_circuit_operator.py
[2022-10-04T03:16:21.764+0000] {processor.py:768} INFO - DAG(s) dict_keys(['example_short_circuit_operator']) retrieved from /usr/local/lib/python3.10/dist-packages/airflow/example_dags/example_short_circuit_operator.py
[2022-10-04T03:16:21.786+0000] {logging_mixin.py:117} INFO - [2022-10-04T03:16:21.786+0000] {dag.py:2573} INFO - Sync 1 DAGs
[2022-10-04T03:16:21.806+0000] {logging_mixin.py:117} INFO - [2022-10-04T03:16:21.806+0000] {dag.py:3324} INFO - Setting next_dagrun for example_short_circuit_operator to 2022-10-03T03:16:21.805763+00:00, run_after=2022-10-04T03:16:21.805763+00:00
[2022-10-04T03:16:21.962+0000] {processor.py:178} INFO - Processing /usr/local/lib/python3.10/dist-packages/airflow/example_dags/example_short_circuit_operator.py took 0.218 seconds
[2022-10-04T03:17:14.577+0000] {processor.py:156} INFO - Started process (PID=8460) to work on /usr/local/lib/python3.10/dist-packages/airflow/example_dags/example_short_circuit_operator.py
[2022-10-04T03:17:14.578+0000] {processor.py:758} INFO - Processing file /usr/local/lib/python3.10/dist-packages/airflow/example_dags/example_short_circuit_operator.py for tasks to queue
[2022-10-04T03:17:14.579+0000] {logging_mixin.py:117} INFO - [2022-10-04T03:17:14.579+0000] {dagbag.py:525} INFO - Filling up the DagBag from /usr/local/lib/python3.10/dist-packages/airflow/example_dags/example_short_circuit_operator.py
[2022-10-04T03:17:14.599+0000] {processor.py:768} INFO - DAG(s) dict_keys(['example_short_circuit_operator']) retrieved from /usr/local/lib/python3.10/dist-packages/airflow/example_dags/example_short_circuit_operator.py
[2022-10-04T03:17:14.628+0000] {logging_mixin.py:117} INFO - [2022-10-04T03:17:14.628+0000] {dag.py:2573} INFO - Sync 1 DAGs
[2022-10-04T03:17:14.808+0000] {logging_mixin.py:117} INFO - [2022-10-04T03:17:14.808+0000] {dag.py:3324} INFO - Setting next_dagrun for example_short_circuit_operator to 2022-10-03T03:17:14.807949+00:00, run_after=2022-10-04T03:17:14.807949+00:00
[2022-10-04T03:17:14.861+0000] {processor.py:178} INFO - Processing /usr/local/lib/python3.10/dist-packages/airflow/example_dags/example_short_circuit_operator.py took 0.288 seconds
[2022-10-04T03:17:55.806+0000] {processor.py:156} INFO - Started process (PID=8632) to work on /usr/local/lib/python3.10/dist-packages/airflow/example_dags/example_short_circuit_operator.py
[2022-10-04T03:17:55.807+0000] {processor.py:758} INFO - Processing file /usr/local/lib/python3.10/dist-packages/airflow/example_dags/example_short_circuit_operator.py for tasks to queue
[2022-10-04T03:17:55.808+0000] {logging_mixin.py:117} INFO - [2022-10-04T03:17:55.808+0000] {dagbag.py:525} INFO - Filling up the DagBag from /usr/local/lib/python3.10/dist-packages/airflow/example_dags/example_short_circuit_operator.py
[2022-10-04T03:17:55.823+0000] {processor.py:768} INFO - DAG(s) dict_keys(['example_short_circuit_operator']) retrieved from /usr/local/lib/python3.10/dist-packages/airflow/example_dags/example_short_circuit_operator.py
[2022-10-04T03:17:55.844+0000] {logging_mixin.py:117} INFO - [2022-10-04T03:17:55.844+0000] {dag.py:2573} INFO - Sync 1 DAGs
[2022-10-04T03:17:55.989+0000] {logging_mixin.py:117} INFO - [2022-10-04T03:17:55.988+0000] {dag.py:3324} INFO - Setting next_dagrun for example_short_circuit_operator to 2022-10-03T03:17:55.988743+00:00, run_after=2022-10-04T03:17:55.988743+00:00
[2022-10-04T03:17:56.019+0000] {processor.py:178} INFO - Processing /usr/local/lib/python3.10/dist-packages/airflow/example_dags/example_short_circuit_operator.py took 0.215 seconds
[2022-10-04T03:19:03.336+0000] {processor.py:156} INFO - Started process (PID=8708) to work on /usr/local/lib/python3.10/dist-packages/airflow/example_dags/example_short_circuit_operator.py
[2022-10-04T03:19:03.337+0000] {processor.py:758} INFO - Processing file /usr/local/lib/python3.10/dist-packages/airflow/example_dags/example_short_circuit_operator.py for tasks to queue
[2022-10-04T03:19:03.337+0000] {logging_mixin.py:117} INFO - [2022-10-04T03:19:03.337+0000] {dagbag.py:525} INFO - Filling up the DagBag from /usr/local/lib/python3.10/dist-packages/airflow/example_dags/example_short_circuit_operator.py
[2022-10-04T03:19:03.352+0000] {processor.py:768} INFO - DAG(s) dict_keys(['example_short_circuit_operator']) retrieved from /usr/local/lib/python3.10/dist-packages/airflow/example_dags/example_short_circuit_operator.py
[2022-10-04T03:19:03.376+0000] {logging_mixin.py:117} INFO - [2022-10-04T03:19:03.376+0000] {dag.py:2573} INFO - Sync 1 DAGs
[2022-10-04T03:19:03.393+0000] {logging_mixin.py:117} INFO - [2022-10-04T03:19:03.392+0000] {dag.py:3324} INFO - Setting next_dagrun for example_short_circuit_operator to 2022-10-03T03:19:03.392678+00:00, run_after=2022-10-04T03:19:03.392678+00:00
[2022-10-04T03:19:03.413+0000] {processor.py:178} INFO - Processing /usr/local/lib/python3.10/dist-packages/airflow/example_dags/example_short_circuit_operator.py took 0.080 seconds
[2022-10-04T03:19:42.388+0000] {processor.py:156} INFO - Started process (PID=8749) to work on /usr/local/lib/python3.10/dist-packages/airflow/example_dags/example_short_circuit_operator.py
[2022-10-04T03:19:42.389+0000] {processor.py:758} INFO - Processing file /usr/local/lib/python3.10/dist-packages/airflow/example_dags/example_short_circuit_operator.py for tasks to queue
[2022-10-04T03:19:42.390+0000] {logging_mixin.py:117} INFO - [2022-10-04T03:19:42.390+0000] {dagbag.py:525} INFO - Filling up the DagBag from /usr/local/lib/python3.10/dist-packages/airflow/example_dags/example_short_circuit_operator.py
[2022-10-04T03:19:42.414+0000] {processor.py:768} INFO - DAG(s) dict_keys(['example_short_circuit_operator']) retrieved from /usr/local/lib/python3.10/dist-packages/airflow/example_dags/example_short_circuit_operator.py
[2022-10-04T03:19:42.439+0000] {logging_mixin.py:117} INFO - [2022-10-04T03:19:42.439+0000] {dag.py:2573} INFO - Sync 1 DAGs
[2022-10-04T03:19:42.458+0000] {logging_mixin.py:117} INFO - [2022-10-04T03:19:42.458+0000] {dag.py:3324} INFO - Setting next_dagrun for example_short_circuit_operator to 2022-10-03T03:19:42.457795+00:00, run_after=2022-10-04T03:19:42.457795+00:00
[2022-10-04T03:19:42.480+0000] {processor.py:178} INFO - Processing /usr/local/lib/python3.10/dist-packages/airflow/example_dags/example_short_circuit_operator.py took 0.095 seconds
[2022-10-04T03:20:21.564+0000] {processor.py:156} INFO - Started process (PID=8787) to work on /usr/local/lib/python3.10/dist-packages/airflow/example_dags/example_short_circuit_operator.py
[2022-10-04T03:20:21.565+0000] {processor.py:758} INFO - Processing file /usr/local/lib/python3.10/dist-packages/airflow/example_dags/example_short_circuit_operator.py for tasks to queue
[2022-10-04T03:20:21.566+0000] {logging_mixin.py:117} INFO - [2022-10-04T03:20:21.566+0000] {dagbag.py:525} INFO - Filling up the DagBag from /usr/local/lib/python3.10/dist-packages/airflow/example_dags/example_short_circuit_operator.py
[2022-10-04T03:20:21.583+0000] {processor.py:768} INFO - DAG(s) dict_keys(['example_short_circuit_operator']) retrieved from /usr/local/lib/python3.10/dist-packages/airflow/example_dags/example_short_circuit_operator.py
[2022-10-04T03:20:21.605+0000] {logging_mixin.py:117} INFO - [2022-10-04T03:20:21.604+0000] {dag.py:2573} INFO - Sync 1 DAGs
[2022-10-04T03:20:21.623+0000] {logging_mixin.py:117} INFO - [2022-10-04T03:20:21.623+0000] {dag.py:3324} INFO - Setting next_dagrun for example_short_circuit_operator to 2022-10-03T03:20:21.622912+00:00, run_after=2022-10-04T03:20:21.622912+00:00
[2022-10-04T03:20:21.645+0000] {processor.py:178} INFO - Processing /usr/local/lib/python3.10/dist-packages/airflow/example_dags/example_short_circuit_operator.py took 0.084 seconds
[2022-10-04T03:20:59.887+0000] {processor.py:156} INFO - Started process (PID=8827) to work on /usr/local/lib/python3.10/dist-packages/airflow/example_dags/example_short_circuit_operator.py
[2022-10-04T03:20:59.888+0000] {processor.py:758} INFO - Processing file /usr/local/lib/python3.10/dist-packages/airflow/example_dags/example_short_circuit_operator.py for tasks to queue
[2022-10-04T03:20:59.888+0000] {logging_mixin.py:117} INFO - [2022-10-04T03:20:59.888+0000] {dagbag.py:525} INFO - Filling up the DagBag from /usr/local/lib/python3.10/dist-packages/airflow/example_dags/example_short_circuit_operator.py
[2022-10-04T03:20:59.904+0000] {processor.py:768} INFO - DAG(s) dict_keys(['example_short_circuit_operator']) retrieved from /usr/local/lib/python3.10/dist-packages/airflow/example_dags/example_short_circuit_operator.py
[2022-10-04T03:20:59.947+0000] {logging_mixin.py:117} INFO - [2022-10-04T03:20:59.947+0000] {dag.py:2573} INFO - Sync 1 DAGs
[2022-10-04T03:20:59.969+0000] {logging_mixin.py:117} INFO - [2022-10-04T03:20:59.969+0000] {dag.py:3324} INFO - Setting next_dagrun for example_short_circuit_operator to 2022-10-03T03:20:59.969296+00:00, run_after=2022-10-04T03:20:59.969296+00:00
[2022-10-04T03:21:00.007+0000] {processor.py:178} INFO - Processing /usr/local/lib/python3.10/dist-packages/airflow/example_dags/example_short_circuit_operator.py took 0.125 seconds
[2022-10-04T03:21:44.894+0000] {processor.py:156} INFO - Started process (PID=8870) to work on /usr/local/lib/python3.10/dist-packages/airflow/example_dags/example_short_circuit_operator.py
[2022-10-04T03:21:44.895+0000] {processor.py:758} INFO - Processing file /usr/local/lib/python3.10/dist-packages/airflow/example_dags/example_short_circuit_operator.py for tasks to queue
[2022-10-04T03:21:44.896+0000] {logging_mixin.py:117} INFO - [2022-10-04T03:21:44.896+0000] {dagbag.py:525} INFO - Filling up the DagBag from /usr/local/lib/python3.10/dist-packages/airflow/example_dags/example_short_circuit_operator.py
[2022-10-04T03:21:44.912+0000] {processor.py:768} INFO - DAG(s) dict_keys(['example_short_circuit_operator']) retrieved from /usr/local/lib/python3.10/dist-packages/airflow/example_dags/example_short_circuit_operator.py
[2022-10-04T03:21:44.934+0000] {logging_mixin.py:117} INFO - [2022-10-04T03:21:44.934+0000] {dag.py:2573} INFO - Sync 1 DAGs
[2022-10-04T03:21:44.954+0000] {logging_mixin.py:117} INFO - [2022-10-04T03:21:44.954+0000] {dag.py:3324} INFO - Setting next_dagrun for example_short_circuit_operator to 2022-10-03T03:21:44.954030+00:00, run_after=2022-10-04T03:21:44.954030+00:00
[2022-10-04T03:21:44.974+0000] {processor.py:178} INFO - Processing /usr/local/lib/python3.10/dist-packages/airflow/example_dags/example_short_circuit_operator.py took 0.082 seconds
[2022-10-04T03:22:21.862+0000] {processor.py:156} INFO - Started process (PID=8909) to work on /usr/local/lib/python3.10/dist-packages/airflow/example_dags/example_short_circuit_operator.py
[2022-10-04T03:22:21.863+0000] {processor.py:758} INFO - Processing file /usr/local/lib/python3.10/dist-packages/airflow/example_dags/example_short_circuit_operator.py for tasks to queue
[2022-10-04T03:22:21.864+0000] {logging_mixin.py:117} INFO - [2022-10-04T03:22:21.864+0000] {dagbag.py:525} INFO - Filling up the DagBag from /usr/local/lib/python3.10/dist-packages/airflow/example_dags/example_short_circuit_operator.py
[2022-10-04T03:22:21.881+0000] {processor.py:768} INFO - DAG(s) dict_keys(['example_short_circuit_operator']) retrieved from /usr/local/lib/python3.10/dist-packages/airflow/example_dags/example_short_circuit_operator.py
[2022-10-04T03:22:21.904+0000] {logging_mixin.py:117} INFO - [2022-10-04T03:22:21.904+0000] {dag.py:2573} INFO - Sync 1 DAGs
[2022-10-04T03:22:21.924+0000] {logging_mixin.py:117} INFO - [2022-10-04T03:22:21.924+0000] {dag.py:3324} INFO - Setting next_dagrun for example_short_circuit_operator to 2022-10-03T03:22:21.923924+00:00, run_after=2022-10-04T03:22:21.923924+00:00
[2022-10-04T03:22:21.946+0000] {processor.py:178} INFO - Processing /usr/local/lib/python3.10/dist-packages/airflow/example_dags/example_short_circuit_operator.py took 0.087 seconds
[2022-10-04T03:23:03.275+0000] {processor.py:156} INFO - Started process (PID=8950) to work on /usr/local/lib/python3.10/dist-packages/airflow/example_dags/example_short_circuit_operator.py
[2022-10-04T03:23:03.276+0000] {processor.py:758} INFO - Processing file /usr/local/lib/python3.10/dist-packages/airflow/example_dags/example_short_circuit_operator.py for tasks to queue
[2022-10-04T03:23:03.277+0000] {logging_mixin.py:117} INFO - [2022-10-04T03:23:03.277+0000] {dagbag.py:525} INFO - Filling up the DagBag from /usr/local/lib/python3.10/dist-packages/airflow/example_dags/example_short_circuit_operator.py
[2022-10-04T03:23:03.291+0000] {processor.py:768} INFO - DAG(s) dict_keys(['example_short_circuit_operator']) retrieved from /usr/local/lib/python3.10/dist-packages/airflow/example_dags/example_short_circuit_operator.py
[2022-10-04T03:23:03.314+0000] {logging_mixin.py:117} INFO - [2022-10-04T03:23:03.314+0000] {dag.py:2573} INFO - Sync 1 DAGs
[2022-10-04T03:23:03.330+0000] {logging_mixin.py:117} INFO - [2022-10-04T03:23:03.330+0000] {dag.py:3324} INFO - Setting next_dagrun for example_short_circuit_operator to 2022-10-03T03:23:03.330024+00:00, run_after=2022-10-04T03:23:03.330024+00:00
[2022-10-04T03:23:03.350+0000] {processor.py:178} INFO - Processing /usr/local/lib/python3.10/dist-packages/airflow/example_dags/example_short_circuit_operator.py took 0.078 seconds
[2022-10-04T03:24:02.919+0000] {processor.py:156} INFO - Started process (PID=9018) to work on /usr/local/lib/python3.10/dist-packages/airflow/example_dags/example_short_circuit_operator.py
[2022-10-04T03:24:02.920+0000] {processor.py:758} INFO - Processing file /usr/local/lib/python3.10/dist-packages/airflow/example_dags/example_short_circuit_operator.py for tasks to queue
[2022-10-04T03:24:02.920+0000] {logging_mixin.py:117} INFO - [2022-10-04T03:24:02.920+0000] {dagbag.py:525} INFO - Filling up the DagBag from /usr/local/lib/python3.10/dist-packages/airflow/example_dags/example_short_circuit_operator.py
[2022-10-04T03:24:02.936+0000] {processor.py:768} INFO - DAG(s) dict_keys(['example_short_circuit_operator']) retrieved from /usr/local/lib/python3.10/dist-packages/airflow/example_dags/example_short_circuit_operator.py
[2022-10-04T03:24:02.958+0000] {logging_mixin.py:117} INFO - [2022-10-04T03:24:02.958+0000] {dag.py:2573} INFO - Sync 1 DAGs
[2022-10-04T03:24:02.975+0000] {logging_mixin.py:117} INFO - [2022-10-04T03:24:02.974+0000] {dag.py:3324} INFO - Setting next_dagrun for example_short_circuit_operator to 2022-10-03T03:24:02.974645+00:00, run_after=2022-10-04T03:24:02.974645+00:00
[2022-10-04T03:24:02.996+0000] {processor.py:178} INFO - Processing /usr/local/lib/python3.10/dist-packages/airflow/example_dags/example_short_circuit_operator.py took 0.080 seconds
[2022-10-04T03:24:40.435+0000] {processor.py:156} INFO - Started process (PID=9056) to work on /usr/local/lib/python3.10/dist-packages/airflow/example_dags/example_short_circuit_operator.py
[2022-10-04T03:24:40.438+0000] {processor.py:758} INFO - Processing file /usr/local/lib/python3.10/dist-packages/airflow/example_dags/example_short_circuit_operator.py for tasks to queue
[2022-10-04T03:24:40.438+0000] {logging_mixin.py:117} INFO - [2022-10-04T03:24:40.438+0000] {dagbag.py:525} INFO - Filling up the DagBag from /usr/local/lib/python3.10/dist-packages/airflow/example_dags/example_short_circuit_operator.py
[2022-10-04T03:24:40.459+0000] {processor.py:768} INFO - DAG(s) dict_keys(['example_short_circuit_operator']) retrieved from /usr/local/lib/python3.10/dist-packages/airflow/example_dags/example_short_circuit_operator.py
[2022-10-04T03:24:40.482+0000] {logging_mixin.py:117} INFO - [2022-10-04T03:24:40.482+0000] {dag.py:2573} INFO - Sync 1 DAGs
[2022-10-04T03:24:40.510+0000] {logging_mixin.py:117} INFO - [2022-10-04T03:24:40.510+0000] {dag.py:3324} INFO - Setting next_dagrun for example_short_circuit_operator to 2022-10-03T03:24:40.510382+00:00, run_after=2022-10-04T03:24:40.510382+00:00
[2022-10-04T03:24:40.539+0000] {processor.py:178} INFO - Processing /usr/local/lib/python3.10/dist-packages/airflow/example_dags/example_short_circuit_operator.py took 0.107 seconds
[2022-10-04T03:25:21.244+0000] {processor.py:156} INFO - Started process (PID=9097) to work on /usr/local/lib/python3.10/dist-packages/airflow/example_dags/example_short_circuit_operator.py
[2022-10-04T03:25:21.245+0000] {processor.py:758} INFO - Processing file /usr/local/lib/python3.10/dist-packages/airflow/example_dags/example_short_circuit_operator.py for tasks to queue
[2022-10-04T03:25:21.246+0000] {logging_mixin.py:117} INFO - [2022-10-04T03:25:21.245+0000] {dagbag.py:525} INFO - Filling up the DagBag from /usr/local/lib/python3.10/dist-packages/airflow/example_dags/example_short_circuit_operator.py
[2022-10-04T03:25:21.262+0000] {processor.py:768} INFO - DAG(s) dict_keys(['example_short_circuit_operator']) retrieved from /usr/local/lib/python3.10/dist-packages/airflow/example_dags/example_short_circuit_operator.py
[2022-10-04T03:25:21.284+0000] {logging_mixin.py:117} INFO - [2022-10-04T03:25:21.283+0000] {dag.py:2573} INFO - Sync 1 DAGs
[2022-10-04T03:25:21.301+0000] {logging_mixin.py:117} INFO - [2022-10-04T03:25:21.301+0000] {dag.py:3324} INFO - Setting next_dagrun for example_short_circuit_operator to 2022-10-03T03:25:21.301267+00:00, run_after=2022-10-04T03:25:21.301267+00:00
[2022-10-04T03:25:21.324+0000] {processor.py:178} INFO - Processing /usr/local/lib/python3.10/dist-packages/airflow/example_dags/example_short_circuit_operator.py took 0.083 seconds
[2022-10-04T03:26:37.992+0000] {processor.py:156} INFO - Started process (PID=9184) to work on /usr/local/lib/python3.10/dist-packages/airflow/example_dags/example_short_circuit_operator.py
[2022-10-04T03:26:37.993+0000] {processor.py:758} INFO - Processing file /usr/local/lib/python3.10/dist-packages/airflow/example_dags/example_short_circuit_operator.py for tasks to queue
[2022-10-04T03:26:37.994+0000] {logging_mixin.py:117} INFO - [2022-10-04T03:26:37.993+0000] {dagbag.py:525} INFO - Filling up the DagBag from /usr/local/lib/python3.10/dist-packages/airflow/example_dags/example_short_circuit_operator.py
[2022-10-04T03:26:38.009+0000] {processor.py:768} INFO - DAG(s) dict_keys(['example_short_circuit_operator']) retrieved from /usr/local/lib/python3.10/dist-packages/airflow/example_dags/example_short_circuit_operator.py
[2022-10-04T03:26:38.033+0000] {logging_mixin.py:117} INFO - [2022-10-04T03:26:38.033+0000] {dag.py:2573} INFO - Sync 1 DAGs
[2022-10-04T03:26:38.051+0000] {logging_mixin.py:117} INFO - [2022-10-04T03:26:38.051+0000] {dag.py:3324} INFO - Setting next_dagrun for example_short_circuit_operator to 2022-10-03T03:26:38.050872+00:00, run_after=2022-10-04T03:26:38.050872+00:00
[2022-10-04T03:26:38.072+0000] {processor.py:178} INFO - Processing /usr/local/lib/python3.10/dist-packages/airflow/example_dags/example_short_circuit_operator.py took 0.083 seconds
[2022-10-04T03:30:44.914+0000] {processor.py:156} INFO - Started process (PID=9281) to work on /usr/local/lib/python3.10/dist-packages/airflow/example_dags/example_short_circuit_operator.py
[2022-10-04T03:30:44.915+0000] {processor.py:758} INFO - Processing file /usr/local/lib/python3.10/dist-packages/airflow/example_dags/example_short_circuit_operator.py for tasks to queue
[2022-10-04T03:30:44.916+0000] {logging_mixin.py:117} INFO - [2022-10-04T03:30:44.916+0000] {dagbag.py:525} INFO - Filling up the DagBag from /usr/local/lib/python3.10/dist-packages/airflow/example_dags/example_short_circuit_operator.py
[2022-10-04T03:30:44.933+0000] {processor.py:768} INFO - DAG(s) dict_keys(['example_short_circuit_operator']) retrieved from /usr/local/lib/python3.10/dist-packages/airflow/example_dags/example_short_circuit_operator.py
[2022-10-04T03:30:44.967+0000] {logging_mixin.py:117} INFO - [2022-10-04T03:30:44.967+0000] {dag.py:2573} INFO - Sync 1 DAGs
[2022-10-04T03:30:44.987+0000] {logging_mixin.py:117} INFO - [2022-10-04T03:30:44.987+0000] {dag.py:3324} INFO - Setting next_dagrun for example_short_circuit_operator to 2022-10-03T03:30:44.987503+00:00, run_after=2022-10-04T03:30:44.987503+00:00
[2022-10-04T03:30:45.010+0000] {processor.py:178} INFO - Processing /usr/local/lib/python3.10/dist-packages/airflow/example_dags/example_short_circuit_operator.py took 0.099 seconds
[2022-10-04T03:31:23.213+0000] {processor.py:156} INFO - Started process (PID=9318) to work on /usr/local/lib/python3.10/dist-packages/airflow/example_dags/example_short_circuit_operator.py
[2022-10-04T03:31:23.214+0000] {processor.py:758} INFO - Processing file /usr/local/lib/python3.10/dist-packages/airflow/example_dags/example_short_circuit_operator.py for tasks to queue
[2022-10-04T03:31:23.215+0000] {logging_mixin.py:117} INFO - [2022-10-04T03:31:23.215+0000] {dagbag.py:525} INFO - Filling up the DagBag from /usr/local/lib/python3.10/dist-packages/airflow/example_dags/example_short_circuit_operator.py
[2022-10-04T03:31:23.231+0000] {processor.py:768} INFO - DAG(s) dict_keys(['example_short_circuit_operator']) retrieved from /usr/local/lib/python3.10/dist-packages/airflow/example_dags/example_short_circuit_operator.py
[2022-10-04T03:31:23.258+0000] {logging_mixin.py:117} INFO - [2022-10-04T03:31:23.258+0000] {dag.py:2573} INFO - Sync 1 DAGs
[2022-10-04T03:31:23.282+0000] {logging_mixin.py:117} INFO - [2022-10-04T03:31:23.282+0000] {dag.py:3324} INFO - Setting next_dagrun for example_short_circuit_operator to 2022-10-03T03:31:23.277951+00:00, run_after=2022-10-04T03:31:23.277951+00:00
[2022-10-04T03:31:23.309+0000] {processor.py:178} INFO - Processing /usr/local/lib/python3.10/dist-packages/airflow/example_dags/example_short_circuit_operator.py took 0.099 seconds
[2022-10-04T03:32:07.357+0000] {processor.py:156} INFO - Started process (PID=9379) to work on /usr/local/lib/python3.10/dist-packages/airflow/example_dags/example_short_circuit_operator.py
[2022-10-04T03:32:07.358+0000] {processor.py:758} INFO - Processing file /usr/local/lib/python3.10/dist-packages/airflow/example_dags/example_short_circuit_operator.py for tasks to queue
[2022-10-04T03:32:07.358+0000] {logging_mixin.py:117} INFO - [2022-10-04T03:32:07.358+0000] {dagbag.py:525} INFO - Filling up the DagBag from /usr/local/lib/python3.10/dist-packages/airflow/example_dags/example_short_circuit_operator.py
[2022-10-04T03:32:07.374+0000] {processor.py:768} INFO - DAG(s) dict_keys(['example_short_circuit_operator']) retrieved from /usr/local/lib/python3.10/dist-packages/airflow/example_dags/example_short_circuit_operator.py
[2022-10-04T03:32:07.400+0000] {logging_mixin.py:117} INFO - [2022-10-04T03:32:07.400+0000] {dag.py:2573} INFO - Sync 1 DAGs
[2022-10-04T03:32:07.419+0000] {logging_mixin.py:117} INFO - [2022-10-04T03:32:07.419+0000] {dag.py:3324} INFO - Setting next_dagrun for example_short_circuit_operator to 2022-10-03T03:32:07.419047+00:00, run_after=2022-10-04T03:32:07.419047+00:00
[2022-10-04T03:32:07.442+0000] {processor.py:178} INFO - Processing /usr/local/lib/python3.10/dist-packages/airflow/example_dags/example_short_circuit_operator.py took 0.088 seconds
[2022-10-04T03:32:43.307+0000] {processor.py:156} INFO - Started process (PID=9418) to work on /usr/local/lib/python3.10/dist-packages/airflow/example_dags/example_short_circuit_operator.py
[2022-10-04T03:32:43.308+0000] {processor.py:758} INFO - Processing file /usr/local/lib/python3.10/dist-packages/airflow/example_dags/example_short_circuit_operator.py for tasks to queue
[2022-10-04T03:32:43.308+0000] {logging_mixin.py:117} INFO - [2022-10-04T03:32:43.308+0000] {dagbag.py:525} INFO - Filling up the DagBag from /usr/local/lib/python3.10/dist-packages/airflow/example_dags/example_short_circuit_operator.py
[2022-10-04T03:32:43.324+0000] {processor.py:768} INFO - DAG(s) dict_keys(['example_short_circuit_operator']) retrieved from /usr/local/lib/python3.10/dist-packages/airflow/example_dags/example_short_circuit_operator.py
[2022-10-04T03:32:43.350+0000] {logging_mixin.py:117} INFO - [2022-10-04T03:32:43.350+0000] {dag.py:2573} INFO - Sync 1 DAGs
[2022-10-04T03:32:43.367+0000] {logging_mixin.py:117} INFO - [2022-10-04T03:32:43.367+0000] {dag.py:3324} INFO - Setting next_dagrun for example_short_circuit_operator to 2022-10-03T03:32:43.366931+00:00, run_after=2022-10-04T03:32:43.366931+00:00
[2022-10-04T03:32:43.393+0000] {processor.py:178} INFO - Processing /usr/local/lib/python3.10/dist-packages/airflow/example_dags/example_short_circuit_operator.py took 0.089 seconds
[2022-10-04T03:33:21.770+0000] {processor.py:156} INFO - Started process (PID=9456) to work on /usr/local/lib/python3.10/dist-packages/airflow/example_dags/example_short_circuit_operator.py
[2022-10-04T03:33:21.772+0000] {processor.py:758} INFO - Processing file /usr/local/lib/python3.10/dist-packages/airflow/example_dags/example_short_circuit_operator.py for tasks to queue
[2022-10-04T03:33:21.772+0000] {logging_mixin.py:117} INFO - [2022-10-04T03:33:21.772+0000] {dagbag.py:525} INFO - Filling up the DagBag from /usr/local/lib/python3.10/dist-packages/airflow/example_dags/example_short_circuit_operator.py
[2022-10-04T03:33:21.788+0000] {processor.py:768} INFO - DAG(s) dict_keys(['example_short_circuit_operator']) retrieved from /usr/local/lib/python3.10/dist-packages/airflow/example_dags/example_short_circuit_operator.py
[2022-10-04T03:33:21.812+0000] {logging_mixin.py:117} INFO - [2022-10-04T03:33:21.812+0000] {dag.py:2573} INFO - Sync 1 DAGs
[2022-10-04T03:33:21.830+0000] {logging_mixin.py:117} INFO - [2022-10-04T03:33:21.830+0000] {dag.py:3324} INFO - Setting next_dagrun for example_short_circuit_operator to 2022-10-03T03:33:21.830228+00:00, run_after=2022-10-04T03:33:21.830228+00:00
[2022-10-04T03:33:21.854+0000] {processor.py:178} INFO - Processing /usr/local/lib/python3.10/dist-packages/airflow/example_dags/example_short_circuit_operator.py took 0.087 seconds
[2022-10-04T03:34:03.397+0000] {processor.py:156} INFO - Started process (PID=9504) to work on /usr/local/lib/python3.10/dist-packages/airflow/example_dags/example_short_circuit_operator.py
[2022-10-04T03:34:03.398+0000] {processor.py:758} INFO - Processing file /usr/local/lib/python3.10/dist-packages/airflow/example_dags/example_short_circuit_operator.py for tasks to queue
[2022-10-04T03:34:03.399+0000] {logging_mixin.py:117} INFO - [2022-10-04T03:34:03.399+0000] {dagbag.py:525} INFO - Filling up the DagBag from /usr/local/lib/python3.10/dist-packages/airflow/example_dags/example_short_circuit_operator.py
[2022-10-04T03:34:03.415+0000] {processor.py:768} INFO - DAG(s) dict_keys(['example_short_circuit_operator']) retrieved from /usr/local/lib/python3.10/dist-packages/airflow/example_dags/example_short_circuit_operator.py
[2022-10-04T03:34:03.442+0000] {logging_mixin.py:117} INFO - [2022-10-04T03:34:03.441+0000] {dag.py:2573} INFO - Sync 1 DAGs
[2022-10-04T03:34:03.471+0000] {logging_mixin.py:117} INFO - [2022-10-04T03:34:03.470+0000] {dag.py:3324} INFO - Setting next_dagrun for example_short_circuit_operator to 2022-10-03T03:34:03.470665+00:00, run_after=2022-10-04T03:34:03.470665+00:00
[2022-10-04T03:34:03.497+0000] {processor.py:178} INFO - Processing /usr/local/lib/python3.10/dist-packages/airflow/example_dags/example_short_circuit_operator.py took 0.102 seconds
[2022-10-04T03:46:35.221+0000] {processor.py:156} INFO - Started process (PID=997) to work on /usr/local/lib/python3.10/dist-packages/airflow/example_dags/example_short_circuit_operator.py
[2022-10-04T03:46:35.223+0000] {processor.py:758} INFO - Processing file /usr/local/lib/python3.10/dist-packages/airflow/example_dags/example_short_circuit_operator.py for tasks to queue
[2022-10-04T03:46:35.224+0000] {logging_mixin.py:117} INFO - [2022-10-04T03:46:35.224+0000] {dagbag.py:525} INFO - Filling up the DagBag from /usr/local/lib/python3.10/dist-packages/airflow/example_dags/example_short_circuit_operator.py
[2022-10-04T03:46:35.241+0000] {processor.py:768} INFO - DAG(s) dict_keys(['example_short_circuit_operator']) retrieved from /usr/local/lib/python3.10/dist-packages/airflow/example_dags/example_short_circuit_operator.py
[2022-10-04T03:46:35.270+0000] {logging_mixin.py:117} INFO - [2022-10-04T03:46:35.269+0000] {dag.py:2573} INFO - Sync 1 DAGs
[2022-10-04T03:46:35.289+0000] {logging_mixin.py:117} INFO - [2022-10-04T03:46:35.289+0000] {dag.py:3324} INFO - Setting next_dagrun for example_short_circuit_operator to 2022-10-03T03:46:35.289379+00:00, run_after=2022-10-04T03:46:35.289379+00:00
[2022-10-04T03:46:35.313+0000] {processor.py:178} INFO - Processing /usr/local/lib/python3.10/dist-packages/airflow/example_dags/example_short_circuit_operator.py took 0.095 seconds
[2022-10-04T03:47:14.934+0000] {processor.py:156} INFO - Started process (PID=1035) to work on /usr/local/lib/python3.10/dist-packages/airflow/example_dags/example_short_circuit_operator.py
[2022-10-04T03:47:14.936+0000] {processor.py:758} INFO - Processing file /usr/local/lib/python3.10/dist-packages/airflow/example_dags/example_short_circuit_operator.py for tasks to queue
[2022-10-04T03:47:14.936+0000] {logging_mixin.py:117} INFO - [2022-10-04T03:47:14.936+0000] {dagbag.py:525} INFO - Filling up the DagBag from /usr/local/lib/python3.10/dist-packages/airflow/example_dags/example_short_circuit_operator.py
[2022-10-04T03:47:14.954+0000] {processor.py:768} INFO - DAG(s) dict_keys(['example_short_circuit_operator']) retrieved from /usr/local/lib/python3.10/dist-packages/airflow/example_dags/example_short_circuit_operator.py
[2022-10-04T03:47:14.983+0000] {logging_mixin.py:117} INFO - [2022-10-04T03:47:14.982+0000] {dag.py:2573} INFO - Sync 1 DAGs
[2022-10-04T03:47:15.000+0000] {logging_mixin.py:117} INFO - [2022-10-04T03:47:14.999+0000] {dag.py:3324} INFO - Setting next_dagrun for example_short_circuit_operator to 2022-10-03T03:47:14.999627+00:00, run_after=2022-10-04T03:47:14.999627+00:00
[2022-10-04T03:47:15.023+0000] {processor.py:178} INFO - Processing /usr/local/lib/python3.10/dist-packages/airflow/example_dags/example_short_circuit_operator.py took 0.091 seconds
[2022-10-04T03:47:55.657+0000] {processor.py:156} INFO - Started process (PID=1142) to work on /usr/local/lib/python3.10/dist-packages/airflow/example_dags/example_short_circuit_operator.py
[2022-10-04T03:47:55.658+0000] {processor.py:758} INFO - Processing file /usr/local/lib/python3.10/dist-packages/airflow/example_dags/example_short_circuit_operator.py for tasks to queue
[2022-10-04T03:47:55.658+0000] {logging_mixin.py:117} INFO - [2022-10-04T03:47:55.658+0000] {dagbag.py:525} INFO - Filling up the DagBag from /usr/local/lib/python3.10/dist-packages/airflow/example_dags/example_short_circuit_operator.py
[2022-10-04T03:47:55.684+0000] {processor.py:768} INFO - DAG(s) dict_keys(['example_short_circuit_operator']) retrieved from /usr/local/lib/python3.10/dist-packages/airflow/example_dags/example_short_circuit_operator.py
[2022-10-04T03:47:55.712+0000] {logging_mixin.py:117} INFO - [2022-10-04T03:47:55.712+0000] {dag.py:2573} INFO - Sync 1 DAGs
[2022-10-04T03:47:55.730+0000] {logging_mixin.py:117} INFO - [2022-10-04T03:47:55.730+0000] {dag.py:3324} INFO - Setting next_dagrun for example_short_circuit_operator to 2022-10-03T03:47:55.729815+00:00, run_after=2022-10-04T03:47:55.729815+00:00
[2022-10-04T03:47:55.755+0000] {processor.py:178} INFO - Processing /usr/local/lib/python3.10/dist-packages/airflow/example_dags/example_short_circuit_operator.py took 0.102 seconds
[2022-10-04T03:48:34.607+0000] {processor.py:156} INFO - Started process (PID=1183) to work on /usr/local/lib/python3.10/dist-packages/airflow/example_dags/example_short_circuit_operator.py
[2022-10-04T03:48:34.608+0000] {processor.py:758} INFO - Processing file /usr/local/lib/python3.10/dist-packages/airflow/example_dags/example_short_circuit_operator.py for tasks to queue
[2022-10-04T03:48:34.609+0000] {logging_mixin.py:117} INFO - [2022-10-04T03:48:34.609+0000] {dagbag.py:525} INFO - Filling up the DagBag from /usr/local/lib/python3.10/dist-packages/airflow/example_dags/example_short_circuit_operator.py
[2022-10-04T03:48:34.624+0000] {processor.py:768} INFO - DAG(s) dict_keys(['example_short_circuit_operator']) retrieved from /usr/local/lib/python3.10/dist-packages/airflow/example_dags/example_short_circuit_operator.py
[2022-10-04T03:48:34.649+0000] {logging_mixin.py:117} INFO - [2022-10-04T03:48:34.649+0000] {dag.py:2573} INFO - Sync 1 DAGs
[2022-10-04T03:48:34.666+0000] {logging_mixin.py:117} INFO - [2022-10-04T03:48:34.666+0000] {dag.py:3324} INFO - Setting next_dagrun for example_short_circuit_operator to 2022-10-03T03:48:34.666293+00:00, run_after=2022-10-04T03:48:34.666293+00:00
[2022-10-04T03:48:34.687+0000] {processor.py:178} INFO - Processing /usr/local/lib/python3.10/dist-packages/airflow/example_dags/example_short_circuit_operator.py took 0.084 seconds
[2022-10-04T03:49:58.424+0000] {processor.py:156} INFO - Started process (PID=1270) to work on /usr/local/lib/python3.10/dist-packages/airflow/example_dags/example_short_circuit_operator.py
[2022-10-04T03:49:58.425+0000] {processor.py:758} INFO - Processing file /usr/local/lib/python3.10/dist-packages/airflow/example_dags/example_short_circuit_operator.py for tasks to queue
[2022-10-04T03:49:58.426+0000] {logging_mixin.py:117} INFO - [2022-10-04T03:49:58.426+0000] {dagbag.py:525} INFO - Filling up the DagBag from /usr/local/lib/python3.10/dist-packages/airflow/example_dags/example_short_circuit_operator.py
[2022-10-04T03:49:58.444+0000] {processor.py:768} INFO - DAG(s) dict_keys(['example_short_circuit_operator']) retrieved from /usr/local/lib/python3.10/dist-packages/airflow/example_dags/example_short_circuit_operator.py
[2022-10-04T03:49:58.470+0000] {logging_mixin.py:117} INFO - [2022-10-04T03:49:58.469+0000] {dag.py:2573} INFO - Sync 1 DAGs
[2022-10-04T03:49:58.488+0000] {logging_mixin.py:117} INFO - [2022-10-04T03:49:58.488+0000] {dag.py:3324} INFO - Setting next_dagrun for example_short_circuit_operator to 2022-10-03T03:49:58.488305+00:00, run_after=2022-10-04T03:49:58.488305+00:00
[2022-10-04T03:49:58.513+0000] {processor.py:178} INFO - Processing /usr/local/lib/python3.10/dist-packages/airflow/example_dags/example_short_circuit_operator.py took 0.092 seconds
[2022-10-04T03:50:40.528+0000] {processor.py:156} INFO - Started process (PID=1310) to work on /usr/local/lib/python3.10/dist-packages/airflow/example_dags/example_short_circuit_operator.py
[2022-10-04T03:50:40.529+0000] {processor.py:758} INFO - Processing file /usr/local/lib/python3.10/dist-packages/airflow/example_dags/example_short_circuit_operator.py for tasks to queue
[2022-10-04T03:50:40.530+0000] {logging_mixin.py:117} INFO - [2022-10-04T03:50:40.530+0000] {dagbag.py:525} INFO - Filling up the DagBag from /usr/local/lib/python3.10/dist-packages/airflow/example_dags/example_short_circuit_operator.py
[2022-10-04T03:50:40.550+0000] {processor.py:768} INFO - DAG(s) dict_keys(['example_short_circuit_operator']) retrieved from /usr/local/lib/python3.10/dist-packages/airflow/example_dags/example_short_circuit_operator.py
[2022-10-04T03:50:40.579+0000] {logging_mixin.py:117} INFO - [2022-10-04T03:50:40.579+0000] {dag.py:2573} INFO - Sync 1 DAGs
[2022-10-04T03:50:40.598+0000] {logging_mixin.py:117} INFO - [2022-10-04T03:50:40.598+0000] {dag.py:3324} INFO - Setting next_dagrun for example_short_circuit_operator to 2022-10-03T03:50:40.598387+00:00, run_after=2022-10-04T03:50:40.598387+00:00
[2022-10-04T03:50:40.621+0000] {processor.py:178} INFO - Processing /usr/local/lib/python3.10/dist-packages/airflow/example_dags/example_short_circuit_operator.py took 0.097 seconds
[2022-10-04T03:51:19.942+0000] {processor.py:156} INFO - Started process (PID=1353) to work on /usr/local/lib/python3.10/dist-packages/airflow/example_dags/example_short_circuit_operator.py
[2022-10-04T03:51:19.943+0000] {processor.py:758} INFO - Processing file /usr/local/lib/python3.10/dist-packages/airflow/example_dags/example_short_circuit_operator.py for tasks to queue
[2022-10-04T03:51:19.944+0000] {logging_mixin.py:117} INFO - [2022-10-04T03:51:19.944+0000] {dagbag.py:525} INFO - Filling up the DagBag from /usr/local/lib/python3.10/dist-packages/airflow/example_dags/example_short_circuit_operator.py
[2022-10-04T03:51:19.962+0000] {processor.py:768} INFO - DAG(s) dict_keys(['example_short_circuit_operator']) retrieved from /usr/local/lib/python3.10/dist-packages/airflow/example_dags/example_short_circuit_operator.py
[2022-10-04T03:51:19.993+0000] {logging_mixin.py:117} INFO - [2022-10-04T03:51:19.993+0000] {dag.py:2573} INFO - Sync 1 DAGs
[2022-10-04T03:51:20.029+0000] {logging_mixin.py:117} INFO - [2022-10-04T03:51:20.029+0000] {dag.py:3324} INFO - Setting next_dagrun for example_short_circuit_operator to 2022-10-03T03:51:20.028896+00:00, run_after=2022-10-04T03:51:20.028896+00:00
[2022-10-04T03:51:20.056+0000] {processor.py:178} INFO - Processing /usr/local/lib/python3.10/dist-packages/airflow/example_dags/example_short_circuit_operator.py took 0.117 seconds
[2022-10-04T03:52:00.163+0000] {processor.py:156} INFO - Started process (PID=1392) to work on /usr/local/lib/python3.10/dist-packages/airflow/example_dags/example_short_circuit_operator.py
[2022-10-04T03:52:00.165+0000] {processor.py:758} INFO - Processing file /usr/local/lib/python3.10/dist-packages/airflow/example_dags/example_short_circuit_operator.py for tasks to queue
[2022-10-04T03:52:00.165+0000] {logging_mixin.py:117} INFO - [2022-10-04T03:52:00.165+0000] {dagbag.py:525} INFO - Filling up the DagBag from /usr/local/lib/python3.10/dist-packages/airflow/example_dags/example_short_circuit_operator.py
[2022-10-04T03:52:00.183+0000] {processor.py:768} INFO - DAG(s) dict_keys(['example_short_circuit_operator']) retrieved from /usr/local/lib/python3.10/dist-packages/airflow/example_dags/example_short_circuit_operator.py
[2022-10-04T03:52:00.215+0000] {logging_mixin.py:117} INFO - [2022-10-04T03:52:00.214+0000] {dag.py:2573} INFO - Sync 1 DAGs
[2022-10-04T03:52:00.234+0000] {logging_mixin.py:117} INFO - [2022-10-04T03:52:00.233+0000] {dag.py:3324} INFO - Setting next_dagrun for example_short_circuit_operator to 2022-10-03T03:52:00.233519+00:00, run_after=2022-10-04T03:52:00.233519+00:00
[2022-10-04T03:52:00.256+0000] {processor.py:178} INFO - Processing /usr/local/lib/python3.10/dist-packages/airflow/example_dags/example_short_circuit_operator.py took 0.096 seconds
[2022-10-04T03:52:40.365+0000] {processor.py:156} INFO - Started process (PID=1430) to work on /usr/local/lib/python3.10/dist-packages/airflow/example_dags/example_short_circuit_operator.py
[2022-10-04T03:52:40.367+0000] {processor.py:758} INFO - Processing file /usr/local/lib/python3.10/dist-packages/airflow/example_dags/example_short_circuit_operator.py for tasks to queue
[2022-10-04T03:52:40.367+0000] {logging_mixin.py:117} INFO - [2022-10-04T03:52:40.367+0000] {dagbag.py:525} INFO - Filling up the DagBag from /usr/local/lib/python3.10/dist-packages/airflow/example_dags/example_short_circuit_operator.py
[2022-10-04T03:52:40.385+0000] {processor.py:768} INFO - DAG(s) dict_keys(['example_short_circuit_operator']) retrieved from /usr/local/lib/python3.10/dist-packages/airflow/example_dags/example_short_circuit_operator.py
[2022-10-04T03:52:40.413+0000] {logging_mixin.py:117} INFO - [2022-10-04T03:52:40.413+0000] {dag.py:2573} INFO - Sync 1 DAGs
[2022-10-04T03:52:40.431+0000] {logging_mixin.py:117} INFO - [2022-10-04T03:52:40.431+0000] {dag.py:3324} INFO - Setting next_dagrun for example_short_circuit_operator to 2022-10-03T03:52:40.431224+00:00, run_after=2022-10-04T03:52:40.431224+00:00
[2022-10-04T03:52:40.455+0000] {processor.py:178} INFO - Processing /usr/local/lib/python3.10/dist-packages/airflow/example_dags/example_short_circuit_operator.py took 0.093 seconds
[2022-10-04T03:53:18.380+0000] {processor.py:156} INFO - Started process (PID=1468) to work on /usr/local/lib/python3.10/dist-packages/airflow/example_dags/example_short_circuit_operator.py
[2022-10-04T03:53:18.381+0000] {processor.py:758} INFO - Processing file /usr/local/lib/python3.10/dist-packages/airflow/example_dags/example_short_circuit_operator.py for tasks to queue
[2022-10-04T03:53:18.382+0000] {logging_mixin.py:117} INFO - [2022-10-04T03:53:18.382+0000] {dagbag.py:525} INFO - Filling up the DagBag from /usr/local/lib/python3.10/dist-packages/airflow/example_dags/example_short_circuit_operator.py
[2022-10-04T03:53:18.398+0000] {processor.py:768} INFO - DAG(s) dict_keys(['example_short_circuit_operator']) retrieved from /usr/local/lib/python3.10/dist-packages/airflow/example_dags/example_short_circuit_operator.py
[2022-10-04T03:53:18.426+0000] {logging_mixin.py:117} INFO - [2022-10-04T03:53:18.426+0000] {dag.py:2573} INFO - Sync 1 DAGs
[2022-10-04T03:53:18.447+0000] {logging_mixin.py:117} INFO - [2022-10-04T03:53:18.446+0000] {dag.py:3324} INFO - Setting next_dagrun for example_short_circuit_operator to 2022-10-03T03:53:18.446699+00:00, run_after=2022-10-04T03:53:18.446699+00:00
[2022-10-04T03:53:18.476+0000] {processor.py:178} INFO - Processing /usr/local/lib/python3.10/dist-packages/airflow/example_dags/example_short_circuit_operator.py took 0.098 seconds
[2022-10-04T03:54:02.714+0000] {processor.py:156} INFO - Started process (PID=1517) to work on /usr/local/lib/python3.10/dist-packages/airflow/example_dags/example_short_circuit_operator.py
[2022-10-04T03:54:02.719+0000] {processor.py:758} INFO - Processing file /usr/local/lib/python3.10/dist-packages/airflow/example_dags/example_short_circuit_operator.py for tasks to queue
[2022-10-04T03:54:02.719+0000] {logging_mixin.py:117} INFO - [2022-10-04T03:54:02.719+0000] {dagbag.py:525} INFO - Filling up the DagBag from /usr/local/lib/python3.10/dist-packages/airflow/example_dags/example_short_circuit_operator.py
[2022-10-04T03:54:02.743+0000] {processor.py:768} INFO - DAG(s) dict_keys(['example_short_circuit_operator']) retrieved from /usr/local/lib/python3.10/dist-packages/airflow/example_dags/example_short_circuit_operator.py
[2022-10-04T03:54:02.770+0000] {logging_mixin.py:117} INFO - [2022-10-04T03:54:02.770+0000] {dag.py:2573} INFO - Sync 1 DAGs
[2022-10-04T03:54:02.791+0000] {logging_mixin.py:117} INFO - [2022-10-04T03:54:02.791+0000] {dag.py:3324} INFO - Setting next_dagrun for example_short_circuit_operator to 2022-10-03T03:54:02.791029+00:00, run_after=2022-10-04T03:54:02.791029+00:00
[2022-10-04T03:54:02.815+0000] {processor.py:178} INFO - Processing /usr/local/lib/python3.10/dist-packages/airflow/example_dags/example_short_circuit_operator.py took 0.105 seconds
[2022-10-04T03:55:08.477+0000] {processor.py:156} INFO - Started process (PID=1605) to work on /usr/local/lib/python3.10/dist-packages/airflow/example_dags/example_short_circuit_operator.py
[2022-10-04T03:55:08.478+0000] {processor.py:758} INFO - Processing file /usr/local/lib/python3.10/dist-packages/airflow/example_dags/example_short_circuit_operator.py for tasks to queue
[2022-10-04T03:55:08.479+0000] {logging_mixin.py:117} INFO - [2022-10-04T03:55:08.479+0000] {dagbag.py:525} INFO - Filling up the DagBag from /usr/local/lib/python3.10/dist-packages/airflow/example_dags/example_short_circuit_operator.py
[2022-10-04T03:55:08.495+0000] {processor.py:768} INFO - DAG(s) dict_keys(['example_short_circuit_operator']) retrieved from /usr/local/lib/python3.10/dist-packages/airflow/example_dags/example_short_circuit_operator.py
[2022-10-04T03:55:08.522+0000] {logging_mixin.py:117} INFO - [2022-10-04T03:55:08.521+0000] {dag.py:2573} INFO - Sync 1 DAGs
[2022-10-04T03:55:08.542+0000] {logging_mixin.py:117} INFO - [2022-10-04T03:55:08.542+0000] {dag.py:3324} INFO - Setting next_dagrun for example_short_circuit_operator to 2022-10-03T03:55:08.542039+00:00, run_after=2022-10-04T03:55:08.542039+00:00
[2022-10-04T03:55:08.567+0000] {processor.py:178} INFO - Processing /usr/local/lib/python3.10/dist-packages/airflow/example_dags/example_short_circuit_operator.py took 0.093 seconds
[2022-10-04T04:35:56.640+0000] {processor.py:156} INFO - Started process (PID=1801) to work on /usr/local/lib/python3.10/dist-packages/airflow/example_dags/example_short_circuit_operator.py
[2022-10-04T04:35:56.641+0000] {processor.py:758} INFO - Processing file /usr/local/lib/python3.10/dist-packages/airflow/example_dags/example_short_circuit_operator.py for tasks to queue
[2022-10-04T04:35:56.642+0000] {logging_mixin.py:117} INFO - [2022-10-04T04:35:56.641+0000] {dagbag.py:525} INFO - Filling up the DagBag from /usr/local/lib/python3.10/dist-packages/airflow/example_dags/example_short_circuit_operator.py
[2022-10-04T04:35:56.659+0000] {processor.py:768} INFO - DAG(s) dict_keys(['example_short_circuit_operator']) retrieved from /usr/local/lib/python3.10/dist-packages/airflow/example_dags/example_short_circuit_operator.py
[2022-10-04T04:35:56.686+0000] {logging_mixin.py:117} INFO - [2022-10-04T04:35:56.686+0000] {dag.py:2573} INFO - Sync 1 DAGs
[2022-10-04T04:35:56.705+0000] {logging_mixin.py:117} INFO - [2022-10-04T04:35:56.705+0000] {dag.py:3324} INFO - Setting next_dagrun for example_short_circuit_operator to 2022-10-03T04:35:56.705073+00:00, run_after=2022-10-04T04:35:56.705073+00:00
[2022-10-04T04:35:56.726+0000] {processor.py:178} INFO - Processing /usr/local/lib/python3.10/dist-packages/airflow/example_dags/example_short_circuit_operator.py took 0.089 seconds
[2022-10-04T04:46:08.468+0000] {processor.py:156} INFO - Started process (PID=2016) to work on /usr/local/lib/python3.10/dist-packages/airflow/example_dags/example_short_circuit_operator.py
[2022-10-04T04:46:08.469+0000] {processor.py:758} INFO - Processing file /usr/local/lib/python3.10/dist-packages/airflow/example_dags/example_short_circuit_operator.py for tasks to queue
[2022-10-04T04:46:08.469+0000] {logging_mixin.py:117} INFO - [2022-10-04T04:46:08.469+0000] {dagbag.py:525} INFO - Filling up the DagBag from /usr/local/lib/python3.10/dist-packages/airflow/example_dags/example_short_circuit_operator.py
[2022-10-04T04:46:08.479+0000] {processor.py:768} INFO - DAG(s) dict_keys(['example_short_circuit_operator']) retrieved from /usr/local/lib/python3.10/dist-packages/airflow/example_dags/example_short_circuit_operator.py
[2022-10-04T04:46:08.511+0000] {logging_mixin.py:117} INFO - [2022-10-04T04:46:08.511+0000] {dag.py:2573} INFO - Sync 1 DAGs
[2022-10-04T04:46:08.527+0000] {logging_mixin.py:117} INFO - [2022-10-04T04:46:08.527+0000] {dag.py:3324} INFO - Setting next_dagrun for example_short_circuit_operator to 2022-10-03T04:46:08.527056+00:00, run_after=2022-10-04T04:46:08.527056+00:00
[2022-10-04T04:46:08.551+0000] {processor.py:178} INFO - Processing /usr/local/lib/python3.10/dist-packages/airflow/example_dags/example_short_circuit_operator.py took 0.087 seconds
[2022-10-04T04:46:45.562+0000] {processor.py:156} INFO - Started process (PID=2053) to work on /usr/local/lib/python3.10/dist-packages/airflow/example_dags/example_short_circuit_operator.py
[2022-10-04T04:46:45.563+0000] {processor.py:758} INFO - Processing file /usr/local/lib/python3.10/dist-packages/airflow/example_dags/example_short_circuit_operator.py for tasks to queue
[2022-10-04T04:46:45.564+0000] {logging_mixin.py:117} INFO - [2022-10-04T04:46:45.564+0000] {dagbag.py:525} INFO - Filling up the DagBag from /usr/local/lib/python3.10/dist-packages/airflow/example_dags/example_short_circuit_operator.py
[2022-10-04T04:46:45.576+0000] {processor.py:768} INFO - DAG(s) dict_keys(['example_short_circuit_operator']) retrieved from /usr/local/lib/python3.10/dist-packages/airflow/example_dags/example_short_circuit_operator.py
[2022-10-04T04:46:45.603+0000] {logging_mixin.py:117} INFO - [2022-10-04T04:46:45.603+0000] {dag.py:2573} INFO - Sync 1 DAGs
[2022-10-04T04:46:45.621+0000] {logging_mixin.py:117} INFO - [2022-10-04T04:46:45.620+0000] {dag.py:3324} INFO - Setting next_dagrun for example_short_circuit_operator to 2022-10-03T04:46:45.620697+00:00, run_after=2022-10-04T04:46:45.620697+00:00
[2022-10-04T04:46:45.648+0000] {processor.py:178} INFO - Processing /usr/local/lib/python3.10/dist-packages/airflow/example_dags/example_short_circuit_operator.py took 0.089 seconds
[2022-10-04T04:47:25.497+0000] {processor.py:156} INFO - Started process (PID=2091) to work on /usr/local/lib/python3.10/dist-packages/airflow/example_dags/example_short_circuit_operator.py
[2022-10-04T04:47:25.499+0000] {processor.py:758} INFO - Processing file /usr/local/lib/python3.10/dist-packages/airflow/example_dags/example_short_circuit_operator.py for tasks to queue
[2022-10-04T04:47:25.499+0000] {logging_mixin.py:117} INFO - [2022-10-04T04:47:25.499+0000] {dagbag.py:525} INFO - Filling up the DagBag from /usr/local/lib/python3.10/dist-packages/airflow/example_dags/example_short_circuit_operator.py
[2022-10-04T04:47:25.507+0000] {processor.py:768} INFO - DAG(s) dict_keys(['example_short_circuit_operator']) retrieved from /usr/local/lib/python3.10/dist-packages/airflow/example_dags/example_short_circuit_operator.py
[2022-10-04T04:47:25.533+0000] {logging_mixin.py:117} INFO - [2022-10-04T04:47:25.532+0000] {dag.py:2573} INFO - Sync 1 DAGs
[2022-10-04T04:47:25.549+0000] {logging_mixin.py:117} INFO - [2022-10-04T04:47:25.549+0000] {dag.py:3324} INFO - Setting next_dagrun for example_short_circuit_operator to 2022-10-03T04:47:25.548977+00:00, run_after=2022-10-04T04:47:25.548977+00:00
[2022-10-04T04:47:25.572+0000] {processor.py:178} INFO - Processing /usr/local/lib/python3.10/dist-packages/airflow/example_dags/example_short_circuit_operator.py took 0.078 seconds
[2022-10-04T04:48:03.338+0000] {processor.py:156} INFO - Started process (PID=2129) to work on /usr/local/lib/python3.10/dist-packages/airflow/example_dags/example_short_circuit_operator.py
[2022-10-04T04:48:03.340+0000] {processor.py:758} INFO - Processing file /usr/local/lib/python3.10/dist-packages/airflow/example_dags/example_short_circuit_operator.py for tasks to queue
[2022-10-04T04:48:03.340+0000] {logging_mixin.py:117} INFO - [2022-10-04T04:48:03.340+0000] {dagbag.py:525} INFO - Filling up the DagBag from /usr/local/lib/python3.10/dist-packages/airflow/example_dags/example_short_circuit_operator.py
[2022-10-04T04:48:03.349+0000] {processor.py:768} INFO - DAG(s) dict_keys(['example_short_circuit_operator']) retrieved from /usr/local/lib/python3.10/dist-packages/airflow/example_dags/example_short_circuit_operator.py
[2022-10-04T04:48:03.372+0000] {logging_mixin.py:117} INFO - [2022-10-04T04:48:03.372+0000] {dag.py:2573} INFO - Sync 1 DAGs
[2022-10-04T04:48:03.388+0000] {logging_mixin.py:117} INFO - [2022-10-04T04:48:03.388+0000] {dag.py:3324} INFO - Setting next_dagrun for example_short_circuit_operator to 2022-10-03T04:48:03.388011+00:00, run_after=2022-10-04T04:48:03.388011+00:00
[2022-10-04T04:48:03.410+0000] {processor.py:178} INFO - Processing /usr/local/lib/python3.10/dist-packages/airflow/example_dags/example_short_circuit_operator.py took 0.074 seconds
[2022-10-04T04:48:39.102+0000] {processor.py:156} INFO - Started process (PID=2166) to work on /usr/local/lib/python3.10/dist-packages/airflow/example_dags/example_short_circuit_operator.py
[2022-10-04T04:48:39.103+0000] {processor.py:758} INFO - Processing file /usr/local/lib/python3.10/dist-packages/airflow/example_dags/example_short_circuit_operator.py for tasks to queue
[2022-10-04T04:48:39.104+0000] {logging_mixin.py:117} INFO - [2022-10-04T04:48:39.104+0000] {dagbag.py:525} INFO - Filling up the DagBag from /usr/local/lib/python3.10/dist-packages/airflow/example_dags/example_short_circuit_operator.py
[2022-10-04T04:48:39.113+0000] {processor.py:768} INFO - DAG(s) dict_keys(['example_short_circuit_operator']) retrieved from /usr/local/lib/python3.10/dist-packages/airflow/example_dags/example_short_circuit_operator.py
[2022-10-04T04:48:39.138+0000] {logging_mixin.py:117} INFO - [2022-10-04T04:48:39.138+0000] {dag.py:2573} INFO - Sync 1 DAGs
[2022-10-04T04:48:39.153+0000] {logging_mixin.py:117} INFO - [2022-10-04T04:48:39.153+0000] {dag.py:3324} INFO - Setting next_dagrun for example_short_circuit_operator to 2022-10-03T04:48:39.153165+00:00, run_after=2022-10-04T04:48:39.153165+00:00
[2022-10-04T04:48:39.178+0000] {processor.py:178} INFO - Processing /usr/local/lib/python3.10/dist-packages/airflow/example_dags/example_short_circuit_operator.py took 0.079 seconds
[2022-10-04T04:49:16.916+0000] {processor.py:156} INFO - Started process (PID=2204) to work on /usr/local/lib/python3.10/dist-packages/airflow/example_dags/example_short_circuit_operator.py
[2022-10-04T04:49:16.917+0000] {processor.py:758} INFO - Processing file /usr/local/lib/python3.10/dist-packages/airflow/example_dags/example_short_circuit_operator.py for tasks to queue
[2022-10-04T04:49:16.918+0000] {logging_mixin.py:117} INFO - [2022-10-04T04:49:16.918+0000] {dagbag.py:525} INFO - Filling up the DagBag from /usr/local/lib/python3.10/dist-packages/airflow/example_dags/example_short_circuit_operator.py
[2022-10-04T04:49:16.939+0000] {processor.py:768} INFO - DAG(s) dict_keys(['example_short_circuit_operator']) retrieved from /usr/local/lib/python3.10/dist-packages/airflow/example_dags/example_short_circuit_operator.py
[2022-10-04T04:49:16.986+0000] {logging_mixin.py:117} INFO - [2022-10-04T04:49:16.986+0000] {dag.py:2573} INFO - Sync 1 DAGs
[2022-10-04T04:49:17.031+0000] {logging_mixin.py:117} INFO - [2022-10-04T04:49:17.031+0000] {dag.py:3324} INFO - Setting next_dagrun for example_short_circuit_operator to 2022-10-03T04:49:17.030896+00:00, run_after=2022-10-04T04:49:17.030896+00:00
[2022-10-04T04:49:17.070+0000] {processor.py:178} INFO - Processing /usr/local/lib/python3.10/dist-packages/airflow/example_dags/example_short_circuit_operator.py took 0.158 seconds
[2022-10-04T04:49:59.627+0000] {processor.py:156} INFO - Started process (PID=2245) to work on /usr/local/lib/python3.10/dist-packages/airflow/example_dags/example_short_circuit_operator.py
[2022-10-04T04:49:59.628+0000] {processor.py:758} INFO - Processing file /usr/local/lib/python3.10/dist-packages/airflow/example_dags/example_short_circuit_operator.py for tasks to queue
[2022-10-04T04:49:59.629+0000] {logging_mixin.py:117} INFO - [2022-10-04T04:49:59.629+0000] {dagbag.py:525} INFO - Filling up the DagBag from /usr/local/lib/python3.10/dist-packages/airflow/example_dags/example_short_circuit_operator.py
[2022-10-04T04:49:59.639+0000] {processor.py:768} INFO - DAG(s) dict_keys(['example_short_circuit_operator']) retrieved from /usr/local/lib/python3.10/dist-packages/airflow/example_dags/example_short_circuit_operator.py
[2022-10-04T04:49:59.664+0000] {logging_mixin.py:117} INFO - [2022-10-04T04:49:59.664+0000] {dag.py:2573} INFO - Sync 1 DAGs
[2022-10-04T04:49:59.684+0000] {logging_mixin.py:117} INFO - [2022-10-04T04:49:59.684+0000] {dag.py:3324} INFO - Setting next_dagrun for example_short_circuit_operator to 2022-10-03T04:49:59.683740+00:00, run_after=2022-10-04T04:49:59.683740+00:00
[2022-10-04T04:49:59.706+0000] {processor.py:178} INFO - Processing /usr/local/lib/python3.10/dist-packages/airflow/example_dags/example_short_circuit_operator.py took 0.082 seconds
[2022-10-04T04:50:35.925+0000] {processor.py:156} INFO - Started process (PID=2283) to work on /usr/local/lib/python3.10/dist-packages/airflow/example_dags/example_short_circuit_operator.py
[2022-10-04T04:50:35.927+0000] {processor.py:758} INFO - Processing file /usr/local/lib/python3.10/dist-packages/airflow/example_dags/example_short_circuit_operator.py for tasks to queue
[2022-10-04T04:50:35.927+0000] {logging_mixin.py:117} INFO - [2022-10-04T04:50:35.927+0000] {dagbag.py:525} INFO - Filling up the DagBag from /usr/local/lib/python3.10/dist-packages/airflow/example_dags/example_short_circuit_operator.py
[2022-10-04T04:50:35.936+0000] {processor.py:768} INFO - DAG(s) dict_keys(['example_short_circuit_operator']) retrieved from /usr/local/lib/python3.10/dist-packages/airflow/example_dags/example_short_circuit_operator.py
[2022-10-04T04:50:35.960+0000] {logging_mixin.py:117} INFO - [2022-10-04T04:50:35.959+0000] {dag.py:2573} INFO - Sync 1 DAGs
[2022-10-04T04:50:35.975+0000] {logging_mixin.py:117} INFO - [2022-10-04T04:50:35.974+0000] {dag.py:3324} INFO - Setting next_dagrun for example_short_circuit_operator to 2022-10-03T04:50:35.974742+00:00, run_after=2022-10-04T04:50:35.974742+00:00
[2022-10-04T04:50:35.996+0000] {processor.py:178} INFO - Processing /usr/local/lib/python3.10/dist-packages/airflow/example_dags/example_short_circuit_operator.py took 0.074 seconds
[2022-10-04T04:51:18.534+0000] {processor.py:156} INFO - Started process (PID=2326) to work on /usr/local/lib/python3.10/dist-packages/airflow/example_dags/example_short_circuit_operator.py
[2022-10-04T04:51:18.535+0000] {processor.py:758} INFO - Processing file /usr/local/lib/python3.10/dist-packages/airflow/example_dags/example_short_circuit_operator.py for tasks to queue
[2022-10-04T04:51:18.535+0000] {logging_mixin.py:117} INFO - [2022-10-04T04:51:18.535+0000] {dagbag.py:525} INFO - Filling up the DagBag from /usr/local/lib/python3.10/dist-packages/airflow/example_dags/example_short_circuit_operator.py
[2022-10-04T04:51:18.545+0000] {processor.py:768} INFO - DAG(s) dict_keys(['example_short_circuit_operator']) retrieved from /usr/local/lib/python3.10/dist-packages/airflow/example_dags/example_short_circuit_operator.py
[2022-10-04T04:51:18.587+0000] {logging_mixin.py:117} INFO - [2022-10-04T04:51:18.587+0000] {dag.py:2573} INFO - Sync 1 DAGs
[2022-10-04T04:51:18.604+0000] {logging_mixin.py:117} INFO - [2022-10-04T04:51:18.604+0000] {dag.py:3324} INFO - Setting next_dagrun for example_short_circuit_operator to 2022-10-03T04:51:18.604079+00:00, run_after=2022-10-04T04:51:18.604079+00:00
[2022-10-04T04:51:18.629+0000] {processor.py:178} INFO - Processing /usr/local/lib/python3.10/dist-packages/airflow/example_dags/example_short_circuit_operator.py took 0.099 seconds
[2022-10-04T04:52:01.556+0000] {processor.py:156} INFO - Started process (PID=2367) to work on /usr/local/lib/python3.10/dist-packages/airflow/example_dags/example_short_circuit_operator.py
[2022-10-04T04:52:01.560+0000] {processor.py:758} INFO - Processing file /usr/local/lib/python3.10/dist-packages/airflow/example_dags/example_short_circuit_operator.py for tasks to queue
[2022-10-04T04:52:01.561+0000] {logging_mixin.py:117} INFO - [2022-10-04T04:52:01.561+0000] {dagbag.py:525} INFO - Filling up the DagBag from /usr/local/lib/python3.10/dist-packages/airflow/example_dags/example_short_circuit_operator.py
[2022-10-04T04:52:01.584+0000] {processor.py:768} INFO - DAG(s) dict_keys(['example_short_circuit_operator']) retrieved from /usr/local/lib/python3.10/dist-packages/airflow/example_dags/example_short_circuit_operator.py
[2022-10-04T04:52:01.645+0000] {logging_mixin.py:117} INFO - [2022-10-04T04:52:01.645+0000] {dag.py:2573} INFO - Sync 1 DAGs
[2022-10-04T04:52:01.673+0000] {logging_mixin.py:117} INFO - [2022-10-04T04:52:01.672+0000] {dag.py:3324} INFO - Setting next_dagrun for example_short_circuit_operator to 2022-10-03T04:52:01.672649+00:00, run_after=2022-10-04T04:52:01.672649+00:00
[2022-10-04T04:52:01.700+0000] {processor.py:178} INFO - Processing /usr/local/lib/python3.10/dist-packages/airflow/example_dags/example_short_circuit_operator.py took 0.152 seconds
[2022-10-04T04:52:44.590+0000] {processor.py:156} INFO - Started process (PID=2410) to work on /usr/local/lib/python3.10/dist-packages/airflow/example_dags/example_short_circuit_operator.py
[2022-10-04T04:52:44.596+0000] {processor.py:758} INFO - Processing file /usr/local/lib/python3.10/dist-packages/airflow/example_dags/example_short_circuit_operator.py for tasks to queue
[2022-10-04T04:52:44.599+0000] {logging_mixin.py:117} INFO - [2022-10-04T04:52:44.597+0000] {dagbag.py:525} INFO - Filling up the DagBag from /usr/local/lib/python3.10/dist-packages/airflow/example_dags/example_short_circuit_operator.py
[2022-10-04T04:52:44.609+0000] {processor.py:768} INFO - DAG(s) dict_keys(['example_short_circuit_operator']) retrieved from /usr/local/lib/python3.10/dist-packages/airflow/example_dags/example_short_circuit_operator.py
[2022-10-04T04:52:44.671+0000] {logging_mixin.py:117} INFO - [2022-10-04T04:52:44.671+0000] {dag.py:2573} INFO - Sync 1 DAGs
[2022-10-04T04:52:44.699+0000] {logging_mixin.py:117} INFO - [2022-10-04T04:52:44.699+0000] {dag.py:3324} INFO - Setting next_dagrun for example_short_circuit_operator to 2022-10-03T04:52:44.699490+00:00, run_after=2022-10-04T04:52:44.699490+00:00
[2022-10-04T04:52:44.730+0000] {processor.py:178} INFO - Processing /usr/local/lib/python3.10/dist-packages/airflow/example_dags/example_short_circuit_operator.py took 0.143 seconds
[2022-10-04T04:53:27.183+0000] {processor.py:156} INFO - Started process (PID=2451) to work on /usr/local/lib/python3.10/dist-packages/airflow/example_dags/example_short_circuit_operator.py
[2022-10-04T04:53:27.185+0000] {processor.py:758} INFO - Processing file /usr/local/lib/python3.10/dist-packages/airflow/example_dags/example_short_circuit_operator.py for tasks to queue
[2022-10-04T04:53:27.186+0000] {logging_mixin.py:117} INFO - [2022-10-04T04:53:27.186+0000] {dagbag.py:525} INFO - Filling up the DagBag from /usr/local/lib/python3.10/dist-packages/airflow/example_dags/example_short_circuit_operator.py
[2022-10-04T04:53:27.201+0000] {processor.py:768} INFO - DAG(s) dict_keys(['example_short_circuit_operator']) retrieved from /usr/local/lib/python3.10/dist-packages/airflow/example_dags/example_short_circuit_operator.py
[2022-10-04T04:53:27.224+0000] {logging_mixin.py:117} INFO - [2022-10-04T04:53:27.224+0000] {dag.py:2573} INFO - Sync 1 DAGs
[2022-10-04T04:53:27.252+0000] {logging_mixin.py:117} INFO - [2022-10-04T04:53:27.252+0000] {dag.py:3324} INFO - Setting next_dagrun for example_short_circuit_operator to 2022-10-03T04:53:27.252197+00:00, run_after=2022-10-04T04:53:27.252197+00:00
[2022-10-04T04:53:27.285+0000] {processor.py:178} INFO - Processing /usr/local/lib/python3.10/dist-packages/airflow/example_dags/example_short_circuit_operator.py took 0.106 seconds
[2022-10-04T04:54:05.111+0000] {processor.py:156} INFO - Started process (PID=2491) to work on /usr/local/lib/python3.10/dist-packages/airflow/example_dags/example_short_circuit_operator.py
[2022-10-04T04:54:05.113+0000] {processor.py:758} INFO - Processing file /usr/local/lib/python3.10/dist-packages/airflow/example_dags/example_short_circuit_operator.py for tasks to queue
[2022-10-04T04:54:05.114+0000] {logging_mixin.py:117} INFO - [2022-10-04T04:54:05.113+0000] {dagbag.py:525} INFO - Filling up the DagBag from /usr/local/lib/python3.10/dist-packages/airflow/example_dags/example_short_circuit_operator.py
[2022-10-04T04:54:05.136+0000] {processor.py:768} INFO - DAG(s) dict_keys(['example_short_circuit_operator']) retrieved from /usr/local/lib/python3.10/dist-packages/airflow/example_dags/example_short_circuit_operator.py
[2022-10-04T04:54:05.201+0000] {logging_mixin.py:117} INFO - [2022-10-04T04:54:05.201+0000] {dag.py:2573} INFO - Sync 1 DAGs
[2022-10-04T04:54:05.257+0000] {logging_mixin.py:117} INFO - [2022-10-04T04:54:05.257+0000] {dag.py:3324} INFO - Setting next_dagrun for example_short_circuit_operator to 2022-10-03T04:54:05.257496+00:00, run_after=2022-10-04T04:54:05.257496+00:00
[2022-10-04T04:54:05.300+0000] {processor.py:178} INFO - Processing /usr/local/lib/python3.10/dist-packages/airflow/example_dags/example_short_circuit_operator.py took 0.199 seconds
