[2022-10-04T03:09:17.779+0000] {processor.py:156} INFO - Started process (PID=7695) to work on /usr/local/lib/python3.10/dist-packages/airflow/example_dags/example_latest_only_with_trigger.py
[2022-10-04T03:09:17.780+0000] {processor.py:758} INFO - Processing file /usr/local/lib/python3.10/dist-packages/airflow/example_dags/example_latest_only_with_trigger.py for tasks to queue
[2022-10-04T03:09:17.781+0000] {logging_mixin.py:117} INFO - [2022-10-04T03:09:17.781+0000] {dagbag.py:525} INFO - Filling up the DagBag from /usr/local/lib/python3.10/dist-packages/airflow/example_dags/example_latest_only_with_trigger.py
[2022-10-04T03:09:17.799+0000] {processor.py:768} INFO - DAG(s) dict_keys(['latest_only_with_trigger']) retrieved from /usr/local/lib/python3.10/dist-packages/airflow/example_dags/example_latest_only_with_trigger.py
[2022-10-04T03:09:17.920+0000] {logging_mixin.py:117} INFO - [2022-10-04T03:09:17.920+0000] {manager.py:508} INFO - Created Permission View: can read on DAG:latest_only_with_trigger
[2022-10-04T03:09:17.933+0000] {logging_mixin.py:117} INFO - [2022-10-04T03:09:17.933+0000] {manager.py:508} INFO - Created Permission View: can delete on DAG:latest_only_with_trigger
[2022-10-04T03:09:17.943+0000] {logging_mixin.py:117} INFO - [2022-10-04T03:09:17.943+0000] {manager.py:508} INFO - Created Permission View: can edit on DAG:latest_only_with_trigger
[2022-10-04T03:09:17.943+0000] {logging_mixin.py:117} INFO - [2022-10-04T03:09:17.943+0000] {dag.py:2573} INFO - Sync 1 DAGs
[2022-10-04T03:09:17.952+0000] {logging_mixin.py:117} INFO - [2022-10-04T03:09:17.951+0000] {dag.py:2594} INFO - Creating ORM DAG for latest_only_with_trigger
[2022-10-04T03:09:17.959+0000] {logging_mixin.py:117} INFO - [2022-10-04T03:09:17.959+0000] {dag.py:3324} INFO - Setting next_dagrun for latest_only_with_trigger to 2022-10-03T23:09:17.959520+00:00, run_after=2022-10-04T03:09:17.959520+00:00
[2022-10-04T03:09:17.979+0000] {processor.py:178} INFO - Processing /usr/local/lib/python3.10/dist-packages/airflow/example_dags/example_latest_only_with_trigger.py took 0.203 seconds
[2022-10-04T03:09:57.376+0000] {processor.py:156} INFO - Started process (PID=7740) to work on /usr/local/lib/python3.10/dist-packages/airflow/example_dags/example_latest_only_with_trigger.py
[2022-10-04T03:09:57.377+0000] {processor.py:758} INFO - Processing file /usr/local/lib/python3.10/dist-packages/airflow/example_dags/example_latest_only_with_trigger.py for tasks to queue
[2022-10-04T03:09:57.378+0000] {logging_mixin.py:117} INFO - [2022-10-04T03:09:57.378+0000] {dagbag.py:525} INFO - Filling up the DagBag from /usr/local/lib/python3.10/dist-packages/airflow/example_dags/example_latest_only_with_trigger.py
[2022-10-04T03:09:57.393+0000] {processor.py:768} INFO - DAG(s) dict_keys(['latest_only_with_trigger']) retrieved from /usr/local/lib/python3.10/dist-packages/airflow/example_dags/example_latest_only_with_trigger.py
[2022-10-04T03:09:57.418+0000] {logging_mixin.py:117} INFO - [2022-10-04T03:09:57.417+0000] {dag.py:2573} INFO - Sync 1 DAGs
[2022-10-04T03:09:57.435+0000] {logging_mixin.py:117} INFO - [2022-10-04T03:09:57.434+0000] {dag.py:3324} INFO - Setting next_dagrun for latest_only_with_trigger to 2022-10-03T23:09:57.434635+00:00, run_after=2022-10-04T03:09:57.434635+00:00
[2022-10-04T03:09:57.456+0000] {processor.py:178} INFO - Processing /usr/local/lib/python3.10/dist-packages/airflow/example_dags/example_latest_only_with_trigger.py took 0.082 seconds
[2022-10-04T03:10:37.325+0000] {processor.py:156} INFO - Started process (PID=7781) to work on /usr/local/lib/python3.10/dist-packages/airflow/example_dags/example_latest_only_with_trigger.py
[2022-10-04T03:10:37.327+0000] {processor.py:758} INFO - Processing file /usr/local/lib/python3.10/dist-packages/airflow/example_dags/example_latest_only_with_trigger.py for tasks to queue
[2022-10-04T03:10:37.328+0000] {logging_mixin.py:117} INFO - [2022-10-04T03:10:37.328+0000] {dagbag.py:525} INFO - Filling up the DagBag from /usr/local/lib/python3.10/dist-packages/airflow/example_dags/example_latest_only_with_trigger.py
[2022-10-04T03:10:37.346+0000] {processor.py:768} INFO - DAG(s) dict_keys(['latest_only_with_trigger']) retrieved from /usr/local/lib/python3.10/dist-packages/airflow/example_dags/example_latest_only_with_trigger.py
[2022-10-04T03:10:37.371+0000] {logging_mixin.py:117} INFO - [2022-10-04T03:10:37.370+0000] {dag.py:2573} INFO - Sync 1 DAGs
[2022-10-04T03:10:37.391+0000] {logging_mixin.py:117} INFO - [2022-10-04T03:10:37.391+0000] {dag.py:3324} INFO - Setting next_dagrun for latest_only_with_trigger to 2022-10-03T23:10:37.391070+00:00, run_after=2022-10-04T03:10:37.391070+00:00
[2022-10-04T03:10:37.417+0000] {processor.py:178} INFO - Processing /usr/local/lib/python3.10/dist-packages/airflow/example_dags/example_latest_only_with_trigger.py took 0.095 seconds
[2022-10-04T03:11:18.021+0000] {processor.py:156} INFO - Started process (PID=7824) to work on /usr/local/lib/python3.10/dist-packages/airflow/example_dags/example_latest_only_with_trigger.py
[2022-10-04T03:11:18.022+0000] {processor.py:758} INFO - Processing file /usr/local/lib/python3.10/dist-packages/airflow/example_dags/example_latest_only_with_trigger.py for tasks to queue
[2022-10-04T03:11:18.023+0000] {logging_mixin.py:117} INFO - [2022-10-04T03:11:18.023+0000] {dagbag.py:525} INFO - Filling up the DagBag from /usr/local/lib/python3.10/dist-packages/airflow/example_dags/example_latest_only_with_trigger.py
[2022-10-04T03:11:18.039+0000] {processor.py:768} INFO - DAG(s) dict_keys(['latest_only_with_trigger']) retrieved from /usr/local/lib/python3.10/dist-packages/airflow/example_dags/example_latest_only_with_trigger.py
[2022-10-04T03:11:18.063+0000] {logging_mixin.py:117} INFO - [2022-10-04T03:11:18.063+0000] {dag.py:2573} INFO - Sync 1 DAGs
[2022-10-04T03:11:18.081+0000] {logging_mixin.py:117} INFO - [2022-10-04T03:11:18.081+0000] {dag.py:3324} INFO - Setting next_dagrun for latest_only_with_trigger to 2022-10-03T23:11:18.080868+00:00, run_after=2022-10-04T03:11:18.080868+00:00
[2022-10-04T03:11:18.103+0000] {processor.py:178} INFO - Processing /usr/local/lib/python3.10/dist-packages/airflow/example_dags/example_latest_only_with_trigger.py took 0.085 seconds
[2022-10-04T03:11:57.543+0000] {processor.py:156} INFO - Started process (PID=7861) to work on /usr/local/lib/python3.10/dist-packages/airflow/example_dags/example_latest_only_with_trigger.py
[2022-10-04T03:11:57.545+0000] {processor.py:758} INFO - Processing file /usr/local/lib/python3.10/dist-packages/airflow/example_dags/example_latest_only_with_trigger.py for tasks to queue
[2022-10-04T03:11:57.545+0000] {logging_mixin.py:117} INFO - [2022-10-04T03:11:57.545+0000] {dagbag.py:525} INFO - Filling up the DagBag from /usr/local/lib/python3.10/dist-packages/airflow/example_dags/example_latest_only_with_trigger.py
[2022-10-04T03:11:57.560+0000] {processor.py:768} INFO - DAG(s) dict_keys(['latest_only_with_trigger']) retrieved from /usr/local/lib/python3.10/dist-packages/airflow/example_dags/example_latest_only_with_trigger.py
[2022-10-04T03:11:57.584+0000] {logging_mixin.py:117} INFO - [2022-10-04T03:11:57.583+0000] {dag.py:2573} INFO - Sync 1 DAGs
[2022-10-04T03:11:57.604+0000] {logging_mixin.py:117} INFO - [2022-10-04T03:11:57.603+0000] {dag.py:3324} INFO - Setting next_dagrun for latest_only_with_trigger to 2022-10-03T23:11:57.603675+00:00, run_after=2022-10-04T03:11:57.603675+00:00
[2022-10-04T03:11:57.629+0000] {processor.py:178} INFO - Processing /usr/local/lib/python3.10/dist-packages/airflow/example_dags/example_latest_only_with_trigger.py took 0.089 seconds
[2022-10-04T03:12:36.484+0000] {processor.py:156} INFO - Started process (PID=7902) to work on /usr/local/lib/python3.10/dist-packages/airflow/example_dags/example_latest_only_with_trigger.py
[2022-10-04T03:12:36.486+0000] {processor.py:758} INFO - Processing file /usr/local/lib/python3.10/dist-packages/airflow/example_dags/example_latest_only_with_trigger.py for tasks to queue
[2022-10-04T03:12:36.486+0000] {logging_mixin.py:117} INFO - [2022-10-04T03:12:36.486+0000] {dagbag.py:525} INFO - Filling up the DagBag from /usr/local/lib/python3.10/dist-packages/airflow/example_dags/example_latest_only_with_trigger.py
[2022-10-04T03:12:36.500+0000] {processor.py:768} INFO - DAG(s) dict_keys(['latest_only_with_trigger']) retrieved from /usr/local/lib/python3.10/dist-packages/airflow/example_dags/example_latest_only_with_trigger.py
[2022-10-04T03:12:36.521+0000] {logging_mixin.py:117} INFO - [2022-10-04T03:12:36.521+0000] {dag.py:2573} INFO - Sync 1 DAGs
[2022-10-04T03:12:36.539+0000] {logging_mixin.py:117} INFO - [2022-10-04T03:12:36.539+0000] {dag.py:3324} INFO - Setting next_dagrun for latest_only_with_trigger to 2022-10-03T23:12:36.539505+00:00, run_after=2022-10-04T03:12:36.539505+00:00
[2022-10-04T03:12:36.561+0000] {processor.py:178} INFO - Processing /usr/local/lib/python3.10/dist-packages/airflow/example_dags/example_latest_only_with_trigger.py took 0.079 seconds
[2022-10-04T03:13:14.766+0000] {processor.py:156} INFO - Started process (PID=7941) to work on /usr/local/lib/python3.10/dist-packages/airflow/example_dags/example_latest_only_with_trigger.py
[2022-10-04T03:13:14.768+0000] {processor.py:758} INFO - Processing file /usr/local/lib/python3.10/dist-packages/airflow/example_dags/example_latest_only_with_trigger.py for tasks to queue
[2022-10-04T03:13:14.768+0000] {logging_mixin.py:117} INFO - [2022-10-04T03:13:14.768+0000] {dagbag.py:525} INFO - Filling up the DagBag from /usr/local/lib/python3.10/dist-packages/airflow/example_dags/example_latest_only_with_trigger.py
[2022-10-04T03:13:14.781+0000] {processor.py:768} INFO - DAG(s) dict_keys(['latest_only_with_trigger']) retrieved from /usr/local/lib/python3.10/dist-packages/airflow/example_dags/example_latest_only_with_trigger.py
[2022-10-04T03:13:14.801+0000] {logging_mixin.py:117} INFO - [2022-10-04T03:13:14.801+0000] {dag.py:2573} INFO - Sync 1 DAGs
[2022-10-04T03:13:14.818+0000] {logging_mixin.py:117} INFO - [2022-10-04T03:13:14.818+0000] {dag.py:3324} INFO - Setting next_dagrun for latest_only_with_trigger to 2022-10-03T23:13:14.818316+00:00, run_after=2022-10-04T03:13:14.818316+00:00
[2022-10-04T03:13:14.839+0000] {processor.py:178} INFO - Processing /usr/local/lib/python3.10/dist-packages/airflow/example_dags/example_latest_only_with_trigger.py took 0.075 seconds
[2022-10-04T03:13:56.098+0000] {processor.py:156} INFO - Started process (PID=7981) to work on /usr/local/lib/python3.10/dist-packages/airflow/example_dags/example_latest_only_with_trigger.py
[2022-10-04T03:13:56.099+0000] {processor.py:758} INFO - Processing file /usr/local/lib/python3.10/dist-packages/airflow/example_dags/example_latest_only_with_trigger.py for tasks to queue
[2022-10-04T03:13:56.100+0000] {logging_mixin.py:117} INFO - [2022-10-04T03:13:56.100+0000] {dagbag.py:525} INFO - Filling up the DagBag from /usr/local/lib/python3.10/dist-packages/airflow/example_dags/example_latest_only_with_trigger.py
[2022-10-04T03:13:56.114+0000] {processor.py:768} INFO - DAG(s) dict_keys(['latest_only_with_trigger']) retrieved from /usr/local/lib/python3.10/dist-packages/airflow/example_dags/example_latest_only_with_trigger.py
[2022-10-04T03:13:56.136+0000] {logging_mixin.py:117} INFO - [2022-10-04T03:13:56.136+0000] {dag.py:2573} INFO - Sync 1 DAGs
[2022-10-04T03:13:56.153+0000] {logging_mixin.py:117} INFO - [2022-10-04T03:13:56.153+0000] {dag.py:3324} INFO - Setting next_dagrun for latest_only_with_trigger to 2022-10-03T23:13:56.153024+00:00, run_after=2022-10-04T03:13:56.153024+00:00
[2022-10-04T03:13:56.174+0000] {processor.py:178} INFO - Processing /usr/local/lib/python3.10/dist-packages/airflow/example_dags/example_latest_only_with_trigger.py took 0.078 seconds
[2022-10-04T03:14:36.882+0000] {processor.py:156} INFO - Started process (PID=8024) to work on /usr/local/lib/python3.10/dist-packages/airflow/example_dags/example_latest_only_with_trigger.py
[2022-10-04T03:14:36.884+0000] {processor.py:758} INFO - Processing file /usr/local/lib/python3.10/dist-packages/airflow/example_dags/example_latest_only_with_trigger.py for tasks to queue
[2022-10-04T03:14:36.884+0000] {logging_mixin.py:117} INFO - [2022-10-04T03:14:36.884+0000] {dagbag.py:525} INFO - Filling up the DagBag from /usr/local/lib/python3.10/dist-packages/airflow/example_dags/example_latest_only_with_trigger.py
[2022-10-04T03:14:36.897+0000] {processor.py:768} INFO - DAG(s) dict_keys(['latest_only_with_trigger']) retrieved from /usr/local/lib/python3.10/dist-packages/airflow/example_dags/example_latest_only_with_trigger.py
[2022-10-04T03:14:36.919+0000] {logging_mixin.py:117} INFO - [2022-10-04T03:14:36.919+0000] {dag.py:2573} INFO - Sync 1 DAGs
[2022-10-04T03:14:36.937+0000] {logging_mixin.py:117} INFO - [2022-10-04T03:14:36.936+0000] {dag.py:3324} INFO - Setting next_dagrun for latest_only_with_trigger to 2022-10-03T23:14:36.936785+00:00, run_after=2022-10-04T03:14:36.936785+00:00
[2022-10-04T03:14:36.959+0000] {processor.py:178} INFO - Processing /usr/local/lib/python3.10/dist-packages/airflow/example_dags/example_latest_only_with_trigger.py took 0.079 seconds
[2022-10-04T03:15:16.050+0000] {processor.py:156} INFO - Started process (PID=8060) to work on /usr/local/lib/python3.10/dist-packages/airflow/example_dags/example_latest_only_with_trigger.py
[2022-10-04T03:15:16.055+0000] {processor.py:758} INFO - Processing file /usr/local/lib/python3.10/dist-packages/airflow/example_dags/example_latest_only_with_trigger.py for tasks to queue
[2022-10-04T03:15:16.056+0000] {logging_mixin.py:117} INFO - [2022-10-04T03:15:16.056+0000] {dagbag.py:525} INFO - Filling up the DagBag from /usr/local/lib/python3.10/dist-packages/airflow/example_dags/example_latest_only_with_trigger.py
[2022-10-04T03:15:16.074+0000] {processor.py:768} INFO - DAG(s) dict_keys(['latest_only_with_trigger']) retrieved from /usr/local/lib/python3.10/dist-packages/airflow/example_dags/example_latest_only_with_trigger.py
[2022-10-04T03:15:16.098+0000] {logging_mixin.py:117} INFO - [2022-10-04T03:15:16.098+0000] {dag.py:2573} INFO - Sync 1 DAGs
[2022-10-04T03:15:16.117+0000] {logging_mixin.py:117} INFO - [2022-10-04T03:15:16.117+0000] {dag.py:3324} INFO - Setting next_dagrun for latest_only_with_trigger to 2022-10-03T23:15:16.117576+00:00, run_after=2022-10-04T03:15:16.117576+00:00
[2022-10-04T03:15:16.139+0000] {processor.py:178} INFO - Processing /usr/local/lib/python3.10/dist-packages/airflow/example_dags/example_latest_only_with_trigger.py took 0.091 seconds
[2022-10-04T03:15:55.450+0000] {processor.py:156} INFO - Started process (PID=8100) to work on /usr/local/lib/python3.10/dist-packages/airflow/example_dags/example_latest_only_with_trigger.py
[2022-10-04T03:15:55.452+0000] {processor.py:758} INFO - Processing file /usr/local/lib/python3.10/dist-packages/airflow/example_dags/example_latest_only_with_trigger.py for tasks to queue
[2022-10-04T03:15:55.452+0000] {logging_mixin.py:117} INFO - [2022-10-04T03:15:55.452+0000] {dagbag.py:525} INFO - Filling up the DagBag from /usr/local/lib/python3.10/dist-packages/airflow/example_dags/example_latest_only_with_trigger.py
[2022-10-04T03:15:55.465+0000] {processor.py:768} INFO - DAG(s) dict_keys(['latest_only_with_trigger']) retrieved from /usr/local/lib/python3.10/dist-packages/airflow/example_dags/example_latest_only_with_trigger.py
[2022-10-04T03:15:55.486+0000] {logging_mixin.py:117} INFO - [2022-10-04T03:15:55.486+0000] {dag.py:2573} INFO - Sync 1 DAGs
[2022-10-04T03:15:55.502+0000] {logging_mixin.py:117} INFO - [2022-10-04T03:15:55.502+0000] {dag.py:3324} INFO - Setting next_dagrun for latest_only_with_trigger to 2022-10-03T23:15:55.502481+00:00, run_after=2022-10-04T03:15:55.502481+00:00
[2022-10-04T03:15:55.525+0000] {processor.py:178} INFO - Processing /usr/local/lib/python3.10/dist-packages/airflow/example_dags/example_latest_only_with_trigger.py took 0.078 seconds
[2022-10-04T03:16:42.173+0000] {processor.py:156} INFO - Started process (PID=8230) to work on /usr/local/lib/python3.10/dist-packages/airflow/example_dags/example_latest_only_with_trigger.py
[2022-10-04T03:16:42.175+0000] {processor.py:758} INFO - Processing file /usr/local/lib/python3.10/dist-packages/airflow/example_dags/example_latest_only_with_trigger.py for tasks to queue
[2022-10-04T03:16:42.175+0000] {logging_mixin.py:117} INFO - [2022-10-04T03:16:42.175+0000] {dagbag.py:525} INFO - Filling up the DagBag from /usr/local/lib/python3.10/dist-packages/airflow/example_dags/example_latest_only_with_trigger.py
[2022-10-04T03:16:42.192+0000] {processor.py:768} INFO - DAG(s) dict_keys(['latest_only_with_trigger']) retrieved from /usr/local/lib/python3.10/dist-packages/airflow/example_dags/example_latest_only_with_trigger.py
[2022-10-04T03:16:42.218+0000] {logging_mixin.py:117} INFO - [2022-10-04T03:16:42.218+0000] {dag.py:2573} INFO - Sync 1 DAGs
[2022-10-04T03:16:42.240+0000] {logging_mixin.py:117} INFO - [2022-10-04T03:16:42.240+0000] {dag.py:3324} INFO - Setting next_dagrun for latest_only_with_trigger to 2022-10-03T23:16:42.239995+00:00, run_after=2022-10-04T03:16:42.239995+00:00
[2022-10-04T03:16:42.419+0000] {processor.py:178} INFO - Processing /usr/local/lib/python3.10/dist-packages/airflow/example_dags/example_latest_only_with_trigger.py took 0.249 seconds
[2022-10-04T03:17:22.047+0000] {processor.py:156} INFO - Started process (PID=8601) to work on /usr/local/lib/python3.10/dist-packages/airflow/example_dags/example_latest_only_with_trigger.py
[2022-10-04T03:17:22.048+0000] {processor.py:758} INFO - Processing file /usr/local/lib/python3.10/dist-packages/airflow/example_dags/example_latest_only_with_trigger.py for tasks to queue
[2022-10-04T03:17:22.048+0000] {logging_mixin.py:117} INFO - [2022-10-04T03:17:22.048+0000] {dagbag.py:525} INFO - Filling up the DagBag from /usr/local/lib/python3.10/dist-packages/airflow/example_dags/example_latest_only_with_trigger.py
[2022-10-04T03:17:22.062+0000] {processor.py:768} INFO - DAG(s) dict_keys(['latest_only_with_trigger']) retrieved from /usr/local/lib/python3.10/dist-packages/airflow/example_dags/example_latest_only_with_trigger.py
[2022-10-04T03:17:22.085+0000] {logging_mixin.py:117} INFO - [2022-10-04T03:17:22.084+0000] {dag.py:2573} INFO - Sync 1 DAGs
[2022-10-04T03:17:22.256+0000] {logging_mixin.py:117} INFO - [2022-10-04T03:17:22.256+0000] {dag.py:3324} INFO - Setting next_dagrun for latest_only_with_trigger to 2022-10-03T23:17:22.255874+00:00, run_after=2022-10-04T03:17:22.255874+00:00
[2022-10-04T03:17:22.279+0000] {processor.py:178} INFO - Processing /usr/local/lib/python3.10/dist-packages/airflow/example_dags/example_latest_only_with_trigger.py took 0.236 seconds
[2022-10-04T03:18:03.223+0000] {processor.py:156} INFO - Started process (PID=8638) to work on /usr/local/lib/python3.10/dist-packages/airflow/example_dags/example_latest_only_with_trigger.py
[2022-10-04T03:18:03.224+0000] {processor.py:758} INFO - Processing file /usr/local/lib/python3.10/dist-packages/airflow/example_dags/example_latest_only_with_trigger.py for tasks to queue
[2022-10-04T03:18:03.224+0000] {logging_mixin.py:117} INFO - [2022-10-04T03:18:03.224+0000] {dagbag.py:525} INFO - Filling up the DagBag from /usr/local/lib/python3.10/dist-packages/airflow/example_dags/example_latest_only_with_trigger.py
[2022-10-04T03:18:03.238+0000] {processor.py:768} INFO - DAG(s) dict_keys(['latest_only_with_trigger']) retrieved from /usr/local/lib/python3.10/dist-packages/airflow/example_dags/example_latest_only_with_trigger.py
[2022-10-04T03:18:03.259+0000] {logging_mixin.py:117} INFO - [2022-10-04T03:18:03.259+0000] {dag.py:2573} INFO - Sync 1 DAGs
[2022-10-04T03:18:03.399+0000] {logging_mixin.py:117} INFO - [2022-10-04T03:18:03.399+0000] {dag.py:3324} INFO - Setting next_dagrun for latest_only_with_trigger to 2022-10-03T23:18:03.399415+00:00, run_after=2022-10-04T03:18:03.399415+00:00
[2022-10-04T03:18:03.426+0000] {processor.py:178} INFO - Processing /usr/local/lib/python3.10/dist-packages/airflow/example_dags/example_latest_only_with_trigger.py took 0.205 seconds
[2022-10-04T03:18:53.674+0000] {processor.py:156} INFO - Started process (PID=8698) to work on /usr/local/lib/python3.10/dist-packages/airflow/example_dags/example_latest_only_with_trigger.py
[2022-10-04T03:18:53.675+0000] {processor.py:758} INFO - Processing file /usr/local/lib/python3.10/dist-packages/airflow/example_dags/example_latest_only_with_trigger.py for tasks to queue
[2022-10-04T03:18:53.675+0000] {logging_mixin.py:117} INFO - [2022-10-04T03:18:53.675+0000] {dagbag.py:525} INFO - Filling up the DagBag from /usr/local/lib/python3.10/dist-packages/airflow/example_dags/example_latest_only_with_trigger.py
[2022-10-04T03:18:53.688+0000] {processor.py:768} INFO - DAG(s) dict_keys(['latest_only_with_trigger']) retrieved from /usr/local/lib/python3.10/dist-packages/airflow/example_dags/example_latest_only_with_trigger.py
[2022-10-04T03:18:53.700+0000] {logging_mixin.py:117} INFO - [2022-10-04T03:18:53.700+0000] {dag.py:2573} INFO - Sync 1 DAGs
[2022-10-04T03:18:53.719+0000] {logging_mixin.py:117} INFO - [2022-10-04T03:18:53.719+0000] {dag.py:3324} INFO - Setting next_dagrun for latest_only_with_trigger to 2022-10-03T23:18:53.719023+00:00, run_after=2022-10-04T03:18:53.719023+00:00
[2022-10-04T03:18:53.740+0000] {processor.py:178} INFO - Processing /usr/local/lib/python3.10/dist-packages/airflow/example_dags/example_latest_only_with_trigger.py took 0.069 seconds
[2022-10-04T03:19:32.807+0000] {processor.py:156} INFO - Started process (PID=8739) to work on /usr/local/lib/python3.10/dist-packages/airflow/example_dags/example_latest_only_with_trigger.py
[2022-10-04T03:19:32.808+0000] {processor.py:758} INFO - Processing file /usr/local/lib/python3.10/dist-packages/airflow/example_dags/example_latest_only_with_trigger.py for tasks to queue
[2022-10-04T03:19:32.809+0000] {logging_mixin.py:117} INFO - [2022-10-04T03:19:32.809+0000] {dagbag.py:525} INFO - Filling up the DagBag from /usr/local/lib/python3.10/dist-packages/airflow/example_dags/example_latest_only_with_trigger.py
[2022-10-04T03:19:32.822+0000] {processor.py:768} INFO - DAG(s) dict_keys(['latest_only_with_trigger']) retrieved from /usr/local/lib/python3.10/dist-packages/airflow/example_dags/example_latest_only_with_trigger.py
[2022-10-04T03:19:32.846+0000] {logging_mixin.py:117} INFO - [2022-10-04T03:19:32.846+0000] {dag.py:2573} INFO - Sync 1 DAGs
[2022-10-04T03:19:32.863+0000] {logging_mixin.py:117} INFO - [2022-10-04T03:19:32.863+0000] {dag.py:3324} INFO - Setting next_dagrun for latest_only_with_trigger to 2022-10-03T23:19:32.863580+00:00, run_after=2022-10-04T03:19:32.863580+00:00
[2022-10-04T03:19:32.887+0000] {processor.py:178} INFO - Processing /usr/local/lib/python3.10/dist-packages/airflow/example_dags/example_latest_only_with_trigger.py took 0.083 seconds
[2022-10-04T03:20:10.065+0000] {processor.py:156} INFO - Started process (PID=8776) to work on /usr/local/lib/python3.10/dist-packages/airflow/example_dags/example_latest_only_with_trigger.py
[2022-10-04T03:20:10.066+0000] {processor.py:758} INFO - Processing file /usr/local/lib/python3.10/dist-packages/airflow/example_dags/example_latest_only_with_trigger.py for tasks to queue
[2022-10-04T03:20:10.066+0000] {logging_mixin.py:117} INFO - [2022-10-04T03:20:10.066+0000] {dagbag.py:525} INFO - Filling up the DagBag from /usr/local/lib/python3.10/dist-packages/airflow/example_dags/example_latest_only_with_trigger.py
[2022-10-04T03:20:10.088+0000] {processor.py:768} INFO - DAG(s) dict_keys(['latest_only_with_trigger']) retrieved from /usr/local/lib/python3.10/dist-packages/airflow/example_dags/example_latest_only_with_trigger.py
[2022-10-04T03:20:10.138+0000] {logging_mixin.py:117} INFO - [2022-10-04T03:20:10.138+0000] {dag.py:2573} INFO - Sync 1 DAGs
[2022-10-04T03:20:10.164+0000] {logging_mixin.py:117} INFO - [2022-10-04T03:20:10.164+0000] {dag.py:3324} INFO - Setting next_dagrun for latest_only_with_trigger to 2022-10-03T23:20:10.164106+00:00, run_after=2022-10-04T03:20:10.164106+00:00
[2022-10-04T03:20:10.185+0000] {processor.py:178} INFO - Processing /usr/local/lib/python3.10/dist-packages/airflow/example_dags/example_latest_only_with_trigger.py took 0.124 seconds
[2022-10-04T03:20:49.555+0000] {processor.py:156} INFO - Started process (PID=8817) to work on /usr/local/lib/python3.10/dist-packages/airflow/example_dags/example_latest_only_with_trigger.py
[2022-10-04T03:20:49.557+0000] {processor.py:758} INFO - Processing file /usr/local/lib/python3.10/dist-packages/airflow/example_dags/example_latest_only_with_trigger.py for tasks to queue
[2022-10-04T03:20:49.557+0000] {logging_mixin.py:117} INFO - [2022-10-04T03:20:49.557+0000] {dagbag.py:525} INFO - Filling up the DagBag from /usr/local/lib/python3.10/dist-packages/airflow/example_dags/example_latest_only_with_trigger.py
[2022-10-04T03:20:49.572+0000] {processor.py:768} INFO - DAG(s) dict_keys(['latest_only_with_trigger']) retrieved from /usr/local/lib/python3.10/dist-packages/airflow/example_dags/example_latest_only_with_trigger.py
[2022-10-04T03:20:49.594+0000] {logging_mixin.py:117} INFO - [2022-10-04T03:20:49.594+0000] {dag.py:2573} INFO - Sync 1 DAGs
[2022-10-04T03:20:49.614+0000] {logging_mixin.py:117} INFO - [2022-10-04T03:20:49.613+0000] {dag.py:3324} INFO - Setting next_dagrun for latest_only_with_trigger to 2022-10-03T23:20:49.613627+00:00, run_after=2022-10-04T03:20:49.613627+00:00
[2022-10-04T03:20:49.638+0000] {processor.py:178} INFO - Processing /usr/local/lib/python3.10/dist-packages/airflow/example_dags/example_latest_only_with_trigger.py took 0.085 seconds
[2022-10-04T03:21:28.649+0000] {processor.py:156} INFO - Started process (PID=8855) to work on /usr/local/lib/python3.10/dist-packages/airflow/example_dags/example_latest_only_with_trigger.py
[2022-10-04T03:21:28.652+0000] {processor.py:758} INFO - Processing file /usr/local/lib/python3.10/dist-packages/airflow/example_dags/example_latest_only_with_trigger.py for tasks to queue
[2022-10-04T03:21:28.653+0000] {logging_mixin.py:117} INFO - [2022-10-04T03:21:28.652+0000] {dagbag.py:525} INFO - Filling up the DagBag from /usr/local/lib/python3.10/dist-packages/airflow/example_dags/example_latest_only_with_trigger.py
[2022-10-04T03:21:28.677+0000] {processor.py:768} INFO - DAG(s) dict_keys(['latest_only_with_trigger']) retrieved from /usr/local/lib/python3.10/dist-packages/airflow/example_dags/example_latest_only_with_trigger.py
[2022-10-04T03:21:28.701+0000] {logging_mixin.py:117} INFO - [2022-10-04T03:21:28.701+0000] {dag.py:2573} INFO - Sync 1 DAGs
[2022-10-04T03:21:28.720+0000] {logging_mixin.py:117} INFO - [2022-10-04T03:21:28.720+0000] {dag.py:3324} INFO - Setting next_dagrun for latest_only_with_trigger to 2022-10-03T23:21:28.720289+00:00, run_after=2022-10-04T03:21:28.720289+00:00
[2022-10-04T03:21:28.745+0000] {processor.py:178} INFO - Processing /usr/local/lib/python3.10/dist-packages/airflow/example_dags/example_latest_only_with_trigger.py took 0.101 seconds
[2022-10-04T03:22:06.920+0000] {processor.py:156} INFO - Started process (PID=8892) to work on /usr/local/lib/python3.10/dist-packages/airflow/example_dags/example_latest_only_with_trigger.py
[2022-10-04T03:22:06.921+0000] {processor.py:758} INFO - Processing file /usr/local/lib/python3.10/dist-packages/airflow/example_dags/example_latest_only_with_trigger.py for tasks to queue
[2022-10-04T03:22:06.921+0000] {logging_mixin.py:117} INFO - [2022-10-04T03:22:06.921+0000] {dagbag.py:525} INFO - Filling up the DagBag from /usr/local/lib/python3.10/dist-packages/airflow/example_dags/example_latest_only_with_trigger.py
[2022-10-04T03:22:06.934+0000] {processor.py:768} INFO - DAG(s) dict_keys(['latest_only_with_trigger']) retrieved from /usr/local/lib/python3.10/dist-packages/airflow/example_dags/example_latest_only_with_trigger.py
[2022-10-04T03:22:06.955+0000] {logging_mixin.py:117} INFO - [2022-10-04T03:22:06.955+0000] {dag.py:2573} INFO - Sync 1 DAGs
[2022-10-04T03:22:06.973+0000] {logging_mixin.py:117} INFO - [2022-10-04T03:22:06.973+0000] {dag.py:3324} INFO - Setting next_dagrun for latest_only_with_trigger to 2022-10-03T23:22:06.973390+00:00, run_after=2022-10-04T03:22:06.973390+00:00
[2022-10-04T03:22:06.995+0000] {processor.py:178} INFO - Processing /usr/local/lib/python3.10/dist-packages/airflow/example_dags/example_latest_only_with_trigger.py took 0.078 seconds
[2022-10-04T03:22:46.350+0000] {processor.py:156} INFO - Started process (PID=8933) to work on /usr/local/lib/python3.10/dist-packages/airflow/example_dags/example_latest_only_with_trigger.py
[2022-10-04T03:22:46.351+0000] {processor.py:758} INFO - Processing file /usr/local/lib/python3.10/dist-packages/airflow/example_dags/example_latest_only_with_trigger.py for tasks to queue
[2022-10-04T03:22:46.351+0000] {logging_mixin.py:117} INFO - [2022-10-04T03:22:46.351+0000] {dagbag.py:525} INFO - Filling up the DagBag from /usr/local/lib/python3.10/dist-packages/airflow/example_dags/example_latest_only_with_trigger.py
[2022-10-04T03:22:46.366+0000] {processor.py:768} INFO - DAG(s) dict_keys(['latest_only_with_trigger']) retrieved from /usr/local/lib/python3.10/dist-packages/airflow/example_dags/example_latest_only_with_trigger.py
[2022-10-04T03:22:46.391+0000] {logging_mixin.py:117} INFO - [2022-10-04T03:22:46.391+0000] {dag.py:2573} INFO - Sync 1 DAGs
[2022-10-04T03:22:46.410+0000] {logging_mixin.py:117} INFO - [2022-10-04T03:22:46.410+0000] {dag.py:3324} INFO - Setting next_dagrun for latest_only_with_trigger to 2022-10-03T23:22:46.410487+00:00, run_after=2022-10-04T03:22:46.410487+00:00
[2022-10-04T03:22:46.433+0000] {processor.py:178} INFO - Processing /usr/local/lib/python3.10/dist-packages/airflow/example_dags/example_latest_only_with_trigger.py took 0.087 seconds
[2022-10-04T03:23:52.624+0000] {processor.py:156} INFO - Started process (PID=9005) to work on /usr/local/lib/python3.10/dist-packages/airflow/example_dags/example_latest_only_with_trigger.py
[2022-10-04T03:23:52.625+0000] {processor.py:758} INFO - Processing file /usr/local/lib/python3.10/dist-packages/airflow/example_dags/example_latest_only_with_trigger.py for tasks to queue
[2022-10-04T03:23:52.625+0000] {logging_mixin.py:117} INFO - [2022-10-04T03:23:52.625+0000] {dagbag.py:525} INFO - Filling up the DagBag from /usr/local/lib/python3.10/dist-packages/airflow/example_dags/example_latest_only_with_trigger.py
[2022-10-04T03:23:52.638+0000] {processor.py:768} INFO - DAG(s) dict_keys(['latest_only_with_trigger']) retrieved from /usr/local/lib/python3.10/dist-packages/airflow/example_dags/example_latest_only_with_trigger.py
[2022-10-04T03:23:52.650+0000] {logging_mixin.py:117} INFO - [2022-10-04T03:23:52.650+0000] {dag.py:2573} INFO - Sync 1 DAGs
[2022-10-04T03:23:52.668+0000] {logging_mixin.py:117} INFO - [2022-10-04T03:23:52.668+0000] {dag.py:3324} INFO - Setting next_dagrun for latest_only_with_trigger to 2022-10-03T23:23:52.668226+00:00, run_after=2022-10-04T03:23:52.668226+00:00
[2022-10-04T03:23:52.689+0000] {processor.py:178} INFO - Processing /usr/local/lib/python3.10/dist-packages/airflow/example_dags/example_latest_only_with_trigger.py took 0.068 seconds
[2022-10-04T03:24:31.355+0000] {processor.py:156} INFO - Started process (PID=9046) to work on /usr/local/lib/python3.10/dist-packages/airflow/example_dags/example_latest_only_with_trigger.py
[2022-10-04T03:24:31.356+0000] {processor.py:758} INFO - Processing file /usr/local/lib/python3.10/dist-packages/airflow/example_dags/example_latest_only_with_trigger.py for tasks to queue
[2022-10-04T03:24:31.357+0000] {logging_mixin.py:117} INFO - [2022-10-04T03:24:31.357+0000] {dagbag.py:525} INFO - Filling up the DagBag from /usr/local/lib/python3.10/dist-packages/airflow/example_dags/example_latest_only_with_trigger.py
[2022-10-04T03:24:31.371+0000] {processor.py:768} INFO - DAG(s) dict_keys(['latest_only_with_trigger']) retrieved from /usr/local/lib/python3.10/dist-packages/airflow/example_dags/example_latest_only_with_trigger.py
[2022-10-04T03:24:31.398+0000] {logging_mixin.py:117} INFO - [2022-10-04T03:24:31.397+0000] {dag.py:2573} INFO - Sync 1 DAGs
[2022-10-04T03:24:31.414+0000] {logging_mixin.py:117} INFO - [2022-10-04T03:24:31.414+0000] {dag.py:3324} INFO - Setting next_dagrun for latest_only_with_trigger to 2022-10-03T23:24:31.414608+00:00, run_after=2022-10-04T03:24:31.414608+00:00
[2022-10-04T03:24:31.438+0000] {processor.py:178} INFO - Processing /usr/local/lib/python3.10/dist-packages/airflow/example_dags/example_latest_only_with_trigger.py took 0.085 seconds
[2022-10-04T03:25:10.877+0000] {processor.py:156} INFO - Started process (PID=9087) to work on /usr/local/lib/python3.10/dist-packages/airflow/example_dags/example_latest_only_with_trigger.py
[2022-10-04T03:25:10.879+0000] {processor.py:758} INFO - Processing file /usr/local/lib/python3.10/dist-packages/airflow/example_dags/example_latest_only_with_trigger.py for tasks to queue
[2022-10-04T03:25:10.879+0000] {logging_mixin.py:117} INFO - [2022-10-04T03:25:10.879+0000] {dagbag.py:525} INFO - Filling up the DagBag from /usr/local/lib/python3.10/dist-packages/airflow/example_dags/example_latest_only_with_trigger.py
[2022-10-04T03:25:10.895+0000] {processor.py:768} INFO - DAG(s) dict_keys(['latest_only_with_trigger']) retrieved from /usr/local/lib/python3.10/dist-packages/airflow/example_dags/example_latest_only_with_trigger.py
[2022-10-04T03:25:10.920+0000] {logging_mixin.py:117} INFO - [2022-10-04T03:25:10.919+0000] {dag.py:2573} INFO - Sync 1 DAGs
[2022-10-04T03:25:10.943+0000] {logging_mixin.py:117} INFO - [2022-10-04T03:25:10.943+0000] {dag.py:3324} INFO - Setting next_dagrun for latest_only_with_trigger to 2022-10-03T23:25:10.942348+00:00, run_after=2022-10-04T03:25:10.942348+00:00
[2022-10-04T03:25:10.971+0000] {processor.py:178} INFO - Processing /usr/local/lib/python3.10/dist-packages/airflow/example_dags/example_latest_only_with_trigger.py took 0.097 seconds
[2022-10-04T03:26:26.828+0000] {processor.py:156} INFO - Started process (PID=9173) to work on /usr/local/lib/python3.10/dist-packages/airflow/example_dags/example_latest_only_with_trigger.py
[2022-10-04T03:26:26.830+0000] {processor.py:758} INFO - Processing file /usr/local/lib/python3.10/dist-packages/airflow/example_dags/example_latest_only_with_trigger.py for tasks to queue
[2022-10-04T03:26:26.830+0000] {logging_mixin.py:117} INFO - [2022-10-04T03:26:26.830+0000] {dagbag.py:525} INFO - Filling up the DagBag from /usr/local/lib/python3.10/dist-packages/airflow/example_dags/example_latest_only_with_trigger.py
[2022-10-04T03:26:26.843+0000] {processor.py:768} INFO - DAG(s) dict_keys(['latest_only_with_trigger']) retrieved from /usr/local/lib/python3.10/dist-packages/airflow/example_dags/example_latest_only_with_trigger.py
[2022-10-04T03:26:26.857+0000] {logging_mixin.py:117} INFO - [2022-10-04T03:26:26.857+0000] {dag.py:2573} INFO - Sync 1 DAGs
[2022-10-04T03:26:26.876+0000] {logging_mixin.py:117} INFO - [2022-10-04T03:26:26.876+0000] {dag.py:3324} INFO - Setting next_dagrun for latest_only_with_trigger to 2022-10-03T23:26:26.876550+00:00, run_after=2022-10-04T03:26:26.876550+00:00
[2022-10-04T03:26:26.898+0000] {processor.py:178} INFO - Processing /usr/local/lib/python3.10/dist-packages/airflow/example_dags/example_latest_only_with_trigger.py took 0.073 seconds
[2022-10-04T03:30:34.766+0000] {processor.py:156} INFO - Started process (PID=9271) to work on /usr/local/lib/python3.10/dist-packages/airflow/example_dags/example_latest_only_with_trigger.py
[2022-10-04T03:30:34.767+0000] {processor.py:758} INFO - Processing file /usr/local/lib/python3.10/dist-packages/airflow/example_dags/example_latest_only_with_trigger.py for tasks to queue
[2022-10-04T03:30:34.768+0000] {logging_mixin.py:117} INFO - [2022-10-04T03:30:34.768+0000] {dagbag.py:525} INFO - Filling up the DagBag from /usr/local/lib/python3.10/dist-packages/airflow/example_dags/example_latest_only_with_trigger.py
[2022-10-04T03:30:34.781+0000] {processor.py:768} INFO - DAG(s) dict_keys(['latest_only_with_trigger']) retrieved from /usr/local/lib/python3.10/dist-packages/airflow/example_dags/example_latest_only_with_trigger.py
[2022-10-04T03:30:34.804+0000] {logging_mixin.py:117} INFO - [2022-10-04T03:30:34.803+0000] {dag.py:2573} INFO - Sync 1 DAGs
[2022-10-04T03:30:34.821+0000] {logging_mixin.py:117} INFO - [2022-10-04T03:30:34.821+0000] {dag.py:3324} INFO - Setting next_dagrun for latest_only_with_trigger to 2022-10-03T23:30:34.821500+00:00, run_after=2022-10-04T03:30:34.821500+00:00
[2022-10-04T03:30:34.843+0000] {processor.py:178} INFO - Processing /usr/local/lib/python3.10/dist-packages/airflow/example_dags/example_latest_only_with_trigger.py took 0.079 seconds
[2022-10-04T03:31:12.654+0000] {processor.py:156} INFO - Started process (PID=9308) to work on /usr/local/lib/python3.10/dist-packages/airflow/example_dags/example_latest_only_with_trigger.py
[2022-10-04T03:31:12.655+0000] {processor.py:758} INFO - Processing file /usr/local/lib/python3.10/dist-packages/airflow/example_dags/example_latest_only_with_trigger.py for tasks to queue
[2022-10-04T03:31:12.655+0000] {logging_mixin.py:117} INFO - [2022-10-04T03:31:12.655+0000] {dagbag.py:525} INFO - Filling up the DagBag from /usr/local/lib/python3.10/dist-packages/airflow/example_dags/example_latest_only_with_trigger.py
[2022-10-04T03:31:12.669+0000] {processor.py:768} INFO - DAG(s) dict_keys(['latest_only_with_trigger']) retrieved from /usr/local/lib/python3.10/dist-packages/airflow/example_dags/example_latest_only_with_trigger.py
[2022-10-04T03:31:12.694+0000] {logging_mixin.py:117} INFO - [2022-10-04T03:31:12.693+0000] {dag.py:2573} INFO - Sync 1 DAGs
[2022-10-04T03:31:12.711+0000] {logging_mixin.py:117} INFO - [2022-10-04T03:31:12.711+0000] {dag.py:3324} INFO - Setting next_dagrun for latest_only_with_trigger to 2022-10-03T23:31:12.711253+00:00, run_after=2022-10-04T03:31:12.711253+00:00
[2022-10-04T03:31:12.734+0000] {processor.py:178} INFO - Processing /usr/local/lib/python3.10/dist-packages/airflow/example_dags/example_latest_only_with_trigger.py took 0.083 seconds
[2022-10-04T03:31:53.070+0000] {processor.py:156} INFO - Started process (PID=9365) to work on /usr/local/lib/python3.10/dist-packages/airflow/example_dags/example_latest_only_with_trigger.py
[2022-10-04T03:31:53.071+0000] {processor.py:758} INFO - Processing file /usr/local/lib/python3.10/dist-packages/airflow/example_dags/example_latest_only_with_trigger.py for tasks to queue
[2022-10-04T03:31:53.074+0000] {logging_mixin.py:117} INFO - [2022-10-04T03:31:53.074+0000] {dagbag.py:525} INFO - Filling up the DagBag from /usr/local/lib/python3.10/dist-packages/airflow/example_dags/example_latest_only_with_trigger.py
[2022-10-04T03:31:53.090+0000] {processor.py:768} INFO - DAG(s) dict_keys(['latest_only_with_trigger']) retrieved from /usr/local/lib/python3.10/dist-packages/airflow/example_dags/example_latest_only_with_trigger.py
[2022-10-04T03:31:53.119+0000] {logging_mixin.py:117} INFO - [2022-10-04T03:31:53.118+0000] {dag.py:2573} INFO - Sync 1 DAGs
[2022-10-04T03:31:53.137+0000] {logging_mixin.py:117} INFO - [2022-10-04T03:31:53.137+0000] {dag.py:3324} INFO - Setting next_dagrun for latest_only_with_trigger to 2022-10-03T23:31:53.136968+00:00, run_after=2022-10-04T03:31:53.136968+00:00
[2022-10-04T03:31:53.159+0000] {processor.py:178} INFO - Processing /usr/local/lib/python3.10/dist-packages/airflow/example_dags/example_latest_only_with_trigger.py took 0.092 seconds
[2022-10-04T03:32:29.966+0000] {processor.py:156} INFO - Started process (PID=9404) to work on /usr/local/lib/python3.10/dist-packages/airflow/example_dags/example_latest_only_with_trigger.py
[2022-10-04T03:32:29.967+0000] {processor.py:758} INFO - Processing file /usr/local/lib/python3.10/dist-packages/airflow/example_dags/example_latest_only_with_trigger.py for tasks to queue
[2022-10-04T03:32:29.967+0000] {logging_mixin.py:117} INFO - [2022-10-04T03:32:29.967+0000] {dagbag.py:525} INFO - Filling up the DagBag from /usr/local/lib/python3.10/dist-packages/airflow/example_dags/example_latest_only_with_trigger.py
[2022-10-04T03:32:29.982+0000] {processor.py:768} INFO - DAG(s) dict_keys(['latest_only_with_trigger']) retrieved from /usr/local/lib/python3.10/dist-packages/airflow/example_dags/example_latest_only_with_trigger.py
[2022-10-04T03:32:30.007+0000] {logging_mixin.py:117} INFO - [2022-10-04T03:32:30.007+0000] {dag.py:2573} INFO - Sync 1 DAGs
[2022-10-04T03:32:30.025+0000] {logging_mixin.py:117} INFO - [2022-10-04T03:32:30.025+0000] {dag.py:3324} INFO - Setting next_dagrun for latest_only_with_trigger to 2022-10-03T23:32:30.025124+00:00, run_after=2022-10-04T03:32:30.025124+00:00
[2022-10-04T03:32:30.048+0000] {processor.py:178} INFO - Processing /usr/local/lib/python3.10/dist-packages/airflow/example_dags/example_latest_only_with_trigger.py took 0.085 seconds
[2022-10-04T03:33:08.454+0000] {processor.py:156} INFO - Started process (PID=9442) to work on /usr/local/lib/python3.10/dist-packages/airflow/example_dags/example_latest_only_with_trigger.py
[2022-10-04T03:33:08.455+0000] {processor.py:758} INFO - Processing file /usr/local/lib/python3.10/dist-packages/airflow/example_dags/example_latest_only_with_trigger.py for tasks to queue
[2022-10-04T03:33:08.455+0000] {logging_mixin.py:117} INFO - [2022-10-04T03:33:08.455+0000] {dagbag.py:525} INFO - Filling up the DagBag from /usr/local/lib/python3.10/dist-packages/airflow/example_dags/example_latest_only_with_trigger.py
[2022-10-04T03:33:08.470+0000] {processor.py:768} INFO - DAG(s) dict_keys(['latest_only_with_trigger']) retrieved from /usr/local/lib/python3.10/dist-packages/airflow/example_dags/example_latest_only_with_trigger.py
[2022-10-04T03:33:08.495+0000] {logging_mixin.py:117} INFO - [2022-10-04T03:33:08.495+0000] {dag.py:2573} INFO - Sync 1 DAGs
[2022-10-04T03:33:08.513+0000] {logging_mixin.py:117} INFO - [2022-10-04T03:33:08.513+0000] {dag.py:3324} INFO - Setting next_dagrun for latest_only_with_trigger to 2022-10-03T23:33:08.512896+00:00, run_after=2022-10-04T03:33:08.512896+00:00
[2022-10-04T03:33:08.539+0000] {processor.py:178} INFO - Processing /usr/local/lib/python3.10/dist-packages/airflow/example_dags/example_latest_only_with_trigger.py took 0.088 seconds
[2022-10-04T03:33:45.073+0000] {processor.py:156} INFO - Started process (PID=9483) to work on /usr/local/lib/python3.10/dist-packages/airflow/example_dags/example_latest_only_with_trigger.py
[2022-10-04T03:33:45.075+0000] {processor.py:758} INFO - Processing file /usr/local/lib/python3.10/dist-packages/airflow/example_dags/example_latest_only_with_trigger.py for tasks to queue
[2022-10-04T03:33:45.075+0000] {logging_mixin.py:117} INFO - [2022-10-04T03:33:45.075+0000] {dagbag.py:525} INFO - Filling up the DagBag from /usr/local/lib/python3.10/dist-packages/airflow/example_dags/example_latest_only_with_trigger.py
[2022-10-04T03:33:45.093+0000] {processor.py:768} INFO - DAG(s) dict_keys(['latest_only_with_trigger']) retrieved from /usr/local/lib/python3.10/dist-packages/airflow/example_dags/example_latest_only_with_trigger.py
[2022-10-04T03:33:45.126+0000] {logging_mixin.py:117} INFO - [2022-10-04T03:33:45.126+0000] {dag.py:2573} INFO - Sync 1 DAGs
[2022-10-04T03:33:45.146+0000] {logging_mixin.py:117} INFO - [2022-10-04T03:33:45.146+0000] {dag.py:3324} INFO - Setting next_dagrun for latest_only_with_trigger to 2022-10-03T23:33:45.145924+00:00, run_after=2022-10-04T03:33:45.145924+00:00
[2022-10-04T03:33:45.170+0000] {processor.py:178} INFO - Processing /usr/local/lib/python3.10/dist-packages/airflow/example_dags/example_latest_only_with_trigger.py took 0.099 seconds
[2022-10-04T03:34:24.155+0000] {processor.py:156} INFO - Started process (PID=9524) to work on /usr/local/lib/python3.10/dist-packages/airflow/example_dags/example_latest_only_with_trigger.py
[2022-10-04T03:34:24.157+0000] {processor.py:758} INFO - Processing file /usr/local/lib/python3.10/dist-packages/airflow/example_dags/example_latest_only_with_trigger.py for tasks to queue
[2022-10-04T03:34:24.157+0000] {logging_mixin.py:117} INFO - [2022-10-04T03:34:24.157+0000] {dagbag.py:525} INFO - Filling up the DagBag from /usr/local/lib/python3.10/dist-packages/airflow/example_dags/example_latest_only_with_trigger.py
[2022-10-04T03:34:24.172+0000] {processor.py:768} INFO - DAG(s) dict_keys(['latest_only_with_trigger']) retrieved from /usr/local/lib/python3.10/dist-packages/airflow/example_dags/example_latest_only_with_trigger.py
[2022-10-04T03:34:24.199+0000] {logging_mixin.py:117} INFO - [2022-10-04T03:34:24.199+0000] {dag.py:2573} INFO - Sync 1 DAGs
[2022-10-04T03:34:24.231+0000] {logging_mixin.py:117} INFO - [2022-10-04T03:34:24.231+0000] {dag.py:3324} INFO - Setting next_dagrun for latest_only_with_trigger to 2022-10-03T23:34:24.231320+00:00, run_after=2022-10-04T03:34:24.231320+00:00
[2022-10-04T03:34:24.262+0000] {processor.py:178} INFO - Processing /usr/local/lib/python3.10/dist-packages/airflow/example_dags/example_latest_only_with_trigger.py took 0.109 seconds
[2022-10-04T03:46:24.906+0000] {processor.py:156} INFO - Started process (PID=984) to work on /usr/local/lib/python3.10/dist-packages/airflow/example_dags/example_latest_only_with_trigger.py
[2022-10-04T03:46:24.909+0000] {processor.py:758} INFO - Processing file /usr/local/lib/python3.10/dist-packages/airflow/example_dags/example_latest_only_with_trigger.py for tasks to queue
[2022-10-04T03:46:24.909+0000] {logging_mixin.py:117} INFO - [2022-10-04T03:46:24.909+0000] {dagbag.py:525} INFO - Filling up the DagBag from /usr/local/lib/python3.10/dist-packages/airflow/example_dags/example_latest_only_with_trigger.py
[2022-10-04T03:46:24.924+0000] {processor.py:768} INFO - DAG(s) dict_keys(['latest_only_with_trigger']) retrieved from /usr/local/lib/python3.10/dist-packages/airflow/example_dags/example_latest_only_with_trigger.py
[2022-10-04T03:46:24.938+0000] {logging_mixin.py:117} INFO - [2022-10-04T03:46:24.938+0000] {dag.py:2573} INFO - Sync 1 DAGs
[2022-10-04T03:46:24.961+0000] {logging_mixin.py:117} INFO - [2022-10-04T03:46:24.960+0000] {dag.py:3324} INFO - Setting next_dagrun for latest_only_with_trigger to 2022-10-03T23:46:24.960682+00:00, run_after=2022-10-04T03:46:24.960682+00:00
[2022-10-04T03:46:24.984+0000] {processor.py:178} INFO - Processing /usr/local/lib/python3.10/dist-packages/airflow/example_dags/example_latest_only_with_trigger.py took 0.081 seconds
[2022-10-04T03:47:03.946+0000] {processor.py:156} INFO - Started process (PID=1025) to work on /usr/local/lib/python3.10/dist-packages/airflow/example_dags/example_latest_only_with_trigger.py
[2022-10-04T03:47:03.947+0000] {processor.py:758} INFO - Processing file /usr/local/lib/python3.10/dist-packages/airflow/example_dags/example_latest_only_with_trigger.py for tasks to queue
[2022-10-04T03:47:03.948+0000] {logging_mixin.py:117} INFO - [2022-10-04T03:47:03.948+0000] {dagbag.py:525} INFO - Filling up the DagBag from /usr/local/lib/python3.10/dist-packages/airflow/example_dags/example_latest_only_with_trigger.py
[2022-10-04T03:47:03.963+0000] {processor.py:768} INFO - DAG(s) dict_keys(['latest_only_with_trigger']) retrieved from /usr/local/lib/python3.10/dist-packages/airflow/example_dags/example_latest_only_with_trigger.py
[2022-10-04T03:47:03.992+0000] {logging_mixin.py:117} INFO - [2022-10-04T03:47:03.991+0000] {dag.py:2573} INFO - Sync 1 DAGs
[2022-10-04T03:47:04.013+0000] {logging_mixin.py:117} INFO - [2022-10-04T03:47:04.013+0000] {dag.py:3324} INFO - Setting next_dagrun for latest_only_with_trigger to 2022-10-03T23:47:04.013556+00:00, run_after=2022-10-04T03:47:04.013556+00:00
[2022-10-04T03:47:04.036+0000] {processor.py:178} INFO - Processing /usr/local/lib/python3.10/dist-packages/airflow/example_dags/example_latest_only_with_trigger.py took 0.094 seconds
[2022-10-04T03:47:44.022+0000] {processor.py:156} INFO - Started process (PID=1131) to work on /usr/local/lib/python3.10/dist-packages/airflow/example_dags/example_latest_only_with_trigger.py
[2022-10-04T03:47:44.024+0000] {processor.py:758} INFO - Processing file /usr/local/lib/python3.10/dist-packages/airflow/example_dags/example_latest_only_with_trigger.py for tasks to queue
[2022-10-04T03:47:44.025+0000] {logging_mixin.py:117} INFO - [2022-10-04T03:47:44.025+0000] {dagbag.py:525} INFO - Filling up the DagBag from /usr/local/lib/python3.10/dist-packages/airflow/example_dags/example_latest_only_with_trigger.py
[2022-10-04T03:47:44.039+0000] {processor.py:768} INFO - DAG(s) dict_keys(['latest_only_with_trigger']) retrieved from /usr/local/lib/python3.10/dist-packages/airflow/example_dags/example_latest_only_with_trigger.py
[2022-10-04T03:47:44.066+0000] {logging_mixin.py:117} INFO - [2022-10-04T03:47:44.066+0000] {dag.py:2573} INFO - Sync 1 DAGs
[2022-10-04T03:47:44.087+0000] {logging_mixin.py:117} INFO - [2022-10-04T03:47:44.087+0000] {dag.py:3324} INFO - Setting next_dagrun for latest_only_with_trigger to 2022-10-03T23:47:44.086955+00:00, run_after=2022-10-04T03:47:44.086955+00:00
[2022-10-04T03:47:44.110+0000] {processor.py:178} INFO - Processing /usr/local/lib/python3.10/dist-packages/airflow/example_dags/example_latest_only_with_trigger.py took 0.091 seconds
[2022-10-04T03:48:21.829+0000] {processor.py:156} INFO - Started process (PID=1169) to work on /usr/local/lib/python3.10/dist-packages/airflow/example_dags/example_latest_only_with_trigger.py
[2022-10-04T03:48:21.830+0000] {processor.py:758} INFO - Processing file /usr/local/lib/python3.10/dist-packages/airflow/example_dags/example_latest_only_with_trigger.py for tasks to queue
[2022-10-04T03:48:21.831+0000] {logging_mixin.py:117} INFO - [2022-10-04T03:48:21.831+0000] {dagbag.py:525} INFO - Filling up the DagBag from /usr/local/lib/python3.10/dist-packages/airflow/example_dags/example_latest_only_with_trigger.py
[2022-10-04T03:48:21.847+0000] {processor.py:768} INFO - DAG(s) dict_keys(['latest_only_with_trigger']) retrieved from /usr/local/lib/python3.10/dist-packages/airflow/example_dags/example_latest_only_with_trigger.py
[2022-10-04T03:48:21.876+0000] {logging_mixin.py:117} INFO - [2022-10-04T03:48:21.875+0000] {dag.py:2573} INFO - Sync 1 DAGs
[2022-10-04T03:48:21.894+0000] {logging_mixin.py:117} INFO - [2022-10-04T03:48:21.894+0000] {dag.py:3324} INFO - Setting next_dagrun for latest_only_with_trigger to 2022-10-03T23:48:21.894220+00:00, run_after=2022-10-04T03:48:21.894220+00:00
[2022-10-04T03:48:21.922+0000] {processor.py:178} INFO - Processing /usr/local/lib/python3.10/dist-packages/airflow/example_dags/example_latest_only_with_trigger.py took 0.097 seconds
[2022-10-04T03:49:47.004+0000] {processor.py:156} INFO - Started process (PID=1257) to work on /usr/local/lib/python3.10/dist-packages/airflow/example_dags/example_latest_only_with_trigger.py
[2022-10-04T03:49:47.005+0000] {processor.py:758} INFO - Processing file /usr/local/lib/python3.10/dist-packages/airflow/example_dags/example_latest_only_with_trigger.py for tasks to queue
[2022-10-04T03:49:47.006+0000] {logging_mixin.py:117} INFO - [2022-10-04T03:49:47.006+0000] {dagbag.py:525} INFO - Filling up the DagBag from /usr/local/lib/python3.10/dist-packages/airflow/example_dags/example_latest_only_with_trigger.py
[2022-10-04T03:49:47.021+0000] {processor.py:768} INFO - DAG(s) dict_keys(['latest_only_with_trigger']) retrieved from /usr/local/lib/python3.10/dist-packages/airflow/example_dags/example_latest_only_with_trigger.py
[2022-10-04T03:49:47.034+0000] {logging_mixin.py:117} INFO - [2022-10-04T03:49:47.034+0000] {dag.py:2573} INFO - Sync 1 DAGs
[2022-10-04T03:49:47.055+0000] {logging_mixin.py:117} INFO - [2022-10-04T03:49:47.055+0000] {dag.py:3324} INFO - Setting next_dagrun for latest_only_with_trigger to 2022-10-03T23:49:47.054795+00:00, run_after=2022-10-04T03:49:47.054795+00:00
[2022-10-04T03:49:47.078+0000] {processor.py:178} INFO - Processing /usr/local/lib/python3.10/dist-packages/airflow/example_dags/example_latest_only_with_trigger.py took 0.079 seconds
[2022-10-04T03:50:30.439+0000] {processor.py:156} INFO - Started process (PID=1298) to work on /usr/local/lib/python3.10/dist-packages/airflow/example_dags/example_latest_only_with_trigger.py
[2022-10-04T03:50:30.440+0000] {processor.py:758} INFO - Processing file /usr/local/lib/python3.10/dist-packages/airflow/example_dags/example_latest_only_with_trigger.py for tasks to queue
[2022-10-04T03:50:30.441+0000] {logging_mixin.py:117} INFO - [2022-10-04T03:50:30.441+0000] {dagbag.py:525} INFO - Filling up the DagBag from /usr/local/lib/python3.10/dist-packages/airflow/example_dags/example_latest_only_with_trigger.py
[2022-10-04T03:50:30.456+0000] {processor.py:768} INFO - DAG(s) dict_keys(['latest_only_with_trigger']) retrieved from /usr/local/lib/python3.10/dist-packages/airflow/example_dags/example_latest_only_with_trigger.py
[2022-10-04T03:50:30.485+0000] {logging_mixin.py:117} INFO - [2022-10-04T03:50:30.485+0000] {dag.py:2573} INFO - Sync 1 DAGs
[2022-10-04T03:50:30.504+0000] {logging_mixin.py:117} INFO - [2022-10-04T03:50:30.504+0000] {dag.py:3324} INFO - Setting next_dagrun for latest_only_with_trigger to 2022-10-03T23:50:30.504177+00:00, run_after=2022-10-04T03:50:30.504177+00:00
[2022-10-04T03:50:30.527+0000] {processor.py:178} INFO - Processing /usr/local/lib/python3.10/dist-packages/airflow/example_dags/example_latest_only_with_trigger.py took 0.092 seconds
[2022-10-04T03:51:09.631+0000] {processor.py:156} INFO - Started process (PID=1343) to work on /usr/local/lib/python3.10/dist-packages/airflow/example_dags/example_latest_only_with_trigger.py
[2022-10-04T03:51:09.633+0000] {processor.py:758} INFO - Processing file /usr/local/lib/python3.10/dist-packages/airflow/example_dags/example_latest_only_with_trigger.py for tasks to queue
[2022-10-04T03:51:09.633+0000] {logging_mixin.py:117} INFO - [2022-10-04T03:51:09.633+0000] {dagbag.py:525} INFO - Filling up the DagBag from /usr/local/lib/python3.10/dist-packages/airflow/example_dags/example_latest_only_with_trigger.py
[2022-10-04T03:51:09.650+0000] {processor.py:768} INFO - DAG(s) dict_keys(['latest_only_with_trigger']) retrieved from /usr/local/lib/python3.10/dist-packages/airflow/example_dags/example_latest_only_with_trigger.py
[2022-10-04T03:51:09.679+0000] {logging_mixin.py:117} INFO - [2022-10-04T03:51:09.678+0000] {dag.py:2573} INFO - Sync 1 DAGs
[2022-10-04T03:51:09.698+0000] {logging_mixin.py:117} INFO - [2022-10-04T03:51:09.698+0000] {dag.py:3324} INFO - Setting next_dagrun for latest_only_with_trigger to 2022-10-03T23:51:09.698506+00:00, run_after=2022-10-04T03:51:09.698506+00:00
[2022-10-04T03:51:09.723+0000] {processor.py:178} INFO - Processing /usr/local/lib/python3.10/dist-packages/airflow/example_dags/example_latest_only_with_trigger.py took 0.094 seconds
[2022-10-04T03:51:48.725+0000] {processor.py:156} INFO - Started process (PID=1380) to work on /usr/local/lib/python3.10/dist-packages/airflow/example_dags/example_latest_only_with_trigger.py
[2022-10-04T03:51:48.726+0000] {processor.py:758} INFO - Processing file /usr/local/lib/python3.10/dist-packages/airflow/example_dags/example_latest_only_with_trigger.py for tasks to queue
[2022-10-04T03:51:48.727+0000] {logging_mixin.py:117} INFO - [2022-10-04T03:51:48.727+0000] {dagbag.py:525} INFO - Filling up the DagBag from /usr/local/lib/python3.10/dist-packages/airflow/example_dags/example_latest_only_with_trigger.py
[2022-10-04T03:51:48.742+0000] {processor.py:768} INFO - DAG(s) dict_keys(['latest_only_with_trigger']) retrieved from /usr/local/lib/python3.10/dist-packages/airflow/example_dags/example_latest_only_with_trigger.py
[2022-10-04T03:51:48.771+0000] {logging_mixin.py:117} INFO - [2022-10-04T03:51:48.771+0000] {dag.py:2573} INFO - Sync 1 DAGs
[2022-10-04T03:51:48.797+0000] {logging_mixin.py:117} INFO - [2022-10-04T03:51:48.797+0000] {dag.py:3324} INFO - Setting next_dagrun for latest_only_with_trigger to 2022-10-03T23:51:48.797148+00:00, run_after=2022-10-04T03:51:48.797148+00:00
[2022-10-04T03:51:48.821+0000] {processor.py:178} INFO - Processing /usr/local/lib/python3.10/dist-packages/airflow/example_dags/example_latest_only_with_trigger.py took 0.099 seconds
[2022-10-04T03:52:27.622+0000] {processor.py:156} INFO - Started process (PID=1419) to work on /usr/local/lib/python3.10/dist-packages/airflow/example_dags/example_latest_only_with_trigger.py
[2022-10-04T03:52:27.623+0000] {processor.py:758} INFO - Processing file /usr/local/lib/python3.10/dist-packages/airflow/example_dags/example_latest_only_with_trigger.py for tasks to queue
[2022-10-04T03:52:27.623+0000] {logging_mixin.py:117} INFO - [2022-10-04T03:52:27.623+0000] {dagbag.py:525} INFO - Filling up the DagBag from /usr/local/lib/python3.10/dist-packages/airflow/example_dags/example_latest_only_with_trigger.py
[2022-10-04T03:52:27.639+0000] {processor.py:768} INFO - DAG(s) dict_keys(['latest_only_with_trigger']) retrieved from /usr/local/lib/python3.10/dist-packages/airflow/example_dags/example_latest_only_with_trigger.py
[2022-10-04T03:52:27.666+0000] {logging_mixin.py:117} INFO - [2022-10-04T03:52:27.666+0000] {dag.py:2573} INFO - Sync 1 DAGs
[2022-10-04T03:52:27.685+0000] {logging_mixin.py:117} INFO - [2022-10-04T03:52:27.685+0000] {dag.py:3324} INFO - Setting next_dagrun for latest_only_with_trigger to 2022-10-03T23:52:27.684890+00:00, run_after=2022-10-04T03:52:27.684890+00:00
[2022-10-04T03:52:27.710+0000] {processor.py:178} INFO - Processing /usr/local/lib/python3.10/dist-packages/airflow/example_dags/example_latest_only_with_trigger.py took 0.092 seconds
[2022-10-04T03:53:06.516+0000] {processor.py:156} INFO - Started process (PID=1456) to work on /usr/local/lib/python3.10/dist-packages/airflow/example_dags/example_latest_only_with_trigger.py
[2022-10-04T03:53:06.518+0000] {processor.py:758} INFO - Processing file /usr/local/lib/python3.10/dist-packages/airflow/example_dags/example_latest_only_with_trigger.py for tasks to queue
[2022-10-04T03:53:06.518+0000] {logging_mixin.py:117} INFO - [2022-10-04T03:53:06.518+0000] {dagbag.py:525} INFO - Filling up the DagBag from /usr/local/lib/python3.10/dist-packages/airflow/example_dags/example_latest_only_with_trigger.py
[2022-10-04T03:53:06.540+0000] {processor.py:768} INFO - DAG(s) dict_keys(['latest_only_with_trigger']) retrieved from /usr/local/lib/python3.10/dist-packages/airflow/example_dags/example_latest_only_with_trigger.py
[2022-10-04T03:53:06.576+0000] {logging_mixin.py:117} INFO - [2022-10-04T03:53:06.576+0000] {dag.py:2573} INFO - Sync 1 DAGs
[2022-10-04T03:53:06.596+0000] {logging_mixin.py:117} INFO - [2022-10-04T03:53:06.596+0000] {dag.py:3324} INFO - Setting next_dagrun for latest_only_with_trigger to 2022-10-03T23:53:06.596275+00:00, run_after=2022-10-04T03:53:06.596275+00:00
[2022-10-04T03:53:06.627+0000] {processor.py:178} INFO - Processing /usr/local/lib/python3.10/dist-packages/airflow/example_dags/example_latest_only_with_trigger.py took 0.114 seconds
[2022-10-04T03:53:42.493+0000] {processor.py:156} INFO - Started process (PID=1491) to work on /usr/local/lib/python3.10/dist-packages/airflow/example_dags/example_latest_only_with_trigger.py
[2022-10-04T03:53:42.496+0000] {processor.py:758} INFO - Processing file /usr/local/lib/python3.10/dist-packages/airflow/example_dags/example_latest_only_with_trigger.py for tasks to queue
[2022-10-04T03:53:42.498+0000] {logging_mixin.py:117} INFO - [2022-10-04T03:53:42.498+0000] {dagbag.py:525} INFO - Filling up the DagBag from /usr/local/lib/python3.10/dist-packages/airflow/example_dags/example_latest_only_with_trigger.py
[2022-10-04T03:53:42.532+0000] {processor.py:768} INFO - DAG(s) dict_keys(['latest_only_with_trigger']) retrieved from /usr/local/lib/python3.10/dist-packages/airflow/example_dags/example_latest_only_with_trigger.py
[2022-10-04T03:53:42.573+0000] {logging_mixin.py:117} INFO - [2022-10-04T03:53:42.573+0000] {dag.py:2573} INFO - Sync 1 DAGs
[2022-10-04T03:53:42.612+0000] {logging_mixin.py:117} INFO - [2022-10-04T03:53:42.612+0000] {dag.py:3324} INFO - Setting next_dagrun for latest_only_with_trigger to 2022-10-03T23:53:42.612145+00:00, run_after=2022-10-04T03:53:42.612145+00:00
[2022-10-04T03:53:42.642+0000] {processor.py:178} INFO - Processing /usr/local/lib/python3.10/dist-packages/airflow/example_dags/example_latest_only_with_trigger.py took 0.156 seconds
[2022-10-04T03:54:57.207+0000] {processor.py:156} INFO - Started process (PID=1594) to work on /usr/local/lib/python3.10/dist-packages/airflow/example_dags/example_latest_only_with_trigger.py
[2022-10-04T03:54:57.209+0000] {processor.py:758} INFO - Processing file /usr/local/lib/python3.10/dist-packages/airflow/example_dags/example_latest_only_with_trigger.py for tasks to queue
[2022-10-04T03:54:57.209+0000] {logging_mixin.py:117} INFO - [2022-10-04T03:54:57.209+0000] {dagbag.py:525} INFO - Filling up the DagBag from /usr/local/lib/python3.10/dist-packages/airflow/example_dags/example_latest_only_with_trigger.py
[2022-10-04T03:54:57.223+0000] {processor.py:768} INFO - DAG(s) dict_keys(['latest_only_with_trigger']) retrieved from /usr/local/lib/python3.10/dist-packages/airflow/example_dags/example_latest_only_with_trigger.py
[2022-10-04T03:54:57.235+0000] {logging_mixin.py:117} INFO - [2022-10-04T03:54:57.235+0000] {dag.py:2573} INFO - Sync 1 DAGs
[2022-10-04T03:54:57.255+0000] {logging_mixin.py:117} INFO - [2022-10-04T03:54:57.255+0000] {dag.py:3324} INFO - Setting next_dagrun for latest_only_with_trigger to 2022-10-03T23:54:57.255485+00:00, run_after=2022-10-04T03:54:57.255485+00:00
[2022-10-04T03:54:57.277+0000] {processor.py:178} INFO - Processing /usr/local/lib/python3.10/dist-packages/airflow/example_dags/example_latest_only_with_trigger.py took 0.072 seconds
[2022-10-04T04:35:43.812+0000] {processor.py:156} INFO - Started process (PID=1786) to work on /usr/local/lib/python3.10/dist-packages/airflow/example_dags/example_latest_only_with_trigger.py
[2022-10-04T04:35:43.814+0000] {processor.py:758} INFO - Processing file /usr/local/lib/python3.10/dist-packages/airflow/example_dags/example_latest_only_with_trigger.py for tasks to queue
[2022-10-04T04:35:43.815+0000] {logging_mixin.py:117} INFO - [2022-10-04T04:35:43.814+0000] {dagbag.py:525} INFO - Filling up the DagBag from /usr/local/lib/python3.10/dist-packages/airflow/example_dags/example_latest_only_with_trigger.py
[2022-10-04T04:35:43.859+0000] {processor.py:768} INFO - DAG(s) dict_keys(['latest_only_with_trigger']) retrieved from /usr/local/lib/python3.10/dist-packages/airflow/example_dags/example_latest_only_with_trigger.py
[2022-10-04T04:35:43.900+0000] {logging_mixin.py:117} INFO - [2022-10-04T04:35:43.896+0000] {dag.py:2573} INFO - Sync 1 DAGs
[2022-10-04T04:35:43.945+0000] {logging_mixin.py:117} INFO - [2022-10-04T04:35:43.945+0000] {dag.py:3324} INFO - Setting next_dagrun for latest_only_with_trigger to 2022-10-04T00:35:43.944707+00:00, run_after=2022-10-04T04:35:43.944707+00:00
[2022-10-04T04:35:44.003+0000] {processor.py:178} INFO - Processing /usr/local/lib/python3.10/dist-packages/airflow/example_dags/example_latest_only_with_trigger.py took 0.199 seconds
[2022-10-04T04:37:24.619+0000] {processor.py:156} INFO - Started process (PID=1876) to work on /usr/local/lib/python3.10/dist-packages/airflow/example_dags/example_latest_only_with_trigger.py
[2022-10-04T04:37:24.621+0000] {processor.py:758} INFO - Processing file /usr/local/lib/python3.10/dist-packages/airflow/example_dags/example_latest_only_with_trigger.py for tasks to queue
[2022-10-04T04:37:24.622+0000] {logging_mixin.py:117} INFO - [2022-10-04T04:37:24.622+0000] {dagbag.py:525} INFO - Filling up the DagBag from /usr/local/lib/python3.10/dist-packages/airflow/example_dags/example_latest_only_with_trigger.py
[2022-10-04T04:37:24.637+0000] {processor.py:768} INFO - DAG(s) dict_keys(['latest_only_with_trigger']) retrieved from /usr/local/lib/python3.10/dist-packages/airflow/example_dags/example_latest_only_with_trigger.py
[2022-10-04T04:37:24.663+0000] {logging_mixin.py:117} INFO - [2022-10-04T04:37:24.662+0000] {dag.py:2573} INFO - Sync 1 DAGs
[2022-10-04T04:37:24.683+0000] {logging_mixin.py:117} INFO - [2022-10-04T04:37:24.683+0000] {dag.py:3324} INFO - Setting next_dagrun for latest_only_with_trigger to 2022-10-04T00:37:24.682797+00:00, run_after=2022-10-04T04:37:24.682797+00:00
[2022-10-04T04:37:24.705+0000] {processor.py:178} INFO - Processing /usr/local/lib/python3.10/dist-packages/airflow/example_dags/example_latest_only_with_trigger.py took 0.089 seconds
[2022-10-04T04:45:58.598+0000] {processor.py:156} INFO - Started process (PID=2006) to work on /usr/local/lib/python3.10/dist-packages/airflow/example_dags/example_latest_only_with_trigger.py
[2022-10-04T04:45:58.599+0000] {processor.py:758} INFO - Processing file /usr/local/lib/python3.10/dist-packages/airflow/example_dags/example_latest_only_with_trigger.py for tasks to queue
[2022-10-04T04:45:58.600+0000] {logging_mixin.py:117} INFO - [2022-10-04T04:45:58.599+0000] {dagbag.py:525} INFO - Filling up the DagBag from /usr/local/lib/python3.10/dist-packages/airflow/example_dags/example_latest_only_with_trigger.py
[2022-10-04T04:45:58.609+0000] {processor.py:768} INFO - DAG(s) dict_keys(['latest_only_with_trigger']) retrieved from /usr/local/lib/python3.10/dist-packages/airflow/example_dags/example_latest_only_with_trigger.py
[2022-10-04T04:45:58.634+0000] {logging_mixin.py:117} INFO - [2022-10-04T04:45:58.634+0000] {dag.py:2573} INFO - Sync 1 DAGs
[2022-10-04T04:45:58.650+0000] {logging_mixin.py:117} INFO - [2022-10-04T04:45:58.650+0000] {dag.py:3324} INFO - Setting next_dagrun for latest_only_with_trigger to 2022-10-04T00:45:58.650199+00:00, run_after=2022-10-04T04:45:58.650199+00:00
[2022-10-04T04:45:58.674+0000] {processor.py:178} INFO - Processing /usr/local/lib/python3.10/dist-packages/airflow/example_dags/example_latest_only_with_trigger.py took 0.080 seconds
[2022-10-04T04:46:35.253+0000] {processor.py:156} INFO - Started process (PID=2043) to work on /usr/local/lib/python3.10/dist-packages/airflow/example_dags/example_latest_only_with_trigger.py
[2022-10-04T04:46:35.254+0000] {processor.py:758} INFO - Processing file /usr/local/lib/python3.10/dist-packages/airflow/example_dags/example_latest_only_with_trigger.py for tasks to queue
[2022-10-04T04:46:35.255+0000] {logging_mixin.py:117} INFO - [2022-10-04T04:46:35.254+0000] {dagbag.py:525} INFO - Filling up the DagBag from /usr/local/lib/python3.10/dist-packages/airflow/example_dags/example_latest_only_with_trigger.py
[2022-10-04T04:46:35.263+0000] {processor.py:768} INFO - DAG(s) dict_keys(['latest_only_with_trigger']) retrieved from /usr/local/lib/python3.10/dist-packages/airflow/example_dags/example_latest_only_with_trigger.py
[2022-10-04T04:46:35.287+0000] {logging_mixin.py:117} INFO - [2022-10-04T04:46:35.287+0000] {dag.py:2573} INFO - Sync 1 DAGs
[2022-10-04T04:46:35.307+0000] {logging_mixin.py:117} INFO - [2022-10-04T04:46:35.307+0000] {dag.py:3324} INFO - Setting next_dagrun for latest_only_with_trigger to 2022-10-04T00:46:35.307400+00:00, run_after=2022-10-04T04:46:35.307400+00:00
[2022-10-04T04:46:35.330+0000] {processor.py:178} INFO - Processing /usr/local/lib/python3.10/dist-packages/airflow/example_dags/example_latest_only_with_trigger.py took 0.081 seconds
[2022-10-04T04:47:14.331+0000] {processor.py:156} INFO - Started process (PID=2081) to work on /usr/local/lib/python3.10/dist-packages/airflow/example_dags/example_latest_only_with_trigger.py
[2022-10-04T04:47:14.333+0000] {processor.py:758} INFO - Processing file /usr/local/lib/python3.10/dist-packages/airflow/example_dags/example_latest_only_with_trigger.py for tasks to queue
[2022-10-04T04:47:14.334+0000] {logging_mixin.py:117} INFO - [2022-10-04T04:47:14.334+0000] {dagbag.py:525} INFO - Filling up the DagBag from /usr/local/lib/python3.10/dist-packages/airflow/example_dags/example_latest_only_with_trigger.py
[2022-10-04T04:47:14.343+0000] {processor.py:768} INFO - DAG(s) dict_keys(['latest_only_with_trigger']) retrieved from /usr/local/lib/python3.10/dist-packages/airflow/example_dags/example_latest_only_with_trigger.py
[2022-10-04T04:47:14.369+0000] {logging_mixin.py:117} INFO - [2022-10-04T04:47:14.369+0000] {dag.py:2573} INFO - Sync 1 DAGs
[2022-10-04T04:47:14.387+0000] {logging_mixin.py:117} INFO - [2022-10-04T04:47:14.387+0000] {dag.py:3324} INFO - Setting next_dagrun for latest_only_with_trigger to 2022-10-04T00:47:14.387507+00:00, run_after=2022-10-04T04:47:14.387507+00:00
[2022-10-04T04:47:14.413+0000] {processor.py:178} INFO - Processing /usr/local/lib/python3.10/dist-packages/airflow/example_dags/example_latest_only_with_trigger.py took 0.086 seconds
[2022-10-04T04:47:52.626+0000] {processor.py:156} INFO - Started process (PID=2118) to work on /usr/local/lib/python3.10/dist-packages/airflow/example_dags/example_latest_only_with_trigger.py
[2022-10-04T04:47:52.627+0000] {processor.py:758} INFO - Processing file /usr/local/lib/python3.10/dist-packages/airflow/example_dags/example_latest_only_with_trigger.py for tasks to queue
[2022-10-04T04:47:52.628+0000] {logging_mixin.py:117} INFO - [2022-10-04T04:47:52.628+0000] {dagbag.py:525} INFO - Filling up the DagBag from /usr/local/lib/python3.10/dist-packages/airflow/example_dags/example_latest_only_with_trigger.py
[2022-10-04T04:47:52.636+0000] {processor.py:768} INFO - DAG(s) dict_keys(['latest_only_with_trigger']) retrieved from /usr/local/lib/python3.10/dist-packages/airflow/example_dags/example_latest_only_with_trigger.py
[2022-10-04T04:47:52.657+0000] {logging_mixin.py:117} INFO - [2022-10-04T04:47:52.657+0000] {dag.py:2573} INFO - Sync 1 DAGs
[2022-10-04T04:47:52.672+0000] {logging_mixin.py:117} INFO - [2022-10-04T04:47:52.672+0000] {dag.py:3324} INFO - Setting next_dagrun for latest_only_with_trigger to 2022-10-04T00:47:52.671873+00:00, run_after=2022-10-04T04:47:52.671873+00:00
[2022-10-04T04:47:52.694+0000] {processor.py:178} INFO - Processing /usr/local/lib/python3.10/dist-packages/airflow/example_dags/example_latest_only_with_trigger.py took 0.071 seconds
[2022-10-04T04:48:30.134+0000] {processor.py:156} INFO - Started process (PID=2156) to work on /usr/local/lib/python3.10/dist-packages/airflow/example_dags/example_latest_only_with_trigger.py
[2022-10-04T04:48:30.136+0000] {processor.py:758} INFO - Processing file /usr/local/lib/python3.10/dist-packages/airflow/example_dags/example_latest_only_with_trigger.py for tasks to queue
[2022-10-04T04:48:30.136+0000] {logging_mixin.py:117} INFO - [2022-10-04T04:48:30.136+0000] {dagbag.py:525} INFO - Filling up the DagBag from /usr/local/lib/python3.10/dist-packages/airflow/example_dags/example_latest_only_with_trigger.py
[2022-10-04T04:48:30.145+0000] {processor.py:768} INFO - DAG(s) dict_keys(['latest_only_with_trigger']) retrieved from /usr/local/lib/python3.10/dist-packages/airflow/example_dags/example_latest_only_with_trigger.py
[2022-10-04T04:48:30.166+0000] {logging_mixin.py:117} INFO - [2022-10-04T04:48:30.166+0000] {dag.py:2573} INFO - Sync 1 DAGs
[2022-10-04T04:48:30.181+0000] {logging_mixin.py:117} INFO - [2022-10-04T04:48:30.181+0000] {dag.py:3324} INFO - Setting next_dagrun for latest_only_with_trigger to 2022-10-04T00:48:30.181058+00:00, run_after=2022-10-04T04:48:30.181058+00:00
[2022-10-04T04:48:30.205+0000] {processor.py:178} INFO - Processing /usr/local/lib/python3.10/dist-packages/airflow/example_dags/example_latest_only_with_trigger.py took 0.074 seconds
[2022-10-04T04:49:06.576+0000] {processor.py:156} INFO - Started process (PID=2194) to work on /usr/local/lib/python3.10/dist-packages/airflow/example_dags/example_latest_only_with_trigger.py
[2022-10-04T04:49:06.579+0000] {processor.py:758} INFO - Processing file /usr/local/lib/python3.10/dist-packages/airflow/example_dags/example_latest_only_with_trigger.py for tasks to queue
[2022-10-04T04:49:06.580+0000] {logging_mixin.py:117} INFO - [2022-10-04T04:49:06.579+0000] {dagbag.py:525} INFO - Filling up the DagBag from /usr/local/lib/python3.10/dist-packages/airflow/example_dags/example_latest_only_with_trigger.py
[2022-10-04T04:49:06.589+0000] {processor.py:768} INFO - DAG(s) dict_keys(['latest_only_with_trigger']) retrieved from /usr/local/lib/python3.10/dist-packages/airflow/example_dags/example_latest_only_with_trigger.py
[2022-10-04T04:49:06.612+0000] {logging_mixin.py:117} INFO - [2022-10-04T04:49:06.611+0000] {dag.py:2573} INFO - Sync 1 DAGs
[2022-10-04T04:49:06.628+0000] {logging_mixin.py:117} INFO - [2022-10-04T04:49:06.628+0000] {dag.py:3324} INFO - Setting next_dagrun for latest_only_with_trigger to 2022-10-04T00:49:06.627856+00:00, run_after=2022-10-04T04:49:06.627856+00:00
[2022-10-04T04:49:06.653+0000] {processor.py:178} INFO - Processing /usr/local/lib/python3.10/dist-packages/airflow/example_dags/example_latest_only_with_trigger.py took 0.080 seconds
[2022-10-04T04:49:44.194+0000] {processor.py:156} INFO - Started process (PID=2231) to work on /usr/local/lib/python3.10/dist-packages/airflow/example_dags/example_latest_only_with_trigger.py
[2022-10-04T04:49:44.195+0000] {processor.py:758} INFO - Processing file /usr/local/lib/python3.10/dist-packages/airflow/example_dags/example_latest_only_with_trigger.py for tasks to queue
[2022-10-04T04:49:44.196+0000] {logging_mixin.py:117} INFO - [2022-10-04T04:49:44.196+0000] {dagbag.py:525} INFO - Filling up the DagBag from /usr/local/lib/python3.10/dist-packages/airflow/example_dags/example_latest_only_with_trigger.py
[2022-10-04T04:49:44.203+0000] {processor.py:768} INFO - DAG(s) dict_keys(['latest_only_with_trigger']) retrieved from /usr/local/lib/python3.10/dist-packages/airflow/example_dags/example_latest_only_with_trigger.py
[2022-10-04T04:49:44.226+0000] {logging_mixin.py:117} INFO - [2022-10-04T04:49:44.226+0000] {dag.py:2573} INFO - Sync 1 DAGs
[2022-10-04T04:49:44.243+0000] {logging_mixin.py:117} INFO - [2022-10-04T04:49:44.243+0000] {dag.py:3324} INFO - Setting next_dagrun for latest_only_with_trigger to 2022-10-04T00:49:44.242898+00:00, run_after=2022-10-04T04:49:44.242898+00:00
[2022-10-04T04:49:44.264+0000] {processor.py:178} INFO - Processing /usr/local/lib/python3.10/dist-packages/airflow/example_dags/example_latest_only_with_trigger.py took 0.074 seconds
[2022-10-04T04:50:22.740+0000] {processor.py:156} INFO - Started process (PID=2269) to work on /usr/local/lib/python3.10/dist-packages/airflow/example_dags/example_latest_only_with_trigger.py
[2022-10-04T04:50:22.741+0000] {processor.py:758} INFO - Processing file /usr/local/lib/python3.10/dist-packages/airflow/example_dags/example_latest_only_with_trigger.py for tasks to queue
[2022-10-04T04:50:22.742+0000] {logging_mixin.py:117} INFO - [2022-10-04T04:50:22.742+0000] {dagbag.py:525} INFO - Filling up the DagBag from /usr/local/lib/python3.10/dist-packages/airflow/example_dags/example_latest_only_with_trigger.py
[2022-10-04T04:50:22.750+0000] {processor.py:768} INFO - DAG(s) dict_keys(['latest_only_with_trigger']) retrieved from /usr/local/lib/python3.10/dist-packages/airflow/example_dags/example_latest_only_with_trigger.py
[2022-10-04T04:50:22.773+0000] {logging_mixin.py:117} INFO - [2022-10-04T04:50:22.773+0000] {dag.py:2573} INFO - Sync 1 DAGs
[2022-10-04T04:50:22.795+0000] {logging_mixin.py:117} INFO - [2022-10-04T04:50:22.795+0000] {dag.py:3324} INFO - Setting next_dagrun for latest_only_with_trigger to 2022-10-04T00:50:22.795471+00:00, run_after=2022-10-04T04:50:22.795471+00:00
[2022-10-04T04:50:22.819+0000] {processor.py:178} INFO - Processing /usr/local/lib/python3.10/dist-packages/airflow/example_dags/example_latest_only_with_trigger.py took 0.082 seconds
[2022-10-04T04:51:00.780+0000] {processor.py:156} INFO - Started process (PID=2307) to work on /usr/local/lib/python3.10/dist-packages/airflow/example_dags/example_latest_only_with_trigger.py
[2022-10-04T04:51:00.781+0000] {processor.py:758} INFO - Processing file /usr/local/lib/python3.10/dist-packages/airflow/example_dags/example_latest_only_with_trigger.py for tasks to queue
[2022-10-04T04:51:00.782+0000] {logging_mixin.py:117} INFO - [2022-10-04T04:51:00.781+0000] {dagbag.py:525} INFO - Filling up the DagBag from /usr/local/lib/python3.10/dist-packages/airflow/example_dags/example_latest_only_with_trigger.py
[2022-10-04T04:51:00.791+0000] {processor.py:768} INFO - DAG(s) dict_keys(['latest_only_with_trigger']) retrieved from /usr/local/lib/python3.10/dist-packages/airflow/example_dags/example_latest_only_with_trigger.py
[2022-10-04T04:51:00.812+0000] {logging_mixin.py:117} INFO - [2022-10-04T04:51:00.812+0000] {dag.py:2573} INFO - Sync 1 DAGs
[2022-10-04T04:51:00.827+0000] {logging_mixin.py:117} INFO - [2022-10-04T04:51:00.826+0000] {dag.py:3324} INFO - Setting next_dagrun for latest_only_with_trigger to 2022-10-04T00:51:00.826727+00:00, run_after=2022-10-04T04:51:00.826727+00:00
[2022-10-04T04:51:00.851+0000] {processor.py:178} INFO - Processing /usr/local/lib/python3.10/dist-packages/airflow/example_dags/example_latest_only_with_trigger.py took 0.074 seconds
[2022-10-04T04:51:39.733+0000] {processor.py:156} INFO - Started process (PID=2346) to work on /usr/local/lib/python3.10/dist-packages/airflow/example_dags/example_latest_only_with_trigger.py
[2022-10-04T04:51:39.734+0000] {processor.py:758} INFO - Processing file /usr/local/lib/python3.10/dist-packages/airflow/example_dags/example_latest_only_with_trigger.py for tasks to queue
[2022-10-04T04:51:39.735+0000] {logging_mixin.py:117} INFO - [2022-10-04T04:51:39.735+0000] {dagbag.py:525} INFO - Filling up the DagBag from /usr/local/lib/python3.10/dist-packages/airflow/example_dags/example_latest_only_with_trigger.py
[2022-10-04T04:51:39.744+0000] {processor.py:768} INFO - DAG(s) dict_keys(['latest_only_with_trigger']) retrieved from /usr/local/lib/python3.10/dist-packages/airflow/example_dags/example_latest_only_with_trigger.py
[2022-10-04T04:51:39.766+0000] {logging_mixin.py:117} INFO - [2022-10-04T04:51:39.766+0000] {dag.py:2573} INFO - Sync 1 DAGs
[2022-10-04T04:51:39.782+0000] {logging_mixin.py:117} INFO - [2022-10-04T04:51:39.781+0000] {dag.py:3324} INFO - Setting next_dagrun for latest_only_with_trigger to 2022-10-04T00:51:39.781621+00:00, run_after=2022-10-04T04:51:39.781621+00:00
[2022-10-04T04:51:39.803+0000] {processor.py:178} INFO - Processing /usr/local/lib/python3.10/dist-packages/airflow/example_dags/example_latest_only_with_trigger.py took 0.073 seconds
[2022-10-04T04:52:18.057+0000] {processor.py:156} INFO - Started process (PID=2384) to work on /usr/local/lib/python3.10/dist-packages/airflow/example_dags/example_latest_only_with_trigger.py
[2022-10-04T04:52:18.059+0000] {processor.py:758} INFO - Processing file /usr/local/lib/python3.10/dist-packages/airflow/example_dags/example_latest_only_with_trigger.py for tasks to queue
[2022-10-04T04:52:18.059+0000] {logging_mixin.py:117} INFO - [2022-10-04T04:52:18.059+0000] {dagbag.py:525} INFO - Filling up the DagBag from /usr/local/lib/python3.10/dist-packages/airflow/example_dags/example_latest_only_with_trigger.py
[2022-10-04T04:52:18.068+0000] {processor.py:768} INFO - DAG(s) dict_keys(['latest_only_with_trigger']) retrieved from /usr/local/lib/python3.10/dist-packages/airflow/example_dags/example_latest_only_with_trigger.py
[2022-10-04T04:52:18.090+0000] {logging_mixin.py:117} INFO - [2022-10-04T04:52:18.090+0000] {dag.py:2573} INFO - Sync 1 DAGs
[2022-10-04T04:52:18.107+0000] {logging_mixin.py:117} INFO - [2022-10-04T04:52:18.107+0000] {dag.py:3324} INFO - Setting next_dagrun for latest_only_with_trigger to 2022-10-04T00:52:18.107132+00:00, run_after=2022-10-04T04:52:18.107132+00:00
[2022-10-04T04:52:18.134+0000] {processor.py:178} INFO - Processing /usr/local/lib/python3.10/dist-packages/airflow/example_dags/example_latest_only_with_trigger.py took 0.080 seconds
[2022-10-04T04:52:59.826+0000] {processor.py:156} INFO - Started process (PID=2425) to work on /usr/local/lib/python3.10/dist-packages/airflow/example_dags/example_latest_only_with_trigger.py
[2022-10-04T04:52:59.827+0000] {processor.py:758} INFO - Processing file /usr/local/lib/python3.10/dist-packages/airflow/example_dags/example_latest_only_with_trigger.py for tasks to queue
[2022-10-04T04:52:59.827+0000] {logging_mixin.py:117} INFO - [2022-10-04T04:52:59.827+0000] {dagbag.py:525} INFO - Filling up the DagBag from /usr/local/lib/python3.10/dist-packages/airflow/example_dags/example_latest_only_with_trigger.py
[2022-10-04T04:52:59.835+0000] {processor.py:768} INFO - DAG(s) dict_keys(['latest_only_with_trigger']) retrieved from /usr/local/lib/python3.10/dist-packages/airflow/example_dags/example_latest_only_with_trigger.py
[2022-10-04T04:52:59.858+0000] {logging_mixin.py:117} INFO - [2022-10-04T04:52:59.858+0000] {dag.py:2573} INFO - Sync 1 DAGs
[2022-10-04T04:52:59.874+0000] {logging_mixin.py:117} INFO - [2022-10-04T04:52:59.874+0000] {dag.py:3324} INFO - Setting next_dagrun for latest_only_with_trigger to 2022-10-04T00:52:59.873805+00:00, run_after=2022-10-04T04:52:59.873805+00:00
[2022-10-04T04:52:59.897+0000] {processor.py:178} INFO - Processing /usr/local/lib/python3.10/dist-packages/airflow/example_dags/example_latest_only_with_trigger.py took 0.074 seconds
[2022-10-04T04:53:37.425+0000] {processor.py:156} INFO - Started process (PID=2461) to work on /usr/local/lib/python3.10/dist-packages/airflow/example_dags/example_latest_only_with_trigger.py
[2022-10-04T04:53:37.427+0000] {processor.py:758} INFO - Processing file /usr/local/lib/python3.10/dist-packages/airflow/example_dags/example_latest_only_with_trigger.py for tasks to queue
[2022-10-04T04:53:37.427+0000] {logging_mixin.py:117} INFO - [2022-10-04T04:53:37.427+0000] {dagbag.py:525} INFO - Filling up the DagBag from /usr/local/lib/python3.10/dist-packages/airflow/example_dags/example_latest_only_with_trigger.py
[2022-10-04T04:53:37.435+0000] {processor.py:768} INFO - DAG(s) dict_keys(['latest_only_with_trigger']) retrieved from /usr/local/lib/python3.10/dist-packages/airflow/example_dags/example_latest_only_with_trigger.py
[2022-10-04T04:53:37.456+0000] {logging_mixin.py:117} INFO - [2022-10-04T04:53:37.456+0000] {dag.py:2573} INFO - Sync 1 DAGs
[2022-10-04T04:53:37.473+0000] {logging_mixin.py:117} INFO - [2022-10-04T04:53:37.473+0000] {dag.py:3324} INFO - Setting next_dagrun for latest_only_with_trigger to 2022-10-04T00:53:37.473198+00:00, run_after=2022-10-04T04:53:37.473198+00:00
[2022-10-04T04:53:37.495+0000] {processor.py:178} INFO - Processing /usr/local/lib/python3.10/dist-packages/airflow/example_dags/example_latest_only_with_trigger.py took 0.076 seconds
[2022-10-04T04:54:14.308+0000] {processor.py:156} INFO - Started process (PID=2500) to work on /usr/local/lib/python3.10/dist-packages/airflow/example_dags/example_latest_only_with_trigger.py
[2022-10-04T04:54:14.309+0000] {processor.py:758} INFO - Processing file /usr/local/lib/python3.10/dist-packages/airflow/example_dags/example_latest_only_with_trigger.py for tasks to queue
[2022-10-04T04:54:14.310+0000] {logging_mixin.py:117} INFO - [2022-10-04T04:54:14.309+0000] {dagbag.py:525} INFO - Filling up the DagBag from /usr/local/lib/python3.10/dist-packages/airflow/example_dags/example_latest_only_with_trigger.py
[2022-10-04T04:54:14.317+0000] {processor.py:768} INFO - DAG(s) dict_keys(['latest_only_with_trigger']) retrieved from /usr/local/lib/python3.10/dist-packages/airflow/example_dags/example_latest_only_with_trigger.py
[2022-10-04T04:54:14.338+0000] {logging_mixin.py:117} INFO - [2022-10-04T04:54:14.337+0000] {dag.py:2573} INFO - Sync 1 DAGs
[2022-10-04T04:54:14.353+0000] {logging_mixin.py:117} INFO - [2022-10-04T04:54:14.353+0000] {dag.py:3324} INFO - Setting next_dagrun for latest_only_with_trigger to 2022-10-04T00:54:14.353244+00:00, run_after=2022-10-04T04:54:14.353244+00:00
[2022-10-04T04:54:14.375+0000] {processor.py:178} INFO - Processing /usr/local/lib/python3.10/dist-packages/airflow/example_dags/example_latest_only_with_trigger.py took 0.070 seconds
