[2022-10-04T03:09:25.868+0000] {processor.py:156} INFO - Started process (PID=7702) to work on /usr/local/lib/python3.10/dist-packages/airflow/example_dags/example_branch_python_dop_operator_3.py
[2022-10-04T03:09:25.869+0000] {processor.py:758} INFO - Processing file /usr/local/lib/python3.10/dist-packages/airflow/example_dags/example_branch_python_dop_operator_3.py for tasks to queue
[2022-10-04T03:09:25.869+0000] {logging_mixin.py:117} INFO - [2022-10-04T03:09:25.869+0000] {dagbag.py:525} INFO - Filling up the DagBag from /usr/local/lib/python3.10/dist-packages/airflow/example_dags/example_branch_python_dop_operator_3.py
[2022-10-04T03:09:25.891+0000] {processor.py:768} INFO - DAG(s) dict_keys(['example_branch_dop_operator_v3']) retrieved from /usr/local/lib/python3.10/dist-packages/airflow/example_dags/example_branch_python_dop_operator_3.py
[2022-10-04T03:09:25.993+0000] {logging_mixin.py:117} INFO - [2022-10-04T03:09:25.992+0000] {manager.py:508} INFO - Created Permission View: can read on DAG:example_branch_dop_operator_v3
[2022-10-04T03:09:26.005+0000] {logging_mixin.py:117} INFO - [2022-10-04T03:09:26.005+0000] {manager.py:508} INFO - Created Permission View: can delete on DAG:example_branch_dop_operator_v3
[2022-10-04T03:09:26.015+0000] {logging_mixin.py:117} INFO - [2022-10-04T03:09:26.015+0000] {manager.py:508} INFO - Created Permission View: can edit on DAG:example_branch_dop_operator_v3
[2022-10-04T03:09:26.015+0000] {logging_mixin.py:117} INFO - [2022-10-04T03:09:26.015+0000] {dag.py:2573} INFO - Sync 1 DAGs
[2022-10-04T03:09:26.024+0000] {logging_mixin.py:117} INFO - [2022-10-04T03:09:26.024+0000] {dag.py:2594} INFO - Creating ORM DAG for example_branch_dop_operator_v3
[2022-10-04T03:09:26.036+0000] {logging_mixin.py:117} INFO - [2022-10-04T03:09:26.036+0000] {dag.py:3324} INFO - Setting next_dagrun for example_branch_dop_operator_v3 to 2022-10-04T03:08:00+00:00, run_after=2022-10-04T03:09:00+00:00
[2022-10-04T03:09:26.062+0000] {processor.py:178} INFO - Processing /usr/local/lib/python3.10/dist-packages/airflow/example_dags/example_branch_python_dop_operator_3.py took 0.196 seconds
[2022-10-04T03:10:04.311+0000] {processor.py:156} INFO - Started process (PID=7749) to work on /usr/local/lib/python3.10/dist-packages/airflow/example_dags/example_branch_python_dop_operator_3.py
[2022-10-04T03:10:04.313+0000] {processor.py:758} INFO - Processing file /usr/local/lib/python3.10/dist-packages/airflow/example_dags/example_branch_python_dop_operator_3.py for tasks to queue
[2022-10-04T03:10:04.313+0000] {logging_mixin.py:117} INFO - [2022-10-04T03:10:04.313+0000] {dagbag.py:525} INFO - Filling up the DagBag from /usr/local/lib/python3.10/dist-packages/airflow/example_dags/example_branch_python_dop_operator_3.py
[2022-10-04T03:10:04.338+0000] {processor.py:768} INFO - DAG(s) dict_keys(['example_branch_dop_operator_v3']) retrieved from /usr/local/lib/python3.10/dist-packages/airflow/example_dags/example_branch_python_dop_operator_3.py
[2022-10-04T03:10:04.359+0000] {logging_mixin.py:117} INFO - [2022-10-04T03:10:04.359+0000] {dag.py:2573} INFO - Sync 1 DAGs
[2022-10-04T03:10:04.380+0000] {logging_mixin.py:117} INFO - [2022-10-04T03:10:04.380+0000] {dag.py:3324} INFO - Setting next_dagrun for example_branch_dop_operator_v3 to 2022-10-04T03:09:00+00:00, run_after=2022-10-04T03:10:00+00:00
[2022-10-04T03:10:04.406+0000] {processor.py:178} INFO - Processing /usr/local/lib/python3.10/dist-packages/airflow/example_dags/example_branch_python_dop_operator_3.py took 0.097 seconds
[2022-10-04T03:10:45.072+0000] {processor.py:156} INFO - Started process (PID=7788) to work on /usr/local/lib/python3.10/dist-packages/airflow/example_dags/example_branch_python_dop_operator_3.py
[2022-10-04T03:10:45.073+0000] {processor.py:758} INFO - Processing file /usr/local/lib/python3.10/dist-packages/airflow/example_dags/example_branch_python_dop_operator_3.py for tasks to queue
[2022-10-04T03:10:45.073+0000] {logging_mixin.py:117} INFO - [2022-10-04T03:10:45.073+0000] {dagbag.py:525} INFO - Filling up the DagBag from /usr/local/lib/python3.10/dist-packages/airflow/example_dags/example_branch_python_dop_operator_3.py
[2022-10-04T03:10:45.096+0000] {processor.py:768} INFO - DAG(s) dict_keys(['example_branch_dop_operator_v3']) retrieved from /usr/local/lib/python3.10/dist-packages/airflow/example_dags/example_branch_python_dop_operator_3.py
[2022-10-04T03:10:45.117+0000] {logging_mixin.py:117} INFO - [2022-10-04T03:10:45.117+0000] {dag.py:2573} INFO - Sync 1 DAGs
[2022-10-04T03:10:45.140+0000] {logging_mixin.py:117} INFO - [2022-10-04T03:10:45.140+0000] {dag.py:3324} INFO - Setting next_dagrun for example_branch_dop_operator_v3 to 2022-10-04T03:09:00+00:00, run_after=2022-10-04T03:10:00+00:00
[2022-10-04T03:10:45.169+0000] {processor.py:178} INFO - Processing /usr/local/lib/python3.10/dist-packages/airflow/example_dags/example_branch_python_dop_operator_3.py took 0.100 seconds
[2022-10-04T03:11:27.117+0000] {processor.py:156} INFO - Started process (PID=7832) to work on /usr/local/lib/python3.10/dist-packages/airflow/example_dags/example_branch_python_dop_operator_3.py
[2022-10-04T03:11:27.118+0000] {processor.py:758} INFO - Processing file /usr/local/lib/python3.10/dist-packages/airflow/example_dags/example_branch_python_dop_operator_3.py for tasks to queue
[2022-10-04T03:11:27.121+0000] {logging_mixin.py:117} INFO - [2022-10-04T03:11:27.121+0000] {dagbag.py:525} INFO - Filling up the DagBag from /usr/local/lib/python3.10/dist-packages/airflow/example_dags/example_branch_python_dop_operator_3.py
[2022-10-04T03:11:27.164+0000] {processor.py:768} INFO - DAG(s) dict_keys(['example_branch_dop_operator_v3']) retrieved from /usr/local/lib/python3.10/dist-packages/airflow/example_dags/example_branch_python_dop_operator_3.py
[2022-10-04T03:11:27.202+0000] {logging_mixin.py:117} INFO - [2022-10-04T03:11:27.202+0000] {dag.py:2573} INFO - Sync 1 DAGs
[2022-10-04T03:11:27.281+0000] {logging_mixin.py:117} INFO - [2022-10-04T03:11:27.281+0000] {dag.py:3324} INFO - Setting next_dagrun for example_branch_dop_operator_v3 to 2022-10-04T03:10:00+00:00, run_after=2022-10-04T03:11:00+00:00
[2022-10-04T03:11:27.322+0000] {processor.py:178} INFO - Processing /usr/local/lib/python3.10/dist-packages/airflow/example_dags/example_branch_python_dop_operator_3.py took 0.208 seconds
[2022-10-04T03:12:06.541+0000] {processor.py:156} INFO - Started process (PID=7872) to work on /usr/local/lib/python3.10/dist-packages/airflow/example_dags/example_branch_python_dop_operator_3.py
[2022-10-04T03:12:06.542+0000] {processor.py:758} INFO - Processing file /usr/local/lib/python3.10/dist-packages/airflow/example_dags/example_branch_python_dop_operator_3.py for tasks to queue
[2022-10-04T03:12:06.543+0000] {logging_mixin.py:117} INFO - [2022-10-04T03:12:06.543+0000] {dagbag.py:525} INFO - Filling up the DagBag from /usr/local/lib/python3.10/dist-packages/airflow/example_dags/example_branch_python_dop_operator_3.py
[2022-10-04T03:12:06.566+0000] {processor.py:768} INFO - DAG(s) dict_keys(['example_branch_dop_operator_v3']) retrieved from /usr/local/lib/python3.10/dist-packages/airflow/example_dags/example_branch_python_dop_operator_3.py
[2022-10-04T03:12:06.589+0000] {logging_mixin.py:117} INFO - [2022-10-04T03:12:06.588+0000] {dag.py:2573} INFO - Sync 1 DAGs
[2022-10-04T03:12:06.609+0000] {logging_mixin.py:117} INFO - [2022-10-04T03:12:06.609+0000] {dag.py:3324} INFO - Setting next_dagrun for example_branch_dop_operator_v3 to 2022-10-04T03:11:00+00:00, run_after=2022-10-04T03:12:00+00:00
[2022-10-04T03:12:06.637+0000] {processor.py:178} INFO - Processing /usr/local/lib/python3.10/dist-packages/airflow/example_dags/example_branch_python_dop_operator_3.py took 0.098 seconds
[2022-10-04T03:12:45.014+0000] {processor.py:156} INFO - Started process (PID=7910) to work on /usr/local/lib/python3.10/dist-packages/airflow/example_dags/example_branch_python_dop_operator_3.py
[2022-10-04T03:12:45.015+0000] {processor.py:758} INFO - Processing file /usr/local/lib/python3.10/dist-packages/airflow/example_dags/example_branch_python_dop_operator_3.py for tasks to queue
[2022-10-04T03:12:45.015+0000] {logging_mixin.py:117} INFO - [2022-10-04T03:12:45.015+0000] {dagbag.py:525} INFO - Filling up the DagBag from /usr/local/lib/python3.10/dist-packages/airflow/example_dags/example_branch_python_dop_operator_3.py
[2022-10-04T03:12:45.039+0000] {processor.py:768} INFO - DAG(s) dict_keys(['example_branch_dop_operator_v3']) retrieved from /usr/local/lib/python3.10/dist-packages/airflow/example_dags/example_branch_python_dop_operator_3.py
[2022-10-04T03:12:45.062+0000] {logging_mixin.py:117} INFO - [2022-10-04T03:12:45.062+0000] {dag.py:2573} INFO - Sync 1 DAGs
[2022-10-04T03:12:45.084+0000] {logging_mixin.py:117} INFO - [2022-10-04T03:12:45.084+0000] {dag.py:3324} INFO - Setting next_dagrun for example_branch_dop_operator_v3 to 2022-10-04T03:11:00+00:00, run_after=2022-10-04T03:12:00+00:00
[2022-10-04T03:12:45.115+0000] {processor.py:178} INFO - Processing /usr/local/lib/python3.10/dist-packages/airflow/example_dags/example_branch_python_dop_operator_3.py took 0.104 seconds
[2022-10-04T03:13:25.081+0000] {processor.py:156} INFO - Started process (PID=7951) to work on /usr/local/lib/python3.10/dist-packages/airflow/example_dags/example_branch_python_dop_operator_3.py
[2022-10-04T03:13:25.083+0000] {processor.py:758} INFO - Processing file /usr/local/lib/python3.10/dist-packages/airflow/example_dags/example_branch_python_dop_operator_3.py for tasks to queue
[2022-10-04T03:13:25.083+0000] {logging_mixin.py:117} INFO - [2022-10-04T03:13:25.083+0000] {dagbag.py:525} INFO - Filling up the DagBag from /usr/local/lib/python3.10/dist-packages/airflow/example_dags/example_branch_python_dop_operator_3.py
[2022-10-04T03:13:25.109+0000] {processor.py:768} INFO - DAG(s) dict_keys(['example_branch_dop_operator_v3']) retrieved from /usr/local/lib/python3.10/dist-packages/airflow/example_dags/example_branch_python_dop_operator_3.py
[2022-10-04T03:13:25.132+0000] {logging_mixin.py:117} INFO - [2022-10-04T03:13:25.132+0000] {dag.py:2573} INFO - Sync 1 DAGs
[2022-10-04T03:13:25.171+0000] {logging_mixin.py:117} INFO - [2022-10-04T03:13:25.171+0000] {dag.py:3324} INFO - Setting next_dagrun for example_branch_dop_operator_v3 to 2022-10-04T03:12:00+00:00, run_after=2022-10-04T03:13:00+00:00
[2022-10-04T03:13:25.209+0000] {processor.py:178} INFO - Processing /usr/local/lib/python3.10/dist-packages/airflow/example_dags/example_branch_python_dop_operator_3.py took 0.131 seconds
[2022-10-04T03:14:05.456+0000] {processor.py:156} INFO - Started process (PID=7990) to work on /usr/local/lib/python3.10/dist-packages/airflow/example_dags/example_branch_python_dop_operator_3.py
[2022-10-04T03:14:05.457+0000] {processor.py:758} INFO - Processing file /usr/local/lib/python3.10/dist-packages/airflow/example_dags/example_branch_python_dop_operator_3.py for tasks to queue
[2022-10-04T03:14:05.458+0000] {logging_mixin.py:117} INFO - [2022-10-04T03:14:05.458+0000] {dagbag.py:525} INFO - Filling up the DagBag from /usr/local/lib/python3.10/dist-packages/airflow/example_dags/example_branch_python_dop_operator_3.py
[2022-10-04T03:14:05.482+0000] {processor.py:768} INFO - DAG(s) dict_keys(['example_branch_dop_operator_v3']) retrieved from /usr/local/lib/python3.10/dist-packages/airflow/example_dags/example_branch_python_dop_operator_3.py
[2022-10-04T03:14:05.503+0000] {logging_mixin.py:117} INFO - [2022-10-04T03:14:05.503+0000] {dag.py:2573} INFO - Sync 1 DAGs
[2022-10-04T03:14:05.525+0000] {logging_mixin.py:117} INFO - [2022-10-04T03:14:05.524+0000] {dag.py:3324} INFO - Setting next_dagrun for example_branch_dop_operator_v3 to 2022-10-04T03:13:00+00:00, run_after=2022-10-04T03:14:00+00:00
[2022-10-04T03:14:05.546+0000] {processor.py:178} INFO - Processing /usr/local/lib/python3.10/dist-packages/airflow/example_dags/example_branch_python_dop_operator_3.py took 0.093 seconds
[2022-10-04T03:14:47.230+0000] {processor.py:156} INFO - Started process (PID=8034) to work on /usr/local/lib/python3.10/dist-packages/airflow/example_dags/example_branch_python_dop_operator_3.py
[2022-10-04T03:14:47.239+0000] {processor.py:758} INFO - Processing file /usr/local/lib/python3.10/dist-packages/airflow/example_dags/example_branch_python_dop_operator_3.py for tasks to queue
[2022-10-04T03:14:47.239+0000] {logging_mixin.py:117} INFO - [2022-10-04T03:14:47.239+0000] {dagbag.py:525} INFO - Filling up the DagBag from /usr/local/lib/python3.10/dist-packages/airflow/example_dags/example_branch_python_dop_operator_3.py
[2022-10-04T03:14:47.300+0000] {processor.py:768} INFO - DAG(s) dict_keys(['example_branch_dop_operator_v3']) retrieved from /usr/local/lib/python3.10/dist-packages/airflow/example_dags/example_branch_python_dop_operator_3.py
[2022-10-04T03:14:47.324+0000] {logging_mixin.py:117} INFO - [2022-10-04T03:14:47.324+0000] {dag.py:2573} INFO - Sync 1 DAGs
[2022-10-04T03:14:47.347+0000] {logging_mixin.py:117} INFO - [2022-10-04T03:14:47.347+0000] {dag.py:3324} INFO - Setting next_dagrun for example_branch_dop_operator_v3 to 2022-10-04T03:13:00+00:00, run_after=2022-10-04T03:14:00+00:00
[2022-10-04T03:14:47.370+0000] {processor.py:178} INFO - Processing /usr/local/lib/python3.10/dist-packages/airflow/example_dags/example_branch_python_dop_operator_3.py took 0.144 seconds
[2022-10-04T03:15:27.816+0000] {processor.py:156} INFO - Started process (PID=8072) to work on /usr/local/lib/python3.10/dist-packages/airflow/example_dags/example_branch_python_dop_operator_3.py
[2022-10-04T03:15:27.818+0000] {processor.py:758} INFO - Processing file /usr/local/lib/python3.10/dist-packages/airflow/example_dags/example_branch_python_dop_operator_3.py for tasks to queue
[2022-10-04T03:15:27.818+0000] {logging_mixin.py:117} INFO - [2022-10-04T03:15:27.818+0000] {dagbag.py:525} INFO - Filling up the DagBag from /usr/local/lib/python3.10/dist-packages/airflow/example_dags/example_branch_python_dop_operator_3.py
[2022-10-04T03:15:27.841+0000] {processor.py:768} INFO - DAG(s) dict_keys(['example_branch_dop_operator_v3']) retrieved from /usr/local/lib/python3.10/dist-packages/airflow/example_dags/example_branch_python_dop_operator_3.py
[2022-10-04T03:15:27.863+0000] {logging_mixin.py:117} INFO - [2022-10-04T03:15:27.862+0000] {dag.py:2573} INFO - Sync 1 DAGs
[2022-10-04T03:15:27.884+0000] {logging_mixin.py:117} INFO - [2022-10-04T03:15:27.884+0000] {dag.py:3324} INFO - Setting next_dagrun for example_branch_dop_operator_v3 to 2022-10-04T03:14:00+00:00, run_after=2022-10-04T03:15:00+00:00
[2022-10-04T03:15:28.037+0000] {processor.py:178} INFO - Processing /usr/local/lib/python3.10/dist-packages/airflow/example_dags/example_branch_python_dop_operator_3.py took 0.223 seconds
[2022-10-04T03:16:08.644+0000] {processor.py:156} INFO - Started process (PID=8112) to work on /usr/local/lib/python3.10/dist-packages/airflow/example_dags/example_branch_python_dop_operator_3.py
[2022-10-04T03:16:08.646+0000] {processor.py:758} INFO - Processing file /usr/local/lib/python3.10/dist-packages/airflow/example_dags/example_branch_python_dop_operator_3.py for tasks to queue
[2022-10-04T03:16:08.646+0000] {logging_mixin.py:117} INFO - [2022-10-04T03:16:08.646+0000] {dagbag.py:525} INFO - Filling up the DagBag from /usr/local/lib/python3.10/dist-packages/airflow/example_dags/example_branch_python_dop_operator_3.py
[2022-10-04T03:16:08.668+0000] {processor.py:768} INFO - DAG(s) dict_keys(['example_branch_dop_operator_v3']) retrieved from /usr/local/lib/python3.10/dist-packages/airflow/example_dags/example_branch_python_dop_operator_3.py
[2022-10-04T03:16:08.689+0000] {logging_mixin.py:117} INFO - [2022-10-04T03:16:08.689+0000] {dag.py:2573} INFO - Sync 1 DAGs
[2022-10-04T03:16:08.710+0000] {logging_mixin.py:117} INFO - [2022-10-04T03:16:08.710+0000] {dag.py:3324} INFO - Setting next_dagrun for example_branch_dop_operator_v3 to 2022-10-04T03:15:00+00:00, run_after=2022-10-04T03:16:00+00:00
[2022-10-04T03:16:08.855+0000] {processor.py:178} INFO - Processing /usr/local/lib/python3.10/dist-packages/airflow/example_dags/example_branch_python_dop_operator_3.py took 0.213 seconds
[2022-10-04T03:16:59.221+0000] {processor.py:156} INFO - Started process (PID=8259) to work on /usr/local/lib/python3.10/dist-packages/airflow/example_dags/example_branch_python_dop_operator_3.py
[2022-10-04T03:16:59.222+0000] {processor.py:758} INFO - Processing file /usr/local/lib/python3.10/dist-packages/airflow/example_dags/example_branch_python_dop_operator_3.py for tasks to queue
[2022-10-04T03:16:59.223+0000] {logging_mixin.py:117} INFO - [2022-10-04T03:16:59.222+0000] {dagbag.py:525} INFO - Filling up the DagBag from /usr/local/lib/python3.10/dist-packages/airflow/example_dags/example_branch_python_dop_operator_3.py
[2022-10-04T03:16:59.247+0000] {processor.py:768} INFO - DAG(s) dict_keys(['example_branch_dop_operator_v3']) retrieved from /usr/local/lib/python3.10/dist-packages/airflow/example_dags/example_branch_python_dop_operator_3.py
[2022-10-04T03:16:59.270+0000] {logging_mixin.py:117} INFO - [2022-10-04T03:16:59.269+0000] {dag.py:2573} INFO - Sync 1 DAGs
[2022-10-04T03:16:59.433+0000] {logging_mixin.py:117} INFO - [2022-10-04T03:16:59.433+0000] {dag.py:3324} INFO - Setting next_dagrun for example_branch_dop_operator_v3 to 2022-10-04T03:15:00+00:00, run_after=2022-10-04T03:16:00+00:00
[2022-10-04T03:16:59.455+0000] {processor.py:178} INFO - Processing /usr/local/lib/python3.10/dist-packages/airflow/example_dags/example_branch_python_dop_operator_3.py took 0.237 seconds
[2022-10-04T03:17:40.688+0000] {processor.py:156} INFO - Started process (PID=8617) to work on /usr/local/lib/python3.10/dist-packages/airflow/example_dags/example_branch_python_dop_operator_3.py
[2022-10-04T03:17:40.689+0000] {processor.py:758} INFO - Processing file /usr/local/lib/python3.10/dist-packages/airflow/example_dags/example_branch_python_dop_operator_3.py for tasks to queue
[2022-10-04T03:17:40.689+0000] {logging_mixin.py:117} INFO - [2022-10-04T03:17:40.689+0000] {dagbag.py:525} INFO - Filling up the DagBag from /usr/local/lib/python3.10/dist-packages/airflow/example_dags/example_branch_python_dop_operator_3.py
[2022-10-04T03:17:40.712+0000] {processor.py:768} INFO - DAG(s) dict_keys(['example_branch_dop_operator_v3']) retrieved from /usr/local/lib/python3.10/dist-packages/airflow/example_dags/example_branch_python_dop_operator_3.py
[2022-10-04T03:17:40.735+0000] {logging_mixin.py:117} INFO - [2022-10-04T03:17:40.735+0000] {dag.py:2573} INFO - Sync 1 DAGs
[2022-10-04T03:17:40.893+0000] {logging_mixin.py:117} INFO - [2022-10-04T03:17:40.893+0000] {dag.py:3324} INFO - Setting next_dagrun for example_branch_dop_operator_v3 to 2022-10-04T03:16:00+00:00, run_after=2022-10-04T03:17:00+00:00
[2022-10-04T03:17:40.913+0000] {processor.py:178} INFO - Processing /usr/local/lib/python3.10/dist-packages/airflow/example_dags/example_branch_python_dop_operator_3.py took 0.228 seconds
[2022-10-04T03:19:01.218+0000] {processor.py:156} INFO - Started process (PID=8705) to work on /usr/local/lib/python3.10/dist-packages/airflow/example_dags/example_branch_python_dop_operator_3.py
[2022-10-04T03:19:01.220+0000] {processor.py:758} INFO - Processing file /usr/local/lib/python3.10/dist-packages/airflow/example_dags/example_branch_python_dop_operator_3.py for tasks to queue
[2022-10-04T03:19:01.221+0000] {logging_mixin.py:117} INFO - [2022-10-04T03:19:01.220+0000] {dagbag.py:525} INFO - Filling up the DagBag from /usr/local/lib/python3.10/dist-packages/airflow/example_dags/example_branch_python_dop_operator_3.py
[2022-10-04T03:19:01.246+0000] {processor.py:768} INFO - DAG(s) dict_keys(['example_branch_dop_operator_v3']) retrieved from /usr/local/lib/python3.10/dist-packages/airflow/example_dags/example_branch_python_dop_operator_3.py
[2022-10-04T03:19:01.269+0000] {logging_mixin.py:117} INFO - [2022-10-04T03:19:01.268+0000] {dag.py:2573} INFO - Sync 1 DAGs
[2022-10-04T03:19:01.290+0000] {logging_mixin.py:117} INFO - [2022-10-04T03:19:01.290+0000] {dag.py:3324} INFO - Setting next_dagrun for example_branch_dop_operator_v3 to 2022-10-04T03:18:00+00:00, run_after=2022-10-04T03:19:00+00:00
[2022-10-04T03:19:01.314+0000] {processor.py:178} INFO - Processing /usr/local/lib/python3.10/dist-packages/airflow/example_dags/example_branch_python_dop_operator_3.py took 0.099 seconds
[2022-10-04T03:19:39.625+0000] {processor.py:156} INFO - Started process (PID=8746) to work on /usr/local/lib/python3.10/dist-packages/airflow/example_dags/example_branch_python_dop_operator_3.py
[2022-10-04T03:19:39.626+0000] {processor.py:758} INFO - Processing file /usr/local/lib/python3.10/dist-packages/airflow/example_dags/example_branch_python_dop_operator_3.py for tasks to queue
[2022-10-04T03:19:39.627+0000] {logging_mixin.py:117} INFO - [2022-10-04T03:19:39.627+0000] {dagbag.py:525} INFO - Filling up the DagBag from /usr/local/lib/python3.10/dist-packages/airflow/example_dags/example_branch_python_dop_operator_3.py
[2022-10-04T03:19:39.651+0000] {processor.py:768} INFO - DAG(s) dict_keys(['example_branch_dop_operator_v3']) retrieved from /usr/local/lib/python3.10/dist-packages/airflow/example_dags/example_branch_python_dop_operator_3.py
[2022-10-04T03:19:39.673+0000] {logging_mixin.py:117} INFO - [2022-10-04T03:19:39.673+0000] {dag.py:2573} INFO - Sync 1 DAGs
[2022-10-04T03:19:39.694+0000] {logging_mixin.py:117} INFO - [2022-10-04T03:19:39.694+0000] {dag.py:3324} INFO - Setting next_dagrun for example_branch_dop_operator_v3 to 2022-10-04T03:18:00+00:00, run_after=2022-10-04T03:19:00+00:00
[2022-10-04T03:19:39.717+0000] {processor.py:178} INFO - Processing /usr/local/lib/python3.10/dist-packages/airflow/example_dags/example_branch_python_dop_operator_3.py took 0.094 seconds
[2022-10-04T03:20:18.004+0000] {processor.py:156} INFO - Started process (PID=8783) to work on /usr/local/lib/python3.10/dist-packages/airflow/example_dags/example_branch_python_dop_operator_3.py
[2022-10-04T03:20:18.005+0000] {processor.py:758} INFO - Processing file /usr/local/lib/python3.10/dist-packages/airflow/example_dags/example_branch_python_dop_operator_3.py for tasks to queue
[2022-10-04T03:20:18.005+0000] {logging_mixin.py:117} INFO - [2022-10-04T03:20:18.005+0000] {dagbag.py:525} INFO - Filling up the DagBag from /usr/local/lib/python3.10/dist-packages/airflow/example_dags/example_branch_python_dop_operator_3.py
[2022-10-04T03:20:18.028+0000] {processor.py:768} INFO - DAG(s) dict_keys(['example_branch_dop_operator_v3']) retrieved from /usr/local/lib/python3.10/dist-packages/airflow/example_dags/example_branch_python_dop_operator_3.py
[2022-10-04T03:20:18.048+0000] {logging_mixin.py:117} INFO - [2022-10-04T03:20:18.048+0000] {dag.py:2573} INFO - Sync 1 DAGs
[2022-10-04T03:20:18.068+0000] {logging_mixin.py:117} INFO - [2022-10-04T03:20:18.068+0000] {dag.py:3324} INFO - Setting next_dagrun for example_branch_dop_operator_v3 to 2022-10-04T03:19:00+00:00, run_after=2022-10-04T03:20:00+00:00
[2022-10-04T03:20:18.090+0000] {processor.py:178} INFO - Processing /usr/local/lib/python3.10/dist-packages/airflow/example_dags/example_branch_python_dop_operator_3.py took 0.089 seconds
[2022-10-04T03:20:56.785+0000] {processor.py:156} INFO - Started process (PID=8824) to work on /usr/local/lib/python3.10/dist-packages/airflow/example_dags/example_branch_python_dop_operator_3.py
[2022-10-04T03:20:56.788+0000] {processor.py:758} INFO - Processing file /usr/local/lib/python3.10/dist-packages/airflow/example_dags/example_branch_python_dop_operator_3.py for tasks to queue
[2022-10-04T03:20:56.788+0000] {logging_mixin.py:117} INFO - [2022-10-04T03:20:56.788+0000] {dagbag.py:525} INFO - Filling up the DagBag from /usr/local/lib/python3.10/dist-packages/airflow/example_dags/example_branch_python_dop_operator_3.py
[2022-10-04T03:20:56.814+0000] {processor.py:768} INFO - DAG(s) dict_keys(['example_branch_dop_operator_v3']) retrieved from /usr/local/lib/python3.10/dist-packages/airflow/example_dags/example_branch_python_dop_operator_3.py
[2022-10-04T03:20:56.846+0000] {logging_mixin.py:117} INFO - [2022-10-04T03:20:56.846+0000] {dag.py:2573} INFO - Sync 1 DAGs
[2022-10-04T03:20:56.871+0000] {logging_mixin.py:117} INFO - [2022-10-04T03:20:56.871+0000] {dag.py:3324} INFO - Setting next_dagrun for example_branch_dop_operator_v3 to 2022-10-04T03:19:00+00:00, run_after=2022-10-04T03:20:00+00:00
[2022-10-04T03:20:56.894+0000] {processor.py:178} INFO - Processing /usr/local/lib/python3.10/dist-packages/airflow/example_dags/example_branch_python_dop_operator_3.py took 0.113 seconds
[2022-10-04T03:21:36.299+0000] {processor.py:156} INFO - Started process (PID=8862) to work on /usr/local/lib/python3.10/dist-packages/airflow/example_dags/example_branch_python_dop_operator_3.py
[2022-10-04T03:21:36.309+0000] {processor.py:758} INFO - Processing file /usr/local/lib/python3.10/dist-packages/airflow/example_dags/example_branch_python_dop_operator_3.py for tasks to queue
[2022-10-04T03:21:36.310+0000] {logging_mixin.py:117} INFO - [2022-10-04T03:21:36.310+0000] {dagbag.py:525} INFO - Filling up the DagBag from /usr/local/lib/python3.10/dist-packages/airflow/example_dags/example_branch_python_dop_operator_3.py
[2022-10-04T03:21:36.346+0000] {processor.py:768} INFO - DAG(s) dict_keys(['example_branch_dop_operator_v3']) retrieved from /usr/local/lib/python3.10/dist-packages/airflow/example_dags/example_branch_python_dop_operator_3.py
[2022-10-04T03:21:36.373+0000] {logging_mixin.py:117} INFO - [2022-10-04T03:21:36.373+0000] {dag.py:2573} INFO - Sync 1 DAGs
[2022-10-04T03:21:36.416+0000] {logging_mixin.py:117} INFO - [2022-10-04T03:21:36.415+0000] {dag.py:3324} INFO - Setting next_dagrun for example_branch_dop_operator_v3 to 2022-10-04T03:20:00+00:00, run_after=2022-10-04T03:21:00+00:00
[2022-10-04T03:21:36.449+0000] {processor.py:178} INFO - Processing /usr/local/lib/python3.10/dist-packages/airflow/example_dags/example_branch_python_dop_operator_3.py took 0.153 seconds
[2022-10-04T03:22:16.611+0000] {processor.py:156} INFO - Started process (PID=8903) to work on /usr/local/lib/python3.10/dist-packages/airflow/example_dags/example_branch_python_dop_operator_3.py
[2022-10-04T03:22:16.612+0000] {processor.py:758} INFO - Processing file /usr/local/lib/python3.10/dist-packages/airflow/example_dags/example_branch_python_dop_operator_3.py for tasks to queue
[2022-10-04T03:22:16.613+0000] {logging_mixin.py:117} INFO - [2022-10-04T03:22:16.613+0000] {dagbag.py:525} INFO - Filling up the DagBag from /usr/local/lib/python3.10/dist-packages/airflow/example_dags/example_branch_python_dop_operator_3.py
[2022-10-04T03:22:16.648+0000] {processor.py:768} INFO - DAG(s) dict_keys(['example_branch_dop_operator_v3']) retrieved from /usr/local/lib/python3.10/dist-packages/airflow/example_dags/example_branch_python_dop_operator_3.py
[2022-10-04T03:22:16.678+0000] {logging_mixin.py:117} INFO - [2022-10-04T03:22:16.678+0000] {dag.py:2573} INFO - Sync 1 DAGs
[2022-10-04T03:22:16.720+0000] {logging_mixin.py:117} INFO - [2022-10-04T03:22:16.719+0000] {dag.py:3324} INFO - Setting next_dagrun for example_branch_dop_operator_v3 to 2022-10-04T03:21:00+00:00, run_after=2022-10-04T03:22:00+00:00
[2022-10-04T03:22:16.756+0000] {processor.py:178} INFO - Processing /usr/local/lib/python3.10/dist-packages/airflow/example_dags/example_branch_python_dop_operator_3.py took 0.149 seconds
[2022-10-04T03:22:55.529+0000] {processor.py:156} INFO - Started process (PID=8943) to work on /usr/local/lib/python3.10/dist-packages/airflow/example_dags/example_branch_python_dop_operator_3.py
[2022-10-04T03:22:55.530+0000] {processor.py:758} INFO - Processing file /usr/local/lib/python3.10/dist-packages/airflow/example_dags/example_branch_python_dop_operator_3.py for tasks to queue
[2022-10-04T03:22:55.531+0000] {logging_mixin.py:117} INFO - [2022-10-04T03:22:55.531+0000] {dagbag.py:525} INFO - Filling up the DagBag from /usr/local/lib/python3.10/dist-packages/airflow/example_dags/example_branch_python_dop_operator_3.py
[2022-10-04T03:22:55.557+0000] {processor.py:768} INFO - DAG(s) dict_keys(['example_branch_dop_operator_v3']) retrieved from /usr/local/lib/python3.10/dist-packages/airflow/example_dags/example_branch_python_dop_operator_3.py
[2022-10-04T03:22:55.591+0000] {logging_mixin.py:117} INFO - [2022-10-04T03:22:55.591+0000] {dag.py:2573} INFO - Sync 1 DAGs
[2022-10-04T03:22:55.618+0000] {logging_mixin.py:117} INFO - [2022-10-04T03:22:55.618+0000] {dag.py:3324} INFO - Setting next_dagrun for example_branch_dop_operator_v3 to 2022-10-04T03:21:00+00:00, run_after=2022-10-04T03:22:00+00:00
[2022-10-04T03:22:55.642+0000] {processor.py:178} INFO - Processing /usr/local/lib/python3.10/dist-packages/airflow/example_dags/example_branch_python_dop_operator_3.py took 0.117 seconds
[2022-10-04T03:24:01.226+0000] {processor.py:156} INFO - Started process (PID=9015) to work on /usr/local/lib/python3.10/dist-packages/airflow/example_dags/example_branch_python_dop_operator_3.py
[2022-10-04T03:24:01.228+0000] {processor.py:758} INFO - Processing file /usr/local/lib/python3.10/dist-packages/airflow/example_dags/example_branch_python_dop_operator_3.py for tasks to queue
[2022-10-04T03:24:01.228+0000] {logging_mixin.py:117} INFO - [2022-10-04T03:24:01.228+0000] {dagbag.py:525} INFO - Filling up the DagBag from /usr/local/lib/python3.10/dist-packages/airflow/example_dags/example_branch_python_dop_operator_3.py
[2022-10-04T03:24:01.250+0000] {processor.py:768} INFO - DAG(s) dict_keys(['example_branch_dop_operator_v3']) retrieved from /usr/local/lib/python3.10/dist-packages/airflow/example_dags/example_branch_python_dop_operator_3.py
[2022-10-04T03:24:01.272+0000] {logging_mixin.py:117} INFO - [2022-10-04T03:24:01.272+0000] {dag.py:2573} INFO - Sync 1 DAGs
[2022-10-04T03:24:01.292+0000] {logging_mixin.py:117} INFO - [2022-10-04T03:24:01.292+0000] {dag.py:3324} INFO - Setting next_dagrun for example_branch_dop_operator_v3 to 2022-10-04T03:23:00+00:00, run_after=2022-10-04T03:24:00+00:00
[2022-10-04T03:24:01.313+0000] {processor.py:178} INFO - Processing /usr/local/lib/python3.10/dist-packages/airflow/example_dags/example_branch_python_dop_operator_3.py took 0.089 seconds
[2022-10-04T03:24:37.569+0000] {processor.py:156} INFO - Started process (PID=9053) to work on /usr/local/lib/python3.10/dist-packages/airflow/example_dags/example_branch_python_dop_operator_3.py
[2022-10-04T03:24:37.570+0000] {processor.py:758} INFO - Processing file /usr/local/lib/python3.10/dist-packages/airflow/example_dags/example_branch_python_dop_operator_3.py for tasks to queue
[2022-10-04T03:24:37.571+0000] {logging_mixin.py:117} INFO - [2022-10-04T03:24:37.571+0000] {dagbag.py:525} INFO - Filling up the DagBag from /usr/local/lib/python3.10/dist-packages/airflow/example_dags/example_branch_python_dop_operator_3.py
[2022-10-04T03:24:37.594+0000] {processor.py:768} INFO - DAG(s) dict_keys(['example_branch_dop_operator_v3']) retrieved from /usr/local/lib/python3.10/dist-packages/airflow/example_dags/example_branch_python_dop_operator_3.py
[2022-10-04T03:24:37.616+0000] {logging_mixin.py:117} INFO - [2022-10-04T03:24:37.616+0000] {dag.py:2573} INFO - Sync 1 DAGs
[2022-10-04T03:24:37.638+0000] {logging_mixin.py:117} INFO - [2022-10-04T03:24:37.638+0000] {dag.py:3324} INFO - Setting next_dagrun for example_branch_dop_operator_v3 to 2022-10-04T03:23:00+00:00, run_after=2022-10-04T03:24:00+00:00
[2022-10-04T03:24:37.662+0000] {processor.py:178} INFO - Processing /usr/local/lib/python3.10/dist-packages/airflow/example_dags/example_branch_python_dop_operator_3.py took 0.095 seconds
[2022-10-04T03:25:18.534+0000] {processor.py:156} INFO - Started process (PID=9094) to work on /usr/local/lib/python3.10/dist-packages/airflow/example_dags/example_branch_python_dop_operator_3.py
[2022-10-04T03:25:18.535+0000] {processor.py:758} INFO - Processing file /usr/local/lib/python3.10/dist-packages/airflow/example_dags/example_branch_python_dop_operator_3.py for tasks to queue
[2022-10-04T03:25:18.536+0000] {logging_mixin.py:117} INFO - [2022-10-04T03:25:18.536+0000] {dagbag.py:525} INFO - Filling up the DagBag from /usr/local/lib/python3.10/dist-packages/airflow/example_dags/example_branch_python_dop_operator_3.py
[2022-10-04T03:25:18.563+0000] {processor.py:768} INFO - DAG(s) dict_keys(['example_branch_dop_operator_v3']) retrieved from /usr/local/lib/python3.10/dist-packages/airflow/example_dags/example_branch_python_dop_operator_3.py
[2022-10-04T03:25:18.590+0000] {logging_mixin.py:117} INFO - [2022-10-04T03:25:18.589+0000] {dag.py:2573} INFO - Sync 1 DAGs
[2022-10-04T03:25:18.613+0000] {logging_mixin.py:117} INFO - [2022-10-04T03:25:18.613+0000] {dag.py:3324} INFO - Setting next_dagrun for example_branch_dop_operator_v3 to 2022-10-04T03:24:00+00:00, run_after=2022-10-04T03:25:00+00:00
[2022-10-04T03:25:18.641+0000] {processor.py:178} INFO - Processing /usr/local/lib/python3.10/dist-packages/airflow/example_dags/example_branch_python_dop_operator_3.py took 0.109 seconds
[2022-10-04T03:26:34.350+0000] {processor.py:156} INFO - Started process (PID=9181) to work on /usr/local/lib/python3.10/dist-packages/airflow/example_dags/example_branch_python_dop_operator_3.py
[2022-10-04T03:26:34.352+0000] {processor.py:758} INFO - Processing file /usr/local/lib/python3.10/dist-packages/airflow/example_dags/example_branch_python_dop_operator_3.py for tasks to queue
[2022-10-04T03:26:34.352+0000] {logging_mixin.py:117} INFO - [2022-10-04T03:26:34.352+0000] {dagbag.py:525} INFO - Filling up the DagBag from /usr/local/lib/python3.10/dist-packages/airflow/example_dags/example_branch_python_dop_operator_3.py
[2022-10-04T03:26:34.375+0000] {processor.py:768} INFO - DAG(s) dict_keys(['example_branch_dop_operator_v3']) retrieved from /usr/local/lib/python3.10/dist-packages/airflow/example_dags/example_branch_python_dop_operator_3.py
[2022-10-04T03:26:34.401+0000] {logging_mixin.py:117} INFO - [2022-10-04T03:26:34.401+0000] {dag.py:2573} INFO - Sync 1 DAGs
[2022-10-04T03:26:34.422+0000] {logging_mixin.py:117} INFO - [2022-10-04T03:26:34.422+0000] {dag.py:3324} INFO - Setting next_dagrun for example_branch_dop_operator_v3 to 2022-10-04T03:25:00+00:00, run_after=2022-10-04T03:26:00+00:00
[2022-10-04T03:26:34.444+0000] {processor.py:178} INFO - Processing /usr/local/lib/python3.10/dist-packages/airflow/example_dags/example_branch_python_dop_operator_3.py took 0.097 seconds
[2022-10-04T03:30:41.332+0000] {processor.py:156} INFO - Started process (PID=9278) to work on /usr/local/lib/python3.10/dist-packages/airflow/example_dags/example_branch_python_dop_operator_3.py
[2022-10-04T03:30:41.334+0000] {processor.py:758} INFO - Processing file /usr/local/lib/python3.10/dist-packages/airflow/example_dags/example_branch_python_dop_operator_3.py for tasks to queue
[2022-10-04T03:30:41.334+0000] {logging_mixin.py:117} INFO - [2022-10-04T03:30:41.334+0000] {dagbag.py:525} INFO - Filling up the DagBag from /usr/local/lib/python3.10/dist-packages/airflow/example_dags/example_branch_python_dop_operator_3.py
[2022-10-04T03:30:41.355+0000] {processor.py:768} INFO - DAG(s) dict_keys(['example_branch_dop_operator_v3']) retrieved from /usr/local/lib/python3.10/dist-packages/airflow/example_dags/example_branch_python_dop_operator_3.py
[2022-10-04T03:30:41.379+0000] {logging_mixin.py:117} INFO - [2022-10-04T03:30:41.379+0000] {dag.py:2573} INFO - Sync 1 DAGs
[2022-10-04T03:30:41.399+0000] {logging_mixin.py:117} INFO - [2022-10-04T03:30:41.399+0000] {dag.py:3324} INFO - Setting next_dagrun for example_branch_dop_operator_v3 to 2022-10-04T03:29:00+00:00, run_after=2022-10-04T03:30:00+00:00
[2022-10-04T03:30:41.420+0000] {processor.py:178} INFO - Processing /usr/local/lib/python3.10/dist-packages/airflow/example_dags/example_branch_python_dop_operator_3.py took 0.090 seconds
[2022-10-04T03:31:20.516+0000] {processor.py:156} INFO - Started process (PID=9315) to work on /usr/local/lib/python3.10/dist-packages/airflow/example_dags/example_branch_python_dop_operator_3.py
[2022-10-04T03:31:20.517+0000] {processor.py:758} INFO - Processing file /usr/local/lib/python3.10/dist-packages/airflow/example_dags/example_branch_python_dop_operator_3.py for tasks to queue
[2022-10-04T03:31:20.518+0000] {logging_mixin.py:117} INFO - [2022-10-04T03:31:20.518+0000] {dagbag.py:525} INFO - Filling up the DagBag from /usr/local/lib/python3.10/dist-packages/airflow/example_dags/example_branch_python_dop_operator_3.py
[2022-10-04T03:31:20.542+0000] {processor.py:768} INFO - DAG(s) dict_keys(['example_branch_dop_operator_v3']) retrieved from /usr/local/lib/python3.10/dist-packages/airflow/example_dags/example_branch_python_dop_operator_3.py
[2022-10-04T03:31:20.576+0000] {logging_mixin.py:117} INFO - [2022-10-04T03:31:20.576+0000] {dag.py:2573} INFO - Sync 1 DAGs
[2022-10-04T03:31:20.598+0000] {logging_mixin.py:117} INFO - [2022-10-04T03:31:20.598+0000] {dag.py:3324} INFO - Setting next_dagrun for example_branch_dop_operator_v3 to 2022-10-04T03:30:00+00:00, run_after=2022-10-04T03:31:00+00:00
[2022-10-04T03:31:20.622+0000] {processor.py:178} INFO - Processing /usr/local/lib/python3.10/dist-packages/airflow/example_dags/example_branch_python_dop_operator_3.py took 0.108 seconds
[2022-10-04T03:32:00.068+0000] {processor.py:156} INFO - Started process (PID=9372) to work on /usr/local/lib/python3.10/dist-packages/airflow/example_dags/example_branch_python_dop_operator_3.py
[2022-10-04T03:32:00.069+0000] {processor.py:758} INFO - Processing file /usr/local/lib/python3.10/dist-packages/airflow/example_dags/example_branch_python_dop_operator_3.py for tasks to queue
[2022-10-04T03:32:00.069+0000] {logging_mixin.py:117} INFO - [2022-10-04T03:32:00.069+0000] {dagbag.py:525} INFO - Filling up the DagBag from /usr/local/lib/python3.10/dist-packages/airflow/example_dags/example_branch_python_dop_operator_3.py
[2022-10-04T03:32:00.096+0000] {processor.py:768} INFO - DAG(s) dict_keys(['example_branch_dop_operator_v3']) retrieved from /usr/local/lib/python3.10/dist-packages/airflow/example_dags/example_branch_python_dop_operator_3.py
[2022-10-04T03:32:00.125+0000] {logging_mixin.py:117} INFO - [2022-10-04T03:32:00.125+0000] {dag.py:2573} INFO - Sync 1 DAGs
[2022-10-04T03:32:00.147+0000] {logging_mixin.py:117} INFO - [2022-10-04T03:32:00.146+0000] {dag.py:3324} INFO - Setting next_dagrun for example_branch_dop_operator_v3 to 2022-10-04T03:31:00+00:00, run_after=2022-10-04T03:32:00+00:00
[2022-10-04T03:32:00.170+0000] {processor.py:178} INFO - Processing /usr/local/lib/python3.10/dist-packages/airflow/example_dags/example_branch_python_dop_operator_3.py took 0.106 seconds
[2022-10-04T03:32:39.679+0000] {processor.py:156} INFO - Started process (PID=9414) to work on /usr/local/lib/python3.10/dist-packages/airflow/example_dags/example_branch_python_dop_operator_3.py
[2022-10-04T03:32:39.680+0000] {processor.py:758} INFO - Processing file /usr/local/lib/python3.10/dist-packages/airflow/example_dags/example_branch_python_dop_operator_3.py for tasks to queue
[2022-10-04T03:32:39.680+0000] {logging_mixin.py:117} INFO - [2022-10-04T03:32:39.680+0000] {dagbag.py:525} INFO - Filling up the DagBag from /usr/local/lib/python3.10/dist-packages/airflow/example_dags/example_branch_python_dop_operator_3.py
[2022-10-04T03:32:39.703+0000] {processor.py:768} INFO - DAG(s) dict_keys(['example_branch_dop_operator_v3']) retrieved from /usr/local/lib/python3.10/dist-packages/airflow/example_dags/example_branch_python_dop_operator_3.py
[2022-10-04T03:32:39.730+0000] {logging_mixin.py:117} INFO - [2022-10-04T03:32:39.729+0000] {dag.py:2573} INFO - Sync 1 DAGs
[2022-10-04T03:32:39.764+0000] {logging_mixin.py:117} INFO - [2022-10-04T03:32:39.764+0000] {dag.py:3324} INFO - Setting next_dagrun for example_branch_dop_operator_v3 to 2022-10-04T03:31:00+00:00, run_after=2022-10-04T03:32:00+00:00
[2022-10-04T03:32:39.801+0000] {processor.py:178} INFO - Processing /usr/local/lib/python3.10/dist-packages/airflow/example_dags/example_branch_python_dop_operator_3.py took 0.125 seconds
[2022-10-04T03:33:19.012+0000] {processor.py:156} INFO - Started process (PID=9453) to work on /usr/local/lib/python3.10/dist-packages/airflow/example_dags/example_branch_python_dop_operator_3.py
[2022-10-04T03:33:19.013+0000] {processor.py:758} INFO - Processing file /usr/local/lib/python3.10/dist-packages/airflow/example_dags/example_branch_python_dop_operator_3.py for tasks to queue
[2022-10-04T03:33:19.013+0000] {logging_mixin.py:117} INFO - [2022-10-04T03:33:19.013+0000] {dagbag.py:525} INFO - Filling up the DagBag from /usr/local/lib/python3.10/dist-packages/airflow/example_dags/example_branch_python_dop_operator_3.py
[2022-10-04T03:33:19.037+0000] {processor.py:768} INFO - DAG(s) dict_keys(['example_branch_dop_operator_v3']) retrieved from /usr/local/lib/python3.10/dist-packages/airflow/example_dags/example_branch_python_dop_operator_3.py
[2022-10-04T03:33:19.062+0000] {logging_mixin.py:117} INFO - [2022-10-04T03:33:19.062+0000] {dag.py:2573} INFO - Sync 1 DAGs
[2022-10-04T03:33:19.087+0000] {logging_mixin.py:117} INFO - [2022-10-04T03:33:19.087+0000] {dag.py:3324} INFO - Setting next_dagrun for example_branch_dop_operator_v3 to 2022-10-04T03:32:00+00:00, run_after=2022-10-04T03:33:00+00:00
[2022-10-04T03:33:19.113+0000] {processor.py:178} INFO - Processing /usr/local/lib/python3.10/dist-packages/airflow/example_dags/example_branch_python_dop_operator_3.py took 0.104 seconds
[2022-10-04T03:33:55.652+0000] {processor.py:156} INFO - Started process (PID=9494) to work on /usr/local/lib/python3.10/dist-packages/airflow/example_dags/example_branch_python_dop_operator_3.py
[2022-10-04T03:33:55.653+0000] {processor.py:758} INFO - Processing file /usr/local/lib/python3.10/dist-packages/airflow/example_dags/example_branch_python_dop_operator_3.py for tasks to queue
[2022-10-04T03:33:55.653+0000] {logging_mixin.py:117} INFO - [2022-10-04T03:33:55.653+0000] {dagbag.py:525} INFO - Filling up the DagBag from /usr/local/lib/python3.10/dist-packages/airflow/example_dags/example_branch_python_dop_operator_3.py
[2022-10-04T03:33:55.676+0000] {processor.py:768} INFO - DAG(s) dict_keys(['example_branch_dop_operator_v3']) retrieved from /usr/local/lib/python3.10/dist-packages/airflow/example_dags/example_branch_python_dop_operator_3.py
[2022-10-04T03:33:55.704+0000] {logging_mixin.py:117} INFO - [2022-10-04T03:33:55.704+0000] {dag.py:2573} INFO - Sync 1 DAGs
[2022-10-04T03:33:55.727+0000] {logging_mixin.py:117} INFO - [2022-10-04T03:33:55.727+0000] {dag.py:3324} INFO - Setting next_dagrun for example_branch_dop_operator_v3 to 2022-10-04T03:32:00+00:00, run_after=2022-10-04T03:33:00+00:00
[2022-10-04T03:33:55.749+0000] {processor.py:178} INFO - Processing /usr/local/lib/python3.10/dist-packages/airflow/example_dags/example_branch_python_dop_operator_3.py took 0.100 seconds
[2022-10-04T03:46:33.643+0000] {processor.py:156} INFO - Started process (PID=994) to work on /usr/local/lib/python3.10/dist-packages/airflow/example_dags/example_branch_python_dop_operator_3.py
[2022-10-04T03:46:33.647+0000] {processor.py:758} INFO - Processing file /usr/local/lib/python3.10/dist-packages/airflow/example_dags/example_branch_python_dop_operator_3.py for tasks to queue
[2022-10-04T03:46:33.648+0000] {logging_mixin.py:117} INFO - [2022-10-04T03:46:33.648+0000] {dagbag.py:525} INFO - Filling up the DagBag from /usr/local/lib/python3.10/dist-packages/airflow/example_dags/example_branch_python_dop_operator_3.py
[2022-10-04T03:46:33.702+0000] {processor.py:768} INFO - DAG(s) dict_keys(['example_branch_dop_operator_v3']) retrieved from /usr/local/lib/python3.10/dist-packages/airflow/example_dags/example_branch_python_dop_operator_3.py
[2022-10-04T03:46:33.744+0000] {logging_mixin.py:117} INFO - [2022-10-04T03:46:33.743+0000] {dag.py:2573} INFO - Sync 1 DAGs
[2022-10-04T03:46:33.771+0000] {logging_mixin.py:117} INFO - [2022-10-04T03:46:33.771+0000] {dag.py:3324} INFO - Setting next_dagrun for example_branch_dop_operator_v3 to 2022-10-04T03:45:00+00:00, run_after=2022-10-04T03:46:00+00:00
[2022-10-04T03:46:33.803+0000] {processor.py:178} INFO - Processing /usr/local/lib/python3.10/dist-packages/airflow/example_dags/example_branch_python_dop_operator_3.py took 0.164 seconds
[2022-10-04T03:47:11.138+0000] {processor.py:156} INFO - Started process (PID=1032) to work on /usr/local/lib/python3.10/dist-packages/airflow/example_dags/example_branch_python_dop_operator_3.py
[2022-10-04T03:47:11.140+0000] {processor.py:758} INFO - Processing file /usr/local/lib/python3.10/dist-packages/airflow/example_dags/example_branch_python_dop_operator_3.py for tasks to queue
[2022-10-04T03:47:11.141+0000] {logging_mixin.py:117} INFO - [2022-10-04T03:47:11.140+0000] {dagbag.py:525} INFO - Filling up the DagBag from /usr/local/lib/python3.10/dist-packages/airflow/example_dags/example_branch_python_dop_operator_3.py
[2022-10-04T03:47:11.164+0000] {processor.py:768} INFO - DAG(s) dict_keys(['example_branch_dop_operator_v3']) retrieved from /usr/local/lib/python3.10/dist-packages/airflow/example_dags/example_branch_python_dop_operator_3.py
[2022-10-04T03:47:11.195+0000] {logging_mixin.py:117} INFO - [2022-10-04T03:47:11.195+0000] {dag.py:2573} INFO - Sync 1 DAGs
[2022-10-04T03:47:11.217+0000] {logging_mixin.py:117} INFO - [2022-10-04T03:47:11.217+0000] {dag.py:3324} INFO - Setting next_dagrun for example_branch_dop_operator_v3 to 2022-10-04T03:46:00+00:00, run_after=2022-10-04T03:47:00+00:00
[2022-10-04T03:47:11.244+0000] {processor.py:178} INFO - Processing /usr/local/lib/python3.10/dist-packages/airflow/example_dags/example_branch_python_dop_operator_3.py took 0.109 seconds
[2022-10-04T03:47:51.339+0000] {processor.py:156} INFO - Started process (PID=1138) to work on /usr/local/lib/python3.10/dist-packages/airflow/example_dags/example_branch_python_dop_operator_3.py
[2022-10-04T03:47:51.340+0000] {processor.py:758} INFO - Processing file /usr/local/lib/python3.10/dist-packages/airflow/example_dags/example_branch_python_dop_operator_3.py for tasks to queue
[2022-10-04T03:47:51.341+0000] {logging_mixin.py:117} INFO - [2022-10-04T03:47:51.341+0000] {dagbag.py:525} INFO - Filling up the DagBag from /usr/local/lib/python3.10/dist-packages/airflow/example_dags/example_branch_python_dop_operator_3.py
[2022-10-04T03:47:51.366+0000] {processor.py:768} INFO - DAG(s) dict_keys(['example_branch_dop_operator_v3']) retrieved from /usr/local/lib/python3.10/dist-packages/airflow/example_dags/example_branch_python_dop_operator_3.py
[2022-10-04T03:47:51.393+0000] {logging_mixin.py:117} INFO - [2022-10-04T03:47:51.393+0000] {dag.py:2573} INFO - Sync 1 DAGs
[2022-10-04T03:47:51.415+0000] {logging_mixin.py:117} INFO - [2022-10-04T03:47:51.415+0000] {dag.py:3324} INFO - Setting next_dagrun for example_branch_dop_operator_v3 to 2022-10-04T03:46:00+00:00, run_after=2022-10-04T03:47:00+00:00
[2022-10-04T03:47:51.436+0000] {processor.py:178} INFO - Processing /usr/local/lib/python3.10/dist-packages/airflow/example_dags/example_branch_python_dop_operator_3.py took 0.099 seconds
[2022-10-04T03:48:30.607+0000] {processor.py:156} INFO - Started process (PID=1177) to work on /usr/local/lib/python3.10/dist-packages/airflow/example_dags/example_branch_python_dop_operator_3.py
[2022-10-04T03:48:30.608+0000] {processor.py:758} INFO - Processing file /usr/local/lib/python3.10/dist-packages/airflow/example_dags/example_branch_python_dop_operator_3.py for tasks to queue
[2022-10-04T03:48:30.609+0000] {logging_mixin.py:117} INFO - [2022-10-04T03:48:30.609+0000] {dagbag.py:525} INFO - Filling up the DagBag from /usr/local/lib/python3.10/dist-packages/airflow/example_dags/example_branch_python_dop_operator_3.py
[2022-10-04T03:48:30.639+0000] {processor.py:768} INFO - DAG(s) dict_keys(['example_branch_dop_operator_v3']) retrieved from /usr/local/lib/python3.10/dist-packages/airflow/example_dags/example_branch_python_dop_operator_3.py
[2022-10-04T03:48:30.667+0000] {logging_mixin.py:117} INFO - [2022-10-04T03:48:30.667+0000] {dag.py:2573} INFO - Sync 1 DAGs
[2022-10-04T03:48:30.688+0000] {logging_mixin.py:117} INFO - [2022-10-04T03:48:30.688+0000] {dag.py:3324} INFO - Setting next_dagrun for example_branch_dop_operator_v3 to 2022-10-04T03:47:00+00:00, run_after=2022-10-04T03:48:00+00:00
[2022-10-04T03:48:30.712+0000] {processor.py:178} INFO - Processing /usr/local/lib/python3.10/dist-packages/airflow/example_dags/example_branch_python_dop_operator_3.py took 0.108 seconds
[2022-10-04T03:49:54.748+0000] {processor.py:156} INFO - Started process (PID=1267) to work on /usr/local/lib/python3.10/dist-packages/airflow/example_dags/example_branch_python_dop_operator_3.py
[2022-10-04T03:49:54.750+0000] {processor.py:758} INFO - Processing file /usr/local/lib/python3.10/dist-packages/airflow/example_dags/example_branch_python_dop_operator_3.py for tasks to queue
[2022-10-04T03:49:54.752+0000] {logging_mixin.py:117} INFO - [2022-10-04T03:49:54.751+0000] {dagbag.py:525} INFO - Filling up the DagBag from /usr/local/lib/python3.10/dist-packages/airflow/example_dags/example_branch_python_dop_operator_3.py
[2022-10-04T03:49:54.778+0000] {processor.py:768} INFO - DAG(s) dict_keys(['example_branch_dop_operator_v3']) retrieved from /usr/local/lib/python3.10/dist-packages/airflow/example_dags/example_branch_python_dop_operator_3.py
[2022-10-04T03:49:54.805+0000] {logging_mixin.py:117} INFO - [2022-10-04T03:49:54.805+0000] {dag.py:2573} INFO - Sync 1 DAGs
[2022-10-04T03:49:54.826+0000] {logging_mixin.py:117} INFO - [2022-10-04T03:49:54.826+0000] {dag.py:3324} INFO - Setting next_dagrun for example_branch_dop_operator_v3 to 2022-10-04T03:48:00+00:00, run_after=2022-10-04T03:49:00+00:00
[2022-10-04T03:49:54.849+0000] {processor.py:178} INFO - Processing /usr/local/lib/python3.10/dist-packages/airflow/example_dags/example_branch_python_dop_operator_3.py took 0.104 seconds
[2022-10-04T03:50:38.034+0000] {processor.py:156} INFO - Started process (PID=1305) to work on /usr/local/lib/python3.10/dist-packages/airflow/example_dags/example_branch_python_dop_operator_3.py
[2022-10-04T03:50:38.035+0000] {processor.py:758} INFO - Processing file /usr/local/lib/python3.10/dist-packages/airflow/example_dags/example_branch_python_dop_operator_3.py for tasks to queue
[2022-10-04T03:50:38.035+0000] {logging_mixin.py:117} INFO - [2022-10-04T03:50:38.035+0000] {dagbag.py:525} INFO - Filling up the DagBag from /usr/local/lib/python3.10/dist-packages/airflow/example_dags/example_branch_python_dop_operator_3.py
[2022-10-04T03:50:38.060+0000] {processor.py:768} INFO - DAG(s) dict_keys(['example_branch_dop_operator_v3']) retrieved from /usr/local/lib/python3.10/dist-packages/airflow/example_dags/example_branch_python_dop_operator_3.py
[2022-10-04T03:50:38.088+0000] {logging_mixin.py:117} INFO - [2022-10-04T03:50:38.088+0000] {dag.py:2573} INFO - Sync 1 DAGs
[2022-10-04T03:50:38.113+0000] {logging_mixin.py:117} INFO - [2022-10-04T03:50:38.112+0000] {dag.py:3324} INFO - Setting next_dagrun for example_branch_dop_operator_v3 to 2022-10-04T03:49:00+00:00, run_after=2022-10-04T03:50:00+00:00
[2022-10-04T03:50:38.139+0000] {processor.py:178} INFO - Processing /usr/local/lib/python3.10/dist-packages/airflow/example_dags/example_branch_python_dop_operator_3.py took 0.109 seconds
[2022-10-04T03:51:16.314+0000] {processor.py:156} INFO - Started process (PID=1350) to work on /usr/local/lib/python3.10/dist-packages/airflow/example_dags/example_branch_python_dop_operator_3.py
[2022-10-04T03:51:16.316+0000] {processor.py:758} INFO - Processing file /usr/local/lib/python3.10/dist-packages/airflow/example_dags/example_branch_python_dop_operator_3.py for tasks to queue
[2022-10-04T03:51:16.316+0000] {logging_mixin.py:117} INFO - [2022-10-04T03:51:16.316+0000] {dagbag.py:525} INFO - Filling up the DagBag from /usr/local/lib/python3.10/dist-packages/airflow/example_dags/example_branch_python_dop_operator_3.py
[2022-10-04T03:51:16.338+0000] {processor.py:768} INFO - DAG(s) dict_keys(['example_branch_dop_operator_v3']) retrieved from /usr/local/lib/python3.10/dist-packages/airflow/example_dags/example_branch_python_dop_operator_3.py
[2022-10-04T03:51:16.363+0000] {logging_mixin.py:117} INFO - [2022-10-04T03:51:16.363+0000] {dag.py:2573} INFO - Sync 1 DAGs
[2022-10-04T03:51:16.383+0000] {logging_mixin.py:117} INFO - [2022-10-04T03:51:16.382+0000] {dag.py:3324} INFO - Setting next_dagrun for example_branch_dop_operator_v3 to 2022-10-04T03:50:00+00:00, run_after=2022-10-04T03:51:00+00:00
[2022-10-04T03:51:16.403+0000] {processor.py:178} INFO - Processing /usr/local/lib/python3.10/dist-packages/airflow/example_dags/example_branch_python_dop_operator_3.py took 0.091 seconds
[2022-10-04T03:51:56.632+0000] {processor.py:156} INFO - Started process (PID=1388) to work on /usr/local/lib/python3.10/dist-packages/airflow/example_dags/example_branch_python_dop_operator_3.py
[2022-10-04T03:51:56.633+0000] {processor.py:758} INFO - Processing file /usr/local/lib/python3.10/dist-packages/airflow/example_dags/example_branch_python_dop_operator_3.py for tasks to queue
[2022-10-04T03:51:56.634+0000] {logging_mixin.py:117} INFO - [2022-10-04T03:51:56.634+0000] {dagbag.py:525} INFO - Filling up the DagBag from /usr/local/lib/python3.10/dist-packages/airflow/example_dags/example_branch_python_dop_operator_3.py
[2022-10-04T03:51:56.656+0000] {processor.py:768} INFO - DAG(s) dict_keys(['example_branch_dop_operator_v3']) retrieved from /usr/local/lib/python3.10/dist-packages/airflow/example_dags/example_branch_python_dop_operator_3.py
[2022-10-04T03:51:56.680+0000] {logging_mixin.py:117} INFO - [2022-10-04T03:51:56.680+0000] {dag.py:2573} INFO - Sync 1 DAGs
[2022-10-04T03:51:56.700+0000] {logging_mixin.py:117} INFO - [2022-10-04T03:51:56.700+0000] {dag.py:3324} INFO - Setting next_dagrun for example_branch_dop_operator_v3 to 2022-10-04T03:50:00+00:00, run_after=2022-10-04T03:51:00+00:00
[2022-10-04T03:51:56.724+0000] {processor.py:178} INFO - Processing /usr/local/lib/python3.10/dist-packages/airflow/example_dags/example_branch_python_dop_operator_3.py took 0.095 seconds
[2022-10-04T03:52:36.621+0000] {processor.py:156} INFO - Started process (PID=1427) to work on /usr/local/lib/python3.10/dist-packages/airflow/example_dags/example_branch_python_dop_operator_3.py
[2022-10-04T03:52:36.622+0000] {processor.py:758} INFO - Processing file /usr/local/lib/python3.10/dist-packages/airflow/example_dags/example_branch_python_dop_operator_3.py for tasks to queue
[2022-10-04T03:52:36.622+0000] {logging_mixin.py:117} INFO - [2022-10-04T03:52:36.622+0000] {dagbag.py:525} INFO - Filling up the DagBag from /usr/local/lib/python3.10/dist-packages/airflow/example_dags/example_branch_python_dop_operator_3.py
[2022-10-04T03:52:36.646+0000] {processor.py:768} INFO - DAG(s) dict_keys(['example_branch_dop_operator_v3']) retrieved from /usr/local/lib/python3.10/dist-packages/airflow/example_dags/example_branch_python_dop_operator_3.py
[2022-10-04T03:52:36.673+0000] {logging_mixin.py:117} INFO - [2022-10-04T03:52:36.673+0000] {dag.py:2573} INFO - Sync 1 DAGs
[2022-10-04T03:52:36.695+0000] {logging_mixin.py:117} INFO - [2022-10-04T03:52:36.695+0000] {dag.py:3324} INFO - Setting next_dagrun for example_branch_dop_operator_v3 to 2022-10-04T03:51:00+00:00, run_after=2022-10-04T03:52:00+00:00
[2022-10-04T03:52:36.717+0000] {processor.py:178} INFO - Processing /usr/local/lib/python3.10/dist-packages/airflow/example_dags/example_branch_python_dop_operator_3.py took 0.099 seconds
[2022-10-04T03:53:15.592+0000] {processor.py:156} INFO - Started process (PID=1465) to work on /usr/local/lib/python3.10/dist-packages/airflow/example_dags/example_branch_python_dop_operator_3.py
[2022-10-04T03:53:15.593+0000] {processor.py:758} INFO - Processing file /usr/local/lib/python3.10/dist-packages/airflow/example_dags/example_branch_python_dop_operator_3.py for tasks to queue
[2022-10-04T03:53:15.593+0000] {logging_mixin.py:117} INFO - [2022-10-04T03:53:15.593+0000] {dagbag.py:525} INFO - Filling up the DagBag from /usr/local/lib/python3.10/dist-packages/airflow/example_dags/example_branch_python_dop_operator_3.py
[2022-10-04T03:53:15.617+0000] {processor.py:768} INFO - DAG(s) dict_keys(['example_branch_dop_operator_v3']) retrieved from /usr/local/lib/python3.10/dist-packages/airflow/example_dags/example_branch_python_dop_operator_3.py
[2022-10-04T03:53:15.643+0000] {logging_mixin.py:117} INFO - [2022-10-04T03:53:15.643+0000] {dag.py:2573} INFO - Sync 1 DAGs
[2022-10-04T03:53:15.666+0000] {logging_mixin.py:117} INFO - [2022-10-04T03:53:15.666+0000] {dag.py:3324} INFO - Setting next_dagrun for example_branch_dop_operator_v3 to 2022-10-04T03:52:00+00:00, run_after=2022-10-04T03:53:00+00:00
[2022-10-04T03:53:15.689+0000] {processor.py:178} INFO - Processing /usr/local/lib/python3.10/dist-packages/airflow/example_dags/example_branch_python_dop_operator_3.py took 0.101 seconds
[2022-10-04T03:53:53.513+0000] {processor.py:156} INFO - Started process (PID=1507) to work on /usr/local/lib/python3.10/dist-packages/airflow/example_dags/example_branch_python_dop_operator_3.py
[2022-10-04T03:53:53.515+0000] {processor.py:758} INFO - Processing file /usr/local/lib/python3.10/dist-packages/airflow/example_dags/example_branch_python_dop_operator_3.py for tasks to queue
[2022-10-04T03:53:53.515+0000] {logging_mixin.py:117} INFO - [2022-10-04T03:53:53.515+0000] {dagbag.py:525} INFO - Filling up the DagBag from /usr/local/lib/python3.10/dist-packages/airflow/example_dags/example_branch_python_dop_operator_3.py
[2022-10-04T03:53:53.539+0000] {processor.py:768} INFO - DAG(s) dict_keys(['example_branch_dop_operator_v3']) retrieved from /usr/local/lib/python3.10/dist-packages/airflow/example_dags/example_branch_python_dop_operator_3.py
[2022-10-04T03:53:53.566+0000] {logging_mixin.py:117} INFO - [2022-10-04T03:53:53.565+0000] {dag.py:2573} INFO - Sync 1 DAGs
[2022-10-04T03:53:53.588+0000] {logging_mixin.py:117} INFO - [2022-10-04T03:53:53.588+0000] {dag.py:3324} INFO - Setting next_dagrun for example_branch_dop_operator_v3 to 2022-10-04T03:52:00+00:00, run_after=2022-10-04T03:53:00+00:00
[2022-10-04T03:53:53.615+0000] {processor.py:178} INFO - Processing /usr/local/lib/python3.10/dist-packages/airflow/example_dags/example_branch_python_dop_operator_3.py took 0.105 seconds
[2022-10-04T03:55:04.893+0000] {processor.py:156} INFO - Started process (PID=1601) to work on /usr/local/lib/python3.10/dist-packages/airflow/example_dags/example_branch_python_dop_operator_3.py
[2022-10-04T03:55:04.895+0000] {processor.py:758} INFO - Processing file /usr/local/lib/python3.10/dist-packages/airflow/example_dags/example_branch_python_dop_operator_3.py for tasks to queue
[2022-10-04T03:55:04.895+0000] {logging_mixin.py:117} INFO - [2022-10-04T03:55:04.895+0000] {dagbag.py:525} INFO - Filling up the DagBag from /usr/local/lib/python3.10/dist-packages/airflow/example_dags/example_branch_python_dop_operator_3.py
[2022-10-04T03:55:04.921+0000] {processor.py:768} INFO - DAG(s) dict_keys(['example_branch_dop_operator_v3']) retrieved from /usr/local/lib/python3.10/dist-packages/airflow/example_dags/example_branch_python_dop_operator_3.py
[2022-10-04T03:55:04.947+0000] {logging_mixin.py:117} INFO - [2022-10-04T03:55:04.947+0000] {dag.py:2573} INFO - Sync 1 DAGs
[2022-10-04T03:55:04.968+0000] {logging_mixin.py:117} INFO - [2022-10-04T03:55:04.967+0000] {dag.py:3324} INFO - Setting next_dagrun for example_branch_dop_operator_v3 to 2022-10-04T03:54:00+00:00, run_after=2022-10-04T03:55:00+00:00
[2022-10-04T03:55:04.989+0000] {processor.py:178} INFO - Processing /usr/local/lib/python3.10/dist-packages/airflow/example_dags/example_branch_python_dop_operator_3.py took 0.098 seconds
[2022-10-04T04:35:52.953+0000] {processor.py:156} INFO - Started process (PID=1798) to work on /usr/local/lib/python3.10/dist-packages/airflow/example_dags/example_branch_python_dop_operator_3.py
[2022-10-04T04:35:52.955+0000] {processor.py:758} INFO - Processing file /usr/local/lib/python3.10/dist-packages/airflow/example_dags/example_branch_python_dop_operator_3.py for tasks to queue
[2022-10-04T04:35:52.956+0000] {logging_mixin.py:117} INFO - [2022-10-04T04:35:52.955+0000] {dagbag.py:525} INFO - Filling up the DagBag from /usr/local/lib/python3.10/dist-packages/airflow/example_dags/example_branch_python_dop_operator_3.py
[2022-10-04T04:35:52.980+0000] {processor.py:768} INFO - DAG(s) dict_keys(['example_branch_dop_operator_v3']) retrieved from /usr/local/lib/python3.10/dist-packages/airflow/example_dags/example_branch_python_dop_operator_3.py
[2022-10-04T04:35:53.009+0000] {logging_mixin.py:117} INFO - [2022-10-04T04:35:53.008+0000] {dag.py:2573} INFO - Sync 1 DAGs
[2022-10-04T04:35:53.033+0000] {logging_mixin.py:117} INFO - [2022-10-04T04:35:53.033+0000] {dag.py:3324} INFO - Setting next_dagrun for example_branch_dop_operator_v3 to 2022-10-04T04:34:00+00:00, run_after=2022-10-04T04:35:00+00:00
[2022-10-04T04:35:53.057+0000] {processor.py:178} INFO - Processing /usr/local/lib/python3.10/dist-packages/airflow/example_dags/example_branch_python_dop_operator_3.py took 0.107 seconds
[2022-10-04T04:37:31.363+0000] {processor.py:156} INFO - Started process (PID=1883) to work on /usr/local/lib/python3.10/dist-packages/airflow/example_dags/example_branch_python_dop_operator_3.py
[2022-10-04T04:37:31.365+0000] {processor.py:758} INFO - Processing file /usr/local/lib/python3.10/dist-packages/airflow/example_dags/example_branch_python_dop_operator_3.py for tasks to queue
[2022-10-04T04:37:31.365+0000] {logging_mixin.py:117} INFO - [2022-10-04T04:37:31.365+0000] {dagbag.py:525} INFO - Filling up the DagBag from /usr/local/lib/python3.10/dist-packages/airflow/example_dags/example_branch_python_dop_operator_3.py
[2022-10-04T04:37:31.388+0000] {processor.py:768} INFO - DAG(s) dict_keys(['example_branch_dop_operator_v3']) retrieved from /usr/local/lib/python3.10/dist-packages/airflow/example_dags/example_branch_python_dop_operator_3.py
[2022-10-04T04:37:31.419+0000] {logging_mixin.py:117} INFO - [2022-10-04T04:37:31.419+0000] {dag.py:2573} INFO - Sync 1 DAGs
[2022-10-04T04:37:31.442+0000] {logging_mixin.py:117} INFO - [2022-10-04T04:37:31.442+0000] {dag.py:3324} INFO - Setting next_dagrun for example_branch_dop_operator_v3 to 2022-10-04T04:36:00+00:00, run_after=2022-10-04T04:37:00+00:00
[2022-10-04T04:37:31.465+0000] {processor.py:178} INFO - Processing /usr/local/lib/python3.10/dist-packages/airflow/example_dags/example_branch_python_dop_operator_3.py took 0.105 seconds
[2022-10-04T04:46:05.254+0000] {processor.py:156} INFO - Started process (PID=2013) to work on /usr/local/lib/python3.10/dist-packages/airflow/example_dags/example_branch_python_dop_operator_3.py
[2022-10-04T04:46:05.256+0000] {processor.py:758} INFO - Processing file /usr/local/lib/python3.10/dist-packages/airflow/example_dags/example_branch_python_dop_operator_3.py for tasks to queue
[2022-10-04T04:46:05.256+0000] {logging_mixin.py:117} INFO - [2022-10-04T04:46:05.256+0000] {dagbag.py:525} INFO - Filling up the DagBag from /usr/local/lib/python3.10/dist-packages/airflow/example_dags/example_branch_python_dop_operator_3.py
[2022-10-04T04:46:05.274+0000] {processor.py:768} INFO - DAG(s) dict_keys(['example_branch_dop_operator_v3']) retrieved from /usr/local/lib/python3.10/dist-packages/airflow/example_dags/example_branch_python_dop_operator_3.py
[2022-10-04T04:46:05.297+0000] {logging_mixin.py:117} INFO - [2022-10-04T04:46:05.297+0000] {dag.py:2573} INFO - Sync 1 DAGs
[2022-10-04T04:46:05.316+0000] {logging_mixin.py:117} INFO - [2022-10-04T04:46:05.316+0000] {dag.py:3324} INFO - Setting next_dagrun for example_branch_dop_operator_v3 to 2022-10-04T04:45:00+00:00, run_after=2022-10-04T04:46:00+00:00
[2022-10-04T04:46:05.341+0000] {processor.py:178} INFO - Processing /usr/local/lib/python3.10/dist-packages/airflow/example_dags/example_branch_python_dop_operator_3.py took 0.090 seconds
[2022-10-04T04:46:42.807+0000] {processor.py:156} INFO - Started process (PID=2050) to work on /usr/local/lib/python3.10/dist-packages/airflow/example_dags/example_branch_python_dop_operator_3.py
[2022-10-04T04:46:42.809+0000] {processor.py:758} INFO - Processing file /usr/local/lib/python3.10/dist-packages/airflow/example_dags/example_branch_python_dop_operator_3.py for tasks to queue
[2022-10-04T04:46:42.810+0000] {logging_mixin.py:117} INFO - [2022-10-04T04:46:42.810+0000] {dagbag.py:525} INFO - Filling up the DagBag from /usr/local/lib/python3.10/dist-packages/airflow/example_dags/example_branch_python_dop_operator_3.py
[2022-10-04T04:46:42.833+0000] {processor.py:768} INFO - DAG(s) dict_keys(['example_branch_dop_operator_v3']) retrieved from /usr/local/lib/python3.10/dist-packages/airflow/example_dags/example_branch_python_dop_operator_3.py
[2022-10-04T04:46:42.856+0000] {logging_mixin.py:117} INFO - [2022-10-04T04:46:42.856+0000] {dag.py:2573} INFO - Sync 1 DAGs
[2022-10-04T04:46:42.887+0000] {logging_mixin.py:117} INFO - [2022-10-04T04:46:42.886+0000] {dag.py:3324} INFO - Setting next_dagrun for example_branch_dop_operator_v3 to 2022-10-04T04:45:00+00:00, run_after=2022-10-04T04:46:00+00:00
[2022-10-04T04:46:42.919+0000] {processor.py:178} INFO - Processing /usr/local/lib/python3.10/dist-packages/airflow/example_dags/example_branch_python_dop_operator_3.py took 0.116 seconds
[2022-10-04T04:47:22.238+0000] {processor.py:156} INFO - Started process (PID=2088) to work on /usr/local/lib/python3.10/dist-packages/airflow/example_dags/example_branch_python_dop_operator_3.py
[2022-10-04T04:47:22.239+0000] {processor.py:758} INFO - Processing file /usr/local/lib/python3.10/dist-packages/airflow/example_dags/example_branch_python_dop_operator_3.py for tasks to queue
[2022-10-04T04:47:22.240+0000] {logging_mixin.py:117} INFO - [2022-10-04T04:47:22.240+0000] {dagbag.py:525} INFO - Filling up the DagBag from /usr/local/lib/python3.10/dist-packages/airflow/example_dags/example_branch_python_dop_operator_3.py
[2022-10-04T04:47:22.259+0000] {processor.py:768} INFO - DAG(s) dict_keys(['example_branch_dop_operator_v3']) retrieved from /usr/local/lib/python3.10/dist-packages/airflow/example_dags/example_branch_python_dop_operator_3.py
[2022-10-04T04:47:22.281+0000] {logging_mixin.py:117} INFO - [2022-10-04T04:47:22.281+0000] {dag.py:2573} INFO - Sync 1 DAGs
[2022-10-04T04:47:22.301+0000] {logging_mixin.py:117} INFO - [2022-10-04T04:47:22.301+0000] {dag.py:3324} INFO - Setting next_dagrun for example_branch_dop_operator_v3 to 2022-10-04T04:46:00+00:00, run_after=2022-10-04T04:47:00+00:00
[2022-10-04T04:47:22.327+0000] {processor.py:178} INFO - Processing /usr/local/lib/python3.10/dist-packages/airflow/example_dags/example_branch_python_dop_operator_3.py took 0.092 seconds
[2022-10-04T04:47:59.874+0000] {processor.py:156} INFO - Started process (PID=2126) to work on /usr/local/lib/python3.10/dist-packages/airflow/example_dags/example_branch_python_dop_operator_3.py
[2022-10-04T04:47:59.875+0000] {processor.py:758} INFO - Processing file /usr/local/lib/python3.10/dist-packages/airflow/example_dags/example_branch_python_dop_operator_3.py for tasks to queue
[2022-10-04T04:47:59.876+0000] {logging_mixin.py:117} INFO - [2022-10-04T04:47:59.875+0000] {dagbag.py:525} INFO - Filling up the DagBag from /usr/local/lib/python3.10/dist-packages/airflow/example_dags/example_branch_python_dop_operator_3.py
[2022-10-04T04:47:59.893+0000] {processor.py:768} INFO - DAG(s) dict_keys(['example_branch_dop_operator_v3']) retrieved from /usr/local/lib/python3.10/dist-packages/airflow/example_dags/example_branch_python_dop_operator_3.py
[2022-10-04T04:47:59.922+0000] {logging_mixin.py:117} INFO - [2022-10-04T04:47:59.922+0000] {dag.py:2573} INFO - Sync 1 DAGs
[2022-10-04T04:47:59.943+0000] {logging_mixin.py:117} INFO - [2022-10-04T04:47:59.943+0000] {dag.py:3324} INFO - Setting next_dagrun for example_branch_dop_operator_v3 to 2022-10-04T04:46:00+00:00, run_after=2022-10-04T04:47:00+00:00
[2022-10-04T04:47:59.967+0000] {processor.py:178} INFO - Processing /usr/local/lib/python3.10/dist-packages/airflow/example_dags/example_branch_python_dop_operator_3.py took 0.097 seconds
[2022-10-04T04:48:36.436+0000] {processor.py:156} INFO - Started process (PID=2163) to work on /usr/local/lib/python3.10/dist-packages/airflow/example_dags/example_branch_python_dop_operator_3.py
[2022-10-04T04:48:36.437+0000] {processor.py:758} INFO - Processing file /usr/local/lib/python3.10/dist-packages/airflow/example_dags/example_branch_python_dop_operator_3.py for tasks to queue
[2022-10-04T04:48:36.438+0000] {logging_mixin.py:117} INFO - [2022-10-04T04:48:36.438+0000] {dagbag.py:525} INFO - Filling up the DagBag from /usr/local/lib/python3.10/dist-packages/airflow/example_dags/example_branch_python_dop_operator_3.py
[2022-10-04T04:48:36.455+0000] {processor.py:768} INFO - DAG(s) dict_keys(['example_branch_dop_operator_v3']) retrieved from /usr/local/lib/python3.10/dist-packages/airflow/example_dags/example_branch_python_dop_operator_3.py
[2022-10-04T04:48:36.477+0000] {logging_mixin.py:117} INFO - [2022-10-04T04:48:36.477+0000] {dag.py:2573} INFO - Sync 1 DAGs
[2022-10-04T04:48:36.496+0000] {logging_mixin.py:117} INFO - [2022-10-04T04:48:36.496+0000] {dag.py:3324} INFO - Setting next_dagrun for example_branch_dop_operator_v3 to 2022-10-04T04:47:00+00:00, run_after=2022-10-04T04:48:00+00:00
[2022-10-04T04:48:36.517+0000] {processor.py:178} INFO - Processing /usr/local/lib/python3.10/dist-packages/airflow/example_dags/example_branch_python_dop_operator_3.py took 0.084 seconds
[2022-10-04T04:49:13.290+0000] {processor.py:156} INFO - Started process (PID=2201) to work on /usr/local/lib/python3.10/dist-packages/airflow/example_dags/example_branch_python_dop_operator_3.py
[2022-10-04T04:49:13.293+0000] {processor.py:758} INFO - Processing file /usr/local/lib/python3.10/dist-packages/airflow/example_dags/example_branch_python_dop_operator_3.py for tasks to queue
[2022-10-04T04:49:13.293+0000] {logging_mixin.py:117} INFO - [2022-10-04T04:49:13.293+0000] {dagbag.py:525} INFO - Filling up the DagBag from /usr/local/lib/python3.10/dist-packages/airflow/example_dags/example_branch_python_dop_operator_3.py
[2022-10-04T04:49:13.322+0000] {processor.py:768} INFO - DAG(s) dict_keys(['example_branch_dop_operator_v3']) retrieved from /usr/local/lib/python3.10/dist-packages/airflow/example_dags/example_branch_python_dop_operator_3.py
[2022-10-04T04:49:13.345+0000] {logging_mixin.py:117} INFO - [2022-10-04T04:49:13.345+0000] {dag.py:2573} INFO - Sync 1 DAGs
[2022-10-04T04:49:13.367+0000] {logging_mixin.py:117} INFO - [2022-10-04T04:49:13.367+0000] {dag.py:3324} INFO - Setting next_dagrun for example_branch_dop_operator_v3 to 2022-10-04T04:48:00+00:00, run_after=2022-10-04T04:49:00+00:00
[2022-10-04T04:49:13.391+0000] {processor.py:178} INFO - Processing /usr/local/lib/python3.10/dist-packages/airflow/example_dags/example_branch_python_dop_operator_3.py took 0.106 seconds
[2022-10-04T04:49:51.755+0000] {processor.py:156} INFO - Started process (PID=2238) to work on /usr/local/lib/python3.10/dist-packages/airflow/example_dags/example_branch_python_dop_operator_3.py
[2022-10-04T04:49:51.757+0000] {processor.py:758} INFO - Processing file /usr/local/lib/python3.10/dist-packages/airflow/example_dags/example_branch_python_dop_operator_3.py for tasks to queue
[2022-10-04T04:49:51.757+0000] {logging_mixin.py:117} INFO - [2022-10-04T04:49:51.757+0000] {dagbag.py:525} INFO - Filling up the DagBag from /usr/local/lib/python3.10/dist-packages/airflow/example_dags/example_branch_python_dop_operator_3.py
[2022-10-04T04:49:51.795+0000] {processor.py:768} INFO - DAG(s) dict_keys(['example_branch_dop_operator_v3']) retrieved from /usr/local/lib/python3.10/dist-packages/airflow/example_dags/example_branch_python_dop_operator_3.py
[2022-10-04T04:49:51.843+0000] {logging_mixin.py:117} INFO - [2022-10-04T04:49:51.842+0000] {dag.py:2573} INFO - Sync 1 DAGs
[2022-10-04T04:49:51.883+0000] {logging_mixin.py:117} INFO - [2022-10-04T04:49:51.882+0000] {dag.py:3324} INFO - Setting next_dagrun for example_branch_dop_operator_v3 to 2022-10-04T04:48:00+00:00, run_after=2022-10-04T04:49:00+00:00
[2022-10-04T04:49:51.934+0000] {processor.py:178} INFO - Processing /usr/local/lib/python3.10/dist-packages/airflow/example_dags/example_branch_python_dop_operator_3.py took 0.184 seconds
[2022-10-04T04:50:29.509+0000] {processor.py:156} INFO - Started process (PID=2277) to work on /usr/local/lib/python3.10/dist-packages/airflow/example_dags/example_branch_python_dop_operator_3.py
[2022-10-04T04:50:29.510+0000] {processor.py:758} INFO - Processing file /usr/local/lib/python3.10/dist-packages/airflow/example_dags/example_branch_python_dop_operator_3.py for tasks to queue
[2022-10-04T04:50:29.510+0000] {logging_mixin.py:117} INFO - [2022-10-04T04:50:29.510+0000] {dagbag.py:525} INFO - Filling up the DagBag from /usr/local/lib/python3.10/dist-packages/airflow/example_dags/example_branch_python_dop_operator_3.py
[2022-10-04T04:50:29.547+0000] {processor.py:768} INFO - DAG(s) dict_keys(['example_branch_dop_operator_v3']) retrieved from /usr/local/lib/python3.10/dist-packages/airflow/example_dags/example_branch_python_dop_operator_3.py
[2022-10-04T04:50:29.596+0000] {logging_mixin.py:117} INFO - [2022-10-04T04:50:29.596+0000] {dag.py:2573} INFO - Sync 1 DAGs
[2022-10-04T04:50:29.639+0000] {logging_mixin.py:117} INFO - [2022-10-04T04:50:29.639+0000] {dag.py:3324} INFO - Setting next_dagrun for example_branch_dop_operator_v3 to 2022-10-04T04:49:00+00:00, run_after=2022-10-04T04:50:00+00:00
[2022-10-04T04:50:29.678+0000] {processor.py:178} INFO - Processing /usr/local/lib/python3.10/dist-packages/airflow/example_dags/example_branch_python_dop_operator_3.py took 0.180 seconds
[2022-10-04T04:51:10.609+0000] {processor.py:156} INFO - Started process (PID=2318) to work on /usr/local/lib/python3.10/dist-packages/airflow/example_dags/example_branch_python_dop_operator_3.py
[2022-10-04T04:51:10.610+0000] {processor.py:758} INFO - Processing file /usr/local/lib/python3.10/dist-packages/airflow/example_dags/example_branch_python_dop_operator_3.py for tasks to queue
[2022-10-04T04:51:10.611+0000] {logging_mixin.py:117} INFO - [2022-10-04T04:51:10.611+0000] {dagbag.py:525} INFO - Filling up the DagBag from /usr/local/lib/python3.10/dist-packages/airflow/example_dags/example_branch_python_dop_operator_3.py
[2022-10-04T04:51:10.634+0000] {processor.py:768} INFO - DAG(s) dict_keys(['example_branch_dop_operator_v3']) retrieved from /usr/local/lib/python3.10/dist-packages/airflow/example_dags/example_branch_python_dop_operator_3.py
[2022-10-04T04:51:10.669+0000] {logging_mixin.py:117} INFO - [2022-10-04T04:51:10.668+0000] {dag.py:2573} INFO - Sync 1 DAGs
[2022-10-04T04:51:10.690+0000] {logging_mixin.py:117} INFO - [2022-10-04T04:51:10.690+0000] {dag.py:3324} INFO - Setting next_dagrun for example_branch_dop_operator_v3 to 2022-10-04T04:50:00+00:00, run_after=2022-10-04T04:51:00+00:00
[2022-10-04T04:51:10.718+0000] {processor.py:178} INFO - Processing /usr/local/lib/python3.10/dist-packages/airflow/example_dags/example_branch_python_dop_operator_3.py took 0.112 seconds
[2022-10-04T04:51:52.330+0000] {processor.py:156} INFO - Started process (PID=2358) to work on /usr/local/lib/python3.10/dist-packages/airflow/example_dags/example_branch_python_dop_operator_3.py
[2022-10-04T04:51:52.331+0000] {processor.py:758} INFO - Processing file /usr/local/lib/python3.10/dist-packages/airflow/example_dags/example_branch_python_dop_operator_3.py for tasks to queue
[2022-10-04T04:51:52.332+0000] {logging_mixin.py:117} INFO - [2022-10-04T04:51:52.332+0000] {dagbag.py:525} INFO - Filling up the DagBag from /usr/local/lib/python3.10/dist-packages/airflow/example_dags/example_branch_python_dop_operator_3.py
[2022-10-04T04:51:52.352+0000] {processor.py:768} INFO - DAG(s) dict_keys(['example_branch_dop_operator_v3']) retrieved from /usr/local/lib/python3.10/dist-packages/airflow/example_dags/example_branch_python_dop_operator_3.py
[2022-10-04T04:51:52.376+0000] {logging_mixin.py:117} INFO - [2022-10-04T04:51:52.376+0000] {dag.py:2573} INFO - Sync 1 DAGs
[2022-10-04T04:51:52.400+0000] {logging_mixin.py:117} INFO - [2022-10-04T04:51:52.400+0000] {dag.py:3324} INFO - Setting next_dagrun for example_branch_dop_operator_v3 to 2022-10-04T04:50:00+00:00, run_after=2022-10-04T04:51:00+00:00
[2022-10-04T04:51:52.422+0000] {processor.py:178} INFO - Processing /usr/local/lib/python3.10/dist-packages/airflow/example_dags/example_branch_python_dop_operator_3.py took 0.096 seconds
[2022-10-04T04:52:30.064+0000] {processor.py:156} INFO - Started process (PID=2396) to work on /usr/local/lib/python3.10/dist-packages/airflow/example_dags/example_branch_python_dop_operator_3.py
[2022-10-04T04:52:30.065+0000] {processor.py:758} INFO - Processing file /usr/local/lib/python3.10/dist-packages/airflow/example_dags/example_branch_python_dop_operator_3.py for tasks to queue
[2022-10-04T04:52:30.066+0000] {logging_mixin.py:117} INFO - [2022-10-04T04:52:30.066+0000] {dagbag.py:525} INFO - Filling up the DagBag from /usr/local/lib/python3.10/dist-packages/airflow/example_dags/example_branch_python_dop_operator_3.py
[2022-10-04T04:52:30.084+0000] {processor.py:768} INFO - DAG(s) dict_keys(['example_branch_dop_operator_v3']) retrieved from /usr/local/lib/python3.10/dist-packages/airflow/example_dags/example_branch_python_dop_operator_3.py
[2022-10-04T04:52:30.104+0000] {logging_mixin.py:117} INFO - [2022-10-04T04:52:30.104+0000] {dag.py:2573} INFO - Sync 1 DAGs
[2022-10-04T04:52:30.123+0000] {logging_mixin.py:117} INFO - [2022-10-04T04:52:30.123+0000] {dag.py:3324} INFO - Setting next_dagrun for example_branch_dop_operator_v3 to 2022-10-04T04:51:00+00:00, run_after=2022-10-04T04:52:00+00:00
[2022-10-04T04:52:30.147+0000] {processor.py:178} INFO - Processing /usr/local/lib/python3.10/dist-packages/airflow/example_dags/example_branch_python_dop_operator_3.py took 0.086 seconds
[2022-10-04T04:53:12.937+0000] {processor.py:156} INFO - Started process (PID=2438) to work on /usr/local/lib/python3.10/dist-packages/airflow/example_dags/example_branch_python_dop_operator_3.py
[2022-10-04T04:53:12.938+0000] {processor.py:758} INFO - Processing file /usr/local/lib/python3.10/dist-packages/airflow/example_dags/example_branch_python_dop_operator_3.py for tasks to queue
[2022-10-04T04:53:12.939+0000] {logging_mixin.py:117} INFO - [2022-10-04T04:53:12.939+0000] {dagbag.py:525} INFO - Filling up the DagBag from /usr/local/lib/python3.10/dist-packages/airflow/example_dags/example_branch_python_dop_operator_3.py
[2022-10-04T04:53:12.959+0000] {processor.py:768} INFO - DAG(s) dict_keys(['example_branch_dop_operator_v3']) retrieved from /usr/local/lib/python3.10/dist-packages/airflow/example_dags/example_branch_python_dop_operator_3.py
[2022-10-04T04:53:12.985+0000] {logging_mixin.py:117} INFO - [2022-10-04T04:53:12.984+0000] {dag.py:2573} INFO - Sync 1 DAGs
[2022-10-04T04:53:13.022+0000] {logging_mixin.py:117} INFO - [2022-10-04T04:53:13.022+0000] {dag.py:3324} INFO - Setting next_dagrun for example_branch_dop_operator_v3 to 2022-10-04T04:52:00+00:00, run_after=2022-10-04T04:53:00+00:00
[2022-10-04T04:53:13.048+0000] {processor.py:178} INFO - Processing /usr/local/lib/python3.10/dist-packages/airflow/example_dags/example_branch_python_dop_operator_3.py took 0.115 seconds
[2022-10-04T04:53:56.692+0000] {processor.py:156} INFO - Started process (PID=2482) to work on /usr/local/lib/python3.10/dist-packages/airflow/example_dags/example_branch_python_dop_operator_3.py
[2022-10-04T04:53:56.693+0000] {processor.py:758} INFO - Processing file /usr/local/lib/python3.10/dist-packages/airflow/example_dags/example_branch_python_dop_operator_3.py for tasks to queue
[2022-10-04T04:53:56.694+0000] {logging_mixin.py:117} INFO - [2022-10-04T04:53:56.694+0000] {dagbag.py:525} INFO - Filling up the DagBag from /usr/local/lib/python3.10/dist-packages/airflow/example_dags/example_branch_python_dop_operator_3.py
[2022-10-04T04:53:56.712+0000] {processor.py:768} INFO - DAG(s) dict_keys(['example_branch_dop_operator_v3']) retrieved from /usr/local/lib/python3.10/dist-packages/airflow/example_dags/example_branch_python_dop_operator_3.py
[2022-10-04T04:53:56.734+0000] {logging_mixin.py:117} INFO - [2022-10-04T04:53:56.734+0000] {dag.py:2573} INFO - Sync 1 DAGs
[2022-10-04T04:53:56.756+0000] {logging_mixin.py:117} INFO - [2022-10-04T04:53:56.756+0000] {dag.py:3324} INFO - Setting next_dagrun for example_branch_dop_operator_v3 to 2022-10-04T04:52:00+00:00, run_after=2022-10-04T04:53:00+00:00
[2022-10-04T04:53:56.778+0000] {processor.py:178} INFO - Processing /usr/local/lib/python3.10/dist-packages/airflow/example_dags/example_branch_python_dop_operator_3.py took 0.091 seconds
