[2022-10-04T03:09:36.668+0000] {processor.py:156} INFO - Started process (PID=7712) to work on /usr/local/lib/python3.10/dist-packages/airflow/example_dags/example_branch_day_of_week_operator.py
[2022-10-04T03:09:36.668+0000] {processor.py:758} INFO - Processing file /usr/local/lib/python3.10/dist-packages/airflow/example_dags/example_branch_day_of_week_operator.py for tasks to queue
[2022-10-04T03:09:36.669+0000] {logging_mixin.py:117} INFO - [2022-10-04T03:09:36.669+0000] {dagbag.py:525} INFO - Filling up the DagBag from /usr/local/lib/python3.10/dist-packages/airflow/example_dags/example_branch_day_of_week_operator.py
[2022-10-04T03:09:36.685+0000] {processor.py:768} INFO - DAG(s) dict_keys(['example_weekday_branch_operator']) retrieved from /usr/local/lib/python3.10/dist-packages/airflow/example_dags/example_branch_day_of_week_operator.py
[2022-10-04T03:09:36.791+0000] {logging_mixin.py:117} INFO - [2022-10-04T03:09:36.791+0000] {manager.py:508} INFO - Created Permission View: can read on DAG:example_weekday_branch_operator
[2022-10-04T03:09:36.804+0000] {logging_mixin.py:117} INFO - [2022-10-04T03:09:36.803+0000] {manager.py:508} INFO - Created Permission View: can delete on DAG:example_weekday_branch_operator
[2022-10-04T03:09:36.814+0000] {logging_mixin.py:117} INFO - [2022-10-04T03:09:36.814+0000] {manager.py:508} INFO - Created Permission View: can edit on DAG:example_weekday_branch_operator
[2022-10-04T03:09:36.814+0000] {logging_mixin.py:117} INFO - [2022-10-04T03:09:36.814+0000] {dag.py:2573} INFO - Sync 1 DAGs
[2022-10-04T03:09:36.823+0000] {logging_mixin.py:117} INFO - [2022-10-04T03:09:36.823+0000] {dag.py:2594} INFO - Creating ORM DAG for example_weekday_branch_operator
[2022-10-04T03:09:36.832+0000] {logging_mixin.py:117} INFO - [2022-10-04T03:09:36.832+0000] {dag.py:3324} INFO - Setting next_dagrun for example_weekday_branch_operator to 2022-10-03T00:00:00+00:00, run_after=2022-10-04T00:00:00+00:00
[2022-10-04T03:09:36.855+0000] {processor.py:178} INFO - Processing /usr/local/lib/python3.10/dist-packages/airflow/example_dags/example_branch_day_of_week_operator.py took 0.190 seconds
[2022-10-04T03:10:14.554+0000] {processor.py:156} INFO - Started process (PID=7761) to work on /usr/local/lib/python3.10/dist-packages/airflow/example_dags/example_branch_day_of_week_operator.py
[2022-10-04T03:10:14.555+0000] {processor.py:758} INFO - Processing file /usr/local/lib/python3.10/dist-packages/airflow/example_dags/example_branch_day_of_week_operator.py for tasks to queue
[2022-10-04T03:10:14.556+0000] {logging_mixin.py:117} INFO - [2022-10-04T03:10:14.556+0000] {dagbag.py:525} INFO - Filling up the DagBag from /usr/local/lib/python3.10/dist-packages/airflow/example_dags/example_branch_day_of_week_operator.py
[2022-10-04T03:10:14.572+0000] {processor.py:768} INFO - DAG(s) dict_keys(['example_weekday_branch_operator']) retrieved from /usr/local/lib/python3.10/dist-packages/airflow/example_dags/example_branch_day_of_week_operator.py
[2022-10-04T03:10:14.605+0000] {logging_mixin.py:117} INFO - [2022-10-04T03:10:14.604+0000] {dag.py:2573} INFO - Sync 1 DAGs
[2022-10-04T03:10:14.625+0000] {logging_mixin.py:117} INFO - [2022-10-04T03:10:14.625+0000] {dag.py:3324} INFO - Setting next_dagrun for example_weekday_branch_operator to 2022-10-03T00:00:00+00:00, run_after=2022-10-04T00:00:00+00:00
[2022-10-04T03:10:14.648+0000] {processor.py:178} INFO - Processing /usr/local/lib/python3.10/dist-packages/airflow/example_dags/example_branch_day_of_week_operator.py took 0.097 seconds
[2022-10-04T03:10:57.813+0000] {processor.py:156} INFO - Started process (PID=7799) to work on /usr/local/lib/python3.10/dist-packages/airflow/example_dags/example_branch_day_of_week_operator.py
[2022-10-04T03:10:57.815+0000] {processor.py:758} INFO - Processing file /usr/local/lib/python3.10/dist-packages/airflow/example_dags/example_branch_day_of_week_operator.py for tasks to queue
[2022-10-04T03:10:57.815+0000] {logging_mixin.py:117} INFO - [2022-10-04T03:10:57.815+0000] {dagbag.py:525} INFO - Filling up the DagBag from /usr/local/lib/python3.10/dist-packages/airflow/example_dags/example_branch_day_of_week_operator.py
[2022-10-04T03:10:57.832+0000] {processor.py:768} INFO - DAG(s) dict_keys(['example_weekday_branch_operator']) retrieved from /usr/local/lib/python3.10/dist-packages/airflow/example_dags/example_branch_day_of_week_operator.py
[2022-10-04T03:10:57.856+0000] {logging_mixin.py:117} INFO - [2022-10-04T03:10:57.856+0000] {dag.py:2573} INFO - Sync 1 DAGs
[2022-10-04T03:10:57.875+0000] {logging_mixin.py:117} INFO - [2022-10-04T03:10:57.875+0000] {dag.py:3324} INFO - Setting next_dagrun for example_weekday_branch_operator to 2022-10-03T00:00:00+00:00, run_after=2022-10-04T00:00:00+00:00
[2022-10-04T03:10:57.900+0000] {processor.py:178} INFO - Processing /usr/local/lib/python3.10/dist-packages/airflow/example_dags/example_branch_day_of_week_operator.py took 0.090 seconds
[2022-10-04T03:11:39.872+0000] {processor.py:156} INFO - Started process (PID=7845) to work on /usr/local/lib/python3.10/dist-packages/airflow/example_dags/example_branch_day_of_week_operator.py
[2022-10-04T03:11:39.874+0000] {processor.py:758} INFO - Processing file /usr/local/lib/python3.10/dist-packages/airflow/example_dags/example_branch_day_of_week_operator.py for tasks to queue
[2022-10-04T03:11:39.874+0000] {logging_mixin.py:117} INFO - [2022-10-04T03:11:39.874+0000] {dagbag.py:525} INFO - Filling up the DagBag from /usr/local/lib/python3.10/dist-packages/airflow/example_dags/example_branch_day_of_week_operator.py
[2022-10-04T03:11:39.889+0000] {processor.py:768} INFO - DAG(s) dict_keys(['example_weekday_branch_operator']) retrieved from /usr/local/lib/python3.10/dist-packages/airflow/example_dags/example_branch_day_of_week_operator.py
[2022-10-04T03:11:39.911+0000] {logging_mixin.py:117} INFO - [2022-10-04T03:11:39.911+0000] {dag.py:2573} INFO - Sync 1 DAGs
[2022-10-04T03:11:39.937+0000] {logging_mixin.py:117} INFO - [2022-10-04T03:11:39.937+0000] {dag.py:3324} INFO - Setting next_dagrun for example_weekday_branch_operator to 2022-10-03T00:00:00+00:00, run_after=2022-10-04T00:00:00+00:00
[2022-10-04T03:11:39.975+0000] {processor.py:178} INFO - Processing /usr/local/lib/python3.10/dist-packages/airflow/example_dags/example_branch_day_of_week_operator.py took 0.105 seconds
[2022-10-04T03:12:26.923+0000] {processor.py:156} INFO - Started process (PID=7894) to work on /usr/local/lib/python3.10/dist-packages/airflow/example_dags/example_branch_day_of_week_operator.py
[2022-10-04T03:12:26.924+0000] {processor.py:758} INFO - Processing file /usr/local/lib/python3.10/dist-packages/airflow/example_dags/example_branch_day_of_week_operator.py for tasks to queue
[2022-10-04T03:12:26.925+0000] {logging_mixin.py:117} INFO - [2022-10-04T03:12:26.925+0000] {dagbag.py:525} INFO - Filling up the DagBag from /usr/local/lib/python3.10/dist-packages/airflow/example_dags/example_branch_day_of_week_operator.py
[2022-10-04T03:12:26.944+0000] {processor.py:768} INFO - DAG(s) dict_keys(['example_weekday_branch_operator']) retrieved from /usr/local/lib/python3.10/dist-packages/airflow/example_dags/example_branch_day_of_week_operator.py
[2022-10-04T03:12:26.971+0000] {logging_mixin.py:117} INFO - [2022-10-04T03:12:26.970+0000] {dag.py:2573} INFO - Sync 1 DAGs
[2022-10-04T03:12:26.990+0000] {logging_mixin.py:117} INFO - [2022-10-04T03:12:26.990+0000] {dag.py:3324} INFO - Setting next_dagrun for example_weekday_branch_operator to 2022-10-03T00:00:00+00:00, run_after=2022-10-04T00:00:00+00:00
[2022-10-04T03:12:27.030+0000] {processor.py:178} INFO - Processing /usr/local/lib/python3.10/dist-packages/airflow/example_dags/example_branch_day_of_week_operator.py took 0.109 seconds
[2022-10-04T03:13:09.618+0000] {processor.py:156} INFO - Started process (PID=7935) to work on /usr/local/lib/python3.10/dist-packages/airflow/example_dags/example_branch_day_of_week_operator.py
[2022-10-04T03:13:09.619+0000] {processor.py:758} INFO - Processing file /usr/local/lib/python3.10/dist-packages/airflow/example_dags/example_branch_day_of_week_operator.py for tasks to queue
[2022-10-04T03:13:09.620+0000] {logging_mixin.py:117} INFO - [2022-10-04T03:13:09.620+0000] {dagbag.py:525} INFO - Filling up the DagBag from /usr/local/lib/python3.10/dist-packages/airflow/example_dags/example_branch_day_of_week_operator.py
[2022-10-04T03:13:09.636+0000] {processor.py:768} INFO - DAG(s) dict_keys(['example_weekday_branch_operator']) retrieved from /usr/local/lib/python3.10/dist-packages/airflow/example_dags/example_branch_day_of_week_operator.py
[2022-10-04T03:13:09.658+0000] {logging_mixin.py:117} INFO - [2022-10-04T03:13:09.658+0000] {dag.py:2573} INFO - Sync 1 DAGs
[2022-10-04T03:13:09.679+0000] {logging_mixin.py:117} INFO - [2022-10-04T03:13:09.678+0000] {dag.py:3324} INFO - Setting next_dagrun for example_weekday_branch_operator to 2022-10-03T00:00:00+00:00, run_after=2022-10-04T00:00:00+00:00
[2022-10-04T03:13:09.700+0000] {processor.py:178} INFO - Processing /usr/local/lib/python3.10/dist-packages/airflow/example_dags/example_branch_day_of_week_operator.py took 0.084 seconds
[2022-10-04T03:13:49.885+0000] {processor.py:156} INFO - Started process (PID=7975) to work on /usr/local/lib/python3.10/dist-packages/airflow/example_dags/example_branch_day_of_week_operator.py
[2022-10-04T03:13:49.886+0000] {processor.py:758} INFO - Processing file /usr/local/lib/python3.10/dist-packages/airflow/example_dags/example_branch_day_of_week_operator.py for tasks to queue
[2022-10-04T03:13:49.886+0000] {logging_mixin.py:117} INFO - [2022-10-04T03:13:49.886+0000] {dagbag.py:525} INFO - Filling up the DagBag from /usr/local/lib/python3.10/dist-packages/airflow/example_dags/example_branch_day_of_week_operator.py
[2022-10-04T03:13:49.902+0000] {processor.py:768} INFO - DAG(s) dict_keys(['example_weekday_branch_operator']) retrieved from /usr/local/lib/python3.10/dist-packages/airflow/example_dags/example_branch_day_of_week_operator.py
[2022-10-04T03:13:49.926+0000] {logging_mixin.py:117} INFO - [2022-10-04T03:13:49.926+0000] {dag.py:2573} INFO - Sync 1 DAGs
[2022-10-04T03:13:49.946+0000] {logging_mixin.py:117} INFO - [2022-10-04T03:13:49.946+0000] {dag.py:3324} INFO - Setting next_dagrun for example_weekday_branch_operator to 2022-10-03T00:00:00+00:00, run_after=2022-10-04T00:00:00+00:00
[2022-10-04T03:13:49.970+0000] {processor.py:178} INFO - Processing /usr/local/lib/python3.10/dist-packages/airflow/example_dags/example_branch_day_of_week_operator.py took 0.089 seconds
[2022-10-04T03:14:32.895+0000] {processor.py:156} INFO - Started process (PID=8020) to work on /usr/local/lib/python3.10/dist-packages/airflow/example_dags/example_branch_day_of_week_operator.py
[2022-10-04T03:14:32.896+0000] {processor.py:758} INFO - Processing file /usr/local/lib/python3.10/dist-packages/airflow/example_dags/example_branch_day_of_week_operator.py for tasks to queue
[2022-10-04T03:14:32.897+0000] {logging_mixin.py:117} INFO - [2022-10-04T03:14:32.897+0000] {dagbag.py:525} INFO - Filling up the DagBag from /usr/local/lib/python3.10/dist-packages/airflow/example_dags/example_branch_day_of_week_operator.py
[2022-10-04T03:14:32.912+0000] {processor.py:768} INFO - DAG(s) dict_keys(['example_weekday_branch_operator']) retrieved from /usr/local/lib/python3.10/dist-packages/airflow/example_dags/example_branch_day_of_week_operator.py
[2022-10-04T03:14:32.970+0000] {logging_mixin.py:117} INFO - [2022-10-04T03:14:32.970+0000] {dag.py:2573} INFO - Sync 1 DAGs
[2022-10-04T03:14:32.990+0000] {logging_mixin.py:117} INFO - [2022-10-04T03:14:32.989+0000] {dag.py:3324} INFO - Setting next_dagrun for example_weekday_branch_operator to 2022-10-03T00:00:00+00:00, run_after=2022-10-04T00:00:00+00:00
[2022-10-04T03:14:33.012+0000] {processor.py:178} INFO - Processing /usr/local/lib/python3.10/dist-packages/airflow/example_dags/example_branch_day_of_week_operator.py took 0.121 seconds
[2022-10-04T03:15:21.212+0000] {processor.py:156} INFO - Started process (PID=8066) to work on /usr/local/lib/python3.10/dist-packages/airflow/example_dags/example_branch_day_of_week_operator.py
[2022-10-04T03:15:21.213+0000] {processor.py:758} INFO - Processing file /usr/local/lib/python3.10/dist-packages/airflow/example_dags/example_branch_day_of_week_operator.py for tasks to queue
[2022-10-04T03:15:21.214+0000] {logging_mixin.py:117} INFO - [2022-10-04T03:15:21.213+0000] {dagbag.py:525} INFO - Filling up the DagBag from /usr/local/lib/python3.10/dist-packages/airflow/example_dags/example_branch_day_of_week_operator.py
[2022-10-04T03:15:21.236+0000] {processor.py:768} INFO - DAG(s) dict_keys(['example_weekday_branch_operator']) retrieved from /usr/local/lib/python3.10/dist-packages/airflow/example_dags/example_branch_day_of_week_operator.py
[2022-10-04T03:15:21.259+0000] {logging_mixin.py:117} INFO - [2022-10-04T03:15:21.259+0000] {dag.py:2573} INFO - Sync 1 DAGs
[2022-10-04T03:15:21.278+0000] {logging_mixin.py:117} INFO - [2022-10-04T03:15:21.278+0000] {dag.py:3324} INFO - Setting next_dagrun for example_weekday_branch_operator to 2022-10-03T00:00:00+00:00, run_after=2022-10-04T00:00:00+00:00
[2022-10-04T03:15:21.305+0000] {processor.py:178} INFO - Processing /usr/local/lib/python3.10/dist-packages/airflow/example_dags/example_branch_day_of_week_operator.py took 0.096 seconds
[2022-10-04T03:16:09.981+0000] {processor.py:156} INFO - Started process (PID=8113) to work on /usr/local/lib/python3.10/dist-packages/airflow/example_dags/example_branch_day_of_week_operator.py
[2022-10-04T03:16:09.983+0000] {processor.py:758} INFO - Processing file /usr/local/lib/python3.10/dist-packages/airflow/example_dags/example_branch_day_of_week_operator.py for tasks to queue
[2022-10-04T03:16:09.983+0000] {logging_mixin.py:117} INFO - [2022-10-04T03:16:09.983+0000] {dagbag.py:525} INFO - Filling up the DagBag from /usr/local/lib/python3.10/dist-packages/airflow/example_dags/example_branch_day_of_week_operator.py
[2022-10-04T03:16:09.998+0000] {processor.py:768} INFO - DAG(s) dict_keys(['example_weekday_branch_operator']) retrieved from /usr/local/lib/python3.10/dist-packages/airflow/example_dags/example_branch_day_of_week_operator.py
[2022-10-04T03:16:10.023+0000] {logging_mixin.py:117} INFO - [2022-10-04T03:16:10.023+0000] {dag.py:2573} INFO - Sync 1 DAGs
[2022-10-04T03:16:10.042+0000] {logging_mixin.py:117} INFO - [2022-10-04T03:16:10.042+0000] {dag.py:3324} INFO - Setting next_dagrun for example_weekday_branch_operator to 2022-10-03T00:00:00+00:00, run_after=2022-10-04T00:00:00+00:00
[2022-10-04T03:16:10.065+0000] {processor.py:178} INFO - Processing /usr/local/lib/python3.10/dist-packages/airflow/example_dags/example_branch_day_of_week_operator.py took 0.087 seconds
[2022-10-04T03:17:01.711+0000] {processor.py:156} INFO - Started process (PID=8264) to work on /usr/local/lib/python3.10/dist-packages/airflow/example_dags/example_branch_day_of_week_operator.py
[2022-10-04T03:17:01.712+0000] {processor.py:758} INFO - Processing file /usr/local/lib/python3.10/dist-packages/airflow/example_dags/example_branch_day_of_week_operator.py for tasks to queue
[2022-10-04T03:17:01.713+0000] {logging_mixin.py:117} INFO - [2022-10-04T03:17:01.713+0000] {dagbag.py:525} INFO - Filling up the DagBag from /usr/local/lib/python3.10/dist-packages/airflow/example_dags/example_branch_day_of_week_operator.py
[2022-10-04T03:17:01.728+0000] {processor.py:768} INFO - DAG(s) dict_keys(['example_weekday_branch_operator']) retrieved from /usr/local/lib/python3.10/dist-packages/airflow/example_dags/example_branch_day_of_week_operator.py
[2022-10-04T03:17:01.754+0000] {logging_mixin.py:117} INFO - [2022-10-04T03:17:01.754+0000] {dag.py:2573} INFO - Sync 1 DAGs
[2022-10-04T03:17:01.779+0000] {logging_mixin.py:117} INFO - [2022-10-04T03:17:01.778+0000] {dag.py:3324} INFO - Setting next_dagrun for example_weekday_branch_operator to 2022-10-03T00:00:00+00:00, run_after=2022-10-04T00:00:00+00:00
[2022-10-04T03:17:02.007+0000] {processor.py:178} INFO - Processing /usr/local/lib/python3.10/dist-packages/airflow/example_dags/example_branch_day_of_week_operator.py took 0.298 seconds
[2022-10-04T03:17:57.073+0000] {processor.py:156} INFO - Started process (PID=8633) to work on /usr/local/lib/python3.10/dist-packages/airflow/example_dags/example_branch_day_of_week_operator.py
[2022-10-04T03:17:57.074+0000] {processor.py:758} INFO - Processing file /usr/local/lib/python3.10/dist-packages/airflow/example_dags/example_branch_day_of_week_operator.py for tasks to queue
[2022-10-04T03:17:57.075+0000] {logging_mixin.py:117} INFO - [2022-10-04T03:17:57.075+0000] {dagbag.py:525} INFO - Filling up the DagBag from /usr/local/lib/python3.10/dist-packages/airflow/example_dags/example_branch_day_of_week_operator.py
[2022-10-04T03:17:57.090+0000] {processor.py:768} INFO - DAG(s) dict_keys(['example_weekday_branch_operator']) retrieved from /usr/local/lib/python3.10/dist-packages/airflow/example_dags/example_branch_day_of_week_operator.py
[2022-10-04T03:17:57.113+0000] {logging_mixin.py:117} INFO - [2022-10-04T03:17:57.113+0000] {dag.py:2573} INFO - Sync 1 DAGs
[2022-10-04T03:17:57.273+0000] {logging_mixin.py:117} INFO - [2022-10-04T03:17:57.273+0000] {dag.py:3324} INFO - Setting next_dagrun for example_weekday_branch_operator to 2022-10-03T00:00:00+00:00, run_after=2022-10-04T00:00:00+00:00
[2022-10-04T03:17:57.294+0000] {processor.py:178} INFO - Processing /usr/local/lib/python3.10/dist-packages/airflow/example_dags/example_branch_day_of_week_operator.py took 0.224 seconds
[2022-10-04T03:19:10.486+0000] {processor.py:156} INFO - Started process (PID=8715) to work on /usr/local/lib/python3.10/dist-packages/airflow/example_dags/example_branch_day_of_week_operator.py
[2022-10-04T03:19:10.488+0000] {processor.py:758} INFO - Processing file /usr/local/lib/python3.10/dist-packages/airflow/example_dags/example_branch_day_of_week_operator.py for tasks to queue
[2022-10-04T03:19:10.488+0000] {logging_mixin.py:117} INFO - [2022-10-04T03:19:10.488+0000] {dagbag.py:525} INFO - Filling up the DagBag from /usr/local/lib/python3.10/dist-packages/airflow/example_dags/example_branch_day_of_week_operator.py
[2022-10-04T03:19:10.506+0000] {processor.py:768} INFO - DAG(s) dict_keys(['example_weekday_branch_operator']) retrieved from /usr/local/lib/python3.10/dist-packages/airflow/example_dags/example_branch_day_of_week_operator.py
[2022-10-04T03:19:10.535+0000] {logging_mixin.py:117} INFO - [2022-10-04T03:19:10.535+0000] {dag.py:2573} INFO - Sync 1 DAGs
[2022-10-04T03:19:10.556+0000] {logging_mixin.py:117} INFO - [2022-10-04T03:19:10.556+0000] {dag.py:3324} INFO - Setting next_dagrun for example_weekday_branch_operator to 2022-10-03T00:00:00+00:00, run_after=2022-10-04T00:00:00+00:00
[2022-10-04T03:19:10.583+0000] {processor.py:178} INFO - Processing /usr/local/lib/python3.10/dist-packages/airflow/example_dags/example_branch_day_of_week_operator.py took 0.102 seconds
[2022-10-04T03:19:52.933+0000] {processor.py:156} INFO - Started process (PID=8760) to work on /usr/local/lib/python3.10/dist-packages/airflow/example_dags/example_branch_day_of_week_operator.py
[2022-10-04T03:19:52.934+0000] {processor.py:758} INFO - Processing file /usr/local/lib/python3.10/dist-packages/airflow/example_dags/example_branch_day_of_week_operator.py for tasks to queue
[2022-10-04T03:19:52.935+0000] {logging_mixin.py:117} INFO - [2022-10-04T03:19:52.935+0000] {dagbag.py:525} INFO - Filling up the DagBag from /usr/local/lib/python3.10/dist-packages/airflow/example_dags/example_branch_day_of_week_operator.py
[2022-10-04T03:19:52.951+0000] {processor.py:768} INFO - DAG(s) dict_keys(['example_weekday_branch_operator']) retrieved from /usr/local/lib/python3.10/dist-packages/airflow/example_dags/example_branch_day_of_week_operator.py
[2022-10-04T03:19:52.975+0000] {logging_mixin.py:117} INFO - [2022-10-04T03:19:52.975+0000] {dag.py:2573} INFO - Sync 1 DAGs
[2022-10-04T03:19:52.994+0000] {logging_mixin.py:117} INFO - [2022-10-04T03:19:52.994+0000] {dag.py:3324} INFO - Setting next_dagrun for example_weekday_branch_operator to 2022-10-03T00:00:00+00:00, run_after=2022-10-04T00:00:00+00:00
[2022-10-04T03:19:53.028+0000] {processor.py:178} INFO - Processing /usr/local/lib/python3.10/dist-packages/airflow/example_dags/example_branch_day_of_week_operator.py took 0.097 seconds
[2022-10-04T03:20:41.357+0000] {processor.py:156} INFO - Started process (PID=8809) to work on /usr/local/lib/python3.10/dist-packages/airflow/example_dags/example_branch_day_of_week_operator.py
[2022-10-04T03:20:41.358+0000] {processor.py:758} INFO - Processing file /usr/local/lib/python3.10/dist-packages/airflow/example_dags/example_branch_day_of_week_operator.py for tasks to queue
[2022-10-04T03:20:41.359+0000] {logging_mixin.py:117} INFO - [2022-10-04T03:20:41.359+0000] {dagbag.py:525} INFO - Filling up the DagBag from /usr/local/lib/python3.10/dist-packages/airflow/example_dags/example_branch_day_of_week_operator.py
[2022-10-04T03:20:41.375+0000] {processor.py:768} INFO - DAG(s) dict_keys(['example_weekday_branch_operator']) retrieved from /usr/local/lib/python3.10/dist-packages/airflow/example_dags/example_branch_day_of_week_operator.py
[2022-10-04T03:20:41.396+0000] {logging_mixin.py:117} INFO - [2022-10-04T03:20:41.395+0000] {dag.py:2573} INFO - Sync 1 DAGs
[2022-10-04T03:20:41.413+0000] {logging_mixin.py:117} INFO - [2022-10-04T03:20:41.413+0000] {dag.py:3324} INFO - Setting next_dagrun for example_weekday_branch_operator to 2022-10-03T00:00:00+00:00, run_after=2022-10-04T00:00:00+00:00
[2022-10-04T03:20:41.435+0000] {processor.py:178} INFO - Processing /usr/local/lib/python3.10/dist-packages/airflow/example_dags/example_branch_day_of_week_operator.py took 0.081 seconds
[2022-10-04T03:21:27.503+0000] {processor.py:156} INFO - Started process (PID=8854) to work on /usr/local/lib/python3.10/dist-packages/airflow/example_dags/example_branch_day_of_week_operator.py
[2022-10-04T03:21:27.505+0000] {processor.py:758} INFO - Processing file /usr/local/lib/python3.10/dist-packages/airflow/example_dags/example_branch_day_of_week_operator.py for tasks to queue
[2022-10-04T03:21:27.505+0000] {logging_mixin.py:117} INFO - [2022-10-04T03:21:27.505+0000] {dagbag.py:525} INFO - Filling up the DagBag from /usr/local/lib/python3.10/dist-packages/airflow/example_dags/example_branch_day_of_week_operator.py
[2022-10-04T03:21:27.519+0000] {processor.py:768} INFO - DAG(s) dict_keys(['example_weekday_branch_operator']) retrieved from /usr/local/lib/python3.10/dist-packages/airflow/example_dags/example_branch_day_of_week_operator.py
[2022-10-04T03:21:27.540+0000] {logging_mixin.py:117} INFO - [2022-10-04T03:21:27.540+0000] {dag.py:2573} INFO - Sync 1 DAGs
[2022-10-04T03:21:27.559+0000] {logging_mixin.py:117} INFO - [2022-10-04T03:21:27.559+0000] {dag.py:3324} INFO - Setting next_dagrun for example_weekday_branch_operator to 2022-10-03T00:00:00+00:00, run_after=2022-10-04T00:00:00+00:00
[2022-10-04T03:21:27.579+0000] {processor.py:178} INFO - Processing /usr/local/lib/python3.10/dist-packages/airflow/example_dags/example_branch_day_of_week_operator.py took 0.078 seconds
[2022-10-04T03:22:08.060+0000] {processor.py:156} INFO - Started process (PID=8893) to work on /usr/local/lib/python3.10/dist-packages/airflow/example_dags/example_branch_day_of_week_operator.py
[2022-10-04T03:22:08.062+0000] {processor.py:758} INFO - Processing file /usr/local/lib/python3.10/dist-packages/airflow/example_dags/example_branch_day_of_week_operator.py for tasks to queue
[2022-10-04T03:22:08.062+0000] {logging_mixin.py:117} INFO - [2022-10-04T03:22:08.062+0000] {dagbag.py:525} INFO - Filling up the DagBag from /usr/local/lib/python3.10/dist-packages/airflow/example_dags/example_branch_day_of_week_operator.py
[2022-10-04T03:22:08.079+0000] {processor.py:768} INFO - DAG(s) dict_keys(['example_weekday_branch_operator']) retrieved from /usr/local/lib/python3.10/dist-packages/airflow/example_dags/example_branch_day_of_week_operator.py
[2022-10-04T03:22:08.124+0000] {logging_mixin.py:117} INFO - [2022-10-04T03:22:08.124+0000] {dag.py:2573} INFO - Sync 1 DAGs
[2022-10-04T03:22:08.150+0000] {logging_mixin.py:117} INFO - [2022-10-04T03:22:08.150+0000] {dag.py:3324} INFO - Setting next_dagrun for example_weekday_branch_operator to 2022-10-03T00:00:00+00:00, run_after=2022-10-04T00:00:00+00:00
[2022-10-04T03:22:08.173+0000] {processor.py:178} INFO - Processing /usr/local/lib/python3.10/dist-packages/airflow/example_dags/example_branch_day_of_week_operator.py took 0.115 seconds
[2022-10-04T03:22:47.861+0000] {processor.py:156} INFO - Started process (PID=8935) to work on /usr/local/lib/python3.10/dist-packages/airflow/example_dags/example_branch_day_of_week_operator.py
[2022-10-04T03:22:47.862+0000] {processor.py:758} INFO - Processing file /usr/local/lib/python3.10/dist-packages/airflow/example_dags/example_branch_day_of_week_operator.py for tasks to queue
[2022-10-04T03:22:47.863+0000] {logging_mixin.py:117} INFO - [2022-10-04T03:22:47.862+0000] {dagbag.py:525} INFO - Filling up the DagBag from /usr/local/lib/python3.10/dist-packages/airflow/example_dags/example_branch_day_of_week_operator.py
[2022-10-04T03:22:47.880+0000] {processor.py:768} INFO - DAG(s) dict_keys(['example_weekday_branch_operator']) retrieved from /usr/local/lib/python3.10/dist-packages/airflow/example_dags/example_branch_day_of_week_operator.py
[2022-10-04T03:22:47.903+0000] {logging_mixin.py:117} INFO - [2022-10-04T03:22:47.903+0000] {dag.py:2573} INFO - Sync 1 DAGs
[2022-10-04T03:22:47.925+0000] {logging_mixin.py:117} INFO - [2022-10-04T03:22:47.924+0000] {dag.py:3324} INFO - Setting next_dagrun for example_weekday_branch_operator to 2022-10-03T00:00:00+00:00, run_after=2022-10-04T00:00:00+00:00
[2022-10-04T03:22:47.950+0000] {processor.py:178} INFO - Processing /usr/local/lib/python3.10/dist-packages/airflow/example_dags/example_branch_day_of_week_operator.py took 0.092 seconds
[2022-10-04T03:24:10.547+0000] {processor.py:156} INFO - Started process (PID=9025) to work on /usr/local/lib/python3.10/dist-packages/airflow/example_dags/example_branch_day_of_week_operator.py
[2022-10-04T03:24:10.549+0000] {processor.py:758} INFO - Processing file /usr/local/lib/python3.10/dist-packages/airflow/example_dags/example_branch_day_of_week_operator.py for tasks to queue
[2022-10-04T03:24:10.549+0000] {logging_mixin.py:117} INFO - [2022-10-04T03:24:10.549+0000] {dagbag.py:525} INFO - Filling up the DagBag from /usr/local/lib/python3.10/dist-packages/airflow/example_dags/example_branch_day_of_week_operator.py
[2022-10-04T03:24:10.567+0000] {processor.py:768} INFO - DAG(s) dict_keys(['example_weekday_branch_operator']) retrieved from /usr/local/lib/python3.10/dist-packages/airflow/example_dags/example_branch_day_of_week_operator.py
[2022-10-04T03:24:10.590+0000] {logging_mixin.py:117} INFO - [2022-10-04T03:24:10.590+0000] {dag.py:2573} INFO - Sync 1 DAGs
[2022-10-04T03:24:10.608+0000] {logging_mixin.py:117} INFO - [2022-10-04T03:24:10.608+0000] {dag.py:3324} INFO - Setting next_dagrun for example_weekday_branch_operator to 2022-10-03T00:00:00+00:00, run_after=2022-10-04T00:00:00+00:00
[2022-10-04T03:24:10.630+0000] {processor.py:178} INFO - Processing /usr/local/lib/python3.10/dist-packages/airflow/example_dags/example_branch_day_of_week_operator.py took 0.086 seconds
[2022-10-04T03:24:52.031+0000] {processor.py:156} INFO - Started process (PID=9067) to work on /usr/local/lib/python3.10/dist-packages/airflow/example_dags/example_branch_day_of_week_operator.py
[2022-10-04T03:24:52.033+0000] {processor.py:758} INFO - Processing file /usr/local/lib/python3.10/dist-packages/airflow/example_dags/example_branch_day_of_week_operator.py for tasks to queue
[2022-10-04T03:24:52.033+0000] {logging_mixin.py:117} INFO - [2022-10-04T03:24:52.033+0000] {dagbag.py:525} INFO - Filling up the DagBag from /usr/local/lib/python3.10/dist-packages/airflow/example_dags/example_branch_day_of_week_operator.py
[2022-10-04T03:24:52.050+0000] {processor.py:768} INFO - DAG(s) dict_keys(['example_weekday_branch_operator']) retrieved from /usr/local/lib/python3.10/dist-packages/airflow/example_dags/example_branch_day_of_week_operator.py
[2022-10-04T03:24:52.072+0000] {logging_mixin.py:117} INFO - [2022-10-04T03:24:52.072+0000] {dag.py:2573} INFO - Sync 1 DAGs
[2022-10-04T03:24:52.098+0000] {logging_mixin.py:117} INFO - [2022-10-04T03:24:52.098+0000] {dag.py:3324} INFO - Setting next_dagrun for example_weekday_branch_operator to 2022-10-03T00:00:00+00:00, run_after=2022-10-04T00:00:00+00:00
[2022-10-04T03:24:52.120+0000] {processor.py:178} INFO - Processing /usr/local/lib/python3.10/dist-packages/airflow/example_dags/example_branch_day_of_week_operator.py took 0.092 seconds
[2022-10-04T03:25:31.890+0000] {processor.py:156} INFO - Started process (PID=9109) to work on /usr/local/lib/python3.10/dist-packages/airflow/example_dags/example_branch_day_of_week_operator.py
[2022-10-04T03:25:31.891+0000] {processor.py:758} INFO - Processing file /usr/local/lib/python3.10/dist-packages/airflow/example_dags/example_branch_day_of_week_operator.py for tasks to queue
[2022-10-04T03:25:31.892+0000] {logging_mixin.py:117} INFO - [2022-10-04T03:25:31.892+0000] {dagbag.py:525} INFO - Filling up the DagBag from /usr/local/lib/python3.10/dist-packages/airflow/example_dags/example_branch_day_of_week_operator.py
[2022-10-04T03:25:31.908+0000] {processor.py:768} INFO - DAG(s) dict_keys(['example_weekday_branch_operator']) retrieved from /usr/local/lib/python3.10/dist-packages/airflow/example_dags/example_branch_day_of_week_operator.py
[2022-10-04T03:25:31.930+0000] {logging_mixin.py:117} INFO - [2022-10-04T03:25:31.930+0000] {dag.py:2573} INFO - Sync 1 DAGs
[2022-10-04T03:25:31.948+0000] {logging_mixin.py:117} INFO - [2022-10-04T03:25:31.948+0000] {dag.py:3324} INFO - Setting next_dagrun for example_weekday_branch_operator to 2022-10-03T00:00:00+00:00, run_after=2022-10-04T00:00:00+00:00
[2022-10-04T03:25:31.975+0000] {processor.py:178} INFO - Processing /usr/local/lib/python3.10/dist-packages/airflow/example_dags/example_branch_day_of_week_operator.py took 0.088 seconds
[2022-10-04T03:26:45.778+0000] {processor.py:156} INFO - Started process (PID=9191) to work on /usr/local/lib/python3.10/dist-packages/airflow/example_dags/example_branch_day_of_week_operator.py
[2022-10-04T03:26:45.780+0000] {processor.py:758} INFO - Processing file /usr/local/lib/python3.10/dist-packages/airflow/example_dags/example_branch_day_of_week_operator.py for tasks to queue
[2022-10-04T03:26:45.780+0000] {logging_mixin.py:117} INFO - [2022-10-04T03:26:45.780+0000] {dagbag.py:525} INFO - Filling up the DagBag from /usr/local/lib/python3.10/dist-packages/airflow/example_dags/example_branch_day_of_week_operator.py
[2022-10-04T03:26:45.796+0000] {processor.py:768} INFO - DAG(s) dict_keys(['example_weekday_branch_operator']) retrieved from /usr/local/lib/python3.10/dist-packages/airflow/example_dags/example_branch_day_of_week_operator.py
[2022-10-04T03:26:45.823+0000] {logging_mixin.py:117} INFO - [2022-10-04T03:26:45.823+0000] {dag.py:2573} INFO - Sync 1 DAGs
[2022-10-04T03:26:45.844+0000] {logging_mixin.py:117} INFO - [2022-10-04T03:26:45.843+0000] {dag.py:3324} INFO - Setting next_dagrun for example_weekday_branch_operator to 2022-10-03T00:00:00+00:00, run_after=2022-10-04T00:00:00+00:00
[2022-10-04T03:26:45.867+0000] {processor.py:178} INFO - Processing /usr/local/lib/python3.10/dist-packages/airflow/example_dags/example_branch_day_of_week_operator.py took 0.093 seconds
[2022-10-04T03:30:51.862+0000] {processor.py:156} INFO - Started process (PID=9288) to work on /usr/local/lib/python3.10/dist-packages/airflow/example_dags/example_branch_day_of_week_operator.py
[2022-10-04T03:30:51.864+0000] {processor.py:758} INFO - Processing file /usr/local/lib/python3.10/dist-packages/airflow/example_dags/example_branch_day_of_week_operator.py for tasks to queue
[2022-10-04T03:30:51.864+0000] {logging_mixin.py:117} INFO - [2022-10-04T03:30:51.864+0000] {dagbag.py:525} INFO - Filling up the DagBag from /usr/local/lib/python3.10/dist-packages/airflow/example_dags/example_branch_day_of_week_operator.py
[2022-10-04T03:30:51.880+0000] {processor.py:768} INFO - DAG(s) dict_keys(['example_weekday_branch_operator']) retrieved from /usr/local/lib/python3.10/dist-packages/airflow/example_dags/example_branch_day_of_week_operator.py
[2022-10-04T03:30:51.909+0000] {logging_mixin.py:117} INFO - [2022-10-04T03:30:51.909+0000] {dag.py:2573} INFO - Sync 1 DAGs
[2022-10-04T03:30:51.931+0000] {logging_mixin.py:117} INFO - [2022-10-04T03:30:51.931+0000] {dag.py:3324} INFO - Setting next_dagrun for example_weekday_branch_operator to 2022-10-03T00:00:00+00:00, run_after=2022-10-04T00:00:00+00:00
[2022-10-04T03:30:51.952+0000] {processor.py:178} INFO - Processing /usr/local/lib/python3.10/dist-packages/airflow/example_dags/example_branch_day_of_week_operator.py took 0.093 seconds
[2022-10-04T03:31:40.913+0000] {processor.py:156} INFO - Started process (PID=9337) to work on /usr/local/lib/python3.10/dist-packages/airflow/example_dags/example_branch_day_of_week_operator.py
[2022-10-04T03:31:40.914+0000] {processor.py:758} INFO - Processing file /usr/local/lib/python3.10/dist-packages/airflow/example_dags/example_branch_day_of_week_operator.py for tasks to queue
[2022-10-04T03:31:40.914+0000] {logging_mixin.py:117} INFO - [2022-10-04T03:31:40.914+0000] {dagbag.py:525} INFO - Filling up the DagBag from /usr/local/lib/python3.10/dist-packages/airflow/example_dags/example_branch_day_of_week_operator.py
[2022-10-04T03:31:40.930+0000] {processor.py:768} INFO - DAG(s) dict_keys(['example_weekday_branch_operator']) retrieved from /usr/local/lib/python3.10/dist-packages/airflow/example_dags/example_branch_day_of_week_operator.py
[2022-10-04T03:31:40.958+0000] {logging_mixin.py:117} INFO - [2022-10-04T03:31:40.958+0000] {dag.py:2573} INFO - Sync 1 DAGs
[2022-10-04T03:31:40.977+0000] {logging_mixin.py:117} INFO - [2022-10-04T03:31:40.977+0000] {dag.py:3324} INFO - Setting next_dagrun for example_weekday_branch_operator to 2022-10-03T00:00:00+00:00, run_after=2022-10-04T00:00:00+00:00
[2022-10-04T03:31:40.998+0000] {processor.py:178} INFO - Processing /usr/local/lib/python3.10/dist-packages/airflow/example_dags/example_branch_day_of_week_operator.py took 0.089 seconds
[2022-10-04T03:32:20.445+0000] {processor.py:156} INFO - Started process (PID=9393) to work on /usr/local/lib/python3.10/dist-packages/airflow/example_dags/example_branch_day_of_week_operator.py
[2022-10-04T03:32:20.447+0000] {processor.py:758} INFO - Processing file /usr/local/lib/python3.10/dist-packages/airflow/example_dags/example_branch_day_of_week_operator.py for tasks to queue
[2022-10-04T03:32:20.447+0000] {logging_mixin.py:117} INFO - [2022-10-04T03:32:20.447+0000] {dagbag.py:525} INFO - Filling up the DagBag from /usr/local/lib/python3.10/dist-packages/airflow/example_dags/example_branch_day_of_week_operator.py
[2022-10-04T03:32:20.462+0000] {processor.py:768} INFO - DAG(s) dict_keys(['example_weekday_branch_operator']) retrieved from /usr/local/lib/python3.10/dist-packages/airflow/example_dags/example_branch_day_of_week_operator.py
[2022-10-04T03:32:20.488+0000] {logging_mixin.py:117} INFO - [2022-10-04T03:32:20.488+0000] {dag.py:2573} INFO - Sync 1 DAGs
[2022-10-04T03:32:20.506+0000] {logging_mixin.py:117} INFO - [2022-10-04T03:32:20.506+0000] {dag.py:3324} INFO - Setting next_dagrun for example_weekday_branch_operator to 2022-10-03T00:00:00+00:00, run_after=2022-10-04T00:00:00+00:00
[2022-10-04T03:32:20.528+0000] {processor.py:178} INFO - Processing /usr/local/lib/python3.10/dist-packages/airflow/example_dags/example_branch_day_of_week_operator.py took 0.085 seconds
[2022-10-04T03:33:05.037+0000] {processor.py:156} INFO - Started process (PID=9439) to work on /usr/local/lib/python3.10/dist-packages/airflow/example_dags/example_branch_day_of_week_operator.py
[2022-10-04T03:33:05.038+0000] {processor.py:758} INFO - Processing file /usr/local/lib/python3.10/dist-packages/airflow/example_dags/example_branch_day_of_week_operator.py for tasks to queue
[2022-10-04T03:33:05.039+0000] {logging_mixin.py:117} INFO - [2022-10-04T03:33:05.039+0000] {dagbag.py:525} INFO - Filling up the DagBag from /usr/local/lib/python3.10/dist-packages/airflow/example_dags/example_branch_day_of_week_operator.py
[2022-10-04T03:33:05.054+0000] {processor.py:768} INFO - DAG(s) dict_keys(['example_weekday_branch_operator']) retrieved from /usr/local/lib/python3.10/dist-packages/airflow/example_dags/example_branch_day_of_week_operator.py
[2022-10-04T03:33:05.080+0000] {logging_mixin.py:117} INFO - [2022-10-04T03:33:05.079+0000] {dag.py:2573} INFO - Sync 1 DAGs
[2022-10-04T03:33:05.099+0000] {logging_mixin.py:117} INFO - [2022-10-04T03:33:05.099+0000] {dag.py:3324} INFO - Setting next_dagrun for example_weekday_branch_operator to 2022-10-03T00:00:00+00:00, run_after=2022-10-04T00:00:00+00:00
[2022-10-04T03:33:05.122+0000] {processor.py:178} INFO - Processing /usr/local/lib/python3.10/dist-packages/airflow/example_dags/example_branch_day_of_week_operator.py took 0.087 seconds
[2022-10-04T03:33:50.136+0000] {processor.py:156} INFO - Started process (PID=9488) to work on /usr/local/lib/python3.10/dist-packages/airflow/example_dags/example_branch_day_of_week_operator.py
[2022-10-04T03:33:50.137+0000] {processor.py:758} INFO - Processing file /usr/local/lib/python3.10/dist-packages/airflow/example_dags/example_branch_day_of_week_operator.py for tasks to queue
[2022-10-04T03:33:50.138+0000] {logging_mixin.py:117} INFO - [2022-10-04T03:33:50.138+0000] {dagbag.py:525} INFO - Filling up the DagBag from /usr/local/lib/python3.10/dist-packages/airflow/example_dags/example_branch_day_of_week_operator.py
[2022-10-04T03:33:50.163+0000] {processor.py:768} INFO - DAG(s) dict_keys(['example_weekday_branch_operator']) retrieved from /usr/local/lib/python3.10/dist-packages/airflow/example_dags/example_branch_day_of_week_operator.py
[2022-10-04T03:33:50.189+0000] {logging_mixin.py:117} INFO - [2022-10-04T03:33:50.189+0000] {dag.py:2573} INFO - Sync 1 DAGs
[2022-10-04T03:33:50.211+0000] {logging_mixin.py:117} INFO - [2022-10-04T03:33:50.211+0000] {dag.py:3324} INFO - Setting next_dagrun for example_weekday_branch_operator to 2022-10-03T00:00:00+00:00, run_after=2022-10-04T00:00:00+00:00
[2022-10-04T03:33:50.235+0000] {processor.py:178} INFO - Processing /usr/local/lib/python3.10/dist-packages/airflow/example_dags/example_branch_day_of_week_operator.py took 0.102 seconds
[2022-10-04T03:34:29.410+0000] {processor.py:156} INFO - Started process (PID=9529) to work on /usr/local/lib/python3.10/dist-packages/airflow/example_dags/example_branch_day_of_week_operator.py
[2022-10-04T03:34:29.411+0000] {processor.py:758} INFO - Processing file /usr/local/lib/python3.10/dist-packages/airflow/example_dags/example_branch_day_of_week_operator.py for tasks to queue
[2022-10-04T03:34:29.411+0000] {logging_mixin.py:117} INFO - [2022-10-04T03:34:29.411+0000] {dagbag.py:525} INFO - Filling up the DagBag from /usr/local/lib/python3.10/dist-packages/airflow/example_dags/example_branch_day_of_week_operator.py
[2022-10-04T03:34:29.428+0000] {processor.py:768} INFO - DAG(s) dict_keys(['example_weekday_branch_operator']) retrieved from /usr/local/lib/python3.10/dist-packages/airflow/example_dags/example_branch_day_of_week_operator.py
[2022-10-04T03:34:29.453+0000] {logging_mixin.py:117} INFO - [2022-10-04T03:34:29.453+0000] {dag.py:2573} INFO - Sync 1 DAGs
[2022-10-04T03:34:29.475+0000] {logging_mixin.py:117} INFO - [2022-10-04T03:34:29.475+0000] {dag.py:3324} INFO - Setting next_dagrun for example_weekday_branch_operator to 2022-10-03T00:00:00+00:00, run_after=2022-10-04T00:00:00+00:00
[2022-10-04T03:34:29.497+0000] {processor.py:178} INFO - Processing /usr/local/lib/python3.10/dist-packages/airflow/example_dags/example_branch_day_of_week_operator.py took 0.090 seconds
[2022-10-04T03:46:43.938+0000] {processor.py:156} INFO - Started process (PID=1004) to work on /usr/local/lib/python3.10/dist-packages/airflow/example_dags/example_branch_day_of_week_operator.py
[2022-10-04T03:46:43.940+0000] {processor.py:758} INFO - Processing file /usr/local/lib/python3.10/dist-packages/airflow/example_dags/example_branch_day_of_week_operator.py for tasks to queue
[2022-10-04T03:46:43.941+0000] {logging_mixin.py:117} INFO - [2022-10-04T03:46:43.940+0000] {dagbag.py:525} INFO - Filling up the DagBag from /usr/local/lib/python3.10/dist-packages/airflow/example_dags/example_branch_day_of_week_operator.py
[2022-10-04T03:46:43.955+0000] {processor.py:768} INFO - DAG(s) dict_keys(['example_weekday_branch_operator']) retrieved from /usr/local/lib/python3.10/dist-packages/airflow/example_dags/example_branch_day_of_week_operator.py
[2022-10-04T03:46:43.983+0000] {logging_mixin.py:117} INFO - [2022-10-04T03:46:43.983+0000] {dag.py:2573} INFO - Sync 1 DAGs
[2022-10-04T03:46:44.004+0000] {logging_mixin.py:117} INFO - [2022-10-04T03:46:44.003+0000] {dag.py:3324} INFO - Setting next_dagrun for example_weekday_branch_operator to 2022-10-03T00:00:00+00:00, run_after=2022-10-04T00:00:00+00:00
[2022-10-04T03:46:44.027+0000] {processor.py:178} INFO - Processing /usr/local/lib/python3.10/dist-packages/airflow/example_dags/example_branch_day_of_week_operator.py took 0.091 seconds
[2022-10-04T03:47:29.717+0000] {processor.py:156} INFO - Started process (PID=1049) to work on /usr/local/lib/python3.10/dist-packages/airflow/example_dags/example_branch_day_of_week_operator.py
[2022-10-04T03:47:29.718+0000] {processor.py:758} INFO - Processing file /usr/local/lib/python3.10/dist-packages/airflow/example_dags/example_branch_day_of_week_operator.py for tasks to queue
[2022-10-04T03:47:29.718+0000] {logging_mixin.py:117} INFO - [2022-10-04T03:47:29.718+0000] {dagbag.py:525} INFO - Filling up the DagBag from /usr/local/lib/python3.10/dist-packages/airflow/example_dags/example_branch_day_of_week_operator.py
[2022-10-04T03:47:29.734+0000] {processor.py:768} INFO - DAG(s) dict_keys(['example_weekday_branch_operator']) retrieved from /usr/local/lib/python3.10/dist-packages/airflow/example_dags/example_branch_day_of_week_operator.py
[2022-10-04T03:47:29.762+0000] {logging_mixin.py:117} INFO - [2022-10-04T03:47:29.762+0000] {dag.py:2573} INFO - Sync 1 DAGs
[2022-10-04T03:47:29.787+0000] {logging_mixin.py:117} INFO - [2022-10-04T03:47:29.786+0000] {dag.py:3324} INFO - Setting next_dagrun for example_weekday_branch_operator to 2022-10-03T00:00:00+00:00, run_after=2022-10-04T00:00:00+00:00
[2022-10-04T03:47:29.811+0000] {processor.py:178} INFO - Processing /usr/local/lib/python3.10/dist-packages/airflow/example_dags/example_branch_day_of_week_operator.py took 0.097 seconds
[2022-10-04T03:48:11.237+0000] {processor.py:156} INFO - Started process (PID=1158) to work on /usr/local/lib/python3.10/dist-packages/airflow/example_dags/example_branch_day_of_week_operator.py
[2022-10-04T03:48:11.238+0000] {processor.py:758} INFO - Processing file /usr/local/lib/python3.10/dist-packages/airflow/example_dags/example_branch_day_of_week_operator.py for tasks to queue
[2022-10-04T03:48:11.239+0000] {logging_mixin.py:117} INFO - [2022-10-04T03:48:11.239+0000] {dagbag.py:525} INFO - Filling up the DagBag from /usr/local/lib/python3.10/dist-packages/airflow/example_dags/example_branch_day_of_week_operator.py
[2022-10-04T03:48:11.255+0000] {processor.py:768} INFO - DAG(s) dict_keys(['example_weekday_branch_operator']) retrieved from /usr/local/lib/python3.10/dist-packages/airflow/example_dags/example_branch_day_of_week_operator.py
[2022-10-04T03:48:11.284+0000] {logging_mixin.py:117} INFO - [2022-10-04T03:48:11.284+0000] {dag.py:2573} INFO - Sync 1 DAGs
[2022-10-04T03:48:11.308+0000] {logging_mixin.py:117} INFO - [2022-10-04T03:48:11.308+0000] {dag.py:3324} INFO - Setting next_dagrun for example_weekday_branch_operator to 2022-10-03T00:00:00+00:00, run_after=2022-10-04T00:00:00+00:00
[2022-10-04T03:48:11.332+0000] {processor.py:178} INFO - Processing /usr/local/lib/python3.10/dist-packages/airflow/example_dags/example_branch_day_of_week_operator.py took 0.099 seconds
[2022-10-04T03:48:57.737+0000] {processor.py:156} INFO - Started process (PID=1204) to work on /usr/local/lib/python3.10/dist-packages/airflow/example_dags/example_branch_day_of_week_operator.py
[2022-10-04T03:48:57.739+0000] {processor.py:758} INFO - Processing file /usr/local/lib/python3.10/dist-packages/airflow/example_dags/example_branch_day_of_week_operator.py for tasks to queue
[2022-10-04T03:48:57.740+0000] {logging_mixin.py:117} INFO - [2022-10-04T03:48:57.740+0000] {dagbag.py:525} INFO - Filling up the DagBag from /usr/local/lib/python3.10/dist-packages/airflow/example_dags/example_branch_day_of_week_operator.py
[2022-10-04T03:48:57.756+0000] {processor.py:768} INFO - DAG(s) dict_keys(['example_weekday_branch_operator']) retrieved from /usr/local/lib/python3.10/dist-packages/airflow/example_dags/example_branch_day_of_week_operator.py
[2022-10-04T03:48:57.782+0000] {logging_mixin.py:117} INFO - [2022-10-04T03:48:57.782+0000] {dag.py:2573} INFO - Sync 1 DAGs
[2022-10-04T03:48:57.803+0000] {logging_mixin.py:117} INFO - [2022-10-04T03:48:57.802+0000] {dag.py:3324} INFO - Setting next_dagrun for example_weekday_branch_operator to 2022-10-03T00:00:00+00:00, run_after=2022-10-04T00:00:00+00:00
[2022-10-04T03:48:57.827+0000] {processor.py:178} INFO - Processing /usr/local/lib/python3.10/dist-packages/airflow/example_dags/example_branch_day_of_week_operator.py took 0.093 seconds
[2022-10-04T03:50:07.176+0000] {processor.py:156} INFO - Started process (PID=1278) to work on /usr/local/lib/python3.10/dist-packages/airflow/example_dags/example_branch_day_of_week_operator.py
[2022-10-04T03:50:07.178+0000] {processor.py:758} INFO - Processing file /usr/local/lib/python3.10/dist-packages/airflow/example_dags/example_branch_day_of_week_operator.py for tasks to queue
[2022-10-04T03:50:07.179+0000] {logging_mixin.py:117} INFO - [2022-10-04T03:50:07.178+0000] {dagbag.py:525} INFO - Filling up the DagBag from /usr/local/lib/python3.10/dist-packages/airflow/example_dags/example_branch_day_of_week_operator.py
[2022-10-04T03:50:07.201+0000] {processor.py:768} INFO - DAG(s) dict_keys(['example_weekday_branch_operator']) retrieved from /usr/local/lib/python3.10/dist-packages/airflow/example_dags/example_branch_day_of_week_operator.py
[2022-10-04T03:50:07.234+0000] {logging_mixin.py:117} INFO - [2022-10-04T03:50:07.234+0000] {dag.py:2573} INFO - Sync 1 DAGs
[2022-10-04T03:50:07.255+0000] {logging_mixin.py:117} INFO - [2022-10-04T03:50:07.255+0000] {dag.py:3324} INFO - Setting next_dagrun for example_weekday_branch_operator to 2022-10-03T00:00:00+00:00, run_after=2022-10-04T00:00:00+00:00
[2022-10-04T03:50:07.474+0000] {processor.py:178} INFO - Processing /usr/local/lib/python3.10/dist-packages/airflow/example_dags/example_branch_day_of_week_operator.py took 0.301 seconds
[2022-10-04T03:50:55.817+0000] {processor.py:156} INFO - Started process (PID=1330) to work on /usr/local/lib/python3.10/dist-packages/airflow/example_dags/example_branch_day_of_week_operator.py
[2022-10-04T03:50:55.818+0000] {processor.py:758} INFO - Processing file /usr/local/lib/python3.10/dist-packages/airflow/example_dags/example_branch_day_of_week_operator.py for tasks to queue
[2022-10-04T03:50:55.819+0000] {logging_mixin.py:117} INFO - [2022-10-04T03:50:55.819+0000] {dagbag.py:525} INFO - Filling up the DagBag from /usr/local/lib/python3.10/dist-packages/airflow/example_dags/example_branch_day_of_week_operator.py
[2022-10-04T03:50:55.834+0000] {processor.py:768} INFO - DAG(s) dict_keys(['example_weekday_branch_operator']) retrieved from /usr/local/lib/python3.10/dist-packages/airflow/example_dags/example_branch_day_of_week_operator.py
[2022-10-04T03:50:55.859+0000] {logging_mixin.py:117} INFO - [2022-10-04T03:50:55.859+0000] {dag.py:2573} INFO - Sync 1 DAGs
[2022-10-04T03:50:55.878+0000] {logging_mixin.py:117} INFO - [2022-10-04T03:50:55.878+0000] {dag.py:3324} INFO - Setting next_dagrun for example_weekday_branch_operator to 2022-10-03T00:00:00+00:00, run_after=2022-10-04T00:00:00+00:00
[2022-10-04T03:50:55.908+0000] {processor.py:178} INFO - Processing /usr/local/lib/python3.10/dist-packages/airflow/example_dags/example_branch_day_of_week_operator.py took 0.094 seconds
[2022-10-04T03:51:44.716+0000] {processor.py:156} INFO - Started process (PID=1376) to work on /usr/local/lib/python3.10/dist-packages/airflow/example_dags/example_branch_day_of_week_operator.py
[2022-10-04T03:51:44.718+0000] {processor.py:758} INFO - Processing file /usr/local/lib/python3.10/dist-packages/airflow/example_dags/example_branch_day_of_week_operator.py for tasks to queue
[2022-10-04T03:51:44.719+0000] {logging_mixin.py:117} INFO - [2022-10-04T03:51:44.718+0000] {dagbag.py:525} INFO - Filling up the DagBag from /usr/local/lib/python3.10/dist-packages/airflow/example_dags/example_branch_day_of_week_operator.py
[2022-10-04T03:51:44.753+0000] {processor.py:768} INFO - DAG(s) dict_keys(['example_weekday_branch_operator']) retrieved from /usr/local/lib/python3.10/dist-packages/airflow/example_dags/example_branch_day_of_week_operator.py
[2022-10-04T03:51:44.840+0000] {logging_mixin.py:117} INFO - [2022-10-04T03:51:44.840+0000] {dag.py:2573} INFO - Sync 1 DAGs
[2022-10-04T03:51:44.901+0000] {logging_mixin.py:117} INFO - [2022-10-04T03:51:44.901+0000] {dag.py:3324} INFO - Setting next_dagrun for example_weekday_branch_operator to 2022-10-03T00:00:00+00:00, run_after=2022-10-04T00:00:00+00:00
[2022-10-04T03:51:44.962+0000] {processor.py:178} INFO - Processing /usr/local/lib/python3.10/dist-packages/airflow/example_dags/example_branch_day_of_week_operator.py took 0.251 seconds
[2022-10-04T03:52:24.215+0000] {processor.py:156} INFO - Started process (PID=1416) to work on /usr/local/lib/python3.10/dist-packages/airflow/example_dags/example_branch_day_of_week_operator.py
[2022-10-04T03:52:24.216+0000] {processor.py:758} INFO - Processing file /usr/local/lib/python3.10/dist-packages/airflow/example_dags/example_branch_day_of_week_operator.py for tasks to queue
[2022-10-04T03:52:24.217+0000] {logging_mixin.py:117} INFO - [2022-10-04T03:52:24.217+0000] {dagbag.py:525} INFO - Filling up the DagBag from /usr/local/lib/python3.10/dist-packages/airflow/example_dags/example_branch_day_of_week_operator.py
[2022-10-04T03:52:24.232+0000] {processor.py:768} INFO - DAG(s) dict_keys(['example_weekday_branch_operator']) retrieved from /usr/local/lib/python3.10/dist-packages/airflow/example_dags/example_branch_day_of_week_operator.py
[2022-10-04T03:52:24.258+0000] {logging_mixin.py:117} INFO - [2022-10-04T03:52:24.258+0000] {dag.py:2573} INFO - Sync 1 DAGs
[2022-10-04T03:52:24.277+0000] {logging_mixin.py:117} INFO - [2022-10-04T03:52:24.277+0000] {dag.py:3324} INFO - Setting next_dagrun for example_weekday_branch_operator to 2022-10-03T00:00:00+00:00, run_after=2022-10-04T00:00:00+00:00
[2022-10-04T03:52:24.301+0000] {processor.py:178} INFO - Processing /usr/local/lib/python3.10/dist-packages/airflow/example_dags/example_branch_day_of_week_operator.py took 0.089 seconds
[2022-10-04T03:53:11.996+0000] {processor.py:156} INFO - Started process (PID=1462) to work on /usr/local/lib/python3.10/dist-packages/airflow/example_dags/example_branch_day_of_week_operator.py
[2022-10-04T03:53:11.997+0000] {processor.py:758} INFO - Processing file /usr/local/lib/python3.10/dist-packages/airflow/example_dags/example_branch_day_of_week_operator.py for tasks to queue
[2022-10-04T03:53:11.998+0000] {logging_mixin.py:117} INFO - [2022-10-04T03:53:11.998+0000] {dagbag.py:525} INFO - Filling up the DagBag from /usr/local/lib/python3.10/dist-packages/airflow/example_dags/example_branch_day_of_week_operator.py
[2022-10-04T03:53:12.017+0000] {processor.py:768} INFO - DAG(s) dict_keys(['example_weekday_branch_operator']) retrieved from /usr/local/lib/python3.10/dist-packages/airflow/example_dags/example_branch_day_of_week_operator.py
[2022-10-04T03:53:12.045+0000] {logging_mixin.py:117} INFO - [2022-10-04T03:53:12.045+0000] {dag.py:2573} INFO - Sync 1 DAGs
[2022-10-04T03:53:12.066+0000] {logging_mixin.py:117} INFO - [2022-10-04T03:53:12.066+0000] {dag.py:3324} INFO - Setting next_dagrun for example_weekday_branch_operator to 2022-10-03T00:00:00+00:00, run_after=2022-10-04T00:00:00+00:00
[2022-10-04T03:53:12.091+0000] {processor.py:178} INFO - Processing /usr/local/lib/python3.10/dist-packages/airflow/example_dags/example_branch_day_of_week_operator.py took 0.099 seconds
[2022-10-04T03:53:56.275+0000] {processor.py:156} INFO - Started process (PID=1510) to work on /usr/local/lib/python3.10/dist-packages/airflow/example_dags/example_branch_day_of_week_operator.py
[2022-10-04T03:53:56.276+0000] {processor.py:758} INFO - Processing file /usr/local/lib/python3.10/dist-packages/airflow/example_dags/example_branch_day_of_week_operator.py for tasks to queue
[2022-10-04T03:53:56.277+0000] {logging_mixin.py:117} INFO - [2022-10-04T03:53:56.277+0000] {dagbag.py:525} INFO - Filling up the DagBag from /usr/local/lib/python3.10/dist-packages/airflow/example_dags/example_branch_day_of_week_operator.py
[2022-10-04T03:53:56.293+0000] {processor.py:768} INFO - DAG(s) dict_keys(['example_weekday_branch_operator']) retrieved from /usr/local/lib/python3.10/dist-packages/airflow/example_dags/example_branch_day_of_week_operator.py
[2022-10-04T03:53:56.321+0000] {logging_mixin.py:117} INFO - [2022-10-04T03:53:56.321+0000] {dag.py:2573} INFO - Sync 1 DAGs
[2022-10-04T03:53:56.343+0000] {logging_mixin.py:117} INFO - [2022-10-04T03:53:56.342+0000] {dag.py:3324} INFO - Setting next_dagrun for example_weekday_branch_operator to 2022-10-03T00:00:00+00:00, run_after=2022-10-04T00:00:00+00:00
[2022-10-04T03:53:56.366+0000] {processor.py:178} INFO - Processing /usr/local/lib/python3.10/dist-packages/airflow/example_dags/example_branch_day_of_week_operator.py took 0.095 seconds
[2022-10-04T03:55:17.417+0000] {processor.py:156} INFO - Started process (PID=1612) to work on /usr/local/lib/python3.10/dist-packages/airflow/example_dags/example_branch_day_of_week_operator.py
[2022-10-04T03:55:17.419+0000] {processor.py:758} INFO - Processing file /usr/local/lib/python3.10/dist-packages/airflow/example_dags/example_branch_day_of_week_operator.py for tasks to queue
[2022-10-04T03:55:17.419+0000] {logging_mixin.py:117} INFO - [2022-10-04T03:55:17.419+0000] {dagbag.py:525} INFO - Filling up the DagBag from /usr/local/lib/python3.10/dist-packages/airflow/example_dags/example_branch_day_of_week_operator.py
[2022-10-04T03:55:17.436+0000] {processor.py:768} INFO - DAG(s) dict_keys(['example_weekday_branch_operator']) retrieved from /usr/local/lib/python3.10/dist-packages/airflow/example_dags/example_branch_day_of_week_operator.py
[2022-10-04T03:55:17.469+0000] {logging_mixin.py:117} INFO - [2022-10-04T03:55:17.469+0000] {dag.py:2573} INFO - Sync 1 DAGs
[2022-10-04T03:55:17.497+0000] {logging_mixin.py:117} INFO - [2022-10-04T03:55:17.497+0000] {dag.py:3324} INFO - Setting next_dagrun for example_weekday_branch_operator to 2022-10-03T00:00:00+00:00, run_after=2022-10-04T00:00:00+00:00
[2022-10-04T03:55:17.524+0000] {processor.py:178} INFO - Processing /usr/local/lib/python3.10/dist-packages/airflow/example_dags/example_branch_day_of_week_operator.py took 0.110 seconds
[2022-10-04T04:36:03.392+0000] {processor.py:156} INFO - Started process (PID=1809) to work on /usr/local/lib/python3.10/dist-packages/airflow/example_dags/example_branch_day_of_week_operator.py
[2022-10-04T04:36:03.397+0000] {processor.py:758} INFO - Processing file /usr/local/lib/python3.10/dist-packages/airflow/example_dags/example_branch_day_of_week_operator.py for tasks to queue
[2022-10-04T04:36:03.398+0000] {logging_mixin.py:117} INFO - [2022-10-04T04:36:03.397+0000] {dagbag.py:525} INFO - Filling up the DagBag from /usr/local/lib/python3.10/dist-packages/airflow/example_dags/example_branch_day_of_week_operator.py
[2022-10-04T04:36:03.419+0000] {processor.py:768} INFO - DAG(s) dict_keys(['example_weekday_branch_operator']) retrieved from /usr/local/lib/python3.10/dist-packages/airflow/example_dags/example_branch_day_of_week_operator.py
[2022-10-04T04:36:03.456+0000] {logging_mixin.py:117} INFO - [2022-10-04T04:36:03.456+0000] {dag.py:2573} INFO - Sync 1 DAGs
[2022-10-04T04:36:03.478+0000] {logging_mixin.py:117} INFO - [2022-10-04T04:36:03.478+0000] {dag.py:3324} INFO - Setting next_dagrun for example_weekday_branch_operator to 2022-10-03T00:00:00+00:00, run_after=2022-10-04T00:00:00+00:00
[2022-10-04T04:36:03.501+0000] {processor.py:178} INFO - Processing /usr/local/lib/python3.10/dist-packages/airflow/example_dags/example_branch_day_of_week_operator.py took 0.112 seconds
[2022-10-04T04:46:14.411+0000] {processor.py:156} INFO - Started process (PID=2023) to work on /usr/local/lib/python3.10/dist-packages/airflow/example_dags/example_branch_day_of_week_operator.py
[2022-10-04T04:46:14.413+0000] {processor.py:758} INFO - Processing file /usr/local/lib/python3.10/dist-packages/airflow/example_dags/example_branch_day_of_week_operator.py for tasks to queue
[2022-10-04T04:46:14.413+0000] {logging_mixin.py:117} INFO - [2022-10-04T04:46:14.413+0000] {dagbag.py:525} INFO - Filling up the DagBag from /usr/local/lib/python3.10/dist-packages/airflow/example_dags/example_branch_day_of_week_operator.py
[2022-10-04T04:46:14.423+0000] {processor.py:768} INFO - DAG(s) dict_keys(['example_weekday_branch_operator']) retrieved from /usr/local/lib/python3.10/dist-packages/airflow/example_dags/example_branch_day_of_week_operator.py
[2022-10-04T04:46:14.449+0000] {logging_mixin.py:117} INFO - [2022-10-04T04:46:14.449+0000] {dag.py:2573} INFO - Sync 1 DAGs
[2022-10-04T04:46:14.466+0000] {logging_mixin.py:117} INFO - [2022-10-04T04:46:14.466+0000] {dag.py:3324} INFO - Setting next_dagrun for example_weekday_branch_operator to 2022-10-03T00:00:00+00:00, run_after=2022-10-04T00:00:00+00:00
[2022-10-04T04:46:14.490+0000] {processor.py:178} INFO - Processing /usr/local/lib/python3.10/dist-packages/airflow/example_dags/example_branch_day_of_week_operator.py took 0.083 seconds
[2022-10-04T04:46:58.758+0000] {processor.py:156} INFO - Started process (PID=2066) to work on /usr/local/lib/python3.10/dist-packages/airflow/example_dags/example_branch_day_of_week_operator.py
[2022-10-04T04:46:58.759+0000] {processor.py:758} INFO - Processing file /usr/local/lib/python3.10/dist-packages/airflow/example_dags/example_branch_day_of_week_operator.py for tasks to queue
[2022-10-04T04:46:58.760+0000] {logging_mixin.py:117} INFO - [2022-10-04T04:46:58.760+0000] {dagbag.py:525} INFO - Filling up the DagBag from /usr/local/lib/python3.10/dist-packages/airflow/example_dags/example_branch_day_of_week_operator.py
[2022-10-04T04:46:58.774+0000] {processor.py:768} INFO - DAG(s) dict_keys(['example_weekday_branch_operator']) retrieved from /usr/local/lib/python3.10/dist-packages/airflow/example_dags/example_branch_day_of_week_operator.py
[2022-10-04T04:46:58.798+0000] {logging_mixin.py:117} INFO - [2022-10-04T04:46:58.797+0000] {dag.py:2573} INFO - Sync 1 DAGs
[2022-10-04T04:46:58.817+0000] {logging_mixin.py:117} INFO - [2022-10-04T04:46:58.816+0000] {dag.py:3324} INFO - Setting next_dagrun for example_weekday_branch_operator to 2022-10-03T00:00:00+00:00, run_after=2022-10-04T00:00:00+00:00
[2022-10-04T04:46:58.841+0000] {processor.py:178} INFO - Processing /usr/local/lib/python3.10/dist-packages/airflow/example_dags/example_branch_day_of_week_operator.py took 0.086 seconds
[2022-10-04T04:47:37.797+0000] {processor.py:156} INFO - Started process (PID=2103) to work on /usr/local/lib/python3.10/dist-packages/airflow/example_dags/example_branch_day_of_week_operator.py
[2022-10-04T04:47:37.798+0000] {processor.py:758} INFO - Processing file /usr/local/lib/python3.10/dist-packages/airflow/example_dags/example_branch_day_of_week_operator.py for tasks to queue
[2022-10-04T04:47:37.799+0000] {logging_mixin.py:117} INFO - [2022-10-04T04:47:37.798+0000] {dagbag.py:525} INFO - Filling up the DagBag from /usr/local/lib/python3.10/dist-packages/airflow/example_dags/example_branch_day_of_week_operator.py
[2022-10-04T04:47:37.808+0000] {processor.py:768} INFO - DAG(s) dict_keys(['example_weekday_branch_operator']) retrieved from /usr/local/lib/python3.10/dist-packages/airflow/example_dags/example_branch_day_of_week_operator.py
[2022-10-04T04:47:37.830+0000] {logging_mixin.py:117} INFO - [2022-10-04T04:47:37.830+0000] {dag.py:2573} INFO - Sync 1 DAGs
[2022-10-04T04:47:37.848+0000] {logging_mixin.py:117} INFO - [2022-10-04T04:47:37.847+0000] {dag.py:3324} INFO - Setting next_dagrun for example_weekday_branch_operator to 2022-10-03T00:00:00+00:00, run_after=2022-10-04T00:00:00+00:00
[2022-10-04T04:47:37.868+0000] {processor.py:178} INFO - Processing /usr/local/lib/python3.10/dist-packages/airflow/example_dags/example_branch_day_of_week_operator.py took 0.075 seconds
[2022-10-04T04:48:18.005+0000] {processor.py:156} INFO - Started process (PID=2144) to work on /usr/local/lib/python3.10/dist-packages/airflow/example_dags/example_branch_day_of_week_operator.py
[2022-10-04T04:48:18.006+0000] {processor.py:758} INFO - Processing file /usr/local/lib/python3.10/dist-packages/airflow/example_dags/example_branch_day_of_week_operator.py for tasks to queue
[2022-10-04T04:48:18.007+0000] {logging_mixin.py:117} INFO - [2022-10-04T04:48:18.006+0000] {dagbag.py:525} INFO - Filling up the DagBag from /usr/local/lib/python3.10/dist-packages/airflow/example_dags/example_branch_day_of_week_operator.py
[2022-10-04T04:48:18.016+0000] {processor.py:768} INFO - DAG(s) dict_keys(['example_weekday_branch_operator']) retrieved from /usr/local/lib/python3.10/dist-packages/airflow/example_dags/example_branch_day_of_week_operator.py
[2022-10-04T04:48:18.038+0000] {logging_mixin.py:117} INFO - [2022-10-04T04:48:18.038+0000] {dag.py:2573} INFO - Sync 1 DAGs
[2022-10-04T04:48:18.056+0000] {logging_mixin.py:117} INFO - [2022-10-04T04:48:18.055+0000] {dag.py:3324} INFO - Setting next_dagrun for example_weekday_branch_operator to 2022-10-03T00:00:00+00:00, run_after=2022-10-04T00:00:00+00:00
[2022-10-04T04:48:18.078+0000] {processor.py:178} INFO - Processing /usr/local/lib/python3.10/dist-packages/airflow/example_dags/example_branch_day_of_week_operator.py took 0.079 seconds
[2022-10-04T04:48:55.390+0000] {processor.py:156} INFO - Started process (PID=2181) to work on /usr/local/lib/python3.10/dist-packages/airflow/example_dags/example_branch_day_of_week_operator.py
[2022-10-04T04:48:55.392+0000] {processor.py:758} INFO - Processing file /usr/local/lib/python3.10/dist-packages/airflow/example_dags/example_branch_day_of_week_operator.py for tasks to queue
[2022-10-04T04:48:55.392+0000] {logging_mixin.py:117} INFO - [2022-10-04T04:48:55.392+0000] {dagbag.py:525} INFO - Filling up the DagBag from /usr/local/lib/python3.10/dist-packages/airflow/example_dags/example_branch_day_of_week_operator.py
[2022-10-04T04:48:55.403+0000] {processor.py:768} INFO - DAG(s) dict_keys(['example_weekday_branch_operator']) retrieved from /usr/local/lib/python3.10/dist-packages/airflow/example_dags/example_branch_day_of_week_operator.py
[2022-10-04T04:48:55.425+0000] {logging_mixin.py:117} INFO - [2022-10-04T04:48:55.425+0000] {dag.py:2573} INFO - Sync 1 DAGs
[2022-10-04T04:48:55.443+0000] {logging_mixin.py:117} INFO - [2022-10-04T04:48:55.443+0000] {dag.py:3324} INFO - Setting next_dagrun for example_weekday_branch_operator to 2022-10-03T00:00:00+00:00, run_after=2022-10-04T00:00:00+00:00
[2022-10-04T04:48:55.465+0000] {processor.py:178} INFO - Processing /usr/local/lib/python3.10/dist-packages/airflow/example_dags/example_branch_day_of_week_operator.py took 0.077 seconds
[2022-10-04T04:49:34.824+0000] {processor.py:156} INFO - Started process (PID=2220) to work on /usr/local/lib/python3.10/dist-packages/airflow/example_dags/example_branch_day_of_week_operator.py
[2022-10-04T04:49:34.825+0000] {processor.py:758} INFO - Processing file /usr/local/lib/python3.10/dist-packages/airflow/example_dags/example_branch_day_of_week_operator.py for tasks to queue
[2022-10-04T04:49:34.826+0000] {logging_mixin.py:117} INFO - [2022-10-04T04:49:34.826+0000] {dagbag.py:525} INFO - Filling up the DagBag from /usr/local/lib/python3.10/dist-packages/airflow/example_dags/example_branch_day_of_week_operator.py
[2022-10-04T04:49:34.836+0000] {processor.py:768} INFO - DAG(s) dict_keys(['example_weekday_branch_operator']) retrieved from /usr/local/lib/python3.10/dist-packages/airflow/example_dags/example_branch_day_of_week_operator.py
[2022-10-04T04:49:34.865+0000] {logging_mixin.py:117} INFO - [2022-10-04T04:49:34.865+0000] {dag.py:2573} INFO - Sync 1 DAGs
[2022-10-04T04:49:34.884+0000] {logging_mixin.py:117} INFO - [2022-10-04T04:49:34.884+0000] {dag.py:3324} INFO - Setting next_dagrun for example_weekday_branch_operator to 2022-10-03T00:00:00+00:00, run_after=2022-10-04T00:00:00+00:00
[2022-10-04T04:49:34.906+0000] {processor.py:178} INFO - Processing /usr/local/lib/python3.10/dist-packages/airflow/example_dags/example_branch_day_of_week_operator.py took 0.085 seconds
[2022-10-04T04:50:13.934+0000] {processor.py:156} INFO - Started process (PID=2261) to work on /usr/local/lib/python3.10/dist-packages/airflow/example_dags/example_branch_day_of_week_operator.py
[2022-10-04T04:50:13.936+0000] {processor.py:758} INFO - Processing file /usr/local/lib/python3.10/dist-packages/airflow/example_dags/example_branch_day_of_week_operator.py for tasks to queue
[2022-10-04T04:50:13.936+0000] {logging_mixin.py:117} INFO - [2022-10-04T04:50:13.936+0000] {dagbag.py:525} INFO - Filling up the DagBag from /usr/local/lib/python3.10/dist-packages/airflow/example_dags/example_branch_day_of_week_operator.py
[2022-10-04T04:50:13.946+0000] {processor.py:768} INFO - DAG(s) dict_keys(['example_weekday_branch_operator']) retrieved from /usr/local/lib/python3.10/dist-packages/airflow/example_dags/example_branch_day_of_week_operator.py
[2022-10-04T04:50:13.970+0000] {logging_mixin.py:117} INFO - [2022-10-04T04:50:13.969+0000] {dag.py:2573} INFO - Sync 1 DAGs
[2022-10-04T04:50:13.988+0000] {logging_mixin.py:117} INFO - [2022-10-04T04:50:13.988+0000] {dag.py:3324} INFO - Setting next_dagrun for example_weekday_branch_operator to 2022-10-03T00:00:00+00:00, run_after=2022-10-04T00:00:00+00:00
[2022-10-04T04:50:14.011+0000] {processor.py:178} INFO - Processing /usr/local/lib/python3.10/dist-packages/airflow/example_dags/example_branch_day_of_week_operator.py took 0.081 seconds
[2022-10-04T04:50:57.253+0000] {processor.py:156} INFO - Started process (PID=2304) to work on /usr/local/lib/python3.10/dist-packages/airflow/example_dags/example_branch_day_of_week_operator.py
[2022-10-04T04:50:57.255+0000] {processor.py:758} INFO - Processing file /usr/local/lib/python3.10/dist-packages/airflow/example_dags/example_branch_day_of_week_operator.py for tasks to queue
[2022-10-04T04:50:57.256+0000] {logging_mixin.py:117} INFO - [2022-10-04T04:50:57.255+0000] {dagbag.py:525} INFO - Filling up the DagBag from /usr/local/lib/python3.10/dist-packages/airflow/example_dags/example_branch_day_of_week_operator.py
[2022-10-04T04:50:57.265+0000] {processor.py:768} INFO - DAG(s) dict_keys(['example_weekday_branch_operator']) retrieved from /usr/local/lib/python3.10/dist-packages/airflow/example_dags/example_branch_day_of_week_operator.py
[2022-10-04T04:50:57.287+0000] {logging_mixin.py:117} INFO - [2022-10-04T04:50:57.287+0000] {dag.py:2573} INFO - Sync 1 DAGs
[2022-10-04T04:50:57.304+0000] {logging_mixin.py:117} INFO - [2022-10-04T04:50:57.303+0000] {dag.py:3324} INFO - Setting next_dagrun for example_weekday_branch_operator to 2022-10-03T00:00:00+00:00, run_after=2022-10-04T00:00:00+00:00
[2022-10-04T04:50:57.325+0000] {processor.py:178} INFO - Processing /usr/local/lib/python3.10/dist-packages/airflow/example_dags/example_branch_day_of_week_operator.py took 0.074 seconds
[2022-10-04T04:51:35.111+0000] {processor.py:156} INFO - Started process (PID=2342) to work on /usr/local/lib/python3.10/dist-packages/airflow/example_dags/example_branch_day_of_week_operator.py
[2022-10-04T04:51:35.113+0000] {processor.py:758} INFO - Processing file /usr/local/lib/python3.10/dist-packages/airflow/example_dags/example_branch_day_of_week_operator.py for tasks to queue
[2022-10-04T04:51:35.113+0000] {logging_mixin.py:117} INFO - [2022-10-04T04:51:35.113+0000] {dagbag.py:525} INFO - Filling up the DagBag from /usr/local/lib/python3.10/dist-packages/airflow/example_dags/example_branch_day_of_week_operator.py
[2022-10-04T04:51:35.125+0000] {processor.py:768} INFO - DAG(s) dict_keys(['example_weekday_branch_operator']) retrieved from /usr/local/lib/python3.10/dist-packages/airflow/example_dags/example_branch_day_of_week_operator.py
[2022-10-04T04:51:35.150+0000] {logging_mixin.py:117} INFO - [2022-10-04T04:51:35.150+0000] {dag.py:2573} INFO - Sync 1 DAGs
[2022-10-04T04:51:35.170+0000] {logging_mixin.py:117} INFO - [2022-10-04T04:51:35.169+0000] {dag.py:3324} INFO - Setting next_dagrun for example_weekday_branch_operator to 2022-10-03T00:00:00+00:00, run_after=2022-10-04T00:00:00+00:00
[2022-10-04T04:51:35.199+0000] {processor.py:178} INFO - Processing /usr/local/lib/python3.10/dist-packages/airflow/example_dags/example_branch_day_of_week_operator.py took 0.091 seconds
[2022-10-04T04:52:13.246+0000] {processor.py:156} INFO - Started process (PID=2380) to work on /usr/local/lib/python3.10/dist-packages/airflow/example_dags/example_branch_day_of_week_operator.py
[2022-10-04T04:52:13.247+0000] {processor.py:758} INFO - Processing file /usr/local/lib/python3.10/dist-packages/airflow/example_dags/example_branch_day_of_week_operator.py for tasks to queue
[2022-10-04T04:52:13.248+0000] {logging_mixin.py:117} INFO - [2022-10-04T04:52:13.248+0000] {dagbag.py:525} INFO - Filling up the DagBag from /usr/local/lib/python3.10/dist-packages/airflow/example_dags/example_branch_day_of_week_operator.py
[2022-10-04T04:52:13.257+0000] {processor.py:768} INFO - DAG(s) dict_keys(['example_weekday_branch_operator']) retrieved from /usr/local/lib/python3.10/dist-packages/airflow/example_dags/example_branch_day_of_week_operator.py
[2022-10-04T04:52:13.281+0000] {logging_mixin.py:117} INFO - [2022-10-04T04:52:13.281+0000] {dag.py:2573} INFO - Sync 1 DAGs
[2022-10-04T04:52:13.300+0000] {logging_mixin.py:117} INFO - [2022-10-04T04:52:13.299+0000] {dag.py:3324} INFO - Setting next_dagrun for example_weekday_branch_operator to 2022-10-03T00:00:00+00:00, run_after=2022-10-04T00:00:00+00:00
[2022-10-04T04:52:13.322+0000] {processor.py:178} INFO - Processing /usr/local/lib/python3.10/dist-packages/airflow/example_dags/example_branch_day_of_week_operator.py took 0.079 seconds
[2022-10-04T04:52:55.005+0000] {processor.py:156} INFO - Started process (PID=2420) to work on /usr/local/lib/python3.10/dist-packages/airflow/example_dags/example_branch_day_of_week_operator.py
[2022-10-04T04:52:55.006+0000] {processor.py:758} INFO - Processing file /usr/local/lib/python3.10/dist-packages/airflow/example_dags/example_branch_day_of_week_operator.py for tasks to queue
[2022-10-04T04:52:55.007+0000] {logging_mixin.py:117} INFO - [2022-10-04T04:52:55.007+0000] {dagbag.py:525} INFO - Filling up the DagBag from /usr/local/lib/python3.10/dist-packages/airflow/example_dags/example_branch_day_of_week_operator.py
[2022-10-04T04:52:55.017+0000] {processor.py:768} INFO - DAG(s) dict_keys(['example_weekday_branch_operator']) retrieved from /usr/local/lib/python3.10/dist-packages/airflow/example_dags/example_branch_day_of_week_operator.py
[2022-10-04T04:52:55.039+0000] {logging_mixin.py:117} INFO - [2022-10-04T04:52:55.039+0000] {dag.py:2573} INFO - Sync 1 DAGs
[2022-10-04T04:52:55.056+0000] {logging_mixin.py:117} INFO - [2022-10-04T04:52:55.056+0000] {dag.py:3324} INFO - Setting next_dagrun for example_weekday_branch_operator to 2022-10-03T00:00:00+00:00, run_after=2022-10-04T00:00:00+00:00
[2022-10-04T04:52:55.078+0000] {processor.py:178} INFO - Processing /usr/local/lib/python3.10/dist-packages/airflow/example_dags/example_branch_day_of_week_operator.py took 0.076 seconds
[2022-10-04T04:53:41.596+0000] {processor.py:156} INFO - Started process (PID=2466) to work on /usr/local/lib/python3.10/dist-packages/airflow/example_dags/example_branch_day_of_week_operator.py
[2022-10-04T04:53:41.597+0000] {processor.py:758} INFO - Processing file /usr/local/lib/python3.10/dist-packages/airflow/example_dags/example_branch_day_of_week_operator.py for tasks to queue
[2022-10-04T04:53:41.598+0000] {logging_mixin.py:117} INFO - [2022-10-04T04:53:41.598+0000] {dagbag.py:525} INFO - Filling up the DagBag from /usr/local/lib/python3.10/dist-packages/airflow/example_dags/example_branch_day_of_week_operator.py
[2022-10-04T04:53:41.608+0000] {processor.py:768} INFO - DAG(s) dict_keys(['example_weekday_branch_operator']) retrieved from /usr/local/lib/python3.10/dist-packages/airflow/example_dags/example_branch_day_of_week_operator.py
[2022-10-04T04:53:41.629+0000] {logging_mixin.py:117} INFO - [2022-10-04T04:53:41.629+0000] {dag.py:2573} INFO - Sync 1 DAGs
[2022-10-04T04:53:41.647+0000] {logging_mixin.py:117} INFO - [2022-10-04T04:53:41.647+0000] {dag.py:3324} INFO - Setting next_dagrun for example_weekday_branch_operator to 2022-10-03T00:00:00+00:00, run_after=2022-10-04T00:00:00+00:00
[2022-10-04T04:53:41.669+0000] {processor.py:178} INFO - Processing /usr/local/lib/python3.10/dist-packages/airflow/example_dags/example_branch_day_of_week_operator.py took 0.076 seconds
