[2022-10-04T03:09:32.762+0000] {processor.py:156} INFO - Started process (PID=7708) to work on /usr/local/lib/python3.10/dist-packages/airflow/example_dags/example_branch_operator.py
[2022-10-04T03:09:32.765+0000] {processor.py:758} INFO - Processing file /usr/local/lib/python3.10/dist-packages/airflow/example_dags/example_branch_operator.py for tasks to queue
[2022-10-04T03:09:32.765+0000] {logging_mixin.py:117} INFO - [2022-10-04T03:09:32.765+0000] {dagbag.py:525} INFO - Filling up the DagBag from /usr/local/lib/python3.10/dist-packages/airflow/example_dags/example_branch_operator.py
[2022-10-04T03:09:32.782+0000] {processor.py:768} INFO - DAG(s) dict_keys(['example_branch_operator']) retrieved from /usr/local/lib/python3.10/dist-packages/airflow/example_dags/example_branch_operator.py
[2022-10-04T03:09:32.894+0000] {logging_mixin.py:117} INFO - [2022-10-04T03:09:32.893+0000] {manager.py:508} INFO - Created Permission View: can read on DAG:example_branch_operator
[2022-10-04T03:09:32.911+0000] {logging_mixin.py:117} INFO - [2022-10-04T03:09:32.910+0000] {manager.py:508} INFO - Created Permission View: can delete on DAG:example_branch_operator
[2022-10-04T03:09:32.924+0000] {logging_mixin.py:117} INFO - [2022-10-04T03:09:32.924+0000] {manager.py:508} INFO - Created Permission View: can edit on DAG:example_branch_operator
[2022-10-04T03:09:32.924+0000] {logging_mixin.py:117} INFO - [2022-10-04T03:09:32.924+0000] {dag.py:2573} INFO - Sync 1 DAGs
[2022-10-04T03:09:32.944+0000] {logging_mixin.py:117} INFO - [2022-10-04T03:09:32.944+0000] {dag.py:2594} INFO - Creating ORM DAG for example_branch_operator
[2022-10-04T03:09:32.957+0000] {logging_mixin.py:117} INFO - [2022-10-04T03:09:32.957+0000] {dag.py:3324} INFO - Setting next_dagrun for example_branch_operator to 2022-10-03T00:00:00+00:00, run_after=2022-10-04T00:00:00+00:00
[2022-10-04T03:09:32.992+0000] {processor.py:178} INFO - Processing /usr/local/lib/python3.10/dist-packages/airflow/example_dags/example_branch_operator.py took 0.233 seconds
[2022-10-04T03:10:11.050+0000] {processor.py:156} INFO - Started process (PID=7756) to work on /usr/local/lib/python3.10/dist-packages/airflow/example_dags/example_branch_operator.py
[2022-10-04T03:10:11.051+0000] {processor.py:758} INFO - Processing file /usr/local/lib/python3.10/dist-packages/airflow/example_dags/example_branch_operator.py for tasks to queue
[2022-10-04T03:10:11.052+0000] {logging_mixin.py:117} INFO - [2022-10-04T03:10:11.051+0000] {dagbag.py:525} INFO - Filling up the DagBag from /usr/local/lib/python3.10/dist-packages/airflow/example_dags/example_branch_operator.py
[2022-10-04T03:10:11.072+0000] {processor.py:768} INFO - DAG(s) dict_keys(['example_branch_operator']) retrieved from /usr/local/lib/python3.10/dist-packages/airflow/example_dags/example_branch_operator.py
[2022-10-04T03:10:11.097+0000] {logging_mixin.py:117} INFO - [2022-10-04T03:10:11.097+0000] {dag.py:2573} INFO - Sync 1 DAGs
[2022-10-04T03:10:11.128+0000] {logging_mixin.py:117} INFO - [2022-10-04T03:10:11.128+0000] {dag.py:3324} INFO - Setting next_dagrun for example_branch_operator to 2022-10-03T00:00:00+00:00, run_after=2022-10-04T00:00:00+00:00
[2022-10-04T03:10:11.153+0000] {processor.py:178} INFO - Processing /usr/local/lib/python3.10/dist-packages/airflow/example_dags/example_branch_operator.py took 0.106 seconds
[2022-10-04T03:10:53.300+0000] {processor.py:156} INFO - Started process (PID=7795) to work on /usr/local/lib/python3.10/dist-packages/airflow/example_dags/example_branch_operator.py
[2022-10-04T03:10:53.301+0000] {processor.py:758} INFO - Processing file /usr/local/lib/python3.10/dist-packages/airflow/example_dags/example_branch_operator.py for tasks to queue
[2022-10-04T03:10:53.301+0000] {logging_mixin.py:117} INFO - [2022-10-04T03:10:53.301+0000] {dagbag.py:525} INFO - Filling up the DagBag from /usr/local/lib/python3.10/dist-packages/airflow/example_dags/example_branch_operator.py
[2022-10-04T03:10:53.318+0000] {processor.py:768} INFO - DAG(s) dict_keys(['example_branch_operator']) retrieved from /usr/local/lib/python3.10/dist-packages/airflow/example_dags/example_branch_operator.py
[2022-10-04T03:10:53.339+0000] {logging_mixin.py:117} INFO - [2022-10-04T03:10:53.338+0000] {dag.py:2573} INFO - Sync 1 DAGs
[2022-10-04T03:10:53.356+0000] {logging_mixin.py:117} INFO - [2022-10-04T03:10:53.356+0000] {dag.py:3324} INFO - Setting next_dagrun for example_branch_operator to 2022-10-03T00:00:00+00:00, run_after=2022-10-04T00:00:00+00:00
[2022-10-04T03:10:53.377+0000] {processor.py:178} INFO - Processing /usr/local/lib/python3.10/dist-packages/airflow/example_dags/example_branch_operator.py took 0.079 seconds
[2022-10-04T03:11:36.117+0000] {processor.py:156} INFO - Started process (PID=7841) to work on /usr/local/lib/python3.10/dist-packages/airflow/example_dags/example_branch_operator.py
[2022-10-04T03:11:36.118+0000] {processor.py:758} INFO - Processing file /usr/local/lib/python3.10/dist-packages/airflow/example_dags/example_branch_operator.py for tasks to queue
[2022-10-04T03:11:36.119+0000] {logging_mixin.py:117} INFO - [2022-10-04T03:11:36.119+0000] {dagbag.py:525} INFO - Filling up the DagBag from /usr/local/lib/python3.10/dist-packages/airflow/example_dags/example_branch_operator.py
[2022-10-04T03:11:36.151+0000] {processor.py:768} INFO - DAG(s) dict_keys(['example_branch_operator']) retrieved from /usr/local/lib/python3.10/dist-packages/airflow/example_dags/example_branch_operator.py
[2022-10-04T03:11:36.178+0000] {logging_mixin.py:117} INFO - [2022-10-04T03:11:36.178+0000] {dag.py:2573} INFO - Sync 1 DAGs
[2022-10-04T03:11:36.199+0000] {logging_mixin.py:117} INFO - [2022-10-04T03:11:36.199+0000] {dag.py:3324} INFO - Setting next_dagrun for example_branch_operator to 2022-10-03T00:00:00+00:00, run_after=2022-10-04T00:00:00+00:00
[2022-10-04T03:11:36.229+0000] {processor.py:178} INFO - Processing /usr/local/lib/python3.10/dist-packages/airflow/example_dags/example_branch_operator.py took 0.114 seconds
[2022-10-04T03:12:15.889+0000] {processor.py:156} INFO - Started process (PID=7882) to work on /usr/local/lib/python3.10/dist-packages/airflow/example_dags/example_branch_operator.py
[2022-10-04T03:12:15.891+0000] {processor.py:758} INFO - Processing file /usr/local/lib/python3.10/dist-packages/airflow/example_dags/example_branch_operator.py for tasks to queue
[2022-10-04T03:12:15.891+0000] {logging_mixin.py:117} INFO - [2022-10-04T03:12:15.891+0000] {dagbag.py:525} INFO - Filling up the DagBag from /usr/local/lib/python3.10/dist-packages/airflow/example_dags/example_branch_operator.py
[2022-10-04T03:12:15.908+0000] {processor.py:768} INFO - DAG(s) dict_keys(['example_branch_operator']) retrieved from /usr/local/lib/python3.10/dist-packages/airflow/example_dags/example_branch_operator.py
[2022-10-04T03:12:15.935+0000] {logging_mixin.py:117} INFO - [2022-10-04T03:12:15.935+0000] {dag.py:2573} INFO - Sync 1 DAGs
[2022-10-04T03:12:15.959+0000] {logging_mixin.py:117} INFO - [2022-10-04T03:12:15.959+0000] {dag.py:3324} INFO - Setting next_dagrun for example_branch_operator to 2022-10-03T00:00:00+00:00, run_after=2022-10-04T00:00:00+00:00
[2022-10-04T03:12:15.979+0000] {processor.py:178} INFO - Processing /usr/local/lib/python3.10/dist-packages/airflow/example_dags/example_branch_operator.py took 0.095 seconds
[2022-10-04T03:12:53.588+0000] {processor.py:156} INFO - Started process (PID=7919) to work on /usr/local/lib/python3.10/dist-packages/airflow/example_dags/example_branch_operator.py
[2022-10-04T03:12:53.589+0000] {processor.py:758} INFO - Processing file /usr/local/lib/python3.10/dist-packages/airflow/example_dags/example_branch_operator.py for tasks to queue
[2022-10-04T03:12:53.590+0000] {logging_mixin.py:117} INFO - [2022-10-04T03:12:53.590+0000] {dagbag.py:525} INFO - Filling up the DagBag from /usr/local/lib/python3.10/dist-packages/airflow/example_dags/example_branch_operator.py
[2022-10-04T03:12:53.606+0000] {processor.py:768} INFO - DAG(s) dict_keys(['example_branch_operator']) retrieved from /usr/local/lib/python3.10/dist-packages/airflow/example_dags/example_branch_operator.py
[2022-10-04T03:12:53.628+0000] {logging_mixin.py:117} INFO - [2022-10-04T03:12:53.628+0000] {dag.py:2573} INFO - Sync 1 DAGs
[2022-10-04T03:12:53.648+0000] {logging_mixin.py:117} INFO - [2022-10-04T03:12:53.647+0000] {dag.py:3324} INFO - Setting next_dagrun for example_branch_operator to 2022-10-03T00:00:00+00:00, run_after=2022-10-04T00:00:00+00:00
[2022-10-04T03:12:53.674+0000] {processor.py:178} INFO - Processing /usr/local/lib/python3.10/dist-packages/airflow/example_dags/example_branch_operator.py took 0.088 seconds
[2022-10-04T03:13:33.769+0000] {processor.py:156} INFO - Started process (PID=7959) to work on /usr/local/lib/python3.10/dist-packages/airflow/example_dags/example_branch_operator.py
[2022-10-04T03:13:33.774+0000] {processor.py:758} INFO - Processing file /usr/local/lib/python3.10/dist-packages/airflow/example_dags/example_branch_operator.py for tasks to queue
[2022-10-04T03:13:33.775+0000] {logging_mixin.py:117} INFO - [2022-10-04T03:13:33.775+0000] {dagbag.py:525} INFO - Filling up the DagBag from /usr/local/lib/python3.10/dist-packages/airflow/example_dags/example_branch_operator.py
[2022-10-04T03:13:33.797+0000] {processor.py:768} INFO - DAG(s) dict_keys(['example_branch_operator']) retrieved from /usr/local/lib/python3.10/dist-packages/airflow/example_dags/example_branch_operator.py
[2022-10-04T03:13:33.821+0000] {logging_mixin.py:117} INFO - [2022-10-04T03:13:33.821+0000] {dag.py:2573} INFO - Sync 1 DAGs
[2022-10-04T03:13:33.840+0000] {logging_mixin.py:117} INFO - [2022-10-04T03:13:33.840+0000] {dag.py:3324} INFO - Setting next_dagrun for example_branch_operator to 2022-10-03T00:00:00+00:00, run_after=2022-10-04T00:00:00+00:00
[2022-10-04T03:13:33.863+0000] {processor.py:178} INFO - Processing /usr/local/lib/python3.10/dist-packages/airflow/example_dags/example_branch_operator.py took 0.098 seconds
[2022-10-04T03:14:15.334+0000] {processor.py:156} INFO - Started process (PID=7999) to work on /usr/local/lib/python3.10/dist-packages/airflow/example_dags/example_branch_operator.py
[2022-10-04T03:14:15.335+0000] {processor.py:758} INFO - Processing file /usr/local/lib/python3.10/dist-packages/airflow/example_dags/example_branch_operator.py for tasks to queue
[2022-10-04T03:14:15.336+0000] {logging_mixin.py:117} INFO - [2022-10-04T03:14:15.336+0000] {dagbag.py:525} INFO - Filling up the DagBag from /usr/local/lib/python3.10/dist-packages/airflow/example_dags/example_branch_operator.py
[2022-10-04T03:14:15.352+0000] {processor.py:768} INFO - DAG(s) dict_keys(['example_branch_operator']) retrieved from /usr/local/lib/python3.10/dist-packages/airflow/example_dags/example_branch_operator.py
[2022-10-04T03:14:15.376+0000] {logging_mixin.py:117} INFO - [2022-10-04T03:14:15.376+0000] {dag.py:2573} INFO - Sync 1 DAGs
[2022-10-04T03:14:15.398+0000] {logging_mixin.py:117} INFO - [2022-10-04T03:14:15.398+0000] {dag.py:3324} INFO - Setting next_dagrun for example_branch_operator to 2022-10-03T00:00:00+00:00, run_after=2022-10-04T00:00:00+00:00
[2022-10-04T03:14:15.419+0000] {processor.py:178} INFO - Processing /usr/local/lib/python3.10/dist-packages/airflow/example_dags/example_branch_operator.py took 0.088 seconds
[2022-10-04T03:14:59.218+0000] {processor.py:156} INFO - Started process (PID=8045) to work on /usr/local/lib/python3.10/dist-packages/airflow/example_dags/example_branch_operator.py
[2022-10-04T03:14:59.219+0000] {processor.py:758} INFO - Processing file /usr/local/lib/python3.10/dist-packages/airflow/example_dags/example_branch_operator.py for tasks to queue
[2022-10-04T03:14:59.220+0000] {logging_mixin.py:117} INFO - [2022-10-04T03:14:59.220+0000] {dagbag.py:525} INFO - Filling up the DagBag from /usr/local/lib/python3.10/dist-packages/airflow/example_dags/example_branch_operator.py
[2022-10-04T03:14:59.236+0000] {processor.py:768} INFO - DAG(s) dict_keys(['example_branch_operator']) retrieved from /usr/local/lib/python3.10/dist-packages/airflow/example_dags/example_branch_operator.py
[2022-10-04T03:14:59.259+0000] {logging_mixin.py:117} INFO - [2022-10-04T03:14:59.259+0000] {dag.py:2573} INFO - Sync 1 DAGs
[2022-10-04T03:14:59.277+0000] {logging_mixin.py:117} INFO - [2022-10-04T03:14:59.277+0000] {dag.py:3324} INFO - Setting next_dagrun for example_branch_operator to 2022-10-03T00:00:00+00:00, run_after=2022-10-04T00:00:00+00:00
[2022-10-04T03:14:59.297+0000] {processor.py:178} INFO - Processing /usr/local/lib/python3.10/dist-packages/airflow/example_dags/example_branch_operator.py took 0.083 seconds
[2022-10-04T03:15:44.029+0000] {processor.py:156} INFO - Started process (PID=8090) to work on /usr/local/lib/python3.10/dist-packages/airflow/example_dags/example_branch_operator.py
[2022-10-04T03:15:44.030+0000] {processor.py:758} INFO - Processing file /usr/local/lib/python3.10/dist-packages/airflow/example_dags/example_branch_operator.py for tasks to queue
[2022-10-04T03:15:44.030+0000] {logging_mixin.py:117} INFO - [2022-10-04T03:15:44.030+0000] {dagbag.py:525} INFO - Filling up the DagBag from /usr/local/lib/python3.10/dist-packages/airflow/example_dags/example_branch_operator.py
[2022-10-04T03:15:44.046+0000] {processor.py:768} INFO - DAG(s) dict_keys(['example_branch_operator']) retrieved from /usr/local/lib/python3.10/dist-packages/airflow/example_dags/example_branch_operator.py
[2022-10-04T03:15:44.068+0000] {logging_mixin.py:117} INFO - [2022-10-04T03:15:44.067+0000] {dag.py:2573} INFO - Sync 1 DAGs
[2022-10-04T03:15:44.085+0000] {logging_mixin.py:117} INFO - [2022-10-04T03:15:44.085+0000] {dag.py:3324} INFO - Setting next_dagrun for example_branch_operator to 2022-10-03T00:00:00+00:00, run_after=2022-10-04T00:00:00+00:00
[2022-10-04T03:15:44.107+0000] {processor.py:178} INFO - Processing /usr/local/lib/python3.10/dist-packages/airflow/example_dags/example_branch_operator.py took 0.081 seconds
[2022-10-04T03:16:33.920+0000] {processor.py:156} INFO - Started process (PID=8224) to work on /usr/local/lib/python3.10/dist-packages/airflow/example_dags/example_branch_operator.py
[2022-10-04T03:16:33.922+0000] {processor.py:758} INFO - Processing file /usr/local/lib/python3.10/dist-packages/airflow/example_dags/example_branch_operator.py for tasks to queue
[2022-10-04T03:16:33.922+0000] {logging_mixin.py:117} INFO - [2022-10-04T03:16:33.922+0000] {dagbag.py:525} INFO - Filling up the DagBag from /usr/local/lib/python3.10/dist-packages/airflow/example_dags/example_branch_operator.py
[2022-10-04T03:16:33.938+0000] {processor.py:768} INFO - DAG(s) dict_keys(['example_branch_operator']) retrieved from /usr/local/lib/python3.10/dist-packages/airflow/example_dags/example_branch_operator.py
[2022-10-04T03:16:33.960+0000] {logging_mixin.py:117} INFO - [2022-10-04T03:16:33.960+0000] {dag.py:2573} INFO - Sync 1 DAGs
[2022-10-04T03:16:33.979+0000] {logging_mixin.py:117} INFO - [2022-10-04T03:16:33.979+0000] {dag.py:3324} INFO - Setting next_dagrun for example_branch_operator to 2022-10-03T00:00:00+00:00, run_after=2022-10-04T00:00:00+00:00
[2022-10-04T03:16:34.130+0000] {processor.py:178} INFO - Processing /usr/local/lib/python3.10/dist-packages/airflow/example_dags/example_branch_operator.py took 0.212 seconds
[2022-10-04T03:17:29.005+0000] {processor.py:156} INFO - Started process (PID=8607) to work on /usr/local/lib/python3.10/dist-packages/airflow/example_dags/example_branch_operator.py
[2022-10-04T03:17:29.006+0000] {processor.py:758} INFO - Processing file /usr/local/lib/python3.10/dist-packages/airflow/example_dags/example_branch_operator.py for tasks to queue
[2022-10-04T03:17:29.007+0000] {logging_mixin.py:117} INFO - [2022-10-04T03:17:29.006+0000] {dagbag.py:525} INFO - Filling up the DagBag from /usr/local/lib/python3.10/dist-packages/airflow/example_dags/example_branch_operator.py
[2022-10-04T03:17:29.023+0000] {processor.py:768} INFO - DAG(s) dict_keys(['example_branch_operator']) retrieved from /usr/local/lib/python3.10/dist-packages/airflow/example_dags/example_branch_operator.py
[2022-10-04T03:17:29.047+0000] {logging_mixin.py:117} INFO - [2022-10-04T03:17:29.047+0000] {dag.py:2573} INFO - Sync 1 DAGs
[2022-10-04T03:17:29.213+0000] {logging_mixin.py:117} INFO - [2022-10-04T03:17:29.213+0000] {dag.py:3324} INFO - Setting next_dagrun for example_branch_operator to 2022-10-03T00:00:00+00:00, run_after=2022-10-04T00:00:00+00:00
[2022-10-04T03:17:29.236+0000] {processor.py:178} INFO - Processing /usr/local/lib/python3.10/dist-packages/airflow/example_dags/example_branch_operator.py took 0.234 seconds
[2022-10-04T03:19:06.583+0000] {processor.py:156} INFO - Started process (PID=8711) to work on /usr/local/lib/python3.10/dist-packages/airflow/example_dags/example_branch_operator.py
[2022-10-04T03:19:06.585+0000] {processor.py:758} INFO - Processing file /usr/local/lib/python3.10/dist-packages/airflow/example_dags/example_branch_operator.py for tasks to queue
[2022-10-04T03:19:06.586+0000] {logging_mixin.py:117} INFO - [2022-10-04T03:19:06.586+0000] {dagbag.py:525} INFO - Filling up the DagBag from /usr/local/lib/python3.10/dist-packages/airflow/example_dags/example_branch_operator.py
[2022-10-04T03:19:06.611+0000] {processor.py:768} INFO - DAG(s) dict_keys(['example_branch_operator']) retrieved from /usr/local/lib/python3.10/dist-packages/airflow/example_dags/example_branch_operator.py
[2022-10-04T03:19:06.647+0000] {logging_mixin.py:117} INFO - [2022-10-04T03:19:06.646+0000] {dag.py:2573} INFO - Sync 1 DAGs
[2022-10-04T03:19:06.677+0000] {logging_mixin.py:117} INFO - [2022-10-04T03:19:06.677+0000] {dag.py:3324} INFO - Setting next_dagrun for example_branch_operator to 2022-10-03T00:00:00+00:00, run_after=2022-10-04T00:00:00+00:00
[2022-10-04T03:19:06.708+0000] {processor.py:178} INFO - Processing /usr/local/lib/python3.10/dist-packages/airflow/example_dags/example_branch_operator.py took 0.127 seconds
[2022-10-04T03:19:45.050+0000] {processor.py:156} INFO - Started process (PID=8752) to work on /usr/local/lib/python3.10/dist-packages/airflow/example_dags/example_branch_operator.py
[2022-10-04T03:19:45.051+0000] {processor.py:758} INFO - Processing file /usr/local/lib/python3.10/dist-packages/airflow/example_dags/example_branch_operator.py for tasks to queue
[2022-10-04T03:19:45.052+0000] {logging_mixin.py:117} INFO - [2022-10-04T03:19:45.052+0000] {dagbag.py:525} INFO - Filling up the DagBag from /usr/local/lib/python3.10/dist-packages/airflow/example_dags/example_branch_operator.py
[2022-10-04T03:19:45.070+0000] {processor.py:768} INFO - DAG(s) dict_keys(['example_branch_operator']) retrieved from /usr/local/lib/python3.10/dist-packages/airflow/example_dags/example_branch_operator.py
[2022-10-04T03:19:45.093+0000] {logging_mixin.py:117} INFO - [2022-10-04T03:19:45.093+0000] {dag.py:2573} INFO - Sync 1 DAGs
[2022-10-04T03:19:45.113+0000] {logging_mixin.py:117} INFO - [2022-10-04T03:19:45.113+0000] {dag.py:3324} INFO - Setting next_dagrun for example_branch_operator to 2022-10-03T00:00:00+00:00, run_after=2022-10-04T00:00:00+00:00
[2022-10-04T03:19:45.135+0000] {processor.py:178} INFO - Processing /usr/local/lib/python3.10/dist-packages/airflow/example_dags/example_branch_operator.py took 0.088 seconds
[2022-10-04T03:20:28.574+0000] {processor.py:156} INFO - Started process (PID=8794) to work on /usr/local/lib/python3.10/dist-packages/airflow/example_dags/example_branch_operator.py
[2022-10-04T03:20:28.575+0000] {processor.py:758} INFO - Processing file /usr/local/lib/python3.10/dist-packages/airflow/example_dags/example_branch_operator.py for tasks to queue
[2022-10-04T03:20:28.576+0000] {logging_mixin.py:117} INFO - [2022-10-04T03:20:28.576+0000] {dagbag.py:525} INFO - Filling up the DagBag from /usr/local/lib/python3.10/dist-packages/airflow/example_dags/example_branch_operator.py
[2022-10-04T03:20:28.593+0000] {processor.py:768} INFO - DAG(s) dict_keys(['example_branch_operator']) retrieved from /usr/local/lib/python3.10/dist-packages/airflow/example_dags/example_branch_operator.py
[2022-10-04T03:20:28.615+0000] {logging_mixin.py:117} INFO - [2022-10-04T03:20:28.615+0000] {dag.py:2573} INFO - Sync 1 DAGs
[2022-10-04T03:20:28.633+0000] {logging_mixin.py:117} INFO - [2022-10-04T03:20:28.633+0000] {dag.py:3324} INFO - Setting next_dagrun for example_branch_operator to 2022-10-03T00:00:00+00:00, run_after=2022-10-04T00:00:00+00:00
[2022-10-04T03:20:28.656+0000] {processor.py:178} INFO - Processing /usr/local/lib/python3.10/dist-packages/airflow/example_dags/example_branch_operator.py took 0.084 seconds
[2022-10-04T03:21:08.274+0000] {processor.py:156} INFO - Started process (PID=8834) to work on /usr/local/lib/python3.10/dist-packages/airflow/example_dags/example_branch_operator.py
[2022-10-04T03:21:08.275+0000] {processor.py:758} INFO - Processing file /usr/local/lib/python3.10/dist-packages/airflow/example_dags/example_branch_operator.py for tasks to queue
[2022-10-04T03:21:08.275+0000] {logging_mixin.py:117} INFO - [2022-10-04T03:21:08.275+0000] {dagbag.py:525} INFO - Filling up the DagBag from /usr/local/lib/python3.10/dist-packages/airflow/example_dags/example_branch_operator.py
[2022-10-04T03:21:08.291+0000] {processor.py:768} INFO - DAG(s) dict_keys(['example_branch_operator']) retrieved from /usr/local/lib/python3.10/dist-packages/airflow/example_dags/example_branch_operator.py
[2022-10-04T03:21:08.315+0000] {logging_mixin.py:117} INFO - [2022-10-04T03:21:08.315+0000] {dag.py:2573} INFO - Sync 1 DAGs
[2022-10-04T03:21:08.335+0000] {logging_mixin.py:117} INFO - [2022-10-04T03:21:08.335+0000] {dag.py:3324} INFO - Setting next_dagrun for example_branch_operator to 2022-10-03T00:00:00+00:00, run_after=2022-10-04T00:00:00+00:00
[2022-10-04T03:21:08.358+0000] {processor.py:178} INFO - Processing /usr/local/lib/python3.10/dist-packages/airflow/example_dags/example_branch_operator.py took 0.087 seconds
[2022-10-04T03:21:47.683+0000] {processor.py:156} INFO - Started process (PID=8873) to work on /usr/local/lib/python3.10/dist-packages/airflow/example_dags/example_branch_operator.py
[2022-10-04T03:21:47.684+0000] {processor.py:758} INFO - Processing file /usr/local/lib/python3.10/dist-packages/airflow/example_dags/example_branch_operator.py for tasks to queue
[2022-10-04T03:21:47.684+0000] {logging_mixin.py:117} INFO - [2022-10-04T03:21:47.684+0000] {dagbag.py:525} INFO - Filling up the DagBag from /usr/local/lib/python3.10/dist-packages/airflow/example_dags/example_branch_operator.py
[2022-10-04T03:21:47.701+0000] {processor.py:768} INFO - DAG(s) dict_keys(['example_branch_operator']) retrieved from /usr/local/lib/python3.10/dist-packages/airflow/example_dags/example_branch_operator.py
[2022-10-04T03:21:47.751+0000] {logging_mixin.py:117} INFO - [2022-10-04T03:21:47.747+0000] {dag.py:2573} INFO - Sync 1 DAGs
[2022-10-04T03:21:47.787+0000] {logging_mixin.py:117} INFO - [2022-10-04T03:21:47.787+0000] {dag.py:3324} INFO - Setting next_dagrun for example_branch_operator to 2022-10-03T00:00:00+00:00, run_after=2022-10-04T00:00:00+00:00
[2022-10-04T03:21:47.810+0000] {processor.py:178} INFO - Processing /usr/local/lib/python3.10/dist-packages/airflow/example_dags/example_branch_operator.py took 0.130 seconds
[2022-10-04T03:22:25.492+0000] {processor.py:156} INFO - Started process (PID=8913) to work on /usr/local/lib/python3.10/dist-packages/airflow/example_dags/example_branch_operator.py
[2022-10-04T03:22:25.494+0000] {processor.py:758} INFO - Processing file /usr/local/lib/python3.10/dist-packages/airflow/example_dags/example_branch_operator.py for tasks to queue
[2022-10-04T03:22:25.494+0000] {logging_mixin.py:117} INFO - [2022-10-04T03:22:25.494+0000] {dagbag.py:525} INFO - Filling up the DagBag from /usr/local/lib/python3.10/dist-packages/airflow/example_dags/example_branch_operator.py
[2022-10-04T03:22:25.511+0000] {processor.py:768} INFO - DAG(s) dict_keys(['example_branch_operator']) retrieved from /usr/local/lib/python3.10/dist-packages/airflow/example_dags/example_branch_operator.py
[2022-10-04T03:22:25.537+0000] {logging_mixin.py:117} INFO - [2022-10-04T03:22:25.537+0000] {dag.py:2573} INFO - Sync 1 DAGs
[2022-10-04T03:22:25.557+0000] {logging_mixin.py:117} INFO - [2022-10-04T03:22:25.557+0000] {dag.py:3324} INFO - Setting next_dagrun for example_branch_operator to 2022-10-03T00:00:00+00:00, run_after=2022-10-04T00:00:00+00:00
[2022-10-04T03:22:25.584+0000] {processor.py:178} INFO - Processing /usr/local/lib/python3.10/dist-packages/airflow/example_dags/example_branch_operator.py took 0.095 seconds
[2022-10-04T03:23:06.047+0000] {processor.py:156} INFO - Started process (PID=8953) to work on /usr/local/lib/python3.10/dist-packages/airflow/example_dags/example_branch_operator.py
[2022-10-04T03:23:06.048+0000] {processor.py:758} INFO - Processing file /usr/local/lib/python3.10/dist-packages/airflow/example_dags/example_branch_operator.py for tasks to queue
[2022-10-04T03:23:06.049+0000] {logging_mixin.py:117} INFO - [2022-10-04T03:23:06.049+0000] {dagbag.py:525} INFO - Filling up the DagBag from /usr/local/lib/python3.10/dist-packages/airflow/example_dags/example_branch_operator.py
[2022-10-04T03:23:06.064+0000] {processor.py:768} INFO - DAG(s) dict_keys(['example_branch_operator']) retrieved from /usr/local/lib/python3.10/dist-packages/airflow/example_dags/example_branch_operator.py
[2022-10-04T03:23:06.090+0000] {logging_mixin.py:117} INFO - [2022-10-04T03:23:06.089+0000] {dag.py:2573} INFO - Sync 1 DAGs
[2022-10-04T03:23:06.107+0000] {logging_mixin.py:117} INFO - [2022-10-04T03:23:06.107+0000] {dag.py:3324} INFO - Setting next_dagrun for example_branch_operator to 2022-10-03T00:00:00+00:00, run_after=2022-10-04T00:00:00+00:00
[2022-10-04T03:23:06.130+0000] {processor.py:178} INFO - Processing /usr/local/lib/python3.10/dist-packages/airflow/example_dags/example_branch_operator.py took 0.086 seconds
[2022-10-04T03:24:06.600+0000] {processor.py:156} INFO - Started process (PID=9021) to work on /usr/local/lib/python3.10/dist-packages/airflow/example_dags/example_branch_operator.py
[2022-10-04T03:24:06.602+0000] {processor.py:758} INFO - Processing file /usr/local/lib/python3.10/dist-packages/airflow/example_dags/example_branch_operator.py for tasks to queue
[2022-10-04T03:24:06.603+0000] {logging_mixin.py:117} INFO - [2022-10-04T03:24:06.602+0000] {dagbag.py:525} INFO - Filling up the DagBag from /usr/local/lib/python3.10/dist-packages/airflow/example_dags/example_branch_operator.py
[2022-10-04T03:24:06.628+0000] {processor.py:768} INFO - DAG(s) dict_keys(['example_branch_operator']) retrieved from /usr/local/lib/python3.10/dist-packages/airflow/example_dags/example_branch_operator.py
[2022-10-04T03:24:06.654+0000] {logging_mixin.py:117} INFO - [2022-10-04T03:24:06.654+0000] {dag.py:2573} INFO - Sync 1 DAGs
[2022-10-04T03:24:06.674+0000] {logging_mixin.py:117} INFO - [2022-10-04T03:24:06.674+0000] {dag.py:3324} INFO - Setting next_dagrun for example_branch_operator to 2022-10-03T00:00:00+00:00, run_after=2022-10-04T00:00:00+00:00
[2022-10-04T03:24:06.695+0000] {processor.py:178} INFO - Processing /usr/local/lib/python3.10/dist-packages/airflow/example_dags/example_branch_operator.py took 0.097 seconds
[2022-10-04T03:24:47.295+0000] {processor.py:156} INFO - Started process (PID=9063) to work on /usr/local/lib/python3.10/dist-packages/airflow/example_dags/example_branch_operator.py
[2022-10-04T03:24:47.297+0000] {processor.py:758} INFO - Processing file /usr/local/lib/python3.10/dist-packages/airflow/example_dags/example_branch_operator.py for tasks to queue
[2022-10-04T03:24:47.297+0000] {logging_mixin.py:117} INFO - [2022-10-04T03:24:47.297+0000] {dagbag.py:525} INFO - Filling up the DagBag from /usr/local/lib/python3.10/dist-packages/airflow/example_dags/example_branch_operator.py
[2022-10-04T03:24:47.316+0000] {processor.py:768} INFO - DAG(s) dict_keys(['example_branch_operator']) retrieved from /usr/local/lib/python3.10/dist-packages/airflow/example_dags/example_branch_operator.py
[2022-10-04T03:24:47.345+0000] {logging_mixin.py:117} INFO - [2022-10-04T03:24:47.345+0000] {dag.py:2573} INFO - Sync 1 DAGs
[2022-10-04T03:24:47.366+0000] {logging_mixin.py:117} INFO - [2022-10-04T03:24:47.365+0000] {dag.py:3324} INFO - Setting next_dagrun for example_branch_operator to 2022-10-03T00:00:00+00:00, run_after=2022-10-04T00:00:00+00:00
[2022-10-04T03:24:47.388+0000] {processor.py:178} INFO - Processing /usr/local/lib/python3.10/dist-packages/airflow/example_dags/example_branch_operator.py took 0.095 seconds
[2022-10-04T03:25:27.891+0000] {processor.py:156} INFO - Started process (PID=9105) to work on /usr/local/lib/python3.10/dist-packages/airflow/example_dags/example_branch_operator.py
[2022-10-04T03:25:27.893+0000] {processor.py:758} INFO - Processing file /usr/local/lib/python3.10/dist-packages/airflow/example_dags/example_branch_operator.py for tasks to queue
[2022-10-04T03:25:27.893+0000] {logging_mixin.py:117} INFO - [2022-10-04T03:25:27.893+0000] {dagbag.py:525} INFO - Filling up the DagBag from /usr/local/lib/python3.10/dist-packages/airflow/example_dags/example_branch_operator.py
[2022-10-04T03:25:27.911+0000] {processor.py:768} INFO - DAG(s) dict_keys(['example_branch_operator']) retrieved from /usr/local/lib/python3.10/dist-packages/airflow/example_dags/example_branch_operator.py
[2022-10-04T03:25:27.933+0000] {logging_mixin.py:117} INFO - [2022-10-04T03:25:27.933+0000] {dag.py:2573} INFO - Sync 1 DAGs
[2022-10-04T03:25:27.950+0000] {logging_mixin.py:117} INFO - [2022-10-04T03:25:27.950+0000] {dag.py:3324} INFO - Setting next_dagrun for example_branch_operator to 2022-10-03T00:00:00+00:00, run_after=2022-10-04T00:00:00+00:00
[2022-10-04T03:25:27.972+0000] {processor.py:178} INFO - Processing /usr/local/lib/python3.10/dist-packages/airflow/example_dags/example_branch_operator.py took 0.083 seconds
[2022-10-04T03:26:41.550+0000] {processor.py:156} INFO - Started process (PID=9187) to work on /usr/local/lib/python3.10/dist-packages/airflow/example_dags/example_branch_operator.py
[2022-10-04T03:26:41.552+0000] {processor.py:758} INFO - Processing file /usr/local/lib/python3.10/dist-packages/airflow/example_dags/example_branch_operator.py for tasks to queue
[2022-10-04T03:26:41.552+0000] {logging_mixin.py:117} INFO - [2022-10-04T03:26:41.552+0000] {dagbag.py:525} INFO - Filling up the DagBag from /usr/local/lib/python3.10/dist-packages/airflow/example_dags/example_branch_operator.py
[2022-10-04T03:26:41.569+0000] {processor.py:768} INFO - DAG(s) dict_keys(['example_branch_operator']) retrieved from /usr/local/lib/python3.10/dist-packages/airflow/example_dags/example_branch_operator.py
[2022-10-04T03:26:41.598+0000] {logging_mixin.py:117} INFO - [2022-10-04T03:26:41.598+0000] {dag.py:2573} INFO - Sync 1 DAGs
[2022-10-04T03:26:41.619+0000] {logging_mixin.py:117} INFO - [2022-10-04T03:26:41.619+0000] {dag.py:3324} INFO - Setting next_dagrun for example_branch_operator to 2022-10-03T00:00:00+00:00, run_after=2022-10-04T00:00:00+00:00
[2022-10-04T03:26:41.650+0000] {processor.py:178} INFO - Processing /usr/local/lib/python3.10/dist-packages/airflow/example_dags/example_branch_operator.py took 0.102 seconds
[2022-10-04T03:30:47.754+0000] {processor.py:156} INFO - Started process (PID=9284) to work on /usr/local/lib/python3.10/dist-packages/airflow/example_dags/example_branch_operator.py
[2022-10-04T03:30:47.755+0000] {processor.py:758} INFO - Processing file /usr/local/lib/python3.10/dist-packages/airflow/example_dags/example_branch_operator.py for tasks to queue
[2022-10-04T03:30:47.756+0000] {logging_mixin.py:117} INFO - [2022-10-04T03:30:47.756+0000] {dagbag.py:525} INFO - Filling up the DagBag from /usr/local/lib/python3.10/dist-packages/airflow/example_dags/example_branch_operator.py
[2022-10-04T03:30:47.777+0000] {processor.py:768} INFO - DAG(s) dict_keys(['example_branch_operator']) retrieved from /usr/local/lib/python3.10/dist-packages/airflow/example_dags/example_branch_operator.py
[2022-10-04T03:30:47.822+0000] {logging_mixin.py:117} INFO - [2022-10-04T03:30:47.822+0000] {dag.py:2573} INFO - Sync 1 DAGs
[2022-10-04T03:30:47.843+0000] {logging_mixin.py:117} INFO - [2022-10-04T03:30:47.843+0000] {dag.py:3324} INFO - Setting next_dagrun for example_branch_operator to 2022-10-03T00:00:00+00:00, run_after=2022-10-04T00:00:00+00:00
[2022-10-04T03:30:47.868+0000] {processor.py:178} INFO - Processing /usr/local/lib/python3.10/dist-packages/airflow/example_dags/example_branch_operator.py took 0.118 seconds
[2022-10-04T03:31:26.061+0000] {processor.py:156} INFO - Started process (PID=9321) to work on /usr/local/lib/python3.10/dist-packages/airflow/example_dags/example_branch_operator.py
[2022-10-04T03:31:26.062+0000] {processor.py:758} INFO - Processing file /usr/local/lib/python3.10/dist-packages/airflow/example_dags/example_branch_operator.py for tasks to queue
[2022-10-04T03:31:26.063+0000] {logging_mixin.py:117} INFO - [2022-10-04T03:31:26.063+0000] {dagbag.py:525} INFO - Filling up the DagBag from /usr/local/lib/python3.10/dist-packages/airflow/example_dags/example_branch_operator.py
[2022-10-04T03:31:26.080+0000] {processor.py:768} INFO - DAG(s) dict_keys(['example_branch_operator']) retrieved from /usr/local/lib/python3.10/dist-packages/airflow/example_dags/example_branch_operator.py
[2022-10-04T03:31:26.117+0000] {logging_mixin.py:117} INFO - [2022-10-04T03:31:26.117+0000] {dag.py:2573} INFO - Sync 1 DAGs
[2022-10-04T03:31:26.140+0000] {logging_mixin.py:117} INFO - [2022-10-04T03:31:26.140+0000] {dag.py:3324} INFO - Setting next_dagrun for example_branch_operator to 2022-10-03T00:00:00+00:00, run_after=2022-10-04T00:00:00+00:00
[2022-10-04T03:31:26.163+0000] {processor.py:178} INFO - Processing /usr/local/lib/python3.10/dist-packages/airflow/example_dags/example_branch_operator.py took 0.105 seconds
[2022-10-04T03:32:09.294+0000] {processor.py:156} INFO - Started process (PID=9382) to work on /usr/local/lib/python3.10/dist-packages/airflow/example_dags/example_branch_operator.py
[2022-10-04T03:32:09.295+0000] {processor.py:758} INFO - Processing file /usr/local/lib/python3.10/dist-packages/airflow/example_dags/example_branch_operator.py for tasks to queue
[2022-10-04T03:32:09.295+0000] {logging_mixin.py:117} INFO - [2022-10-04T03:32:09.295+0000] {dagbag.py:525} INFO - Filling up the DagBag from /usr/local/lib/python3.10/dist-packages/airflow/example_dags/example_branch_operator.py
[2022-10-04T03:32:09.311+0000] {processor.py:768} INFO - DAG(s) dict_keys(['example_branch_operator']) retrieved from /usr/local/lib/python3.10/dist-packages/airflow/example_dags/example_branch_operator.py
[2022-10-04T03:32:09.338+0000] {logging_mixin.py:117} INFO - [2022-10-04T03:32:09.338+0000] {dag.py:2573} INFO - Sync 1 DAGs
[2022-10-04T03:32:09.358+0000] {logging_mixin.py:117} INFO - [2022-10-04T03:32:09.358+0000] {dag.py:3324} INFO - Setting next_dagrun for example_branch_operator to 2022-10-03T00:00:00+00:00, run_after=2022-10-04T00:00:00+00:00
[2022-10-04T03:32:09.380+0000] {processor.py:178} INFO - Processing /usr/local/lib/python3.10/dist-packages/airflow/example_dags/example_branch_operator.py took 0.089 seconds
[2022-10-04T03:32:46.574+0000] {processor.py:156} INFO - Started process (PID=9421) to work on /usr/local/lib/python3.10/dist-packages/airflow/example_dags/example_branch_operator.py
[2022-10-04T03:32:46.576+0000] {processor.py:758} INFO - Processing file /usr/local/lib/python3.10/dist-packages/airflow/example_dags/example_branch_operator.py for tasks to queue
[2022-10-04T03:32:46.576+0000] {logging_mixin.py:117} INFO - [2022-10-04T03:32:46.576+0000] {dagbag.py:525} INFO - Filling up the DagBag from /usr/local/lib/python3.10/dist-packages/airflow/example_dags/example_branch_operator.py
[2022-10-04T03:32:46.594+0000] {processor.py:768} INFO - DAG(s) dict_keys(['example_branch_operator']) retrieved from /usr/local/lib/python3.10/dist-packages/airflow/example_dags/example_branch_operator.py
[2022-10-04T03:32:46.620+0000] {logging_mixin.py:117} INFO - [2022-10-04T03:32:46.620+0000] {dag.py:2573} INFO - Sync 1 DAGs
[2022-10-04T03:32:46.640+0000] {logging_mixin.py:117} INFO - [2022-10-04T03:32:46.639+0000] {dag.py:3324} INFO - Setting next_dagrun for example_branch_operator to 2022-10-03T00:00:00+00:00, run_after=2022-10-04T00:00:00+00:00
[2022-10-04T03:32:46.663+0000] {processor.py:178} INFO - Processing /usr/local/lib/python3.10/dist-packages/airflow/example_dags/example_branch_operator.py took 0.091 seconds
[2022-10-04T03:33:29.419+0000] {processor.py:156} INFO - Started process (PID=9464) to work on /usr/local/lib/python3.10/dist-packages/airflow/example_dags/example_branch_operator.py
[2022-10-04T03:33:29.420+0000] {processor.py:758} INFO - Processing file /usr/local/lib/python3.10/dist-packages/airflow/example_dags/example_branch_operator.py for tasks to queue
[2022-10-04T03:33:29.421+0000] {logging_mixin.py:117} INFO - [2022-10-04T03:33:29.421+0000] {dagbag.py:525} INFO - Filling up the DagBag from /usr/local/lib/python3.10/dist-packages/airflow/example_dags/example_branch_operator.py
[2022-10-04T03:33:29.438+0000] {processor.py:768} INFO - DAG(s) dict_keys(['example_branch_operator']) retrieved from /usr/local/lib/python3.10/dist-packages/airflow/example_dags/example_branch_operator.py
[2022-10-04T03:33:29.462+0000] {logging_mixin.py:117} INFO - [2022-10-04T03:33:29.462+0000] {dag.py:2573} INFO - Sync 1 DAGs
[2022-10-04T03:33:29.481+0000] {logging_mixin.py:117} INFO - [2022-10-04T03:33:29.481+0000] {dag.py:3324} INFO - Setting next_dagrun for example_branch_operator to 2022-10-03T00:00:00+00:00, run_after=2022-10-04T00:00:00+00:00
[2022-10-04T03:33:29.505+0000] {processor.py:178} INFO - Processing /usr/local/lib/python3.10/dist-packages/airflow/example_dags/example_branch_operator.py took 0.088 seconds
[2022-10-04T03:34:09.851+0000] {processor.py:156} INFO - Started process (PID=9511) to work on /usr/local/lib/python3.10/dist-packages/airflow/example_dags/example_branch_operator.py
[2022-10-04T03:34:09.852+0000] {processor.py:758} INFO - Processing file /usr/local/lib/python3.10/dist-packages/airflow/example_dags/example_branch_operator.py for tasks to queue
[2022-10-04T03:34:09.853+0000] {logging_mixin.py:117} INFO - [2022-10-04T03:34:09.853+0000] {dagbag.py:525} INFO - Filling up the DagBag from /usr/local/lib/python3.10/dist-packages/airflow/example_dags/example_branch_operator.py
[2022-10-04T03:34:09.870+0000] {processor.py:768} INFO - DAG(s) dict_keys(['example_branch_operator']) retrieved from /usr/local/lib/python3.10/dist-packages/airflow/example_dags/example_branch_operator.py
[2022-10-04T03:34:09.901+0000] {logging_mixin.py:117} INFO - [2022-10-04T03:34:09.901+0000] {dag.py:2573} INFO - Sync 1 DAGs
[2022-10-04T03:34:09.923+0000] {logging_mixin.py:117} INFO - [2022-10-04T03:34:09.923+0000] {dag.py:3324} INFO - Setting next_dagrun for example_branch_operator to 2022-10-03T00:00:00+00:00, run_after=2022-10-04T00:00:00+00:00
[2022-10-04T03:34:09.946+0000] {processor.py:178} INFO - Processing /usr/local/lib/python3.10/dist-packages/airflow/example_dags/example_branch_operator.py took 0.097 seconds
[2022-10-04T03:46:38.915+0000] {processor.py:156} INFO - Started process (PID=1000) to work on /usr/local/lib/python3.10/dist-packages/airflow/example_dags/example_branch_operator.py
[2022-10-04T03:46:38.917+0000] {processor.py:758} INFO - Processing file /usr/local/lib/python3.10/dist-packages/airflow/example_dags/example_branch_operator.py for tasks to queue
[2022-10-04T03:46:38.918+0000] {logging_mixin.py:117} INFO - [2022-10-04T03:46:38.918+0000] {dagbag.py:525} INFO - Filling up the DagBag from /usr/local/lib/python3.10/dist-packages/airflow/example_dags/example_branch_operator.py
[2022-10-04T03:46:38.933+0000] {processor.py:768} INFO - DAG(s) dict_keys(['example_branch_operator']) retrieved from /usr/local/lib/python3.10/dist-packages/airflow/example_dags/example_branch_operator.py
[2022-10-04T03:46:38.965+0000] {logging_mixin.py:117} INFO - [2022-10-04T03:46:38.965+0000] {dag.py:2573} INFO - Sync 1 DAGs
[2022-10-04T03:46:38.985+0000] {logging_mixin.py:117} INFO - [2022-10-04T03:46:38.985+0000] {dag.py:3324} INFO - Setting next_dagrun for example_branch_operator to 2022-10-03T00:00:00+00:00, run_after=2022-10-04T00:00:00+00:00
[2022-10-04T03:46:39.010+0000] {processor.py:178} INFO - Processing /usr/local/lib/python3.10/dist-packages/airflow/example_dags/example_branch_operator.py took 0.098 seconds
[2022-10-04T03:47:17.692+0000] {processor.py:156} INFO - Started process (PID=1038) to work on /usr/local/lib/python3.10/dist-packages/airflow/example_dags/example_branch_operator.py
[2022-10-04T03:47:17.693+0000] {processor.py:758} INFO - Processing file /usr/local/lib/python3.10/dist-packages/airflow/example_dags/example_branch_operator.py for tasks to queue
[2022-10-04T03:47:17.694+0000] {logging_mixin.py:117} INFO - [2022-10-04T03:47:17.693+0000] {dagbag.py:525} INFO - Filling up the DagBag from /usr/local/lib/python3.10/dist-packages/airflow/example_dags/example_branch_operator.py
[2022-10-04T03:47:17.711+0000] {processor.py:768} INFO - DAG(s) dict_keys(['example_branch_operator']) retrieved from /usr/local/lib/python3.10/dist-packages/airflow/example_dags/example_branch_operator.py
[2022-10-04T03:47:17.740+0000] {logging_mixin.py:117} INFO - [2022-10-04T03:47:17.739+0000] {dag.py:2573} INFO - Sync 1 DAGs
[2022-10-04T03:47:17.760+0000] {logging_mixin.py:117} INFO - [2022-10-04T03:47:17.760+0000] {dag.py:3324} INFO - Setting next_dagrun for example_branch_operator to 2022-10-03T00:00:00+00:00, run_after=2022-10-04T00:00:00+00:00
[2022-10-04T03:47:17.782+0000] {processor.py:178} INFO - Processing /usr/local/lib/python3.10/dist-packages/airflow/example_dags/example_branch_operator.py took 0.093 seconds
[2022-10-04T03:47:58.419+0000] {processor.py:156} INFO - Started process (PID=1146) to work on /usr/local/lib/python3.10/dist-packages/airflow/example_dags/example_branch_operator.py
[2022-10-04T03:47:58.420+0000] {processor.py:758} INFO - Processing file /usr/local/lib/python3.10/dist-packages/airflow/example_dags/example_branch_operator.py for tasks to queue
[2022-10-04T03:47:58.421+0000] {logging_mixin.py:117} INFO - [2022-10-04T03:47:58.421+0000] {dagbag.py:525} INFO - Filling up the DagBag from /usr/local/lib/python3.10/dist-packages/airflow/example_dags/example_branch_operator.py
[2022-10-04T03:47:58.438+0000] {processor.py:768} INFO - DAG(s) dict_keys(['example_branch_operator']) retrieved from /usr/local/lib/python3.10/dist-packages/airflow/example_dags/example_branch_operator.py
[2022-10-04T03:47:58.467+0000] {logging_mixin.py:117} INFO - [2022-10-04T03:47:58.467+0000] {dag.py:2573} INFO - Sync 1 DAGs
[2022-10-04T03:47:58.487+0000] {logging_mixin.py:117} INFO - [2022-10-04T03:47:58.487+0000] {dag.py:3324} INFO - Setting next_dagrun for example_branch_operator to 2022-10-03T00:00:00+00:00, run_after=2022-10-04T00:00:00+00:00
[2022-10-04T03:47:58.509+0000] {processor.py:178} INFO - Processing /usr/local/lib/python3.10/dist-packages/airflow/example_dags/example_branch_operator.py took 0.093 seconds
[2022-10-04T03:48:43.522+0000] {processor.py:156} INFO - Started process (PID=1191) to work on /usr/local/lib/python3.10/dist-packages/airflow/example_dags/example_branch_operator.py
[2022-10-04T03:48:43.523+0000] {processor.py:758} INFO - Processing file /usr/local/lib/python3.10/dist-packages/airflow/example_dags/example_branch_operator.py for tasks to queue
[2022-10-04T03:48:43.524+0000] {logging_mixin.py:117} INFO - [2022-10-04T03:48:43.524+0000] {dagbag.py:525} INFO - Filling up the DagBag from /usr/local/lib/python3.10/dist-packages/airflow/example_dags/example_branch_operator.py
[2022-10-04T03:48:43.540+0000] {processor.py:768} INFO - DAG(s) dict_keys(['example_branch_operator']) retrieved from /usr/local/lib/python3.10/dist-packages/airflow/example_dags/example_branch_operator.py
[2022-10-04T03:48:43.566+0000] {logging_mixin.py:117} INFO - [2022-10-04T03:48:43.565+0000] {dag.py:2573} INFO - Sync 1 DAGs
[2022-10-04T03:48:43.584+0000] {logging_mixin.py:117} INFO - [2022-10-04T03:48:43.583+0000] {dag.py:3324} INFO - Setting next_dagrun for example_branch_operator to 2022-10-03T00:00:00+00:00, run_after=2022-10-04T00:00:00+00:00
[2022-10-04T03:48:43.605+0000] {processor.py:178} INFO - Processing /usr/local/lib/python3.10/dist-packages/airflow/example_dags/example_branch_operator.py took 0.086 seconds
[2022-10-04T03:50:02.118+0000] {processor.py:156} INFO - Started process (PID=1274) to work on /usr/local/lib/python3.10/dist-packages/airflow/example_dags/example_branch_operator.py
[2022-10-04T03:50:02.119+0000] {processor.py:758} INFO - Processing file /usr/local/lib/python3.10/dist-packages/airflow/example_dags/example_branch_operator.py for tasks to queue
[2022-10-04T03:50:02.120+0000] {logging_mixin.py:117} INFO - [2022-10-04T03:50:02.120+0000] {dagbag.py:525} INFO - Filling up the DagBag from /usr/local/lib/python3.10/dist-packages/airflow/example_dags/example_branch_operator.py
[2022-10-04T03:50:02.155+0000] {processor.py:768} INFO - DAG(s) dict_keys(['example_branch_operator']) retrieved from /usr/local/lib/python3.10/dist-packages/airflow/example_dags/example_branch_operator.py
[2022-10-04T03:50:02.222+0000] {logging_mixin.py:117} INFO - [2022-10-04T03:50:02.221+0000] {dag.py:2573} INFO - Sync 1 DAGs
[2022-10-04T03:50:02.267+0000] {logging_mixin.py:117} INFO - [2022-10-04T03:50:02.266+0000] {dag.py:3324} INFO - Setting next_dagrun for example_branch_operator to 2022-10-03T00:00:00+00:00, run_after=2022-10-04T00:00:00+00:00
[2022-10-04T03:50:02.310+0000] {processor.py:178} INFO - Processing /usr/local/lib/python3.10/dist-packages/airflow/example_dags/example_branch_operator.py took 0.204 seconds
[2022-10-04T03:50:43.734+0000] {processor.py:156} INFO - Started process (PID=1313) to work on /usr/local/lib/python3.10/dist-packages/airflow/example_dags/example_branch_operator.py
[2022-10-04T03:50:43.735+0000] {processor.py:758} INFO - Processing file /usr/local/lib/python3.10/dist-packages/airflow/example_dags/example_branch_operator.py for tasks to queue
[2022-10-04T03:50:43.736+0000] {logging_mixin.py:117} INFO - [2022-10-04T03:50:43.736+0000] {dagbag.py:525} INFO - Filling up the DagBag from /usr/local/lib/python3.10/dist-packages/airflow/example_dags/example_branch_operator.py
[2022-10-04T03:50:43.754+0000] {processor.py:768} INFO - DAG(s) dict_keys(['example_branch_operator']) retrieved from /usr/local/lib/python3.10/dist-packages/airflow/example_dags/example_branch_operator.py
[2022-10-04T03:50:43.787+0000] {logging_mixin.py:117} INFO - [2022-10-04T03:50:43.787+0000] {dag.py:2573} INFO - Sync 1 DAGs
[2022-10-04T03:50:43.808+0000] {logging_mixin.py:117} INFO - [2022-10-04T03:50:43.808+0000] {dag.py:3324} INFO - Setting next_dagrun for example_branch_operator to 2022-10-03T00:00:00+00:00, run_after=2022-10-04T00:00:00+00:00
[2022-10-04T03:50:43.831+0000] {processor.py:178} INFO - Processing /usr/local/lib/python3.10/dist-packages/airflow/example_dags/example_branch_operator.py took 0.100 seconds
[2022-10-04T03:51:23.689+0000] {processor.py:156} INFO - Started process (PID=1356) to work on /usr/local/lib/python3.10/dist-packages/airflow/example_dags/example_branch_operator.py
[2022-10-04T03:51:23.690+0000] {processor.py:758} INFO - Processing file /usr/local/lib/python3.10/dist-packages/airflow/example_dags/example_branch_operator.py for tasks to queue
[2022-10-04T03:51:23.691+0000] {logging_mixin.py:117} INFO - [2022-10-04T03:51:23.690+0000] {dagbag.py:525} INFO - Filling up the DagBag from /usr/local/lib/python3.10/dist-packages/airflow/example_dags/example_branch_operator.py
[2022-10-04T03:51:23.708+0000] {processor.py:768} INFO - DAG(s) dict_keys(['example_branch_operator']) retrieved from /usr/local/lib/python3.10/dist-packages/airflow/example_dags/example_branch_operator.py
[2022-10-04T03:51:23.744+0000] {logging_mixin.py:117} INFO - [2022-10-04T03:51:23.743+0000] {dag.py:2573} INFO - Sync 1 DAGs
[2022-10-04T03:51:23.764+0000] {logging_mixin.py:117} INFO - [2022-10-04T03:51:23.764+0000] {dag.py:3324} INFO - Setting next_dagrun for example_branch_operator to 2022-10-03T00:00:00+00:00, run_after=2022-10-04T00:00:00+00:00
[2022-10-04T03:51:23.785+0000] {processor.py:178} INFO - Processing /usr/local/lib/python3.10/dist-packages/airflow/example_dags/example_branch_operator.py took 0.100 seconds
[2022-10-04T03:52:03.972+0000] {processor.py:156} INFO - Started process (PID=1396) to work on /usr/local/lib/python3.10/dist-packages/airflow/example_dags/example_branch_operator.py
[2022-10-04T03:52:03.973+0000] {processor.py:758} INFO - Processing file /usr/local/lib/python3.10/dist-packages/airflow/example_dags/example_branch_operator.py for tasks to queue
[2022-10-04T03:52:03.974+0000] {logging_mixin.py:117} INFO - [2022-10-04T03:52:03.974+0000] {dagbag.py:525} INFO - Filling up the DagBag from /usr/local/lib/python3.10/dist-packages/airflow/example_dags/example_branch_operator.py
[2022-10-04T03:52:04.009+0000] {processor.py:768} INFO - DAG(s) dict_keys(['example_branch_operator']) retrieved from /usr/local/lib/python3.10/dist-packages/airflow/example_dags/example_branch_operator.py
[2022-10-04T03:52:04.070+0000] {logging_mixin.py:117} INFO - [2022-10-04T03:52:04.069+0000] {dag.py:2573} INFO - Sync 1 DAGs
[2022-10-04T03:52:04.089+0000] {logging_mixin.py:117} INFO - [2022-10-04T03:52:04.089+0000] {dag.py:3324} INFO - Setting next_dagrun for example_branch_operator to 2022-10-03T00:00:00+00:00, run_after=2022-10-04T00:00:00+00:00
[2022-10-04T03:52:04.113+0000] {processor.py:178} INFO - Processing /usr/local/lib/python3.10/dist-packages/airflow/example_dags/example_branch_operator.py took 0.154 seconds
[2022-10-04T03:52:43.122+0000] {processor.py:156} INFO - Started process (PID=1433) to work on /usr/local/lib/python3.10/dist-packages/airflow/example_dags/example_branch_operator.py
[2022-10-04T03:52:43.123+0000] {processor.py:758} INFO - Processing file /usr/local/lib/python3.10/dist-packages/airflow/example_dags/example_branch_operator.py for tasks to queue
[2022-10-04T03:52:43.124+0000] {logging_mixin.py:117} INFO - [2022-10-04T03:52:43.124+0000] {dagbag.py:525} INFO - Filling up the DagBag from /usr/local/lib/python3.10/dist-packages/airflow/example_dags/example_branch_operator.py
[2022-10-04T03:52:43.142+0000] {processor.py:768} INFO - DAG(s) dict_keys(['example_branch_operator']) retrieved from /usr/local/lib/python3.10/dist-packages/airflow/example_dags/example_branch_operator.py
[2022-10-04T03:52:43.171+0000] {logging_mixin.py:117} INFO - [2022-10-04T03:52:43.171+0000] {dag.py:2573} INFO - Sync 1 DAGs
[2022-10-04T03:52:43.191+0000] {logging_mixin.py:117} INFO - [2022-10-04T03:52:43.191+0000] {dag.py:3324} INFO - Setting next_dagrun for example_branch_operator to 2022-10-03T00:00:00+00:00, run_after=2022-10-04T00:00:00+00:00
[2022-10-04T03:52:43.218+0000] {processor.py:178} INFO - Processing /usr/local/lib/python3.10/dist-packages/airflow/example_dags/example_branch_operator.py took 0.099 seconds
[2022-10-04T03:53:29.714+0000] {processor.py:156} INFO - Started process (PID=1478) to work on /usr/local/lib/python3.10/dist-packages/airflow/example_dags/example_branch_operator.py
[2022-10-04T03:53:29.716+0000] {processor.py:758} INFO - Processing file /usr/local/lib/python3.10/dist-packages/airflow/example_dags/example_branch_operator.py for tasks to queue
[2022-10-04T03:53:29.716+0000] {logging_mixin.py:117} INFO - [2022-10-04T03:53:29.716+0000] {dagbag.py:525} INFO - Filling up the DagBag from /usr/local/lib/python3.10/dist-packages/airflow/example_dags/example_branch_operator.py
[2022-10-04T03:53:29.734+0000] {processor.py:768} INFO - DAG(s) dict_keys(['example_branch_operator']) retrieved from /usr/local/lib/python3.10/dist-packages/airflow/example_dags/example_branch_operator.py
[2022-10-04T03:53:29.762+0000] {logging_mixin.py:117} INFO - [2022-10-04T03:53:29.762+0000] {dag.py:2573} INFO - Sync 1 DAGs
[2022-10-04T03:53:29.789+0000] {logging_mixin.py:117} INFO - [2022-10-04T03:53:29.789+0000] {dag.py:3324} INFO - Setting next_dagrun for example_branch_operator to 2022-10-03T00:00:00+00:00, run_after=2022-10-04T00:00:00+00:00
[2022-10-04T03:53:29.812+0000] {processor.py:178} INFO - Processing /usr/local/lib/python3.10/dist-packages/airflow/example_dags/example_branch_operator.py took 0.101 seconds
[2022-10-04T03:54:12.857+0000] {processor.py:156} INFO - Started process (PID=1541) to work on /usr/local/lib/python3.10/dist-packages/airflow/example_dags/example_branch_operator.py
[2022-10-04T03:54:12.858+0000] {processor.py:758} INFO - Processing file /usr/local/lib/python3.10/dist-packages/airflow/example_dags/example_branch_operator.py for tasks to queue
[2022-10-04T03:54:12.859+0000] {logging_mixin.py:117} INFO - [2022-10-04T03:54:12.859+0000] {dagbag.py:525} INFO - Filling up the DagBag from /usr/local/lib/python3.10/dist-packages/airflow/example_dags/example_branch_operator.py
[2022-10-04T03:54:12.877+0000] {processor.py:768} INFO - DAG(s) dict_keys(['example_branch_operator']) retrieved from /usr/local/lib/python3.10/dist-packages/airflow/example_dags/example_branch_operator.py
[2022-10-04T03:54:12.903+0000] {logging_mixin.py:117} INFO - [2022-10-04T03:54:12.903+0000] {dag.py:2573} INFO - Sync 1 DAGs
[2022-10-04T03:54:12.923+0000] {logging_mixin.py:117} INFO - [2022-10-04T03:54:12.923+0000] {dag.py:3324} INFO - Setting next_dagrun for example_branch_operator to 2022-10-03T00:00:00+00:00, run_after=2022-10-04T00:00:00+00:00
[2022-10-04T03:54:12.946+0000] {processor.py:178} INFO - Processing /usr/local/lib/python3.10/dist-packages/airflow/example_dags/example_branch_operator.py took 0.091 seconds
[2022-10-04T03:55:12.370+0000] {processor.py:156} INFO - Started process (PID=1608) to work on /usr/local/lib/python3.10/dist-packages/airflow/example_dags/example_branch_operator.py
[2022-10-04T03:55:12.371+0000] {processor.py:758} INFO - Processing file /usr/local/lib/python3.10/dist-packages/airflow/example_dags/example_branch_operator.py for tasks to queue
[2022-10-04T03:55:12.372+0000] {logging_mixin.py:117} INFO - [2022-10-04T03:55:12.372+0000] {dagbag.py:525} INFO - Filling up the DagBag from /usr/local/lib/python3.10/dist-packages/airflow/example_dags/example_branch_operator.py
[2022-10-04T03:55:12.392+0000] {processor.py:768} INFO - DAG(s) dict_keys(['example_branch_operator']) retrieved from /usr/local/lib/python3.10/dist-packages/airflow/example_dags/example_branch_operator.py
[2022-10-04T03:55:12.428+0000] {logging_mixin.py:117} INFO - [2022-10-04T03:55:12.428+0000] {dag.py:2573} INFO - Sync 1 DAGs
[2022-10-04T03:55:12.449+0000] {logging_mixin.py:117} INFO - [2022-10-04T03:55:12.449+0000] {dag.py:3324} INFO - Setting next_dagrun for example_branch_operator to 2022-10-03T00:00:00+00:00, run_after=2022-10-04T00:00:00+00:00
[2022-10-04T03:55:12.481+0000] {processor.py:178} INFO - Processing /usr/local/lib/python3.10/dist-packages/airflow/example_dags/example_branch_operator.py took 0.114 seconds
[2022-10-04T04:35:59.386+0000] {processor.py:156} INFO - Started process (PID=1804) to work on /usr/local/lib/python3.10/dist-packages/airflow/example_dags/example_branch_operator.py
[2022-10-04T04:35:59.387+0000] {processor.py:758} INFO - Processing file /usr/local/lib/python3.10/dist-packages/airflow/example_dags/example_branch_operator.py for tasks to queue
[2022-10-04T04:35:59.388+0000] {logging_mixin.py:117} INFO - [2022-10-04T04:35:59.387+0000] {dagbag.py:525} INFO - Filling up the DagBag from /usr/local/lib/python3.10/dist-packages/airflow/example_dags/example_branch_operator.py
[2022-10-04T04:35:59.404+0000] {processor.py:768} INFO - DAG(s) dict_keys(['example_branch_operator']) retrieved from /usr/local/lib/python3.10/dist-packages/airflow/example_dags/example_branch_operator.py
[2022-10-04T04:35:59.431+0000] {logging_mixin.py:117} INFO - [2022-10-04T04:35:59.430+0000] {dag.py:2573} INFO - Sync 1 DAGs
[2022-10-04T04:35:59.449+0000] {logging_mixin.py:117} INFO - [2022-10-04T04:35:59.449+0000] {dag.py:3324} INFO - Setting next_dagrun for example_branch_operator to 2022-10-03T00:00:00+00:00, run_after=2022-10-04T00:00:00+00:00
[2022-10-04T04:35:59.470+0000] {processor.py:178} INFO - Processing /usr/local/lib/python3.10/dist-packages/airflow/example_dags/example_branch_operator.py took 0.087 seconds
[2022-10-04T04:46:10.410+0000] {processor.py:156} INFO - Started process (PID=2019) to work on /usr/local/lib/python3.10/dist-packages/airflow/example_dags/example_branch_operator.py
[2022-10-04T04:46:10.411+0000] {processor.py:758} INFO - Processing file /usr/local/lib/python3.10/dist-packages/airflow/example_dags/example_branch_operator.py for tasks to queue
[2022-10-04T04:46:10.412+0000] {logging_mixin.py:117} INFO - [2022-10-04T04:46:10.412+0000] {dagbag.py:525} INFO - Filling up the DagBag from /usr/local/lib/python3.10/dist-packages/airflow/example_dags/example_branch_operator.py
[2022-10-04T04:46:10.424+0000] {processor.py:768} INFO - DAG(s) dict_keys(['example_branch_operator']) retrieved from /usr/local/lib/python3.10/dist-packages/airflow/example_dags/example_branch_operator.py
[2022-10-04T04:46:10.454+0000] {logging_mixin.py:117} INFO - [2022-10-04T04:46:10.454+0000] {dag.py:2573} INFO - Sync 1 DAGs
[2022-10-04T04:46:10.472+0000] {logging_mixin.py:117} INFO - [2022-10-04T04:46:10.472+0000] {dag.py:3324} INFO - Setting next_dagrun for example_branch_operator to 2022-10-03T00:00:00+00:00, run_after=2022-10-04T00:00:00+00:00
[2022-10-04T04:46:10.493+0000] {processor.py:178} INFO - Processing /usr/local/lib/python3.10/dist-packages/airflow/example_dags/example_branch_operator.py took 0.087 seconds
[2022-10-04T04:46:49.104+0000] {processor.py:156} INFO - Started process (PID=2056) to work on /usr/local/lib/python3.10/dist-packages/airflow/example_dags/example_branch_operator.py
[2022-10-04T04:46:49.106+0000] {processor.py:758} INFO - Processing file /usr/local/lib/python3.10/dist-packages/airflow/example_dags/example_branch_operator.py for tasks to queue
[2022-10-04T04:46:49.107+0000] {logging_mixin.py:117} INFO - [2022-10-04T04:46:49.106+0000] {dagbag.py:525} INFO - Filling up the DagBag from /usr/local/lib/python3.10/dist-packages/airflow/example_dags/example_branch_operator.py
[2022-10-04T04:46:49.121+0000] {processor.py:768} INFO - DAG(s) dict_keys(['example_branch_operator']) retrieved from /usr/local/lib/python3.10/dist-packages/airflow/example_dags/example_branch_operator.py
[2022-10-04T04:46:49.143+0000] {logging_mixin.py:117} INFO - [2022-10-04T04:46:49.143+0000] {dag.py:2573} INFO - Sync 1 DAGs
[2022-10-04T04:46:49.159+0000] {logging_mixin.py:117} INFO - [2022-10-04T04:46:49.159+0000] {dag.py:3324} INFO - Setting next_dagrun for example_branch_operator to 2022-10-03T00:00:00+00:00, run_after=2022-10-04T00:00:00+00:00
[2022-10-04T04:46:49.181+0000] {processor.py:178} INFO - Processing /usr/local/lib/python3.10/dist-packages/airflow/example_dags/example_branch_operator.py took 0.080 seconds
[2022-10-04T04:47:28.545+0000] {processor.py:156} INFO - Started process (PID=2094) to work on /usr/local/lib/python3.10/dist-packages/airflow/example_dags/example_branch_operator.py
[2022-10-04T04:47:28.546+0000] {processor.py:758} INFO - Processing file /usr/local/lib/python3.10/dist-packages/airflow/example_dags/example_branch_operator.py for tasks to queue
[2022-10-04T04:47:28.547+0000] {logging_mixin.py:117} INFO - [2022-10-04T04:47:28.547+0000] {dagbag.py:525} INFO - Filling up the DagBag from /usr/local/lib/python3.10/dist-packages/airflow/example_dags/example_branch_operator.py
[2022-10-04T04:47:28.558+0000] {processor.py:768} INFO - DAG(s) dict_keys(['example_branch_operator']) retrieved from /usr/local/lib/python3.10/dist-packages/airflow/example_dags/example_branch_operator.py
[2022-10-04T04:47:28.580+0000] {logging_mixin.py:117} INFO - [2022-10-04T04:47:28.580+0000] {dag.py:2573} INFO - Sync 1 DAGs
[2022-10-04T04:47:28.598+0000] {logging_mixin.py:117} INFO - [2022-10-04T04:47:28.598+0000] {dag.py:3324} INFO - Setting next_dagrun for example_branch_operator to 2022-10-03T00:00:00+00:00, run_after=2022-10-04T00:00:00+00:00
[2022-10-04T04:47:28.620+0000] {processor.py:178} INFO - Processing /usr/local/lib/python3.10/dist-packages/airflow/example_dags/example_branch_operator.py took 0.078 seconds
[2022-10-04T04:48:09.752+0000] {processor.py:156} INFO - Started process (PID=2136) to work on /usr/local/lib/python3.10/dist-packages/airflow/example_dags/example_branch_operator.py
[2022-10-04T04:48:09.754+0000] {processor.py:758} INFO - Processing file /usr/local/lib/python3.10/dist-packages/airflow/example_dags/example_branch_operator.py for tasks to queue
[2022-10-04T04:48:09.755+0000] {logging_mixin.py:117} INFO - [2022-10-04T04:48:09.755+0000] {dagbag.py:525} INFO - Filling up the DagBag from /usr/local/lib/python3.10/dist-packages/airflow/example_dags/example_branch_operator.py
[2022-10-04T04:48:09.767+0000] {processor.py:768} INFO - DAG(s) dict_keys(['example_branch_operator']) retrieved from /usr/local/lib/python3.10/dist-packages/airflow/example_dags/example_branch_operator.py
[2022-10-04T04:48:09.789+0000] {logging_mixin.py:117} INFO - [2022-10-04T04:48:09.789+0000] {dag.py:2573} INFO - Sync 1 DAGs
[2022-10-04T04:48:09.807+0000] {logging_mixin.py:117} INFO - [2022-10-04T04:48:09.806+0000] {dag.py:3324} INFO - Setting next_dagrun for example_branch_operator to 2022-10-03T00:00:00+00:00, run_after=2022-10-04T00:00:00+00:00
[2022-10-04T04:48:09.829+0000] {processor.py:178} INFO - Processing /usr/local/lib/python3.10/dist-packages/airflow/example_dags/example_branch_operator.py took 0.080 seconds
[2022-10-04T04:48:47.043+0000] {processor.py:156} INFO - Started process (PID=2173) to work on /usr/local/lib/python3.10/dist-packages/airflow/example_dags/example_branch_operator.py
[2022-10-04T04:48:47.044+0000] {processor.py:758} INFO - Processing file /usr/local/lib/python3.10/dist-packages/airflow/example_dags/example_branch_operator.py for tasks to queue
[2022-10-04T04:48:47.045+0000] {logging_mixin.py:117} INFO - [2022-10-04T04:48:47.045+0000] {dagbag.py:525} INFO - Filling up the DagBag from /usr/local/lib/python3.10/dist-packages/airflow/example_dags/example_branch_operator.py
[2022-10-04T04:48:47.055+0000] {processor.py:768} INFO - DAG(s) dict_keys(['example_branch_operator']) retrieved from /usr/local/lib/python3.10/dist-packages/airflow/example_dags/example_branch_operator.py
[2022-10-04T04:48:47.076+0000] {logging_mixin.py:117} INFO - [2022-10-04T04:48:47.076+0000] {dag.py:2573} INFO - Sync 1 DAGs
[2022-10-04T04:48:47.092+0000] {logging_mixin.py:117} INFO - [2022-10-04T04:48:47.092+0000] {dag.py:3324} INFO - Setting next_dagrun for example_branch_operator to 2022-10-03T00:00:00+00:00, run_after=2022-10-04T00:00:00+00:00
[2022-10-04T04:48:47.116+0000] {processor.py:178} INFO - Processing /usr/local/lib/python3.10/dist-packages/airflow/example_dags/example_branch_operator.py took 0.076 seconds
[2022-10-04T04:49:25.810+0000] {processor.py:156} INFO - Started process (PID=2211) to work on /usr/local/lib/python3.10/dist-packages/airflow/example_dags/example_branch_operator.py
[2022-10-04T04:49:25.812+0000] {processor.py:758} INFO - Processing file /usr/local/lib/python3.10/dist-packages/airflow/example_dags/example_branch_operator.py for tasks to queue
[2022-10-04T04:49:25.812+0000] {logging_mixin.py:117} INFO - [2022-10-04T04:49:25.812+0000] {dagbag.py:525} INFO - Filling up the DagBag from /usr/local/lib/python3.10/dist-packages/airflow/example_dags/example_branch_operator.py
[2022-10-04T04:49:25.824+0000] {processor.py:768} INFO - DAG(s) dict_keys(['example_branch_operator']) retrieved from /usr/local/lib/python3.10/dist-packages/airflow/example_dags/example_branch_operator.py
[2022-10-04T04:49:25.847+0000] {logging_mixin.py:117} INFO - [2022-10-04T04:49:25.847+0000] {dag.py:2573} INFO - Sync 1 DAGs
[2022-10-04T04:49:25.868+0000] {logging_mixin.py:117} INFO - [2022-10-04T04:49:25.867+0000] {dag.py:3324} INFO - Setting next_dagrun for example_branch_operator to 2022-10-03T00:00:00+00:00, run_after=2022-10-04T00:00:00+00:00
[2022-10-04T04:49:25.889+0000] {processor.py:178} INFO - Processing /usr/local/lib/python3.10/dist-packages/airflow/example_dags/example_branch_operator.py took 0.082 seconds
[2022-10-04T04:50:07.174+0000] {processor.py:156} INFO - Started process (PID=2253) to work on /usr/local/lib/python3.10/dist-packages/airflow/example_dags/example_branch_operator.py
[2022-10-04T04:50:07.175+0000] {processor.py:758} INFO - Processing file /usr/local/lib/python3.10/dist-packages/airflow/example_dags/example_branch_operator.py for tasks to queue
[2022-10-04T04:50:07.176+0000] {logging_mixin.py:117} INFO - [2022-10-04T04:50:07.175+0000] {dagbag.py:525} INFO - Filling up the DagBag from /usr/local/lib/python3.10/dist-packages/airflow/example_dags/example_branch_operator.py
[2022-10-04T04:50:07.188+0000] {processor.py:768} INFO - DAG(s) dict_keys(['example_branch_operator']) retrieved from /usr/local/lib/python3.10/dist-packages/airflow/example_dags/example_branch_operator.py
[2022-10-04T04:50:07.212+0000] {logging_mixin.py:117} INFO - [2022-10-04T04:50:07.212+0000] {dag.py:2573} INFO - Sync 1 DAGs
[2022-10-04T04:50:07.232+0000] {logging_mixin.py:117} INFO - [2022-10-04T04:50:07.231+0000] {dag.py:3324} INFO - Setting next_dagrun for example_branch_operator to 2022-10-03T00:00:00+00:00, run_after=2022-10-04T00:00:00+00:00
[2022-10-04T04:50:07.259+0000] {processor.py:178} INFO - Processing /usr/local/lib/python3.10/dist-packages/airflow/example_dags/example_branch_operator.py took 0.088 seconds
[2022-10-04T04:50:47.708+0000] {processor.py:156} INFO - Started process (PID=2294) to work on /usr/local/lib/python3.10/dist-packages/airflow/example_dags/example_branch_operator.py
[2022-10-04T04:50:47.710+0000] {processor.py:758} INFO - Processing file /usr/local/lib/python3.10/dist-packages/airflow/example_dags/example_branch_operator.py for tasks to queue
[2022-10-04T04:50:47.710+0000] {logging_mixin.py:117} INFO - [2022-10-04T04:50:47.710+0000] {dagbag.py:525} INFO - Filling up the DagBag from /usr/local/lib/python3.10/dist-packages/airflow/example_dags/example_branch_operator.py
[2022-10-04T04:50:47.721+0000] {processor.py:768} INFO - DAG(s) dict_keys(['example_branch_operator']) retrieved from /usr/local/lib/python3.10/dist-packages/airflow/example_dags/example_branch_operator.py
[2022-10-04T04:50:47.744+0000] {logging_mixin.py:117} INFO - [2022-10-04T04:50:47.743+0000] {dag.py:2573} INFO - Sync 1 DAGs
[2022-10-04T04:50:47.761+0000] {logging_mixin.py:117} INFO - [2022-10-04T04:50:47.760+0000] {dag.py:3324} INFO - Setting next_dagrun for example_branch_operator to 2022-10-03T00:00:00+00:00, run_after=2022-10-04T00:00:00+00:00
[2022-10-04T04:50:47.783+0000] {processor.py:178} INFO - Processing /usr/local/lib/python3.10/dist-packages/airflow/example_dags/example_branch_operator.py took 0.077 seconds
[2022-10-04T04:51:26.124+0000] {processor.py:156} INFO - Started process (PID=2333) to work on /usr/local/lib/python3.10/dist-packages/airflow/example_dags/example_branch_operator.py
[2022-10-04T04:51:26.126+0000] {processor.py:758} INFO - Processing file /usr/local/lib/python3.10/dist-packages/airflow/example_dags/example_branch_operator.py for tasks to queue
[2022-10-04T04:51:26.126+0000] {logging_mixin.py:117} INFO - [2022-10-04T04:51:26.126+0000] {dagbag.py:525} INFO - Filling up the DagBag from /usr/local/lib/python3.10/dist-packages/airflow/example_dags/example_branch_operator.py
[2022-10-04T04:51:26.138+0000] {processor.py:768} INFO - DAG(s) dict_keys(['example_branch_operator']) retrieved from /usr/local/lib/python3.10/dist-packages/airflow/example_dags/example_branch_operator.py
[2022-10-04T04:51:26.161+0000] {logging_mixin.py:117} INFO - [2022-10-04T04:51:26.161+0000] {dag.py:2573} INFO - Sync 1 DAGs
[2022-10-04T04:51:26.179+0000] {logging_mixin.py:117} INFO - [2022-10-04T04:51:26.179+0000] {dag.py:3324} INFO - Setting next_dagrun for example_branch_operator to 2022-10-03T00:00:00+00:00, run_after=2022-10-04T00:00:00+00:00
[2022-10-04T04:51:26.200+0000] {processor.py:178} INFO - Processing /usr/local/lib/python3.10/dist-packages/airflow/example_dags/example_branch_operator.py took 0.081 seconds
[2022-10-04T04:52:09.262+0000] {processor.py:156} INFO - Started process (PID=2376) to work on /usr/local/lib/python3.10/dist-packages/airflow/example_dags/example_branch_operator.py
[2022-10-04T04:52:09.263+0000] {processor.py:758} INFO - Processing file /usr/local/lib/python3.10/dist-packages/airflow/example_dags/example_branch_operator.py for tasks to queue
[2022-10-04T04:52:09.263+0000] {logging_mixin.py:117} INFO - [2022-10-04T04:52:09.263+0000] {dagbag.py:525} INFO - Filling up the DagBag from /usr/local/lib/python3.10/dist-packages/airflow/example_dags/example_branch_operator.py
[2022-10-04T04:52:09.275+0000] {processor.py:768} INFO - DAG(s) dict_keys(['example_branch_operator']) retrieved from /usr/local/lib/python3.10/dist-packages/airflow/example_dags/example_branch_operator.py
[2022-10-04T04:52:09.301+0000] {logging_mixin.py:117} INFO - [2022-10-04T04:52:09.301+0000] {dag.py:2573} INFO - Sync 1 DAGs
[2022-10-04T04:52:09.320+0000] {logging_mixin.py:117} INFO - [2022-10-04T04:52:09.320+0000] {dag.py:3324} INFO - Setting next_dagrun for example_branch_operator to 2022-10-03T00:00:00+00:00, run_after=2022-10-04T00:00:00+00:00
[2022-10-04T04:52:09.344+0000] {processor.py:178} INFO - Processing /usr/local/lib/python3.10/dist-packages/airflow/example_dags/example_branch_operator.py took 0.090 seconds
[2022-10-04T04:52:51.007+0000] {processor.py:156} INFO - Started process (PID=2416) to work on /usr/local/lib/python3.10/dist-packages/airflow/example_dags/example_branch_operator.py
[2022-10-04T04:52:51.008+0000] {processor.py:758} INFO - Processing file /usr/local/lib/python3.10/dist-packages/airflow/example_dags/example_branch_operator.py for tasks to queue
[2022-10-04T04:52:51.009+0000] {logging_mixin.py:117} INFO - [2022-10-04T04:52:51.009+0000] {dagbag.py:525} INFO - Filling up the DagBag from /usr/local/lib/python3.10/dist-packages/airflow/example_dags/example_branch_operator.py
[2022-10-04T04:52:51.021+0000] {processor.py:768} INFO - DAG(s) dict_keys(['example_branch_operator']) retrieved from /usr/local/lib/python3.10/dist-packages/airflow/example_dags/example_branch_operator.py
[2022-10-04T04:52:51.051+0000] {logging_mixin.py:117} INFO - [2022-10-04T04:52:51.051+0000] {dag.py:2573} INFO - Sync 1 DAGs
[2022-10-04T04:52:51.070+0000] {logging_mixin.py:117} INFO - [2022-10-04T04:52:51.070+0000] {dag.py:3324} INFO - Setting next_dagrun for example_branch_operator to 2022-10-03T00:00:00+00:00, run_after=2022-10-04T00:00:00+00:00
[2022-10-04T04:52:51.092+0000] {processor.py:178} INFO - Processing /usr/local/lib/python3.10/dist-packages/airflow/example_dags/example_branch_operator.py took 0.088 seconds
[2022-10-04T04:53:30.104+0000] {processor.py:156} INFO - Started process (PID=2454) to work on /usr/local/lib/python3.10/dist-packages/airflow/example_dags/example_branch_operator.py
[2022-10-04T04:53:30.105+0000] {processor.py:758} INFO - Processing file /usr/local/lib/python3.10/dist-packages/airflow/example_dags/example_branch_operator.py for tasks to queue
[2022-10-04T04:53:30.106+0000] {logging_mixin.py:117} INFO - [2022-10-04T04:53:30.105+0000] {dagbag.py:525} INFO - Filling up the DagBag from /usr/local/lib/python3.10/dist-packages/airflow/example_dags/example_branch_operator.py
[2022-10-04T04:53:30.116+0000] {processor.py:768} INFO - DAG(s) dict_keys(['example_branch_operator']) retrieved from /usr/local/lib/python3.10/dist-packages/airflow/example_dags/example_branch_operator.py
[2022-10-04T04:53:30.138+0000] {logging_mixin.py:117} INFO - [2022-10-04T04:53:30.138+0000] {dag.py:2573} INFO - Sync 1 DAGs
[2022-10-04T04:53:30.156+0000] {logging_mixin.py:117} INFO - [2022-10-04T04:53:30.156+0000] {dag.py:3324} INFO - Setting next_dagrun for example_branch_operator to 2022-10-03T00:00:00+00:00, run_after=2022-10-04T00:00:00+00:00
[2022-10-04T04:53:30.176+0000] {processor.py:178} INFO - Processing /usr/local/lib/python3.10/dist-packages/airflow/example_dags/example_branch_operator.py took 0.076 seconds
[2022-10-04T04:54:07.799+0000] {processor.py:156} INFO - Started process (PID=2494) to work on /usr/local/lib/python3.10/dist-packages/airflow/example_dags/example_branch_operator.py
[2022-10-04T04:54:07.801+0000] {processor.py:758} INFO - Processing file /usr/local/lib/python3.10/dist-packages/airflow/example_dags/example_branch_operator.py for tasks to queue
[2022-10-04T04:54:07.801+0000] {logging_mixin.py:117} INFO - [2022-10-04T04:54:07.801+0000] {dagbag.py:525} INFO - Filling up the DagBag from /usr/local/lib/python3.10/dist-packages/airflow/example_dags/example_branch_operator.py
[2022-10-04T04:54:07.812+0000] {processor.py:768} INFO - DAG(s) dict_keys(['example_branch_operator']) retrieved from /usr/local/lib/python3.10/dist-packages/airflow/example_dags/example_branch_operator.py
[2022-10-04T04:54:07.837+0000] {logging_mixin.py:117} INFO - [2022-10-04T04:54:07.836+0000] {dag.py:2573} INFO - Sync 1 DAGs
[2022-10-04T04:54:07.861+0000] {logging_mixin.py:117} INFO - [2022-10-04T04:54:07.861+0000] {dag.py:3324} INFO - Setting next_dagrun for example_branch_operator to 2022-10-03T00:00:00+00:00, run_after=2022-10-04T00:00:00+00:00
[2022-10-04T04:54:07.928+0000] {processor.py:178} INFO - Processing /usr/local/lib/python3.10/dist-packages/airflow/example_dags/example_branch_operator.py took 0.132 seconds
