[2022-10-04T03:09:24.514+0000] {processor.py:156} INFO - Started process (PID=7701) to work on /usr/local/lib/python3.10/dist-packages/airflow/example_dags/example_trigger_target_dag.py
[2022-10-04T03:09:24.516+0000] {processor.py:758} INFO - Processing file /usr/local/lib/python3.10/dist-packages/airflow/example_dags/example_trigger_target_dag.py for tasks to queue
[2022-10-04T03:09:24.517+0000] {logging_mixin.py:117} INFO - [2022-10-04T03:09:24.517+0000] {dagbag.py:525} INFO - Filling up the DagBag from /usr/local/lib/python3.10/dist-packages/airflow/example_dags/example_trigger_target_dag.py
[2022-10-04T03:09:24.560+0000] {processor.py:768} INFO - DAG(s) dict_keys(['example_trigger_target_dag']) retrieved from /usr/local/lib/python3.10/dist-packages/airflow/example_dags/example_trigger_target_dag.py
[2022-10-04T03:09:24.701+0000] {logging_mixin.py:117} INFO - [2022-10-04T03:09:24.700+0000] {manager.py:508} INFO - Created Permission View: can read on DAG:example_trigger_target_dag
[2022-10-04T03:09:24.724+0000] {logging_mixin.py:117} INFO - [2022-10-04T03:09:24.724+0000] {manager.py:508} INFO - Created Permission View: can delete on DAG:example_trigger_target_dag
[2022-10-04T03:09:24.740+0000] {logging_mixin.py:117} INFO - [2022-10-04T03:09:24.739+0000] {manager.py:508} INFO - Created Permission View: can edit on DAG:example_trigger_target_dag
[2022-10-04T03:09:24.740+0000] {logging_mixin.py:117} INFO - [2022-10-04T03:09:24.740+0000] {dag.py:2573} INFO - Sync 1 DAGs
[2022-10-04T03:09:24.757+0000] {logging_mixin.py:117} INFO - [2022-10-04T03:09:24.757+0000] {dag.py:2594} INFO - Creating ORM DAG for example_trigger_target_dag
[2022-10-04T03:09:24.766+0000] {logging_mixin.py:117} INFO - [2022-10-04T03:09:24.765+0000] {dag.py:3324} INFO - Setting next_dagrun for example_trigger_target_dag to None, run_after=None
[2022-10-04T03:09:24.791+0000] {processor.py:178} INFO - Processing /usr/local/lib/python3.10/dist-packages/airflow/example_dags/example_trigger_target_dag.py took 0.283 seconds
[2022-10-04T03:10:03.769+0000] {processor.py:156} INFO - Started process (PID=7748) to work on /usr/local/lib/python3.10/dist-packages/airflow/example_dags/example_trigger_target_dag.py
[2022-10-04T03:10:03.770+0000] {processor.py:758} INFO - Processing file /usr/local/lib/python3.10/dist-packages/airflow/example_dags/example_trigger_target_dag.py for tasks to queue
[2022-10-04T03:10:03.770+0000] {logging_mixin.py:117} INFO - [2022-10-04T03:10:03.770+0000] {dagbag.py:525} INFO - Filling up the DagBag from /usr/local/lib/python3.10/dist-packages/airflow/example_dags/example_trigger_target_dag.py
[2022-10-04T03:10:03.794+0000] {processor.py:768} INFO - DAG(s) dict_keys(['example_trigger_target_dag']) retrieved from /usr/local/lib/python3.10/dist-packages/airflow/example_dags/example_trigger_target_dag.py
[2022-10-04T03:10:03.818+0000] {logging_mixin.py:117} INFO - [2022-10-04T03:10:03.818+0000] {dag.py:2573} INFO - Sync 1 DAGs
[2022-10-04T03:10:03.835+0000] {logging_mixin.py:117} INFO - [2022-10-04T03:10:03.835+0000] {dag.py:3324} INFO - Setting next_dagrun for example_trigger_target_dag to None, run_after=None
[2022-10-04T03:10:03.860+0000] {processor.py:178} INFO - Processing /usr/local/lib/python3.10/dist-packages/airflow/example_dags/example_trigger_target_dag.py took 0.094 seconds
[2022-10-04T03:10:43.834+0000] {processor.py:156} INFO - Started process (PID=7787) to work on /usr/local/lib/python3.10/dist-packages/airflow/example_dags/example_trigger_target_dag.py
[2022-10-04T03:10:43.835+0000] {processor.py:758} INFO - Processing file /usr/local/lib/python3.10/dist-packages/airflow/example_dags/example_trigger_target_dag.py for tasks to queue
[2022-10-04T03:10:43.836+0000] {logging_mixin.py:117} INFO - [2022-10-04T03:10:43.836+0000] {dagbag.py:525} INFO - Filling up the DagBag from /usr/local/lib/python3.10/dist-packages/airflow/example_dags/example_trigger_target_dag.py
[2022-10-04T03:10:43.873+0000] {processor.py:768} INFO - DAG(s) dict_keys(['example_trigger_target_dag']) retrieved from /usr/local/lib/python3.10/dist-packages/airflow/example_dags/example_trigger_target_dag.py
[2022-10-04T03:10:43.894+0000] {logging_mixin.py:117} INFO - [2022-10-04T03:10:43.894+0000] {dag.py:2573} INFO - Sync 1 DAGs
[2022-10-04T03:10:43.920+0000] {logging_mixin.py:117} INFO - [2022-10-04T03:10:43.920+0000] {dag.py:3324} INFO - Setting next_dagrun for example_trigger_target_dag to None, run_after=None
[2022-10-04T03:10:43.942+0000] {processor.py:178} INFO - Processing /usr/local/lib/python3.10/dist-packages/airflow/example_dags/example_trigger_target_dag.py took 0.111 seconds
[2022-10-04T03:11:25.864+0000] {processor.py:156} INFO - Started process (PID=7831) to work on /usr/local/lib/python3.10/dist-packages/airflow/example_dags/example_trigger_target_dag.py
[2022-10-04T03:11:25.865+0000] {processor.py:758} INFO - Processing file /usr/local/lib/python3.10/dist-packages/airflow/example_dags/example_trigger_target_dag.py for tasks to queue
[2022-10-04T03:11:25.866+0000] {logging_mixin.py:117} INFO - [2022-10-04T03:11:25.865+0000] {dagbag.py:525} INFO - Filling up the DagBag from /usr/local/lib/python3.10/dist-packages/airflow/example_dags/example_trigger_target_dag.py
[2022-10-04T03:11:25.900+0000] {processor.py:768} INFO - DAG(s) dict_keys(['example_trigger_target_dag']) retrieved from /usr/local/lib/python3.10/dist-packages/airflow/example_dags/example_trigger_target_dag.py
[2022-10-04T03:11:25.928+0000] {logging_mixin.py:117} INFO - [2022-10-04T03:11:25.927+0000] {dag.py:2573} INFO - Sync 1 DAGs
[2022-10-04T03:11:25.948+0000] {logging_mixin.py:117} INFO - [2022-10-04T03:11:25.948+0000] {dag.py:3324} INFO - Setting next_dagrun for example_trigger_target_dag to None, run_after=None
[2022-10-04T03:11:25.972+0000] {processor.py:178} INFO - Processing /usr/local/lib/python3.10/dist-packages/airflow/example_dags/example_trigger_target_dag.py took 0.112 seconds
[2022-10-04T03:12:05.851+0000] {processor.py:156} INFO - Started process (PID=7871) to work on /usr/local/lib/python3.10/dist-packages/airflow/example_dags/example_trigger_target_dag.py
[2022-10-04T03:12:05.853+0000] {processor.py:758} INFO - Processing file /usr/local/lib/python3.10/dist-packages/airflow/example_dags/example_trigger_target_dag.py for tasks to queue
[2022-10-04T03:12:05.853+0000] {logging_mixin.py:117} INFO - [2022-10-04T03:12:05.853+0000] {dagbag.py:525} INFO - Filling up the DagBag from /usr/local/lib/python3.10/dist-packages/airflow/example_dags/example_trigger_target_dag.py
[2022-10-04T03:12:05.874+0000] {processor.py:768} INFO - DAG(s) dict_keys(['example_trigger_target_dag']) retrieved from /usr/local/lib/python3.10/dist-packages/airflow/example_dags/example_trigger_target_dag.py
[2022-10-04T03:12:05.893+0000] {logging_mixin.py:117} INFO - [2022-10-04T03:12:05.893+0000] {dag.py:2573} INFO - Sync 1 DAGs
[2022-10-04T03:12:05.910+0000] {logging_mixin.py:117} INFO - [2022-10-04T03:12:05.910+0000] {dag.py:3324} INFO - Setting next_dagrun for example_trigger_target_dag to None, run_after=None
[2022-10-04T03:12:05.930+0000] {processor.py:178} INFO - Processing /usr/local/lib/python3.10/dist-packages/airflow/example_dags/example_trigger_target_dag.py took 0.081 seconds
[2022-10-04T03:12:43.773+0000] {processor.py:156} INFO - Started process (PID=7909) to work on /usr/local/lib/python3.10/dist-packages/airflow/example_dags/example_trigger_target_dag.py
[2022-10-04T03:12:43.774+0000] {processor.py:758} INFO - Processing file /usr/local/lib/python3.10/dist-packages/airflow/example_dags/example_trigger_target_dag.py for tasks to queue
[2022-10-04T03:12:43.775+0000] {logging_mixin.py:117} INFO - [2022-10-04T03:12:43.774+0000] {dagbag.py:525} INFO - Filling up the DagBag from /usr/local/lib/python3.10/dist-packages/airflow/example_dags/example_trigger_target_dag.py
[2022-10-04T03:12:43.801+0000] {processor.py:768} INFO - DAG(s) dict_keys(['example_trigger_target_dag']) retrieved from /usr/local/lib/python3.10/dist-packages/airflow/example_dags/example_trigger_target_dag.py
[2022-10-04T03:12:43.824+0000] {logging_mixin.py:117} INFO - [2022-10-04T03:12:43.824+0000] {dag.py:2573} INFO - Sync 1 DAGs
[2022-10-04T03:12:43.842+0000] {logging_mixin.py:117} INFO - [2022-10-04T03:12:43.842+0000] {dag.py:3324} INFO - Setting next_dagrun for example_trigger_target_dag to None, run_after=None
[2022-10-04T03:12:43.867+0000] {processor.py:178} INFO - Processing /usr/local/lib/python3.10/dist-packages/airflow/example_dags/example_trigger_target_dag.py took 0.097 seconds
[2022-10-04T03:13:23.918+0000] {processor.py:156} INFO - Started process (PID=7950) to work on /usr/local/lib/python3.10/dist-packages/airflow/example_dags/example_trigger_target_dag.py
[2022-10-04T03:13:23.920+0000] {processor.py:758} INFO - Processing file /usr/local/lib/python3.10/dist-packages/airflow/example_dags/example_trigger_target_dag.py for tasks to queue
[2022-10-04T03:13:23.920+0000] {logging_mixin.py:117} INFO - [2022-10-04T03:13:23.920+0000] {dagbag.py:525} INFO - Filling up the DagBag from /usr/local/lib/python3.10/dist-packages/airflow/example_dags/example_trigger_target_dag.py
[2022-10-04T03:13:23.941+0000] {processor.py:768} INFO - DAG(s) dict_keys(['example_trigger_target_dag']) retrieved from /usr/local/lib/python3.10/dist-packages/airflow/example_dags/example_trigger_target_dag.py
[2022-10-04T03:13:23.963+0000] {logging_mixin.py:117} INFO - [2022-10-04T03:13:23.963+0000] {dag.py:2573} INFO - Sync 1 DAGs
[2022-10-04T03:13:23.981+0000] {logging_mixin.py:117} INFO - [2022-10-04T03:13:23.980+0000] {dag.py:3324} INFO - Setting next_dagrun for example_trigger_target_dag to None, run_after=None
[2022-10-04T03:13:24.007+0000] {processor.py:178} INFO - Processing /usr/local/lib/python3.10/dist-packages/airflow/example_dags/example_trigger_target_dag.py took 0.091 seconds
[2022-10-04T03:14:04.973+0000] {processor.py:156} INFO - Started process (PID=7989) to work on /usr/local/lib/python3.10/dist-packages/airflow/example_dags/example_trigger_target_dag.py
[2022-10-04T03:14:04.974+0000] {processor.py:758} INFO - Processing file /usr/local/lib/python3.10/dist-packages/airflow/example_dags/example_trigger_target_dag.py for tasks to queue
[2022-10-04T03:14:04.975+0000] {logging_mixin.py:117} INFO - [2022-10-04T03:14:04.975+0000] {dagbag.py:525} INFO - Filling up the DagBag from /usr/local/lib/python3.10/dist-packages/airflow/example_dags/example_trigger_target_dag.py
[2022-10-04T03:14:04.999+0000] {processor.py:768} INFO - DAG(s) dict_keys(['example_trigger_target_dag']) retrieved from /usr/local/lib/python3.10/dist-packages/airflow/example_dags/example_trigger_target_dag.py
[2022-10-04T03:14:05.021+0000] {logging_mixin.py:117} INFO - [2022-10-04T03:14:05.021+0000] {dag.py:2573} INFO - Sync 1 DAGs
[2022-10-04T03:14:05.041+0000] {logging_mixin.py:117} INFO - [2022-10-04T03:14:05.041+0000] {dag.py:3324} INFO - Setting next_dagrun for example_trigger_target_dag to None, run_after=None
[2022-10-04T03:14:05.070+0000] {processor.py:178} INFO - Processing /usr/local/lib/python3.10/dist-packages/airflow/example_dags/example_trigger_target_dag.py took 0.100 seconds
[2022-10-04T03:14:46.782+0000] {processor.py:156} INFO - Started process (PID=8033) to work on /usr/local/lib/python3.10/dist-packages/airflow/example_dags/example_trigger_target_dag.py
[2022-10-04T03:14:46.783+0000] {processor.py:758} INFO - Processing file /usr/local/lib/python3.10/dist-packages/airflow/example_dags/example_trigger_target_dag.py for tasks to queue
[2022-10-04T03:14:46.784+0000] {logging_mixin.py:117} INFO - [2022-10-04T03:14:46.783+0000] {dagbag.py:525} INFO - Filling up the DagBag from /usr/local/lib/python3.10/dist-packages/airflow/example_dags/example_trigger_target_dag.py
[2022-10-04T03:14:46.808+0000] {processor.py:768} INFO - DAG(s) dict_keys(['example_trigger_target_dag']) retrieved from /usr/local/lib/python3.10/dist-packages/airflow/example_dags/example_trigger_target_dag.py
[2022-10-04T03:14:46.855+0000] {logging_mixin.py:117} INFO - [2022-10-04T03:14:46.855+0000] {dag.py:2573} INFO - Sync 1 DAGs
[2022-10-04T03:14:46.895+0000] {logging_mixin.py:117} INFO - [2022-10-04T03:14:46.895+0000] {dag.py:3324} INFO - Setting next_dagrun for example_trigger_target_dag to None, run_after=None
[2022-10-04T03:14:46.965+0000] {processor.py:178} INFO - Processing /usr/local/lib/python3.10/dist-packages/airflow/example_dags/example_trigger_target_dag.py took 0.187 seconds
[2022-10-04T03:15:26.765+0000] {processor.py:156} INFO - Started process (PID=8071) to work on /usr/local/lib/python3.10/dist-packages/airflow/example_dags/example_trigger_target_dag.py
[2022-10-04T03:15:26.767+0000] {processor.py:758} INFO - Processing file /usr/local/lib/python3.10/dist-packages/airflow/example_dags/example_trigger_target_dag.py for tasks to queue
[2022-10-04T03:15:26.767+0000] {logging_mixin.py:117} INFO - [2022-10-04T03:15:26.767+0000] {dagbag.py:525} INFO - Filling up the DagBag from /usr/local/lib/python3.10/dist-packages/airflow/example_dags/example_trigger_target_dag.py
[2022-10-04T03:15:26.788+0000] {processor.py:768} INFO - DAG(s) dict_keys(['example_trigger_target_dag']) retrieved from /usr/local/lib/python3.10/dist-packages/airflow/example_dags/example_trigger_target_dag.py
[2022-10-04T03:15:26.809+0000] {logging_mixin.py:117} INFO - [2022-10-04T03:15:26.808+0000] {dag.py:2573} INFO - Sync 1 DAGs
[2022-10-04T03:15:26.825+0000] {logging_mixin.py:117} INFO - [2022-10-04T03:15:26.825+0000] {dag.py:3324} INFO - Setting next_dagrun for example_trigger_target_dag to None, run_after=None
[2022-10-04T03:15:26.974+0000] {processor.py:178} INFO - Processing /usr/local/lib/python3.10/dist-packages/airflow/example_dags/example_trigger_target_dag.py took 0.211 seconds
[2022-10-04T03:16:07.306+0000] {processor.py:156} INFO - Started process (PID=8111) to work on /usr/local/lib/python3.10/dist-packages/airflow/example_dags/example_trigger_target_dag.py
[2022-10-04T03:16:07.308+0000] {processor.py:758} INFO - Processing file /usr/local/lib/python3.10/dist-packages/airflow/example_dags/example_trigger_target_dag.py for tasks to queue
[2022-10-04T03:16:07.308+0000] {logging_mixin.py:117} INFO - [2022-10-04T03:16:07.308+0000] {dagbag.py:525} INFO - Filling up the DagBag from /usr/local/lib/python3.10/dist-packages/airflow/example_dags/example_trigger_target_dag.py
[2022-10-04T03:16:07.333+0000] {processor.py:768} INFO - DAG(s) dict_keys(['example_trigger_target_dag']) retrieved from /usr/local/lib/python3.10/dist-packages/airflow/example_dags/example_trigger_target_dag.py
[2022-10-04T03:16:07.363+0000] {logging_mixin.py:117} INFO - [2022-10-04T03:16:07.363+0000] {dag.py:2573} INFO - Sync 1 DAGs
[2022-10-04T03:16:07.525+0000] {logging_mixin.py:117} INFO - [2022-10-04T03:16:07.525+0000] {dag.py:3324} INFO - Setting next_dagrun for example_trigger_target_dag to None, run_after=None
[2022-10-04T03:16:07.546+0000] {processor.py:178} INFO - Processing /usr/local/lib/python3.10/dist-packages/airflow/example_dags/example_trigger_target_dag.py took 0.243 seconds
[2022-10-04T03:16:58.424+0000] {processor.py:156} INFO - Started process (PID=8258) to work on /usr/local/lib/python3.10/dist-packages/airflow/example_dags/example_trigger_target_dag.py
[2022-10-04T03:16:58.425+0000] {processor.py:758} INFO - Processing file /usr/local/lib/python3.10/dist-packages/airflow/example_dags/example_trigger_target_dag.py for tasks to queue
[2022-10-04T03:16:58.426+0000] {logging_mixin.py:117} INFO - [2022-10-04T03:16:58.426+0000] {dagbag.py:525} INFO - Filling up the DagBag from /usr/local/lib/python3.10/dist-packages/airflow/example_dags/example_trigger_target_dag.py
[2022-10-04T03:16:58.446+0000] {processor.py:768} INFO - DAG(s) dict_keys(['example_trigger_target_dag']) retrieved from /usr/local/lib/python3.10/dist-packages/airflow/example_dags/example_trigger_target_dag.py
[2022-10-04T03:16:58.466+0000] {logging_mixin.py:117} INFO - [2022-10-04T03:16:58.466+0000] {dag.py:2573} INFO - Sync 1 DAGs
[2022-10-04T03:16:58.603+0000] {logging_mixin.py:117} INFO - [2022-10-04T03:16:58.602+0000] {dag.py:3324} INFO - Setting next_dagrun for example_trigger_target_dag to None, run_after=None
[2022-10-04T03:16:58.622+0000] {processor.py:178} INFO - Processing /usr/local/lib/python3.10/dist-packages/airflow/example_dags/example_trigger_target_dag.py took 0.200 seconds
[2022-10-04T03:17:39.351+0000] {processor.py:156} INFO - Started process (PID=8616) to work on /usr/local/lib/python3.10/dist-packages/airflow/example_dags/example_trigger_target_dag.py
[2022-10-04T03:17:39.352+0000] {processor.py:758} INFO - Processing file /usr/local/lib/python3.10/dist-packages/airflow/example_dags/example_trigger_target_dag.py for tasks to queue
[2022-10-04T03:17:39.353+0000] {logging_mixin.py:117} INFO - [2022-10-04T03:17:39.352+0000] {dagbag.py:525} INFO - Filling up the DagBag from /usr/local/lib/python3.10/dist-packages/airflow/example_dags/example_trigger_target_dag.py
[2022-10-04T03:17:39.374+0000] {processor.py:768} INFO - DAG(s) dict_keys(['example_trigger_target_dag']) retrieved from /usr/local/lib/python3.10/dist-packages/airflow/example_dags/example_trigger_target_dag.py
[2022-10-04T03:17:39.395+0000] {logging_mixin.py:117} INFO - [2022-10-04T03:17:39.395+0000] {dag.py:2573} INFO - Sync 1 DAGs
[2022-10-04T03:17:39.537+0000] {logging_mixin.py:117} INFO - [2022-10-04T03:17:39.536+0000] {dag.py:3324} INFO - Setting next_dagrun for example_trigger_target_dag to None, run_after=None
[2022-10-04T03:17:39.557+0000] {processor.py:178} INFO - Processing /usr/local/lib/python3.10/dist-packages/airflow/example_dags/example_trigger_target_dag.py took 0.208 seconds
[2022-10-04T03:19:00.081+0000] {processor.py:156} INFO - Started process (PID=8704) to work on /usr/local/lib/python3.10/dist-packages/airflow/example_dags/example_trigger_target_dag.py
[2022-10-04T03:19:00.082+0000] {processor.py:758} INFO - Processing file /usr/local/lib/python3.10/dist-packages/airflow/example_dags/example_trigger_target_dag.py for tasks to queue
[2022-10-04T03:19:00.083+0000] {logging_mixin.py:117} INFO - [2022-10-04T03:19:00.082+0000] {dagbag.py:525} INFO - Filling up the DagBag from /usr/local/lib/python3.10/dist-packages/airflow/example_dags/example_trigger_target_dag.py
[2022-10-04T03:19:00.105+0000] {processor.py:768} INFO - DAG(s) dict_keys(['example_trigger_target_dag']) retrieved from /usr/local/lib/python3.10/dist-packages/airflow/example_dags/example_trigger_target_dag.py
[2022-10-04T03:19:00.128+0000] {logging_mixin.py:117} INFO - [2022-10-04T03:19:00.128+0000] {dag.py:2573} INFO - Sync 1 DAGs
[2022-10-04T03:19:00.146+0000] {logging_mixin.py:117} INFO - [2022-10-04T03:19:00.146+0000] {dag.py:3324} INFO - Setting next_dagrun for example_trigger_target_dag to None, run_after=None
[2022-10-04T03:19:00.169+0000] {processor.py:178} INFO - Processing /usr/local/lib/python3.10/dist-packages/airflow/example_dags/example_trigger_target_dag.py took 0.090 seconds
[2022-10-04T03:19:38.474+0000] {processor.py:156} INFO - Started process (PID=8745) to work on /usr/local/lib/python3.10/dist-packages/airflow/example_dags/example_trigger_target_dag.py
[2022-10-04T03:19:38.476+0000] {processor.py:758} INFO - Processing file /usr/local/lib/python3.10/dist-packages/airflow/example_dags/example_trigger_target_dag.py for tasks to queue
[2022-10-04T03:19:38.476+0000] {logging_mixin.py:117} INFO - [2022-10-04T03:19:38.476+0000] {dagbag.py:525} INFO - Filling up the DagBag from /usr/local/lib/python3.10/dist-packages/airflow/example_dags/example_trigger_target_dag.py
[2022-10-04T03:19:38.503+0000] {processor.py:768} INFO - DAG(s) dict_keys(['example_trigger_target_dag']) retrieved from /usr/local/lib/python3.10/dist-packages/airflow/example_dags/example_trigger_target_dag.py
[2022-10-04T03:19:38.525+0000] {logging_mixin.py:117} INFO - [2022-10-04T03:19:38.525+0000] {dag.py:2573} INFO - Sync 1 DAGs
[2022-10-04T03:19:38.543+0000] {logging_mixin.py:117} INFO - [2022-10-04T03:19:38.543+0000] {dag.py:3324} INFO - Setting next_dagrun for example_trigger_target_dag to None, run_after=None
[2022-10-04T03:19:38.565+0000] {processor.py:178} INFO - Processing /usr/local/lib/python3.10/dist-packages/airflow/example_dags/example_trigger_target_dag.py took 0.093 seconds
[2022-10-04T03:20:16.595+0000] {processor.py:156} INFO - Started process (PID=8782) to work on /usr/local/lib/python3.10/dist-packages/airflow/example_dags/example_trigger_target_dag.py
[2022-10-04T03:20:16.596+0000] {processor.py:758} INFO - Processing file /usr/local/lib/python3.10/dist-packages/airflow/example_dags/example_trigger_target_dag.py for tasks to queue
[2022-10-04T03:20:16.597+0000] {logging_mixin.py:117} INFO - [2022-10-04T03:20:16.597+0000] {dagbag.py:525} INFO - Filling up the DagBag from /usr/local/lib/python3.10/dist-packages/airflow/example_dags/example_trigger_target_dag.py
[2022-10-04T03:20:16.623+0000] {processor.py:768} INFO - DAG(s) dict_keys(['example_trigger_target_dag']) retrieved from /usr/local/lib/python3.10/dist-packages/airflow/example_dags/example_trigger_target_dag.py
[2022-10-04T03:20:16.682+0000] {logging_mixin.py:117} INFO - [2022-10-04T03:20:16.682+0000] {dag.py:2573} INFO - Sync 1 DAGs
[2022-10-04T03:20:16.742+0000] {logging_mixin.py:117} INFO - [2022-10-04T03:20:16.742+0000] {dag.py:3324} INFO - Setting next_dagrun for example_trigger_target_dag to None, run_after=None
[2022-10-04T03:20:16.809+0000] {processor.py:178} INFO - Processing /usr/local/lib/python3.10/dist-packages/airflow/example_dags/example_trigger_target_dag.py took 0.216 seconds
[2022-10-04T03:20:55.543+0000] {processor.py:156} INFO - Started process (PID=8823) to work on /usr/local/lib/python3.10/dist-packages/airflow/example_dags/example_trigger_target_dag.py
[2022-10-04T03:20:55.544+0000] {processor.py:758} INFO - Processing file /usr/local/lib/python3.10/dist-packages/airflow/example_dags/example_trigger_target_dag.py for tasks to queue
[2022-10-04T03:20:55.545+0000] {logging_mixin.py:117} INFO - [2022-10-04T03:20:55.544+0000] {dagbag.py:525} INFO - Filling up the DagBag from /usr/local/lib/python3.10/dist-packages/airflow/example_dags/example_trigger_target_dag.py
[2022-10-04T03:20:55.569+0000] {processor.py:768} INFO - DAG(s) dict_keys(['example_trigger_target_dag']) retrieved from /usr/local/lib/python3.10/dist-packages/airflow/example_dags/example_trigger_target_dag.py
[2022-10-04T03:20:55.591+0000] {logging_mixin.py:117} INFO - [2022-10-04T03:20:55.590+0000] {dag.py:2573} INFO - Sync 1 DAGs
[2022-10-04T03:20:55.613+0000] {logging_mixin.py:117} INFO - [2022-10-04T03:20:55.613+0000] {dag.py:3324} INFO - Setting next_dagrun for example_trigger_target_dag to None, run_after=None
[2022-10-04T03:20:55.634+0000] {processor.py:178} INFO - Processing /usr/local/lib/python3.10/dist-packages/airflow/example_dags/example_trigger_target_dag.py took 0.095 seconds
[2022-10-04T03:21:35.131+0000] {processor.py:156} INFO - Started process (PID=8861) to work on /usr/local/lib/python3.10/dist-packages/airflow/example_dags/example_trigger_target_dag.py
[2022-10-04T03:21:35.132+0000] {processor.py:758} INFO - Processing file /usr/local/lib/python3.10/dist-packages/airflow/example_dags/example_trigger_target_dag.py for tasks to queue
[2022-10-04T03:21:35.132+0000] {logging_mixin.py:117} INFO - [2022-10-04T03:21:35.132+0000] {dagbag.py:525} INFO - Filling up the DagBag from /usr/local/lib/python3.10/dist-packages/airflow/example_dags/example_trigger_target_dag.py
[2022-10-04T03:21:35.153+0000] {processor.py:768} INFO - DAG(s) dict_keys(['example_trigger_target_dag']) retrieved from /usr/local/lib/python3.10/dist-packages/airflow/example_dags/example_trigger_target_dag.py
[2022-10-04T03:21:35.174+0000] {logging_mixin.py:117} INFO - [2022-10-04T03:21:35.174+0000] {dag.py:2573} INFO - Sync 1 DAGs
[2022-10-04T03:21:35.192+0000] {logging_mixin.py:117} INFO - [2022-10-04T03:21:35.192+0000] {dag.py:3324} INFO - Setting next_dagrun for example_trigger_target_dag to None, run_after=None
[2022-10-04T03:21:35.214+0000] {processor.py:178} INFO - Processing /usr/local/lib/python3.10/dist-packages/airflow/example_dags/example_trigger_target_dag.py took 0.085 seconds
[2022-10-04T03:22:16.343+0000] {processor.py:156} INFO - Started process (PID=8902) to work on /usr/local/lib/python3.10/dist-packages/airflow/example_dags/example_trigger_target_dag.py
[2022-10-04T03:22:16.344+0000] {processor.py:758} INFO - Processing file /usr/local/lib/python3.10/dist-packages/airflow/example_dags/example_trigger_target_dag.py for tasks to queue
[2022-10-04T03:22:16.344+0000] {logging_mixin.py:117} INFO - [2022-10-04T03:22:16.344+0000] {dagbag.py:525} INFO - Filling up the DagBag from /usr/local/lib/python3.10/dist-packages/airflow/example_dags/example_trigger_target_dag.py
[2022-10-04T03:22:16.370+0000] {processor.py:768} INFO - DAG(s) dict_keys(['example_trigger_target_dag']) retrieved from /usr/local/lib/python3.10/dist-packages/airflow/example_dags/example_trigger_target_dag.py
[2022-10-04T03:22:16.393+0000] {logging_mixin.py:117} INFO - [2022-10-04T03:22:16.393+0000] {dag.py:2573} INFO - Sync 1 DAGs
[2022-10-04T03:22:16.411+0000] {logging_mixin.py:117} INFO - [2022-10-04T03:22:16.411+0000] {dag.py:3324} INFO - Setting next_dagrun for example_trigger_target_dag to None, run_after=None
[2022-10-04T03:22:16.434+0000] {processor.py:178} INFO - Processing /usr/local/lib/python3.10/dist-packages/airflow/example_dags/example_trigger_target_dag.py took 0.094 seconds
[2022-10-04T03:22:54.288+0000] {processor.py:156} INFO - Started process (PID=8942) to work on /usr/local/lib/python3.10/dist-packages/airflow/example_dags/example_trigger_target_dag.py
[2022-10-04T03:22:54.289+0000] {processor.py:758} INFO - Processing file /usr/local/lib/python3.10/dist-packages/airflow/example_dags/example_trigger_target_dag.py for tasks to queue
[2022-10-04T03:22:54.289+0000] {logging_mixin.py:117} INFO - [2022-10-04T03:22:54.289+0000] {dagbag.py:525} INFO - Filling up the DagBag from /usr/local/lib/python3.10/dist-packages/airflow/example_dags/example_trigger_target_dag.py
[2022-10-04T03:22:54.318+0000] {processor.py:768} INFO - DAG(s) dict_keys(['example_trigger_target_dag']) retrieved from /usr/local/lib/python3.10/dist-packages/airflow/example_dags/example_trigger_target_dag.py
[2022-10-04T03:22:54.341+0000] {logging_mixin.py:117} INFO - [2022-10-04T03:22:54.340+0000] {dag.py:2573} INFO - Sync 1 DAGs
[2022-10-04T03:22:54.359+0000] {logging_mixin.py:117} INFO - [2022-10-04T03:22:54.359+0000] {dag.py:3324} INFO - Setting next_dagrun for example_trigger_target_dag to None, run_after=None
[2022-10-04T03:22:54.383+0000] {processor.py:178} INFO - Processing /usr/local/lib/python3.10/dist-packages/airflow/example_dags/example_trigger_target_dag.py took 0.097 seconds
[2022-10-04T03:23:58.925+0000] {processor.py:156} INFO - Started process (PID=9011) to work on /usr/local/lib/python3.10/dist-packages/airflow/example_dags/example_trigger_target_dag.py
[2022-10-04T03:23:58.927+0000] {processor.py:758} INFO - Processing file /usr/local/lib/python3.10/dist-packages/airflow/example_dags/example_trigger_target_dag.py for tasks to queue
[2022-10-04T03:23:58.928+0000] {logging_mixin.py:117} INFO - [2022-10-04T03:23:58.928+0000] {dagbag.py:525} INFO - Filling up the DagBag from /usr/local/lib/python3.10/dist-packages/airflow/example_dags/example_trigger_target_dag.py
[2022-10-04T03:23:58.952+0000] {processor.py:768} INFO - DAG(s) dict_keys(['example_trigger_target_dag']) retrieved from /usr/local/lib/python3.10/dist-packages/airflow/example_dags/example_trigger_target_dag.py
[2022-10-04T03:23:58.975+0000] {logging_mixin.py:117} INFO - [2022-10-04T03:23:58.975+0000] {dag.py:2573} INFO - Sync 1 DAGs
[2022-10-04T03:23:59.100+0000] {logging_mixin.py:117} INFO - [2022-10-04T03:23:59.100+0000] {dag.py:3324} INFO - Setting next_dagrun for example_trigger_target_dag to None, run_after=None
[2022-10-04T03:23:59.262+0000] {processor.py:178} INFO - Processing /usr/local/lib/python3.10/dist-packages/airflow/example_dags/example_trigger_target_dag.py took 0.339 seconds
[2022-10-04T03:24:36.423+0000] {processor.py:156} INFO - Started process (PID=9052) to work on /usr/local/lib/python3.10/dist-packages/airflow/example_dags/example_trigger_target_dag.py
[2022-10-04T03:24:36.424+0000] {processor.py:758} INFO - Processing file /usr/local/lib/python3.10/dist-packages/airflow/example_dags/example_trigger_target_dag.py for tasks to queue
[2022-10-04T03:24:36.424+0000] {logging_mixin.py:117} INFO - [2022-10-04T03:24:36.424+0000] {dagbag.py:525} INFO - Filling up the DagBag from /usr/local/lib/python3.10/dist-packages/airflow/example_dags/example_trigger_target_dag.py
[2022-10-04T03:24:36.447+0000] {processor.py:768} INFO - DAG(s) dict_keys(['example_trigger_target_dag']) retrieved from /usr/local/lib/python3.10/dist-packages/airflow/example_dags/example_trigger_target_dag.py
[2022-10-04T03:24:36.467+0000] {logging_mixin.py:117} INFO - [2022-10-04T03:24:36.467+0000] {dag.py:2573} INFO - Sync 1 DAGs
[2022-10-04T03:24:36.484+0000] {logging_mixin.py:117} INFO - [2022-10-04T03:24:36.484+0000] {dag.py:3324} INFO - Setting next_dagrun for example_trigger_target_dag to None, run_after=None
[2022-10-04T03:24:36.505+0000] {processor.py:178} INFO - Processing /usr/local/lib/python3.10/dist-packages/airflow/example_dags/example_trigger_target_dag.py took 0.085 seconds
[2022-10-04T03:25:17.391+0000] {processor.py:156} INFO - Started process (PID=9093) to work on /usr/local/lib/python3.10/dist-packages/airflow/example_dags/example_trigger_target_dag.py
[2022-10-04T03:25:17.392+0000] {processor.py:758} INFO - Processing file /usr/local/lib/python3.10/dist-packages/airflow/example_dags/example_trigger_target_dag.py for tasks to queue
[2022-10-04T03:25:17.392+0000] {logging_mixin.py:117} INFO - [2022-10-04T03:25:17.392+0000] {dagbag.py:525} INFO - Filling up the DagBag from /usr/local/lib/python3.10/dist-packages/airflow/example_dags/example_trigger_target_dag.py
[2022-10-04T03:25:17.416+0000] {processor.py:768} INFO - DAG(s) dict_keys(['example_trigger_target_dag']) retrieved from /usr/local/lib/python3.10/dist-packages/airflow/example_dags/example_trigger_target_dag.py
[2022-10-04T03:25:17.439+0000] {logging_mixin.py:117} INFO - [2022-10-04T03:25:17.439+0000] {dag.py:2573} INFO - Sync 1 DAGs
[2022-10-04T03:25:17.457+0000] {logging_mixin.py:117} INFO - [2022-10-04T03:25:17.457+0000] {dag.py:3324} INFO - Setting next_dagrun for example_trigger_target_dag to None, run_after=None
[2022-10-04T03:25:17.483+0000] {processor.py:178} INFO - Processing /usr/local/lib/python3.10/dist-packages/airflow/example_dags/example_trigger_target_dag.py took 0.096 seconds
[2022-10-04T03:26:34.077+0000] {processor.py:156} INFO - Started process (PID=9180) to work on /usr/local/lib/python3.10/dist-packages/airflow/example_dags/example_trigger_target_dag.py
[2022-10-04T03:26:34.078+0000] {processor.py:758} INFO - Processing file /usr/local/lib/python3.10/dist-packages/airflow/example_dags/example_trigger_target_dag.py for tasks to queue
[2022-10-04T03:26:34.079+0000] {logging_mixin.py:117} INFO - [2022-10-04T03:26:34.078+0000] {dagbag.py:525} INFO - Filling up the DagBag from /usr/local/lib/python3.10/dist-packages/airflow/example_dags/example_trigger_target_dag.py
[2022-10-04T03:26:34.100+0000] {processor.py:768} INFO - DAG(s) dict_keys(['example_trigger_target_dag']) retrieved from /usr/local/lib/python3.10/dist-packages/airflow/example_dags/example_trigger_target_dag.py
[2022-10-04T03:26:34.125+0000] {logging_mixin.py:117} INFO - [2022-10-04T03:26:34.124+0000] {dag.py:2573} INFO - Sync 1 DAGs
[2022-10-04T03:26:34.142+0000] {logging_mixin.py:117} INFO - [2022-10-04T03:26:34.142+0000] {dag.py:3324} INFO - Setting next_dagrun for example_trigger_target_dag to None, run_after=None
[2022-10-04T03:26:34.169+0000] {processor.py:178} INFO - Processing /usr/local/lib/python3.10/dist-packages/airflow/example_dags/example_trigger_target_dag.py took 0.095 seconds
[2022-10-04T03:30:39.939+0000] {processor.py:156} INFO - Started process (PID=9277) to work on /usr/local/lib/python3.10/dist-packages/airflow/example_dags/example_trigger_target_dag.py
[2022-10-04T03:30:39.952+0000] {processor.py:758} INFO - Processing file /usr/local/lib/python3.10/dist-packages/airflow/example_dags/example_trigger_target_dag.py for tasks to queue
[2022-10-04T03:30:39.953+0000] {logging_mixin.py:117} INFO - [2022-10-04T03:30:39.953+0000] {dagbag.py:525} INFO - Filling up the DagBag from /usr/local/lib/python3.10/dist-packages/airflow/example_dags/example_trigger_target_dag.py
[2022-10-04T03:30:40.003+0000] {processor.py:768} INFO - DAG(s) dict_keys(['example_trigger_target_dag']) retrieved from /usr/local/lib/python3.10/dist-packages/airflow/example_dags/example_trigger_target_dag.py
[2022-10-04T03:30:40.058+0000] {logging_mixin.py:117} INFO - [2022-10-04T03:30:40.058+0000] {dag.py:2573} INFO - Sync 1 DAGs
[2022-10-04T03:30:40.096+0000] {logging_mixin.py:117} INFO - [2022-10-04T03:30:40.096+0000] {dag.py:3324} INFO - Setting next_dagrun for example_trigger_target_dag to None, run_after=None
[2022-10-04T03:30:40.136+0000] {processor.py:178} INFO - Processing /usr/local/lib/python3.10/dist-packages/airflow/example_dags/example_trigger_target_dag.py took 0.199 seconds
[2022-10-04T03:31:19.257+0000] {processor.py:156} INFO - Started process (PID=9314) to work on /usr/local/lib/python3.10/dist-packages/airflow/example_dags/example_trigger_target_dag.py
[2022-10-04T03:31:19.258+0000] {processor.py:758} INFO - Processing file /usr/local/lib/python3.10/dist-packages/airflow/example_dags/example_trigger_target_dag.py for tasks to queue
[2022-10-04T03:31:19.259+0000] {logging_mixin.py:117} INFO - [2022-10-04T03:31:19.258+0000] {dagbag.py:525} INFO - Filling up the DagBag from /usr/local/lib/python3.10/dist-packages/airflow/example_dags/example_trigger_target_dag.py
[2022-10-04T03:31:19.281+0000] {processor.py:768} INFO - DAG(s) dict_keys(['example_trigger_target_dag']) retrieved from /usr/local/lib/python3.10/dist-packages/airflow/example_dags/example_trigger_target_dag.py
[2022-10-04T03:31:19.318+0000] {logging_mixin.py:117} INFO - [2022-10-04T03:31:19.317+0000] {dag.py:2573} INFO - Sync 1 DAGs
[2022-10-04T03:31:19.337+0000] {logging_mixin.py:117} INFO - [2022-10-04T03:31:19.337+0000] {dag.py:3324} INFO - Setting next_dagrun for example_trigger_target_dag to None, run_after=None
[2022-10-04T03:31:19.358+0000] {processor.py:178} INFO - Processing /usr/local/lib/python3.10/dist-packages/airflow/example_dags/example_trigger_target_dag.py took 0.104 seconds
[2022-10-04T03:31:59.477+0000] {processor.py:156} INFO - Started process (PID=9371) to work on /usr/local/lib/python3.10/dist-packages/airflow/example_dags/example_trigger_target_dag.py
[2022-10-04T03:31:59.478+0000] {processor.py:758} INFO - Processing file /usr/local/lib/python3.10/dist-packages/airflow/example_dags/example_trigger_target_dag.py for tasks to queue
[2022-10-04T03:31:59.478+0000] {logging_mixin.py:117} INFO - [2022-10-04T03:31:59.478+0000] {dagbag.py:525} INFO - Filling up the DagBag from /usr/local/lib/python3.10/dist-packages/airflow/example_dags/example_trigger_target_dag.py
[2022-10-04T03:31:59.501+0000] {processor.py:768} INFO - DAG(s) dict_keys(['example_trigger_target_dag']) retrieved from /usr/local/lib/python3.10/dist-packages/airflow/example_dags/example_trigger_target_dag.py
[2022-10-04T03:31:59.524+0000] {logging_mixin.py:117} INFO - [2022-10-04T03:31:59.524+0000] {dag.py:2573} INFO - Sync 1 DAGs
[2022-10-04T03:31:59.543+0000] {logging_mixin.py:117} INFO - [2022-10-04T03:31:59.543+0000] {dag.py:3324} INFO - Setting next_dagrun for example_trigger_target_dag to None, run_after=None
[2022-10-04T03:31:59.566+0000] {processor.py:178} INFO - Processing /usr/local/lib/python3.10/dist-packages/airflow/example_dags/example_trigger_target_dag.py took 0.092 seconds
[2022-10-04T03:32:38.958+0000] {processor.py:156} INFO - Started process (PID=9413) to work on /usr/local/lib/python3.10/dist-packages/airflow/example_dags/example_trigger_target_dag.py
[2022-10-04T03:32:38.960+0000] {processor.py:758} INFO - Processing file /usr/local/lib/python3.10/dist-packages/airflow/example_dags/example_trigger_target_dag.py for tasks to queue
[2022-10-04T03:32:38.961+0000] {logging_mixin.py:117} INFO - [2022-10-04T03:32:38.961+0000] {dagbag.py:525} INFO - Filling up the DagBag from /usr/local/lib/python3.10/dist-packages/airflow/example_dags/example_trigger_target_dag.py
[2022-10-04T03:32:39.011+0000] {processor.py:768} INFO - DAG(s) dict_keys(['example_trigger_target_dag']) retrieved from /usr/local/lib/python3.10/dist-packages/airflow/example_dags/example_trigger_target_dag.py
[2022-10-04T03:32:39.060+0000] {logging_mixin.py:117} INFO - [2022-10-04T03:32:39.059+0000] {dag.py:2573} INFO - Sync 1 DAGs
[2022-10-04T03:32:39.086+0000] {logging_mixin.py:117} INFO - [2022-10-04T03:32:39.086+0000] {dag.py:3324} INFO - Setting next_dagrun for example_trigger_target_dag to None, run_after=None
[2022-10-04T03:32:39.319+0000] {processor.py:178} INFO - Processing /usr/local/lib/python3.10/dist-packages/airflow/example_dags/example_trigger_target_dag.py took 0.371 seconds
[2022-10-04T03:33:17.772+0000] {processor.py:156} INFO - Started process (PID=9452) to work on /usr/local/lib/python3.10/dist-packages/airflow/example_dags/example_trigger_target_dag.py
[2022-10-04T03:33:17.774+0000] {processor.py:758} INFO - Processing file /usr/local/lib/python3.10/dist-packages/airflow/example_dags/example_trigger_target_dag.py for tasks to queue
[2022-10-04T03:33:17.774+0000] {logging_mixin.py:117} INFO - [2022-10-04T03:33:17.774+0000] {dagbag.py:525} INFO - Filling up the DagBag from /usr/local/lib/python3.10/dist-packages/airflow/example_dags/example_trigger_target_dag.py
[2022-10-04T03:33:17.797+0000] {processor.py:768} INFO - DAG(s) dict_keys(['example_trigger_target_dag']) retrieved from /usr/local/lib/python3.10/dist-packages/airflow/example_dags/example_trigger_target_dag.py
[2022-10-04T03:33:17.825+0000] {logging_mixin.py:117} INFO - [2022-10-04T03:33:17.825+0000] {dag.py:2573} INFO - Sync 1 DAGs
[2022-10-04T03:33:17.852+0000] {logging_mixin.py:117} INFO - [2022-10-04T03:33:17.852+0000] {dag.py:3324} INFO - Setting next_dagrun for example_trigger_target_dag to None, run_after=None
[2022-10-04T03:33:17.876+0000] {processor.py:178} INFO - Processing /usr/local/lib/python3.10/dist-packages/airflow/example_dags/example_trigger_target_dag.py took 0.106 seconds
[2022-10-04T03:33:55.508+0000] {processor.py:156} INFO - Started process (PID=9493) to work on /usr/local/lib/python3.10/dist-packages/airflow/example_dags/example_trigger_target_dag.py
[2022-10-04T03:33:55.509+0000] {processor.py:758} INFO - Processing file /usr/local/lib/python3.10/dist-packages/airflow/example_dags/example_trigger_target_dag.py for tasks to queue
[2022-10-04T03:33:55.510+0000] {logging_mixin.py:117} INFO - [2022-10-04T03:33:55.510+0000] {dagbag.py:525} INFO - Filling up the DagBag from /usr/local/lib/python3.10/dist-packages/airflow/example_dags/example_trigger_target_dag.py
[2022-10-04T03:33:55.531+0000] {processor.py:768} INFO - DAG(s) dict_keys(['example_trigger_target_dag']) retrieved from /usr/local/lib/python3.10/dist-packages/airflow/example_dags/example_trigger_target_dag.py
[2022-10-04T03:33:55.553+0000] {logging_mixin.py:117} INFO - [2022-10-04T03:33:55.553+0000] {dag.py:2573} INFO - Sync 1 DAGs
[2022-10-04T03:33:55.570+0000] {logging_mixin.py:117} INFO - [2022-10-04T03:33:55.570+0000] {dag.py:3324} INFO - Setting next_dagrun for example_trigger_target_dag to None, run_after=None
[2022-10-04T03:33:55.591+0000] {processor.py:178} INFO - Processing /usr/local/lib/python3.10/dist-packages/airflow/example_dags/example_trigger_target_dag.py took 0.085 seconds
[2022-10-04T03:46:32.366+0000] {processor.py:156} INFO - Started process (PID=993) to work on /usr/local/lib/python3.10/dist-packages/airflow/example_dags/example_trigger_target_dag.py
[2022-10-04T03:46:32.368+0000] {processor.py:758} INFO - Processing file /usr/local/lib/python3.10/dist-packages/airflow/example_dags/example_trigger_target_dag.py for tasks to queue
[2022-10-04T03:46:32.369+0000] {logging_mixin.py:117} INFO - [2022-10-04T03:46:32.369+0000] {dagbag.py:525} INFO - Filling up the DagBag from /usr/local/lib/python3.10/dist-packages/airflow/example_dags/example_trigger_target_dag.py
[2022-10-04T03:46:32.393+0000] {processor.py:768} INFO - DAG(s) dict_keys(['example_trigger_target_dag']) retrieved from /usr/local/lib/python3.10/dist-packages/airflow/example_dags/example_trigger_target_dag.py
[2022-10-04T03:46:32.420+0000] {logging_mixin.py:117} INFO - [2022-10-04T03:46:32.420+0000] {dag.py:2573} INFO - Sync 1 DAGs
[2022-10-04T03:46:32.438+0000] {logging_mixin.py:117} INFO - [2022-10-04T03:46:32.438+0000] {dag.py:3324} INFO - Setting next_dagrun for example_trigger_target_dag to None, run_after=None
[2022-10-04T03:46:32.462+0000] {processor.py:178} INFO - Processing /usr/local/lib/python3.10/dist-packages/airflow/example_dags/example_trigger_target_dag.py took 0.098 seconds
[2022-10-04T03:47:09.872+0000] {processor.py:156} INFO - Started process (PID=1031) to work on /usr/local/lib/python3.10/dist-packages/airflow/example_dags/example_trigger_target_dag.py
[2022-10-04T03:47:09.874+0000] {processor.py:758} INFO - Processing file /usr/local/lib/python3.10/dist-packages/airflow/example_dags/example_trigger_target_dag.py for tasks to queue
[2022-10-04T03:47:09.875+0000] {logging_mixin.py:117} INFO - [2022-10-04T03:47:09.874+0000] {dagbag.py:525} INFO - Filling up the DagBag from /usr/local/lib/python3.10/dist-packages/airflow/example_dags/example_trigger_target_dag.py
[2022-10-04T03:47:09.903+0000] {processor.py:768} INFO - DAG(s) dict_keys(['example_trigger_target_dag']) retrieved from /usr/local/lib/python3.10/dist-packages/airflow/example_dags/example_trigger_target_dag.py
[2022-10-04T03:47:09.940+0000] {logging_mixin.py:117} INFO - [2022-10-04T03:47:09.940+0000] {dag.py:2573} INFO - Sync 1 DAGs
[2022-10-04T03:47:09.958+0000] {logging_mixin.py:117} INFO - [2022-10-04T03:47:09.958+0000] {dag.py:3324} INFO - Setting next_dagrun for example_trigger_target_dag to None, run_after=None
[2022-10-04T03:47:09.982+0000] {processor.py:178} INFO - Processing /usr/local/lib/python3.10/dist-packages/airflow/example_dags/example_trigger_target_dag.py took 0.115 seconds
[2022-10-04T03:47:50.103+0000] {processor.py:156} INFO - Started process (PID=1137) to work on /usr/local/lib/python3.10/dist-packages/airflow/example_dags/example_trigger_target_dag.py
[2022-10-04T03:47:50.104+0000] {processor.py:758} INFO - Processing file /usr/local/lib/python3.10/dist-packages/airflow/example_dags/example_trigger_target_dag.py for tasks to queue
[2022-10-04T03:47:50.105+0000] {logging_mixin.py:117} INFO - [2022-10-04T03:47:50.105+0000] {dagbag.py:525} INFO - Filling up the DagBag from /usr/local/lib/python3.10/dist-packages/airflow/example_dags/example_trigger_target_dag.py
[2022-10-04T03:47:50.128+0000] {processor.py:768} INFO - DAG(s) dict_keys(['example_trigger_target_dag']) retrieved from /usr/local/lib/python3.10/dist-packages/airflow/example_dags/example_trigger_target_dag.py
[2022-10-04T03:47:50.154+0000] {logging_mixin.py:117} INFO - [2022-10-04T03:47:50.153+0000] {dag.py:2573} INFO - Sync 1 DAGs
[2022-10-04T03:47:50.171+0000] {logging_mixin.py:117} INFO - [2022-10-04T03:47:50.171+0000] {dag.py:3324} INFO - Setting next_dagrun for example_trigger_target_dag to None, run_after=None
[2022-10-04T03:47:50.194+0000] {processor.py:178} INFO - Processing /usr/local/lib/python3.10/dist-packages/airflow/example_dags/example_trigger_target_dag.py took 0.095 seconds
[2022-10-04T03:48:29.458+0000] {processor.py:156} INFO - Started process (PID=1176) to work on /usr/local/lib/python3.10/dist-packages/airflow/example_dags/example_trigger_target_dag.py
[2022-10-04T03:48:29.459+0000] {processor.py:758} INFO - Processing file /usr/local/lib/python3.10/dist-packages/airflow/example_dags/example_trigger_target_dag.py for tasks to queue
[2022-10-04T03:48:29.460+0000] {logging_mixin.py:117} INFO - [2022-10-04T03:48:29.460+0000] {dagbag.py:525} INFO - Filling up the DagBag from /usr/local/lib/python3.10/dist-packages/airflow/example_dags/example_trigger_target_dag.py
[2022-10-04T03:48:29.483+0000] {processor.py:768} INFO - DAG(s) dict_keys(['example_trigger_target_dag']) retrieved from /usr/local/lib/python3.10/dist-packages/airflow/example_dags/example_trigger_target_dag.py
[2022-10-04T03:48:29.506+0000] {logging_mixin.py:117} INFO - [2022-10-04T03:48:29.506+0000] {dag.py:2573} INFO - Sync 1 DAGs
[2022-10-04T03:48:29.523+0000] {logging_mixin.py:117} INFO - [2022-10-04T03:48:29.523+0000] {dag.py:3324} INFO - Setting next_dagrun for example_trigger_target_dag to None, run_after=None
[2022-10-04T03:48:29.546+0000] {processor.py:178} INFO - Processing /usr/local/lib/python3.10/dist-packages/airflow/example_dags/example_trigger_target_dag.py took 0.090 seconds
[2022-10-04T03:49:53.586+0000] {processor.py:156} INFO - Started process (PID=1266) to work on /usr/local/lib/python3.10/dist-packages/airflow/example_dags/example_trigger_target_dag.py
[2022-10-04T03:49:53.588+0000] {processor.py:758} INFO - Processing file /usr/local/lib/python3.10/dist-packages/airflow/example_dags/example_trigger_target_dag.py for tasks to queue
[2022-10-04T03:49:53.588+0000] {logging_mixin.py:117} INFO - [2022-10-04T03:49:53.588+0000] {dagbag.py:525} INFO - Filling up the DagBag from /usr/local/lib/python3.10/dist-packages/airflow/example_dags/example_trigger_target_dag.py
[2022-10-04T03:49:53.610+0000] {processor.py:768} INFO - DAG(s) dict_keys(['example_trigger_target_dag']) retrieved from /usr/local/lib/python3.10/dist-packages/airflow/example_dags/example_trigger_target_dag.py
[2022-10-04T03:49:53.636+0000] {logging_mixin.py:117} INFO - [2022-10-04T03:49:53.636+0000] {dag.py:2573} INFO - Sync 1 DAGs
[2022-10-04T03:49:53.654+0000] {logging_mixin.py:117} INFO - [2022-10-04T03:49:53.654+0000] {dag.py:3324} INFO - Setting next_dagrun for example_trigger_target_dag to None, run_after=None
[2022-10-04T03:49:53.676+0000] {processor.py:178} INFO - Processing /usr/local/lib/python3.10/dist-packages/airflow/example_dags/example_trigger_target_dag.py took 0.093 seconds
[2022-10-04T03:50:36.771+0000] {processor.py:156} INFO - Started process (PID=1304) to work on /usr/local/lib/python3.10/dist-packages/airflow/example_dags/example_trigger_target_dag.py
[2022-10-04T03:50:36.772+0000] {processor.py:758} INFO - Processing file /usr/local/lib/python3.10/dist-packages/airflow/example_dags/example_trigger_target_dag.py for tasks to queue
[2022-10-04T03:50:36.773+0000] {logging_mixin.py:117} INFO - [2022-10-04T03:50:36.773+0000] {dagbag.py:525} INFO - Filling up the DagBag from /usr/local/lib/python3.10/dist-packages/airflow/example_dags/example_trigger_target_dag.py
[2022-10-04T03:50:36.802+0000] {processor.py:768} INFO - DAG(s) dict_keys(['example_trigger_target_dag']) retrieved from /usr/local/lib/python3.10/dist-packages/airflow/example_dags/example_trigger_target_dag.py
[2022-10-04T03:50:36.831+0000] {logging_mixin.py:117} INFO - [2022-10-04T03:50:36.831+0000] {dag.py:2573} INFO - Sync 1 DAGs
[2022-10-04T03:50:36.851+0000] {logging_mixin.py:117} INFO - [2022-10-04T03:50:36.851+0000] {dag.py:3324} INFO - Setting next_dagrun for example_trigger_target_dag to None, run_after=None
[2022-10-04T03:50:36.875+0000] {processor.py:178} INFO - Processing /usr/local/lib/python3.10/dist-packages/airflow/example_dags/example_trigger_target_dag.py took 0.107 seconds
[2022-10-04T03:51:15.073+0000] {processor.py:156} INFO - Started process (PID=1349) to work on /usr/local/lib/python3.10/dist-packages/airflow/example_dags/example_trigger_target_dag.py
[2022-10-04T03:51:15.074+0000] {processor.py:758} INFO - Processing file /usr/local/lib/python3.10/dist-packages/airflow/example_dags/example_trigger_target_dag.py for tasks to queue
[2022-10-04T03:51:15.075+0000] {logging_mixin.py:117} INFO - [2022-10-04T03:51:15.075+0000] {dagbag.py:525} INFO - Filling up the DagBag from /usr/local/lib/python3.10/dist-packages/airflow/example_dags/example_trigger_target_dag.py
[2022-10-04T03:51:15.102+0000] {processor.py:768} INFO - DAG(s) dict_keys(['example_trigger_target_dag']) retrieved from /usr/local/lib/python3.10/dist-packages/airflow/example_dags/example_trigger_target_dag.py
[2022-10-04T03:51:15.127+0000] {logging_mixin.py:117} INFO - [2022-10-04T03:51:15.127+0000] {dag.py:2573} INFO - Sync 1 DAGs
[2022-10-04T03:51:15.146+0000] {logging_mixin.py:117} INFO - [2022-10-04T03:51:15.146+0000] {dag.py:3324} INFO - Setting next_dagrun for example_trigger_target_dag to None, run_after=None
[2022-10-04T03:51:15.170+0000] {processor.py:178} INFO - Processing /usr/local/lib/python3.10/dist-packages/airflow/example_dags/example_trigger_target_dag.py took 0.099 seconds
[2022-10-04T03:51:55.020+0000] {processor.py:156} INFO - Started process (PID=1386) to work on /usr/local/lib/python3.10/dist-packages/airflow/example_dags/example_trigger_target_dag.py
[2022-10-04T03:51:55.021+0000] {processor.py:758} INFO - Processing file /usr/local/lib/python3.10/dist-packages/airflow/example_dags/example_trigger_target_dag.py for tasks to queue
[2022-10-04T03:51:55.022+0000] {logging_mixin.py:117} INFO - [2022-10-04T03:51:55.021+0000] {dagbag.py:525} INFO - Filling up the DagBag from /usr/local/lib/python3.10/dist-packages/airflow/example_dags/example_trigger_target_dag.py
[2022-10-04T03:51:55.046+0000] {processor.py:768} INFO - DAG(s) dict_keys(['example_trigger_target_dag']) retrieved from /usr/local/lib/python3.10/dist-packages/airflow/example_dags/example_trigger_target_dag.py
[2022-10-04T03:51:55.074+0000] {logging_mixin.py:117} INFO - [2022-10-04T03:51:55.073+0000] {dag.py:2573} INFO - Sync 1 DAGs
[2022-10-04T03:51:55.091+0000] {logging_mixin.py:117} INFO - [2022-10-04T03:51:55.091+0000] {dag.py:3324} INFO - Setting next_dagrun for example_trigger_target_dag to None, run_after=None
[2022-10-04T03:51:55.114+0000] {processor.py:178} INFO - Processing /usr/local/lib/python3.10/dist-packages/airflow/example_dags/example_trigger_target_dag.py took 0.097 seconds
[2022-10-04T03:52:34.036+0000] {processor.py:156} INFO - Started process (PID=1425) to work on /usr/local/lib/python3.10/dist-packages/airflow/example_dags/example_trigger_target_dag.py
[2022-10-04T03:52:34.037+0000] {processor.py:758} INFO - Processing file /usr/local/lib/python3.10/dist-packages/airflow/example_dags/example_trigger_target_dag.py for tasks to queue
[2022-10-04T03:52:34.038+0000] {logging_mixin.py:117} INFO - [2022-10-04T03:52:34.038+0000] {dagbag.py:525} INFO - Filling up the DagBag from /usr/local/lib/python3.10/dist-packages/airflow/example_dags/example_trigger_target_dag.py
[2022-10-04T03:52:34.062+0000] {processor.py:768} INFO - DAG(s) dict_keys(['example_trigger_target_dag']) retrieved from /usr/local/lib/python3.10/dist-packages/airflow/example_dags/example_trigger_target_dag.py
[2022-10-04T03:52:34.090+0000] {logging_mixin.py:117} INFO - [2022-10-04T03:52:34.090+0000] {dag.py:2573} INFO - Sync 1 DAGs
[2022-10-04T03:52:34.111+0000] {logging_mixin.py:117} INFO - [2022-10-04T03:52:34.110+0000] {dag.py:3324} INFO - Setting next_dagrun for example_trigger_target_dag to None, run_after=None
[2022-10-04T03:52:34.135+0000] {processor.py:178} INFO - Processing /usr/local/lib/python3.10/dist-packages/airflow/example_dags/example_trigger_target_dag.py took 0.102 seconds
[2022-10-04T03:53:14.430+0000] {processor.py:156} INFO - Started process (PID=1464) to work on /usr/local/lib/python3.10/dist-packages/airflow/example_dags/example_trigger_target_dag.py
[2022-10-04T03:53:14.431+0000] {processor.py:758} INFO - Processing file /usr/local/lib/python3.10/dist-packages/airflow/example_dags/example_trigger_target_dag.py for tasks to queue
[2022-10-04T03:53:14.432+0000] {logging_mixin.py:117} INFO - [2022-10-04T03:53:14.432+0000] {dagbag.py:525} INFO - Filling up the DagBag from /usr/local/lib/python3.10/dist-packages/airflow/example_dags/example_trigger_target_dag.py
[2022-10-04T03:53:14.453+0000] {processor.py:768} INFO - DAG(s) dict_keys(['example_trigger_target_dag']) retrieved from /usr/local/lib/python3.10/dist-packages/airflow/example_dags/example_trigger_target_dag.py
[2022-10-04T03:53:14.477+0000] {logging_mixin.py:117} INFO - [2022-10-04T03:53:14.477+0000] {dag.py:2573} INFO - Sync 1 DAGs
[2022-10-04T03:53:14.495+0000] {logging_mixin.py:117} INFO - [2022-10-04T03:53:14.495+0000] {dag.py:3324} INFO - Setting next_dagrun for example_trigger_target_dag to None, run_after=None
[2022-10-04T03:53:14.517+0000] {processor.py:178} INFO - Processing /usr/local/lib/python3.10/dist-packages/airflow/example_dags/example_trigger_target_dag.py took 0.089 seconds
[2022-10-04T03:53:52.274+0000] {processor.py:156} INFO - Started process (PID=1505) to work on /usr/local/lib/python3.10/dist-packages/airflow/example_dags/example_trigger_target_dag.py
[2022-10-04T03:53:52.275+0000] {processor.py:758} INFO - Processing file /usr/local/lib/python3.10/dist-packages/airflow/example_dags/example_trigger_target_dag.py for tasks to queue
[2022-10-04T03:53:52.276+0000] {logging_mixin.py:117} INFO - [2022-10-04T03:53:52.276+0000] {dagbag.py:525} INFO - Filling up the DagBag from /usr/local/lib/python3.10/dist-packages/airflow/example_dags/example_trigger_target_dag.py
[2022-10-04T03:53:52.303+0000] {processor.py:768} INFO - DAG(s) dict_keys(['example_trigger_target_dag']) retrieved from /usr/local/lib/python3.10/dist-packages/airflow/example_dags/example_trigger_target_dag.py
[2022-10-04T03:53:52.329+0000] {logging_mixin.py:117} INFO - [2022-10-04T03:53:52.329+0000] {dag.py:2573} INFO - Sync 1 DAGs
[2022-10-04T03:53:52.350+0000] {logging_mixin.py:117} INFO - [2022-10-04T03:53:52.350+0000] {dag.py:3324} INFO - Setting next_dagrun for example_trigger_target_dag to None, run_after=None
[2022-10-04T03:53:52.376+0000] {processor.py:178} INFO - Processing /usr/local/lib/python3.10/dist-packages/airflow/example_dags/example_trigger_target_dag.py took 0.104 seconds
[2022-10-04T03:55:04.645+0000] {processor.py:156} INFO - Started process (PID=1600) to work on /usr/local/lib/python3.10/dist-packages/airflow/example_dags/example_trigger_target_dag.py
[2022-10-04T03:55:04.647+0000] {processor.py:758} INFO - Processing file /usr/local/lib/python3.10/dist-packages/airflow/example_dags/example_trigger_target_dag.py for tasks to queue
[2022-10-04T03:55:04.647+0000] {logging_mixin.py:117} INFO - [2022-10-04T03:55:04.647+0000] {dagbag.py:525} INFO - Filling up the DagBag from /usr/local/lib/python3.10/dist-packages/airflow/example_dags/example_trigger_target_dag.py
[2022-10-04T03:55:04.670+0000] {processor.py:768} INFO - DAG(s) dict_keys(['example_trigger_target_dag']) retrieved from /usr/local/lib/python3.10/dist-packages/airflow/example_dags/example_trigger_target_dag.py
[2022-10-04T03:55:04.696+0000] {logging_mixin.py:117} INFO - [2022-10-04T03:55:04.696+0000] {dag.py:2573} INFO - Sync 1 DAGs
[2022-10-04T03:55:04.714+0000] {logging_mixin.py:117} INFO - [2022-10-04T03:55:04.714+0000] {dag.py:3324} INFO - Setting next_dagrun for example_trigger_target_dag to None, run_after=None
[2022-10-04T03:55:04.736+0000] {processor.py:178} INFO - Processing /usr/local/lib/python3.10/dist-packages/airflow/example_dags/example_trigger_target_dag.py took 0.094 seconds
[2022-10-04T04:35:51.744+0000] {processor.py:156} INFO - Started process (PID=1797) to work on /usr/local/lib/python3.10/dist-packages/airflow/example_dags/example_trigger_target_dag.py
[2022-10-04T04:35:51.745+0000] {processor.py:758} INFO - Processing file /usr/local/lib/python3.10/dist-packages/airflow/example_dags/example_trigger_target_dag.py for tasks to queue
[2022-10-04T04:35:51.746+0000] {logging_mixin.py:117} INFO - [2022-10-04T04:35:51.746+0000] {dagbag.py:525} INFO - Filling up the DagBag from /usr/local/lib/python3.10/dist-packages/airflow/example_dags/example_trigger_target_dag.py
[2022-10-04T04:35:51.771+0000] {processor.py:768} INFO - DAG(s) dict_keys(['example_trigger_target_dag']) retrieved from /usr/local/lib/python3.10/dist-packages/airflow/example_dags/example_trigger_target_dag.py
[2022-10-04T04:35:51.797+0000] {logging_mixin.py:117} INFO - [2022-10-04T04:35:51.797+0000] {dag.py:2573} INFO - Sync 1 DAGs
[2022-10-04T04:35:51.818+0000] {logging_mixin.py:117} INFO - [2022-10-04T04:35:51.818+0000] {dag.py:3324} INFO - Setting next_dagrun for example_trigger_target_dag to None, run_after=None
[2022-10-04T04:35:51.840+0000] {processor.py:178} INFO - Processing /usr/local/lib/python3.10/dist-packages/airflow/example_dags/example_trigger_target_dag.py took 0.099 seconds
[2022-10-04T04:37:30.713+0000] {processor.py:156} INFO - Started process (PID=1882) to work on /usr/local/lib/python3.10/dist-packages/airflow/example_dags/example_trigger_target_dag.py
[2022-10-04T04:37:30.714+0000] {processor.py:758} INFO - Processing file /usr/local/lib/python3.10/dist-packages/airflow/example_dags/example_trigger_target_dag.py for tasks to queue
[2022-10-04T04:37:30.715+0000] {logging_mixin.py:117} INFO - [2022-10-04T04:37:30.715+0000] {dagbag.py:525} INFO - Filling up the DagBag from /usr/local/lib/python3.10/dist-packages/airflow/example_dags/example_trigger_target_dag.py
[2022-10-04T04:37:30.736+0000] {processor.py:768} INFO - DAG(s) dict_keys(['example_trigger_target_dag']) retrieved from /usr/local/lib/python3.10/dist-packages/airflow/example_dags/example_trigger_target_dag.py
[2022-10-04T04:37:30.762+0000] {logging_mixin.py:117} INFO - [2022-10-04T04:37:30.761+0000] {dag.py:2573} INFO - Sync 1 DAGs
[2022-10-04T04:37:30.778+0000] {logging_mixin.py:117} INFO - [2022-10-04T04:37:30.778+0000] {dag.py:3324} INFO - Setting next_dagrun for example_trigger_target_dag to None, run_after=None
[2022-10-04T04:37:30.800+0000] {processor.py:178} INFO - Processing /usr/local/lib/python3.10/dist-packages/airflow/example_dags/example_trigger_target_dag.py took 0.090 seconds
[2022-10-04T04:46:04.104+0000] {processor.py:156} INFO - Started process (PID=2012) to work on /usr/local/lib/python3.10/dist-packages/airflow/example_dags/example_trigger_target_dag.py
[2022-10-04T04:46:04.105+0000] {processor.py:758} INFO - Processing file /usr/local/lib/python3.10/dist-packages/airflow/example_dags/example_trigger_target_dag.py for tasks to queue
[2022-10-04T04:46:04.106+0000] {logging_mixin.py:117} INFO - [2022-10-04T04:46:04.105+0000] {dagbag.py:525} INFO - Filling up the DagBag from /usr/local/lib/python3.10/dist-packages/airflow/example_dags/example_trigger_target_dag.py
[2022-10-04T04:46:04.126+0000] {processor.py:768} INFO - DAG(s) dict_keys(['example_trigger_target_dag']) retrieved from /usr/local/lib/python3.10/dist-packages/airflow/example_dags/example_trigger_target_dag.py
[2022-10-04T04:46:04.148+0000] {logging_mixin.py:117} INFO - [2022-10-04T04:46:04.148+0000] {dag.py:2573} INFO - Sync 1 DAGs
[2022-10-04T04:46:04.162+0000] {logging_mixin.py:117} INFO - [2022-10-04T04:46:04.162+0000] {dag.py:3324} INFO - Setting next_dagrun for example_trigger_target_dag to None, run_after=None
[2022-10-04T04:46:04.184+0000] {processor.py:178} INFO - Processing /usr/local/lib/python3.10/dist-packages/airflow/example_dags/example_trigger_target_dag.py took 0.083 seconds
[2022-10-04T04:46:41.579+0000] {processor.py:156} INFO - Started process (PID=2049) to work on /usr/local/lib/python3.10/dist-packages/airflow/example_dags/example_trigger_target_dag.py
[2022-10-04T04:46:41.581+0000] {processor.py:758} INFO - Processing file /usr/local/lib/python3.10/dist-packages/airflow/example_dags/example_trigger_target_dag.py for tasks to queue
[2022-10-04T04:46:41.582+0000] {logging_mixin.py:117} INFO - [2022-10-04T04:46:41.582+0000] {dagbag.py:525} INFO - Filling up the DagBag from /usr/local/lib/python3.10/dist-packages/airflow/example_dags/example_trigger_target_dag.py
[2022-10-04T04:46:41.613+0000] {processor.py:768} INFO - DAG(s) dict_keys(['example_trigger_target_dag']) retrieved from /usr/local/lib/python3.10/dist-packages/airflow/example_dags/example_trigger_target_dag.py
[2022-10-04T04:46:41.633+0000] {logging_mixin.py:117} INFO - [2022-10-04T04:46:41.633+0000] {dag.py:2573} INFO - Sync 1 DAGs
[2022-10-04T04:46:41.649+0000] {logging_mixin.py:117} INFO - [2022-10-04T04:46:41.649+0000] {dag.py:3324} INFO - Setting next_dagrun for example_trigger_target_dag to None, run_after=None
[2022-10-04T04:46:41.676+0000] {processor.py:178} INFO - Processing /usr/local/lib/python3.10/dist-packages/airflow/example_dags/example_trigger_target_dag.py took 0.102 seconds
[2022-10-04T04:47:21.420+0000] {processor.py:156} INFO - Started process (PID=2087) to work on /usr/local/lib/python3.10/dist-packages/airflow/example_dags/example_trigger_target_dag.py
[2022-10-04T04:47:21.421+0000] {processor.py:758} INFO - Processing file /usr/local/lib/python3.10/dist-packages/airflow/example_dags/example_trigger_target_dag.py for tasks to queue
[2022-10-04T04:47:21.422+0000] {logging_mixin.py:117} INFO - [2022-10-04T04:47:21.422+0000] {dagbag.py:525} INFO - Filling up the DagBag from /usr/local/lib/python3.10/dist-packages/airflow/example_dags/example_trigger_target_dag.py
[2022-10-04T04:47:21.439+0000] {processor.py:768} INFO - DAG(s) dict_keys(['example_trigger_target_dag']) retrieved from /usr/local/lib/python3.10/dist-packages/airflow/example_dags/example_trigger_target_dag.py
[2022-10-04T04:47:21.461+0000] {logging_mixin.py:117} INFO - [2022-10-04T04:47:21.461+0000] {dag.py:2573} INFO - Sync 1 DAGs
[2022-10-04T04:47:21.476+0000] {logging_mixin.py:117} INFO - [2022-10-04T04:47:21.476+0000] {dag.py:3324} INFO - Setting next_dagrun for example_trigger_target_dag to None, run_after=None
[2022-10-04T04:47:21.498+0000] {processor.py:178} INFO - Processing /usr/local/lib/python3.10/dist-packages/airflow/example_dags/example_trigger_target_dag.py took 0.081 seconds
[2022-10-04T04:47:58.616+0000] {processor.py:156} INFO - Started process (PID=2125) to work on /usr/local/lib/python3.10/dist-packages/airflow/example_dags/example_trigger_target_dag.py
[2022-10-04T04:47:58.617+0000] {processor.py:758} INFO - Processing file /usr/local/lib/python3.10/dist-packages/airflow/example_dags/example_trigger_target_dag.py for tasks to queue
[2022-10-04T04:47:58.618+0000] {logging_mixin.py:117} INFO - [2022-10-04T04:47:58.618+0000] {dagbag.py:525} INFO - Filling up the DagBag from /usr/local/lib/python3.10/dist-packages/airflow/example_dags/example_trigger_target_dag.py
[2022-10-04T04:47:58.647+0000] {processor.py:768} INFO - DAG(s) dict_keys(['example_trigger_target_dag']) retrieved from /usr/local/lib/python3.10/dist-packages/airflow/example_dags/example_trigger_target_dag.py
[2022-10-04T04:47:58.669+0000] {logging_mixin.py:117} INFO - [2022-10-04T04:47:58.669+0000] {dag.py:2573} INFO - Sync 1 DAGs
[2022-10-04T04:47:58.687+0000] {logging_mixin.py:117} INFO - [2022-10-04T04:47:58.687+0000] {dag.py:3324} INFO - Setting next_dagrun for example_trigger_target_dag to None, run_after=None
[2022-10-04T04:47:58.722+0000] {processor.py:178} INFO - Processing /usr/local/lib/python3.10/dist-packages/airflow/example_dags/example_trigger_target_dag.py took 0.110 seconds
[2022-10-04T04:48:35.286+0000] {processor.py:156} INFO - Started process (PID=2162) to work on /usr/local/lib/python3.10/dist-packages/airflow/example_dags/example_trigger_target_dag.py
[2022-10-04T04:48:35.287+0000] {processor.py:758} INFO - Processing file /usr/local/lib/python3.10/dist-packages/airflow/example_dags/example_trigger_target_dag.py for tasks to queue
[2022-10-04T04:48:35.288+0000] {logging_mixin.py:117} INFO - [2022-10-04T04:48:35.288+0000] {dagbag.py:525} INFO - Filling up the DagBag from /usr/local/lib/python3.10/dist-packages/airflow/example_dags/example_trigger_target_dag.py
[2022-10-04T04:48:35.306+0000] {processor.py:768} INFO - DAG(s) dict_keys(['example_trigger_target_dag']) retrieved from /usr/local/lib/python3.10/dist-packages/airflow/example_dags/example_trigger_target_dag.py
[2022-10-04T04:48:35.328+0000] {logging_mixin.py:117} INFO - [2022-10-04T04:48:35.328+0000] {dag.py:2573} INFO - Sync 1 DAGs
[2022-10-04T04:48:35.346+0000] {logging_mixin.py:117} INFO - [2022-10-04T04:48:35.346+0000] {dag.py:3324} INFO - Setting next_dagrun for example_trigger_target_dag to None, run_after=None
[2022-10-04T04:48:35.370+0000] {processor.py:178} INFO - Processing /usr/local/lib/python3.10/dist-packages/airflow/example_dags/example_trigger_target_dag.py took 0.087 seconds
[2022-10-04T04:49:12.145+0000] {processor.py:156} INFO - Started process (PID=2200) to work on /usr/local/lib/python3.10/dist-packages/airflow/example_dags/example_trigger_target_dag.py
[2022-10-04T04:49:12.146+0000] {processor.py:758} INFO - Processing file /usr/local/lib/python3.10/dist-packages/airflow/example_dags/example_trigger_target_dag.py for tasks to queue
[2022-10-04T04:49:12.147+0000] {logging_mixin.py:117} INFO - [2022-10-04T04:49:12.147+0000] {dagbag.py:525} INFO - Filling up the DagBag from /usr/local/lib/python3.10/dist-packages/airflow/example_dags/example_trigger_target_dag.py
[2022-10-04T04:49:12.166+0000] {processor.py:768} INFO - DAG(s) dict_keys(['example_trigger_target_dag']) retrieved from /usr/local/lib/python3.10/dist-packages/airflow/example_dags/example_trigger_target_dag.py
[2022-10-04T04:49:12.187+0000] {logging_mixin.py:117} INFO - [2022-10-04T04:49:12.187+0000] {dag.py:2573} INFO - Sync 1 DAGs
[2022-10-04T04:49:12.205+0000] {logging_mixin.py:117} INFO - [2022-10-04T04:49:12.205+0000] {dag.py:3324} INFO - Setting next_dagrun for example_trigger_target_dag to None, run_after=None
[2022-10-04T04:49:12.227+0000] {processor.py:178} INFO - Processing /usr/local/lib/python3.10/dist-packages/airflow/example_dags/example_trigger_target_dag.py took 0.085 seconds
[2022-10-04T04:49:50.599+0000] {processor.py:156} INFO - Started process (PID=2237) to work on /usr/local/lib/python3.10/dist-packages/airflow/example_dags/example_trigger_target_dag.py
[2022-10-04T04:49:50.601+0000] {processor.py:758} INFO - Processing file /usr/local/lib/python3.10/dist-packages/airflow/example_dags/example_trigger_target_dag.py for tasks to queue
[2022-10-04T04:49:50.601+0000] {logging_mixin.py:117} INFO - [2022-10-04T04:49:50.601+0000] {dagbag.py:525} INFO - Filling up the DagBag from /usr/local/lib/python3.10/dist-packages/airflow/example_dags/example_trigger_target_dag.py
[2022-10-04T04:49:50.618+0000] {processor.py:768} INFO - DAG(s) dict_keys(['example_trigger_target_dag']) retrieved from /usr/local/lib/python3.10/dist-packages/airflow/example_dags/example_trigger_target_dag.py
[2022-10-04T04:49:50.639+0000] {logging_mixin.py:117} INFO - [2022-10-04T04:49:50.639+0000] {dag.py:2573} INFO - Sync 1 DAGs
[2022-10-04T04:49:50.657+0000] {logging_mixin.py:117} INFO - [2022-10-04T04:49:50.656+0000] {dag.py:3324} INFO - Setting next_dagrun for example_trigger_target_dag to None, run_after=None
[2022-10-04T04:49:50.678+0000] {processor.py:178} INFO - Processing /usr/local/lib/python3.10/dist-packages/airflow/example_dags/example_trigger_target_dag.py took 0.082 seconds
[2022-10-04T04:50:29.143+0000] {processor.py:156} INFO - Started process (PID=2276) to work on /usr/local/lib/python3.10/dist-packages/airflow/example_dags/example_trigger_target_dag.py
[2022-10-04T04:50:29.146+0000] {processor.py:758} INFO - Processing file /usr/local/lib/python3.10/dist-packages/airflow/example_dags/example_trigger_target_dag.py for tasks to queue
[2022-10-04T04:50:29.146+0000] {logging_mixin.py:117} INFO - [2022-10-04T04:50:29.146+0000] {dagbag.py:525} INFO - Filling up the DagBag from /usr/local/lib/python3.10/dist-packages/airflow/example_dags/example_trigger_target_dag.py
[2022-10-04T04:50:29.193+0000] {processor.py:768} INFO - DAG(s) dict_keys(['example_trigger_target_dag']) retrieved from /usr/local/lib/python3.10/dist-packages/airflow/example_dags/example_trigger_target_dag.py
[2022-10-04T04:50:29.238+0000] {logging_mixin.py:117} INFO - [2022-10-04T04:50:29.238+0000] {dag.py:2573} INFO - Sync 1 DAGs
[2022-10-04T04:50:29.272+0000] {logging_mixin.py:117} INFO - [2022-10-04T04:50:29.271+0000] {dag.py:3324} INFO - Setting next_dagrun for example_trigger_target_dag to None, run_after=None
[2022-10-04T04:50:29.308+0000] {processor.py:178} INFO - Processing /usr/local/lib/python3.10/dist-packages/airflow/example_dags/example_trigger_target_dag.py took 0.170 seconds
[2022-10-04T04:51:09.466+0000] {processor.py:156} INFO - Started process (PID=2317) to work on /usr/local/lib/python3.10/dist-packages/airflow/example_dags/example_trigger_target_dag.py
[2022-10-04T04:51:09.468+0000] {processor.py:758} INFO - Processing file /usr/local/lib/python3.10/dist-packages/airflow/example_dags/example_trigger_target_dag.py for tasks to queue
[2022-10-04T04:51:09.469+0000] {logging_mixin.py:117} INFO - [2022-10-04T04:51:09.468+0000] {dagbag.py:525} INFO - Filling up the DagBag from /usr/local/lib/python3.10/dist-packages/airflow/example_dags/example_trigger_target_dag.py
[2022-10-04T04:51:09.488+0000] {processor.py:768} INFO - DAG(s) dict_keys(['example_trigger_target_dag']) retrieved from /usr/local/lib/python3.10/dist-packages/airflow/example_dags/example_trigger_target_dag.py
[2022-10-04T04:51:09.509+0000] {logging_mixin.py:117} INFO - [2022-10-04T04:51:09.509+0000] {dag.py:2573} INFO - Sync 1 DAGs
[2022-10-04T04:51:09.526+0000] {logging_mixin.py:117} INFO - [2022-10-04T04:51:09.526+0000] {dag.py:3324} INFO - Setting next_dagrun for example_trigger_target_dag to None, run_after=None
[2022-10-04T04:51:09.548+0000] {processor.py:178} INFO - Processing /usr/local/lib/python3.10/dist-packages/airflow/example_dags/example_trigger_target_dag.py took 0.084 seconds
[2022-10-04T04:51:52.050+0000] {processor.py:156} INFO - Started process (PID=2357) to work on /usr/local/lib/python3.10/dist-packages/airflow/example_dags/example_trigger_target_dag.py
[2022-10-04T04:51:52.052+0000] {processor.py:758} INFO - Processing file /usr/local/lib/python3.10/dist-packages/airflow/example_dags/example_trigger_target_dag.py for tasks to queue
[2022-10-04T04:51:52.053+0000] {logging_mixin.py:117} INFO - [2022-10-04T04:51:52.052+0000] {dagbag.py:525} INFO - Filling up the DagBag from /usr/local/lib/python3.10/dist-packages/airflow/example_dags/example_trigger_target_dag.py
[2022-10-04T04:51:52.077+0000] {processor.py:768} INFO - DAG(s) dict_keys(['example_trigger_target_dag']) retrieved from /usr/local/lib/python3.10/dist-packages/airflow/example_dags/example_trigger_target_dag.py
[2022-10-04T04:51:52.101+0000] {logging_mixin.py:117} INFO - [2022-10-04T04:51:52.101+0000] {dag.py:2573} INFO - Sync 1 DAGs
[2022-10-04T04:51:52.116+0000] {logging_mixin.py:117} INFO - [2022-10-04T04:51:52.116+0000] {dag.py:3324} INFO - Setting next_dagrun for example_trigger_target_dag to None, run_after=None
[2022-10-04T04:51:52.153+0000] {processor.py:178} INFO - Processing /usr/local/lib/python3.10/dist-packages/airflow/example_dags/example_trigger_target_dag.py took 0.107 seconds
[2022-10-04T04:52:28.805+0000] {processor.py:156} INFO - Started process (PID=2395) to work on /usr/local/lib/python3.10/dist-packages/airflow/example_dags/example_trigger_target_dag.py
[2022-10-04T04:52:28.807+0000] {processor.py:758} INFO - Processing file /usr/local/lib/python3.10/dist-packages/airflow/example_dags/example_trigger_target_dag.py for tasks to queue
[2022-10-04T04:52:28.807+0000] {logging_mixin.py:117} INFO - [2022-10-04T04:52:28.807+0000] {dagbag.py:525} INFO - Filling up the DagBag from /usr/local/lib/python3.10/dist-packages/airflow/example_dags/example_trigger_target_dag.py
[2022-10-04T04:52:28.836+0000] {processor.py:768} INFO - DAG(s) dict_keys(['example_trigger_target_dag']) retrieved from /usr/local/lib/python3.10/dist-packages/airflow/example_dags/example_trigger_target_dag.py
[2022-10-04T04:52:28.860+0000] {logging_mixin.py:117} INFO - [2022-10-04T04:52:28.859+0000] {dag.py:2573} INFO - Sync 1 DAGs
[2022-10-04T04:52:28.877+0000] {logging_mixin.py:117} INFO - [2022-10-04T04:52:28.877+0000] {dag.py:3324} INFO - Setting next_dagrun for example_trigger_target_dag to None, run_after=None
[2022-10-04T04:52:28.903+0000] {processor.py:178} INFO - Processing /usr/local/lib/python3.10/dist-packages/airflow/example_dags/example_trigger_target_dag.py took 0.101 seconds
[2022-10-04T04:53:11.792+0000] {processor.py:156} INFO - Started process (PID=2437) to work on /usr/local/lib/python3.10/dist-packages/airflow/example_dags/example_trigger_target_dag.py
[2022-10-04T04:53:11.793+0000] {processor.py:758} INFO - Processing file /usr/local/lib/python3.10/dist-packages/airflow/example_dags/example_trigger_target_dag.py for tasks to queue
[2022-10-04T04:53:11.794+0000] {logging_mixin.py:117} INFO - [2022-10-04T04:53:11.794+0000] {dagbag.py:525} INFO - Filling up the DagBag from /usr/local/lib/python3.10/dist-packages/airflow/example_dags/example_trigger_target_dag.py
[2022-10-04T04:53:11.811+0000] {processor.py:768} INFO - DAG(s) dict_keys(['example_trigger_target_dag']) retrieved from /usr/local/lib/python3.10/dist-packages/airflow/example_dags/example_trigger_target_dag.py
[2022-10-04T04:53:11.831+0000] {logging_mixin.py:117} INFO - [2022-10-04T04:53:11.831+0000] {dag.py:2573} INFO - Sync 1 DAGs
[2022-10-04T04:53:11.847+0000] {logging_mixin.py:117} INFO - [2022-10-04T04:53:11.847+0000] {dag.py:3324} INFO - Setting next_dagrun for example_trigger_target_dag to None, run_after=None
[2022-10-04T04:53:11.868+0000] {processor.py:178} INFO - Processing /usr/local/lib/python3.10/dist-packages/airflow/example_dags/example_trigger_target_dag.py took 0.080 seconds
[2022-10-04T04:53:48.715+0000] {processor.py:156} INFO - Started process (PID=2475) to work on /usr/local/lib/python3.10/dist-packages/airflow/example_dags/example_trigger_target_dag.py
[2022-10-04T04:53:48.717+0000] {processor.py:758} INFO - Processing file /usr/local/lib/python3.10/dist-packages/airflow/example_dags/example_trigger_target_dag.py for tasks to queue
[2022-10-04T04:53:48.717+0000] {logging_mixin.py:117} INFO - [2022-10-04T04:53:48.717+0000] {dagbag.py:525} INFO - Filling up the DagBag from /usr/local/lib/python3.10/dist-packages/airflow/example_dags/example_trigger_target_dag.py
[2022-10-04T04:53:48.736+0000] {processor.py:768} INFO - DAG(s) dict_keys(['example_trigger_target_dag']) retrieved from /usr/local/lib/python3.10/dist-packages/airflow/example_dags/example_trigger_target_dag.py
[2022-10-04T04:53:48.757+0000] {logging_mixin.py:117} INFO - [2022-10-04T04:53:48.756+0000] {dag.py:2573} INFO - Sync 1 DAGs
[2022-10-04T04:53:48.773+0000] {logging_mixin.py:117} INFO - [2022-10-04T04:53:48.773+0000] {dag.py:3324} INFO - Setting next_dagrun for example_trigger_target_dag to None, run_after=None
[2022-10-04T04:53:48.799+0000] {processor.py:178} INFO - Processing /usr/local/lib/python3.10/dist-packages/airflow/example_dags/example_trigger_target_dag.py took 0.087 seconds
