[2022-10-04T03:09:12.535+0000] {processor.py:156} INFO - Started process (PID=7690) to work on /usr/local/lib/python3.10/dist-packages/airflow/example_dags/example_time_delta_sensor_async.py
[2022-10-04T03:09:12.536+0000] {processor.py:758} INFO - Processing file /usr/local/lib/python3.10/dist-packages/airflow/example_dags/example_time_delta_sensor_async.py for tasks to queue
[2022-10-04T03:09:12.536+0000] {logging_mixin.py:117} INFO - [2022-10-04T03:09:12.536+0000] {dagbag.py:525} INFO - Filling up the DagBag from /usr/local/lib/python3.10/dist-packages/airflow/example_dags/example_time_delta_sensor_async.py
[2022-10-04T03:09:12.550+0000] {processor.py:768} INFO - DAG(s) dict_keys(['example_time_delta_sensor_async']) retrieved from /usr/local/lib/python3.10/dist-packages/airflow/example_dags/example_time_delta_sensor_async.py
[2022-10-04T03:09:12.716+0000] {logging_mixin.py:117} INFO - [2022-10-04T03:09:12.716+0000] {manager.py:508} INFO - Created Permission View: can read on DAG:example_time_delta_sensor_async
[2022-10-04T03:09:12.741+0000] {logging_mixin.py:117} INFO - [2022-10-04T03:09:12.741+0000] {manager.py:508} INFO - Created Permission View: can delete on DAG:example_time_delta_sensor_async
[2022-10-04T03:09:12.752+0000] {logging_mixin.py:117} INFO - [2022-10-04T03:09:12.752+0000] {manager.py:508} INFO - Created Permission View: can edit on DAG:example_time_delta_sensor_async
[2022-10-04T03:09:12.753+0000] {logging_mixin.py:117} INFO - [2022-10-04T03:09:12.753+0000] {dag.py:2573} INFO - Sync 1 DAGs
[2022-10-04T03:09:12.761+0000] {logging_mixin.py:117} INFO - [2022-10-04T03:09:12.761+0000] {dag.py:2594} INFO - Creating ORM DAG for example_time_delta_sensor_async
[2022-10-04T03:09:12.768+0000] {logging_mixin.py:117} INFO - [2022-10-04T03:09:12.768+0000] {dag.py:3324} INFO - Setting next_dagrun for example_time_delta_sensor_async to None, run_after=None
[2022-10-04T03:09:12.787+0000] {processor.py:178} INFO - Processing /usr/local/lib/python3.10/dist-packages/airflow/example_dags/example_time_delta_sensor_async.py took 0.255 seconds
[2022-10-04T03:09:52.552+0000] {processor.py:156} INFO - Started process (PID=7727) to work on /usr/local/lib/python3.10/dist-packages/airflow/example_dags/example_time_delta_sensor_async.py
[2022-10-04T03:09:52.553+0000] {processor.py:758} INFO - Processing file /usr/local/lib/python3.10/dist-packages/airflow/example_dags/example_time_delta_sensor_async.py for tasks to queue
[2022-10-04T03:09:52.554+0000] {logging_mixin.py:117} INFO - [2022-10-04T03:09:52.553+0000] {dagbag.py:525} INFO - Filling up the DagBag from /usr/local/lib/python3.10/dist-packages/airflow/example_dags/example_time_delta_sensor_async.py
[2022-10-04T03:09:52.567+0000] {processor.py:768} INFO - DAG(s) dict_keys(['example_time_delta_sensor_async']) retrieved from /usr/local/lib/python3.10/dist-packages/airflow/example_dags/example_time_delta_sensor_async.py
[2022-10-04T03:09:52.678+0000] {logging_mixin.py:117} INFO - [2022-10-04T03:09:52.678+0000] {dag.py:2573} INFO - Sync 1 DAGs
[2022-10-04T03:09:52.696+0000] {logging_mixin.py:117} INFO - [2022-10-04T03:09:52.695+0000] {dag.py:3324} INFO - Setting next_dagrun for example_time_delta_sensor_async to None, run_after=None
[2022-10-04T03:09:52.732+0000] {processor.py:178} INFO - Processing /usr/local/lib/python3.10/dist-packages/airflow/example_dags/example_time_delta_sensor_async.py took 0.186 seconds
[2022-10-04T03:10:31.970+0000] {processor.py:156} INFO - Started process (PID=7776) to work on /usr/local/lib/python3.10/dist-packages/airflow/example_dags/example_time_delta_sensor_async.py
[2022-10-04T03:10:31.972+0000] {processor.py:758} INFO - Processing file /usr/local/lib/python3.10/dist-packages/airflow/example_dags/example_time_delta_sensor_async.py for tasks to queue
[2022-10-04T03:10:31.972+0000] {logging_mixin.py:117} INFO - [2022-10-04T03:10:31.972+0000] {dagbag.py:525} INFO - Filling up the DagBag from /usr/local/lib/python3.10/dist-packages/airflow/example_dags/example_time_delta_sensor_async.py
[2022-10-04T03:10:31.989+0000] {processor.py:768} INFO - DAG(s) dict_keys(['example_time_delta_sensor_async']) retrieved from /usr/local/lib/python3.10/dist-packages/airflow/example_dags/example_time_delta_sensor_async.py
[2022-10-04T03:10:32.119+0000] {logging_mixin.py:117} INFO - [2022-10-04T03:10:32.119+0000] {dag.py:2573} INFO - Sync 1 DAGs
[2022-10-04T03:10:32.138+0000] {logging_mixin.py:117} INFO - [2022-10-04T03:10:32.138+0000] {dag.py:3324} INFO - Setting next_dagrun for example_time_delta_sensor_async to None, run_after=None
[2022-10-04T03:10:32.164+0000] {processor.py:178} INFO - Processing /usr/local/lib/python3.10/dist-packages/airflow/example_dags/example_time_delta_sensor_async.py took 0.196 seconds
[2022-10-04T03:11:13.119+0000] {processor.py:156} INFO - Started process (PID=7819) to work on /usr/local/lib/python3.10/dist-packages/airflow/example_dags/example_time_delta_sensor_async.py
[2022-10-04T03:11:13.120+0000] {processor.py:758} INFO - Processing file /usr/local/lib/python3.10/dist-packages/airflow/example_dags/example_time_delta_sensor_async.py for tasks to queue
[2022-10-04T03:11:13.120+0000] {logging_mixin.py:117} INFO - [2022-10-04T03:11:13.120+0000] {dagbag.py:525} INFO - Filling up the DagBag from /usr/local/lib/python3.10/dist-packages/airflow/example_dags/example_time_delta_sensor_async.py
[2022-10-04T03:11:13.133+0000] {processor.py:768} INFO - DAG(s) dict_keys(['example_time_delta_sensor_async']) retrieved from /usr/local/lib/python3.10/dist-packages/airflow/example_dags/example_time_delta_sensor_async.py
[2022-10-04T03:11:13.226+0000] {logging_mixin.py:117} INFO - [2022-10-04T03:11:13.226+0000] {dag.py:2573} INFO - Sync 1 DAGs
[2022-10-04T03:11:13.243+0000] {logging_mixin.py:117} INFO - [2022-10-04T03:11:13.243+0000] {dag.py:3324} INFO - Setting next_dagrun for example_time_delta_sensor_async to None, run_after=None
[2022-10-04T03:11:13.265+0000] {processor.py:178} INFO - Processing /usr/local/lib/python3.10/dist-packages/airflow/example_dags/example_time_delta_sensor_async.py took 0.148 seconds
[2022-10-04T03:11:52.441+0000] {processor.py:156} INFO - Started process (PID=7856) to work on /usr/local/lib/python3.10/dist-packages/airflow/example_dags/example_time_delta_sensor_async.py
[2022-10-04T03:11:52.442+0000] {processor.py:758} INFO - Processing file /usr/local/lib/python3.10/dist-packages/airflow/example_dags/example_time_delta_sensor_async.py for tasks to queue
[2022-10-04T03:11:52.443+0000] {logging_mixin.py:117} INFO - [2022-10-04T03:11:52.442+0000] {dagbag.py:525} INFO - Filling up the DagBag from /usr/local/lib/python3.10/dist-packages/airflow/example_dags/example_time_delta_sensor_async.py
[2022-10-04T03:11:52.456+0000] {processor.py:768} INFO - DAG(s) dict_keys(['example_time_delta_sensor_async']) retrieved from /usr/local/lib/python3.10/dist-packages/airflow/example_dags/example_time_delta_sensor_async.py
[2022-10-04T03:11:52.583+0000] {logging_mixin.py:117} INFO - [2022-10-04T03:11:52.583+0000] {dag.py:2573} INFO - Sync 1 DAGs
[2022-10-04T03:11:52.604+0000] {logging_mixin.py:117} INFO - [2022-10-04T03:11:52.604+0000] {dag.py:3324} INFO - Setting next_dagrun for example_time_delta_sensor_async to None, run_after=None
[2022-10-04T03:11:52.629+0000] {processor.py:178} INFO - Processing /usr/local/lib/python3.10/dist-packages/airflow/example_dags/example_time_delta_sensor_async.py took 0.191 seconds
[2022-10-04T03:12:30.582+0000] {processor.py:156} INFO - Started process (PID=7897) to work on /usr/local/lib/python3.10/dist-packages/airflow/example_dags/example_time_delta_sensor_async.py
[2022-10-04T03:12:30.583+0000] {processor.py:758} INFO - Processing file /usr/local/lib/python3.10/dist-packages/airflow/example_dags/example_time_delta_sensor_async.py for tasks to queue
[2022-10-04T03:12:30.584+0000] {logging_mixin.py:117} INFO - [2022-10-04T03:12:30.583+0000] {dagbag.py:525} INFO - Filling up the DagBag from /usr/local/lib/python3.10/dist-packages/airflow/example_dags/example_time_delta_sensor_async.py
[2022-10-04T03:12:30.597+0000] {processor.py:768} INFO - DAG(s) dict_keys(['example_time_delta_sensor_async']) retrieved from /usr/local/lib/python3.10/dist-packages/airflow/example_dags/example_time_delta_sensor_async.py
[2022-10-04T03:12:30.690+0000] {logging_mixin.py:117} INFO - [2022-10-04T03:12:30.690+0000] {dag.py:2573} INFO - Sync 1 DAGs
[2022-10-04T03:12:30.707+0000] {logging_mixin.py:117} INFO - [2022-10-04T03:12:30.707+0000] {dag.py:3324} INFO - Setting next_dagrun for example_time_delta_sensor_async to None, run_after=None
[2022-10-04T03:12:30.728+0000] {processor.py:178} INFO - Processing /usr/local/lib/python3.10/dist-packages/airflow/example_dags/example_time_delta_sensor_async.py took 0.148 seconds
[2022-10-04T03:13:07.686+0000] {processor.py:156} INFO - Started process (PID=7933) to work on /usr/local/lib/python3.10/dist-packages/airflow/example_dags/example_time_delta_sensor_async.py
[2022-10-04T03:13:07.687+0000] {processor.py:758} INFO - Processing file /usr/local/lib/python3.10/dist-packages/airflow/example_dags/example_time_delta_sensor_async.py for tasks to queue
[2022-10-04T03:13:07.688+0000] {logging_mixin.py:117} INFO - [2022-10-04T03:13:07.687+0000] {dagbag.py:525} INFO - Filling up the DagBag from /usr/local/lib/python3.10/dist-packages/airflow/example_dags/example_time_delta_sensor_async.py
[2022-10-04T03:13:07.705+0000] {processor.py:768} INFO - DAG(s) dict_keys(['example_time_delta_sensor_async']) retrieved from /usr/local/lib/python3.10/dist-packages/airflow/example_dags/example_time_delta_sensor_async.py
[2022-10-04T03:13:07.831+0000] {logging_mixin.py:117} INFO - [2022-10-04T03:13:07.831+0000] {dag.py:2573} INFO - Sync 1 DAGs
[2022-10-04T03:13:08.092+0000] {logging_mixin.py:117} INFO - [2022-10-04T03:13:08.092+0000] {dag.py:3324} INFO - Setting next_dagrun for example_time_delta_sensor_async to None, run_after=None
[2022-10-04T03:13:08.113+0000] {processor.py:178} INFO - Processing /usr/local/lib/python3.10/dist-packages/airflow/example_dags/example_time_delta_sensor_async.py took 0.430 seconds
[2022-10-04T03:13:47.135+0000] {processor.py:156} INFO - Started process (PID=7972) to work on /usr/local/lib/python3.10/dist-packages/airflow/example_dags/example_time_delta_sensor_async.py
[2022-10-04T03:13:47.137+0000] {processor.py:758} INFO - Processing file /usr/local/lib/python3.10/dist-packages/airflow/example_dags/example_time_delta_sensor_async.py for tasks to queue
[2022-10-04T03:13:47.137+0000] {logging_mixin.py:117} INFO - [2022-10-04T03:13:47.137+0000] {dagbag.py:525} INFO - Filling up the DagBag from /usr/local/lib/python3.10/dist-packages/airflow/example_dags/example_time_delta_sensor_async.py
[2022-10-04T03:13:47.150+0000] {processor.py:768} INFO - DAG(s) dict_keys(['example_time_delta_sensor_async']) retrieved from /usr/local/lib/python3.10/dist-packages/airflow/example_dags/example_time_delta_sensor_async.py
[2022-10-04T03:13:47.250+0000] {logging_mixin.py:117} INFO - [2022-10-04T03:13:47.250+0000] {dag.py:2573} INFO - Sync 1 DAGs
[2022-10-04T03:13:47.268+0000] {logging_mixin.py:117} INFO - [2022-10-04T03:13:47.268+0000] {dag.py:3324} INFO - Setting next_dagrun for example_time_delta_sensor_async to None, run_after=None
[2022-10-04T03:13:47.295+0000] {processor.py:178} INFO - Processing /usr/local/lib/python3.10/dist-packages/airflow/example_dags/example_time_delta_sensor_async.py took 0.162 seconds
[2022-10-04T03:14:28.091+0000] {processor.py:156} INFO - Started process (PID=8013) to work on /usr/local/lib/python3.10/dist-packages/airflow/example_dags/example_time_delta_sensor_async.py
[2022-10-04T03:14:28.092+0000] {processor.py:758} INFO - Processing file /usr/local/lib/python3.10/dist-packages/airflow/example_dags/example_time_delta_sensor_async.py for tasks to queue
[2022-10-04T03:14:28.093+0000] {logging_mixin.py:117} INFO - [2022-10-04T03:14:28.093+0000] {dagbag.py:525} INFO - Filling up the DagBag from /usr/local/lib/python3.10/dist-packages/airflow/example_dags/example_time_delta_sensor_async.py
[2022-10-04T03:14:28.106+0000] {processor.py:768} INFO - DAG(s) dict_keys(['example_time_delta_sensor_async']) retrieved from /usr/local/lib/python3.10/dist-packages/airflow/example_dags/example_time_delta_sensor_async.py
[2022-10-04T03:14:28.208+0000] {logging_mixin.py:117} INFO - [2022-10-04T03:14:28.208+0000] {dag.py:2573} INFO - Sync 1 DAGs
[2022-10-04T03:14:28.226+0000] {logging_mixin.py:117} INFO - [2022-10-04T03:14:28.225+0000] {dag.py:3324} INFO - Setting next_dagrun for example_time_delta_sensor_async to None, run_after=None
[2022-10-04T03:14:28.252+0000] {processor.py:178} INFO - Processing /usr/local/lib/python3.10/dist-packages/airflow/example_dags/example_time_delta_sensor_async.py took 0.164 seconds
[2022-10-04T03:15:05.759+0000] {processor.py:156} INFO - Started process (PID=8051) to work on /usr/local/lib/python3.10/dist-packages/airflow/example_dags/example_time_delta_sensor_async.py
[2022-10-04T03:15:05.760+0000] {processor.py:758} INFO - Processing file /usr/local/lib/python3.10/dist-packages/airflow/example_dags/example_time_delta_sensor_async.py for tasks to queue
[2022-10-04T03:15:05.761+0000] {logging_mixin.py:117} INFO - [2022-10-04T03:15:05.761+0000] {dagbag.py:525} INFO - Filling up the DagBag from /usr/local/lib/python3.10/dist-packages/airflow/example_dags/example_time_delta_sensor_async.py
[2022-10-04T03:15:05.773+0000] {processor.py:768} INFO - DAG(s) dict_keys(['example_time_delta_sensor_async']) retrieved from /usr/local/lib/python3.10/dist-packages/airflow/example_dags/example_time_delta_sensor_async.py
[2022-10-04T03:15:05.864+0000] {logging_mixin.py:117} INFO - [2022-10-04T03:15:05.864+0000] {dag.py:2573} INFO - Sync 1 DAGs
[2022-10-04T03:15:05.880+0000] {logging_mixin.py:117} INFO - [2022-10-04T03:15:05.879+0000] {dag.py:3324} INFO - Setting next_dagrun for example_time_delta_sensor_async to None, run_after=None
[2022-10-04T03:15:06.023+0000] {processor.py:178} INFO - Processing /usr/local/lib/python3.10/dist-packages/airflow/example_dags/example_time_delta_sensor_async.py took 0.267 seconds
[2022-10-04T03:15:49.979+0000] {processor.py:156} INFO - Started process (PID=8095) to work on /usr/local/lib/python3.10/dist-packages/airflow/example_dags/example_time_delta_sensor_async.py
[2022-10-04T03:15:49.980+0000] {processor.py:758} INFO - Processing file /usr/local/lib/python3.10/dist-packages/airflow/example_dags/example_time_delta_sensor_async.py for tasks to queue
[2022-10-04T03:15:49.981+0000] {logging_mixin.py:117} INFO - [2022-10-04T03:15:49.980+0000] {dagbag.py:525} INFO - Filling up the DagBag from /usr/local/lib/python3.10/dist-packages/airflow/example_dags/example_time_delta_sensor_async.py
[2022-10-04T03:15:49.996+0000] {processor.py:768} INFO - DAG(s) dict_keys(['example_time_delta_sensor_async']) retrieved from /usr/local/lib/python3.10/dist-packages/airflow/example_dags/example_time_delta_sensor_async.py
[2022-10-04T03:15:50.141+0000] {logging_mixin.py:117} INFO - [2022-10-04T03:15:50.141+0000] {dag.py:2573} INFO - Sync 1 DAGs
[2022-10-04T03:15:50.332+0000] {logging_mixin.py:117} INFO - [2022-10-04T03:15:50.332+0000] {dag.py:3324} INFO - Setting next_dagrun for example_time_delta_sensor_async to None, run_after=None
[2022-10-04T03:15:50.355+0000] {processor.py:178} INFO - Processing /usr/local/lib/python3.10/dist-packages/airflow/example_dags/example_time_delta_sensor_async.py took 0.379 seconds
[2022-10-04T03:16:28.563+0000] {processor.py:156} INFO - Started process (PID=8219) to work on /usr/local/lib/python3.10/dist-packages/airflow/example_dags/example_time_delta_sensor_async.py
[2022-10-04T03:16:28.565+0000] {processor.py:758} INFO - Processing file /usr/local/lib/python3.10/dist-packages/airflow/example_dags/example_time_delta_sensor_async.py for tasks to queue
[2022-10-04T03:16:28.565+0000] {logging_mixin.py:117} INFO - [2022-10-04T03:16:28.565+0000] {dagbag.py:525} INFO - Filling up the DagBag from /usr/local/lib/python3.10/dist-packages/airflow/example_dags/example_time_delta_sensor_async.py
[2022-10-04T03:16:28.578+0000] {processor.py:768} INFO - DAG(s) dict_keys(['example_time_delta_sensor_async']) retrieved from /usr/local/lib/python3.10/dist-packages/airflow/example_dags/example_time_delta_sensor_async.py
[2022-10-04T03:16:28.671+0000] {logging_mixin.py:117} INFO - [2022-10-04T03:16:28.670+0000] {dag.py:2573} INFO - Sync 1 DAGs
[2022-10-04T03:16:28.813+0000] {logging_mixin.py:117} INFO - [2022-10-04T03:16:28.813+0000] {dag.py:3324} INFO - Setting next_dagrun for example_time_delta_sensor_async to None, run_after=None
[2022-10-04T03:16:28.834+0000] {processor.py:178} INFO - Processing /usr/local/lib/python3.10/dist-packages/airflow/example_dags/example_time_delta_sensor_async.py took 0.273 seconds
[2022-10-04T03:17:08.520+0000] {processor.py:156} INFO - Started process (PID=8269) to work on /usr/local/lib/python3.10/dist-packages/airflow/example_dags/example_time_delta_sensor_async.py
[2022-10-04T03:17:08.521+0000] {processor.py:758} INFO - Processing file /usr/local/lib/python3.10/dist-packages/airflow/example_dags/example_time_delta_sensor_async.py for tasks to queue
[2022-10-04T03:17:08.522+0000] {logging_mixin.py:117} INFO - [2022-10-04T03:17:08.522+0000] {dagbag.py:525} INFO - Filling up the DagBag from /usr/local/lib/python3.10/dist-packages/airflow/example_dags/example_time_delta_sensor_async.py
[2022-10-04T03:17:08.534+0000] {processor.py:768} INFO - DAG(s) dict_keys(['example_time_delta_sensor_async']) retrieved from /usr/local/lib/python3.10/dist-packages/airflow/example_dags/example_time_delta_sensor_async.py
[2022-10-04T03:17:08.626+0000] {logging_mixin.py:117} INFO - [2022-10-04T03:17:08.626+0000] {dag.py:2573} INFO - Sync 1 DAGs
[2022-10-04T03:17:08.772+0000] {logging_mixin.py:117} INFO - [2022-10-04T03:17:08.772+0000] {dag.py:3324} INFO - Setting next_dagrun for example_time_delta_sensor_async to None, run_after=None
[2022-10-04T03:17:08.792+0000] {processor.py:178} INFO - Processing /usr/local/lib/python3.10/dist-packages/airflow/example_dags/example_time_delta_sensor_async.py took 0.275 seconds
[2022-10-04T03:17:49.855+0000] {processor.py:156} INFO - Started process (PID=8627) to work on /usr/local/lib/python3.10/dist-packages/airflow/example_dags/example_time_delta_sensor_async.py
[2022-10-04T03:17:49.857+0000] {processor.py:758} INFO - Processing file /usr/local/lib/python3.10/dist-packages/airflow/example_dags/example_time_delta_sensor_async.py for tasks to queue
[2022-10-04T03:17:49.857+0000] {logging_mixin.py:117} INFO - [2022-10-04T03:17:49.857+0000] {dagbag.py:525} INFO - Filling up the DagBag from /usr/local/lib/python3.10/dist-packages/airflow/example_dags/example_time_delta_sensor_async.py
[2022-10-04T03:17:49.870+0000] {processor.py:768} INFO - DAG(s) dict_keys(['example_time_delta_sensor_async']) retrieved from /usr/local/lib/python3.10/dist-packages/airflow/example_dags/example_time_delta_sensor_async.py
[2022-10-04T03:17:50.100+0000] {logging_mixin.py:117} INFO - [2022-10-04T03:17:50.099+0000] {dag.py:2573} INFO - Sync 1 DAGs
[2022-10-04T03:17:50.116+0000] {logging_mixin.py:117} INFO - [2022-10-04T03:17:50.116+0000] {dag.py:3324} INFO - Setting next_dagrun for example_time_delta_sensor_async to None, run_after=None
[2022-10-04T03:17:50.139+0000] {processor.py:178} INFO - Processing /usr/local/lib/python3.10/dist-packages/airflow/example_dags/example_time_delta_sensor_async.py took 0.286 seconds
[2022-10-04T03:18:48.508+0000] {processor.py:156} INFO - Started process (PID=8693) to work on /usr/local/lib/python3.10/dist-packages/airflow/example_dags/example_time_delta_sensor_async.py
[2022-10-04T03:18:48.510+0000] {processor.py:758} INFO - Processing file /usr/local/lib/python3.10/dist-packages/airflow/example_dags/example_time_delta_sensor_async.py for tasks to queue
[2022-10-04T03:18:48.510+0000] {logging_mixin.py:117} INFO - [2022-10-04T03:18:48.510+0000] {dagbag.py:525} INFO - Filling up the DagBag from /usr/local/lib/python3.10/dist-packages/airflow/example_dags/example_time_delta_sensor_async.py
[2022-10-04T03:18:48.524+0000] {processor.py:768} INFO - DAG(s) dict_keys(['example_time_delta_sensor_async']) retrieved from /usr/local/lib/python3.10/dist-packages/airflow/example_dags/example_time_delta_sensor_async.py
[2022-10-04T03:18:48.536+0000] {logging_mixin.py:117} INFO - [2022-10-04T03:18:48.536+0000] {dag.py:2573} INFO - Sync 1 DAGs
[2022-10-04T03:18:48.556+0000] {logging_mixin.py:117} INFO - [2022-10-04T03:18:48.556+0000] {dag.py:3324} INFO - Setting next_dagrun for example_time_delta_sensor_async to None, run_after=None
[2022-10-04T03:18:48.580+0000] {processor.py:178} INFO - Processing /usr/local/lib/python3.10/dist-packages/airflow/example_dags/example_time_delta_sensor_async.py took 0.074 seconds
[2022-10-04T03:19:28.251+0000] {processor.py:156} INFO - Started process (PID=8734) to work on /usr/local/lib/python3.10/dist-packages/airflow/example_dags/example_time_delta_sensor_async.py
[2022-10-04T03:19:28.252+0000] {processor.py:758} INFO - Processing file /usr/local/lib/python3.10/dist-packages/airflow/example_dags/example_time_delta_sensor_async.py for tasks to queue
[2022-10-04T03:19:28.253+0000] {logging_mixin.py:117} INFO - [2022-10-04T03:19:28.253+0000] {dagbag.py:525} INFO - Filling up the DagBag from /usr/local/lib/python3.10/dist-packages/airflow/example_dags/example_time_delta_sensor_async.py
[2022-10-04T03:19:28.265+0000] {processor.py:768} INFO - DAG(s) dict_keys(['example_time_delta_sensor_async']) retrieved from /usr/local/lib/python3.10/dist-packages/airflow/example_dags/example_time_delta_sensor_async.py
[2022-10-04T03:19:28.354+0000] {logging_mixin.py:117} INFO - [2022-10-04T03:19:28.354+0000] {dag.py:2573} INFO - Sync 1 DAGs
[2022-10-04T03:19:28.370+0000] {logging_mixin.py:117} INFO - [2022-10-04T03:19:28.370+0000] {dag.py:3324} INFO - Setting next_dagrun for example_time_delta_sensor_async to None, run_after=None
[2022-10-04T03:19:28.392+0000] {processor.py:178} INFO - Processing /usr/local/lib/python3.10/dist-packages/airflow/example_dags/example_time_delta_sensor_async.py took 0.144 seconds
[2022-10-04T03:20:04.487+0000] {processor.py:156} INFO - Started process (PID=8771) to work on /usr/local/lib/python3.10/dist-packages/airflow/example_dags/example_time_delta_sensor_async.py
[2022-10-04T03:20:04.488+0000] {processor.py:758} INFO - Processing file /usr/local/lib/python3.10/dist-packages/airflow/example_dags/example_time_delta_sensor_async.py for tasks to queue
[2022-10-04T03:20:04.488+0000] {logging_mixin.py:117} INFO - [2022-10-04T03:20:04.488+0000] {dagbag.py:525} INFO - Filling up the DagBag from /usr/local/lib/python3.10/dist-packages/airflow/example_dags/example_time_delta_sensor_async.py
[2022-10-04T03:20:04.502+0000] {processor.py:768} INFO - DAG(s) dict_keys(['example_time_delta_sensor_async']) retrieved from /usr/local/lib/python3.10/dist-packages/airflow/example_dags/example_time_delta_sensor_async.py
[2022-10-04T03:20:04.591+0000] {logging_mixin.py:117} INFO - [2022-10-04T03:20:04.591+0000] {dag.py:2573} INFO - Sync 1 DAGs
[2022-10-04T03:20:04.608+0000] {logging_mixin.py:117} INFO - [2022-10-04T03:20:04.608+0000] {dag.py:3324} INFO - Setting next_dagrun for example_time_delta_sensor_async to None, run_after=None
[2022-10-04T03:20:04.629+0000] {processor.py:178} INFO - Processing /usr/local/lib/python3.10/dist-packages/airflow/example_dags/example_time_delta_sensor_async.py took 0.145 seconds
[2022-10-04T03:20:44.334+0000] {processor.py:156} INFO - Started process (PID=8812) to work on /usr/local/lib/python3.10/dist-packages/airflow/example_dags/example_time_delta_sensor_async.py
[2022-10-04T03:20:44.335+0000] {processor.py:758} INFO - Processing file /usr/local/lib/python3.10/dist-packages/airflow/example_dags/example_time_delta_sensor_async.py for tasks to queue
[2022-10-04T03:20:44.335+0000] {logging_mixin.py:117} INFO - [2022-10-04T03:20:44.335+0000] {dagbag.py:525} INFO - Filling up the DagBag from /usr/local/lib/python3.10/dist-packages/airflow/example_dags/example_time_delta_sensor_async.py
[2022-10-04T03:20:44.353+0000] {processor.py:768} INFO - DAG(s) dict_keys(['example_time_delta_sensor_async']) retrieved from /usr/local/lib/python3.10/dist-packages/airflow/example_dags/example_time_delta_sensor_async.py
[2022-10-04T03:20:44.455+0000] {logging_mixin.py:117} INFO - [2022-10-04T03:20:44.455+0000] {dag.py:2573} INFO - Sync 1 DAGs
[2022-10-04T03:20:44.473+0000] {logging_mixin.py:117} INFO - [2022-10-04T03:20:44.473+0000] {dag.py:3324} INFO - Setting next_dagrun for example_time_delta_sensor_async to None, run_after=None
[2022-10-04T03:20:44.496+0000] {processor.py:178} INFO - Processing /usr/local/lib/python3.10/dist-packages/airflow/example_dags/example_time_delta_sensor_async.py took 0.165 seconds
[2022-10-04T03:21:22.418+0000] {processor.py:156} INFO - Started process (PID=8848) to work on /usr/local/lib/python3.10/dist-packages/airflow/example_dags/example_time_delta_sensor_async.py
[2022-10-04T03:21:22.419+0000] {processor.py:758} INFO - Processing file /usr/local/lib/python3.10/dist-packages/airflow/example_dags/example_time_delta_sensor_async.py for tasks to queue
[2022-10-04T03:21:22.419+0000] {logging_mixin.py:117} INFO - [2022-10-04T03:21:22.419+0000] {dagbag.py:525} INFO - Filling up the DagBag from /usr/local/lib/python3.10/dist-packages/airflow/example_dags/example_time_delta_sensor_async.py
[2022-10-04T03:21:22.432+0000] {processor.py:768} INFO - DAG(s) dict_keys(['example_time_delta_sensor_async']) retrieved from /usr/local/lib/python3.10/dist-packages/airflow/example_dags/example_time_delta_sensor_async.py
[2022-10-04T03:21:22.523+0000] {logging_mixin.py:117} INFO - [2022-10-04T03:21:22.522+0000] {dag.py:2573} INFO - Sync 1 DAGs
[2022-10-04T03:21:22.543+0000] {logging_mixin.py:117} INFO - [2022-10-04T03:21:22.543+0000] {dag.py:3324} INFO - Setting next_dagrun for example_time_delta_sensor_async to None, run_after=None
[2022-10-04T03:21:22.565+0000] {processor.py:178} INFO - Processing /usr/local/lib/python3.10/dist-packages/airflow/example_dags/example_time_delta_sensor_async.py took 0.150 seconds
[2022-10-04T03:22:02.294+0000] {processor.py:156} INFO - Started process (PID=8887) to work on /usr/local/lib/python3.10/dist-packages/airflow/example_dags/example_time_delta_sensor_async.py
[2022-10-04T03:22:02.295+0000] {processor.py:758} INFO - Processing file /usr/local/lib/python3.10/dist-packages/airflow/example_dags/example_time_delta_sensor_async.py for tasks to queue
[2022-10-04T03:22:02.296+0000] {logging_mixin.py:117} INFO - [2022-10-04T03:22:02.295+0000] {dagbag.py:525} INFO - Filling up the DagBag from /usr/local/lib/python3.10/dist-packages/airflow/example_dags/example_time_delta_sensor_async.py
[2022-10-04T03:22:02.309+0000] {processor.py:768} INFO - DAG(s) dict_keys(['example_time_delta_sensor_async']) retrieved from /usr/local/lib/python3.10/dist-packages/airflow/example_dags/example_time_delta_sensor_async.py
[2022-10-04T03:22:02.413+0000] {logging_mixin.py:117} INFO - [2022-10-04T03:22:02.413+0000] {dag.py:2573} INFO - Sync 1 DAGs
[2022-10-04T03:22:02.431+0000] {logging_mixin.py:117} INFO - [2022-10-04T03:22:02.431+0000] {dag.py:3324} INFO - Setting next_dagrun for example_time_delta_sensor_async to None, run_after=None
[2022-10-04T03:22:02.454+0000] {processor.py:178} INFO - Processing /usr/local/lib/python3.10/dist-packages/airflow/example_dags/example_time_delta_sensor_async.py took 0.162 seconds
[2022-10-04T03:22:37.277+0000] {processor.py:156} INFO - Started process (PID=8925) to work on /usr/local/lib/python3.10/dist-packages/airflow/example_dags/example_time_delta_sensor_async.py
[2022-10-04T03:22:37.278+0000] {processor.py:758} INFO - Processing file /usr/local/lib/python3.10/dist-packages/airflow/example_dags/example_time_delta_sensor_async.py for tasks to queue
[2022-10-04T03:22:37.278+0000] {logging_mixin.py:117} INFO - [2022-10-04T03:22:37.278+0000] {dagbag.py:525} INFO - Filling up the DagBag from /usr/local/lib/python3.10/dist-packages/airflow/example_dags/example_time_delta_sensor_async.py
[2022-10-04T03:22:37.291+0000] {processor.py:768} INFO - DAG(s) dict_keys(['example_time_delta_sensor_async']) retrieved from /usr/local/lib/python3.10/dist-packages/airflow/example_dags/example_time_delta_sensor_async.py
[2022-10-04T03:22:37.396+0000] {logging_mixin.py:117} INFO - [2022-10-04T03:22:37.396+0000] {dag.py:2573} INFO - Sync 1 DAGs
[2022-10-04T03:22:37.413+0000] {logging_mixin.py:117} INFO - [2022-10-04T03:22:37.413+0000] {dag.py:3324} INFO - Setting next_dagrun for example_time_delta_sensor_async to None, run_after=None
[2022-10-04T03:22:37.436+0000] {processor.py:178} INFO - Processing /usr/local/lib/python3.10/dist-packages/airflow/example_dags/example_time_delta_sensor_async.py took 0.163 seconds
[2022-10-04T03:23:47.475+0000] {processor.py:156} INFO - Started process (PID=9000) to work on /usr/local/lib/python3.10/dist-packages/airflow/example_dags/example_time_delta_sensor_async.py
[2022-10-04T03:23:47.477+0000] {processor.py:758} INFO - Processing file /usr/local/lib/python3.10/dist-packages/airflow/example_dags/example_time_delta_sensor_async.py for tasks to queue
[2022-10-04T03:23:47.477+0000] {logging_mixin.py:117} INFO - [2022-10-04T03:23:47.477+0000] {dagbag.py:525} INFO - Filling up the DagBag from /usr/local/lib/python3.10/dist-packages/airflow/example_dags/example_time_delta_sensor_async.py
[2022-10-04T03:23:47.490+0000] {processor.py:768} INFO - DAG(s) dict_keys(['example_time_delta_sensor_async']) retrieved from /usr/local/lib/python3.10/dist-packages/airflow/example_dags/example_time_delta_sensor_async.py
[2022-10-04T03:23:47.502+0000] {logging_mixin.py:117} INFO - [2022-10-04T03:23:47.502+0000] {dag.py:2573} INFO - Sync 1 DAGs
[2022-10-04T03:23:47.519+0000] {logging_mixin.py:117} INFO - [2022-10-04T03:23:47.519+0000] {dag.py:3324} INFO - Setting next_dagrun for example_time_delta_sensor_async to None, run_after=None
[2022-10-04T03:23:47.540+0000] {processor.py:178} INFO - Processing /usr/local/lib/python3.10/dist-packages/airflow/example_dags/example_time_delta_sensor_async.py took 0.067 seconds
[2022-10-04T03:24:26.207+0000] {processor.py:156} INFO - Started process (PID=9041) to work on /usr/local/lib/python3.10/dist-packages/airflow/example_dags/example_time_delta_sensor_async.py
[2022-10-04T03:24:26.209+0000] {processor.py:758} INFO - Processing file /usr/local/lib/python3.10/dist-packages/airflow/example_dags/example_time_delta_sensor_async.py for tasks to queue
[2022-10-04T03:24:26.209+0000] {logging_mixin.py:117} INFO - [2022-10-04T03:24:26.209+0000] {dagbag.py:525} INFO - Filling up the DagBag from /usr/local/lib/python3.10/dist-packages/airflow/example_dags/example_time_delta_sensor_async.py
[2022-10-04T03:24:26.222+0000] {processor.py:768} INFO - DAG(s) dict_keys(['example_time_delta_sensor_async']) retrieved from /usr/local/lib/python3.10/dist-packages/airflow/example_dags/example_time_delta_sensor_async.py
[2022-10-04T03:24:26.328+0000] {logging_mixin.py:117} INFO - [2022-10-04T03:24:26.328+0000] {dag.py:2573} INFO - Sync 1 DAGs
[2022-10-04T03:24:26.345+0000] {logging_mixin.py:117} INFO - [2022-10-04T03:24:26.344+0000] {dag.py:3324} INFO - Setting next_dagrun for example_time_delta_sensor_async to None, run_after=None
[2022-10-04T03:24:26.366+0000] {processor.py:178} INFO - Processing /usr/local/lib/python3.10/dist-packages/airflow/example_dags/example_time_delta_sensor_async.py took 0.162 seconds
[2022-10-04T03:25:05.606+0000] {processor.py:156} INFO - Started process (PID=9082) to work on /usr/local/lib/python3.10/dist-packages/airflow/example_dags/example_time_delta_sensor_async.py
[2022-10-04T03:25:05.608+0000] {processor.py:758} INFO - Processing file /usr/local/lib/python3.10/dist-packages/airflow/example_dags/example_time_delta_sensor_async.py for tasks to queue
[2022-10-04T03:25:05.608+0000] {logging_mixin.py:117} INFO - [2022-10-04T03:25:05.608+0000] {dagbag.py:525} INFO - Filling up the DagBag from /usr/local/lib/python3.10/dist-packages/airflow/example_dags/example_time_delta_sensor_async.py
[2022-10-04T03:25:05.624+0000] {processor.py:768} INFO - DAG(s) dict_keys(['example_time_delta_sensor_async']) retrieved from /usr/local/lib/python3.10/dist-packages/airflow/example_dags/example_time_delta_sensor_async.py
[2022-10-04T03:25:05.731+0000] {logging_mixin.py:117} INFO - [2022-10-04T03:25:05.731+0000] {dag.py:2573} INFO - Sync 1 DAGs
[2022-10-04T03:25:05.752+0000] {logging_mixin.py:117} INFO - [2022-10-04T03:25:05.752+0000] {dag.py:3324} INFO - Setting next_dagrun for example_time_delta_sensor_async to None, run_after=None
[2022-10-04T03:25:05.778+0000] {processor.py:178} INFO - Processing /usr/local/lib/python3.10/dist-packages/airflow/example_dags/example_time_delta_sensor_async.py took 0.174 seconds
[2022-10-04T03:26:19.786+0000] {processor.py:156} INFO - Started process (PID=9164) to work on /usr/local/lib/python3.10/dist-packages/airflow/example_dags/example_time_delta_sensor_async.py
[2022-10-04T03:26:19.787+0000] {processor.py:758} INFO - Processing file /usr/local/lib/python3.10/dist-packages/airflow/example_dags/example_time_delta_sensor_async.py for tasks to queue
[2022-10-04T03:26:19.788+0000] {logging_mixin.py:117} INFO - [2022-10-04T03:26:19.788+0000] {dagbag.py:525} INFO - Filling up the DagBag from /usr/local/lib/python3.10/dist-packages/airflow/example_dags/example_time_delta_sensor_async.py
[2022-10-04T03:26:19.804+0000] {processor.py:768} INFO - DAG(s) dict_keys(['example_time_delta_sensor_async']) retrieved from /usr/local/lib/python3.10/dist-packages/airflow/example_dags/example_time_delta_sensor_async.py
[2022-10-04T03:26:19.816+0000] {logging_mixin.py:117} INFO - [2022-10-04T03:26:19.816+0000] {dag.py:2573} INFO - Sync 1 DAGs
[2022-10-04T03:26:19.834+0000] {logging_mixin.py:117} INFO - [2022-10-04T03:26:19.834+0000] {dag.py:3324} INFO - Setting next_dagrun for example_time_delta_sensor_async to None, run_after=None
[2022-10-04T03:26:19.855+0000] {processor.py:178} INFO - Processing /usr/local/lib/python3.10/dist-packages/airflow/example_dags/example_time_delta_sensor_async.py took 0.071 seconds
[2022-10-04T03:30:28.271+0000] {processor.py:156} INFO - Started process (PID=9262) to work on /usr/local/lib/python3.10/dist-packages/airflow/example_dags/example_time_delta_sensor_async.py
[2022-10-04T03:30:28.273+0000] {processor.py:758} INFO - Processing file /usr/local/lib/python3.10/dist-packages/airflow/example_dags/example_time_delta_sensor_async.py for tasks to queue
[2022-10-04T03:30:28.273+0000] {logging_mixin.py:117} INFO - [2022-10-04T03:30:28.273+0000] {dagbag.py:525} INFO - Filling up the DagBag from /usr/local/lib/python3.10/dist-packages/airflow/example_dags/example_time_delta_sensor_async.py
[2022-10-04T03:30:28.285+0000] {processor.py:768} INFO - DAG(s) dict_keys(['example_time_delta_sensor_async']) retrieved from /usr/local/lib/python3.10/dist-packages/airflow/example_dags/example_time_delta_sensor_async.py
[2022-10-04T03:30:28.297+0000] {logging_mixin.py:117} INFO - [2022-10-04T03:30:28.297+0000] {dag.py:2573} INFO - Sync 1 DAGs
[2022-10-04T03:30:28.315+0000] {logging_mixin.py:117} INFO - [2022-10-04T03:30:28.315+0000] {dag.py:3324} INFO - Setting next_dagrun for example_time_delta_sensor_async to None, run_after=None
[2022-10-04T03:30:28.336+0000] {processor.py:178} INFO - Processing /usr/local/lib/python3.10/dist-packages/airflow/example_dags/example_time_delta_sensor_async.py took 0.067 seconds
[2022-10-04T03:31:07.557+0000] {processor.py:156} INFO - Started process (PID=9303) to work on /usr/local/lib/python3.10/dist-packages/airflow/example_dags/example_time_delta_sensor_async.py
[2022-10-04T03:31:07.558+0000] {processor.py:758} INFO - Processing file /usr/local/lib/python3.10/dist-packages/airflow/example_dags/example_time_delta_sensor_async.py for tasks to queue
[2022-10-04T03:31:07.558+0000] {logging_mixin.py:117} INFO - [2022-10-04T03:31:07.558+0000] {dagbag.py:525} INFO - Filling up the DagBag from /usr/local/lib/python3.10/dist-packages/airflow/example_dags/example_time_delta_sensor_async.py
[2022-10-04T03:31:07.571+0000] {processor.py:768} INFO - DAG(s) dict_keys(['example_time_delta_sensor_async']) retrieved from /usr/local/lib/python3.10/dist-packages/airflow/example_dags/example_time_delta_sensor_async.py
[2022-10-04T03:31:07.673+0000] {logging_mixin.py:117} INFO - [2022-10-04T03:31:07.673+0000] {dag.py:2573} INFO - Sync 1 DAGs
[2022-10-04T03:31:07.690+0000] {logging_mixin.py:117} INFO - [2022-10-04T03:31:07.690+0000] {dag.py:3324} INFO - Setting next_dagrun for example_time_delta_sensor_async to None, run_after=None
[2022-10-04T03:31:07.711+0000] {processor.py:178} INFO - Processing /usr/local/lib/python3.10/dist-packages/airflow/example_dags/example_time_delta_sensor_async.py took 0.157 seconds
[2022-10-04T03:31:47.819+0000] {processor.py:156} INFO - Started process (PID=9358) to work on /usr/local/lib/python3.10/dist-packages/airflow/example_dags/example_time_delta_sensor_async.py
[2022-10-04T03:31:47.820+0000] {processor.py:758} INFO - Processing file /usr/local/lib/python3.10/dist-packages/airflow/example_dags/example_time_delta_sensor_async.py for tasks to queue
[2022-10-04T03:31:47.820+0000] {logging_mixin.py:117} INFO - [2022-10-04T03:31:47.820+0000] {dagbag.py:525} INFO - Filling up the DagBag from /usr/local/lib/python3.10/dist-packages/airflow/example_dags/example_time_delta_sensor_async.py
[2022-10-04T03:31:47.833+0000] {processor.py:768} INFO - DAG(s) dict_keys(['example_time_delta_sensor_async']) retrieved from /usr/local/lib/python3.10/dist-packages/airflow/example_dags/example_time_delta_sensor_async.py
[2022-10-04T03:31:47.939+0000] {logging_mixin.py:117} INFO - [2022-10-04T03:31:47.938+0000] {dag.py:2573} INFO - Sync 1 DAGs
[2022-10-04T03:31:47.956+0000] {logging_mixin.py:117} INFO - [2022-10-04T03:31:47.956+0000] {dag.py:3324} INFO - Setting next_dagrun for example_time_delta_sensor_async to None, run_after=None
[2022-10-04T03:31:47.982+0000] {processor.py:178} INFO - Processing /usr/local/lib/python3.10/dist-packages/airflow/example_dags/example_time_delta_sensor_async.py took 0.166 seconds
[2022-10-04T03:32:24.717+0000] {processor.py:156} INFO - Started process (PID=9398) to work on /usr/local/lib/python3.10/dist-packages/airflow/example_dags/example_time_delta_sensor_async.py
[2022-10-04T03:32:24.718+0000] {processor.py:758} INFO - Processing file /usr/local/lib/python3.10/dist-packages/airflow/example_dags/example_time_delta_sensor_async.py for tasks to queue
[2022-10-04T03:32:24.718+0000] {logging_mixin.py:117} INFO - [2022-10-04T03:32:24.718+0000] {dagbag.py:525} INFO - Filling up the DagBag from /usr/local/lib/python3.10/dist-packages/airflow/example_dags/example_time_delta_sensor_async.py
[2022-10-04T03:32:24.731+0000] {processor.py:768} INFO - DAG(s) dict_keys(['example_time_delta_sensor_async']) retrieved from /usr/local/lib/python3.10/dist-packages/airflow/example_dags/example_time_delta_sensor_async.py
[2022-10-04T03:32:24.826+0000] {logging_mixin.py:117} INFO - [2022-10-04T03:32:24.826+0000] {dag.py:2573} INFO - Sync 1 DAGs
[2022-10-04T03:32:24.842+0000] {logging_mixin.py:117} INFO - [2022-10-04T03:32:24.842+0000] {dag.py:3324} INFO - Setting next_dagrun for example_time_delta_sensor_async to None, run_after=None
[2022-10-04T03:32:24.863+0000] {processor.py:178} INFO - Processing /usr/local/lib/python3.10/dist-packages/airflow/example_dags/example_time_delta_sensor_async.py took 0.149 seconds
[2022-10-04T03:33:01.409+0000] {processor.py:156} INFO - Started process (PID=9436) to work on /usr/local/lib/python3.10/dist-packages/airflow/example_dags/example_time_delta_sensor_async.py
[2022-10-04T03:33:01.413+0000] {processor.py:758} INFO - Processing file /usr/local/lib/python3.10/dist-packages/airflow/example_dags/example_time_delta_sensor_async.py for tasks to queue
[2022-10-04T03:33:01.414+0000] {logging_mixin.py:117} INFO - [2022-10-04T03:33:01.414+0000] {dagbag.py:525} INFO - Filling up the DagBag from /usr/local/lib/python3.10/dist-packages/airflow/example_dags/example_time_delta_sensor_async.py
[2022-10-04T03:33:01.438+0000] {processor.py:768} INFO - DAG(s) dict_keys(['example_time_delta_sensor_async']) retrieved from /usr/local/lib/python3.10/dist-packages/airflow/example_dags/example_time_delta_sensor_async.py
[2022-10-04T03:33:01.558+0000] {logging_mixin.py:117} INFO - [2022-10-04T03:33:01.558+0000] {dag.py:2573} INFO - Sync 1 DAGs
[2022-10-04T03:33:01.577+0000] {logging_mixin.py:117} INFO - [2022-10-04T03:33:01.577+0000] {dag.py:3324} INFO - Setting next_dagrun for example_time_delta_sensor_async to None, run_after=None
[2022-10-04T03:33:01.600+0000] {processor.py:178} INFO - Processing /usr/local/lib/python3.10/dist-packages/airflow/example_dags/example_time_delta_sensor_async.py took 0.194 seconds
[2022-10-04T03:33:39.818+0000] {processor.py:156} INFO - Started process (PID=9476) to work on /usr/local/lib/python3.10/dist-packages/airflow/example_dags/example_time_delta_sensor_async.py
[2022-10-04T03:33:39.819+0000] {processor.py:758} INFO - Processing file /usr/local/lib/python3.10/dist-packages/airflow/example_dags/example_time_delta_sensor_async.py for tasks to queue
[2022-10-04T03:33:39.820+0000] {logging_mixin.py:117} INFO - [2022-10-04T03:33:39.819+0000] {dagbag.py:525} INFO - Filling up the DagBag from /usr/local/lib/python3.10/dist-packages/airflow/example_dags/example_time_delta_sensor_async.py
[2022-10-04T03:33:39.833+0000] {processor.py:768} INFO - DAG(s) dict_keys(['example_time_delta_sensor_async']) retrieved from /usr/local/lib/python3.10/dist-packages/airflow/example_dags/example_time_delta_sensor_async.py
[2022-10-04T03:33:39.935+0000] {logging_mixin.py:117} INFO - [2022-10-04T03:33:39.935+0000] {dag.py:2573} INFO - Sync 1 DAGs
[2022-10-04T03:33:39.952+0000] {logging_mixin.py:117} INFO - [2022-10-04T03:33:39.952+0000] {dag.py:3324} INFO - Setting next_dagrun for example_time_delta_sensor_async to None, run_after=None
[2022-10-04T03:33:39.974+0000] {processor.py:178} INFO - Processing /usr/local/lib/python3.10/dist-packages/airflow/example_dags/example_time_delta_sensor_async.py took 0.159 seconds
[2022-10-04T03:34:17.488+0000] {processor.py:156} INFO - Started process (PID=9518) to work on /usr/local/lib/python3.10/dist-packages/airflow/example_dags/example_time_delta_sensor_async.py
[2022-10-04T03:34:17.491+0000] {processor.py:758} INFO - Processing file /usr/local/lib/python3.10/dist-packages/airflow/example_dags/example_time_delta_sensor_async.py for tasks to queue
[2022-10-04T03:34:17.492+0000] {logging_mixin.py:117} INFO - [2022-10-04T03:34:17.491+0000] {dagbag.py:525} INFO - Filling up the DagBag from /usr/local/lib/python3.10/dist-packages/airflow/example_dags/example_time_delta_sensor_async.py
[2022-10-04T03:34:17.505+0000] {processor.py:768} INFO - DAG(s) dict_keys(['example_time_delta_sensor_async']) retrieved from /usr/local/lib/python3.10/dist-packages/airflow/example_dags/example_time_delta_sensor_async.py
[2022-10-04T03:34:17.614+0000] {logging_mixin.py:117} INFO - [2022-10-04T03:34:17.614+0000] {dag.py:2573} INFO - Sync 1 DAGs
[2022-10-04T03:34:17.648+0000] {logging_mixin.py:117} INFO - [2022-10-04T03:34:17.647+0000] {dag.py:3324} INFO - Setting next_dagrun for example_time_delta_sensor_async to None, run_after=None
[2022-10-04T03:34:17.670+0000] {processor.py:178} INFO - Processing /usr/local/lib/python3.10/dist-packages/airflow/example_dags/example_time_delta_sensor_async.py took 0.184 seconds
[2022-10-04T03:46:19.745+0000] {processor.py:156} INFO - Started process (PID=977) to work on /usr/local/lib/python3.10/dist-packages/airflow/example_dags/example_time_delta_sensor_async.py
[2022-10-04T03:46:19.747+0000] {processor.py:758} INFO - Processing file /usr/local/lib/python3.10/dist-packages/airflow/example_dags/example_time_delta_sensor_async.py for tasks to queue
[2022-10-04T03:46:19.748+0000] {logging_mixin.py:117} INFO - [2022-10-04T03:46:19.748+0000] {dagbag.py:525} INFO - Filling up the DagBag from /usr/local/lib/python3.10/dist-packages/airflow/example_dags/example_time_delta_sensor_async.py
[2022-10-04T03:46:19.761+0000] {processor.py:768} INFO - DAG(s) dict_keys(['example_time_delta_sensor_async']) retrieved from /usr/local/lib/python3.10/dist-packages/airflow/example_dags/example_time_delta_sensor_async.py
[2022-10-04T03:46:19.774+0000] {logging_mixin.py:117} INFO - [2022-10-04T03:46:19.774+0000] {dag.py:2573} INFO - Sync 1 DAGs
[2022-10-04T03:46:19.794+0000] {logging_mixin.py:117} INFO - [2022-10-04T03:46:19.794+0000] {dag.py:3324} INFO - Setting next_dagrun for example_time_delta_sensor_async to None, run_after=None
[2022-10-04T03:46:19.828+0000] {processor.py:178} INFO - Processing /usr/local/lib/python3.10/dist-packages/airflow/example_dags/example_time_delta_sensor_async.py took 0.086 seconds
[2022-10-04T03:46:59.341+0000] {processor.py:156} INFO - Started process (PID=1020) to work on /usr/local/lib/python3.10/dist-packages/airflow/example_dags/example_time_delta_sensor_async.py
[2022-10-04T03:46:59.342+0000] {processor.py:758} INFO - Processing file /usr/local/lib/python3.10/dist-packages/airflow/example_dags/example_time_delta_sensor_async.py for tasks to queue
[2022-10-04T03:46:59.343+0000] {logging_mixin.py:117} INFO - [2022-10-04T03:46:59.343+0000] {dagbag.py:525} INFO - Filling up the DagBag from /usr/local/lib/python3.10/dist-packages/airflow/example_dags/example_time_delta_sensor_async.py
[2022-10-04T03:46:59.360+0000] {processor.py:768} INFO - DAG(s) dict_keys(['example_time_delta_sensor_async']) retrieved from /usr/local/lib/python3.10/dist-packages/airflow/example_dags/example_time_delta_sensor_async.py
[2022-10-04T03:46:59.477+0000] {logging_mixin.py:117} INFO - [2022-10-04T03:46:59.477+0000] {dag.py:2573} INFO - Sync 1 DAGs
[2022-10-04T03:46:59.498+0000] {logging_mixin.py:117} INFO - [2022-10-04T03:46:59.498+0000] {dag.py:3324} INFO - Setting next_dagrun for example_time_delta_sensor_async to None, run_after=None
[2022-10-04T03:46:59.524+0000] {processor.py:178} INFO - Processing /usr/local/lib/python3.10/dist-packages/airflow/example_dags/example_time_delta_sensor_async.py took 0.187 seconds
[2022-10-04T03:47:38.764+0000] {processor.py:156} INFO - Started process (PID=1126) to work on /usr/local/lib/python3.10/dist-packages/airflow/example_dags/example_time_delta_sensor_async.py
[2022-10-04T03:47:38.766+0000] {processor.py:758} INFO - Processing file /usr/local/lib/python3.10/dist-packages/airflow/example_dags/example_time_delta_sensor_async.py for tasks to queue
[2022-10-04T03:47:38.766+0000] {logging_mixin.py:117} INFO - [2022-10-04T03:47:38.766+0000] {dagbag.py:525} INFO - Filling up the DagBag from /usr/local/lib/python3.10/dist-packages/airflow/example_dags/example_time_delta_sensor_async.py
[2022-10-04T03:47:38.779+0000] {processor.py:768} INFO - DAG(s) dict_keys(['example_time_delta_sensor_async']) retrieved from /usr/local/lib/python3.10/dist-packages/airflow/example_dags/example_time_delta_sensor_async.py
[2022-10-04T03:47:38.968+0000] {logging_mixin.py:117} INFO - [2022-10-04T03:47:38.968+0000] {dag.py:2573} INFO - Sync 1 DAGs
[2022-10-04T03:47:39.012+0000] {logging_mixin.py:117} INFO - [2022-10-04T03:47:39.006+0000] {dag.py:3324} INFO - Setting next_dagrun for example_time_delta_sensor_async to None, run_after=None
[2022-10-04T03:47:39.047+0000] {processor.py:178} INFO - Processing /usr/local/lib/python3.10/dist-packages/airflow/example_dags/example_time_delta_sensor_async.py took 0.285 seconds
[2022-10-04T03:48:16.930+0000] {processor.py:156} INFO - Started process (PID=1164) to work on /usr/local/lib/python3.10/dist-packages/airflow/example_dags/example_time_delta_sensor_async.py
[2022-10-04T03:48:16.932+0000] {processor.py:758} INFO - Processing file /usr/local/lib/python3.10/dist-packages/airflow/example_dags/example_time_delta_sensor_async.py for tasks to queue
[2022-10-04T03:48:16.932+0000] {logging_mixin.py:117} INFO - [2022-10-04T03:48:16.932+0000] {dagbag.py:525} INFO - Filling up the DagBag from /usr/local/lib/python3.10/dist-packages/airflow/example_dags/example_time_delta_sensor_async.py
[2022-10-04T03:48:16.945+0000] {processor.py:768} INFO - DAG(s) dict_keys(['example_time_delta_sensor_async']) retrieved from /usr/local/lib/python3.10/dist-packages/airflow/example_dags/example_time_delta_sensor_async.py
[2022-10-04T03:48:17.047+0000] {logging_mixin.py:117} INFO - [2022-10-04T03:48:17.047+0000] {dag.py:2573} INFO - Sync 1 DAGs
[2022-10-04T03:48:17.064+0000] {logging_mixin.py:117} INFO - [2022-10-04T03:48:17.064+0000] {dag.py:3324} INFO - Setting next_dagrun for example_time_delta_sensor_async to None, run_after=None
[2022-10-04T03:48:17.086+0000] {processor.py:178} INFO - Processing /usr/local/lib/python3.10/dist-packages/airflow/example_dags/example_time_delta_sensor_async.py took 0.159 seconds
[2022-10-04T03:48:56.485+0000] {processor.py:156} INFO - Started process (PID=1203) to work on /usr/local/lib/python3.10/dist-packages/airflow/example_dags/example_time_delta_sensor_async.py
[2022-10-04T03:48:56.486+0000] {processor.py:758} INFO - Processing file /usr/local/lib/python3.10/dist-packages/airflow/example_dags/example_time_delta_sensor_async.py for tasks to queue
[2022-10-04T03:48:56.487+0000] {logging_mixin.py:117} INFO - [2022-10-04T03:48:56.486+0000] {dagbag.py:525} INFO - Filling up the DagBag from /usr/local/lib/python3.10/dist-packages/airflow/example_dags/example_time_delta_sensor_async.py
[2022-10-04T03:48:56.503+0000] {processor.py:768} INFO - DAG(s) dict_keys(['example_time_delta_sensor_async']) retrieved from /usr/local/lib/python3.10/dist-packages/airflow/example_dags/example_time_delta_sensor_async.py
[2022-10-04T03:48:56.634+0000] {logging_mixin.py:117} INFO - [2022-10-04T03:48:56.633+0000] {dag.py:2573} INFO - Sync 1 DAGs
[2022-10-04T03:48:56.655+0000] {logging_mixin.py:117} INFO - [2022-10-04T03:48:56.655+0000] {dag.py:3324} INFO - Setting next_dagrun for example_time_delta_sensor_async to None, run_after=None
[2022-10-04T03:48:56.678+0000] {processor.py:178} INFO - Processing /usr/local/lib/python3.10/dist-packages/airflow/example_dags/example_time_delta_sensor_async.py took 0.197 seconds
[2022-10-04T03:49:41.772+0000] {processor.py:156} INFO - Started process (PID=1252) to work on /usr/local/lib/python3.10/dist-packages/airflow/example_dags/example_time_delta_sensor_async.py
[2022-10-04T03:49:41.780+0000] {processor.py:758} INFO - Processing file /usr/local/lib/python3.10/dist-packages/airflow/example_dags/example_time_delta_sensor_async.py for tasks to queue
[2022-10-04T03:49:41.780+0000] {logging_mixin.py:117} INFO - [2022-10-04T03:49:41.780+0000] {dagbag.py:525} INFO - Filling up the DagBag from /usr/local/lib/python3.10/dist-packages/airflow/example_dags/example_time_delta_sensor_async.py
[2022-10-04T03:49:41.819+0000] {processor.py:768} INFO - DAG(s) dict_keys(['example_time_delta_sensor_async']) retrieved from /usr/local/lib/python3.10/dist-packages/airflow/example_dags/example_time_delta_sensor_async.py
[2022-10-04T03:49:41.852+0000] {logging_mixin.py:117} INFO - [2022-10-04T03:49:41.851+0000] {dag.py:2573} INFO - Sync 1 DAGs
[2022-10-04T03:49:41.895+0000] {logging_mixin.py:117} INFO - [2022-10-04T03:49:41.895+0000] {dag.py:3324} INFO - Setting next_dagrun for example_time_delta_sensor_async to None, run_after=None
[2022-10-04T03:49:41.937+0000] {processor.py:178} INFO - Processing /usr/local/lib/python3.10/dist-packages/airflow/example_dags/example_time_delta_sensor_async.py took 0.180 seconds
[2022-10-04T03:50:25.271+0000] {processor.py:156} INFO - Started process (PID=1293) to work on /usr/local/lib/python3.10/dist-packages/airflow/example_dags/example_time_delta_sensor_async.py
[2022-10-04T03:50:25.272+0000] {processor.py:758} INFO - Processing file /usr/local/lib/python3.10/dist-packages/airflow/example_dags/example_time_delta_sensor_async.py for tasks to queue
[2022-10-04T03:50:25.273+0000] {logging_mixin.py:117} INFO - [2022-10-04T03:50:25.272+0000] {dagbag.py:525} INFO - Filling up the DagBag from /usr/local/lib/python3.10/dist-packages/airflow/example_dags/example_time_delta_sensor_async.py
[2022-10-04T03:50:25.287+0000] {processor.py:768} INFO - DAG(s) dict_keys(['example_time_delta_sensor_async']) retrieved from /usr/local/lib/python3.10/dist-packages/airflow/example_dags/example_time_delta_sensor_async.py
[2022-10-04T03:50:25.393+0000] {logging_mixin.py:117} INFO - [2022-10-04T03:50:25.393+0000] {dag.py:2573} INFO - Sync 1 DAGs
[2022-10-04T03:50:25.412+0000] {logging_mixin.py:117} INFO - [2022-10-04T03:50:25.412+0000] {dag.py:3324} INFO - Setting next_dagrun for example_time_delta_sensor_async to None, run_after=None
[2022-10-04T03:50:25.436+0000] {processor.py:178} INFO - Processing /usr/local/lib/python3.10/dist-packages/airflow/example_dags/example_time_delta_sensor_async.py took 0.169 seconds
[2022-10-04T03:51:04.377+0000] {processor.py:156} INFO - Started process (PID=1338) to work on /usr/local/lib/python3.10/dist-packages/airflow/example_dags/example_time_delta_sensor_async.py
[2022-10-04T03:51:04.378+0000] {processor.py:758} INFO - Processing file /usr/local/lib/python3.10/dist-packages/airflow/example_dags/example_time_delta_sensor_async.py for tasks to queue
[2022-10-04T03:51:04.379+0000] {logging_mixin.py:117} INFO - [2022-10-04T03:51:04.378+0000] {dagbag.py:525} INFO - Filling up the DagBag from /usr/local/lib/python3.10/dist-packages/airflow/example_dags/example_time_delta_sensor_async.py
[2022-10-04T03:51:04.394+0000] {processor.py:768} INFO - DAG(s) dict_keys(['example_time_delta_sensor_async']) retrieved from /usr/local/lib/python3.10/dist-packages/airflow/example_dags/example_time_delta_sensor_async.py
[2022-10-04T03:51:04.501+0000] {logging_mixin.py:117} INFO - [2022-10-04T03:51:04.501+0000] {dag.py:2573} INFO - Sync 1 DAGs
[2022-10-04T03:51:04.519+0000] {logging_mixin.py:117} INFO - [2022-10-04T03:51:04.519+0000] {dag.py:3324} INFO - Setting next_dagrun for example_time_delta_sensor_async to None, run_after=None
[2022-10-04T03:51:04.542+0000] {processor.py:178} INFO - Processing /usr/local/lib/python3.10/dist-packages/airflow/example_dags/example_time_delta_sensor_async.py took 0.168 seconds
[2022-10-04T03:51:42.226+0000] {processor.py:156} INFO - Started process (PID=1374) to work on /usr/local/lib/python3.10/dist-packages/airflow/example_dags/example_time_delta_sensor_async.py
[2022-10-04T03:51:42.228+0000] {processor.py:758} INFO - Processing file /usr/local/lib/python3.10/dist-packages/airflow/example_dags/example_time_delta_sensor_async.py for tasks to queue
[2022-10-04T03:51:42.228+0000] {logging_mixin.py:117} INFO - [2022-10-04T03:51:42.228+0000] {dagbag.py:525} INFO - Filling up the DagBag from /usr/local/lib/python3.10/dist-packages/airflow/example_dags/example_time_delta_sensor_async.py
[2022-10-04T03:51:42.242+0000] {processor.py:768} INFO - DAG(s) dict_keys(['example_time_delta_sensor_async']) retrieved from /usr/local/lib/python3.10/dist-packages/airflow/example_dags/example_time_delta_sensor_async.py
[2022-10-04T03:51:42.368+0000] {logging_mixin.py:117} INFO - [2022-10-04T03:51:42.368+0000] {dag.py:2573} INFO - Sync 1 DAGs
[2022-10-04T03:51:42.388+0000] {logging_mixin.py:117} INFO - [2022-10-04T03:51:42.388+0000] {dag.py:3324} INFO - Setting next_dagrun for example_time_delta_sensor_async to None, run_after=None
[2022-10-04T03:51:42.433+0000] {processor.py:178} INFO - Processing /usr/local/lib/python3.10/dist-packages/airflow/example_dags/example_time_delta_sensor_async.py took 0.210 seconds
[2022-10-04T03:52:22.221+0000] {processor.py:156} INFO - Started process (PID=1413) to work on /usr/local/lib/python3.10/dist-packages/airflow/example_dags/example_time_delta_sensor_async.py
[2022-10-04T03:52:22.222+0000] {processor.py:758} INFO - Processing file /usr/local/lib/python3.10/dist-packages/airflow/example_dags/example_time_delta_sensor_async.py for tasks to queue
[2022-10-04T03:52:22.223+0000] {logging_mixin.py:117} INFO - [2022-10-04T03:52:22.223+0000] {dagbag.py:525} INFO - Filling up the DagBag from /usr/local/lib/python3.10/dist-packages/airflow/example_dags/example_time_delta_sensor_async.py
[2022-10-04T03:52:22.238+0000] {processor.py:768} INFO - DAG(s) dict_keys(['example_time_delta_sensor_async']) retrieved from /usr/local/lib/python3.10/dist-packages/airflow/example_dags/example_time_delta_sensor_async.py
[2022-10-04T03:52:22.348+0000] {logging_mixin.py:117} INFO - [2022-10-04T03:52:22.348+0000] {dag.py:2573} INFO - Sync 1 DAGs
[2022-10-04T03:52:22.367+0000] {logging_mixin.py:117} INFO - [2022-10-04T03:52:22.367+0000] {dag.py:3324} INFO - Setting next_dagrun for example_time_delta_sensor_async to None, run_after=None
[2022-10-04T03:52:22.390+0000] {processor.py:178} INFO - Processing /usr/local/lib/python3.10/dist-packages/airflow/example_dags/example_time_delta_sensor_async.py took 0.172 seconds
[2022-10-04T03:52:58.769+0000] {processor.py:156} INFO - Started process (PID=1448) to work on /usr/local/lib/python3.10/dist-packages/airflow/example_dags/example_time_delta_sensor_async.py
[2022-10-04T03:52:58.771+0000] {processor.py:758} INFO - Processing file /usr/local/lib/python3.10/dist-packages/airflow/example_dags/example_time_delta_sensor_async.py for tasks to queue
[2022-10-04T03:52:58.771+0000] {logging_mixin.py:117} INFO - [2022-10-04T03:52:58.771+0000] {dagbag.py:525} INFO - Filling up the DagBag from /usr/local/lib/python3.10/dist-packages/airflow/example_dags/example_time_delta_sensor_async.py
[2022-10-04T03:52:58.786+0000] {processor.py:768} INFO - DAG(s) dict_keys(['example_time_delta_sensor_async']) retrieved from /usr/local/lib/python3.10/dist-packages/airflow/example_dags/example_time_delta_sensor_async.py
[2022-10-04T03:52:58.901+0000] {logging_mixin.py:117} INFO - [2022-10-04T03:52:58.901+0000] {dag.py:2573} INFO - Sync 1 DAGs
[2022-10-04T03:52:58.920+0000] {logging_mixin.py:117} INFO - [2022-10-04T03:52:58.920+0000] {dag.py:3324} INFO - Setting next_dagrun for example_time_delta_sensor_async to None, run_after=None
[2022-10-04T03:52:58.944+0000] {processor.py:178} INFO - Processing /usr/local/lib/python3.10/dist-packages/airflow/example_dags/example_time_delta_sensor_async.py took 0.177 seconds
[2022-10-04T03:53:36.499+0000] {processor.py:156} INFO - Started process (PID=1485) to work on /usr/local/lib/python3.10/dist-packages/airflow/example_dags/example_time_delta_sensor_async.py
[2022-10-04T03:53:36.501+0000] {processor.py:758} INFO - Processing file /usr/local/lib/python3.10/dist-packages/airflow/example_dags/example_time_delta_sensor_async.py for tasks to queue
[2022-10-04T03:53:36.501+0000] {logging_mixin.py:117} INFO - [2022-10-04T03:53:36.501+0000] {dagbag.py:525} INFO - Filling up the DagBag from /usr/local/lib/python3.10/dist-packages/airflow/example_dags/example_time_delta_sensor_async.py
[2022-10-04T03:53:36.513+0000] {processor.py:768} INFO - DAG(s) dict_keys(['example_time_delta_sensor_async']) retrieved from /usr/local/lib/python3.10/dist-packages/airflow/example_dags/example_time_delta_sensor_async.py
[2022-10-04T03:53:36.612+0000] {logging_mixin.py:117} INFO - [2022-10-04T03:53:36.612+0000] {dag.py:2573} INFO - Sync 1 DAGs
[2022-10-04T03:53:36.629+0000] {logging_mixin.py:117} INFO - [2022-10-04T03:53:36.629+0000] {dag.py:3324} INFO - Setting next_dagrun for example_time_delta_sensor_async to None, run_after=None
[2022-10-04T03:53:36.650+0000] {processor.py:178} INFO - Processing /usr/local/lib/python3.10/dist-packages/airflow/example_dags/example_time_delta_sensor_async.py took 0.154 seconds
[2022-10-04T03:54:13.997+0000] {processor.py:156} INFO - Started process (PID=1542) to work on /usr/local/lib/python3.10/dist-packages/airflow/example_dags/example_time_delta_sensor_async.py
[2022-10-04T03:54:13.999+0000] {processor.py:758} INFO - Processing file /usr/local/lib/python3.10/dist-packages/airflow/example_dags/example_time_delta_sensor_async.py for tasks to queue
[2022-10-04T03:54:13.999+0000] {logging_mixin.py:117} INFO - [2022-10-04T03:54:13.999+0000] {dagbag.py:525} INFO - Filling up the DagBag from /usr/local/lib/python3.10/dist-packages/airflow/example_dags/example_time_delta_sensor_async.py
[2022-10-04T03:54:14.016+0000] {processor.py:768} INFO - DAG(s) dict_keys(['example_time_delta_sensor_async']) retrieved from /usr/local/lib/python3.10/dist-packages/airflow/example_dags/example_time_delta_sensor_async.py
[2022-10-04T03:54:14.132+0000] {logging_mixin.py:117} INFO - [2022-10-04T03:54:14.132+0000] {dag.py:2573} INFO - Sync 1 DAGs
[2022-10-04T03:54:14.152+0000] {logging_mixin.py:117} INFO - [2022-10-04T03:54:14.151+0000] {dag.py:3324} INFO - Setting next_dagrun for example_time_delta_sensor_async to None, run_after=None
[2022-10-04T03:54:14.176+0000] {processor.py:178} INFO - Processing /usr/local/lib/python3.10/dist-packages/airflow/example_dags/example_time_delta_sensor_async.py took 0.181 seconds
[2022-10-04T03:54:50.324+0000] {processor.py:156} INFO - Started process (PID=1586) to work on /usr/local/lib/python3.10/dist-packages/airflow/example_dags/example_time_delta_sensor_async.py
[2022-10-04T03:54:50.326+0000] {processor.py:758} INFO - Processing file /usr/local/lib/python3.10/dist-packages/airflow/example_dags/example_time_delta_sensor_async.py for tasks to queue
[2022-10-04T03:54:50.326+0000] {logging_mixin.py:117} INFO - [2022-10-04T03:54:50.326+0000] {dagbag.py:525} INFO - Filling up the DagBag from /usr/local/lib/python3.10/dist-packages/airflow/example_dags/example_time_delta_sensor_async.py
[2022-10-04T03:54:50.339+0000] {processor.py:768} INFO - DAG(s) dict_keys(['example_time_delta_sensor_async']) retrieved from /usr/local/lib/python3.10/dist-packages/airflow/example_dags/example_time_delta_sensor_async.py
[2022-10-04T03:54:50.352+0000] {logging_mixin.py:117} INFO - [2022-10-04T03:54:50.352+0000] {dag.py:2573} INFO - Sync 1 DAGs
[2022-10-04T03:54:50.371+0000] {logging_mixin.py:117} INFO - [2022-10-04T03:54:50.371+0000] {dag.py:3324} INFO - Setting next_dagrun for example_time_delta_sensor_async to None, run_after=None
[2022-10-04T03:54:50.393+0000] {processor.py:178} INFO - Processing /usr/local/lib/python3.10/dist-packages/airflow/example_dags/example_time_delta_sensor_async.py took 0.071 seconds
[2022-10-04T04:35:38.530+0000] {processor.py:156} INFO - Started process (PID=1781) to work on /usr/local/lib/python3.10/dist-packages/airflow/example_dags/example_time_delta_sensor_async.py
[2022-10-04T04:35:38.532+0000] {processor.py:758} INFO - Processing file /usr/local/lib/python3.10/dist-packages/airflow/example_dags/example_time_delta_sensor_async.py for tasks to queue
[2022-10-04T04:35:38.533+0000] {logging_mixin.py:117} INFO - [2022-10-04T04:35:38.533+0000] {dagbag.py:525} INFO - Filling up the DagBag from /usr/local/lib/python3.10/dist-packages/airflow/example_dags/example_time_delta_sensor_async.py
[2022-10-04T04:35:38.552+0000] {processor.py:768} INFO - DAG(s) dict_keys(['example_time_delta_sensor_async']) retrieved from /usr/local/lib/python3.10/dist-packages/airflow/example_dags/example_time_delta_sensor_async.py
[2022-10-04T04:35:38.568+0000] {logging_mixin.py:117} INFO - [2022-10-04T04:35:38.567+0000] {dag.py:2573} INFO - Sync 1 DAGs
[2022-10-04T04:35:38.598+0000] {logging_mixin.py:117} INFO - [2022-10-04T04:35:38.598+0000] {dag.py:3324} INFO - Setting next_dagrun for example_time_delta_sensor_async to None, run_after=None
[2022-10-04T04:35:38.628+0000] {processor.py:178} INFO - Processing /usr/local/lib/python3.10/dist-packages/airflow/example_dags/example_time_delta_sensor_async.py took 0.107 seconds
[2022-10-04T04:37:18.988+0000] {processor.py:156} INFO - Started process (PID=1871) to work on /usr/local/lib/python3.10/dist-packages/airflow/example_dags/example_time_delta_sensor_async.py
[2022-10-04T04:37:18.990+0000] {processor.py:758} INFO - Processing file /usr/local/lib/python3.10/dist-packages/airflow/example_dags/example_time_delta_sensor_async.py for tasks to queue
[2022-10-04T04:37:18.990+0000] {logging_mixin.py:117} INFO - [2022-10-04T04:37:18.990+0000] {dagbag.py:525} INFO - Filling up the DagBag from /usr/local/lib/python3.10/dist-packages/airflow/example_dags/example_time_delta_sensor_async.py
[2022-10-04T04:37:19.004+0000] {processor.py:768} INFO - DAG(s) dict_keys(['example_time_delta_sensor_async']) retrieved from /usr/local/lib/python3.10/dist-packages/airflow/example_dags/example_time_delta_sensor_async.py
[2022-10-04T04:37:19.018+0000] {logging_mixin.py:117} INFO - [2022-10-04T04:37:19.018+0000] {dag.py:2573} INFO - Sync 1 DAGs
[2022-10-04T04:37:19.041+0000] {logging_mixin.py:117} INFO - [2022-10-04T04:37:19.041+0000] {dag.py:3324} INFO - Setting next_dagrun for example_time_delta_sensor_async to None, run_after=None
[2022-10-04T04:37:19.063+0000] {processor.py:178} INFO - Processing /usr/local/lib/python3.10/dist-packages/airflow/example_dags/example_time_delta_sensor_async.py took 0.078 seconds
[2022-10-04T04:43:08.295+0000] {processor.py:156} INFO - Started process (PID=1975) to work on /usr/local/lib/python3.10/dist-packages/airflow/example_dags/example_time_delta_sensor_async.py
[2022-10-04T04:43:08.297+0000] {processor.py:758} INFO - Processing file /usr/local/lib/python3.10/dist-packages/airflow/example_dags/example_time_delta_sensor_async.py for tasks to queue
[2022-10-04T04:43:08.298+0000] {logging_mixin.py:117} INFO - [2022-10-04T04:43:08.298+0000] {dagbag.py:525} INFO - Filling up the DagBag from /usr/local/lib/python3.10/dist-packages/airflow/example_dags/example_time_delta_sensor_async.py
[2022-10-04T04:43:08.316+0000] {processor.py:768} INFO - DAG(s) dict_keys(['example_time_delta_sensor_async']) retrieved from /usr/local/lib/python3.10/dist-packages/airflow/example_dags/example_time_delta_sensor_async.py
[2022-10-04T04:43:08.334+0000] {logging_mixin.py:117} INFO - [2022-10-04T04:43:08.334+0000] {dag.py:2573} INFO - Sync 1 DAGs
[2022-10-04T04:43:08.356+0000] {logging_mixin.py:117} INFO - [2022-10-04T04:43:08.356+0000] {dag.py:3324} INFO - Setting next_dagrun for example_time_delta_sensor_async to None, run_after=None
[2022-10-04T04:43:08.380+0000] {processor.py:178} INFO - Processing /usr/local/lib/python3.10/dist-packages/airflow/example_dags/example_time_delta_sensor_async.py took 0.093 seconds
[2022-10-04T04:45:53.596+0000] {processor.py:156} INFO - Started process (PID=2000) to work on /usr/local/lib/python3.10/dist-packages/airflow/example_dags/example_time_delta_sensor_async.py
[2022-10-04T04:45:53.597+0000] {processor.py:758} INFO - Processing file /usr/local/lib/python3.10/dist-packages/airflow/example_dags/example_time_delta_sensor_async.py for tasks to queue
[2022-10-04T04:45:53.598+0000] {logging_mixin.py:117} INFO - [2022-10-04T04:45:53.598+0000] {dagbag.py:525} INFO - Filling up the DagBag from /usr/local/lib/python3.10/dist-packages/airflow/example_dags/example_time_delta_sensor_async.py
[2022-10-04T04:45:53.606+0000] {processor.py:768} INFO - DAG(s) dict_keys(['example_time_delta_sensor_async']) retrieved from /usr/local/lib/python3.10/dist-packages/airflow/example_dags/example_time_delta_sensor_async.py
[2022-10-04T04:45:53.704+0000] {logging_mixin.py:117} INFO - [2022-10-04T04:45:53.703+0000] {dag.py:2573} INFO - Sync 1 DAGs
[2022-10-04T04:45:53.718+0000] {logging_mixin.py:117} INFO - [2022-10-04T04:45:53.718+0000] {dag.py:3324} INFO - Setting next_dagrun for example_time_delta_sensor_async to None, run_after=None
[2022-10-04T04:45:53.739+0000] {processor.py:178} INFO - Processing /usr/local/lib/python3.10/dist-packages/airflow/example_dags/example_time_delta_sensor_async.py took 0.145 seconds
[2022-10-04T04:46:30.001+0000] {processor.py:156} INFO - Started process (PID=2038) to work on /usr/local/lib/python3.10/dist-packages/airflow/example_dags/example_time_delta_sensor_async.py
[2022-10-04T04:46:30.002+0000] {processor.py:758} INFO - Processing file /usr/local/lib/python3.10/dist-packages/airflow/example_dags/example_time_delta_sensor_async.py for tasks to queue
[2022-10-04T04:46:30.002+0000] {logging_mixin.py:117} INFO - [2022-10-04T04:46:30.002+0000] {dagbag.py:525} INFO - Filling up the DagBag from /usr/local/lib/python3.10/dist-packages/airflow/example_dags/example_time_delta_sensor_async.py
[2022-10-04T04:46:30.012+0000] {processor.py:768} INFO - DAG(s) dict_keys(['example_time_delta_sensor_async']) retrieved from /usr/local/lib/python3.10/dist-packages/airflow/example_dags/example_time_delta_sensor_async.py
[2022-10-04T04:46:30.126+0000] {logging_mixin.py:117} INFO - [2022-10-04T04:46:30.126+0000] {dag.py:2573} INFO - Sync 1 DAGs
[2022-10-04T04:46:30.147+0000] {logging_mixin.py:117} INFO - [2022-10-04T04:46:30.147+0000] {dag.py:3324} INFO - Setting next_dagrun for example_time_delta_sensor_async to None, run_after=None
[2022-10-04T04:46:30.169+0000] {processor.py:178} INFO - Processing /usr/local/lib/python3.10/dist-packages/airflow/example_dags/example_time_delta_sensor_async.py took 0.172 seconds
[2022-10-04T04:47:09.106+0000] {processor.py:156} INFO - Started process (PID=2076) to work on /usr/local/lib/python3.10/dist-packages/airflow/example_dags/example_time_delta_sensor_async.py
[2022-10-04T04:47:09.107+0000] {processor.py:758} INFO - Processing file /usr/local/lib/python3.10/dist-packages/airflow/example_dags/example_time_delta_sensor_async.py for tasks to queue
[2022-10-04T04:47:09.108+0000] {logging_mixin.py:117} INFO - [2022-10-04T04:47:09.108+0000] {dagbag.py:525} INFO - Filling up the DagBag from /usr/local/lib/python3.10/dist-packages/airflow/example_dags/example_time_delta_sensor_async.py
[2022-10-04T04:47:09.116+0000] {processor.py:768} INFO - DAG(s) dict_keys(['example_time_delta_sensor_async']) retrieved from /usr/local/lib/python3.10/dist-packages/airflow/example_dags/example_time_delta_sensor_async.py
[2022-10-04T04:47:09.232+0000] {logging_mixin.py:117} INFO - [2022-10-04T04:47:09.231+0000] {dag.py:2573} INFO - Sync 1 DAGs
[2022-10-04T04:47:09.249+0000] {logging_mixin.py:117} INFO - [2022-10-04T04:47:09.248+0000] {dag.py:3324} INFO - Setting next_dagrun for example_time_delta_sensor_async to None, run_after=None
[2022-10-04T04:47:09.273+0000] {processor.py:178} INFO - Processing /usr/local/lib/python3.10/dist-packages/airflow/example_dags/example_time_delta_sensor_async.py took 0.170 seconds
[2022-10-04T04:47:48.103+0000] {processor.py:156} INFO - Started process (PID=2113) to work on /usr/local/lib/python3.10/dist-packages/airflow/example_dags/example_time_delta_sensor_async.py
[2022-10-04T04:47:48.104+0000] {processor.py:758} INFO - Processing file /usr/local/lib/python3.10/dist-packages/airflow/example_dags/example_time_delta_sensor_async.py for tasks to queue
[2022-10-04T04:47:48.105+0000] {logging_mixin.py:117} INFO - [2022-10-04T04:47:48.105+0000] {dagbag.py:525} INFO - Filling up the DagBag from /usr/local/lib/python3.10/dist-packages/airflow/example_dags/example_time_delta_sensor_async.py
[2022-10-04T04:47:48.113+0000] {processor.py:768} INFO - DAG(s) dict_keys(['example_time_delta_sensor_async']) retrieved from /usr/local/lib/python3.10/dist-packages/airflow/example_dags/example_time_delta_sensor_async.py
[2022-10-04T04:47:48.213+0000] {logging_mixin.py:117} INFO - [2022-10-04T04:47:48.213+0000] {dag.py:2573} INFO - Sync 1 DAGs
[2022-10-04T04:47:48.228+0000] {logging_mixin.py:117} INFO - [2022-10-04T04:47:48.228+0000] {dag.py:3324} INFO - Setting next_dagrun for example_time_delta_sensor_async to None, run_after=None
[2022-10-04T04:47:48.251+0000] {processor.py:178} INFO - Processing /usr/local/lib/python3.10/dist-packages/airflow/example_dags/example_time_delta_sensor_async.py took 0.152 seconds
[2022-10-04T04:48:24.880+0000] {processor.py:156} INFO - Started process (PID=2151) to work on /usr/local/lib/python3.10/dist-packages/airflow/example_dags/example_time_delta_sensor_async.py
[2022-10-04T04:48:24.882+0000] {processor.py:758} INFO - Processing file /usr/local/lib/python3.10/dist-packages/airflow/example_dags/example_time_delta_sensor_async.py for tasks to queue
[2022-10-04T04:48:24.882+0000] {logging_mixin.py:117} INFO - [2022-10-04T04:48:24.882+0000] {dagbag.py:525} INFO - Filling up the DagBag from /usr/local/lib/python3.10/dist-packages/airflow/example_dags/example_time_delta_sensor_async.py
[2022-10-04T04:48:24.890+0000] {processor.py:768} INFO - DAG(s) dict_keys(['example_time_delta_sensor_async']) retrieved from /usr/local/lib/python3.10/dist-packages/airflow/example_dags/example_time_delta_sensor_async.py
[2022-10-04T04:48:25.016+0000] {logging_mixin.py:117} INFO - [2022-10-04T04:48:25.016+0000] {dag.py:2573} INFO - Sync 1 DAGs
[2022-10-04T04:48:25.046+0000] {logging_mixin.py:117} INFO - [2022-10-04T04:48:25.046+0000] {dag.py:3324} INFO - Setting next_dagrun for example_time_delta_sensor_async to None, run_after=None
[2022-10-04T04:48:25.069+0000] {processor.py:178} INFO - Processing /usr/local/lib/python3.10/dist-packages/airflow/example_dags/example_time_delta_sensor_async.py took 0.192 seconds
[2022-10-04T04:49:01.452+0000] {processor.py:156} INFO - Started process (PID=2189) to work on /usr/local/lib/python3.10/dist-packages/airflow/example_dags/example_time_delta_sensor_async.py
[2022-10-04T04:49:01.453+0000] {processor.py:758} INFO - Processing file /usr/local/lib/python3.10/dist-packages/airflow/example_dags/example_time_delta_sensor_async.py for tasks to queue
[2022-10-04T04:49:01.454+0000] {logging_mixin.py:117} INFO - [2022-10-04T04:49:01.454+0000] {dagbag.py:525} INFO - Filling up the DagBag from /usr/local/lib/python3.10/dist-packages/airflow/example_dags/example_time_delta_sensor_async.py
[2022-10-04T04:49:01.461+0000] {processor.py:768} INFO - DAG(s) dict_keys(['example_time_delta_sensor_async']) retrieved from /usr/local/lib/python3.10/dist-packages/airflow/example_dags/example_time_delta_sensor_async.py
[2022-10-04T04:49:01.594+0000] {logging_mixin.py:117} INFO - [2022-10-04T04:49:01.594+0000] {dag.py:2573} INFO - Sync 1 DAGs
[2022-10-04T04:49:01.614+0000] {logging_mixin.py:117} INFO - [2022-10-04T04:49:01.613+0000] {dag.py:3324} INFO - Setting next_dagrun for example_time_delta_sensor_async to None, run_after=None
[2022-10-04T04:49:01.638+0000] {processor.py:178} INFO - Processing /usr/local/lib/python3.10/dist-packages/airflow/example_dags/example_time_delta_sensor_async.py took 0.190 seconds
[2022-10-04T04:49:40.491+0000] {processor.py:156} INFO - Started process (PID=2226) to work on /usr/local/lib/python3.10/dist-packages/airflow/example_dags/example_time_delta_sensor_async.py
[2022-10-04T04:49:40.494+0000] {processor.py:758} INFO - Processing file /usr/local/lib/python3.10/dist-packages/airflow/example_dags/example_time_delta_sensor_async.py for tasks to queue
[2022-10-04T04:49:40.494+0000] {logging_mixin.py:117} INFO - [2022-10-04T04:49:40.494+0000] {dagbag.py:525} INFO - Filling up the DagBag from /usr/local/lib/python3.10/dist-packages/airflow/example_dags/example_time_delta_sensor_async.py
[2022-10-04T04:49:40.505+0000] {processor.py:768} INFO - DAG(s) dict_keys(['example_time_delta_sensor_async']) retrieved from /usr/local/lib/python3.10/dist-packages/airflow/example_dags/example_time_delta_sensor_async.py
[2022-10-04T04:49:40.615+0000] {logging_mixin.py:117} INFO - [2022-10-04T04:49:40.615+0000] {dag.py:2573} INFO - Sync 1 DAGs
[2022-10-04T04:49:40.631+0000] {logging_mixin.py:117} INFO - [2022-10-04T04:49:40.631+0000] {dag.py:3324} INFO - Setting next_dagrun for example_time_delta_sensor_async to None, run_after=None
[2022-10-04T04:49:40.654+0000] {processor.py:178} INFO - Processing /usr/local/lib/python3.10/dist-packages/airflow/example_dags/example_time_delta_sensor_async.py took 0.172 seconds
[2022-10-04T04:50:17.474+0000] {processor.py:156} INFO - Started process (PID=2264) to work on /usr/local/lib/python3.10/dist-packages/airflow/example_dags/example_time_delta_sensor_async.py
[2022-10-04T04:50:17.476+0000] {processor.py:758} INFO - Processing file /usr/local/lib/python3.10/dist-packages/airflow/example_dags/example_time_delta_sensor_async.py for tasks to queue
[2022-10-04T04:50:17.477+0000] {logging_mixin.py:117} INFO - [2022-10-04T04:50:17.477+0000] {dagbag.py:525} INFO - Filling up the DagBag from /usr/local/lib/python3.10/dist-packages/airflow/example_dags/example_time_delta_sensor_async.py
[2022-10-04T04:50:17.486+0000] {processor.py:768} INFO - DAG(s) dict_keys(['example_time_delta_sensor_async']) retrieved from /usr/local/lib/python3.10/dist-packages/airflow/example_dags/example_time_delta_sensor_async.py
[2022-10-04T04:50:17.593+0000] {logging_mixin.py:117} INFO - [2022-10-04T04:50:17.593+0000] {dag.py:2573} INFO - Sync 1 DAGs
[2022-10-04T04:50:17.609+0000] {logging_mixin.py:117} INFO - [2022-10-04T04:50:17.609+0000] {dag.py:3324} INFO - Setting next_dagrun for example_time_delta_sensor_async to None, run_after=None
[2022-10-04T04:50:17.633+0000] {processor.py:178} INFO - Processing /usr/local/lib/python3.10/dist-packages/airflow/example_dags/example_time_delta_sensor_async.py took 0.164 seconds
[2022-10-04T04:50:52.760+0000] {processor.py:156} INFO - Started process (PID=2299) to work on /usr/local/lib/python3.10/dist-packages/airflow/example_dags/example_time_delta_sensor_async.py
[2022-10-04T04:50:52.762+0000] {processor.py:758} INFO - Processing file /usr/local/lib/python3.10/dist-packages/airflow/example_dags/example_time_delta_sensor_async.py for tasks to queue
[2022-10-04T04:50:52.762+0000] {logging_mixin.py:117} INFO - [2022-10-04T04:50:52.762+0000] {dagbag.py:525} INFO - Filling up the DagBag from /usr/local/lib/python3.10/dist-packages/airflow/example_dags/example_time_delta_sensor_async.py
[2022-10-04T04:50:52.770+0000] {processor.py:768} INFO - DAG(s) dict_keys(['example_time_delta_sensor_async']) retrieved from /usr/local/lib/python3.10/dist-packages/airflow/example_dags/example_time_delta_sensor_async.py
[2022-10-04T04:50:52.872+0000] {logging_mixin.py:117} INFO - [2022-10-04T04:50:52.872+0000] {dag.py:2573} INFO - Sync 1 DAGs
[2022-10-04T04:50:52.888+0000] {logging_mixin.py:117} INFO - [2022-10-04T04:50:52.887+0000] {dag.py:3324} INFO - Setting next_dagrun for example_time_delta_sensor_async to None, run_after=None
[2022-10-04T04:50:52.910+0000] {processor.py:178} INFO - Processing /usr/local/lib/python3.10/dist-packages/airflow/example_dags/example_time_delta_sensor_async.py took 0.153 seconds
[2022-10-04T04:51:29.870+0000] {processor.py:156} INFO - Started process (PID=2337) to work on /usr/local/lib/python3.10/dist-packages/airflow/example_dags/example_time_delta_sensor_async.py
[2022-10-04T04:51:29.871+0000] {processor.py:758} INFO - Processing file /usr/local/lib/python3.10/dist-packages/airflow/example_dags/example_time_delta_sensor_async.py for tasks to queue
[2022-10-04T04:51:29.871+0000] {logging_mixin.py:117} INFO - [2022-10-04T04:51:29.871+0000] {dagbag.py:525} INFO - Filling up the DagBag from /usr/local/lib/python3.10/dist-packages/airflow/example_dags/example_time_delta_sensor_async.py
[2022-10-04T04:51:29.879+0000] {processor.py:768} INFO - DAG(s) dict_keys(['example_time_delta_sensor_async']) retrieved from /usr/local/lib/python3.10/dist-packages/airflow/example_dags/example_time_delta_sensor_async.py
[2022-10-04T04:51:29.975+0000] {logging_mixin.py:117} INFO - [2022-10-04T04:51:29.975+0000] {dag.py:2573} INFO - Sync 1 DAGs
[2022-10-04T04:51:29.989+0000] {logging_mixin.py:117} INFO - [2022-10-04T04:51:29.989+0000] {dag.py:3324} INFO - Setting next_dagrun for example_time_delta_sensor_async to None, run_after=None
[2022-10-04T04:51:30.011+0000] {processor.py:178} INFO - Processing /usr/local/lib/python3.10/dist-packages/airflow/example_dags/example_time_delta_sensor_async.py took 0.145 seconds
[2022-10-04T04:52:05.423+0000] {processor.py:156} INFO - Started process (PID=2372) to work on /usr/local/lib/python3.10/dist-packages/airflow/example_dags/example_time_delta_sensor_async.py
[2022-10-04T04:52:05.424+0000] {processor.py:758} INFO - Processing file /usr/local/lib/python3.10/dist-packages/airflow/example_dags/example_time_delta_sensor_async.py for tasks to queue
[2022-10-04T04:52:05.425+0000] {logging_mixin.py:117} INFO - [2022-10-04T04:52:05.425+0000] {dagbag.py:525} INFO - Filling up the DagBag from /usr/local/lib/python3.10/dist-packages/airflow/example_dags/example_time_delta_sensor_async.py
[2022-10-04T04:52:05.433+0000] {processor.py:768} INFO - DAG(s) dict_keys(['example_time_delta_sensor_async']) retrieved from /usr/local/lib/python3.10/dist-packages/airflow/example_dags/example_time_delta_sensor_async.py
[2022-10-04T04:52:05.541+0000] {logging_mixin.py:117} INFO - [2022-10-04T04:52:05.540+0000] {dag.py:2573} INFO - Sync 1 DAGs
[2022-10-04T04:52:05.556+0000] {logging_mixin.py:117} INFO - [2022-10-04T04:52:05.556+0000] {dag.py:3324} INFO - Setting next_dagrun for example_time_delta_sensor_async to None, run_after=None
[2022-10-04T04:52:05.581+0000] {processor.py:178} INFO - Processing /usr/local/lib/python3.10/dist-packages/airflow/example_dags/example_time_delta_sensor_async.py took 0.161 seconds
[2022-10-04T04:52:39.875+0000] {processor.py:156} INFO - Started process (PID=2406) to work on /usr/local/lib/python3.10/dist-packages/airflow/example_dags/example_time_delta_sensor_async.py
[2022-10-04T04:52:39.876+0000] {processor.py:758} INFO - Processing file /usr/local/lib/python3.10/dist-packages/airflow/example_dags/example_time_delta_sensor_async.py for tasks to queue
[2022-10-04T04:52:39.876+0000] {logging_mixin.py:117} INFO - [2022-10-04T04:52:39.876+0000] {dagbag.py:525} INFO - Filling up the DagBag from /usr/local/lib/python3.10/dist-packages/airflow/example_dags/example_time_delta_sensor_async.py
[2022-10-04T04:52:39.885+0000] {processor.py:768} INFO - DAG(s) dict_keys(['example_time_delta_sensor_async']) retrieved from /usr/local/lib/python3.10/dist-packages/airflow/example_dags/example_time_delta_sensor_async.py
[2022-10-04T04:52:40.028+0000] {logging_mixin.py:117} INFO - [2022-10-04T04:52:40.027+0000] {dag.py:2573} INFO - Sync 1 DAGs
[2022-10-04T04:52:40.046+0000] {logging_mixin.py:117} INFO - [2022-10-04T04:52:40.045+0000] {dag.py:3324} INFO - Setting next_dagrun for example_time_delta_sensor_async to None, run_after=None
[2022-10-04T04:52:40.068+0000] {processor.py:178} INFO - Processing /usr/local/lib/python3.10/dist-packages/airflow/example_dags/example_time_delta_sensor_async.py took 0.196 seconds
[2022-10-04T04:53:16.940+0000] {processor.py:156} INFO - Started process (PID=2442) to work on /usr/local/lib/python3.10/dist-packages/airflow/example_dags/example_time_delta_sensor_async.py
[2022-10-04T04:53:16.942+0000] {processor.py:758} INFO - Processing file /usr/local/lib/python3.10/dist-packages/airflow/example_dags/example_time_delta_sensor_async.py for tasks to queue
[2022-10-04T04:53:16.942+0000] {logging_mixin.py:117} INFO - [2022-10-04T04:53:16.942+0000] {dagbag.py:525} INFO - Filling up the DagBag from /usr/local/lib/python3.10/dist-packages/airflow/example_dags/example_time_delta_sensor_async.py
[2022-10-04T04:53:16.950+0000] {processor.py:768} INFO - DAG(s) dict_keys(['example_time_delta_sensor_async']) retrieved from /usr/local/lib/python3.10/dist-packages/airflow/example_dags/example_time_delta_sensor_async.py
[2022-10-04T04:53:17.052+0000] {logging_mixin.py:117} INFO - [2022-10-04T04:53:17.052+0000] {dag.py:2573} INFO - Sync 1 DAGs
[2022-10-04T04:53:17.066+0000] {logging_mixin.py:117} INFO - [2022-10-04T04:53:17.066+0000] {dag.py:3324} INFO - Setting next_dagrun for example_time_delta_sensor_async to None, run_after=None
[2022-10-04T04:53:17.087+0000] {processor.py:178} INFO - Processing /usr/local/lib/python3.10/dist-packages/airflow/example_dags/example_time_delta_sensor_async.py took 0.150 seconds
[2022-10-04T04:53:53.149+0000] {processor.py:156} INFO - Started process (PID=2479) to work on /usr/local/lib/python3.10/dist-packages/airflow/example_dags/example_time_delta_sensor_async.py
[2022-10-04T04:53:53.150+0000] {processor.py:758} INFO - Processing file /usr/local/lib/python3.10/dist-packages/airflow/example_dags/example_time_delta_sensor_async.py for tasks to queue
[2022-10-04T04:53:53.150+0000] {logging_mixin.py:117} INFO - [2022-10-04T04:53:53.150+0000] {dagbag.py:525} INFO - Filling up the DagBag from /usr/local/lib/python3.10/dist-packages/airflow/example_dags/example_time_delta_sensor_async.py
[2022-10-04T04:53:53.158+0000] {processor.py:768} INFO - DAG(s) dict_keys(['example_time_delta_sensor_async']) retrieved from /usr/local/lib/python3.10/dist-packages/airflow/example_dags/example_time_delta_sensor_async.py
[2022-10-04T04:53:53.261+0000] {logging_mixin.py:117} INFO - [2022-10-04T04:53:53.261+0000] {dag.py:2573} INFO - Sync 1 DAGs
[2022-10-04T04:53:53.276+0000] {logging_mixin.py:117} INFO - [2022-10-04T04:53:53.276+0000] {dag.py:3324} INFO - Setting next_dagrun for example_time_delta_sensor_async to None, run_after=None
[2022-10-04T04:53:53.297+0000] {processor.py:178} INFO - Processing /usr/local/lib/python3.10/dist-packages/airflow/example_dags/example_time_delta_sensor_async.py took 0.152 seconds
