[2022-10-04T03:09:31.420+0000] {processor.py:156} INFO - Started process (PID=7707) to work on /usr/local/lib/python3.10/dist-packages/airflow/example_dags/example_sla_dag.py
[2022-10-04T03:09:31.420+0000] {processor.py:758} INFO - Processing file /usr/local/lib/python3.10/dist-packages/airflow/example_dags/example_sla_dag.py for tasks to queue
[2022-10-04T03:09:31.421+0000] {logging_mixin.py:117} INFO - [2022-10-04T03:09:31.421+0000] {dagbag.py:525} INFO - Filling up the DagBag from /usr/local/lib/python3.10/dist-packages/airflow/example_dags/example_sla_dag.py
[2022-10-04T03:09:31.444+0000] {processor.py:768} INFO - DAG(s) dict_keys(['example_sla_dag']) retrieved from /usr/local/lib/python3.10/dist-packages/airflow/example_dags/example_sla_dag.py
[2022-10-04T03:09:31.549+0000] {logging_mixin.py:117} INFO - [2022-10-04T03:09:31.549+0000] {manager.py:508} INFO - Created Permission View: can read on DAG:example_sla_dag
[2022-10-04T03:09:31.563+0000] {logging_mixin.py:117} INFO - [2022-10-04T03:09:31.562+0000] {manager.py:508} INFO - Created Permission View: can delete on DAG:example_sla_dag
[2022-10-04T03:09:31.577+0000] {logging_mixin.py:117} INFO - [2022-10-04T03:09:31.577+0000] {manager.py:508} INFO - Created Permission View: can edit on DAG:example_sla_dag
[2022-10-04T03:09:31.577+0000] {logging_mixin.py:117} INFO - [2022-10-04T03:09:31.577+0000] {dag.py:2573} INFO - Sync 1 DAGs
[2022-10-04T03:09:31.586+0000] {logging_mixin.py:117} INFO - [2022-10-04T03:09:31.586+0000] {dag.py:2594} INFO - Creating ORM DAG for example_sla_dag
[2022-10-04T03:09:31.600+0000] {logging_mixin.py:117} INFO - [2022-10-04T03:09:31.600+0000] {dag.py:3324} INFO - Setting next_dagrun for example_sla_dag to 2022-10-04T03:06:00+00:00, run_after=2022-10-04T03:08:00+00:00
[2022-10-04T03:09:31.623+0000] {processor.py:178} INFO - Processing /usr/local/lib/python3.10/dist-packages/airflow/example_dags/example_sla_dag.py took 0.207 seconds
[2022-10-04T03:10:09.802+0000] {processor.py:156} INFO - Started process (PID=7755) to work on /usr/local/lib/python3.10/dist-packages/airflow/example_dags/example_sla_dag.py
[2022-10-04T03:10:09.804+0000] {processor.py:758} INFO - Processing file /usr/local/lib/python3.10/dist-packages/airflow/example_dags/example_sla_dag.py for tasks to queue
[2022-10-04T03:10:09.804+0000] {logging_mixin.py:117} INFO - [2022-10-04T03:10:09.804+0000] {dagbag.py:525} INFO - Filling up the DagBag from /usr/local/lib/python3.10/dist-packages/airflow/example_dags/example_sla_dag.py
[2022-10-04T03:10:09.830+0000] {processor.py:768} INFO - DAG(s) dict_keys(['example_sla_dag']) retrieved from /usr/local/lib/python3.10/dist-packages/airflow/example_dags/example_sla_dag.py
[2022-10-04T03:10:09.854+0000] {logging_mixin.py:117} INFO - [2022-10-04T03:10:09.853+0000] {dag.py:2573} INFO - Sync 1 DAGs
[2022-10-04T03:10:09.876+0000] {logging_mixin.py:117} INFO - [2022-10-04T03:10:09.876+0000] {dag.py:3324} INFO - Setting next_dagrun for example_sla_dag to 2022-10-04T03:08:00+00:00, run_after=2022-10-04T03:10:00+00:00
[2022-10-04T03:10:09.900+0000] {processor.py:178} INFO - Processing /usr/local/lib/python3.10/dist-packages/airflow/example_dags/example_sla_dag.py took 0.101 seconds
[2022-10-04T03:10:52.707+0000] {processor.py:156} INFO - Started process (PID=7794) to work on /usr/local/lib/python3.10/dist-packages/airflow/example_dags/example_sla_dag.py
[2022-10-04T03:10:52.709+0000] {processor.py:758} INFO - Processing file /usr/local/lib/python3.10/dist-packages/airflow/example_dags/example_sla_dag.py for tasks to queue
[2022-10-04T03:10:52.710+0000] {logging_mixin.py:117} INFO - [2022-10-04T03:10:52.710+0000] {dagbag.py:525} INFO - Filling up the DagBag from /usr/local/lib/python3.10/dist-packages/airflow/example_dags/example_sla_dag.py
[2022-10-04T03:10:52.741+0000] {processor.py:768} INFO - DAG(s) dict_keys(['example_sla_dag']) retrieved from /usr/local/lib/python3.10/dist-packages/airflow/example_dags/example_sla_dag.py
[2022-10-04T03:10:52.770+0000] {logging_mixin.py:117} INFO - [2022-10-04T03:10:52.770+0000] {dag.py:2573} INFO - Sync 1 DAGs
[2022-10-04T03:10:52.801+0000] {logging_mixin.py:117} INFO - [2022-10-04T03:10:52.801+0000] {dag.py:3324} INFO - Setting next_dagrun for example_sla_dag to 2022-10-04T03:08:00+00:00, run_after=2022-10-04T03:10:00+00:00
[2022-10-04T03:10:52.829+0000] {processor.py:178} INFO - Processing /usr/local/lib/python3.10/dist-packages/airflow/example_dags/example_sla_dag.py took 0.125 seconds
[2022-10-04T03:11:35.625+0000] {processor.py:156} INFO - Started process (PID=7840) to work on /usr/local/lib/python3.10/dist-packages/airflow/example_dags/example_sla_dag.py
[2022-10-04T03:11:35.626+0000] {processor.py:758} INFO - Processing file /usr/local/lib/python3.10/dist-packages/airflow/example_dags/example_sla_dag.py for tasks to queue
[2022-10-04T03:11:35.626+0000] {logging_mixin.py:117} INFO - [2022-10-04T03:11:35.626+0000] {dagbag.py:525} INFO - Filling up the DagBag from /usr/local/lib/python3.10/dist-packages/airflow/example_dags/example_sla_dag.py
[2022-10-04T03:11:35.649+0000] {processor.py:768} INFO - DAG(s) dict_keys(['example_sla_dag']) retrieved from /usr/local/lib/python3.10/dist-packages/airflow/example_dags/example_sla_dag.py
[2022-10-04T03:11:35.670+0000] {logging_mixin.py:117} INFO - [2022-10-04T03:11:35.670+0000] {dag.py:2573} INFO - Sync 1 DAGs
[2022-10-04T03:11:35.692+0000] {logging_mixin.py:117} INFO - [2022-10-04T03:11:35.691+0000] {dag.py:3324} INFO - Setting next_dagrun for example_sla_dag to 2022-10-04T03:08:00+00:00, run_after=2022-10-04T03:10:00+00:00
[2022-10-04T03:11:35.712+0000] {processor.py:178} INFO - Processing /usr/local/lib/python3.10/dist-packages/airflow/example_dags/example_sla_dag.py took 0.090 seconds
[2022-10-04T03:12:14.644+0000] {processor.py:156} INFO - Started process (PID=7881) to work on /usr/local/lib/python3.10/dist-packages/airflow/example_dags/example_sla_dag.py
[2022-10-04T03:12:14.646+0000] {processor.py:758} INFO - Processing file /usr/local/lib/python3.10/dist-packages/airflow/example_dags/example_sla_dag.py for tasks to queue
[2022-10-04T03:12:14.646+0000] {logging_mixin.py:117} INFO - [2022-10-04T03:12:14.646+0000] {dagbag.py:525} INFO - Filling up the DagBag from /usr/local/lib/python3.10/dist-packages/airflow/example_dags/example_sla_dag.py
[2022-10-04T03:12:14.670+0000] {processor.py:768} INFO - DAG(s) dict_keys(['example_sla_dag']) retrieved from /usr/local/lib/python3.10/dist-packages/airflow/example_dags/example_sla_dag.py
[2022-10-04T03:12:14.693+0000] {logging_mixin.py:117} INFO - [2022-10-04T03:12:14.693+0000] {dag.py:2573} INFO - Sync 1 DAGs
[2022-10-04T03:12:14.732+0000] {logging_mixin.py:117} INFO - [2022-10-04T03:12:14.732+0000] {dag.py:3324} INFO - Setting next_dagrun for example_sla_dag to 2022-10-04T03:10:00+00:00, run_after=2022-10-04T03:12:00+00:00
[2022-10-04T03:12:14.759+0000] {processor.py:178} INFO - Processing /usr/local/lib/python3.10/dist-packages/airflow/example_dags/example_sla_dag.py took 0.117 seconds
[2022-10-04T03:12:52.918+0000] {processor.py:156} INFO - Started process (PID=7918) to work on /usr/local/lib/python3.10/dist-packages/airflow/example_dags/example_sla_dag.py
[2022-10-04T03:12:52.919+0000] {processor.py:758} INFO - Processing file /usr/local/lib/python3.10/dist-packages/airflow/example_dags/example_sla_dag.py for tasks to queue
[2022-10-04T03:12:52.920+0000] {logging_mixin.py:117} INFO - [2022-10-04T03:12:52.920+0000] {dagbag.py:525} INFO - Filling up the DagBag from /usr/local/lib/python3.10/dist-packages/airflow/example_dags/example_sla_dag.py
[2022-10-04T03:12:52.940+0000] {processor.py:768} INFO - DAG(s) dict_keys(['example_sla_dag']) retrieved from /usr/local/lib/python3.10/dist-packages/airflow/example_dags/example_sla_dag.py
[2022-10-04T03:12:52.962+0000] {logging_mixin.py:117} INFO - [2022-10-04T03:12:52.962+0000] {dag.py:2573} INFO - Sync 1 DAGs
[2022-10-04T03:12:52.981+0000] {logging_mixin.py:117} INFO - [2022-10-04T03:12:52.981+0000] {dag.py:3324} INFO - Setting next_dagrun for example_sla_dag to 2022-10-04T03:10:00+00:00, run_after=2022-10-04T03:12:00+00:00
[2022-10-04T03:12:53.006+0000] {processor.py:178} INFO - Processing /usr/local/lib/python3.10/dist-packages/airflow/example_dags/example_sla_dag.py took 0.090 seconds
[2022-10-04T03:13:32.631+0000] {processor.py:156} INFO - Started process (PID=7958) to work on /usr/local/lib/python3.10/dist-packages/airflow/example_dags/example_sla_dag.py
[2022-10-04T03:13:32.632+0000] {processor.py:758} INFO - Processing file /usr/local/lib/python3.10/dist-packages/airflow/example_dags/example_sla_dag.py for tasks to queue
[2022-10-04T03:13:32.632+0000] {logging_mixin.py:117} INFO - [2022-10-04T03:13:32.632+0000] {dagbag.py:525} INFO - Filling up the DagBag from /usr/local/lib/python3.10/dist-packages/airflow/example_dags/example_sla_dag.py
[2022-10-04T03:13:32.654+0000] {processor.py:768} INFO - DAG(s) dict_keys(['example_sla_dag']) retrieved from /usr/local/lib/python3.10/dist-packages/airflow/example_dags/example_sla_dag.py
[2022-10-04T03:13:32.676+0000] {logging_mixin.py:117} INFO - [2022-10-04T03:13:32.676+0000] {dag.py:2573} INFO - Sync 1 DAGs
[2022-10-04T03:13:32.696+0000] {logging_mixin.py:117} INFO - [2022-10-04T03:13:32.696+0000] {dag.py:3324} INFO - Setting next_dagrun for example_sla_dag to 2022-10-04T03:10:00+00:00, run_after=2022-10-04T03:12:00+00:00
[2022-10-04T03:13:32.717+0000] {processor.py:178} INFO - Processing /usr/local/lib/python3.10/dist-packages/airflow/example_dags/example_sla_dag.py took 0.089 seconds
[2022-10-04T03:14:14.197+0000] {processor.py:156} INFO - Started process (PID=7998) to work on /usr/local/lib/python3.10/dist-packages/airflow/example_dags/example_sla_dag.py
[2022-10-04T03:14:14.198+0000] {processor.py:758} INFO - Processing file /usr/local/lib/python3.10/dist-packages/airflow/example_dags/example_sla_dag.py for tasks to queue
[2022-10-04T03:14:14.199+0000] {logging_mixin.py:117} INFO - [2022-10-04T03:14:14.199+0000] {dagbag.py:525} INFO - Filling up the DagBag from /usr/local/lib/python3.10/dist-packages/airflow/example_dags/example_sla_dag.py
[2022-10-04T03:14:14.219+0000] {processor.py:768} INFO - DAG(s) dict_keys(['example_sla_dag']) retrieved from /usr/local/lib/python3.10/dist-packages/airflow/example_dags/example_sla_dag.py
[2022-10-04T03:14:14.247+0000] {logging_mixin.py:117} INFO - [2022-10-04T03:14:14.247+0000] {dag.py:2573} INFO - Sync 1 DAGs
[2022-10-04T03:14:14.267+0000] {logging_mixin.py:117} INFO - [2022-10-04T03:14:14.267+0000] {dag.py:3324} INFO - Setting next_dagrun for example_sla_dag to 2022-10-04T03:12:00+00:00, run_after=2022-10-04T03:14:00+00:00
[2022-10-04T03:14:14.287+0000] {processor.py:178} INFO - Processing /usr/local/lib/python3.10/dist-packages/airflow/example_dags/example_sla_dag.py took 0.092 seconds
[2022-10-04T03:14:57.943+0000] {processor.py:156} INFO - Started process (PID=8044) to work on /usr/local/lib/python3.10/dist-packages/airflow/example_dags/example_sla_dag.py
[2022-10-04T03:14:57.944+0000] {processor.py:758} INFO - Processing file /usr/local/lib/python3.10/dist-packages/airflow/example_dags/example_sla_dag.py for tasks to queue
[2022-10-04T03:14:57.945+0000] {logging_mixin.py:117} INFO - [2022-10-04T03:14:57.944+0000] {dagbag.py:525} INFO - Filling up the DagBag from /usr/local/lib/python3.10/dist-packages/airflow/example_dags/example_sla_dag.py
[2022-10-04T03:14:57.966+0000] {processor.py:768} INFO - DAG(s) dict_keys(['example_sla_dag']) retrieved from /usr/local/lib/python3.10/dist-packages/airflow/example_dags/example_sla_dag.py
[2022-10-04T03:14:57.987+0000] {logging_mixin.py:117} INFO - [2022-10-04T03:14:57.987+0000] {dag.py:2573} INFO - Sync 1 DAGs
[2022-10-04T03:14:58.016+0000] {logging_mixin.py:117} INFO - [2022-10-04T03:14:58.016+0000] {dag.py:3324} INFO - Setting next_dagrun for example_sla_dag to 2022-10-04T03:12:00+00:00, run_after=2022-10-04T03:14:00+00:00
[2022-10-04T03:14:58.038+0000] {processor.py:178} INFO - Processing /usr/local/lib/python3.10/dist-packages/airflow/example_dags/example_sla_dag.py took 0.099 seconds
[2022-10-04T03:15:43.172+0000] {processor.py:156} INFO - Started process (PID=8088) to work on /usr/local/lib/python3.10/dist-packages/airflow/example_dags/example_sla_dag.py
[2022-10-04T03:15:43.173+0000] {processor.py:758} INFO - Processing file /usr/local/lib/python3.10/dist-packages/airflow/example_dags/example_sla_dag.py for tasks to queue
[2022-10-04T03:15:43.173+0000] {logging_mixin.py:117} INFO - [2022-10-04T03:15:43.173+0000] {dagbag.py:525} INFO - Filling up the DagBag from /usr/local/lib/python3.10/dist-packages/airflow/example_dags/example_sla_dag.py
[2022-10-04T03:15:43.196+0000] {processor.py:768} INFO - DAG(s) dict_keys(['example_sla_dag']) retrieved from /usr/local/lib/python3.10/dist-packages/airflow/example_dags/example_sla_dag.py
[2022-10-04T03:15:43.217+0000] {logging_mixin.py:117} INFO - [2022-10-04T03:15:43.217+0000] {dag.py:2573} INFO - Sync 1 DAGs
[2022-10-04T03:15:43.236+0000] {logging_mixin.py:117} INFO - [2022-10-04T03:15:43.236+0000] {dag.py:3324} INFO - Setting next_dagrun for example_sla_dag to 2022-10-04T03:12:00+00:00, run_after=2022-10-04T03:14:00+00:00
[2022-10-04T03:15:43.447+0000] {processor.py:178} INFO - Processing /usr/local/lib/python3.10/dist-packages/airflow/example_dags/example_sla_dag.py took 0.278 seconds
[2022-10-04T03:16:32.564+0000] {processor.py:156} INFO - Started process (PID=8223) to work on /usr/local/lib/python3.10/dist-packages/airflow/example_dags/example_sla_dag.py
[2022-10-04T03:16:32.566+0000] {processor.py:758} INFO - Processing file /usr/local/lib/python3.10/dist-packages/airflow/example_dags/example_sla_dag.py for tasks to queue
[2022-10-04T03:16:32.566+0000] {logging_mixin.py:117} INFO - [2022-10-04T03:16:32.566+0000] {dagbag.py:525} INFO - Filling up the DagBag from /usr/local/lib/python3.10/dist-packages/airflow/example_dags/example_sla_dag.py
[2022-10-04T03:16:32.588+0000] {processor.py:768} INFO - DAG(s) dict_keys(['example_sla_dag']) retrieved from /usr/local/lib/python3.10/dist-packages/airflow/example_dags/example_sla_dag.py
[2022-10-04T03:16:32.613+0000] {logging_mixin.py:117} INFO - [2022-10-04T03:16:32.613+0000] {dag.py:2573} INFO - Sync 1 DAGs
[2022-10-04T03:16:32.765+0000] {logging_mixin.py:117} INFO - [2022-10-04T03:16:32.764+0000] {dag.py:3324} INFO - Setting next_dagrun for example_sla_dag to 2022-10-04T03:14:00+00:00, run_after=2022-10-04T03:16:00+00:00
[2022-10-04T03:16:32.785+0000] {processor.py:178} INFO - Processing /usr/local/lib/python3.10/dist-packages/airflow/example_dags/example_sla_dag.py took 0.224 seconds
[2022-10-04T03:17:16.180+0000] {processor.py:156} INFO - Started process (PID=8561) to work on /usr/local/lib/python3.10/dist-packages/airflow/example_dags/example_sla_dag.py
[2022-10-04T03:17:16.181+0000] {processor.py:758} INFO - Processing file /usr/local/lib/python3.10/dist-packages/airflow/example_dags/example_sla_dag.py for tasks to queue
[2022-10-04T03:17:16.181+0000] {logging_mixin.py:117} INFO - [2022-10-04T03:17:16.181+0000] {dagbag.py:525} INFO - Filling up the DagBag from /usr/local/lib/python3.10/dist-packages/airflow/example_dags/example_sla_dag.py
[2022-10-04T03:17:16.207+0000] {processor.py:768} INFO - DAG(s) dict_keys(['example_sla_dag']) retrieved from /usr/local/lib/python3.10/dist-packages/airflow/example_dags/example_sla_dag.py
[2022-10-04T03:17:16.234+0000] {logging_mixin.py:117} INFO - [2022-10-04T03:17:16.234+0000] {dag.py:2573} INFO - Sync 1 DAGs
[2022-10-04T03:17:16.431+0000] {logging_mixin.py:117} INFO - [2022-10-04T03:17:16.431+0000] {dag.py:3324} INFO - Setting next_dagrun for example_sla_dag to 2022-10-04T03:14:00+00:00, run_after=2022-10-04T03:16:00+00:00
[2022-10-04T03:17:16.455+0000] {processor.py:178} INFO - Processing /usr/local/lib/python3.10/dist-packages/airflow/example_dags/example_sla_dag.py took 0.279 seconds
[2022-10-04T03:18:11.248+0000] {processor.py:156} INFO - Started process (PID=8645) to work on /usr/local/lib/python3.10/dist-packages/airflow/example_dags/example_sla_dag.py
[2022-10-04T03:18:11.249+0000] {processor.py:758} INFO - Processing file /usr/local/lib/python3.10/dist-packages/airflow/example_dags/example_sla_dag.py for tasks to queue
[2022-10-04T03:18:11.250+0000] {logging_mixin.py:117} INFO - [2022-10-04T03:18:11.249+0000] {dagbag.py:525} INFO - Filling up the DagBag from /usr/local/lib/python3.10/dist-packages/airflow/example_dags/example_sla_dag.py
[2022-10-04T03:18:11.272+0000] {processor.py:768} INFO - DAG(s) dict_keys(['example_sla_dag']) retrieved from /usr/local/lib/python3.10/dist-packages/airflow/example_dags/example_sla_dag.py
[2022-10-04T03:18:11.296+0000] {logging_mixin.py:117} INFO - [2022-10-04T03:18:11.296+0000] {dag.py:2573} INFO - Sync 1 DAGs
[2022-10-04T03:18:11.456+0000] {logging_mixin.py:117} INFO - [2022-10-04T03:18:11.456+0000] {dag.py:3324} INFO - Setting next_dagrun for example_sla_dag to 2022-10-04T03:16:00+00:00, run_after=2022-10-04T03:18:00+00:00
[2022-10-04T03:18:11.479+0000] {processor.py:178} INFO - Processing /usr/local/lib/python3.10/dist-packages/airflow/example_dags/example_sla_dag.py took 0.234 seconds
[2022-10-04T03:19:05.335+0000] {processor.py:156} INFO - Started process (PID=8710) to work on /usr/local/lib/python3.10/dist-packages/airflow/example_dags/example_sla_dag.py
[2022-10-04T03:19:05.336+0000] {processor.py:758} INFO - Processing file /usr/local/lib/python3.10/dist-packages/airflow/example_dags/example_sla_dag.py for tasks to queue
[2022-10-04T03:19:05.337+0000] {logging_mixin.py:117} INFO - [2022-10-04T03:19:05.337+0000] {dagbag.py:525} INFO - Filling up the DagBag from /usr/local/lib/python3.10/dist-packages/airflow/example_dags/example_sla_dag.py
[2022-10-04T03:19:05.368+0000] {processor.py:768} INFO - DAG(s) dict_keys(['example_sla_dag']) retrieved from /usr/local/lib/python3.10/dist-packages/airflow/example_dags/example_sla_dag.py
[2022-10-04T03:19:05.392+0000] {logging_mixin.py:117} INFO - [2022-10-04T03:19:05.392+0000] {dag.py:2573} INFO - Sync 1 DAGs
[2022-10-04T03:19:05.413+0000] {logging_mixin.py:117} INFO - [2022-10-04T03:19:05.413+0000] {dag.py:3324} INFO - Setting next_dagrun for example_sla_dag to 2022-10-04T03:16:00+00:00, run_after=2022-10-04T03:18:00+00:00
[2022-10-04T03:19:05.436+0000] {processor.py:178} INFO - Processing /usr/local/lib/python3.10/dist-packages/airflow/example_dags/example_sla_dag.py took 0.104 seconds
[2022-10-04T03:19:43.899+0000] {processor.py:156} INFO - Started process (PID=8751) to work on /usr/local/lib/python3.10/dist-packages/airflow/example_dags/example_sla_dag.py
[2022-10-04T03:19:43.900+0000] {processor.py:758} INFO - Processing file /usr/local/lib/python3.10/dist-packages/airflow/example_dags/example_sla_dag.py for tasks to queue
[2022-10-04T03:19:43.901+0000] {logging_mixin.py:117} INFO - [2022-10-04T03:19:43.900+0000] {dagbag.py:525} INFO - Filling up the DagBag from /usr/local/lib/python3.10/dist-packages/airflow/example_dags/example_sla_dag.py
[2022-10-04T03:19:43.922+0000] {processor.py:768} INFO - DAG(s) dict_keys(['example_sla_dag']) retrieved from /usr/local/lib/python3.10/dist-packages/airflow/example_dags/example_sla_dag.py
[2022-10-04T03:19:43.943+0000] {logging_mixin.py:117} INFO - [2022-10-04T03:19:43.942+0000] {dag.py:2573} INFO - Sync 1 DAGs
[2022-10-04T03:19:43.962+0000] {logging_mixin.py:117} INFO - [2022-10-04T03:19:43.962+0000] {dag.py:3324} INFO - Setting next_dagrun for example_sla_dag to 2022-10-04T03:16:00+00:00, run_after=2022-10-04T03:18:00+00:00
[2022-10-04T03:19:43.985+0000] {processor.py:178} INFO - Processing /usr/local/lib/python3.10/dist-packages/airflow/example_dags/example_sla_dag.py took 0.089 seconds
[2022-10-04T03:20:27.409+0000] {processor.py:156} INFO - Started process (PID=8793) to work on /usr/local/lib/python3.10/dist-packages/airflow/example_dags/example_sla_dag.py
[2022-10-04T03:20:27.410+0000] {processor.py:758} INFO - Processing file /usr/local/lib/python3.10/dist-packages/airflow/example_dags/example_sla_dag.py for tasks to queue
[2022-10-04T03:20:27.411+0000] {logging_mixin.py:117} INFO - [2022-10-04T03:20:27.410+0000] {dagbag.py:525} INFO - Filling up the DagBag from /usr/local/lib/python3.10/dist-packages/airflow/example_dags/example_sla_dag.py
[2022-10-04T03:20:27.433+0000] {processor.py:768} INFO - DAG(s) dict_keys(['example_sla_dag']) retrieved from /usr/local/lib/python3.10/dist-packages/airflow/example_dags/example_sla_dag.py
[2022-10-04T03:20:27.455+0000] {logging_mixin.py:117} INFO - [2022-10-04T03:20:27.455+0000] {dag.py:2573} INFO - Sync 1 DAGs
[2022-10-04T03:20:27.474+0000] {logging_mixin.py:117} INFO - [2022-10-04T03:20:27.473+0000] {dag.py:3324} INFO - Setting next_dagrun for example_sla_dag to 2022-10-04T03:18:00+00:00, run_after=2022-10-04T03:20:00+00:00
[2022-10-04T03:20:27.498+0000] {processor.py:178} INFO - Processing /usr/local/lib/python3.10/dist-packages/airflow/example_dags/example_sla_dag.py took 0.091 seconds
[2022-10-04T03:21:07.036+0000] {processor.py:156} INFO - Started process (PID=8833) to work on /usr/local/lib/python3.10/dist-packages/airflow/example_dags/example_sla_dag.py
[2022-10-04T03:21:07.037+0000] {processor.py:758} INFO - Processing file /usr/local/lib/python3.10/dist-packages/airflow/example_dags/example_sla_dag.py for tasks to queue
[2022-10-04T03:21:07.037+0000] {logging_mixin.py:117} INFO - [2022-10-04T03:21:07.037+0000] {dagbag.py:525} INFO - Filling up the DagBag from /usr/local/lib/python3.10/dist-packages/airflow/example_dags/example_sla_dag.py
[2022-10-04T03:21:07.066+0000] {processor.py:768} INFO - DAG(s) dict_keys(['example_sla_dag']) retrieved from /usr/local/lib/python3.10/dist-packages/airflow/example_dags/example_sla_dag.py
[2022-10-04T03:21:07.091+0000] {logging_mixin.py:117} INFO - [2022-10-04T03:21:07.091+0000] {dag.py:2573} INFO - Sync 1 DAGs
[2022-10-04T03:21:07.115+0000] {logging_mixin.py:117} INFO - [2022-10-04T03:21:07.115+0000] {dag.py:3324} INFO - Setting next_dagrun for example_sla_dag to 2022-10-04T03:18:00+00:00, run_after=2022-10-04T03:20:00+00:00
[2022-10-04T03:21:07.137+0000] {processor.py:178} INFO - Processing /usr/local/lib/python3.10/dist-packages/airflow/example_dags/example_sla_dag.py took 0.105 seconds
[2022-10-04T03:21:46.538+0000] {processor.py:156} INFO - Started process (PID=8872) to work on /usr/local/lib/python3.10/dist-packages/airflow/example_dags/example_sla_dag.py
[2022-10-04T03:21:46.539+0000] {processor.py:758} INFO - Processing file /usr/local/lib/python3.10/dist-packages/airflow/example_dags/example_sla_dag.py for tasks to queue
[2022-10-04T03:21:46.540+0000] {logging_mixin.py:117} INFO - [2022-10-04T03:21:46.539+0000] {dagbag.py:525} INFO - Filling up the DagBag from /usr/local/lib/python3.10/dist-packages/airflow/example_dags/example_sla_dag.py
[2022-10-04T03:21:46.562+0000] {processor.py:768} INFO - DAG(s) dict_keys(['example_sla_dag']) retrieved from /usr/local/lib/python3.10/dist-packages/airflow/example_dags/example_sla_dag.py
[2022-10-04T03:21:46.585+0000] {logging_mixin.py:117} INFO - [2022-10-04T03:21:46.585+0000] {dag.py:2573} INFO - Sync 1 DAGs
[2022-10-04T03:21:46.607+0000] {logging_mixin.py:117} INFO - [2022-10-04T03:21:46.606+0000] {dag.py:3324} INFO - Setting next_dagrun for example_sla_dag to 2022-10-04T03:18:00+00:00, run_after=2022-10-04T03:20:00+00:00
[2022-10-04T03:21:46.628+0000] {processor.py:178} INFO - Processing /usr/local/lib/python3.10/dist-packages/airflow/example_dags/example_sla_dag.py took 0.093 seconds
[2022-10-04T03:22:24.254+0000] {processor.py:156} INFO - Started process (PID=8912) to work on /usr/local/lib/python3.10/dist-packages/airflow/example_dags/example_sla_dag.py
[2022-10-04T03:22:24.256+0000] {processor.py:758} INFO - Processing file /usr/local/lib/python3.10/dist-packages/airflow/example_dags/example_sla_dag.py for tasks to queue
[2022-10-04T03:22:24.256+0000] {logging_mixin.py:117} INFO - [2022-10-04T03:22:24.256+0000] {dagbag.py:525} INFO - Filling up the DagBag from /usr/local/lib/python3.10/dist-packages/airflow/example_dags/example_sla_dag.py
[2022-10-04T03:22:24.279+0000] {processor.py:768} INFO - DAG(s) dict_keys(['example_sla_dag']) retrieved from /usr/local/lib/python3.10/dist-packages/airflow/example_dags/example_sla_dag.py
[2022-10-04T03:22:24.301+0000] {logging_mixin.py:117} INFO - [2022-10-04T03:22:24.301+0000] {dag.py:2573} INFO - Sync 1 DAGs
[2022-10-04T03:22:24.322+0000] {logging_mixin.py:117} INFO - [2022-10-04T03:22:24.322+0000] {dag.py:3324} INFO - Setting next_dagrun for example_sla_dag to 2022-10-04T03:20:00+00:00, run_after=2022-10-04T03:22:00+00:00
[2022-10-04T03:22:24.348+0000] {processor.py:178} INFO - Processing /usr/local/lib/python3.10/dist-packages/airflow/example_dags/example_sla_dag.py took 0.096 seconds
[2022-10-04T03:23:04.805+0000] {processor.py:156} INFO - Started process (PID=8952) to work on /usr/local/lib/python3.10/dist-packages/airflow/example_dags/example_sla_dag.py
[2022-10-04T03:23:04.806+0000] {processor.py:758} INFO - Processing file /usr/local/lib/python3.10/dist-packages/airflow/example_dags/example_sla_dag.py for tasks to queue
[2022-10-04T03:23:04.807+0000] {logging_mixin.py:117} INFO - [2022-10-04T03:23:04.807+0000] {dagbag.py:525} INFO - Filling up the DagBag from /usr/local/lib/python3.10/dist-packages/airflow/example_dags/example_sla_dag.py
[2022-10-04T03:23:04.856+0000] {processor.py:768} INFO - DAG(s) dict_keys(['example_sla_dag']) retrieved from /usr/local/lib/python3.10/dist-packages/airflow/example_dags/example_sla_dag.py
[2022-10-04T03:23:04.896+0000] {logging_mixin.py:117} INFO - [2022-10-04T03:23:04.896+0000] {dag.py:2573} INFO - Sync 1 DAGs
[2022-10-04T03:23:04.942+0000] {logging_mixin.py:117} INFO - [2022-10-04T03:23:04.942+0000] {dag.py:3324} INFO - Setting next_dagrun for example_sla_dag to 2022-10-04T03:20:00+00:00, run_after=2022-10-04T03:22:00+00:00
[2022-10-04T03:23:04.986+0000] {processor.py:178} INFO - Processing /usr/local/lib/python3.10/dist-packages/airflow/example_dags/example_sla_dag.py took 0.184 seconds
[2022-10-04T03:24:05.341+0000] {processor.py:156} INFO - Started process (PID=9020) to work on /usr/local/lib/python3.10/dist-packages/airflow/example_dags/example_sla_dag.py
[2022-10-04T03:24:05.342+0000] {processor.py:758} INFO - Processing file /usr/local/lib/python3.10/dist-packages/airflow/example_dags/example_sla_dag.py for tasks to queue
[2022-10-04T03:24:05.343+0000] {logging_mixin.py:117} INFO - [2022-10-04T03:24:05.343+0000] {dagbag.py:525} INFO - Filling up the DagBag from /usr/local/lib/python3.10/dist-packages/airflow/example_dags/example_sla_dag.py
[2022-10-04T03:24:05.367+0000] {processor.py:768} INFO - DAG(s) dict_keys(['example_sla_dag']) retrieved from /usr/local/lib/python3.10/dist-packages/airflow/example_dags/example_sla_dag.py
[2022-10-04T03:24:05.397+0000] {logging_mixin.py:117} INFO - [2022-10-04T03:24:05.397+0000] {dag.py:2573} INFO - Sync 1 DAGs
[2022-10-04T03:24:05.425+0000] {logging_mixin.py:117} INFO - [2022-10-04T03:24:05.425+0000] {dag.py:3324} INFO - Setting next_dagrun for example_sla_dag to 2022-10-04T03:22:00+00:00, run_after=2022-10-04T03:24:00+00:00
[2022-10-04T03:24:05.458+0000] {processor.py:178} INFO - Processing /usr/local/lib/python3.10/dist-packages/airflow/example_dags/example_sla_dag.py took 0.121 seconds
[2022-10-04T03:24:42.931+0000] {processor.py:156} INFO - Started process (PID=9058) to work on /usr/local/lib/python3.10/dist-packages/airflow/example_dags/example_sla_dag.py
[2022-10-04T03:24:42.932+0000] {processor.py:758} INFO - Processing file /usr/local/lib/python3.10/dist-packages/airflow/example_dags/example_sla_dag.py for tasks to queue
[2022-10-04T03:24:42.933+0000] {logging_mixin.py:117} INFO - [2022-10-04T03:24:42.933+0000] {dagbag.py:525} INFO - Filling up the DagBag from /usr/local/lib/python3.10/dist-packages/airflow/example_dags/example_sla_dag.py
[2022-10-04T03:24:42.966+0000] {processor.py:768} INFO - DAG(s) dict_keys(['example_sla_dag']) retrieved from /usr/local/lib/python3.10/dist-packages/airflow/example_dags/example_sla_dag.py
[2022-10-04T03:24:42.990+0000] {logging_mixin.py:117} INFO - [2022-10-04T03:24:42.990+0000] {dag.py:2573} INFO - Sync 1 DAGs
[2022-10-04T03:24:43.019+0000] {logging_mixin.py:117} INFO - [2022-10-04T03:24:43.019+0000] {dag.py:3324} INFO - Setting next_dagrun for example_sla_dag to 2022-10-04T03:22:00+00:00, run_after=2022-10-04T03:24:00+00:00
[2022-10-04T03:24:43.042+0000] {processor.py:178} INFO - Processing /usr/local/lib/python3.10/dist-packages/airflow/example_dags/example_sla_dag.py took 0.115 seconds
[2022-10-04T03:25:22.637+0000] {processor.py:156} INFO - Started process (PID=9099) to work on /usr/local/lib/python3.10/dist-packages/airflow/example_dags/example_sla_dag.py
[2022-10-04T03:25:22.638+0000] {processor.py:758} INFO - Processing file /usr/local/lib/python3.10/dist-packages/airflow/example_dags/example_sla_dag.py for tasks to queue
[2022-10-04T03:25:22.639+0000] {logging_mixin.py:117} INFO - [2022-10-04T03:25:22.639+0000] {dagbag.py:525} INFO - Filling up the DagBag from /usr/local/lib/python3.10/dist-packages/airflow/example_dags/example_sla_dag.py
[2022-10-04T03:25:22.663+0000] {processor.py:768} INFO - DAG(s) dict_keys(['example_sla_dag']) retrieved from /usr/local/lib/python3.10/dist-packages/airflow/example_dags/example_sla_dag.py
[2022-10-04T03:25:22.685+0000] {logging_mixin.py:117} INFO - [2022-10-04T03:25:22.685+0000] {dag.py:2573} INFO - Sync 1 DAGs
[2022-10-04T03:25:22.703+0000] {logging_mixin.py:117} INFO - [2022-10-04T03:25:22.703+0000] {dag.py:3324} INFO - Setting next_dagrun for example_sla_dag to 2022-10-04T03:22:00+00:00, run_after=2022-10-04T03:24:00+00:00
[2022-10-04T03:25:22.725+0000] {processor.py:178} INFO - Processing /usr/local/lib/python3.10/dist-packages/airflow/example_dags/example_sla_dag.py took 0.090 seconds
[2022-10-04T03:26:40.390+0000] {processor.py:156} INFO - Started process (PID=9186) to work on /usr/local/lib/python3.10/dist-packages/airflow/example_dags/example_sla_dag.py
[2022-10-04T03:26:40.391+0000] {processor.py:758} INFO - Processing file /usr/local/lib/python3.10/dist-packages/airflow/example_dags/example_sla_dag.py for tasks to queue
[2022-10-04T03:26:40.391+0000] {logging_mixin.py:117} INFO - [2022-10-04T03:26:40.391+0000] {dagbag.py:525} INFO - Filling up the DagBag from /usr/local/lib/python3.10/dist-packages/airflow/example_dags/example_sla_dag.py
[2022-10-04T03:26:40.413+0000] {processor.py:768} INFO - DAG(s) dict_keys(['example_sla_dag']) retrieved from /usr/local/lib/python3.10/dist-packages/airflow/example_dags/example_sla_dag.py
[2022-10-04T03:26:40.437+0000] {logging_mixin.py:117} INFO - [2022-10-04T03:26:40.437+0000] {dag.py:2573} INFO - Sync 1 DAGs
[2022-10-04T03:26:40.456+0000] {logging_mixin.py:117} INFO - [2022-10-04T03:26:40.456+0000] {dag.py:3324} INFO - Setting next_dagrun for example_sla_dag to 2022-10-04T03:24:00+00:00, run_after=2022-10-04T03:26:00+00:00
[2022-10-04T03:26:40.477+0000] {processor.py:178} INFO - Processing /usr/local/lib/python3.10/dist-packages/airflow/example_dags/example_sla_dag.py took 0.090 seconds
[2022-10-04T03:30:46.594+0000] {processor.py:156} INFO - Started process (PID=9283) to work on /usr/local/lib/python3.10/dist-packages/airflow/example_dags/example_sla_dag.py
[2022-10-04T03:30:46.596+0000] {processor.py:758} INFO - Processing file /usr/local/lib/python3.10/dist-packages/airflow/example_dags/example_sla_dag.py for tasks to queue
[2022-10-04T03:30:46.596+0000] {logging_mixin.py:117} INFO - [2022-10-04T03:30:46.596+0000] {dagbag.py:525} INFO - Filling up the DagBag from /usr/local/lib/python3.10/dist-packages/airflow/example_dags/example_sla_dag.py
[2022-10-04T03:30:46.617+0000] {processor.py:768} INFO - DAG(s) dict_keys(['example_sla_dag']) retrieved from /usr/local/lib/python3.10/dist-packages/airflow/example_dags/example_sla_dag.py
[2022-10-04T03:30:46.643+0000] {logging_mixin.py:117} INFO - [2022-10-04T03:30:46.643+0000] {dag.py:2573} INFO - Sync 1 DAGs
[2022-10-04T03:30:46.663+0000] {logging_mixin.py:117} INFO - [2022-10-04T03:30:46.663+0000] {dag.py:3324} INFO - Setting next_dagrun for example_sla_dag to 2022-10-04T03:28:00+00:00, run_after=2022-10-04T03:30:00+00:00
[2022-10-04T03:30:46.685+0000] {processor.py:178} INFO - Processing /usr/local/lib/python3.10/dist-packages/airflow/example_dags/example_sla_dag.py took 0.094 seconds
[2022-10-04T03:31:24.905+0000] {processor.py:156} INFO - Started process (PID=9320) to work on /usr/local/lib/python3.10/dist-packages/airflow/example_dags/example_sla_dag.py
[2022-10-04T03:31:24.906+0000] {processor.py:758} INFO - Processing file /usr/local/lib/python3.10/dist-packages/airflow/example_dags/example_sla_dag.py for tasks to queue
[2022-10-04T03:31:24.907+0000] {logging_mixin.py:117} INFO - [2022-10-04T03:31:24.907+0000] {dagbag.py:525} INFO - Filling up the DagBag from /usr/local/lib/python3.10/dist-packages/airflow/example_dags/example_sla_dag.py
[2022-10-04T03:31:24.929+0000] {processor.py:768} INFO - DAG(s) dict_keys(['example_sla_dag']) retrieved from /usr/local/lib/python3.10/dist-packages/airflow/example_dags/example_sla_dag.py
[2022-10-04T03:31:24.954+0000] {logging_mixin.py:117} INFO - [2022-10-04T03:31:24.954+0000] {dag.py:2573} INFO - Sync 1 DAGs
[2022-10-04T03:31:24.974+0000] {logging_mixin.py:117} INFO - [2022-10-04T03:31:24.974+0000] {dag.py:3324} INFO - Setting next_dagrun for example_sla_dag to 2022-10-04T03:28:00+00:00, run_after=2022-10-04T03:30:00+00:00
[2022-10-04T03:31:24.994+0000] {processor.py:178} INFO - Processing /usr/local/lib/python3.10/dist-packages/airflow/example_dags/example_sla_dag.py took 0.092 seconds
[2022-10-04T03:32:09.049+0000] {processor.py:156} INFO - Started process (PID=9381) to work on /usr/local/lib/python3.10/dist-packages/airflow/example_dags/example_sla_dag.py
[2022-10-04T03:32:09.050+0000] {processor.py:758} INFO - Processing file /usr/local/lib/python3.10/dist-packages/airflow/example_dags/example_sla_dag.py for tasks to queue
[2022-10-04T03:32:09.051+0000] {logging_mixin.py:117} INFO - [2022-10-04T03:32:09.051+0000] {dagbag.py:525} INFO - Filling up the DagBag from /usr/local/lib/python3.10/dist-packages/airflow/example_dags/example_sla_dag.py
[2022-10-04T03:32:09.074+0000] {processor.py:768} INFO - DAG(s) dict_keys(['example_sla_dag']) retrieved from /usr/local/lib/python3.10/dist-packages/airflow/example_dags/example_sla_dag.py
[2022-10-04T03:32:09.099+0000] {logging_mixin.py:117} INFO - [2022-10-04T03:32:09.099+0000] {dag.py:2573} INFO - Sync 1 DAGs
[2022-10-04T03:32:09.120+0000] {logging_mixin.py:117} INFO - [2022-10-04T03:32:09.119+0000] {dag.py:3324} INFO - Setting next_dagrun for example_sla_dag to 2022-10-04T03:30:00+00:00, run_after=2022-10-04T03:32:00+00:00
[2022-10-04T03:32:09.142+0000] {processor.py:178} INFO - Processing /usr/local/lib/python3.10/dist-packages/airflow/example_dags/example_sla_dag.py took 0.096 seconds
[2022-10-04T03:32:45.421+0000] {processor.py:156} INFO - Started process (PID=9420) to work on /usr/local/lib/python3.10/dist-packages/airflow/example_dags/example_sla_dag.py
[2022-10-04T03:32:45.422+0000] {processor.py:758} INFO - Processing file /usr/local/lib/python3.10/dist-packages/airflow/example_dags/example_sla_dag.py for tasks to queue
[2022-10-04T03:32:45.422+0000] {logging_mixin.py:117} INFO - [2022-10-04T03:32:45.422+0000] {dagbag.py:525} INFO - Filling up the DagBag from /usr/local/lib/python3.10/dist-packages/airflow/example_dags/example_sla_dag.py
[2022-10-04T03:32:45.444+0000] {processor.py:768} INFO - DAG(s) dict_keys(['example_sla_dag']) retrieved from /usr/local/lib/python3.10/dist-packages/airflow/example_dags/example_sla_dag.py
[2022-10-04T03:32:45.469+0000] {logging_mixin.py:117} INFO - [2022-10-04T03:32:45.469+0000] {dag.py:2573} INFO - Sync 1 DAGs
[2022-10-04T03:32:45.488+0000] {logging_mixin.py:117} INFO - [2022-10-04T03:32:45.488+0000] {dag.py:3324} INFO - Setting next_dagrun for example_sla_dag to 2022-10-04T03:30:00+00:00, run_after=2022-10-04T03:32:00+00:00
[2022-10-04T03:32:45.511+0000] {processor.py:178} INFO - Processing /usr/local/lib/python3.10/dist-packages/airflow/example_dags/example_sla_dag.py took 0.092 seconds
[2022-10-04T03:33:28.181+0000] {processor.py:156} INFO - Started process (PID=9462) to work on /usr/local/lib/python3.10/dist-packages/airflow/example_dags/example_sla_dag.py
[2022-10-04T03:33:28.182+0000] {processor.py:758} INFO - Processing file /usr/local/lib/python3.10/dist-packages/airflow/example_dags/example_sla_dag.py for tasks to queue
[2022-10-04T03:33:28.183+0000] {logging_mixin.py:117} INFO - [2022-10-04T03:33:28.183+0000] {dagbag.py:525} INFO - Filling up the DagBag from /usr/local/lib/python3.10/dist-packages/airflow/example_dags/example_sla_dag.py
[2022-10-04T03:33:28.223+0000] {processor.py:768} INFO - DAG(s) dict_keys(['example_sla_dag']) retrieved from /usr/local/lib/python3.10/dist-packages/airflow/example_dags/example_sla_dag.py
[2022-10-04T03:33:28.281+0000] {logging_mixin.py:117} INFO - [2022-10-04T03:33:28.281+0000] {dag.py:2573} INFO - Sync 1 DAGs
[2022-10-04T03:33:28.306+0000] {logging_mixin.py:117} INFO - [2022-10-04T03:33:28.305+0000] {dag.py:3324} INFO - Setting next_dagrun for example_sla_dag to 2022-10-04T03:30:00+00:00, run_after=2022-10-04T03:32:00+00:00
[2022-10-04T03:33:28.331+0000] {processor.py:178} INFO - Processing /usr/local/lib/python3.10/dist-packages/airflow/example_dags/example_sla_dag.py took 0.155 seconds
[2022-10-04T03:34:08.596+0000] {processor.py:156} INFO - Started process (PID=9509) to work on /usr/local/lib/python3.10/dist-packages/airflow/example_dags/example_sla_dag.py
[2022-10-04T03:34:08.597+0000] {processor.py:758} INFO - Processing file /usr/local/lib/python3.10/dist-packages/airflow/example_dags/example_sla_dag.py for tasks to queue
[2022-10-04T03:34:08.598+0000] {logging_mixin.py:117} INFO - [2022-10-04T03:34:08.598+0000] {dagbag.py:525} INFO - Filling up the DagBag from /usr/local/lib/python3.10/dist-packages/airflow/example_dags/example_sla_dag.py
[2022-10-04T03:34:08.620+0000] {processor.py:768} INFO - DAG(s) dict_keys(['example_sla_dag']) retrieved from /usr/local/lib/python3.10/dist-packages/airflow/example_dags/example_sla_dag.py
[2022-10-04T03:34:08.648+0000] {logging_mixin.py:117} INFO - [2022-10-04T03:34:08.648+0000] {dag.py:2573} INFO - Sync 1 DAGs
[2022-10-04T03:34:08.675+0000] {logging_mixin.py:117} INFO - [2022-10-04T03:34:08.674+0000] {dag.py:3324} INFO - Setting next_dagrun for example_sla_dag to 2022-10-04T03:32:00+00:00, run_after=2022-10-04T03:34:00+00:00
[2022-10-04T03:34:08.697+0000] {processor.py:178} INFO - Processing /usr/local/lib/python3.10/dist-packages/airflow/example_dags/example_sla_dag.py took 0.103 seconds
[2022-10-04T03:46:37.651+0000] {processor.py:156} INFO - Started process (PID=999) to work on /usr/local/lib/python3.10/dist-packages/airflow/example_dags/example_sla_dag.py
[2022-10-04T03:46:37.654+0000] {processor.py:758} INFO - Processing file /usr/local/lib/python3.10/dist-packages/airflow/example_dags/example_sla_dag.py for tasks to queue
[2022-10-04T03:46:37.656+0000] {logging_mixin.py:117} INFO - [2022-10-04T03:46:37.656+0000] {dagbag.py:525} INFO - Filling up the DagBag from /usr/local/lib/python3.10/dist-packages/airflow/example_dags/example_sla_dag.py
[2022-10-04T03:46:37.679+0000] {processor.py:768} INFO - DAG(s) dict_keys(['example_sla_dag']) retrieved from /usr/local/lib/python3.10/dist-packages/airflow/example_dags/example_sla_dag.py
[2022-10-04T03:46:37.706+0000] {logging_mixin.py:117} INFO - [2022-10-04T03:46:37.706+0000] {dag.py:2573} INFO - Sync 1 DAGs
[2022-10-04T03:46:37.726+0000] {logging_mixin.py:117} INFO - [2022-10-04T03:46:37.726+0000] {dag.py:3324} INFO - Setting next_dagrun for example_sla_dag to 2022-10-04T03:44:00+00:00, run_after=2022-10-04T03:46:00+00:00
[2022-10-04T03:46:37.747+0000] {processor.py:178} INFO - Processing /usr/local/lib/python3.10/dist-packages/airflow/example_dags/example_sla_dag.py took 0.099 seconds
[2022-10-04T03:47:16.426+0000] {processor.py:156} INFO - Started process (PID=1037) to work on /usr/local/lib/python3.10/dist-packages/airflow/example_dags/example_sla_dag.py
[2022-10-04T03:47:16.427+0000] {processor.py:758} INFO - Processing file /usr/local/lib/python3.10/dist-packages/airflow/example_dags/example_sla_dag.py for tasks to queue
[2022-10-04T03:47:16.427+0000] {logging_mixin.py:117} INFO - [2022-10-04T03:47:16.427+0000] {dagbag.py:525} INFO - Filling up the DagBag from /usr/local/lib/python3.10/dist-packages/airflow/example_dags/example_sla_dag.py
[2022-10-04T03:47:16.450+0000] {processor.py:768} INFO - DAG(s) dict_keys(['example_sla_dag']) retrieved from /usr/local/lib/python3.10/dist-packages/airflow/example_dags/example_sla_dag.py
[2022-10-04T03:47:16.478+0000] {logging_mixin.py:117} INFO - [2022-10-04T03:47:16.478+0000] {dag.py:2573} INFO - Sync 1 DAGs
[2022-10-04T03:47:16.500+0000] {logging_mixin.py:117} INFO - [2022-10-04T03:47:16.500+0000] {dag.py:3324} INFO - Setting next_dagrun for example_sla_dag to 2022-10-04T03:44:00+00:00, run_after=2022-10-04T03:46:00+00:00
[2022-10-04T03:47:16.522+0000] {processor.py:178} INFO - Processing /usr/local/lib/python3.10/dist-packages/airflow/example_dags/example_sla_dag.py took 0.099 seconds
[2022-10-04T03:47:57.726+0000] {processor.py:156} INFO - Started process (PID=1145) to work on /usr/local/lib/python3.10/dist-packages/airflow/example_dags/example_sla_dag.py
[2022-10-04T03:47:57.727+0000] {processor.py:758} INFO - Processing file /usr/local/lib/python3.10/dist-packages/airflow/example_dags/example_sla_dag.py for tasks to queue
[2022-10-04T03:47:57.728+0000] {logging_mixin.py:117} INFO - [2022-10-04T03:47:57.727+0000] {dagbag.py:525} INFO - Filling up the DagBag from /usr/local/lib/python3.10/dist-packages/airflow/example_dags/example_sla_dag.py
[2022-10-04T03:47:57.751+0000] {processor.py:768} INFO - DAG(s) dict_keys(['example_sla_dag']) retrieved from /usr/local/lib/python3.10/dist-packages/airflow/example_dags/example_sla_dag.py
[2022-10-04T03:47:57.779+0000] {logging_mixin.py:117} INFO - [2022-10-04T03:47:57.779+0000] {dag.py:2573} INFO - Sync 1 DAGs
[2022-10-04T03:47:57.801+0000] {logging_mixin.py:117} INFO - [2022-10-04T03:47:57.800+0000] {dag.py:3324} INFO - Setting next_dagrun for example_sla_dag to 2022-10-04T03:44:00+00:00, run_after=2022-10-04T03:46:00+00:00
[2022-10-04T03:47:57.823+0000] {processor.py:178} INFO - Processing /usr/local/lib/python3.10/dist-packages/airflow/example_dags/example_sla_dag.py took 0.100 seconds
[2022-10-04T03:48:37.052+0000] {processor.py:156} INFO - Started process (PID=1185) to work on /usr/local/lib/python3.10/dist-packages/airflow/example_dags/example_sla_dag.py
[2022-10-04T03:48:37.054+0000] {processor.py:758} INFO - Processing file /usr/local/lib/python3.10/dist-packages/airflow/example_dags/example_sla_dag.py for tasks to queue
[2022-10-04T03:48:37.055+0000] {logging_mixin.py:117} INFO - [2022-10-04T03:48:37.054+0000] {dagbag.py:525} INFO - Filling up the DagBag from /usr/local/lib/python3.10/dist-packages/airflow/example_dags/example_sla_dag.py
[2022-10-04T03:48:37.078+0000] {processor.py:768} INFO - DAG(s) dict_keys(['example_sla_dag']) retrieved from /usr/local/lib/python3.10/dist-packages/airflow/example_dags/example_sla_dag.py
[2022-10-04T03:48:37.104+0000] {logging_mixin.py:117} INFO - [2022-10-04T03:48:37.104+0000] {dag.py:2573} INFO - Sync 1 DAGs
[2022-10-04T03:48:37.125+0000] {logging_mixin.py:117} INFO - [2022-10-04T03:48:37.125+0000] {dag.py:3324} INFO - Setting next_dagrun for example_sla_dag to 2022-10-04T03:46:00+00:00, run_after=2022-10-04T03:48:00+00:00
[2022-10-04T03:48:37.147+0000] {processor.py:178} INFO - Processing /usr/local/lib/python3.10/dist-packages/airflow/example_dags/example_sla_dag.py took 0.097 seconds
[2022-10-04T03:50:00.835+0000] {processor.py:156} INFO - Started process (PID=1273) to work on /usr/local/lib/python3.10/dist-packages/airflow/example_dags/example_sla_dag.py
[2022-10-04T03:50:00.836+0000] {processor.py:758} INFO - Processing file /usr/local/lib/python3.10/dist-packages/airflow/example_dags/example_sla_dag.py for tasks to queue
[2022-10-04T03:50:00.836+0000] {logging_mixin.py:117} INFO - [2022-10-04T03:50:00.836+0000] {dagbag.py:525} INFO - Filling up the DagBag from /usr/local/lib/python3.10/dist-packages/airflow/example_dags/example_sla_dag.py
[2022-10-04T03:50:00.866+0000] {processor.py:768} INFO - DAG(s) dict_keys(['example_sla_dag']) retrieved from /usr/local/lib/python3.10/dist-packages/airflow/example_dags/example_sla_dag.py
[2022-10-04T03:50:00.892+0000] {logging_mixin.py:117} INFO - [2022-10-04T03:50:00.892+0000] {dag.py:2573} INFO - Sync 1 DAGs
[2022-10-04T03:50:00.914+0000] {logging_mixin.py:117} INFO - [2022-10-04T03:50:00.914+0000] {dag.py:3324} INFO - Setting next_dagrun for example_sla_dag to 2022-10-04T03:48:00+00:00, run_after=2022-10-04T03:50:00+00:00
[2022-10-04T03:50:00.938+0000] {processor.py:178} INFO - Processing /usr/local/lib/python3.10/dist-packages/airflow/example_dags/example_sla_dag.py took 0.106 seconds
[2022-10-04T03:50:43.046+0000] {processor.py:156} INFO - Started process (PID=1312) to work on /usr/local/lib/python3.10/dist-packages/airflow/example_dags/example_sla_dag.py
[2022-10-04T03:50:43.048+0000] {processor.py:758} INFO - Processing file /usr/local/lib/python3.10/dist-packages/airflow/example_dags/example_sla_dag.py for tasks to queue
[2022-10-04T03:50:43.048+0000] {logging_mixin.py:117} INFO - [2022-10-04T03:50:43.048+0000] {dagbag.py:525} INFO - Filling up the DagBag from /usr/local/lib/python3.10/dist-packages/airflow/example_dags/example_sla_dag.py
[2022-10-04T03:50:43.072+0000] {processor.py:768} INFO - DAG(s) dict_keys(['example_sla_dag']) retrieved from /usr/local/lib/python3.10/dist-packages/airflow/example_dags/example_sla_dag.py
[2022-10-04T03:50:43.100+0000] {logging_mixin.py:117} INFO - [2022-10-04T03:50:43.100+0000] {dag.py:2573} INFO - Sync 1 DAGs
[2022-10-04T03:50:43.121+0000] {logging_mixin.py:117} INFO - [2022-10-04T03:50:43.121+0000] {dag.py:3324} INFO - Setting next_dagrun for example_sla_dag to 2022-10-04T03:48:00+00:00, run_after=2022-10-04T03:50:00+00:00
[2022-10-04T03:50:43.146+0000] {processor.py:178} INFO - Processing /usr/local/lib/python3.10/dist-packages/airflow/example_dags/example_sla_dag.py took 0.103 seconds
[2022-10-04T03:51:22.443+0000] {processor.py:156} INFO - Started process (PID=1355) to work on /usr/local/lib/python3.10/dist-packages/airflow/example_dags/example_sla_dag.py
[2022-10-04T03:51:22.444+0000] {processor.py:758} INFO - Processing file /usr/local/lib/python3.10/dist-packages/airflow/example_dags/example_sla_dag.py for tasks to queue
[2022-10-04T03:51:22.444+0000] {logging_mixin.py:117} INFO - [2022-10-04T03:51:22.444+0000] {dagbag.py:525} INFO - Filling up the DagBag from /usr/local/lib/python3.10/dist-packages/airflow/example_dags/example_sla_dag.py
[2022-10-04T03:51:22.470+0000] {processor.py:768} INFO - DAG(s) dict_keys(['example_sla_dag']) retrieved from /usr/local/lib/python3.10/dist-packages/airflow/example_dags/example_sla_dag.py
[2022-10-04T03:51:22.498+0000] {logging_mixin.py:117} INFO - [2022-10-04T03:51:22.498+0000] {dag.py:2573} INFO - Sync 1 DAGs
[2022-10-04T03:51:22.527+0000] {logging_mixin.py:117} INFO - [2022-10-04T03:51:22.527+0000] {dag.py:3324} INFO - Setting next_dagrun for example_sla_dag to 2022-10-04T03:48:00+00:00, run_after=2022-10-04T03:50:00+00:00
[2022-10-04T03:51:22.551+0000] {processor.py:178} INFO - Processing /usr/local/lib/python3.10/dist-packages/airflow/example_dags/example_sla_dag.py took 0.111 seconds
[2022-10-04T03:52:02.810+0000] {processor.py:156} INFO - Started process (PID=1395) to work on /usr/local/lib/python3.10/dist-packages/airflow/example_dags/example_sla_dag.py
[2022-10-04T03:52:02.811+0000] {processor.py:758} INFO - Processing file /usr/local/lib/python3.10/dist-packages/airflow/example_dags/example_sla_dag.py for tasks to queue
[2022-10-04T03:52:02.812+0000] {logging_mixin.py:117} INFO - [2022-10-04T03:52:02.812+0000] {dagbag.py:525} INFO - Filling up the DagBag from /usr/local/lib/python3.10/dist-packages/airflow/example_dags/example_sla_dag.py
[2022-10-04T03:52:02.835+0000] {processor.py:768} INFO - DAG(s) dict_keys(['example_sla_dag']) retrieved from /usr/local/lib/python3.10/dist-packages/airflow/example_dags/example_sla_dag.py
[2022-10-04T03:52:02.859+0000] {logging_mixin.py:117} INFO - [2022-10-04T03:52:02.859+0000] {dag.py:2573} INFO - Sync 1 DAGs
[2022-10-04T03:52:02.878+0000] {logging_mixin.py:117} INFO - [2022-10-04T03:52:02.878+0000] {dag.py:3324} INFO - Setting next_dagrun for example_sla_dag to 2022-10-04T03:50:00+00:00, run_after=2022-10-04T03:52:00+00:00
[2022-10-04T03:52:02.900+0000] {processor.py:178} INFO - Processing /usr/local/lib/python3.10/dist-packages/airflow/example_dags/example_sla_dag.py took 0.093 seconds
[2022-10-04T03:52:42.748+0000] {processor.py:156} INFO - Started process (PID=1432) to work on /usr/local/lib/python3.10/dist-packages/airflow/example_dags/example_sla_dag.py
[2022-10-04T03:52:42.749+0000] {processor.py:758} INFO - Processing file /usr/local/lib/python3.10/dist-packages/airflow/example_dags/example_sla_dag.py for tasks to queue
[2022-10-04T03:52:42.749+0000] {logging_mixin.py:117} INFO - [2022-10-04T03:52:42.749+0000] {dagbag.py:525} INFO - Filling up the DagBag from /usr/local/lib/python3.10/dist-packages/airflow/example_dags/example_sla_dag.py
[2022-10-04T03:52:42.772+0000] {processor.py:768} INFO - DAG(s) dict_keys(['example_sla_dag']) retrieved from /usr/local/lib/python3.10/dist-packages/airflow/example_dags/example_sla_dag.py
[2022-10-04T03:52:42.798+0000] {logging_mixin.py:117} INFO - [2022-10-04T03:52:42.798+0000] {dag.py:2573} INFO - Sync 1 DAGs
[2022-10-04T03:52:42.826+0000] {logging_mixin.py:117} INFO - [2022-10-04T03:52:42.825+0000] {dag.py:3324} INFO - Setting next_dagrun for example_sla_dag to 2022-10-04T03:50:00+00:00, run_after=2022-10-04T03:52:00+00:00
[2022-10-04T03:52:42.848+0000] {processor.py:178} INFO - Processing /usr/local/lib/python3.10/dist-packages/airflow/example_dags/example_sla_dag.py took 0.103 seconds
[2022-10-04T03:53:20.837+0000] {processor.py:156} INFO - Started process (PID=1470) to work on /usr/local/lib/python3.10/dist-packages/airflow/example_dags/example_sla_dag.py
[2022-10-04T03:53:20.838+0000] {processor.py:758} INFO - Processing file /usr/local/lib/python3.10/dist-packages/airflow/example_dags/example_sla_dag.py for tasks to queue
[2022-10-04T03:53:20.838+0000] {logging_mixin.py:117} INFO - [2022-10-04T03:53:20.838+0000] {dagbag.py:525} INFO - Filling up the DagBag from /usr/local/lib/python3.10/dist-packages/airflow/example_dags/example_sla_dag.py
[2022-10-04T03:53:20.864+0000] {processor.py:768} INFO - DAG(s) dict_keys(['example_sla_dag']) retrieved from /usr/local/lib/python3.10/dist-packages/airflow/example_dags/example_sla_dag.py
[2022-10-04T03:53:20.890+0000] {logging_mixin.py:117} INFO - [2022-10-04T03:53:20.890+0000] {dag.py:2573} INFO - Sync 1 DAGs
[2022-10-04T03:53:20.912+0000] {logging_mixin.py:117} INFO - [2022-10-04T03:53:20.912+0000] {dag.py:3324} INFO - Setting next_dagrun for example_sla_dag to 2022-10-04T03:50:00+00:00, run_after=2022-10-04T03:52:00+00:00
[2022-10-04T03:53:20.933+0000] {processor.py:178} INFO - Processing /usr/local/lib/python3.10/dist-packages/airflow/example_dags/example_sla_dag.py took 0.100 seconds
[2022-10-04T03:54:05.185+0000] {processor.py:156} INFO - Started process (PID=1520) to work on /usr/local/lib/python3.10/dist-packages/airflow/example_dags/example_sla_dag.py
[2022-10-04T03:54:05.186+0000] {processor.py:758} INFO - Processing file /usr/local/lib/python3.10/dist-packages/airflow/example_dags/example_sla_dag.py for tasks to queue
[2022-10-04T03:54:05.187+0000] {logging_mixin.py:117} INFO - [2022-10-04T03:54:05.187+0000] {dagbag.py:525} INFO - Filling up the DagBag from /usr/local/lib/python3.10/dist-packages/airflow/example_dags/example_sla_dag.py
[2022-10-04T03:54:05.211+0000] {processor.py:768} INFO - DAG(s) dict_keys(['example_sla_dag']) retrieved from /usr/local/lib/python3.10/dist-packages/airflow/example_dags/example_sla_dag.py
[2022-10-04T03:54:05.246+0000] {logging_mixin.py:117} INFO - [2022-10-04T03:54:05.246+0000] {dag.py:2573} INFO - Sync 1 DAGs
[2022-10-04T03:54:05.269+0000] {logging_mixin.py:117} INFO - [2022-10-04T03:54:05.269+0000] {dag.py:3324} INFO - Setting next_dagrun for example_sla_dag to 2022-10-04T03:52:00+00:00, run_after=2022-10-04T03:54:00+00:00
[2022-10-04T03:54:05.294+0000] {processor.py:178} INFO - Processing /usr/local/lib/python3.10/dist-packages/airflow/example_dags/example_sla_dag.py took 0.112 seconds
[2022-10-04T03:55:11.217+0000] {processor.py:156} INFO - Started process (PID=1607) to work on /usr/local/lib/python3.10/dist-packages/airflow/example_dags/example_sla_dag.py
[2022-10-04T03:55:11.218+0000] {processor.py:758} INFO - Processing file /usr/local/lib/python3.10/dist-packages/airflow/example_dags/example_sla_dag.py for tasks to queue
[2022-10-04T03:55:11.219+0000] {logging_mixin.py:117} INFO - [2022-10-04T03:55:11.219+0000] {dagbag.py:525} INFO - Filling up the DagBag from /usr/local/lib/python3.10/dist-packages/airflow/example_dags/example_sla_dag.py
[2022-10-04T03:55:11.240+0000] {processor.py:768} INFO - DAG(s) dict_keys(['example_sla_dag']) retrieved from /usr/local/lib/python3.10/dist-packages/airflow/example_dags/example_sla_dag.py
[2022-10-04T03:55:11.266+0000] {logging_mixin.py:117} INFO - [2022-10-04T03:55:11.266+0000] {dag.py:2573} INFO - Sync 1 DAGs
[2022-10-04T03:55:11.285+0000] {logging_mixin.py:117} INFO - [2022-10-04T03:55:11.285+0000] {dag.py:3324} INFO - Setting next_dagrun for example_sla_dag to 2022-10-04T03:52:00+00:00, run_after=2022-10-04T03:54:00+00:00
[2022-10-04T03:55:11.306+0000] {processor.py:178} INFO - Processing /usr/local/lib/python3.10/dist-packages/airflow/example_dags/example_sla_dag.py took 0.092 seconds
[2022-10-04T04:35:58.221+0000] {processor.py:156} INFO - Started process (PID=1803) to work on /usr/local/lib/python3.10/dist-packages/airflow/example_dags/example_sla_dag.py
[2022-10-04T04:35:58.223+0000] {processor.py:758} INFO - Processing file /usr/local/lib/python3.10/dist-packages/airflow/example_dags/example_sla_dag.py for tasks to queue
[2022-10-04T04:35:58.223+0000] {logging_mixin.py:117} INFO - [2022-10-04T04:35:58.223+0000] {dagbag.py:525} INFO - Filling up the DagBag from /usr/local/lib/python3.10/dist-packages/airflow/example_dags/example_sla_dag.py
[2022-10-04T04:35:58.245+0000] {processor.py:768} INFO - DAG(s) dict_keys(['example_sla_dag']) retrieved from /usr/local/lib/python3.10/dist-packages/airflow/example_dags/example_sla_dag.py
[2022-10-04T04:35:58.271+0000] {logging_mixin.py:117} INFO - [2022-10-04T04:35:58.270+0000] {dag.py:2573} INFO - Sync 1 DAGs
[2022-10-04T04:35:58.290+0000] {logging_mixin.py:117} INFO - [2022-10-04T04:35:58.290+0000] {dag.py:3324} INFO - Setting next_dagrun for example_sla_dag to 2022-10-04T04:32:00+00:00, run_after=2022-10-04T04:34:00+00:00
[2022-10-04T04:35:58.310+0000] {processor.py:178} INFO - Processing /usr/local/lib/python3.10/dist-packages/airflow/example_dags/example_sla_dag.py took 0.093 seconds
[2022-10-04T04:46:09.253+0000] {processor.py:156} INFO - Started process (PID=2018) to work on /usr/local/lib/python3.10/dist-packages/airflow/example_dags/example_sla_dag.py
[2022-10-04T04:46:09.255+0000] {processor.py:758} INFO - Processing file /usr/local/lib/python3.10/dist-packages/airflow/example_dags/example_sla_dag.py for tasks to queue
[2022-10-04T04:46:09.255+0000] {logging_mixin.py:117} INFO - [2022-10-04T04:46:09.255+0000] {dagbag.py:525} INFO - Filling up the DagBag from /usr/local/lib/python3.10/dist-packages/airflow/example_dags/example_sla_dag.py
[2022-10-04T04:46:09.272+0000] {processor.py:768} INFO - DAG(s) dict_keys(['example_sla_dag']) retrieved from /usr/local/lib/python3.10/dist-packages/airflow/example_dags/example_sla_dag.py
[2022-10-04T04:46:09.294+0000] {logging_mixin.py:117} INFO - [2022-10-04T04:46:09.293+0000] {dag.py:2573} INFO - Sync 1 DAGs
[2022-10-04T04:46:09.310+0000] {logging_mixin.py:117} INFO - [2022-10-04T04:46:09.310+0000] {dag.py:3324} INFO - Setting next_dagrun for example_sla_dag to 2022-10-04T04:44:00+00:00, run_after=2022-10-04T04:46:00+00:00
[2022-10-04T04:46:09.332+0000] {processor.py:178} INFO - Processing /usr/local/lib/python3.10/dist-packages/airflow/example_dags/example_sla_dag.py took 0.082 seconds
[2022-10-04T04:46:47.964+0000] {processor.py:156} INFO - Started process (PID=2055) to work on /usr/local/lib/python3.10/dist-packages/airflow/example_dags/example_sla_dag.py
[2022-10-04T04:46:47.965+0000] {processor.py:758} INFO - Processing file /usr/local/lib/python3.10/dist-packages/airflow/example_dags/example_sla_dag.py for tasks to queue
[2022-10-04T04:46:47.966+0000] {logging_mixin.py:117} INFO - [2022-10-04T04:46:47.966+0000] {dagbag.py:525} INFO - Filling up the DagBag from /usr/local/lib/python3.10/dist-packages/airflow/example_dags/example_sla_dag.py
[2022-10-04T04:46:47.986+0000] {processor.py:768} INFO - DAG(s) dict_keys(['example_sla_dag']) retrieved from /usr/local/lib/python3.10/dist-packages/airflow/example_dags/example_sla_dag.py
[2022-10-04T04:46:48.009+0000] {logging_mixin.py:117} INFO - [2022-10-04T04:46:48.009+0000] {dag.py:2573} INFO - Sync 1 DAGs
[2022-10-04T04:46:48.028+0000] {logging_mixin.py:117} INFO - [2022-10-04T04:46:48.027+0000] {dag.py:3324} INFO - Setting next_dagrun for example_sla_dag to 2022-10-04T04:44:00+00:00, run_after=2022-10-04T04:46:00+00:00
[2022-10-04T04:46:48.051+0000] {processor.py:178} INFO - Processing /usr/local/lib/python3.10/dist-packages/airflow/example_dags/example_sla_dag.py took 0.090 seconds
[2022-10-04T04:47:27.394+0000] {processor.py:156} INFO - Started process (PID=2093) to work on /usr/local/lib/python3.10/dist-packages/airflow/example_dags/example_sla_dag.py
[2022-10-04T04:47:27.395+0000] {processor.py:758} INFO - Processing file /usr/local/lib/python3.10/dist-packages/airflow/example_dags/example_sla_dag.py for tasks to queue
[2022-10-04T04:47:27.396+0000] {logging_mixin.py:117} INFO - [2022-10-04T04:47:27.395+0000] {dagbag.py:525} INFO - Filling up the DagBag from /usr/local/lib/python3.10/dist-packages/airflow/example_dags/example_sla_dag.py
[2022-10-04T04:47:27.413+0000] {processor.py:768} INFO - DAG(s) dict_keys(['example_sla_dag']) retrieved from /usr/local/lib/python3.10/dist-packages/airflow/example_dags/example_sla_dag.py
[2022-10-04T04:47:27.434+0000] {logging_mixin.py:117} INFO - [2022-10-04T04:47:27.434+0000] {dag.py:2573} INFO - Sync 1 DAGs
[2022-10-04T04:47:27.452+0000] {logging_mixin.py:117} INFO - [2022-10-04T04:47:27.452+0000] {dag.py:3324} INFO - Setting next_dagrun for example_sla_dag to 2022-10-04T04:44:00+00:00, run_after=2022-10-04T04:46:00+00:00
[2022-10-04T04:47:27.473+0000] {processor.py:178} INFO - Processing /usr/local/lib/python3.10/dist-packages/airflow/example_dags/example_sla_dag.py took 0.082 seconds
[2022-10-04T04:48:09.421+0000] {processor.py:156} INFO - Started process (PID=2135) to work on /usr/local/lib/python3.10/dist-packages/airflow/example_dags/example_sla_dag.py
[2022-10-04T04:48:09.422+0000] {processor.py:758} INFO - Processing file /usr/local/lib/python3.10/dist-packages/airflow/example_dags/example_sla_dag.py for tasks to queue
[2022-10-04T04:48:09.422+0000] {logging_mixin.py:117} INFO - [2022-10-04T04:48:09.422+0000] {dagbag.py:525} INFO - Filling up the DagBag from /usr/local/lib/python3.10/dist-packages/airflow/example_dags/example_sla_dag.py
[2022-10-04T04:48:09.441+0000] {processor.py:768} INFO - DAG(s) dict_keys(['example_sla_dag']) retrieved from /usr/local/lib/python3.10/dist-packages/airflow/example_dags/example_sla_dag.py
[2022-10-04T04:48:09.461+0000] {logging_mixin.py:117} INFO - [2022-10-04T04:48:09.461+0000] {dag.py:2573} INFO - Sync 1 DAGs
[2022-10-04T04:48:09.481+0000] {logging_mixin.py:117} INFO - [2022-10-04T04:48:09.481+0000] {dag.py:3324} INFO - Setting next_dagrun for example_sla_dag to 2022-10-04T04:46:00+00:00, run_after=2022-10-04T04:48:00+00:00
[2022-10-04T04:48:09.504+0000] {processor.py:178} INFO - Processing /usr/local/lib/python3.10/dist-packages/airflow/example_dags/example_sla_dag.py took 0.086 seconds
[2022-10-04T04:48:45.800+0000] {processor.py:156} INFO - Started process (PID=2172) to work on /usr/local/lib/python3.10/dist-packages/airflow/example_dags/example_sla_dag.py
[2022-10-04T04:48:45.805+0000] {processor.py:758} INFO - Processing file /usr/local/lib/python3.10/dist-packages/airflow/example_dags/example_sla_dag.py for tasks to queue
[2022-10-04T04:48:45.805+0000] {logging_mixin.py:117} INFO - [2022-10-04T04:48:45.805+0000] {dagbag.py:525} INFO - Filling up the DagBag from /usr/local/lib/python3.10/dist-packages/airflow/example_dags/example_sla_dag.py
[2022-10-04T04:48:45.836+0000] {processor.py:768} INFO - DAG(s) dict_keys(['example_sla_dag']) retrieved from /usr/local/lib/python3.10/dist-packages/airflow/example_dags/example_sla_dag.py
[2022-10-04T04:48:45.859+0000] {logging_mixin.py:117} INFO - [2022-10-04T04:48:45.858+0000] {dag.py:2573} INFO - Sync 1 DAGs
[2022-10-04T04:48:45.886+0000] {logging_mixin.py:117} INFO - [2022-10-04T04:48:45.886+0000] {dag.py:3324} INFO - Setting next_dagrun for example_sla_dag to 2022-10-04T04:46:00+00:00, run_after=2022-10-04T04:48:00+00:00
[2022-10-04T04:48:45.926+0000] {processor.py:178} INFO - Processing /usr/local/lib/python3.10/dist-packages/airflow/example_dags/example_sla_dag.py took 0.134 seconds
[2022-10-04T04:49:24.667+0000] {processor.py:156} INFO - Started process (PID=2210) to work on /usr/local/lib/python3.10/dist-packages/airflow/example_dags/example_sla_dag.py
[2022-10-04T04:49:24.668+0000] {processor.py:758} INFO - Processing file /usr/local/lib/python3.10/dist-packages/airflow/example_dags/example_sla_dag.py for tasks to queue
[2022-10-04T04:49:24.669+0000] {logging_mixin.py:117} INFO - [2022-10-04T04:49:24.668+0000] {dagbag.py:525} INFO - Filling up the DagBag from /usr/local/lib/python3.10/dist-packages/airflow/example_dags/example_sla_dag.py
[2022-10-04T04:49:24.688+0000] {processor.py:768} INFO - DAG(s) dict_keys(['example_sla_dag']) retrieved from /usr/local/lib/python3.10/dist-packages/airflow/example_dags/example_sla_dag.py
[2022-10-04T04:49:24.715+0000] {logging_mixin.py:117} INFO - [2022-10-04T04:49:24.715+0000] {dag.py:2573} INFO - Sync 1 DAGs
[2022-10-04T04:49:24.735+0000] {logging_mixin.py:117} INFO - [2022-10-04T04:49:24.734+0000] {dag.py:3324} INFO - Setting next_dagrun for example_sla_dag to 2022-10-04T04:46:00+00:00, run_after=2022-10-04T04:48:00+00:00
[2022-10-04T04:49:24.756+0000] {processor.py:178} INFO - Processing /usr/local/lib/python3.10/dist-packages/airflow/example_dags/example_sla_dag.py took 0.093 seconds
[2022-10-04T04:50:06.037+0000] {processor.py:156} INFO - Started process (PID=2252) to work on /usr/local/lib/python3.10/dist-packages/airflow/example_dags/example_sla_dag.py
[2022-10-04T04:50:06.039+0000] {processor.py:758} INFO - Processing file /usr/local/lib/python3.10/dist-packages/airflow/example_dags/example_sla_dag.py for tasks to queue
[2022-10-04T04:50:06.039+0000] {logging_mixin.py:117} INFO - [2022-10-04T04:50:06.039+0000] {dagbag.py:525} INFO - Filling up the DagBag from /usr/local/lib/python3.10/dist-packages/airflow/example_dags/example_sla_dag.py
[2022-10-04T04:50:06.058+0000] {processor.py:768} INFO - DAG(s) dict_keys(['example_sla_dag']) retrieved from /usr/local/lib/python3.10/dist-packages/airflow/example_dags/example_sla_dag.py
[2022-10-04T04:50:06.081+0000] {logging_mixin.py:117} INFO - [2022-10-04T04:50:06.080+0000] {dag.py:2573} INFO - Sync 1 DAGs
[2022-10-04T04:50:06.099+0000] {logging_mixin.py:117} INFO - [2022-10-04T04:50:06.099+0000] {dag.py:3324} INFO - Setting next_dagrun for example_sla_dag to 2022-10-04T04:48:00+00:00, run_after=2022-10-04T04:50:00+00:00
[2022-10-04T04:50:06.121+0000] {processor.py:178} INFO - Processing /usr/local/lib/python3.10/dist-packages/airflow/example_dags/example_sla_dag.py took 0.088 seconds
[2022-10-04T04:50:41.997+0000] {processor.py:156} INFO - Started process (PID=2289) to work on /usr/local/lib/python3.10/dist-packages/airflow/example_dags/example_sla_dag.py
[2022-10-04T04:50:42.001+0000] {processor.py:758} INFO - Processing file /usr/local/lib/python3.10/dist-packages/airflow/example_dags/example_sla_dag.py for tasks to queue
[2022-10-04T04:50:42.002+0000] {logging_mixin.py:117} INFO - [2022-10-04T04:50:42.002+0000] {dagbag.py:525} INFO - Filling up the DagBag from /usr/local/lib/python3.10/dist-packages/airflow/example_dags/example_sla_dag.py
[2022-10-04T04:50:42.049+0000] {processor.py:768} INFO - DAG(s) dict_keys(['example_sla_dag']) retrieved from /usr/local/lib/python3.10/dist-packages/airflow/example_dags/example_sla_dag.py
[2022-10-04T04:50:42.093+0000] {logging_mixin.py:117} INFO - [2022-10-04T04:50:42.093+0000] {dag.py:2573} INFO - Sync 1 DAGs
[2022-10-04T04:50:42.136+0000] {logging_mixin.py:117} INFO - [2022-10-04T04:50:42.127+0000] {dag.py:3324} INFO - Setting next_dagrun for example_sla_dag to 2022-10-04T04:48:00+00:00, run_after=2022-10-04T04:50:00+00:00
[2022-10-04T04:50:42.165+0000] {processor.py:178} INFO - Processing /usr/local/lib/python3.10/dist-packages/airflow/example_dags/example_sla_dag.py took 0.171 seconds
[2022-10-04T04:51:21.012+0000] {processor.py:156} INFO - Started process (PID=2328) to work on /usr/local/lib/python3.10/dist-packages/airflow/example_dags/example_sla_dag.py
[2022-10-04T04:51:21.014+0000] {processor.py:758} INFO - Processing file /usr/local/lib/python3.10/dist-packages/airflow/example_dags/example_sla_dag.py for tasks to queue
[2022-10-04T04:51:21.016+0000] {logging_mixin.py:117} INFO - [2022-10-04T04:51:21.016+0000] {dagbag.py:525} INFO - Filling up the DagBag from /usr/local/lib/python3.10/dist-packages/airflow/example_dags/example_sla_dag.py
[2022-10-04T04:51:21.033+0000] {processor.py:768} INFO - DAG(s) dict_keys(['example_sla_dag']) retrieved from /usr/local/lib/python3.10/dist-packages/airflow/example_dags/example_sla_dag.py
[2022-10-04T04:51:21.055+0000] {logging_mixin.py:117} INFO - [2022-10-04T04:51:21.055+0000] {dag.py:2573} INFO - Sync 1 DAGs
[2022-10-04T04:51:21.074+0000] {logging_mixin.py:117} INFO - [2022-10-04T04:51:21.074+0000] {dag.py:3324} INFO - Setting next_dagrun for example_sla_dag to 2022-10-04T04:48:00+00:00, run_after=2022-10-04T04:50:00+00:00
[2022-10-04T04:51:21.096+0000] {processor.py:178} INFO - Processing /usr/local/lib/python3.10/dist-packages/airflow/example_dags/example_sla_dag.py took 0.086 seconds
[2022-10-04T04:52:04.002+0000] {processor.py:156} INFO - Started process (PID=2370) to work on /usr/local/lib/python3.10/dist-packages/airflow/example_dags/example_sla_dag.py
[2022-10-04T04:52:04.003+0000] {processor.py:758} INFO - Processing file /usr/local/lib/python3.10/dist-packages/airflow/example_dags/example_sla_dag.py for tasks to queue
[2022-10-04T04:52:04.004+0000] {logging_mixin.py:117} INFO - [2022-10-04T04:52:04.004+0000] {dagbag.py:525} INFO - Filling up the DagBag from /usr/local/lib/python3.10/dist-packages/airflow/example_dags/example_sla_dag.py
[2022-10-04T04:52:04.028+0000] {processor.py:768} INFO - DAG(s) dict_keys(['example_sla_dag']) retrieved from /usr/local/lib/python3.10/dist-packages/airflow/example_dags/example_sla_dag.py
[2022-10-04T04:52:04.051+0000] {logging_mixin.py:117} INFO - [2022-10-04T04:52:04.050+0000] {dag.py:2573} INFO - Sync 1 DAGs
[2022-10-04T04:52:04.072+0000] {logging_mixin.py:117} INFO - [2022-10-04T04:52:04.072+0000] {dag.py:3324} INFO - Setting next_dagrun for example_sla_dag to 2022-10-04T04:50:00+00:00, run_after=2022-10-04T04:52:00+00:00
[2022-10-04T04:52:04.107+0000] {processor.py:178} INFO - Processing /usr/local/lib/python3.10/dist-packages/airflow/example_dags/example_sla_dag.py took 0.109 seconds
[2022-10-04T04:52:46.187+0000] {processor.py:156} INFO - Started process (PID=2412) to work on /usr/local/lib/python3.10/dist-packages/airflow/example_dags/example_sla_dag.py
[2022-10-04T04:52:46.189+0000] {processor.py:758} INFO - Processing file /usr/local/lib/python3.10/dist-packages/airflow/example_dags/example_sla_dag.py for tasks to queue
[2022-10-04T04:52:46.189+0000] {logging_mixin.py:117} INFO - [2022-10-04T04:52:46.189+0000] {dagbag.py:525} INFO - Filling up the DagBag from /usr/local/lib/python3.10/dist-packages/airflow/example_dags/example_sla_dag.py
[2022-10-04T04:52:46.214+0000] {processor.py:768} INFO - DAG(s) dict_keys(['example_sla_dag']) retrieved from /usr/local/lib/python3.10/dist-packages/airflow/example_dags/example_sla_dag.py
[2022-10-04T04:52:46.250+0000] {logging_mixin.py:117} INFO - [2022-10-04T04:52:46.250+0000] {dag.py:2573} INFO - Sync 1 DAGs
[2022-10-04T04:52:46.280+0000] {logging_mixin.py:117} INFO - [2022-10-04T04:52:46.280+0000] {dag.py:3324} INFO - Setting next_dagrun for example_sla_dag to 2022-10-04T04:50:00+00:00, run_after=2022-10-04T04:52:00+00:00
[2022-10-04T04:52:46.303+0000] {processor.py:178} INFO - Processing /usr/local/lib/python3.10/dist-packages/airflow/example_dags/example_sla_dag.py took 0.119 seconds
[2022-10-04T04:53:28.964+0000] {processor.py:156} INFO - Started process (PID=2453) to work on /usr/local/lib/python3.10/dist-packages/airflow/example_dags/example_sla_dag.py
[2022-10-04T04:53:28.965+0000] {processor.py:758} INFO - Processing file /usr/local/lib/python3.10/dist-packages/airflow/example_dags/example_sla_dag.py for tasks to queue
[2022-10-04T04:53:28.966+0000] {logging_mixin.py:117} INFO - [2022-10-04T04:53:28.966+0000] {dagbag.py:525} INFO - Filling up the DagBag from /usr/local/lib/python3.10/dist-packages/airflow/example_dags/example_sla_dag.py
[2022-10-04T04:53:28.983+0000] {processor.py:768} INFO - DAG(s) dict_keys(['example_sla_dag']) retrieved from /usr/local/lib/python3.10/dist-packages/airflow/example_dags/example_sla_dag.py
[2022-10-04T04:53:29.007+0000] {logging_mixin.py:117} INFO - [2022-10-04T04:53:29.006+0000] {dag.py:2573} INFO - Sync 1 DAGs
[2022-10-04T04:53:29.025+0000] {logging_mixin.py:117} INFO - [2022-10-04T04:53:29.025+0000] {dag.py:3324} INFO - Setting next_dagrun for example_sla_dag to 2022-10-04T04:50:00+00:00, run_after=2022-10-04T04:52:00+00:00
[2022-10-04T04:53:29.047+0000] {processor.py:178} INFO - Processing /usr/local/lib/python3.10/dist-packages/airflow/example_dags/example_sla_dag.py took 0.086 seconds
[2022-10-04T04:54:07.642+0000] {processor.py:156} INFO - Started process (PID=2493) to work on /usr/local/lib/python3.10/dist-packages/airflow/example_dags/example_sla_dag.py
[2022-10-04T04:54:07.643+0000] {processor.py:758} INFO - Processing file /usr/local/lib/python3.10/dist-packages/airflow/example_dags/example_sla_dag.py for tasks to queue
[2022-10-04T04:54:07.643+0000] {logging_mixin.py:117} INFO - [2022-10-04T04:54:07.643+0000] {dagbag.py:525} INFO - Filling up the DagBag from /usr/local/lib/python3.10/dist-packages/airflow/example_dags/example_sla_dag.py
[2022-10-04T04:54:07.660+0000] {processor.py:768} INFO - DAG(s) dict_keys(['example_sla_dag']) retrieved from /usr/local/lib/python3.10/dist-packages/airflow/example_dags/example_sla_dag.py
[2022-10-04T04:54:07.681+0000] {logging_mixin.py:117} INFO - [2022-10-04T04:54:07.681+0000] {dag.py:2573} INFO - Sync 1 DAGs
[2022-10-04T04:54:07.699+0000] {logging_mixin.py:117} INFO - [2022-10-04T04:54:07.699+0000] {dag.py:3324} INFO - Setting next_dagrun for example_sla_dag to 2022-10-04T04:52:00+00:00, run_after=2022-10-04T04:54:00+00:00
[2022-10-04T04:54:07.723+0000] {processor.py:178} INFO - Processing /usr/local/lib/python3.10/dist-packages/airflow/example_dags/example_sla_dag.py took 0.087 seconds
