[2022-10-04T03:09:19.127+0000] {processor.py:156} INFO - Started process (PID=7696) to work on /usr/local/lib/python3.10/dist-packages/airflow/example_dags/example_dag_decorator.py
[2022-10-04T03:09:19.130+0000] {processor.py:758} INFO - Processing file /usr/local/lib/python3.10/dist-packages/airflow/example_dags/example_dag_decorator.py for tasks to queue
[2022-10-04T03:09:19.131+0000] {logging_mixin.py:117} INFO - [2022-10-04T03:09:19.131+0000] {dagbag.py:525} INFO - Filling up the DagBag from /usr/local/lib/python3.10/dist-packages/airflow/example_dags/example_dag_decorator.py
[2022-10-04T03:09:19.174+0000] {processor.py:768} INFO - DAG(s) dict_keys(['example_dag_decorator']) retrieved from /usr/local/lib/python3.10/dist-packages/airflow/example_dags/example_dag_decorator.py
[2022-10-04T03:09:19.333+0000] {logging_mixin.py:117} INFO - [2022-10-04T03:09:19.333+0000] {manager.py:508} INFO - Created Permission View: can read on DAG:example_dag_decorator
[2022-10-04T03:09:19.348+0000] {logging_mixin.py:117} INFO - [2022-10-04T03:09:19.348+0000] {manager.py:508} INFO - Created Permission View: can delete on DAG:example_dag_decorator
[2022-10-04T03:09:19.361+0000] {logging_mixin.py:117} INFO - [2022-10-04T03:09:19.361+0000] {manager.py:508} INFO - Created Permission View: can edit on DAG:example_dag_decorator
[2022-10-04T03:09:19.362+0000] {logging_mixin.py:117} INFO - [2022-10-04T03:09:19.362+0000] {dag.py:2573} INFO - Sync 1 DAGs
[2022-10-04T03:09:19.379+0000] {logging_mixin.py:117} INFO - [2022-10-04T03:09:19.376+0000] {dag.py:2594} INFO - Creating ORM DAG for example_dag_decorator
[2022-10-04T03:09:19.393+0000] {logging_mixin.py:117} INFO - [2022-10-04T03:09:19.393+0000] {dag.py:3324} INFO - Setting next_dagrun for example_dag_decorator to None, run_after=None
[2022-10-04T03:09:19.667+0000] {processor.py:178} INFO - Processing /usr/local/lib/python3.10/dist-packages/airflow/example_dags/example_dag_decorator.py took 0.542 seconds
[2022-10-04T03:09:58.512+0000] {processor.py:156} INFO - Started process (PID=7741) to work on /usr/local/lib/python3.10/dist-packages/airflow/example_dags/example_dag_decorator.py
[2022-10-04T03:09:58.513+0000] {processor.py:758} INFO - Processing file /usr/local/lib/python3.10/dist-packages/airflow/example_dags/example_dag_decorator.py for tasks to queue
[2022-10-04T03:09:58.514+0000] {logging_mixin.py:117} INFO - [2022-10-04T03:09:58.513+0000] {dagbag.py:525} INFO - Filling up the DagBag from /usr/local/lib/python3.10/dist-packages/airflow/example_dags/example_dag_decorator.py
[2022-10-04T03:09:58.542+0000] {processor.py:768} INFO - DAG(s) dict_keys(['example_dag_decorator']) retrieved from /usr/local/lib/python3.10/dist-packages/airflow/example_dags/example_dag_decorator.py
[2022-10-04T03:09:58.590+0000] {logging_mixin.py:117} INFO - [2022-10-04T03:09:58.590+0000] {dag.py:2573} INFO - Sync 1 DAGs
[2022-10-04T03:09:58.607+0000] {logging_mixin.py:117} INFO - [2022-10-04T03:09:58.606+0000] {dag.py:3324} INFO - Setting next_dagrun for example_dag_decorator to None, run_after=None
[2022-10-04T03:09:58.629+0000] {processor.py:178} INFO - Processing /usr/local/lib/python3.10/dist-packages/airflow/example_dags/example_dag_decorator.py took 0.120 seconds
[2022-10-04T03:10:38.597+0000] {processor.py:156} INFO - Started process (PID=7782) to work on /usr/local/lib/python3.10/dist-packages/airflow/example_dags/example_dag_decorator.py
[2022-10-04T03:10:38.598+0000] {processor.py:758} INFO - Processing file /usr/local/lib/python3.10/dist-packages/airflow/example_dags/example_dag_decorator.py for tasks to queue
[2022-10-04T03:10:38.599+0000] {logging_mixin.py:117} INFO - [2022-10-04T03:10:38.599+0000] {dagbag.py:525} INFO - Filling up the DagBag from /usr/local/lib/python3.10/dist-packages/airflow/example_dags/example_dag_decorator.py
[2022-10-04T03:10:38.631+0000] {processor.py:768} INFO - DAG(s) dict_keys(['example_dag_decorator']) retrieved from /usr/local/lib/python3.10/dist-packages/airflow/example_dags/example_dag_decorator.py
[2022-10-04T03:10:38.679+0000] {logging_mixin.py:117} INFO - [2022-10-04T03:10:38.679+0000] {dag.py:2573} INFO - Sync 1 DAGs
[2022-10-04T03:10:38.697+0000] {logging_mixin.py:117} INFO - [2022-10-04T03:10:38.696+0000] {dag.py:3324} INFO - Setting next_dagrun for example_dag_decorator to None, run_after=None
[2022-10-04T03:10:38.724+0000] {processor.py:178} INFO - Processing /usr/local/lib/python3.10/dist-packages/airflow/example_dags/example_dag_decorator.py took 0.130 seconds
[2022-10-04T03:11:18.899+0000] {processor.py:156} INFO - Started process (PID=7825) to work on /usr/local/lib/python3.10/dist-packages/airflow/example_dags/example_dag_decorator.py
[2022-10-04T03:11:18.900+0000] {processor.py:758} INFO - Processing file /usr/local/lib/python3.10/dist-packages/airflow/example_dags/example_dag_decorator.py for tasks to queue
[2022-10-04T03:11:18.901+0000] {logging_mixin.py:117} INFO - [2022-10-04T03:11:18.901+0000] {dagbag.py:525} INFO - Filling up the DagBag from /usr/local/lib/python3.10/dist-packages/airflow/example_dags/example_dag_decorator.py
[2022-10-04T03:11:18.926+0000] {processor.py:768} INFO - DAG(s) dict_keys(['example_dag_decorator']) retrieved from /usr/local/lib/python3.10/dist-packages/airflow/example_dags/example_dag_decorator.py
[2022-10-04T03:11:18.973+0000] {logging_mixin.py:117} INFO - [2022-10-04T03:11:18.972+0000] {dag.py:2573} INFO - Sync 1 DAGs
[2022-10-04T03:11:18.988+0000] {logging_mixin.py:117} INFO - [2022-10-04T03:11:18.988+0000] {dag.py:3324} INFO - Setting next_dagrun for example_dag_decorator to None, run_after=None
[2022-10-04T03:11:19.016+0000] {processor.py:178} INFO - Processing /usr/local/lib/python3.10/dist-packages/airflow/example_dags/example_dag_decorator.py took 0.120 seconds
[2022-10-04T03:11:58.699+0000] {processor.py:156} INFO - Started process (PID=7862) to work on /usr/local/lib/python3.10/dist-packages/airflow/example_dags/example_dag_decorator.py
[2022-10-04T03:11:58.701+0000] {processor.py:758} INFO - Processing file /usr/local/lib/python3.10/dist-packages/airflow/example_dags/example_dag_decorator.py for tasks to queue
[2022-10-04T03:11:58.701+0000] {logging_mixin.py:117} INFO - [2022-10-04T03:11:58.701+0000] {dagbag.py:525} INFO - Filling up the DagBag from /usr/local/lib/python3.10/dist-packages/airflow/example_dags/example_dag_decorator.py
[2022-10-04T03:11:58.728+0000] {processor.py:768} INFO - DAG(s) dict_keys(['example_dag_decorator']) retrieved from /usr/local/lib/python3.10/dist-packages/airflow/example_dags/example_dag_decorator.py
[2022-10-04T03:11:58.787+0000] {logging_mixin.py:117} INFO - [2022-10-04T03:11:58.786+0000] {dag.py:2573} INFO - Sync 1 DAGs
[2022-10-04T03:11:58.803+0000] {logging_mixin.py:117} INFO - [2022-10-04T03:11:58.803+0000] {dag.py:3324} INFO - Setting next_dagrun for example_dag_decorator to None, run_after=None
[2022-10-04T03:11:58.825+0000] {processor.py:178} INFO - Processing /usr/local/lib/python3.10/dist-packages/airflow/example_dags/example_dag_decorator.py took 0.128 seconds
[2022-10-04T03:12:38.524+0000] {processor.py:156} INFO - Started process (PID=7904) to work on /usr/local/lib/python3.10/dist-packages/airflow/example_dags/example_dag_decorator.py
[2022-10-04T03:12:38.525+0000] {processor.py:758} INFO - Processing file /usr/local/lib/python3.10/dist-packages/airflow/example_dags/example_dag_decorator.py for tasks to queue
[2022-10-04T03:12:38.526+0000] {logging_mixin.py:117} INFO - [2022-10-04T03:12:38.526+0000] {dagbag.py:525} INFO - Filling up the DagBag from /usr/local/lib/python3.10/dist-packages/airflow/example_dags/example_dag_decorator.py
[2022-10-04T03:12:38.551+0000] {processor.py:768} INFO - DAG(s) dict_keys(['example_dag_decorator']) retrieved from /usr/local/lib/python3.10/dist-packages/airflow/example_dags/example_dag_decorator.py
[2022-10-04T03:12:38.598+0000] {logging_mixin.py:117} INFO - [2022-10-04T03:12:38.598+0000] {dag.py:2573} INFO - Sync 1 DAGs
[2022-10-04T03:12:38.614+0000] {logging_mixin.py:117} INFO - [2022-10-04T03:12:38.614+0000] {dag.py:3324} INFO - Setting next_dagrun for example_dag_decorator to None, run_after=None
[2022-10-04T03:12:38.638+0000] {processor.py:178} INFO - Processing /usr/local/lib/python3.10/dist-packages/airflow/example_dags/example_dag_decorator.py took 0.116 seconds
[2022-10-04T03:13:15.906+0000] {processor.py:156} INFO - Started process (PID=7942) to work on /usr/local/lib/python3.10/dist-packages/airflow/example_dags/example_dag_decorator.py
[2022-10-04T03:13:15.907+0000] {processor.py:758} INFO - Processing file /usr/local/lib/python3.10/dist-packages/airflow/example_dags/example_dag_decorator.py for tasks to queue
[2022-10-04T03:13:15.908+0000] {logging_mixin.py:117} INFO - [2022-10-04T03:13:15.908+0000] {dagbag.py:525} INFO - Filling up the DagBag from /usr/local/lib/python3.10/dist-packages/airflow/example_dags/example_dag_decorator.py
[2022-10-04T03:13:15.934+0000] {processor.py:768} INFO - DAG(s) dict_keys(['example_dag_decorator']) retrieved from /usr/local/lib/python3.10/dist-packages/airflow/example_dags/example_dag_decorator.py
[2022-10-04T03:13:15.981+0000] {logging_mixin.py:117} INFO - [2022-10-04T03:13:15.981+0000] {dag.py:2573} INFO - Sync 1 DAGs
[2022-10-04T03:13:15.998+0000] {logging_mixin.py:117} INFO - [2022-10-04T03:13:15.998+0000] {dag.py:3324} INFO - Setting next_dagrun for example_dag_decorator to None, run_after=None
[2022-10-04T03:13:16.156+0000] {processor.py:178} INFO - Processing /usr/local/lib/python3.10/dist-packages/airflow/example_dags/example_dag_decorator.py took 0.252 seconds
[2022-10-04T03:13:56.475+0000] {processor.py:156} INFO - Started process (PID=7982) to work on /usr/local/lib/python3.10/dist-packages/airflow/example_dags/example_dag_decorator.py
[2022-10-04T03:13:56.476+0000] {processor.py:758} INFO - Processing file /usr/local/lib/python3.10/dist-packages/airflow/example_dags/example_dag_decorator.py for tasks to queue
[2022-10-04T03:13:56.477+0000] {logging_mixin.py:117} INFO - [2022-10-04T03:13:56.477+0000] {dagbag.py:525} INFO - Filling up the DagBag from /usr/local/lib/python3.10/dist-packages/airflow/example_dags/example_dag_decorator.py
[2022-10-04T03:13:56.503+0000] {processor.py:768} INFO - DAG(s) dict_keys(['example_dag_decorator']) retrieved from /usr/local/lib/python3.10/dist-packages/airflow/example_dags/example_dag_decorator.py
[2022-10-04T03:13:56.547+0000] {logging_mixin.py:117} INFO - [2022-10-04T03:13:56.547+0000] {dag.py:2573} INFO - Sync 1 DAGs
[2022-10-04T03:13:56.689+0000] {logging_mixin.py:117} INFO - [2022-10-04T03:13:56.688+0000] {dag.py:3324} INFO - Setting next_dagrun for example_dag_decorator to None, run_after=None
[2022-10-04T03:13:56.710+0000] {processor.py:178} INFO - Processing /usr/local/lib/python3.10/dist-packages/airflow/example_dags/example_dag_decorator.py took 0.237 seconds
[2022-10-04T03:14:38.047+0000] {processor.py:156} INFO - Started process (PID=8025) to work on /usr/local/lib/python3.10/dist-packages/airflow/example_dags/example_dag_decorator.py
[2022-10-04T03:14:38.048+0000] {processor.py:758} INFO - Processing file /usr/local/lib/python3.10/dist-packages/airflow/example_dags/example_dag_decorator.py for tasks to queue
[2022-10-04T03:14:38.048+0000] {logging_mixin.py:117} INFO - [2022-10-04T03:14:38.048+0000] {dagbag.py:525} INFO - Filling up the DagBag from /usr/local/lib/python3.10/dist-packages/airflow/example_dags/example_dag_decorator.py
[2022-10-04T03:14:38.078+0000] {processor.py:768} INFO - DAG(s) dict_keys(['example_dag_decorator']) retrieved from /usr/local/lib/python3.10/dist-packages/airflow/example_dags/example_dag_decorator.py
[2022-10-04T03:14:38.136+0000] {logging_mixin.py:117} INFO - [2022-10-04T03:14:38.135+0000] {dag.py:2573} INFO - Sync 1 DAGs
[2022-10-04T03:14:38.301+0000] {logging_mixin.py:117} INFO - [2022-10-04T03:14:38.301+0000] {dag.py:3324} INFO - Setting next_dagrun for example_dag_decorator to None, run_after=None
[2022-10-04T03:14:38.330+0000] {processor.py:178} INFO - Processing /usr/local/lib/python3.10/dist-packages/airflow/example_dags/example_dag_decorator.py took 0.286 seconds
[2022-10-04T03:15:17.199+0000] {processor.py:156} INFO - Started process (PID=8062) to work on /usr/local/lib/python3.10/dist-packages/airflow/example_dags/example_dag_decorator.py
[2022-10-04T03:15:17.201+0000] {processor.py:758} INFO - Processing file /usr/local/lib/python3.10/dist-packages/airflow/example_dags/example_dag_decorator.py for tasks to queue
[2022-10-04T03:15:17.201+0000] {logging_mixin.py:117} INFO - [2022-10-04T03:15:17.201+0000] {dagbag.py:525} INFO - Filling up the DagBag from /usr/local/lib/python3.10/dist-packages/airflow/example_dags/example_dag_decorator.py
[2022-10-04T03:15:17.234+0000] {processor.py:768} INFO - DAG(s) dict_keys(['example_dag_decorator']) retrieved from /usr/local/lib/python3.10/dist-packages/airflow/example_dags/example_dag_decorator.py
[2022-10-04T03:15:17.410+0000] {logging_mixin.py:117} INFO - [2022-10-04T03:15:17.410+0000] {dag.py:2573} INFO - Sync 1 DAGs
[2022-10-04T03:15:17.426+0000] {logging_mixin.py:117} INFO - [2022-10-04T03:15:17.426+0000] {dag.py:3324} INFO - Setting next_dagrun for example_dag_decorator to None, run_after=None
[2022-10-04T03:15:17.446+0000] {processor.py:178} INFO - Processing /usr/local/lib/python3.10/dist-packages/airflow/example_dags/example_dag_decorator.py took 0.250 seconds
[2022-10-04T03:16:01.959+0000] {processor.py:156} INFO - Started process (PID=8106) to work on /usr/local/lib/python3.10/dist-packages/airflow/example_dags/example_dag_decorator.py
[2022-10-04T03:16:01.960+0000] {processor.py:758} INFO - Processing file /usr/local/lib/python3.10/dist-packages/airflow/example_dags/example_dag_decorator.py for tasks to queue
[2022-10-04T03:16:01.961+0000] {logging_mixin.py:117} INFO - [2022-10-04T03:16:01.961+0000] {dagbag.py:525} INFO - Filling up the DagBag from /usr/local/lib/python3.10/dist-packages/airflow/example_dags/example_dag_decorator.py
[2022-10-04T03:16:02.018+0000] {processor.py:768} INFO - DAG(s) dict_keys(['example_dag_decorator']) retrieved from /usr/local/lib/python3.10/dist-packages/airflow/example_dags/example_dag_decorator.py
[2022-10-04T03:16:02.317+0000] {logging_mixin.py:117} INFO - [2022-10-04T03:16:02.317+0000] {dag.py:2573} INFO - Sync 1 DAGs
[2022-10-04T03:16:02.336+0000] {logging_mixin.py:117} INFO - [2022-10-04T03:16:02.335+0000] {dag.py:3324} INFO - Setting next_dagrun for example_dag_decorator to None, run_after=None
[2022-10-04T03:16:02.360+0000] {processor.py:178} INFO - Processing /usr/local/lib/python3.10/dist-packages/airflow/example_dags/example_dag_decorator.py took 0.404 seconds
[2022-10-04T03:16:43.270+0000] {processor.py:156} INFO - Started process (PID=8231) to work on /usr/local/lib/python3.10/dist-packages/airflow/example_dags/example_dag_decorator.py
[2022-10-04T03:16:43.271+0000] {processor.py:758} INFO - Processing file /usr/local/lib/python3.10/dist-packages/airflow/example_dags/example_dag_decorator.py for tasks to queue
[2022-10-04T03:16:43.273+0000] {logging_mixin.py:117} INFO - [2022-10-04T03:16:43.273+0000] {dagbag.py:525} INFO - Filling up the DagBag from /usr/local/lib/python3.10/dist-packages/airflow/example_dags/example_dag_decorator.py
[2022-10-04T03:16:43.297+0000] {processor.py:768} INFO - DAG(s) dict_keys(['example_dag_decorator']) retrieved from /usr/local/lib/python3.10/dist-packages/airflow/example_dags/example_dag_decorator.py
[2022-10-04T03:16:43.473+0000] {logging_mixin.py:117} INFO - [2022-10-04T03:16:43.473+0000] {dag.py:2573} INFO - Sync 1 DAGs
[2022-10-04T03:16:43.489+0000] {logging_mixin.py:117} INFO - [2022-10-04T03:16:43.489+0000] {dag.py:3324} INFO - Setting next_dagrun for example_dag_decorator to None, run_after=None
[2022-10-04T03:16:43.511+0000] {processor.py:178} INFO - Processing /usr/local/lib/python3.10/dist-packages/airflow/example_dags/example_dag_decorator.py took 0.243 seconds
[2022-10-04T03:17:23.384+0000] {processor.py:156} INFO - Started process (PID=8602) to work on /usr/local/lib/python3.10/dist-packages/airflow/example_dags/example_dag_decorator.py
[2022-10-04T03:17:23.385+0000] {processor.py:758} INFO - Processing file /usr/local/lib/python3.10/dist-packages/airflow/example_dags/example_dag_decorator.py for tasks to queue
[2022-10-04T03:17:23.385+0000] {logging_mixin.py:117} INFO - [2022-10-04T03:17:23.385+0000] {dagbag.py:525} INFO - Filling up the DagBag from /usr/local/lib/python3.10/dist-packages/airflow/example_dags/example_dag_decorator.py
[2022-10-04T03:17:23.409+0000] {processor.py:768} INFO - DAG(s) dict_keys(['example_dag_decorator']) retrieved from /usr/local/lib/python3.10/dist-packages/airflow/example_dags/example_dag_decorator.py
[2022-10-04T03:17:23.575+0000] {logging_mixin.py:117} INFO - [2022-10-04T03:17:23.574+0000] {dag.py:2573} INFO - Sync 1 DAGs
[2022-10-04T03:17:23.588+0000] {logging_mixin.py:117} INFO - [2022-10-04T03:17:23.588+0000] {dag.py:3324} INFO - Setting next_dagrun for example_dag_decorator to None, run_after=None
[2022-10-04T03:17:23.608+0000] {processor.py:178} INFO - Processing /usr/local/lib/python3.10/dist-packages/airflow/example_dags/example_dag_decorator.py took 0.227 seconds
[2022-10-04T03:18:04.578+0000] {processor.py:156} INFO - Started process (PID=8639) to work on /usr/local/lib/python3.10/dist-packages/airflow/example_dags/example_dag_decorator.py
[2022-10-04T03:18:04.580+0000] {processor.py:758} INFO - Processing file /usr/local/lib/python3.10/dist-packages/airflow/example_dags/example_dag_decorator.py for tasks to queue
[2022-10-04T03:18:04.580+0000] {logging_mixin.py:117} INFO - [2022-10-04T03:18:04.580+0000] {dagbag.py:525} INFO - Filling up the DagBag from /usr/local/lib/python3.10/dist-packages/airflow/example_dags/example_dag_decorator.py
[2022-10-04T03:18:04.613+0000] {processor.py:768} INFO - DAG(s) dict_keys(['example_dag_decorator']) retrieved from /usr/local/lib/python3.10/dist-packages/airflow/example_dags/example_dag_decorator.py
[2022-10-04T03:18:04.871+0000] {logging_mixin.py:117} INFO - [2022-10-04T03:18:04.871+0000] {dag.py:2573} INFO - Sync 1 DAGs
[2022-10-04T03:18:04.904+0000] {logging_mixin.py:117} INFO - [2022-10-04T03:18:04.904+0000] {dag.py:3324} INFO - Setting next_dagrun for example_dag_decorator to None, run_after=None
[2022-10-04T03:18:04.939+0000] {processor.py:178} INFO - Processing /usr/local/lib/python3.10/dist-packages/airflow/example_dags/example_dag_decorator.py took 0.365 seconds
[2022-10-04T03:18:54.821+0000] {processor.py:156} INFO - Started process (PID=8699) to work on /usr/local/lib/python3.10/dist-packages/airflow/example_dags/example_dag_decorator.py
[2022-10-04T03:18:54.822+0000] {processor.py:758} INFO - Processing file /usr/local/lib/python3.10/dist-packages/airflow/example_dags/example_dag_decorator.py for tasks to queue
[2022-10-04T03:18:54.823+0000] {logging_mixin.py:117} INFO - [2022-10-04T03:18:54.823+0000] {dagbag.py:525} INFO - Filling up the DagBag from /usr/local/lib/python3.10/dist-packages/airflow/example_dags/example_dag_decorator.py
[2022-10-04T03:18:54.850+0000] {processor.py:768} INFO - DAG(s) dict_keys(['example_dag_decorator']) retrieved from /usr/local/lib/python3.10/dist-packages/airflow/example_dags/example_dag_decorator.py
[2022-10-04T03:18:54.862+0000] {logging_mixin.py:117} INFO - [2022-10-04T03:18:54.861+0000] {dag.py:2573} INFO - Sync 1 DAGs
[2022-10-04T03:18:54.879+0000] {logging_mixin.py:117} INFO - [2022-10-04T03:18:54.879+0000] {dag.py:3324} INFO - Setting next_dagrun for example_dag_decorator to None, run_after=None
[2022-10-04T03:18:54.900+0000] {processor.py:178} INFO - Processing /usr/local/lib/python3.10/dist-packages/airflow/example_dags/example_dag_decorator.py took 0.082 seconds
[2022-10-04T03:19:33.351+0000] {processor.py:156} INFO - Started process (PID=8740) to work on /usr/local/lib/python3.10/dist-packages/airflow/example_dags/example_dag_decorator.py
[2022-10-04T03:19:33.352+0000] {processor.py:758} INFO - Processing file /usr/local/lib/python3.10/dist-packages/airflow/example_dags/example_dag_decorator.py for tasks to queue
[2022-10-04T03:19:33.353+0000] {logging_mixin.py:117} INFO - [2022-10-04T03:19:33.353+0000] {dagbag.py:525} INFO - Filling up the DagBag from /usr/local/lib/python3.10/dist-packages/airflow/example_dags/example_dag_decorator.py
[2022-10-04T03:19:33.379+0000] {processor.py:768} INFO - DAG(s) dict_keys(['example_dag_decorator']) retrieved from /usr/local/lib/python3.10/dist-packages/airflow/example_dags/example_dag_decorator.py
[2022-10-04T03:19:33.423+0000] {logging_mixin.py:117} INFO - [2022-10-04T03:19:33.423+0000] {dag.py:2573} INFO - Sync 1 DAGs
[2022-10-04T03:19:33.438+0000] {logging_mixin.py:117} INFO - [2022-10-04T03:19:33.437+0000] {dag.py:3324} INFO - Setting next_dagrun for example_dag_decorator to None, run_after=None
[2022-10-04T03:19:33.460+0000] {processor.py:178} INFO - Processing /usr/local/lib/python3.10/dist-packages/airflow/example_dags/example_dag_decorator.py took 0.111 seconds
[2022-10-04T03:20:11.333+0000] {processor.py:156} INFO - Started process (PID=8777) to work on /usr/local/lib/python3.10/dist-packages/airflow/example_dags/example_dag_decorator.py
[2022-10-04T03:20:11.334+0000] {processor.py:758} INFO - Processing file /usr/local/lib/python3.10/dist-packages/airflow/example_dags/example_dag_decorator.py for tasks to queue
[2022-10-04T03:20:11.335+0000] {logging_mixin.py:117} INFO - [2022-10-04T03:20:11.334+0000] {dagbag.py:525} INFO - Filling up the DagBag from /usr/local/lib/python3.10/dist-packages/airflow/example_dags/example_dag_decorator.py
[2022-10-04T03:20:11.363+0000] {processor.py:768} INFO - DAG(s) dict_keys(['example_dag_decorator']) retrieved from /usr/local/lib/python3.10/dist-packages/airflow/example_dags/example_dag_decorator.py
[2022-10-04T03:20:11.407+0000] {logging_mixin.py:117} INFO - [2022-10-04T03:20:11.407+0000] {dag.py:2573} INFO - Sync 1 DAGs
[2022-10-04T03:20:11.422+0000] {logging_mixin.py:117} INFO - [2022-10-04T03:20:11.422+0000] {dag.py:3324} INFO - Setting next_dagrun for example_dag_decorator to None, run_after=None
[2022-10-04T03:20:11.444+0000] {processor.py:178} INFO - Processing /usr/local/lib/python3.10/dist-packages/airflow/example_dags/example_dag_decorator.py took 0.114 seconds
[2022-10-04T03:20:50.696+0000] {processor.py:156} INFO - Started process (PID=8818) to work on /usr/local/lib/python3.10/dist-packages/airflow/example_dags/example_dag_decorator.py
[2022-10-04T03:20:50.697+0000] {processor.py:758} INFO - Processing file /usr/local/lib/python3.10/dist-packages/airflow/example_dags/example_dag_decorator.py for tasks to queue
[2022-10-04T03:20:50.698+0000] {logging_mixin.py:117} INFO - [2022-10-04T03:20:50.698+0000] {dagbag.py:525} INFO - Filling up the DagBag from /usr/local/lib/python3.10/dist-packages/airflow/example_dags/example_dag_decorator.py
[2022-10-04T03:20:50.726+0000] {processor.py:768} INFO - DAG(s) dict_keys(['example_dag_decorator']) retrieved from /usr/local/lib/python3.10/dist-packages/airflow/example_dags/example_dag_decorator.py
[2022-10-04T03:20:50.775+0000] {logging_mixin.py:117} INFO - [2022-10-04T03:20:50.775+0000] {dag.py:2573} INFO - Sync 1 DAGs
[2022-10-04T03:20:50.791+0000] {logging_mixin.py:117} INFO - [2022-10-04T03:20:50.791+0000] {dag.py:3324} INFO - Setting next_dagrun for example_dag_decorator to None, run_after=None
[2022-10-04T03:20:50.814+0000] {processor.py:178} INFO - Processing /usr/local/lib/python3.10/dist-packages/airflow/example_dags/example_dag_decorator.py took 0.120 seconds
[2022-10-04T03:21:29.883+0000] {processor.py:156} INFO - Started process (PID=8856) to work on /usr/local/lib/python3.10/dist-packages/airflow/example_dags/example_dag_decorator.py
[2022-10-04T03:21:29.884+0000] {processor.py:758} INFO - Processing file /usr/local/lib/python3.10/dist-packages/airflow/example_dags/example_dag_decorator.py for tasks to queue
[2022-10-04T03:21:29.884+0000] {logging_mixin.py:117} INFO - [2022-10-04T03:21:29.884+0000] {dagbag.py:525} INFO - Filling up the DagBag from /usr/local/lib/python3.10/dist-packages/airflow/example_dags/example_dag_decorator.py
[2022-10-04T03:21:29.912+0000] {processor.py:768} INFO - DAG(s) dict_keys(['example_dag_decorator']) retrieved from /usr/local/lib/python3.10/dist-packages/airflow/example_dags/example_dag_decorator.py
[2022-10-04T03:21:29.957+0000] {logging_mixin.py:117} INFO - [2022-10-04T03:21:29.957+0000] {dag.py:2573} INFO - Sync 1 DAGs
[2022-10-04T03:21:29.972+0000] {logging_mixin.py:117} INFO - [2022-10-04T03:21:29.972+0000] {dag.py:3324} INFO - Setting next_dagrun for example_dag_decorator to None, run_after=None
[2022-10-04T03:21:29.995+0000] {processor.py:178} INFO - Processing /usr/local/lib/python3.10/dist-packages/airflow/example_dags/example_dag_decorator.py took 0.114 seconds
[2022-10-04T03:22:10.844+0000] {processor.py:156} INFO - Started process (PID=8895) to work on /usr/local/lib/python3.10/dist-packages/airflow/example_dags/example_dag_decorator.py
[2022-10-04T03:22:10.845+0000] {processor.py:758} INFO - Processing file /usr/local/lib/python3.10/dist-packages/airflow/example_dags/example_dag_decorator.py for tasks to queue
[2022-10-04T03:22:10.846+0000] {logging_mixin.py:117} INFO - [2022-10-04T03:22:10.846+0000] {dagbag.py:525} INFO - Filling up the DagBag from /usr/local/lib/python3.10/dist-packages/airflow/example_dags/example_dag_decorator.py
[2022-10-04T03:22:10.873+0000] {processor.py:768} INFO - DAG(s) dict_keys(['example_dag_decorator']) retrieved from /usr/local/lib/python3.10/dist-packages/airflow/example_dags/example_dag_decorator.py
[2022-10-04T03:22:10.922+0000] {logging_mixin.py:117} INFO - [2022-10-04T03:22:10.922+0000] {dag.py:2573} INFO - Sync 1 DAGs
[2022-10-04T03:22:10.942+0000] {logging_mixin.py:117} INFO - [2022-10-04T03:22:10.942+0000] {dag.py:3324} INFO - Setting next_dagrun for example_dag_decorator to None, run_after=None
[2022-10-04T03:22:10.965+0000] {processor.py:178} INFO - Processing /usr/local/lib/python3.10/dist-packages/airflow/example_dags/example_dag_decorator.py took 0.123 seconds
[2022-10-04T03:22:47.493+0000] {processor.py:156} INFO - Started process (PID=8934) to work on /usr/local/lib/python3.10/dist-packages/airflow/example_dags/example_dag_decorator.py
[2022-10-04T03:22:47.494+0000] {processor.py:758} INFO - Processing file /usr/local/lib/python3.10/dist-packages/airflow/example_dags/example_dag_decorator.py for tasks to queue
[2022-10-04T03:22:47.495+0000] {logging_mixin.py:117} INFO - [2022-10-04T03:22:47.495+0000] {dagbag.py:525} INFO - Filling up the DagBag from /usr/local/lib/python3.10/dist-packages/airflow/example_dags/example_dag_decorator.py
[2022-10-04T03:22:47.522+0000] {processor.py:768} INFO - DAG(s) dict_keys(['example_dag_decorator']) retrieved from /usr/local/lib/python3.10/dist-packages/airflow/example_dags/example_dag_decorator.py
[2022-10-04T03:22:47.571+0000] {logging_mixin.py:117} INFO - [2022-10-04T03:22:47.571+0000] {dag.py:2573} INFO - Sync 1 DAGs
[2022-10-04T03:22:47.590+0000] {logging_mixin.py:117} INFO - [2022-10-04T03:22:47.590+0000] {dag.py:3324} INFO - Setting next_dagrun for example_dag_decorator to None, run_after=None
[2022-10-04T03:22:47.748+0000] {processor.py:178} INFO - Processing /usr/local/lib/python3.10/dist-packages/airflow/example_dags/example_dag_decorator.py took 0.258 seconds
[2022-10-04T03:23:53.771+0000] {processor.py:156} INFO - Started process (PID=9006) to work on /usr/local/lib/python3.10/dist-packages/airflow/example_dags/example_dag_decorator.py
[2022-10-04T03:23:53.772+0000] {processor.py:758} INFO - Processing file /usr/local/lib/python3.10/dist-packages/airflow/example_dags/example_dag_decorator.py for tasks to queue
[2022-10-04T03:23:53.773+0000] {logging_mixin.py:117} INFO - [2022-10-04T03:23:53.773+0000] {dagbag.py:525} INFO - Filling up the DagBag from /usr/local/lib/python3.10/dist-packages/airflow/example_dags/example_dag_decorator.py
[2022-10-04T03:23:53.799+0000] {processor.py:768} INFO - DAG(s) dict_keys(['example_dag_decorator']) retrieved from /usr/local/lib/python3.10/dist-packages/airflow/example_dags/example_dag_decorator.py
[2022-10-04T03:23:53.810+0000] {logging_mixin.py:117} INFO - [2022-10-04T03:23:53.810+0000] {dag.py:2573} INFO - Sync 1 DAGs
[2022-10-04T03:23:53.834+0000] {logging_mixin.py:117} INFO - [2022-10-04T03:23:53.834+0000] {dag.py:3324} INFO - Setting next_dagrun for example_dag_decorator to None, run_after=None
[2022-10-04T03:23:53.855+0000] {processor.py:178} INFO - Processing /usr/local/lib/python3.10/dist-packages/airflow/example_dags/example_dag_decorator.py took 0.086 seconds
[2022-10-04T03:24:31.690+0000] {processor.py:156} INFO - Started process (PID=9047) to work on /usr/local/lib/python3.10/dist-packages/airflow/example_dags/example_dag_decorator.py
[2022-10-04T03:24:31.691+0000] {processor.py:758} INFO - Processing file /usr/local/lib/python3.10/dist-packages/airflow/example_dags/example_dag_decorator.py for tasks to queue
[2022-10-04T03:24:31.691+0000] {logging_mixin.py:117} INFO - [2022-10-04T03:24:31.691+0000] {dagbag.py:525} INFO - Filling up the DagBag from /usr/local/lib/python3.10/dist-packages/airflow/example_dags/example_dag_decorator.py
[2022-10-04T03:24:31.719+0000] {processor.py:768} INFO - DAG(s) dict_keys(['example_dag_decorator']) retrieved from /usr/local/lib/python3.10/dist-packages/airflow/example_dags/example_dag_decorator.py
[2022-10-04T03:24:31.767+0000] {logging_mixin.py:117} INFO - [2022-10-04T03:24:31.767+0000] {dag.py:2573} INFO - Sync 1 DAGs
[2022-10-04T03:24:31.782+0000] {logging_mixin.py:117} INFO - [2022-10-04T03:24:31.782+0000] {dag.py:3324} INFO - Setting next_dagrun for example_dag_decorator to None, run_after=None
[2022-10-04T03:24:31.809+0000] {processor.py:178} INFO - Processing /usr/local/lib/python3.10/dist-packages/airflow/example_dags/example_dag_decorator.py took 0.122 seconds
[2022-10-04T03:25:12.135+0000] {processor.py:156} INFO - Started process (PID=9088) to work on /usr/local/lib/python3.10/dist-packages/airflow/example_dags/example_dag_decorator.py
[2022-10-04T03:25:12.136+0000] {processor.py:758} INFO - Processing file /usr/local/lib/python3.10/dist-packages/airflow/example_dags/example_dag_decorator.py for tasks to queue
[2022-10-04T03:25:12.137+0000] {logging_mixin.py:117} INFO - [2022-10-04T03:25:12.137+0000] {dagbag.py:525} INFO - Filling up the DagBag from /usr/local/lib/python3.10/dist-packages/airflow/example_dags/example_dag_decorator.py
[2022-10-04T03:25:12.163+0000] {processor.py:768} INFO - DAG(s) dict_keys(['example_dag_decorator']) retrieved from /usr/local/lib/python3.10/dist-packages/airflow/example_dags/example_dag_decorator.py
[2022-10-04T03:25:12.206+0000] {logging_mixin.py:117} INFO - [2022-10-04T03:25:12.206+0000] {dag.py:2573} INFO - Sync 1 DAGs
[2022-10-04T03:25:12.221+0000] {logging_mixin.py:117} INFO - [2022-10-04T03:25:12.221+0000] {dag.py:3324} INFO - Setting next_dagrun for example_dag_decorator to None, run_after=None
[2022-10-04T03:25:12.242+0000] {processor.py:178} INFO - Processing /usr/local/lib/python3.10/dist-packages/airflow/example_dags/example_dag_decorator.py took 0.109 seconds
[2022-10-04T03:26:27.978+0000] {processor.py:156} INFO - Started process (PID=9175) to work on /usr/local/lib/python3.10/dist-packages/airflow/example_dags/example_dag_decorator.py
[2022-10-04T03:26:27.979+0000] {processor.py:758} INFO - Processing file /usr/local/lib/python3.10/dist-packages/airflow/example_dags/example_dag_decorator.py for tasks to queue
[2022-10-04T03:26:27.980+0000] {logging_mixin.py:117} INFO - [2022-10-04T03:26:27.980+0000] {dagbag.py:525} INFO - Filling up the DagBag from /usr/local/lib/python3.10/dist-packages/airflow/example_dags/example_dag_decorator.py
[2022-10-04T03:26:28.007+0000] {processor.py:768} INFO - DAG(s) dict_keys(['example_dag_decorator']) retrieved from /usr/local/lib/python3.10/dist-packages/airflow/example_dags/example_dag_decorator.py
[2022-10-04T03:26:28.054+0000] {logging_mixin.py:117} INFO - [2022-10-04T03:26:28.054+0000] {dag.py:2573} INFO - Sync 1 DAGs
[2022-10-04T03:26:28.070+0000] {logging_mixin.py:117} INFO - [2022-10-04T03:26:28.070+0000] {dag.py:3324} INFO - Setting next_dagrun for example_dag_decorator to None, run_after=None
[2022-10-04T03:26:28.092+0000] {processor.py:178} INFO - Processing /usr/local/lib/python3.10/dist-packages/airflow/example_dags/example_dag_decorator.py took 0.117 seconds
[2022-10-04T03:30:35.929+0000] {processor.py:156} INFO - Started process (PID=9272) to work on /usr/local/lib/python3.10/dist-packages/airflow/example_dags/example_dag_decorator.py
[2022-10-04T03:30:35.931+0000] {processor.py:758} INFO - Processing file /usr/local/lib/python3.10/dist-packages/airflow/example_dags/example_dag_decorator.py for tasks to queue
[2022-10-04T03:30:35.931+0000] {logging_mixin.py:117} INFO - [2022-10-04T03:30:35.931+0000] {dagbag.py:525} INFO - Filling up the DagBag from /usr/local/lib/python3.10/dist-packages/airflow/example_dags/example_dag_decorator.py
[2022-10-04T03:30:35.956+0000] {processor.py:768} INFO - DAG(s) dict_keys(['example_dag_decorator']) retrieved from /usr/local/lib/python3.10/dist-packages/airflow/example_dags/example_dag_decorator.py
[2022-10-04T03:30:36.002+0000] {logging_mixin.py:117} INFO - [2022-10-04T03:30:36.002+0000] {dag.py:2573} INFO - Sync 1 DAGs
[2022-10-04T03:30:36.018+0000] {logging_mixin.py:117} INFO - [2022-10-04T03:30:36.018+0000] {dag.py:3324} INFO - Setting next_dagrun for example_dag_decorator to None, run_after=None
[2022-10-04T03:30:36.039+0000] {processor.py:178} INFO - Processing /usr/local/lib/python3.10/dist-packages/airflow/example_dags/example_dag_decorator.py took 0.112 seconds
[2022-10-04T03:31:13.807+0000] {processor.py:156} INFO - Started process (PID=9309) to work on /usr/local/lib/python3.10/dist-packages/airflow/example_dags/example_dag_decorator.py
[2022-10-04T03:31:13.808+0000] {processor.py:758} INFO - Processing file /usr/local/lib/python3.10/dist-packages/airflow/example_dags/example_dag_decorator.py for tasks to queue
[2022-10-04T03:31:13.808+0000] {logging_mixin.py:117} INFO - [2022-10-04T03:31:13.808+0000] {dagbag.py:525} INFO - Filling up the DagBag from /usr/local/lib/python3.10/dist-packages/airflow/example_dags/example_dag_decorator.py
[2022-10-04T03:31:13.835+0000] {processor.py:768} INFO - DAG(s) dict_keys(['example_dag_decorator']) retrieved from /usr/local/lib/python3.10/dist-packages/airflow/example_dags/example_dag_decorator.py
[2022-10-04T03:31:13.902+0000] {logging_mixin.py:117} INFO - [2022-10-04T03:31:13.901+0000] {dag.py:2573} INFO - Sync 1 DAGs
[2022-10-04T03:31:13.920+0000] {logging_mixin.py:117} INFO - [2022-10-04T03:31:13.920+0000] {dag.py:3324} INFO - Setting next_dagrun for example_dag_decorator to None, run_after=None
[2022-10-04T03:31:13.943+0000] {processor.py:178} INFO - Processing /usr/local/lib/python3.10/dist-packages/airflow/example_dags/example_dag_decorator.py took 0.139 seconds
[2022-10-04T03:31:54.053+0000] {processor.py:156} INFO - Started process (PID=9366) to work on /usr/local/lib/python3.10/dist-packages/airflow/example_dags/example_dag_decorator.py
[2022-10-04T03:31:54.054+0000] {processor.py:758} INFO - Processing file /usr/local/lib/python3.10/dist-packages/airflow/example_dags/example_dag_decorator.py for tasks to queue
[2022-10-04T03:31:54.055+0000] {logging_mixin.py:117} INFO - [2022-10-04T03:31:54.055+0000] {dagbag.py:525} INFO - Filling up the DagBag from /usr/local/lib/python3.10/dist-packages/airflow/example_dags/example_dag_decorator.py
[2022-10-04T03:31:54.084+0000] {processor.py:768} INFO - DAG(s) dict_keys(['example_dag_decorator']) retrieved from /usr/local/lib/python3.10/dist-packages/airflow/example_dags/example_dag_decorator.py
[2022-10-04T03:31:54.145+0000] {logging_mixin.py:117} INFO - [2022-10-04T03:31:54.145+0000] {dag.py:2573} INFO - Sync 1 DAGs
[2022-10-04T03:31:54.163+0000] {logging_mixin.py:117} INFO - [2022-10-04T03:31:54.163+0000] {dag.py:3324} INFO - Setting next_dagrun for example_dag_decorator to None, run_after=None
[2022-10-04T03:31:54.186+0000] {processor.py:178} INFO - Processing /usr/local/lib/python3.10/dist-packages/airflow/example_dags/example_dag_decorator.py took 0.137 seconds
[2022-10-04T03:32:30.584+0000] {processor.py:156} INFO - Started process (PID=9405) to work on /usr/local/lib/python3.10/dist-packages/airflow/example_dags/example_dag_decorator.py
[2022-10-04T03:32:30.585+0000] {processor.py:758} INFO - Processing file /usr/local/lib/python3.10/dist-packages/airflow/example_dags/example_dag_decorator.py for tasks to queue
[2022-10-04T03:32:30.585+0000] {logging_mixin.py:117} INFO - [2022-10-04T03:32:30.585+0000] {dagbag.py:525} INFO - Filling up the DagBag from /usr/local/lib/python3.10/dist-packages/airflow/example_dags/example_dag_decorator.py
[2022-10-04T03:32:30.611+0000] {processor.py:768} INFO - DAG(s) dict_keys(['example_dag_decorator']) retrieved from /usr/local/lib/python3.10/dist-packages/airflow/example_dags/example_dag_decorator.py
[2022-10-04T03:32:30.658+0000] {logging_mixin.py:117} INFO - [2022-10-04T03:32:30.658+0000] {dag.py:2573} INFO - Sync 1 DAGs
[2022-10-04T03:32:30.673+0000] {logging_mixin.py:117} INFO - [2022-10-04T03:32:30.673+0000] {dag.py:3324} INFO - Setting next_dagrun for example_dag_decorator to None, run_after=None
[2022-10-04T03:32:30.695+0000] {processor.py:178} INFO - Processing /usr/local/lib/python3.10/dist-packages/airflow/example_dags/example_dag_decorator.py took 0.113 seconds
[2022-10-04T03:33:09.599+0000] {processor.py:156} INFO - Started process (PID=9443) to work on /usr/local/lib/python3.10/dist-packages/airflow/example_dags/example_dag_decorator.py
[2022-10-04T03:33:09.600+0000] {processor.py:758} INFO - Processing file /usr/local/lib/python3.10/dist-packages/airflow/example_dags/example_dag_decorator.py for tasks to queue
[2022-10-04T03:33:09.601+0000] {logging_mixin.py:117} INFO - [2022-10-04T03:33:09.600+0000] {dagbag.py:525} INFO - Filling up the DagBag from /usr/local/lib/python3.10/dist-packages/airflow/example_dags/example_dag_decorator.py
[2022-10-04T03:33:09.629+0000] {processor.py:768} INFO - DAG(s) dict_keys(['example_dag_decorator']) retrieved from /usr/local/lib/python3.10/dist-packages/airflow/example_dags/example_dag_decorator.py
[2022-10-04T03:33:09.688+0000] {logging_mixin.py:117} INFO - [2022-10-04T03:33:09.688+0000] {dag.py:2573} INFO - Sync 1 DAGs
[2022-10-04T03:33:09.704+0000] {logging_mixin.py:117} INFO - [2022-10-04T03:33:09.703+0000] {dag.py:3324} INFO - Setting next_dagrun for example_dag_decorator to None, run_after=None
[2022-10-04T03:33:09.731+0000] {processor.py:178} INFO - Processing /usr/local/lib/python3.10/dist-packages/airflow/example_dags/example_dag_decorator.py took 0.135 seconds
[2022-10-04T03:33:46.314+0000] {processor.py:156} INFO - Started process (PID=9484) to work on /usr/local/lib/python3.10/dist-packages/airflow/example_dags/example_dag_decorator.py
[2022-10-04T03:33:46.315+0000] {processor.py:758} INFO - Processing file /usr/local/lib/python3.10/dist-packages/airflow/example_dags/example_dag_decorator.py for tasks to queue
[2022-10-04T03:33:46.316+0000] {logging_mixin.py:117} INFO - [2022-10-04T03:33:46.316+0000] {dagbag.py:525} INFO - Filling up the DagBag from /usr/local/lib/python3.10/dist-packages/airflow/example_dags/example_dag_decorator.py
[2022-10-04T03:33:46.353+0000] {processor.py:768} INFO - DAG(s) dict_keys(['example_dag_decorator']) retrieved from /usr/local/lib/python3.10/dist-packages/airflow/example_dags/example_dag_decorator.py
[2022-10-04T03:33:46.411+0000] {logging_mixin.py:117} INFO - [2022-10-04T03:33:46.411+0000] {dag.py:2573} INFO - Sync 1 DAGs
[2022-10-04T03:33:46.427+0000] {logging_mixin.py:117} INFO - [2022-10-04T03:33:46.427+0000] {dag.py:3324} INFO - Setting next_dagrun for example_dag_decorator to None, run_after=None
[2022-10-04T03:33:46.449+0000] {processor.py:178} INFO - Processing /usr/local/lib/python3.10/dist-packages/airflow/example_dags/example_dag_decorator.py took 0.138 seconds
[2022-10-04T03:34:25.411+0000] {processor.py:156} INFO - Started process (PID=9525) to work on /usr/local/lib/python3.10/dist-packages/airflow/example_dags/example_dag_decorator.py
[2022-10-04T03:34:25.412+0000] {processor.py:758} INFO - Processing file /usr/local/lib/python3.10/dist-packages/airflow/example_dags/example_dag_decorator.py for tasks to queue
[2022-10-04T03:34:25.412+0000] {logging_mixin.py:117} INFO - [2022-10-04T03:34:25.412+0000] {dagbag.py:525} INFO - Filling up the DagBag from /usr/local/lib/python3.10/dist-packages/airflow/example_dags/example_dag_decorator.py
[2022-10-04T03:34:25.441+0000] {processor.py:768} INFO - DAG(s) dict_keys(['example_dag_decorator']) retrieved from /usr/local/lib/python3.10/dist-packages/airflow/example_dags/example_dag_decorator.py
[2022-10-04T03:34:25.494+0000] {logging_mixin.py:117} INFO - [2022-10-04T03:34:25.493+0000] {dag.py:2573} INFO - Sync 1 DAGs
[2022-10-04T03:34:25.511+0000] {logging_mixin.py:117} INFO - [2022-10-04T03:34:25.511+0000] {dag.py:3324} INFO - Setting next_dagrun for example_dag_decorator to None, run_after=None
[2022-10-04T03:34:25.539+0000] {processor.py:178} INFO - Processing /usr/local/lib/python3.10/dist-packages/airflow/example_dags/example_dag_decorator.py took 0.131 seconds
[2022-10-04T03:46:26.061+0000] {processor.py:156} INFO - Started process (PID=985) to work on /usr/local/lib/python3.10/dist-packages/airflow/example_dags/example_dag_decorator.py
[2022-10-04T03:46:26.063+0000] {processor.py:758} INFO - Processing file /usr/local/lib/python3.10/dist-packages/airflow/example_dags/example_dag_decorator.py for tasks to queue
[2022-10-04T03:46:26.064+0000] {logging_mixin.py:117} INFO - [2022-10-04T03:46:26.064+0000] {dagbag.py:525} INFO - Filling up the DagBag from /usr/local/lib/python3.10/dist-packages/airflow/example_dags/example_dag_decorator.py
[2022-10-04T03:46:26.092+0000] {processor.py:768} INFO - DAG(s) dict_keys(['example_dag_decorator']) retrieved from /usr/local/lib/python3.10/dist-packages/airflow/example_dags/example_dag_decorator.py
[2022-10-04T03:46:26.104+0000] {logging_mixin.py:117} INFO - [2022-10-04T03:46:26.104+0000] {dag.py:2573} INFO - Sync 1 DAGs
[2022-10-04T03:46:26.123+0000] {logging_mixin.py:117} INFO - [2022-10-04T03:46:26.123+0000] {dag.py:3324} INFO - Setting next_dagrun for example_dag_decorator to None, run_after=None
[2022-10-04T03:46:26.149+0000] {processor.py:178} INFO - Processing /usr/local/lib/python3.10/dist-packages/airflow/example_dags/example_dag_decorator.py took 0.091 seconds
[2022-10-04T03:47:04.588+0000] {processor.py:156} INFO - Started process (PID=1026) to work on /usr/local/lib/python3.10/dist-packages/airflow/example_dags/example_dag_decorator.py
[2022-10-04T03:47:04.589+0000] {processor.py:758} INFO - Processing file /usr/local/lib/python3.10/dist-packages/airflow/example_dags/example_dag_decorator.py for tasks to queue
[2022-10-04T03:47:04.590+0000] {logging_mixin.py:117} INFO - [2022-10-04T03:47:04.589+0000] {dagbag.py:525} INFO - Filling up the DagBag from /usr/local/lib/python3.10/dist-packages/airflow/example_dags/example_dag_decorator.py
[2022-10-04T03:47:04.617+0000] {processor.py:768} INFO - DAG(s) dict_keys(['example_dag_decorator']) retrieved from /usr/local/lib/python3.10/dist-packages/airflow/example_dags/example_dag_decorator.py
[2022-10-04T03:47:04.668+0000] {logging_mixin.py:117} INFO - [2022-10-04T03:47:04.668+0000] {dag.py:2573} INFO - Sync 1 DAGs
[2022-10-04T03:47:04.686+0000] {logging_mixin.py:117} INFO - [2022-10-04T03:47:04.686+0000] {dag.py:3324} INFO - Setting next_dagrun for example_dag_decorator to None, run_after=None
[2022-10-04T03:47:04.709+0000] {processor.py:178} INFO - Processing /usr/local/lib/python3.10/dist-packages/airflow/example_dags/example_dag_decorator.py took 0.124 seconds
[2022-10-04T03:47:45.175+0000] {processor.py:156} INFO - Started process (PID=1132) to work on /usr/local/lib/python3.10/dist-packages/airflow/example_dags/example_dag_decorator.py
[2022-10-04T03:47:45.176+0000] {processor.py:758} INFO - Processing file /usr/local/lib/python3.10/dist-packages/airflow/example_dags/example_dag_decorator.py for tasks to queue
[2022-10-04T03:47:45.177+0000] {logging_mixin.py:117} INFO - [2022-10-04T03:47:45.177+0000] {dagbag.py:525} INFO - Filling up the DagBag from /usr/local/lib/python3.10/dist-packages/airflow/example_dags/example_dag_decorator.py
[2022-10-04T03:47:45.211+0000] {processor.py:768} INFO - DAG(s) dict_keys(['example_dag_decorator']) retrieved from /usr/local/lib/python3.10/dist-packages/airflow/example_dags/example_dag_decorator.py
[2022-10-04T03:47:45.262+0000] {logging_mixin.py:117} INFO - [2022-10-04T03:47:45.262+0000] {dag.py:2573} INFO - Sync 1 DAGs
[2022-10-04T03:47:45.281+0000] {logging_mixin.py:117} INFO - [2022-10-04T03:47:45.281+0000] {dag.py:3324} INFO - Setting next_dagrun for example_dag_decorator to None, run_after=None
[2022-10-04T03:47:45.304+0000] {processor.py:178} INFO - Processing /usr/local/lib/python3.10/dist-packages/airflow/example_dags/example_dag_decorator.py took 0.135 seconds
[2022-10-04T03:48:23.304+0000] {processor.py:156} INFO - Started process (PID=1170) to work on /usr/local/lib/python3.10/dist-packages/airflow/example_dags/example_dag_decorator.py
[2022-10-04T03:48:23.308+0000] {processor.py:758} INFO - Processing file /usr/local/lib/python3.10/dist-packages/airflow/example_dags/example_dag_decorator.py for tasks to queue
[2022-10-04T03:48:23.308+0000] {logging_mixin.py:117} INFO - [2022-10-04T03:48:23.308+0000] {dagbag.py:525} INFO - Filling up the DagBag from /usr/local/lib/python3.10/dist-packages/airflow/example_dags/example_dag_decorator.py
[2022-10-04T03:48:23.338+0000] {processor.py:768} INFO - DAG(s) dict_keys(['example_dag_decorator']) retrieved from /usr/local/lib/python3.10/dist-packages/airflow/example_dags/example_dag_decorator.py
[2022-10-04T03:48:23.389+0000] {logging_mixin.py:117} INFO - [2022-10-04T03:48:23.389+0000] {dag.py:2573} INFO - Sync 1 DAGs
[2022-10-04T03:48:23.405+0000] {logging_mixin.py:117} INFO - [2022-10-04T03:48:23.405+0000] {dag.py:3324} INFO - Setting next_dagrun for example_dag_decorator to None, run_after=None
[2022-10-04T03:48:23.428+0000] {processor.py:178} INFO - Processing /usr/local/lib/python3.10/dist-packages/airflow/example_dags/example_dag_decorator.py took 0.130 seconds
[2022-10-04T03:49:48.145+0000] {processor.py:156} INFO - Started process (PID=1258) to work on /usr/local/lib/python3.10/dist-packages/airflow/example_dags/example_dag_decorator.py
[2022-10-04T03:49:48.148+0000] {processor.py:758} INFO - Processing file /usr/local/lib/python3.10/dist-packages/airflow/example_dags/example_dag_decorator.py for tasks to queue
[2022-10-04T03:49:48.150+0000] {logging_mixin.py:117} INFO - [2022-10-04T03:49:48.149+0000] {dagbag.py:525} INFO - Filling up the DagBag from /usr/local/lib/python3.10/dist-packages/airflow/example_dags/example_dag_decorator.py
[2022-10-04T03:49:48.181+0000] {processor.py:768} INFO - DAG(s) dict_keys(['example_dag_decorator']) retrieved from /usr/local/lib/python3.10/dist-packages/airflow/example_dags/example_dag_decorator.py
[2022-10-04T03:49:48.277+0000] {logging_mixin.py:117} INFO - [2022-10-04T03:49:48.277+0000] {dag.py:2573} INFO - Sync 1 DAGs
[2022-10-04T03:49:48.321+0000] {logging_mixin.py:117} INFO - [2022-10-04T03:49:48.321+0000] {dag.py:3324} INFO - Setting next_dagrun for example_dag_decorator to None, run_after=None
[2022-10-04T03:49:48.344+0000] {processor.py:178} INFO - Processing /usr/local/lib/python3.10/dist-packages/airflow/example_dags/example_dag_decorator.py took 0.203 seconds
[2022-10-04T03:50:31.601+0000] {processor.py:156} INFO - Started process (PID=1299) to work on /usr/local/lib/python3.10/dist-packages/airflow/example_dags/example_dag_decorator.py
[2022-10-04T03:50:31.603+0000] {processor.py:758} INFO - Processing file /usr/local/lib/python3.10/dist-packages/airflow/example_dags/example_dag_decorator.py for tasks to queue
[2022-10-04T03:50:31.603+0000] {logging_mixin.py:117} INFO - [2022-10-04T03:50:31.603+0000] {dagbag.py:525} INFO - Filling up the DagBag from /usr/local/lib/python3.10/dist-packages/airflow/example_dags/example_dag_decorator.py
[2022-10-04T03:50:31.631+0000] {processor.py:768} INFO - DAG(s) dict_keys(['example_dag_decorator']) retrieved from /usr/local/lib/python3.10/dist-packages/airflow/example_dags/example_dag_decorator.py
[2022-10-04T03:50:31.694+0000] {logging_mixin.py:117} INFO - [2022-10-04T03:50:31.694+0000] {dag.py:2573} INFO - Sync 1 DAGs
[2022-10-04T03:50:31.711+0000] {logging_mixin.py:117} INFO - [2022-10-04T03:50:31.711+0000] {dag.py:3324} INFO - Setting next_dagrun for example_dag_decorator to None, run_after=None
[2022-10-04T03:50:31.744+0000] {processor.py:178} INFO - Processing /usr/local/lib/python3.10/dist-packages/airflow/example_dags/example_dag_decorator.py took 0.146 seconds
[2022-10-04T03:51:10.789+0000] {processor.py:156} INFO - Started process (PID=1344) to work on /usr/local/lib/python3.10/dist-packages/airflow/example_dags/example_dag_decorator.py
[2022-10-04T03:51:10.790+0000] {processor.py:758} INFO - Processing file /usr/local/lib/python3.10/dist-packages/airflow/example_dags/example_dag_decorator.py for tasks to queue
[2022-10-04T03:51:10.792+0000] {logging_mixin.py:117} INFO - [2022-10-04T03:51:10.792+0000] {dagbag.py:525} INFO - Filling up the DagBag from /usr/local/lib/python3.10/dist-packages/airflow/example_dags/example_dag_decorator.py
[2022-10-04T03:51:10.821+0000] {processor.py:768} INFO - DAG(s) dict_keys(['example_dag_decorator']) retrieved from /usr/local/lib/python3.10/dist-packages/airflow/example_dags/example_dag_decorator.py
[2022-10-04T03:51:10.871+0000] {logging_mixin.py:117} INFO - [2022-10-04T03:51:10.871+0000] {dag.py:2573} INFO - Sync 1 DAGs
[2022-10-04T03:51:10.888+0000] {logging_mixin.py:117} INFO - [2022-10-04T03:51:10.888+0000] {dag.py:3324} INFO - Setting next_dagrun for example_dag_decorator to None, run_after=None
[2022-10-04T03:51:10.913+0000] {processor.py:178} INFO - Processing /usr/local/lib/python3.10/dist-packages/airflow/example_dags/example_dag_decorator.py took 0.127 seconds
[2022-10-04T03:51:49.962+0000] {processor.py:156} INFO - Started process (PID=1381) to work on /usr/local/lib/python3.10/dist-packages/airflow/example_dags/example_dag_decorator.py
[2022-10-04T03:51:49.964+0000] {processor.py:758} INFO - Processing file /usr/local/lib/python3.10/dist-packages/airflow/example_dags/example_dag_decorator.py for tasks to queue
[2022-10-04T03:51:49.964+0000] {logging_mixin.py:117} INFO - [2022-10-04T03:51:49.964+0000] {dagbag.py:525} INFO - Filling up the DagBag from /usr/local/lib/python3.10/dist-packages/airflow/example_dags/example_dag_decorator.py
[2022-10-04T03:51:49.994+0000] {processor.py:768} INFO - DAG(s) dict_keys(['example_dag_decorator']) retrieved from /usr/local/lib/python3.10/dist-packages/airflow/example_dags/example_dag_decorator.py
[2022-10-04T03:51:50.047+0000] {logging_mixin.py:117} INFO - [2022-10-04T03:51:50.047+0000] {dag.py:2573} INFO - Sync 1 DAGs
[2022-10-04T03:51:50.064+0000] {logging_mixin.py:117} INFO - [2022-10-04T03:51:50.064+0000] {dag.py:3324} INFO - Setting next_dagrun for example_dag_decorator to None, run_after=None
[2022-10-04T03:51:50.088+0000] {processor.py:178} INFO - Processing /usr/local/lib/python3.10/dist-packages/airflow/example_dags/example_dag_decorator.py took 0.129 seconds
[2022-10-04T03:52:28.782+0000] {processor.py:156} INFO - Started process (PID=1420) to work on /usr/local/lib/python3.10/dist-packages/airflow/example_dags/example_dag_decorator.py
[2022-10-04T03:52:28.783+0000] {processor.py:758} INFO - Processing file /usr/local/lib/python3.10/dist-packages/airflow/example_dags/example_dag_decorator.py for tasks to queue
[2022-10-04T03:52:28.783+0000] {logging_mixin.py:117} INFO - [2022-10-04T03:52:28.783+0000] {dagbag.py:525} INFO - Filling up the DagBag from /usr/local/lib/python3.10/dist-packages/airflow/example_dags/example_dag_decorator.py
[2022-10-04T03:52:28.814+0000] {processor.py:768} INFO - DAG(s) dict_keys(['example_dag_decorator']) retrieved from /usr/local/lib/python3.10/dist-packages/airflow/example_dags/example_dag_decorator.py
[2022-10-04T03:52:28.877+0000] {logging_mixin.py:117} INFO - [2022-10-04T03:52:28.877+0000] {dag.py:2573} INFO - Sync 1 DAGs
[2022-10-04T03:52:28.894+0000] {logging_mixin.py:117} INFO - [2022-10-04T03:52:28.894+0000] {dag.py:3324} INFO - Setting next_dagrun for example_dag_decorator to None, run_after=None
[2022-10-04T03:52:28.918+0000] {processor.py:178} INFO - Processing /usr/local/lib/python3.10/dist-packages/airflow/example_dags/example_dag_decorator.py took 0.139 seconds
[2022-10-04T03:53:07.000+0000] {processor.py:156} INFO - Started process (PID=1457) to work on /usr/local/lib/python3.10/dist-packages/airflow/example_dags/example_dag_decorator.py
[2022-10-04T03:53:07.002+0000] {processor.py:758} INFO - Processing file /usr/local/lib/python3.10/dist-packages/airflow/example_dags/example_dag_decorator.py for tasks to queue
[2022-10-04T03:53:07.002+0000] {logging_mixin.py:117} INFO - [2022-10-04T03:53:07.002+0000] {dagbag.py:525} INFO - Filling up the DagBag from /usr/local/lib/python3.10/dist-packages/airflow/example_dags/example_dag_decorator.py
[2022-10-04T03:53:07.044+0000] {processor.py:768} INFO - DAG(s) dict_keys(['example_dag_decorator']) retrieved from /usr/local/lib/python3.10/dist-packages/airflow/example_dags/example_dag_decorator.py
[2022-10-04T03:53:07.099+0000] {logging_mixin.py:117} INFO - [2022-10-04T03:53:07.099+0000] {dag.py:2573} INFO - Sync 1 DAGs
[2022-10-04T03:53:07.113+0000] {logging_mixin.py:117} INFO - [2022-10-04T03:53:07.113+0000] {dag.py:3324} INFO - Setting next_dagrun for example_dag_decorator to None, run_after=None
[2022-10-04T03:53:07.134+0000] {processor.py:178} INFO - Processing /usr/local/lib/python3.10/dist-packages/airflow/example_dags/example_dag_decorator.py took 0.138 seconds
[2022-10-04T03:53:43.720+0000] {processor.py:156} INFO - Started process (PID=1492) to work on /usr/local/lib/python3.10/dist-packages/airflow/example_dags/example_dag_decorator.py
[2022-10-04T03:53:43.722+0000] {processor.py:758} INFO - Processing file /usr/local/lib/python3.10/dist-packages/airflow/example_dags/example_dag_decorator.py for tasks to queue
[2022-10-04T03:53:43.722+0000] {logging_mixin.py:117} INFO - [2022-10-04T03:53:43.722+0000] {dagbag.py:525} INFO - Filling up the DagBag from /usr/local/lib/python3.10/dist-packages/airflow/example_dags/example_dag_decorator.py
[2022-10-04T03:53:43.749+0000] {processor.py:768} INFO - DAG(s) dict_keys(['example_dag_decorator']) retrieved from /usr/local/lib/python3.10/dist-packages/airflow/example_dags/example_dag_decorator.py
[2022-10-04T03:53:43.798+0000] {logging_mixin.py:117} INFO - [2022-10-04T03:53:43.798+0000] {dag.py:2573} INFO - Sync 1 DAGs
[2022-10-04T03:53:43.813+0000] {logging_mixin.py:117} INFO - [2022-10-04T03:53:43.813+0000] {dag.py:3324} INFO - Setting next_dagrun for example_dag_decorator to None, run_after=None
[2022-10-04T03:53:43.851+0000] {processor.py:178} INFO - Processing /usr/local/lib/python3.10/dist-packages/airflow/example_dags/example_dag_decorator.py took 0.133 seconds
[2022-10-04T03:54:58.361+0000] {processor.py:156} INFO - Started process (PID=1595) to work on /usr/local/lib/python3.10/dist-packages/airflow/example_dags/example_dag_decorator.py
[2022-10-04T03:54:58.362+0000] {processor.py:758} INFO - Processing file /usr/local/lib/python3.10/dist-packages/airflow/example_dags/example_dag_decorator.py for tasks to queue
[2022-10-04T03:54:58.363+0000] {logging_mixin.py:117} INFO - [2022-10-04T03:54:58.363+0000] {dagbag.py:525} INFO - Filling up the DagBag from /usr/local/lib/python3.10/dist-packages/airflow/example_dags/example_dag_decorator.py
[2022-10-04T03:54:58.389+0000] {processor.py:768} INFO - DAG(s) dict_keys(['example_dag_decorator']) retrieved from /usr/local/lib/python3.10/dist-packages/airflow/example_dags/example_dag_decorator.py
[2022-10-04T03:54:58.437+0000] {logging_mixin.py:117} INFO - [2022-10-04T03:54:58.437+0000] {dag.py:2573} INFO - Sync 1 DAGs
[2022-10-04T03:54:58.453+0000] {logging_mixin.py:117} INFO - [2022-10-04T03:54:58.453+0000] {dag.py:3324} INFO - Setting next_dagrun for example_dag_decorator to None, run_after=None
[2022-10-04T03:54:58.477+0000] {processor.py:178} INFO - Processing /usr/local/lib/python3.10/dist-packages/airflow/example_dags/example_dag_decorator.py took 0.119 seconds
[2022-10-04T04:35:46.804+0000] {processor.py:156} INFO - Started process (PID=1792) to work on /usr/local/lib/python3.10/dist-packages/airflow/example_dags/example_dag_decorator.py
[2022-10-04T04:35:46.806+0000] {processor.py:758} INFO - Processing file /usr/local/lib/python3.10/dist-packages/airflow/example_dags/example_dag_decorator.py for tasks to queue
[2022-10-04T04:35:46.806+0000] {logging_mixin.py:117} INFO - [2022-10-04T04:35:46.806+0000] {dagbag.py:525} INFO - Filling up the DagBag from /usr/local/lib/python3.10/dist-packages/airflow/example_dags/example_dag_decorator.py
[2022-10-04T04:35:46.839+0000] {processor.py:768} INFO - DAG(s) dict_keys(['example_dag_decorator']) retrieved from /usr/local/lib/python3.10/dist-packages/airflow/example_dags/example_dag_decorator.py
[2022-10-04T04:35:46.888+0000] {logging_mixin.py:117} INFO - [2022-10-04T04:35:46.888+0000] {dag.py:2573} INFO - Sync 1 DAGs
[2022-10-04T04:35:46.904+0000] {logging_mixin.py:117} INFO - [2022-10-04T04:35:46.904+0000] {dag.py:3324} INFO - Setting next_dagrun for example_dag_decorator to None, run_after=None
[2022-10-04T04:35:46.927+0000] {processor.py:178} INFO - Processing /usr/local/lib/python3.10/dist-packages/airflow/example_dags/example_dag_decorator.py took 0.125 seconds
[2022-10-04T04:37:25.775+0000] {processor.py:156} INFO - Started process (PID=1877) to work on /usr/local/lib/python3.10/dist-packages/airflow/example_dags/example_dag_decorator.py
[2022-10-04T04:37:25.777+0000] {processor.py:758} INFO - Processing file /usr/local/lib/python3.10/dist-packages/airflow/example_dags/example_dag_decorator.py for tasks to queue
[2022-10-04T04:37:25.778+0000] {logging_mixin.py:117} INFO - [2022-10-04T04:37:25.777+0000] {dagbag.py:525} INFO - Filling up the DagBag from /usr/local/lib/python3.10/dist-packages/airflow/example_dags/example_dag_decorator.py
[2022-10-04T04:37:25.805+0000] {processor.py:768} INFO - DAG(s) dict_keys(['example_dag_decorator']) retrieved from /usr/local/lib/python3.10/dist-packages/airflow/example_dags/example_dag_decorator.py
[2022-10-04T04:37:25.863+0000] {logging_mixin.py:117} INFO - [2022-10-04T04:37:25.862+0000] {dag.py:2573} INFO - Sync 1 DAGs
[2022-10-04T04:37:25.881+0000] {logging_mixin.py:117} INFO - [2022-10-04T04:37:25.881+0000] {dag.py:3324} INFO - Setting next_dagrun for example_dag_decorator to None, run_after=None
[2022-10-04T04:37:25.906+0000] {processor.py:178} INFO - Processing /usr/local/lib/python3.10/dist-packages/airflow/example_dags/example_dag_decorator.py took 0.133 seconds
[2022-10-04T04:45:58.848+0000] {processor.py:156} INFO - Started process (PID=2007) to work on /usr/local/lib/python3.10/dist-packages/airflow/example_dags/example_dag_decorator.py
[2022-10-04T04:45:58.849+0000] {processor.py:758} INFO - Processing file /usr/local/lib/python3.10/dist-packages/airflow/example_dags/example_dag_decorator.py for tasks to queue
[2022-10-04T04:45:58.850+0000] {logging_mixin.py:117} INFO - [2022-10-04T04:45:58.850+0000] {dagbag.py:525} INFO - Filling up the DagBag from /usr/local/lib/python3.10/dist-packages/airflow/example_dags/example_dag_decorator.py
[2022-10-04T04:45:58.880+0000] {processor.py:768} INFO - DAG(s) dict_keys(['example_dag_decorator']) retrieved from /usr/local/lib/python3.10/dist-packages/airflow/example_dags/example_dag_decorator.py
[2022-10-04T04:45:58.937+0000] {logging_mixin.py:117} INFO - [2022-10-04T04:45:58.937+0000] {dag.py:2573} INFO - Sync 1 DAGs
[2022-10-04T04:45:58.952+0000] {logging_mixin.py:117} INFO - [2022-10-04T04:45:58.951+0000] {dag.py:3324} INFO - Setting next_dagrun for example_dag_decorator to None, run_after=None
[2022-10-04T04:45:58.979+0000] {processor.py:178} INFO - Processing /usr/local/lib/python3.10/dist-packages/airflow/example_dags/example_dag_decorator.py took 0.134 seconds
[2022-10-04T04:46:36.406+0000] {processor.py:156} INFO - Started process (PID=2044) to work on /usr/local/lib/python3.10/dist-packages/airflow/example_dags/example_dag_decorator.py
[2022-10-04T04:46:36.407+0000] {processor.py:758} INFO - Processing file /usr/local/lib/python3.10/dist-packages/airflow/example_dags/example_dag_decorator.py for tasks to queue
[2022-10-04T04:46:36.408+0000] {logging_mixin.py:117} INFO - [2022-10-04T04:46:36.408+0000] {dagbag.py:525} INFO - Filling up the DagBag from /usr/local/lib/python3.10/dist-packages/airflow/example_dags/example_dag_decorator.py
[2022-10-04T04:46:36.432+0000] {processor.py:768} INFO - DAG(s) dict_keys(['example_dag_decorator']) retrieved from /usr/local/lib/python3.10/dist-packages/airflow/example_dags/example_dag_decorator.py
[2022-10-04T04:46:36.475+0000] {logging_mixin.py:117} INFO - [2022-10-04T04:46:36.475+0000] {dag.py:2573} INFO - Sync 1 DAGs
[2022-10-04T04:46:36.489+0000] {logging_mixin.py:117} INFO - [2022-10-04T04:46:36.489+0000] {dag.py:3324} INFO - Setting next_dagrun for example_dag_decorator to None, run_after=None
[2022-10-04T04:46:36.512+0000] {processor.py:178} INFO - Processing /usr/local/lib/python3.10/dist-packages/airflow/example_dags/example_dag_decorator.py took 0.109 seconds
[2022-10-04T04:47:15.499+0000] {processor.py:156} INFO - Started process (PID=2082) to work on /usr/local/lib/python3.10/dist-packages/airflow/example_dags/example_dag_decorator.py
[2022-10-04T04:47:15.512+0000] {processor.py:758} INFO - Processing file /usr/local/lib/python3.10/dist-packages/airflow/example_dags/example_dag_decorator.py for tasks to queue
[2022-10-04T04:47:15.516+0000] {logging_mixin.py:117} INFO - [2022-10-04T04:47:15.515+0000] {dagbag.py:525} INFO - Filling up the DagBag from /usr/local/lib/python3.10/dist-packages/airflow/example_dags/example_dag_decorator.py
[2022-10-04T04:47:15.601+0000] {processor.py:768} INFO - DAG(s) dict_keys(['example_dag_decorator']) retrieved from /usr/local/lib/python3.10/dist-packages/airflow/example_dags/example_dag_decorator.py
[2022-10-04T04:47:15.816+0000] {logging_mixin.py:117} INFO - [2022-10-04T04:47:15.814+0000] {dag.py:2573} INFO - Sync 1 DAGs
[2022-10-04T04:47:15.877+0000] {logging_mixin.py:117} INFO - [2022-10-04T04:47:15.876+0000] {dag.py:3324} INFO - Setting next_dagrun for example_dag_decorator to None, run_after=None
[2022-10-04T04:47:15.954+0000] {processor.py:178} INFO - Processing /usr/local/lib/python3.10/dist-packages/airflow/example_dags/example_dag_decorator.py took 0.466 seconds
[2022-10-04T04:47:53.367+0000] {processor.py:156} INFO - Started process (PID=2119) to work on /usr/local/lib/python3.10/dist-packages/airflow/example_dags/example_dag_decorator.py
[2022-10-04T04:47:53.369+0000] {processor.py:758} INFO - Processing file /usr/local/lib/python3.10/dist-packages/airflow/example_dags/example_dag_decorator.py for tasks to queue
[2022-10-04T04:47:53.370+0000] {logging_mixin.py:117} INFO - [2022-10-04T04:47:53.370+0000] {dagbag.py:525} INFO - Filling up the DagBag from /usr/local/lib/python3.10/dist-packages/airflow/example_dags/example_dag_decorator.py
[2022-10-04T04:47:53.407+0000] {processor.py:768} INFO - DAG(s) dict_keys(['example_dag_decorator']) retrieved from /usr/local/lib/python3.10/dist-packages/airflow/example_dags/example_dag_decorator.py
[2022-10-04T04:47:53.454+0000] {logging_mixin.py:117} INFO - [2022-10-04T04:47:53.454+0000] {dag.py:2573} INFO - Sync 1 DAGs
[2022-10-04T04:47:53.466+0000] {logging_mixin.py:117} INFO - [2022-10-04T04:47:53.466+0000] {dag.py:3324} INFO - Setting next_dagrun for example_dag_decorator to None, run_after=None
[2022-10-04T04:47:53.489+0000] {processor.py:178} INFO - Processing /usr/local/lib/python3.10/dist-packages/airflow/example_dags/example_dag_decorator.py took 0.130 seconds
[2022-10-04T04:48:31.285+0000] {processor.py:156} INFO - Started process (PID=2157) to work on /usr/local/lib/python3.10/dist-packages/airflow/example_dags/example_dag_decorator.py
[2022-10-04T04:48:31.287+0000] {processor.py:758} INFO - Processing file /usr/local/lib/python3.10/dist-packages/airflow/example_dags/example_dag_decorator.py for tasks to queue
[2022-10-04T04:48:31.287+0000] {logging_mixin.py:117} INFO - [2022-10-04T04:48:31.287+0000] {dagbag.py:525} INFO - Filling up the DagBag from /usr/local/lib/python3.10/dist-packages/airflow/example_dags/example_dag_decorator.py
[2022-10-04T04:48:31.309+0000] {processor.py:768} INFO - DAG(s) dict_keys(['example_dag_decorator']) retrieved from /usr/local/lib/python3.10/dist-packages/airflow/example_dags/example_dag_decorator.py
[2022-10-04T04:48:31.359+0000] {logging_mixin.py:117} INFO - [2022-10-04T04:48:31.358+0000] {dag.py:2573} INFO - Sync 1 DAGs
[2022-10-04T04:48:31.371+0000] {logging_mixin.py:117} INFO - [2022-10-04T04:48:31.371+0000] {dag.py:3324} INFO - Setting next_dagrun for example_dag_decorator to None, run_after=None
[2022-10-04T04:48:31.396+0000] {processor.py:178} INFO - Processing /usr/local/lib/python3.10/dist-packages/airflow/example_dags/example_dag_decorator.py took 0.114 seconds
[2022-10-04T04:49:07.745+0000] {processor.py:156} INFO - Started process (PID=2195) to work on /usr/local/lib/python3.10/dist-packages/airflow/example_dags/example_dag_decorator.py
[2022-10-04T04:49:07.746+0000] {processor.py:758} INFO - Processing file /usr/local/lib/python3.10/dist-packages/airflow/example_dags/example_dag_decorator.py for tasks to queue
[2022-10-04T04:49:07.747+0000] {logging_mixin.py:117} INFO - [2022-10-04T04:49:07.747+0000] {dagbag.py:525} INFO - Filling up the DagBag from /usr/local/lib/python3.10/dist-packages/airflow/example_dags/example_dag_decorator.py
[2022-10-04T04:49:07.769+0000] {processor.py:768} INFO - DAG(s) dict_keys(['example_dag_decorator']) retrieved from /usr/local/lib/python3.10/dist-packages/airflow/example_dags/example_dag_decorator.py
[2022-10-04T04:49:07.824+0000] {logging_mixin.py:117} INFO - [2022-10-04T04:49:07.824+0000] {dag.py:2573} INFO - Sync 1 DAGs
[2022-10-04T04:49:07.839+0000] {logging_mixin.py:117} INFO - [2022-10-04T04:49:07.838+0000] {dag.py:3324} INFO - Setting next_dagrun for example_dag_decorator to None, run_after=None
[2022-10-04T04:49:07.863+0000] {processor.py:178} INFO - Processing /usr/local/lib/python3.10/dist-packages/airflow/example_dags/example_dag_decorator.py took 0.121 seconds
[2022-10-04T04:49:45.334+0000] {processor.py:156} INFO - Started process (PID=2232) to work on /usr/local/lib/python3.10/dist-packages/airflow/example_dags/example_dag_decorator.py
[2022-10-04T04:49:45.335+0000] {processor.py:758} INFO - Processing file /usr/local/lib/python3.10/dist-packages/airflow/example_dags/example_dag_decorator.py for tasks to queue
[2022-10-04T04:49:45.336+0000] {logging_mixin.py:117} INFO - [2022-10-04T04:49:45.336+0000] {dagbag.py:525} INFO - Filling up the DagBag from /usr/local/lib/python3.10/dist-packages/airflow/example_dags/example_dag_decorator.py
[2022-10-04T04:49:45.358+0000] {processor.py:768} INFO - DAG(s) dict_keys(['example_dag_decorator']) retrieved from /usr/local/lib/python3.10/dist-packages/airflow/example_dags/example_dag_decorator.py
[2022-10-04T04:49:45.409+0000] {logging_mixin.py:117} INFO - [2022-10-04T04:49:45.409+0000] {dag.py:2573} INFO - Sync 1 DAGs
[2022-10-04T04:49:45.423+0000] {logging_mixin.py:117} INFO - [2022-10-04T04:49:45.422+0000] {dag.py:3324} INFO - Setting next_dagrun for example_dag_decorator to None, run_after=None
[2022-10-04T04:49:45.464+0000] {processor.py:178} INFO - Processing /usr/local/lib/python3.10/dist-packages/airflow/example_dags/example_dag_decorator.py took 0.133 seconds
[2022-10-04T04:50:24.241+0000] {processor.py:156} INFO - Started process (PID=2271) to work on /usr/local/lib/python3.10/dist-packages/airflow/example_dags/example_dag_decorator.py
[2022-10-04T04:50:24.242+0000] {processor.py:758} INFO - Processing file /usr/local/lib/python3.10/dist-packages/airflow/example_dags/example_dag_decorator.py for tasks to queue
[2022-10-04T04:50:24.243+0000] {logging_mixin.py:117} INFO - [2022-10-04T04:50:24.243+0000] {dagbag.py:525} INFO - Filling up the DagBag from /usr/local/lib/python3.10/dist-packages/airflow/example_dags/example_dag_decorator.py
[2022-10-04T04:50:24.264+0000] {processor.py:768} INFO - DAG(s) dict_keys(['example_dag_decorator']) retrieved from /usr/local/lib/python3.10/dist-packages/airflow/example_dags/example_dag_decorator.py
[2022-10-04T04:50:24.306+0000] {logging_mixin.py:117} INFO - [2022-10-04T04:50:24.306+0000] {dag.py:2573} INFO - Sync 1 DAGs
[2022-10-04T04:50:24.318+0000] {logging_mixin.py:117} INFO - [2022-10-04T04:50:24.318+0000] {dag.py:3324} INFO - Setting next_dagrun for example_dag_decorator to None, run_after=None
[2022-10-04T04:50:24.341+0000] {processor.py:178} INFO - Processing /usr/local/lib/python3.10/dist-packages/airflow/example_dags/example_dag_decorator.py took 0.103 seconds
[2022-10-04T04:51:01.931+0000] {processor.py:156} INFO - Started process (PID=2309) to work on /usr/local/lib/python3.10/dist-packages/airflow/example_dags/example_dag_decorator.py
[2022-10-04T04:51:01.933+0000] {processor.py:758} INFO - Processing file /usr/local/lib/python3.10/dist-packages/airflow/example_dags/example_dag_decorator.py for tasks to queue
[2022-10-04T04:51:01.933+0000] {logging_mixin.py:117} INFO - [2022-10-04T04:51:01.933+0000] {dagbag.py:525} INFO - Filling up the DagBag from /usr/local/lib/python3.10/dist-packages/airflow/example_dags/example_dag_decorator.py
[2022-10-04T04:51:01.957+0000] {processor.py:768} INFO - DAG(s) dict_keys(['example_dag_decorator']) retrieved from /usr/local/lib/python3.10/dist-packages/airflow/example_dags/example_dag_decorator.py
[2022-10-04T04:51:02.003+0000] {logging_mixin.py:117} INFO - [2022-10-04T04:51:02.003+0000] {dag.py:2573} INFO - Sync 1 DAGs
[2022-10-04T04:51:02.019+0000] {logging_mixin.py:117} INFO - [2022-10-04T04:51:02.019+0000] {dag.py:3324} INFO - Setting next_dagrun for example_dag_decorator to None, run_after=None
[2022-10-04T04:51:02.048+0000] {processor.py:178} INFO - Processing /usr/local/lib/python3.10/dist-packages/airflow/example_dags/example_dag_decorator.py took 0.120 seconds
[2022-10-04T04:51:40.873+0000] {processor.py:156} INFO - Started process (PID=2347) to work on /usr/local/lib/python3.10/dist-packages/airflow/example_dags/example_dag_decorator.py
[2022-10-04T04:51:40.874+0000] {processor.py:758} INFO - Processing file /usr/local/lib/python3.10/dist-packages/airflow/example_dags/example_dag_decorator.py for tasks to queue
[2022-10-04T04:51:40.875+0000] {logging_mixin.py:117} INFO - [2022-10-04T04:51:40.875+0000] {dagbag.py:525} INFO - Filling up the DagBag from /usr/local/lib/python3.10/dist-packages/airflow/example_dags/example_dag_decorator.py
[2022-10-04T04:51:40.896+0000] {processor.py:768} INFO - DAG(s) dict_keys(['example_dag_decorator']) retrieved from /usr/local/lib/python3.10/dist-packages/airflow/example_dags/example_dag_decorator.py
[2022-10-04T04:51:40.940+0000] {logging_mixin.py:117} INFO - [2022-10-04T04:51:40.940+0000] {dag.py:2573} INFO - Sync 1 DAGs
[2022-10-04T04:51:40.955+0000] {logging_mixin.py:117} INFO - [2022-10-04T04:51:40.954+0000] {dag.py:3324} INFO - Setting next_dagrun for example_dag_decorator to None, run_after=None
[2022-10-04T04:51:40.976+0000] {processor.py:178} INFO - Processing /usr/local/lib/python3.10/dist-packages/airflow/example_dags/example_dag_decorator.py took 0.107 seconds
[2022-10-04T04:52:18.397+0000] {processor.py:156} INFO - Started process (PID=2385) to work on /usr/local/lib/python3.10/dist-packages/airflow/example_dags/example_dag_decorator.py
[2022-10-04T04:52:18.398+0000] {processor.py:758} INFO - Processing file /usr/local/lib/python3.10/dist-packages/airflow/example_dags/example_dag_decorator.py for tasks to queue
[2022-10-04T04:52:18.399+0000] {logging_mixin.py:117} INFO - [2022-10-04T04:52:18.399+0000] {dagbag.py:525} INFO - Filling up the DagBag from /usr/local/lib/python3.10/dist-packages/airflow/example_dags/example_dag_decorator.py
[2022-10-04T04:52:18.423+0000] {processor.py:768} INFO - DAG(s) dict_keys(['example_dag_decorator']) retrieved from /usr/local/lib/python3.10/dist-packages/airflow/example_dags/example_dag_decorator.py
[2022-10-04T04:52:18.474+0000] {logging_mixin.py:117} INFO - [2022-10-04T04:52:18.474+0000] {dag.py:2573} INFO - Sync 1 DAGs
[2022-10-04T04:52:18.495+0000] {logging_mixin.py:117} INFO - [2022-10-04T04:52:18.495+0000] {dag.py:3324} INFO - Setting next_dagrun for example_dag_decorator to None, run_after=None
[2022-10-04T04:52:18.519+0000] {processor.py:178} INFO - Processing /usr/local/lib/python3.10/dist-packages/airflow/example_dags/example_dag_decorator.py took 0.125 seconds
[2022-10-04T04:53:00.161+0000] {processor.py:156} INFO - Started process (PID=2426) to work on /usr/local/lib/python3.10/dist-packages/airflow/example_dags/example_dag_decorator.py
[2022-10-04T04:53:00.163+0000] {processor.py:758} INFO - Processing file /usr/local/lib/python3.10/dist-packages/airflow/example_dags/example_dag_decorator.py for tasks to queue
[2022-10-04T04:53:00.164+0000] {logging_mixin.py:117} INFO - [2022-10-04T04:53:00.164+0000] {dagbag.py:525} INFO - Filling up the DagBag from /usr/local/lib/python3.10/dist-packages/airflow/example_dags/example_dag_decorator.py
[2022-10-04T04:53:00.188+0000] {processor.py:768} INFO - DAG(s) dict_keys(['example_dag_decorator']) retrieved from /usr/local/lib/python3.10/dist-packages/airflow/example_dags/example_dag_decorator.py
[2022-10-04T04:53:00.235+0000] {logging_mixin.py:117} INFO - [2022-10-04T04:53:00.235+0000] {dag.py:2573} INFO - Sync 1 DAGs
[2022-10-04T04:53:00.249+0000] {logging_mixin.py:117} INFO - [2022-10-04T04:53:00.249+0000] {dag.py:3324} INFO - Setting next_dagrun for example_dag_decorator to None, run_after=None
[2022-10-04T04:53:00.279+0000] {processor.py:178} INFO - Processing /usr/local/lib/python3.10/dist-packages/airflow/example_dags/example_dag_decorator.py took 0.122 seconds
[2022-10-04T04:53:38.570+0000] {processor.py:156} INFO - Started process (PID=2462) to work on /usr/local/lib/python3.10/dist-packages/airflow/example_dags/example_dag_decorator.py
[2022-10-04T04:53:38.572+0000] {processor.py:758} INFO - Processing file /usr/local/lib/python3.10/dist-packages/airflow/example_dags/example_dag_decorator.py for tasks to queue
[2022-10-04T04:53:38.572+0000] {logging_mixin.py:117} INFO - [2022-10-04T04:53:38.572+0000] {dagbag.py:525} INFO - Filling up the DagBag from /usr/local/lib/python3.10/dist-packages/airflow/example_dags/example_dag_decorator.py
[2022-10-04T04:53:38.594+0000] {processor.py:768} INFO - DAG(s) dict_keys(['example_dag_decorator']) retrieved from /usr/local/lib/python3.10/dist-packages/airflow/example_dags/example_dag_decorator.py
[2022-10-04T04:53:38.639+0000] {logging_mixin.py:117} INFO - [2022-10-04T04:53:38.639+0000] {dag.py:2573} INFO - Sync 1 DAGs
[2022-10-04T04:53:38.652+0000] {logging_mixin.py:117} INFO - [2022-10-04T04:53:38.651+0000] {dag.py:3324} INFO - Setting next_dagrun for example_dag_decorator to None, run_after=None
[2022-10-04T04:53:38.674+0000] {processor.py:178} INFO - Processing /usr/local/lib/python3.10/dist-packages/airflow/example_dags/example_dag_decorator.py took 0.107 seconds
[2022-10-04T04:54:14.489+0000] {processor.py:156} INFO - Started process (PID=2501) to work on /usr/local/lib/python3.10/dist-packages/airflow/example_dags/example_dag_decorator.py
[2022-10-04T04:54:14.491+0000] {processor.py:758} INFO - Processing file /usr/local/lib/python3.10/dist-packages/airflow/example_dags/example_dag_decorator.py for tasks to queue
[2022-10-04T04:54:14.491+0000] {logging_mixin.py:117} INFO - [2022-10-04T04:54:14.491+0000] {dagbag.py:525} INFO - Filling up the DagBag from /usr/local/lib/python3.10/dist-packages/airflow/example_dags/example_dag_decorator.py
[2022-10-04T04:54:14.516+0000] {processor.py:768} INFO - DAG(s) dict_keys(['example_dag_decorator']) retrieved from /usr/local/lib/python3.10/dist-packages/airflow/example_dags/example_dag_decorator.py
[2022-10-04T04:54:14.568+0000] {logging_mixin.py:117} INFO - [2022-10-04T04:54:14.567+0000] {dag.py:2573} INFO - Sync 1 DAGs
[2022-10-04T04:54:14.581+0000] {logging_mixin.py:117} INFO - [2022-10-04T04:54:14.581+0000] {dag.py:3324} INFO - Setting next_dagrun for example_dag_decorator to None, run_after=None
[2022-10-04T04:54:14.603+0000] {processor.py:178} INFO - Processing /usr/local/lib/python3.10/dist-packages/airflow/example_dags/example_dag_decorator.py took 0.118 seconds
