[2022-10-04T03:09:15.205+0000] {processor.py:156} INFO - Started process (PID=7693) to work on /usr/local/lib/python3.10/dist-packages/airflow/example_dags/example_xcom.py
[2022-10-04T03:09:15.206+0000] {processor.py:758} INFO - Processing file /usr/local/lib/python3.10/dist-packages/airflow/example_dags/example_xcom.py for tasks to queue
[2022-10-04T03:09:15.206+0000] {logging_mixin.py:117} INFO - [2022-10-04T03:09:15.206+0000] {dagbag.py:525} INFO - Filling up the DagBag from /usr/local/lib/python3.10/dist-packages/airflow/example_dags/example_xcom.py
[2022-10-04T03:09:15.229+0000] {processor.py:768} INFO - DAG(s) dict_keys(['example_xcom']) retrieved from /usr/local/lib/python3.10/dist-packages/airflow/example_dags/example_xcom.py
[2022-10-04T03:09:15.330+0000] {logging_mixin.py:117} INFO - [2022-10-04T03:09:15.330+0000] {manager.py:508} INFO - Created Permission View: can read on DAG:example_xcom
[2022-10-04T03:09:15.341+0000] {logging_mixin.py:117} INFO - [2022-10-04T03:09:15.341+0000] {manager.py:508} INFO - Created Permission View: can delete on DAG:example_xcom
[2022-10-04T03:09:15.353+0000] {logging_mixin.py:117} INFO - [2022-10-04T03:09:15.353+0000] {manager.py:508} INFO - Created Permission View: can edit on DAG:example_xcom
[2022-10-04T03:09:15.354+0000] {logging_mixin.py:117} INFO - [2022-10-04T03:09:15.353+0000] {dag.py:2573} INFO - Sync 1 DAGs
[2022-10-04T03:09:15.362+0000] {logging_mixin.py:117} INFO - [2022-10-04T03:09:15.362+0000] {dag.py:2594} INFO - Creating ORM DAG for example_xcom
[2022-10-04T03:09:15.375+0000] {logging_mixin.py:117} INFO - [2022-10-04T03:09:15.375+0000] {dag.py:3324} INFO - Setting next_dagrun for example_xcom to 2021-01-01T00:00:00+00:00, run_after=2021-01-01T00:00:00+00:00
[2022-10-04T03:09:15.400+0000] {processor.py:178} INFO - Processing /usr/local/lib/python3.10/dist-packages/airflow/example_dags/example_xcom.py took 0.198 seconds
[2022-10-04T03:09:55.312+0000] {processor.py:156} INFO - Started process (PID=7730) to work on /usr/local/lib/python3.10/dist-packages/airflow/example_dags/example_xcom.py
[2022-10-04T03:09:55.313+0000] {processor.py:758} INFO - Processing file /usr/local/lib/python3.10/dist-packages/airflow/example_dags/example_xcom.py for tasks to queue
[2022-10-04T03:09:55.313+0000] {logging_mixin.py:117} INFO - [2022-10-04T03:09:55.313+0000] {dagbag.py:525} INFO - Filling up the DagBag from /usr/local/lib/python3.10/dist-packages/airflow/example_dags/example_xcom.py
[2022-10-04T03:09:55.349+0000] {processor.py:768} INFO - DAG(s) dict_keys(['example_xcom']) retrieved from /usr/local/lib/python3.10/dist-packages/airflow/example_dags/example_xcom.py
[2022-10-04T03:09:55.412+0000] {logging_mixin.py:117} INFO - [2022-10-04T03:09:55.412+0000] {dag.py:2573} INFO - Sync 1 DAGs
[2022-10-04T03:09:55.448+0000] {logging_mixin.py:117} INFO - [2022-10-04T03:09:55.448+0000] {dag.py:3324} INFO - Setting next_dagrun for example_xcom to 2021-01-01T00:00:00+00:00, run_after=2021-01-01T00:00:00+00:00
[2022-10-04T03:09:55.486+0000] {processor.py:178} INFO - Processing /usr/local/lib/python3.10/dist-packages/airflow/example_dags/example_xcom.py took 0.177 seconds
[2022-10-04T03:10:34.861+0000] {processor.py:156} INFO - Started process (PID=7779) to work on /usr/local/lib/python3.10/dist-packages/airflow/example_dags/example_xcom.py
[2022-10-04T03:10:34.867+0000] {processor.py:758} INFO - Processing file /usr/local/lib/python3.10/dist-packages/airflow/example_dags/example_xcom.py for tasks to queue
[2022-10-04T03:10:34.868+0000] {logging_mixin.py:117} INFO - [2022-10-04T03:10:34.868+0000] {dagbag.py:525} INFO - Filling up the DagBag from /usr/local/lib/python3.10/dist-packages/airflow/example_dags/example_xcom.py
[2022-10-04T03:10:34.917+0000] {processor.py:768} INFO - DAG(s) dict_keys(['example_xcom']) retrieved from /usr/local/lib/python3.10/dist-packages/airflow/example_dags/example_xcom.py
[2022-10-04T03:10:34.962+0000] {logging_mixin.py:117} INFO - [2022-10-04T03:10:34.962+0000] {dag.py:2573} INFO - Sync 1 DAGs
[2022-10-04T03:10:35.009+0000] {logging_mixin.py:117} INFO - [2022-10-04T03:10:35.009+0000] {dag.py:3324} INFO - Setting next_dagrun for example_xcom to 2021-01-01T00:00:00+00:00, run_after=2021-01-01T00:00:00+00:00
[2022-10-04T03:10:35.049+0000] {processor.py:178} INFO - Processing /usr/local/lib/python3.10/dist-packages/airflow/example_dags/example_xcom.py took 0.193 seconds
[2022-10-04T03:11:15.702+0000] {processor.py:156} INFO - Started process (PID=7822) to work on /usr/local/lib/python3.10/dist-packages/airflow/example_dags/example_xcom.py
[2022-10-04T03:11:15.704+0000] {processor.py:758} INFO - Processing file /usr/local/lib/python3.10/dist-packages/airflow/example_dags/example_xcom.py for tasks to queue
[2022-10-04T03:11:15.704+0000] {logging_mixin.py:117} INFO - [2022-10-04T03:11:15.704+0000] {dagbag.py:525} INFO - Filling up the DagBag from /usr/local/lib/python3.10/dist-packages/airflow/example_dags/example_xcom.py
[2022-10-04T03:11:15.728+0000] {processor.py:768} INFO - DAG(s) dict_keys(['example_xcom']) retrieved from /usr/local/lib/python3.10/dist-packages/airflow/example_dags/example_xcom.py
[2022-10-04T03:11:15.750+0000] {logging_mixin.py:117} INFO - [2022-10-04T03:11:15.750+0000] {dag.py:2573} INFO - Sync 1 DAGs
[2022-10-04T03:11:15.768+0000] {logging_mixin.py:117} INFO - [2022-10-04T03:11:15.768+0000] {dag.py:3324} INFO - Setting next_dagrun for example_xcom to 2021-01-01T00:00:00+00:00, run_after=2021-01-01T00:00:00+00:00
[2022-10-04T03:11:15.794+0000] {processor.py:178} INFO - Processing /usr/local/lib/python3.10/dist-packages/airflow/example_dags/example_xcom.py took 0.094 seconds
[2022-10-04T03:11:55.130+0000] {processor.py:156} INFO - Started process (PID=7859) to work on /usr/local/lib/python3.10/dist-packages/airflow/example_dags/example_xcom.py
[2022-10-04T03:11:55.131+0000] {processor.py:758} INFO - Processing file /usr/local/lib/python3.10/dist-packages/airflow/example_dags/example_xcom.py for tasks to queue
[2022-10-04T03:11:55.132+0000] {logging_mixin.py:117} INFO - [2022-10-04T03:11:55.132+0000] {dagbag.py:525} INFO - Filling up the DagBag from /usr/local/lib/python3.10/dist-packages/airflow/example_dags/example_xcom.py
[2022-10-04T03:11:55.157+0000] {processor.py:768} INFO - DAG(s) dict_keys(['example_xcom']) retrieved from /usr/local/lib/python3.10/dist-packages/airflow/example_dags/example_xcom.py
[2022-10-04T03:11:55.216+0000] {logging_mixin.py:117} INFO - [2022-10-04T03:11:55.216+0000] {dag.py:2573} INFO - Sync 1 DAGs
[2022-10-04T03:11:55.243+0000] {logging_mixin.py:117} INFO - [2022-10-04T03:11:55.243+0000] {dag.py:3324} INFO - Setting next_dagrun for example_xcom to 2021-01-01T00:00:00+00:00, run_after=2021-01-01T00:00:00+00:00
[2022-10-04T03:11:55.265+0000] {processor.py:178} INFO - Processing /usr/local/lib/python3.10/dist-packages/airflow/example_dags/example_xcom.py took 0.138 seconds
[2022-10-04T03:12:34.111+0000] {processor.py:156} INFO - Started process (PID=7900) to work on /usr/local/lib/python3.10/dist-packages/airflow/example_dags/example_xcom.py
[2022-10-04T03:12:34.112+0000] {processor.py:758} INFO - Processing file /usr/local/lib/python3.10/dist-packages/airflow/example_dags/example_xcom.py for tasks to queue
[2022-10-04T03:12:34.112+0000] {logging_mixin.py:117} INFO - [2022-10-04T03:12:34.112+0000] {dagbag.py:525} INFO - Filling up the DagBag from /usr/local/lib/python3.10/dist-packages/airflow/example_dags/example_xcom.py
[2022-10-04T03:12:34.139+0000] {processor.py:768} INFO - DAG(s) dict_keys(['example_xcom']) retrieved from /usr/local/lib/python3.10/dist-packages/airflow/example_dags/example_xcom.py
[2022-10-04T03:12:34.182+0000] {logging_mixin.py:117} INFO - [2022-10-04T03:12:34.182+0000] {dag.py:2573} INFO - Sync 1 DAGs
[2022-10-04T03:12:34.224+0000] {logging_mixin.py:117} INFO - [2022-10-04T03:12:34.223+0000] {dag.py:3324} INFO - Setting next_dagrun for example_xcom to 2021-01-01T00:00:00+00:00, run_after=2021-01-01T00:00:00+00:00
[2022-10-04T03:12:34.256+0000] {processor.py:178} INFO - Processing /usr/local/lib/python3.10/dist-packages/airflow/example_dags/example_xcom.py took 0.148 seconds
[2022-10-04T03:13:13.332+0000] {processor.py:156} INFO - Started process (PID=7938) to work on /usr/local/lib/python3.10/dist-packages/airflow/example_dags/example_xcom.py
[2022-10-04T03:13:13.333+0000] {processor.py:758} INFO - Processing file /usr/local/lib/python3.10/dist-packages/airflow/example_dags/example_xcom.py for tasks to queue
[2022-10-04T03:13:13.334+0000] {logging_mixin.py:117} INFO - [2022-10-04T03:13:13.334+0000] {dagbag.py:525} INFO - Filling up the DagBag from /usr/local/lib/python3.10/dist-packages/airflow/example_dags/example_xcom.py
[2022-10-04T03:13:13.357+0000] {processor.py:768} INFO - DAG(s) dict_keys(['example_xcom']) retrieved from /usr/local/lib/python3.10/dist-packages/airflow/example_dags/example_xcom.py
[2022-10-04T03:13:13.380+0000] {logging_mixin.py:117} INFO - [2022-10-04T03:13:13.380+0000] {dag.py:2573} INFO - Sync 1 DAGs
[2022-10-04T03:13:13.399+0000] {logging_mixin.py:117} INFO - [2022-10-04T03:13:13.399+0000] {dag.py:3324} INFO - Setting next_dagrun for example_xcom to 2021-01-01T00:00:00+00:00, run_after=2021-01-01T00:00:00+00:00
[2022-10-04T03:13:13.421+0000] {processor.py:178} INFO - Processing /usr/local/lib/python3.10/dist-packages/airflow/example_dags/example_xcom.py took 0.092 seconds
[2022-10-04T03:13:53.703+0000] {processor.py:156} INFO - Started process (PID=7979) to work on /usr/local/lib/python3.10/dist-packages/airflow/example_dags/example_xcom.py
[2022-10-04T03:13:53.704+0000] {processor.py:758} INFO - Processing file /usr/local/lib/python3.10/dist-packages/airflow/example_dags/example_xcom.py for tasks to queue
[2022-10-04T03:13:53.705+0000] {logging_mixin.py:117} INFO - [2022-10-04T03:13:53.705+0000] {dagbag.py:525} INFO - Filling up the DagBag from /usr/local/lib/python3.10/dist-packages/airflow/example_dags/example_xcom.py
[2022-10-04T03:13:53.729+0000] {processor.py:768} INFO - DAG(s) dict_keys(['example_xcom']) retrieved from /usr/local/lib/python3.10/dist-packages/airflow/example_dags/example_xcom.py
[2022-10-04T03:13:53.752+0000] {logging_mixin.py:117} INFO - [2022-10-04T03:13:53.751+0000] {dag.py:2573} INFO - Sync 1 DAGs
[2022-10-04T03:13:53.767+0000] {logging_mixin.py:117} INFO - [2022-10-04T03:13:53.767+0000] {dag.py:3324} INFO - Setting next_dagrun for example_xcom to 2021-01-01T00:00:00+00:00, run_after=2021-01-01T00:00:00+00:00
[2022-10-04T03:13:53.794+0000] {processor.py:178} INFO - Processing /usr/local/lib/python3.10/dist-packages/airflow/example_dags/example_xcom.py took 0.094 seconds
[2022-10-04T03:14:31.722+0000] {processor.py:156} INFO - Started process (PID=8019) to work on /usr/local/lib/python3.10/dist-packages/airflow/example_dags/example_xcom.py
[2022-10-04T03:14:31.723+0000] {processor.py:758} INFO - Processing file /usr/local/lib/python3.10/dist-packages/airflow/example_dags/example_xcom.py for tasks to queue
[2022-10-04T03:14:31.724+0000] {logging_mixin.py:117} INFO - [2022-10-04T03:14:31.723+0000] {dagbag.py:525} INFO - Filling up the DagBag from /usr/local/lib/python3.10/dist-packages/airflow/example_dags/example_xcom.py
[2022-10-04T03:14:31.745+0000] {processor.py:768} INFO - DAG(s) dict_keys(['example_xcom']) retrieved from /usr/local/lib/python3.10/dist-packages/airflow/example_dags/example_xcom.py
[2022-10-04T03:14:31.766+0000] {logging_mixin.py:117} INFO - [2022-10-04T03:14:31.766+0000] {dag.py:2573} INFO - Sync 1 DAGs
[2022-10-04T03:14:31.782+0000] {logging_mixin.py:117} INFO - [2022-10-04T03:14:31.782+0000] {dag.py:3324} INFO - Setting next_dagrun for example_xcom to 2021-01-01T00:00:00+00:00, run_after=2021-01-01T00:00:00+00:00
[2022-10-04T03:14:31.803+0000] {processor.py:178} INFO - Processing /usr/local/lib/python3.10/dist-packages/airflow/example_dags/example_xcom.py took 0.084 seconds
[2022-10-04T03:15:13.536+0000] {processor.py:156} INFO - Started process (PID=8058) to work on /usr/local/lib/python3.10/dist-packages/airflow/example_dags/example_xcom.py
[2022-10-04T03:15:13.537+0000] {processor.py:758} INFO - Processing file /usr/local/lib/python3.10/dist-packages/airflow/example_dags/example_xcom.py for tasks to queue
[2022-10-04T03:15:13.538+0000] {logging_mixin.py:117} INFO - [2022-10-04T03:15:13.537+0000] {dagbag.py:525} INFO - Filling up the DagBag from /usr/local/lib/python3.10/dist-packages/airflow/example_dags/example_xcom.py
[2022-10-04T03:15:13.559+0000] {processor.py:768} INFO - DAG(s) dict_keys(['example_xcom']) retrieved from /usr/local/lib/python3.10/dist-packages/airflow/example_dags/example_xcom.py
[2022-10-04T03:15:13.581+0000] {logging_mixin.py:117} INFO - [2022-10-04T03:15:13.580+0000] {dag.py:2573} INFO - Sync 1 DAGs
[2022-10-04T03:15:13.612+0000] {logging_mixin.py:117} INFO - [2022-10-04T03:15:13.611+0000] {dag.py:3324} INFO - Setting next_dagrun for example_xcom to 2021-01-01T00:00:00+00:00, run_after=2021-01-01T00:00:00+00:00
[2022-10-04T03:15:13.763+0000] {processor.py:178} INFO - Processing /usr/local/lib/python3.10/dist-packages/airflow/example_dags/example_xcom.py took 0.230 seconds
[2022-10-04T03:15:53.731+0000] {processor.py:156} INFO - Started process (PID=8098) to work on /usr/local/lib/python3.10/dist-packages/airflow/example_dags/example_xcom.py
[2022-10-04T03:15:53.732+0000] {processor.py:758} INFO - Processing file /usr/local/lib/python3.10/dist-packages/airflow/example_dags/example_xcom.py for tasks to queue
[2022-10-04T03:15:53.733+0000] {logging_mixin.py:117} INFO - [2022-10-04T03:15:53.733+0000] {dagbag.py:525} INFO - Filling up the DagBag from /usr/local/lib/python3.10/dist-packages/airflow/example_dags/example_xcom.py
[2022-10-04T03:15:53.754+0000] {processor.py:768} INFO - DAG(s) dict_keys(['example_xcom']) retrieved from /usr/local/lib/python3.10/dist-packages/airflow/example_dags/example_xcom.py
[2022-10-04T03:15:53.775+0000] {logging_mixin.py:117} INFO - [2022-10-04T03:15:53.775+0000] {dag.py:2573} INFO - Sync 1 DAGs
[2022-10-04T03:15:53.800+0000] {logging_mixin.py:117} INFO - [2022-10-04T03:15:53.796+0000] {dag.py:3324} INFO - Setting next_dagrun for example_xcom to 2021-01-01T00:00:00+00:00, run_after=2021-01-01T00:00:00+00:00
[2022-10-04T03:15:53.968+0000] {processor.py:178} INFO - Processing /usr/local/lib/python3.10/dist-packages/airflow/example_dags/example_xcom.py took 0.240 seconds
[2022-10-04T03:16:31.426+0000] {processor.py:156} INFO - Started process (PID=8222) to work on /usr/local/lib/python3.10/dist-packages/airflow/example_dags/example_xcom.py
[2022-10-04T03:16:31.427+0000] {processor.py:758} INFO - Processing file /usr/local/lib/python3.10/dist-packages/airflow/example_dags/example_xcom.py for tasks to queue
[2022-10-04T03:16:31.428+0000] {logging_mixin.py:117} INFO - [2022-10-04T03:16:31.428+0000] {dagbag.py:525} INFO - Filling up the DagBag from /usr/local/lib/python3.10/dist-packages/airflow/example_dags/example_xcom.py
[2022-10-04T03:16:31.456+0000] {processor.py:768} INFO - DAG(s) dict_keys(['example_xcom']) retrieved from /usr/local/lib/python3.10/dist-packages/airflow/example_dags/example_xcom.py
[2022-10-04T03:16:31.477+0000] {logging_mixin.py:117} INFO - [2022-10-04T03:16:31.477+0000] {dag.py:2573} INFO - Sync 1 DAGs
[2022-10-04T03:16:31.626+0000] {logging_mixin.py:117} INFO - [2022-10-04T03:16:31.626+0000] {dag.py:3324} INFO - Setting next_dagrun for example_xcom to 2021-01-01T00:00:00+00:00, run_after=2021-01-01T00:00:00+00:00
[2022-10-04T03:16:31.647+0000] {processor.py:178} INFO - Processing /usr/local/lib/python3.10/dist-packages/airflow/example_dags/example_xcom.py took 0.223 seconds
[2022-10-04T03:17:12.553+0000] {processor.py:156} INFO - Started process (PID=8411) to work on /usr/local/lib/python3.10/dist-packages/airflow/example_dags/example_xcom.py
[2022-10-04T03:17:12.555+0000] {processor.py:758} INFO - Processing file /usr/local/lib/python3.10/dist-packages/airflow/example_dags/example_xcom.py for tasks to queue
[2022-10-04T03:17:12.555+0000] {logging_mixin.py:117} INFO - [2022-10-04T03:17:12.555+0000] {dagbag.py:525} INFO - Filling up the DagBag from /usr/local/lib/python3.10/dist-packages/airflow/example_dags/example_xcom.py
[2022-10-04T03:17:12.575+0000] {processor.py:768} INFO - DAG(s) dict_keys(['example_xcom']) retrieved from /usr/local/lib/python3.10/dist-packages/airflow/example_dags/example_xcom.py
[2022-10-04T03:17:12.596+0000] {logging_mixin.py:117} INFO - [2022-10-04T03:17:12.596+0000] {dag.py:2573} INFO - Sync 1 DAGs
[2022-10-04T03:17:12.738+0000] {logging_mixin.py:117} INFO - [2022-10-04T03:17:12.738+0000] {dag.py:3324} INFO - Setting next_dagrun for example_xcom to 2021-01-01T00:00:00+00:00, run_after=2021-01-01T00:00:00+00:00
[2022-10-04T03:17:12.759+0000] {processor.py:178} INFO - Processing /usr/local/lib/python3.10/dist-packages/airflow/example_dags/example_xcom.py took 0.209 seconds
[2022-10-04T03:17:53.866+0000] {processor.py:156} INFO - Started process (PID=8630) to work on /usr/local/lib/python3.10/dist-packages/airflow/example_dags/example_xcom.py
[2022-10-04T03:17:53.868+0000] {processor.py:758} INFO - Processing file /usr/local/lib/python3.10/dist-packages/airflow/example_dags/example_xcom.py for tasks to queue
[2022-10-04T03:17:53.868+0000] {logging_mixin.py:117} INFO - [2022-10-04T03:17:53.868+0000] {dagbag.py:525} INFO - Filling up the DagBag from /usr/local/lib/python3.10/dist-packages/airflow/example_dags/example_xcom.py
[2022-10-04T03:17:53.889+0000] {processor.py:768} INFO - DAG(s) dict_keys(['example_xcom']) retrieved from /usr/local/lib/python3.10/dist-packages/airflow/example_dags/example_xcom.py
[2022-10-04T03:17:53.911+0000] {logging_mixin.py:117} INFO - [2022-10-04T03:17:53.911+0000] {dag.py:2573} INFO - Sync 1 DAGs
[2022-10-04T03:17:54.066+0000] {logging_mixin.py:117} INFO - [2022-10-04T03:17:54.066+0000] {dag.py:3324} INFO - Setting next_dagrun for example_xcom to 2021-01-01T00:00:00+00:00, run_after=2021-01-01T00:00:00+00:00
[2022-10-04T03:17:54.087+0000] {processor.py:178} INFO - Processing /usr/local/lib/python3.10/dist-packages/airflow/example_dags/example_xcom.py took 0.223 seconds
[2022-10-04T03:18:51.956+0000] {processor.py:156} INFO - Started process (PID=8696) to work on /usr/local/lib/python3.10/dist-packages/airflow/example_dags/example_xcom.py
[2022-10-04T03:18:51.958+0000] {processor.py:758} INFO - Processing file /usr/local/lib/python3.10/dist-packages/airflow/example_dags/example_xcom.py for tasks to queue
[2022-10-04T03:18:51.959+0000] {logging_mixin.py:117} INFO - [2022-10-04T03:18:51.958+0000] {dagbag.py:525} INFO - Filling up the DagBag from /usr/local/lib/python3.10/dist-packages/airflow/example_dags/example_xcom.py
[2022-10-04T03:18:52.000+0000] {processor.py:768} INFO - DAG(s) dict_keys(['example_xcom']) retrieved from /usr/local/lib/python3.10/dist-packages/airflow/example_dags/example_xcom.py
[2022-10-04T03:18:52.035+0000] {logging_mixin.py:117} INFO - [2022-10-04T03:18:52.034+0000] {dag.py:2573} INFO - Sync 1 DAGs
[2022-10-04T03:18:52.072+0000] {logging_mixin.py:117} INFO - [2022-10-04T03:18:52.071+0000] {dag.py:3324} INFO - Setting next_dagrun for example_xcom to 2021-01-01T00:00:00+00:00, run_after=2021-01-01T00:00:00+00:00
[2022-10-04T03:18:52.102+0000] {processor.py:178} INFO - Processing /usr/local/lib/python3.10/dist-packages/airflow/example_dags/example_xcom.py took 0.148 seconds
[2022-10-04T03:19:31.052+0000] {processor.py:156} INFO - Started process (PID=8737) to work on /usr/local/lib/python3.10/dist-packages/airflow/example_dags/example_xcom.py
[2022-10-04T03:19:31.054+0000] {processor.py:758} INFO - Processing file /usr/local/lib/python3.10/dist-packages/airflow/example_dags/example_xcom.py for tasks to queue
[2022-10-04T03:19:31.054+0000] {logging_mixin.py:117} INFO - [2022-10-04T03:19:31.054+0000] {dagbag.py:525} INFO - Filling up the DagBag from /usr/local/lib/python3.10/dist-packages/airflow/example_dags/example_xcom.py
[2022-10-04T03:19:31.080+0000] {processor.py:768} INFO - DAG(s) dict_keys(['example_xcom']) retrieved from /usr/local/lib/python3.10/dist-packages/airflow/example_dags/example_xcom.py
[2022-10-04T03:19:31.104+0000] {logging_mixin.py:117} INFO - [2022-10-04T03:19:31.104+0000] {dag.py:2573} INFO - Sync 1 DAGs
[2022-10-04T03:19:31.126+0000] {logging_mixin.py:117} INFO - [2022-10-04T03:19:31.125+0000] {dag.py:3324} INFO - Setting next_dagrun for example_xcom to 2021-01-01T00:00:00+00:00, run_after=2021-01-01T00:00:00+00:00
[2022-10-04T03:19:31.155+0000] {processor.py:178} INFO - Processing /usr/local/lib/python3.10/dist-packages/airflow/example_dags/example_xcom.py took 0.106 seconds
[2022-10-04T03:20:07.555+0000] {processor.py:156} INFO - Started process (PID=8774) to work on /usr/local/lib/python3.10/dist-packages/airflow/example_dags/example_xcom.py
[2022-10-04T03:20:07.556+0000] {processor.py:758} INFO - Processing file /usr/local/lib/python3.10/dist-packages/airflow/example_dags/example_xcom.py for tasks to queue
[2022-10-04T03:20:07.557+0000] {logging_mixin.py:117} INFO - [2022-10-04T03:20:07.557+0000] {dagbag.py:525} INFO - Filling up the DagBag from /usr/local/lib/python3.10/dist-packages/airflow/example_dags/example_xcom.py
[2022-10-04T03:20:07.584+0000] {processor.py:768} INFO - DAG(s) dict_keys(['example_xcom']) retrieved from /usr/local/lib/python3.10/dist-packages/airflow/example_dags/example_xcom.py
[2022-10-04T03:20:07.607+0000] {logging_mixin.py:117} INFO - [2022-10-04T03:20:07.607+0000] {dag.py:2573} INFO - Sync 1 DAGs
[2022-10-04T03:20:07.625+0000] {logging_mixin.py:117} INFO - [2022-10-04T03:20:07.625+0000] {dag.py:3324} INFO - Setting next_dagrun for example_xcom to 2021-01-01T00:00:00+00:00, run_after=2021-01-01T00:00:00+00:00
[2022-10-04T03:20:07.652+0000] {processor.py:178} INFO - Processing /usr/local/lib/python3.10/dist-packages/airflow/example_dags/example_xcom.py took 0.100 seconds
[2022-10-04T03:20:47.672+0000] {processor.py:156} INFO - Started process (PID=8815) to work on /usr/local/lib/python3.10/dist-packages/airflow/example_dags/example_xcom.py
[2022-10-04T03:20:47.673+0000] {processor.py:758} INFO - Processing file /usr/local/lib/python3.10/dist-packages/airflow/example_dags/example_xcom.py for tasks to queue
[2022-10-04T03:20:47.674+0000] {logging_mixin.py:117} INFO - [2022-10-04T03:20:47.674+0000] {dagbag.py:525} INFO - Filling up the DagBag from /usr/local/lib/python3.10/dist-packages/airflow/example_dags/example_xcom.py
[2022-10-04T03:20:47.697+0000] {processor.py:768} INFO - DAG(s) dict_keys(['example_xcom']) retrieved from /usr/local/lib/python3.10/dist-packages/airflow/example_dags/example_xcom.py
[2022-10-04T03:20:47.719+0000] {logging_mixin.py:117} INFO - [2022-10-04T03:20:47.718+0000] {dag.py:2573} INFO - Sync 1 DAGs
[2022-10-04T03:20:47.736+0000] {logging_mixin.py:117} INFO - [2022-10-04T03:20:47.736+0000] {dag.py:3324} INFO - Setting next_dagrun for example_xcom to 2021-01-01T00:00:00+00:00, run_after=2021-01-01T00:00:00+00:00
[2022-10-04T03:20:47.759+0000] {processor.py:178} INFO - Processing /usr/local/lib/python3.10/dist-packages/airflow/example_dags/example_xcom.py took 0.089 seconds
[2022-10-04T03:21:25.958+0000] {processor.py:156} INFO - Started process (PID=8852) to work on /usr/local/lib/python3.10/dist-packages/airflow/example_dags/example_xcom.py
[2022-10-04T03:21:25.959+0000] {processor.py:758} INFO - Processing file /usr/local/lib/python3.10/dist-packages/airflow/example_dags/example_xcom.py for tasks to queue
[2022-10-04T03:21:25.960+0000] {logging_mixin.py:117} INFO - [2022-10-04T03:21:25.960+0000] {dagbag.py:525} INFO - Filling up the DagBag from /usr/local/lib/python3.10/dist-packages/airflow/example_dags/example_xcom.py
[2022-10-04T03:21:25.984+0000] {processor.py:768} INFO - DAG(s) dict_keys(['example_xcom']) retrieved from /usr/local/lib/python3.10/dist-packages/airflow/example_dags/example_xcom.py
[2022-10-04T03:21:26.009+0000] {logging_mixin.py:117} INFO - [2022-10-04T03:21:26.008+0000] {dag.py:2573} INFO - Sync 1 DAGs
[2022-10-04T03:21:26.028+0000] {logging_mixin.py:117} INFO - [2022-10-04T03:21:26.028+0000] {dag.py:3324} INFO - Setting next_dagrun for example_xcom to 2021-01-01T00:00:00+00:00, run_after=2021-01-01T00:00:00+00:00
[2022-10-04T03:21:26.051+0000] {processor.py:178} INFO - Processing /usr/local/lib/python3.10/dist-packages/airflow/example_dags/example_xcom.py took 0.096 seconds
[2022-10-04T03:22:05.432+0000] {processor.py:156} INFO - Started process (PID=8890) to work on /usr/local/lib/python3.10/dist-packages/airflow/example_dags/example_xcom.py
[2022-10-04T03:22:05.434+0000] {processor.py:758} INFO - Processing file /usr/local/lib/python3.10/dist-packages/airflow/example_dags/example_xcom.py for tasks to queue
[2022-10-04T03:22:05.436+0000] {logging_mixin.py:117} INFO - [2022-10-04T03:22:05.436+0000] {dagbag.py:525} INFO - Filling up the DagBag from /usr/local/lib/python3.10/dist-packages/airflow/example_dags/example_xcom.py
[2022-10-04T03:22:05.509+0000] {processor.py:768} INFO - DAG(s) dict_keys(['example_xcom']) retrieved from /usr/local/lib/python3.10/dist-packages/airflow/example_dags/example_xcom.py
[2022-10-04T03:22:05.544+0000] {logging_mixin.py:117} INFO - [2022-10-04T03:22:05.544+0000] {dag.py:2573} INFO - Sync 1 DAGs
[2022-10-04T03:22:05.713+0000] {logging_mixin.py:117} INFO - [2022-10-04T03:22:05.710+0000] {dag.py:3324} INFO - Setting next_dagrun for example_xcom to 2021-01-01T00:00:00+00:00, run_after=2021-01-01T00:00:00+00:00
[2022-10-04T03:22:05.856+0000] {processor.py:178} INFO - Processing /usr/local/lib/python3.10/dist-packages/airflow/example_dags/example_xcom.py took 0.434 seconds
[2022-10-04T03:22:43.868+0000] {processor.py:156} INFO - Started process (PID=8931) to work on /usr/local/lib/python3.10/dist-packages/airflow/example_dags/example_xcom.py
[2022-10-04T03:22:43.870+0000] {processor.py:758} INFO - Processing file /usr/local/lib/python3.10/dist-packages/airflow/example_dags/example_xcom.py for tasks to queue
[2022-10-04T03:22:43.870+0000] {logging_mixin.py:117} INFO - [2022-10-04T03:22:43.870+0000] {dagbag.py:525} INFO - Filling up the DagBag from /usr/local/lib/python3.10/dist-packages/airflow/example_dags/example_xcom.py
[2022-10-04T03:22:43.892+0000] {processor.py:768} INFO - DAG(s) dict_keys(['example_xcom']) retrieved from /usr/local/lib/python3.10/dist-packages/airflow/example_dags/example_xcom.py
[2022-10-04T03:22:43.919+0000] {logging_mixin.py:117} INFO - [2022-10-04T03:22:43.919+0000] {dag.py:2573} INFO - Sync 1 DAGs
[2022-10-04T03:22:43.946+0000] {logging_mixin.py:117} INFO - [2022-10-04T03:22:43.946+0000] {dag.py:3324} INFO - Setting next_dagrun for example_xcom to 2021-01-01T00:00:00+00:00, run_after=2021-01-01T00:00:00+00:00
[2022-10-04T03:22:43.970+0000] {processor.py:178} INFO - Processing /usr/local/lib/python3.10/dist-packages/airflow/example_dags/example_xcom.py took 0.105 seconds
[2022-10-04T03:23:51.028+0000] {processor.py:156} INFO - Started process (PID=9003) to work on /usr/local/lib/python3.10/dist-packages/airflow/example_dags/example_xcom.py
[2022-10-04T03:23:51.030+0000] {processor.py:758} INFO - Processing file /usr/local/lib/python3.10/dist-packages/airflow/example_dags/example_xcom.py for tasks to queue
[2022-10-04T03:23:51.031+0000] {logging_mixin.py:117} INFO - [2022-10-04T03:23:51.030+0000] {dagbag.py:525} INFO - Filling up the DagBag from /usr/local/lib/python3.10/dist-packages/airflow/example_dags/example_xcom.py
[2022-10-04T03:23:51.061+0000] {processor.py:768} INFO - DAG(s) dict_keys(['example_xcom']) retrieved from /usr/local/lib/python3.10/dist-packages/airflow/example_dags/example_xcom.py
[2022-10-04T03:23:51.078+0000] {logging_mixin.py:117} INFO - [2022-10-04T03:23:51.078+0000] {dag.py:2573} INFO - Sync 1 DAGs
[2022-10-04T03:23:51.104+0000] {logging_mixin.py:117} INFO - [2022-10-04T03:23:51.103+0000] {dag.py:3324} INFO - Setting next_dagrun for example_xcom to 2021-01-01T00:00:00+00:00, run_after=2021-01-01T00:00:00+00:00
[2022-10-04T03:23:51.132+0000] {processor.py:178} INFO - Processing /usr/local/lib/python3.10/dist-packages/airflow/example_dags/example_xcom.py took 0.107 seconds
[2022-10-04T03:24:28.939+0000] {processor.py:156} INFO - Started process (PID=9044) to work on /usr/local/lib/python3.10/dist-packages/airflow/example_dags/example_xcom.py
[2022-10-04T03:24:28.940+0000] {processor.py:758} INFO - Processing file /usr/local/lib/python3.10/dist-packages/airflow/example_dags/example_xcom.py for tasks to queue
[2022-10-04T03:24:28.940+0000] {logging_mixin.py:117} INFO - [2022-10-04T03:24:28.940+0000] {dagbag.py:525} INFO - Filling up the DagBag from /usr/local/lib/python3.10/dist-packages/airflow/example_dags/example_xcom.py
[2022-10-04T03:24:28.963+0000] {processor.py:768} INFO - DAG(s) dict_keys(['example_xcom']) retrieved from /usr/local/lib/python3.10/dist-packages/airflow/example_dags/example_xcom.py
[2022-10-04T03:24:28.984+0000] {logging_mixin.py:117} INFO - [2022-10-04T03:24:28.984+0000] {dag.py:2573} INFO - Sync 1 DAGs
[2022-10-04T03:24:29.001+0000] {logging_mixin.py:117} INFO - [2022-10-04T03:24:29.001+0000] {dag.py:3324} INFO - Setting next_dagrun for example_xcom to 2021-01-01T00:00:00+00:00, run_after=2021-01-01T00:00:00+00:00
[2022-10-04T03:24:29.027+0000] {processor.py:178} INFO - Processing /usr/local/lib/python3.10/dist-packages/airflow/example_dags/example_xcom.py took 0.091 seconds
[2022-10-04T03:25:09.238+0000] {processor.py:156} INFO - Started process (PID=9085) to work on /usr/local/lib/python3.10/dist-packages/airflow/example_dags/example_xcom.py
[2022-10-04T03:25:09.239+0000] {processor.py:758} INFO - Processing file /usr/local/lib/python3.10/dist-packages/airflow/example_dags/example_xcom.py for tasks to queue
[2022-10-04T03:25:09.240+0000] {logging_mixin.py:117} INFO - [2022-10-04T03:25:09.240+0000] {dagbag.py:525} INFO - Filling up the DagBag from /usr/local/lib/python3.10/dist-packages/airflow/example_dags/example_xcom.py
[2022-10-04T03:25:09.267+0000] {processor.py:768} INFO - DAG(s) dict_keys(['example_xcom']) retrieved from /usr/local/lib/python3.10/dist-packages/airflow/example_dags/example_xcom.py
[2022-10-04T03:25:09.291+0000] {logging_mixin.py:117} INFO - [2022-10-04T03:25:09.291+0000] {dag.py:2573} INFO - Sync 1 DAGs
[2022-10-04T03:25:09.310+0000] {logging_mixin.py:117} INFO - [2022-10-04T03:25:09.310+0000] {dag.py:3324} INFO - Setting next_dagrun for example_xcom to 2021-01-01T00:00:00+00:00, run_after=2021-01-01T00:00:00+00:00
[2022-10-04T03:25:09.335+0000] {processor.py:178} INFO - Processing /usr/local/lib/python3.10/dist-packages/airflow/example_dags/example_xcom.py took 0.100 seconds
[2022-10-04T03:26:23.338+0000] {processor.py:156} INFO - Started process (PID=9167) to work on /usr/local/lib/python3.10/dist-packages/airflow/example_dags/example_xcom.py
[2022-10-04T03:26:23.339+0000] {processor.py:758} INFO - Processing file /usr/local/lib/python3.10/dist-packages/airflow/example_dags/example_xcom.py for tasks to queue
[2022-10-04T03:26:23.340+0000] {logging_mixin.py:117} INFO - [2022-10-04T03:26:23.340+0000] {dagbag.py:525} INFO - Filling up the DagBag from /usr/local/lib/python3.10/dist-packages/airflow/example_dags/example_xcom.py
[2022-10-04T03:26:23.373+0000] {processor.py:768} INFO - DAG(s) dict_keys(['example_xcom']) retrieved from /usr/local/lib/python3.10/dist-packages/airflow/example_dags/example_xcom.py
[2022-10-04T03:26:23.403+0000] {logging_mixin.py:117} INFO - [2022-10-04T03:26:23.402+0000] {dag.py:2573} INFO - Sync 1 DAGs
[2022-10-04T03:26:23.427+0000] {logging_mixin.py:117} INFO - [2022-10-04T03:26:23.427+0000] {dag.py:3324} INFO - Setting next_dagrun for example_xcom to 2021-01-01T00:00:00+00:00, run_after=2021-01-01T00:00:00+00:00
[2022-10-04T03:26:23.452+0000] {processor.py:178} INFO - Processing /usr/local/lib/python3.10/dist-packages/airflow/example_dags/example_xcom.py took 0.117 seconds
[2022-10-04T03:30:30.780+0000] {processor.py:156} INFO - Started process (PID=9265) to work on /usr/local/lib/python3.10/dist-packages/airflow/example_dags/example_xcom.py
[2022-10-04T03:30:30.782+0000] {processor.py:758} INFO - Processing file /usr/local/lib/python3.10/dist-packages/airflow/example_dags/example_xcom.py for tasks to queue
[2022-10-04T03:30:30.782+0000] {logging_mixin.py:117} INFO - [2022-10-04T03:30:30.782+0000] {dagbag.py:525} INFO - Filling up the DagBag from /usr/local/lib/python3.10/dist-packages/airflow/example_dags/example_xcom.py
[2022-10-04T03:30:30.803+0000] {processor.py:768} INFO - DAG(s) dict_keys(['example_xcom']) retrieved from /usr/local/lib/python3.10/dist-packages/airflow/example_dags/example_xcom.py
[2022-10-04T03:30:30.816+0000] {logging_mixin.py:117} INFO - [2022-10-04T03:30:30.815+0000] {dag.py:2573} INFO - Sync 1 DAGs
[2022-10-04T03:30:30.836+0000] {logging_mixin.py:117} INFO - [2022-10-04T03:30:30.835+0000] {dag.py:3324} INFO - Setting next_dagrun for example_xcom to 2021-01-01T00:00:00+00:00, run_after=2021-01-01T00:00:00+00:00
[2022-10-04T03:30:30.856+0000] {processor.py:178} INFO - Processing /usr/local/lib/python3.10/dist-packages/airflow/example_dags/example_xcom.py took 0.079 seconds
[2022-10-04T03:31:10.247+0000] {processor.py:156} INFO - Started process (PID=9306) to work on /usr/local/lib/python3.10/dist-packages/airflow/example_dags/example_xcom.py
[2022-10-04T03:31:10.249+0000] {processor.py:758} INFO - Processing file /usr/local/lib/python3.10/dist-packages/airflow/example_dags/example_xcom.py for tasks to queue
[2022-10-04T03:31:10.249+0000] {logging_mixin.py:117} INFO - [2022-10-04T03:31:10.249+0000] {dagbag.py:525} INFO - Filling up the DagBag from /usr/local/lib/python3.10/dist-packages/airflow/example_dags/example_xcom.py
[2022-10-04T03:31:10.271+0000] {processor.py:768} INFO - DAG(s) dict_keys(['example_xcom']) retrieved from /usr/local/lib/python3.10/dist-packages/airflow/example_dags/example_xcom.py
[2022-10-04T03:31:10.300+0000] {logging_mixin.py:117} INFO - [2022-10-04T03:31:10.299+0000] {dag.py:2573} INFO - Sync 1 DAGs
[2022-10-04T03:31:10.319+0000] {logging_mixin.py:117} INFO - [2022-10-04T03:31:10.319+0000] {dag.py:3324} INFO - Setting next_dagrun for example_xcom to 2021-01-01T00:00:00+00:00, run_after=2021-01-01T00:00:00+00:00
[2022-10-04T03:31:10.342+0000] {processor.py:178} INFO - Processing /usr/local/lib/python3.10/dist-packages/airflow/example_dags/example_xcom.py took 0.097 seconds
[2022-10-04T03:31:51.076+0000] {processor.py:156} INFO - Started process (PID=9361) to work on /usr/local/lib/python3.10/dist-packages/airflow/example_dags/example_xcom.py
[2022-10-04T03:31:51.078+0000] {processor.py:758} INFO - Processing file /usr/local/lib/python3.10/dist-packages/airflow/example_dags/example_xcom.py for tasks to queue
[2022-10-04T03:31:51.079+0000] {logging_mixin.py:117} INFO - [2022-10-04T03:31:51.079+0000] {dagbag.py:525} INFO - Filling up the DagBag from /usr/local/lib/python3.10/dist-packages/airflow/example_dags/example_xcom.py
[2022-10-04T03:31:51.116+0000] {processor.py:768} INFO - DAG(s) dict_keys(['example_xcom']) retrieved from /usr/local/lib/python3.10/dist-packages/airflow/example_dags/example_xcom.py
[2022-10-04T03:31:51.155+0000] {logging_mixin.py:117} INFO - [2022-10-04T03:31:51.155+0000] {dag.py:2573} INFO - Sync 1 DAGs
[2022-10-04T03:31:51.184+0000] {logging_mixin.py:117} INFO - [2022-10-04T03:31:51.184+0000] {dag.py:3324} INFO - Setting next_dagrun for example_xcom to 2021-01-01T00:00:00+00:00, run_after=2021-01-01T00:00:00+00:00
[2022-10-04T03:31:51.219+0000] {processor.py:178} INFO - Processing /usr/local/lib/python3.10/dist-packages/airflow/example_dags/example_xcom.py took 0.145 seconds
[2022-10-04T03:32:28.242+0000] {processor.py:156} INFO - Started process (PID=9402) to work on /usr/local/lib/python3.10/dist-packages/airflow/example_dags/example_xcom.py
[2022-10-04T03:32:28.243+0000] {processor.py:758} INFO - Processing file /usr/local/lib/python3.10/dist-packages/airflow/example_dags/example_xcom.py for tasks to queue
[2022-10-04T03:32:28.243+0000] {logging_mixin.py:117} INFO - [2022-10-04T03:32:28.243+0000] {dagbag.py:525} INFO - Filling up the DagBag from /usr/local/lib/python3.10/dist-packages/airflow/example_dags/example_xcom.py
[2022-10-04T03:32:28.267+0000] {processor.py:768} INFO - DAG(s) dict_keys(['example_xcom']) retrieved from /usr/local/lib/python3.10/dist-packages/airflow/example_dags/example_xcom.py
[2022-10-04T03:32:28.293+0000] {logging_mixin.py:117} INFO - [2022-10-04T03:32:28.293+0000] {dag.py:2573} INFO - Sync 1 DAGs
[2022-10-04T03:32:28.313+0000] {logging_mixin.py:117} INFO - [2022-10-04T03:32:28.312+0000] {dag.py:3324} INFO - Setting next_dagrun for example_xcom to 2021-01-01T00:00:00+00:00, run_after=2021-01-01T00:00:00+00:00
[2022-10-04T03:32:28.335+0000] {processor.py:178} INFO - Processing /usr/local/lib/python3.10/dist-packages/airflow/example_dags/example_xcom.py took 0.096 seconds
[2022-10-04T03:33:06.172+0000] {processor.py:156} INFO - Started process (PID=9440) to work on /usr/local/lib/python3.10/dist-packages/airflow/example_dags/example_xcom.py
[2022-10-04T03:33:06.173+0000] {processor.py:758} INFO - Processing file /usr/local/lib/python3.10/dist-packages/airflow/example_dags/example_xcom.py for tasks to queue
[2022-10-04T03:33:06.174+0000] {logging_mixin.py:117} INFO - [2022-10-04T03:33:06.174+0000] {dagbag.py:525} INFO - Filling up the DagBag from /usr/local/lib/python3.10/dist-packages/airflow/example_dags/example_xcom.py
[2022-10-04T03:33:06.202+0000] {processor.py:768} INFO - DAG(s) dict_keys(['example_xcom']) retrieved from /usr/local/lib/python3.10/dist-packages/airflow/example_dags/example_xcom.py
[2022-10-04T03:33:06.236+0000] {logging_mixin.py:117} INFO - [2022-10-04T03:33:06.236+0000] {dag.py:2573} INFO - Sync 1 DAGs
[2022-10-04T03:33:06.256+0000] {logging_mixin.py:117} INFO - [2022-10-04T03:33:06.256+0000] {dag.py:3324} INFO - Setting next_dagrun for example_xcom to 2021-01-01T00:00:00+00:00, run_after=2021-01-01T00:00:00+00:00
[2022-10-04T03:33:06.278+0000] {processor.py:178} INFO - Processing /usr/local/lib/python3.10/dist-packages/airflow/example_dags/example_xcom.py took 0.108 seconds
[2022-10-04T03:33:42.680+0000] {processor.py:156} INFO - Started process (PID=9481) to work on /usr/local/lib/python3.10/dist-packages/airflow/example_dags/example_xcom.py
[2022-10-04T03:33:42.681+0000] {processor.py:758} INFO - Processing file /usr/local/lib/python3.10/dist-packages/airflow/example_dags/example_xcom.py for tasks to queue
[2022-10-04T03:33:42.681+0000] {logging_mixin.py:117} INFO - [2022-10-04T03:33:42.681+0000] {dagbag.py:525} INFO - Filling up the DagBag from /usr/local/lib/python3.10/dist-packages/airflow/example_dags/example_xcom.py
[2022-10-04T03:33:42.705+0000] {processor.py:768} INFO - DAG(s) dict_keys(['example_xcom']) retrieved from /usr/local/lib/python3.10/dist-packages/airflow/example_dags/example_xcom.py
[2022-10-04T03:33:42.729+0000] {logging_mixin.py:117} INFO - [2022-10-04T03:33:42.728+0000] {dag.py:2573} INFO - Sync 1 DAGs
[2022-10-04T03:33:42.746+0000] {logging_mixin.py:117} INFO - [2022-10-04T03:33:42.746+0000] {dag.py:3324} INFO - Setting next_dagrun for example_xcom to 2021-01-01T00:00:00+00:00, run_after=2021-01-01T00:00:00+00:00
[2022-10-04T03:33:42.768+0000] {processor.py:178} INFO - Processing /usr/local/lib/python3.10/dist-packages/airflow/example_dags/example_xcom.py took 0.090 seconds
[2022-10-04T03:34:21.781+0000] {processor.py:156} INFO - Started process (PID=9522) to work on /usr/local/lib/python3.10/dist-packages/airflow/example_dags/example_xcom.py
[2022-10-04T03:34:21.782+0000] {processor.py:758} INFO - Processing file /usr/local/lib/python3.10/dist-packages/airflow/example_dags/example_xcom.py for tasks to queue
[2022-10-04T03:34:21.783+0000] {logging_mixin.py:117} INFO - [2022-10-04T03:34:21.782+0000] {dagbag.py:525} INFO - Filling up the DagBag from /usr/local/lib/python3.10/dist-packages/airflow/example_dags/example_xcom.py
[2022-10-04T03:34:21.806+0000] {processor.py:768} INFO - DAG(s) dict_keys(['example_xcom']) retrieved from /usr/local/lib/python3.10/dist-packages/airflow/example_dags/example_xcom.py
[2022-10-04T03:34:21.832+0000] {logging_mixin.py:117} INFO - [2022-10-04T03:34:21.832+0000] {dag.py:2573} INFO - Sync 1 DAGs
[2022-10-04T03:34:21.851+0000] {logging_mixin.py:117} INFO - [2022-10-04T03:34:21.850+0000] {dag.py:3324} INFO - Setting next_dagrun for example_xcom to 2021-01-01T00:00:00+00:00, run_after=2021-01-01T00:00:00+00:00
[2022-10-04T03:34:21.872+0000] {processor.py:178} INFO - Processing /usr/local/lib/python3.10/dist-packages/airflow/example_dags/example_xcom.py took 0.093 seconds
[2022-10-04T03:46:23.186+0000] {processor.py:156} INFO - Started process (PID=980) to work on /usr/local/lib/python3.10/dist-packages/airflow/example_dags/example_xcom.py
[2022-10-04T03:46:23.188+0000] {processor.py:758} INFO - Processing file /usr/local/lib/python3.10/dist-packages/airflow/example_dags/example_xcom.py for tasks to queue
[2022-10-04T03:46:23.188+0000] {logging_mixin.py:117} INFO - [2022-10-04T03:46:23.188+0000] {dagbag.py:525} INFO - Filling up the DagBag from /usr/local/lib/python3.10/dist-packages/airflow/example_dags/example_xcom.py
[2022-10-04T03:46:23.215+0000] {processor.py:768} INFO - DAG(s) dict_keys(['example_xcom']) retrieved from /usr/local/lib/python3.10/dist-packages/airflow/example_dags/example_xcom.py
[2022-10-04T03:46:23.236+0000] {logging_mixin.py:117} INFO - [2022-10-04T03:46:23.236+0000] {dag.py:2573} INFO - Sync 1 DAGs
[2022-10-04T03:46:23.258+0000] {logging_mixin.py:117} INFO - [2022-10-04T03:46:23.258+0000] {dag.py:3324} INFO - Setting next_dagrun for example_xcom to 2021-01-01T00:00:00+00:00, run_after=2021-01-01T00:00:00+00:00
[2022-10-04T03:46:23.282+0000] {processor.py:178} INFO - Processing /usr/local/lib/python3.10/dist-packages/airflow/example_dags/example_xcom.py took 0.099 seconds
[2022-10-04T03:47:02.099+0000] {processor.py:156} INFO - Started process (PID=1023) to work on /usr/local/lib/python3.10/dist-packages/airflow/example_dags/example_xcom.py
[2022-10-04T03:47:02.100+0000] {processor.py:758} INFO - Processing file /usr/local/lib/python3.10/dist-packages/airflow/example_dags/example_xcom.py for tasks to queue
[2022-10-04T03:47:02.101+0000] {logging_mixin.py:117} INFO - [2022-10-04T03:47:02.101+0000] {dagbag.py:525} INFO - Filling up the DagBag from /usr/local/lib/python3.10/dist-packages/airflow/example_dags/example_xcom.py
[2022-10-04T03:47:02.131+0000] {processor.py:768} INFO - DAG(s) dict_keys(['example_xcom']) retrieved from /usr/local/lib/python3.10/dist-packages/airflow/example_dags/example_xcom.py
[2022-10-04T03:47:02.192+0000] {logging_mixin.py:117} INFO - [2022-10-04T03:47:02.191+0000] {dag.py:2573} INFO - Sync 1 DAGs
[2022-10-04T03:47:02.214+0000] {logging_mixin.py:117} INFO - [2022-10-04T03:47:02.213+0000] {dag.py:3324} INFO - Setting next_dagrun for example_xcom to 2021-01-01T00:00:00+00:00, run_after=2021-01-01T00:00:00+00:00
[2022-10-04T03:47:02.240+0000] {processor.py:178} INFO - Processing /usr/local/lib/python3.10/dist-packages/airflow/example_dags/example_xcom.py took 0.145 seconds
[2022-10-04T03:47:42.422+0000] {processor.py:156} INFO - Started process (PID=1129) to work on /usr/local/lib/python3.10/dist-packages/airflow/example_dags/example_xcom.py
[2022-10-04T03:47:42.423+0000] {processor.py:758} INFO - Processing file /usr/local/lib/python3.10/dist-packages/airflow/example_dags/example_xcom.py for tasks to queue
[2022-10-04T03:47:42.424+0000] {logging_mixin.py:117} INFO - [2022-10-04T03:47:42.423+0000] {dagbag.py:525} INFO - Filling up the DagBag from /usr/local/lib/python3.10/dist-packages/airflow/example_dags/example_xcom.py
[2022-10-04T03:47:42.447+0000] {processor.py:768} INFO - DAG(s) dict_keys(['example_xcom']) retrieved from /usr/local/lib/python3.10/dist-packages/airflow/example_dags/example_xcom.py
[2022-10-04T03:47:42.477+0000] {logging_mixin.py:117} INFO - [2022-10-04T03:47:42.476+0000] {dag.py:2573} INFO - Sync 1 DAGs
[2022-10-04T03:47:42.495+0000] {logging_mixin.py:117} INFO - [2022-10-04T03:47:42.495+0000] {dag.py:3324} INFO - Setting next_dagrun for example_xcom to 2021-01-01T00:00:00+00:00, run_after=2021-01-01T00:00:00+00:00
[2022-10-04T03:47:42.521+0000] {processor.py:178} INFO - Processing /usr/local/lib/python3.10/dist-packages/airflow/example_dags/example_xcom.py took 0.102 seconds
[2022-10-04T03:48:20.296+0000] {processor.py:156} INFO - Started process (PID=1167) to work on /usr/local/lib/python3.10/dist-packages/airflow/example_dags/example_xcom.py
[2022-10-04T03:48:20.298+0000] {processor.py:758} INFO - Processing file /usr/local/lib/python3.10/dist-packages/airflow/example_dags/example_xcom.py for tasks to queue
[2022-10-04T03:48:20.298+0000] {logging_mixin.py:117} INFO - [2022-10-04T03:48:20.298+0000] {dagbag.py:525} INFO - Filling up the DagBag from /usr/local/lib/python3.10/dist-packages/airflow/example_dags/example_xcom.py
[2022-10-04T03:48:20.325+0000] {processor.py:768} INFO - DAG(s) dict_keys(['example_xcom']) retrieved from /usr/local/lib/python3.10/dist-packages/airflow/example_dags/example_xcom.py
[2022-10-04T03:48:20.353+0000] {logging_mixin.py:117} INFO - [2022-10-04T03:48:20.353+0000] {dag.py:2573} INFO - Sync 1 DAGs
[2022-10-04T03:48:20.372+0000] {logging_mixin.py:117} INFO - [2022-10-04T03:48:20.372+0000] {dag.py:3324} INFO - Setting next_dagrun for example_xcom to 2021-01-01T00:00:00+00:00, run_after=2021-01-01T00:00:00+00:00
[2022-10-04T03:48:20.396+0000] {processor.py:178} INFO - Processing /usr/local/lib/python3.10/dist-packages/airflow/example_dags/example_xcom.py took 0.102 seconds
[2022-10-04T03:49:44.627+0000] {processor.py:156} INFO - Started process (PID=1255) to work on /usr/local/lib/python3.10/dist-packages/airflow/example_dags/example_xcom.py
[2022-10-04T03:49:44.629+0000] {processor.py:758} INFO - Processing file /usr/local/lib/python3.10/dist-packages/airflow/example_dags/example_xcom.py for tasks to queue
[2022-10-04T03:49:44.629+0000] {logging_mixin.py:117} INFO - [2022-10-04T03:49:44.629+0000] {dagbag.py:525} INFO - Filling up the DagBag from /usr/local/lib/python3.10/dist-packages/airflow/example_dags/example_xcom.py
[2022-10-04T03:49:44.652+0000] {processor.py:768} INFO - DAG(s) dict_keys(['example_xcom']) retrieved from /usr/local/lib/python3.10/dist-packages/airflow/example_dags/example_xcom.py
[2022-10-04T03:49:44.665+0000] {logging_mixin.py:117} INFO - [2022-10-04T03:49:44.664+0000] {dag.py:2573} INFO - Sync 1 DAGs
[2022-10-04T03:49:44.686+0000] {logging_mixin.py:117} INFO - [2022-10-04T03:49:44.686+0000] {dag.py:3324} INFO - Setting next_dagrun for example_xcom to 2021-01-01T00:00:00+00:00, run_after=2021-01-01T00:00:00+00:00
[2022-10-04T03:49:44.707+0000] {processor.py:178} INFO - Processing /usr/local/lib/python3.10/dist-packages/airflow/example_dags/example_xcom.py took 0.083 seconds
[2022-10-04T03:50:27.917+0000] {processor.py:156} INFO - Started process (PID=1296) to work on /usr/local/lib/python3.10/dist-packages/airflow/example_dags/example_xcom.py
[2022-10-04T03:50:27.918+0000] {processor.py:758} INFO - Processing file /usr/local/lib/python3.10/dist-packages/airflow/example_dags/example_xcom.py for tasks to queue
[2022-10-04T03:50:27.919+0000] {logging_mixin.py:117} INFO - [2022-10-04T03:50:27.919+0000] {dagbag.py:525} INFO - Filling up the DagBag from /usr/local/lib/python3.10/dist-packages/airflow/example_dags/example_xcom.py
[2022-10-04T03:50:27.946+0000] {processor.py:768} INFO - DAG(s) dict_keys(['example_xcom']) retrieved from /usr/local/lib/python3.10/dist-packages/airflow/example_dags/example_xcom.py
[2022-10-04T03:50:27.974+0000] {logging_mixin.py:117} INFO - [2022-10-04T03:50:27.974+0000] {dag.py:2573} INFO - Sync 1 DAGs
[2022-10-04T03:50:27.991+0000] {logging_mixin.py:117} INFO - [2022-10-04T03:50:27.991+0000] {dag.py:3324} INFO - Setting next_dagrun for example_xcom to 2021-01-01T00:00:00+00:00, run_after=2021-01-01T00:00:00+00:00
[2022-10-04T03:50:28.016+0000] {processor.py:178} INFO - Processing /usr/local/lib/python3.10/dist-packages/airflow/example_dags/example_xcom.py took 0.102 seconds
[2022-10-04T03:51:07.322+0000] {processor.py:156} INFO - Started process (PID=1341) to work on /usr/local/lib/python3.10/dist-packages/airflow/example_dags/example_xcom.py
[2022-10-04T03:51:07.324+0000] {processor.py:758} INFO - Processing file /usr/local/lib/python3.10/dist-packages/airflow/example_dags/example_xcom.py for tasks to queue
[2022-10-04T03:51:07.324+0000] {logging_mixin.py:117} INFO - [2022-10-04T03:51:07.324+0000] {dagbag.py:525} INFO - Filling up the DagBag from /usr/local/lib/python3.10/dist-packages/airflow/example_dags/example_xcom.py
[2022-10-04T03:51:07.352+0000] {processor.py:768} INFO - DAG(s) dict_keys(['example_xcom']) retrieved from /usr/local/lib/python3.10/dist-packages/airflow/example_dags/example_xcom.py
[2022-10-04T03:51:07.382+0000] {logging_mixin.py:117} INFO - [2022-10-04T03:51:07.381+0000] {dag.py:2573} INFO - Sync 1 DAGs
[2022-10-04T03:51:07.400+0000] {logging_mixin.py:117} INFO - [2022-10-04T03:51:07.400+0000] {dag.py:3324} INFO - Setting next_dagrun for example_xcom to 2021-01-01T00:00:00+00:00, run_after=2021-01-01T00:00:00+00:00
[2022-10-04T03:51:07.423+0000] {processor.py:178} INFO - Processing /usr/local/lib/python3.10/dist-packages/airflow/example_dags/example_xcom.py took 0.104 seconds
[2022-10-04T03:51:46.226+0000] {processor.py:156} INFO - Started process (PID=1378) to work on /usr/local/lib/python3.10/dist-packages/airflow/example_dags/example_xcom.py
[2022-10-04T03:51:46.227+0000] {processor.py:758} INFO - Processing file /usr/local/lib/python3.10/dist-packages/airflow/example_dags/example_xcom.py for tasks to queue
[2022-10-04T03:51:46.228+0000] {logging_mixin.py:117} INFO - [2022-10-04T03:51:46.227+0000] {dagbag.py:525} INFO - Filling up the DagBag from /usr/local/lib/python3.10/dist-packages/airflow/example_dags/example_xcom.py
[2022-10-04T03:51:46.252+0000] {processor.py:768} INFO - DAG(s) dict_keys(['example_xcom']) retrieved from /usr/local/lib/python3.10/dist-packages/airflow/example_dags/example_xcom.py
[2022-10-04T03:51:46.277+0000] {logging_mixin.py:117} INFO - [2022-10-04T03:51:46.277+0000] {dag.py:2573} INFO - Sync 1 DAGs
[2022-10-04T03:51:46.297+0000] {logging_mixin.py:117} INFO - [2022-10-04T03:51:46.297+0000] {dag.py:3324} INFO - Setting next_dagrun for example_xcom to 2021-01-01T00:00:00+00:00, run_after=2021-01-01T00:00:00+00:00
[2022-10-04T03:51:46.320+0000] {processor.py:178} INFO - Processing /usr/local/lib/python3.10/dist-packages/airflow/example_dags/example_xcom.py took 0.097 seconds
[2022-10-04T03:52:25.357+0000] {processor.py:156} INFO - Started process (PID=1417) to work on /usr/local/lib/python3.10/dist-packages/airflow/example_dags/example_xcom.py
[2022-10-04T03:52:25.358+0000] {processor.py:758} INFO - Processing file /usr/local/lib/python3.10/dist-packages/airflow/example_dags/example_xcom.py for tasks to queue
[2022-10-04T03:52:25.359+0000] {logging_mixin.py:117} INFO - [2022-10-04T03:52:25.359+0000] {dagbag.py:525} INFO - Filling up the DagBag from /usr/local/lib/python3.10/dist-packages/airflow/example_dags/example_xcom.py
[2022-10-04T03:52:25.385+0000] {processor.py:768} INFO - DAG(s) dict_keys(['example_xcom']) retrieved from /usr/local/lib/python3.10/dist-packages/airflow/example_dags/example_xcom.py
[2022-10-04T03:52:25.414+0000] {logging_mixin.py:117} INFO - [2022-10-04T03:52:25.414+0000] {dag.py:2573} INFO - Sync 1 DAGs
[2022-10-04T03:52:25.434+0000] {logging_mixin.py:117} INFO - [2022-10-04T03:52:25.434+0000] {dag.py:3324} INFO - Setting next_dagrun for example_xcom to 2021-01-01T00:00:00+00:00, run_after=2021-01-01T00:00:00+00:00
[2022-10-04T03:52:25.458+0000] {processor.py:178} INFO - Processing /usr/local/lib/python3.10/dist-packages/airflow/example_dags/example_xcom.py took 0.105 seconds
[2022-10-04T03:53:04.021+0000] {processor.py:156} INFO - Started process (PID=1454) to work on /usr/local/lib/python3.10/dist-packages/airflow/example_dags/example_xcom.py
[2022-10-04T03:53:04.022+0000] {processor.py:758} INFO - Processing file /usr/local/lib/python3.10/dist-packages/airflow/example_dags/example_xcom.py for tasks to queue
[2022-10-04T03:53:04.023+0000] {logging_mixin.py:117} INFO - [2022-10-04T03:53:04.023+0000] {dagbag.py:525} INFO - Filling up the DagBag from /usr/local/lib/python3.10/dist-packages/airflow/example_dags/example_xcom.py
[2022-10-04T03:53:04.046+0000] {processor.py:768} INFO - DAG(s) dict_keys(['example_xcom']) retrieved from /usr/local/lib/python3.10/dist-packages/airflow/example_dags/example_xcom.py
[2022-10-04T03:53:04.077+0000] {logging_mixin.py:117} INFO - [2022-10-04T03:53:04.077+0000] {dag.py:2573} INFO - Sync 1 DAGs
[2022-10-04T03:53:04.096+0000] {logging_mixin.py:117} INFO - [2022-10-04T03:53:04.096+0000] {dag.py:3324} INFO - Setting next_dagrun for example_xcom to 2021-01-01T00:00:00+00:00, run_after=2021-01-01T00:00:00+00:00
[2022-10-04T03:53:04.119+0000] {processor.py:178} INFO - Processing /usr/local/lib/python3.10/dist-packages/airflow/example_dags/example_xcom.py took 0.101 seconds
[2022-10-04T03:53:40.499+0000] {processor.py:156} INFO - Started process (PID=1489) to work on /usr/local/lib/python3.10/dist-packages/airflow/example_dags/example_xcom.py
[2022-10-04T03:53:40.500+0000] {processor.py:758} INFO - Processing file /usr/local/lib/python3.10/dist-packages/airflow/example_dags/example_xcom.py for tasks to queue
[2022-10-04T03:53:40.501+0000] {logging_mixin.py:117} INFO - [2022-10-04T03:53:40.501+0000] {dagbag.py:525} INFO - Filling up the DagBag from /usr/local/lib/python3.10/dist-packages/airflow/example_dags/example_xcom.py
[2022-10-04T03:53:40.525+0000] {processor.py:768} INFO - DAG(s) dict_keys(['example_xcom']) retrieved from /usr/local/lib/python3.10/dist-packages/airflow/example_dags/example_xcom.py
[2022-10-04T03:53:40.553+0000] {logging_mixin.py:117} INFO - [2022-10-04T03:53:40.553+0000] {dag.py:2573} INFO - Sync 1 DAGs
[2022-10-04T03:53:40.572+0000] {logging_mixin.py:117} INFO - [2022-10-04T03:53:40.572+0000] {dag.py:3324} INFO - Setting next_dagrun for example_xcom to 2021-01-01T00:00:00+00:00, run_after=2021-01-01T00:00:00+00:00
[2022-10-04T03:53:40.596+0000] {processor.py:178} INFO - Processing /usr/local/lib/python3.10/dist-packages/airflow/example_dags/example_xcom.py took 0.099 seconds
[2022-10-04T03:54:17.214+0000] {processor.py:156} INFO - Started process (PID=1545) to work on /usr/local/lib/python3.10/dist-packages/airflow/example_dags/example_xcom.py
[2022-10-04T03:54:17.215+0000] {processor.py:758} INFO - Processing file /usr/local/lib/python3.10/dist-packages/airflow/example_dags/example_xcom.py for tasks to queue
[2022-10-04T03:54:17.215+0000] {logging_mixin.py:117} INFO - [2022-10-04T03:54:17.215+0000] {dagbag.py:525} INFO - Filling up the DagBag from /usr/local/lib/python3.10/dist-packages/airflow/example_dags/example_xcom.py
[2022-10-04T03:54:17.249+0000] {processor.py:768} INFO - DAG(s) dict_keys(['example_xcom']) retrieved from /usr/local/lib/python3.10/dist-packages/airflow/example_dags/example_xcom.py
[2022-10-04T03:54:17.278+0000] {logging_mixin.py:117} INFO - [2022-10-04T03:54:17.278+0000] {dag.py:2573} INFO - Sync 1 DAGs
[2022-10-04T03:54:17.295+0000] {logging_mixin.py:117} INFO - [2022-10-04T03:54:17.295+0000] {dag.py:3324} INFO - Setting next_dagrun for example_xcom to 2021-01-01T00:00:00+00:00, run_after=2021-01-01T00:00:00+00:00
[2022-10-04T03:54:17.322+0000] {processor.py:178} INFO - Processing /usr/local/lib/python3.10/dist-packages/airflow/example_dags/example_xcom.py took 0.111 seconds
[2022-10-04T03:54:53.750+0000] {processor.py:156} INFO - Started process (PID=1589) to work on /usr/local/lib/python3.10/dist-packages/airflow/example_dags/example_xcom.py
[2022-10-04T03:54:53.752+0000] {processor.py:758} INFO - Processing file /usr/local/lib/python3.10/dist-packages/airflow/example_dags/example_xcom.py for tasks to queue
[2022-10-04T03:54:53.752+0000] {logging_mixin.py:117} INFO - [2022-10-04T03:54:53.752+0000] {dagbag.py:525} INFO - Filling up the DagBag from /usr/local/lib/python3.10/dist-packages/airflow/example_dags/example_xcom.py
[2022-10-04T03:54:53.776+0000] {processor.py:768} INFO - DAG(s) dict_keys(['example_xcom']) retrieved from /usr/local/lib/python3.10/dist-packages/airflow/example_dags/example_xcom.py
[2022-10-04T03:54:53.789+0000] {logging_mixin.py:117} INFO - [2022-10-04T03:54:53.788+0000] {dag.py:2573} INFO - Sync 1 DAGs
[2022-10-04T03:54:53.809+0000] {logging_mixin.py:117} INFO - [2022-10-04T03:54:53.809+0000] {dag.py:3324} INFO - Setting next_dagrun for example_xcom to 2021-01-01T00:00:00+00:00, run_after=2021-01-01T00:00:00+00:00
[2022-10-04T03:54:53.831+0000] {processor.py:178} INFO - Processing /usr/local/lib/python3.10/dist-packages/airflow/example_dags/example_xcom.py took 0.084 seconds
[2022-10-04T04:35:41.484+0000] {processor.py:156} INFO - Started process (PID=1784) to work on /usr/local/lib/python3.10/dist-packages/airflow/example_dags/example_xcom.py
[2022-10-04T04:35:41.485+0000] {processor.py:758} INFO - Processing file /usr/local/lib/python3.10/dist-packages/airflow/example_dags/example_xcom.py for tasks to queue
[2022-10-04T04:35:41.486+0000] {logging_mixin.py:117} INFO - [2022-10-04T04:35:41.486+0000] {dagbag.py:525} INFO - Filling up the DagBag from /usr/local/lib/python3.10/dist-packages/airflow/example_dags/example_xcom.py
[2022-10-04T04:35:41.511+0000] {processor.py:768} INFO - DAG(s) dict_keys(['example_xcom']) retrieved from /usr/local/lib/python3.10/dist-packages/airflow/example_dags/example_xcom.py
[2022-10-04T04:35:41.526+0000] {logging_mixin.py:117} INFO - [2022-10-04T04:35:41.526+0000] {dag.py:2573} INFO - Sync 1 DAGs
[2022-10-04T04:35:41.554+0000] {logging_mixin.py:117} INFO - [2022-10-04T04:35:41.554+0000] {dag.py:3324} INFO - Setting next_dagrun for example_xcom to 2021-01-01T00:00:00+00:00, run_after=2021-01-01T00:00:00+00:00
[2022-10-04T04:35:41.579+0000] {processor.py:178} INFO - Processing /usr/local/lib/python3.10/dist-packages/airflow/example_dags/example_xcom.py took 0.099 seconds
[2022-10-04T04:37:22.194+0000] {processor.py:156} INFO - Started process (PID=1874) to work on /usr/local/lib/python3.10/dist-packages/airflow/example_dags/example_xcom.py
[2022-10-04T04:37:22.196+0000] {processor.py:758} INFO - Processing file /usr/local/lib/python3.10/dist-packages/airflow/example_dags/example_xcom.py for tasks to queue
[2022-10-04T04:37:22.196+0000] {logging_mixin.py:117} INFO - [2022-10-04T04:37:22.196+0000] {dagbag.py:525} INFO - Filling up the DagBag from /usr/local/lib/python3.10/dist-packages/airflow/example_dags/example_xcom.py
[2022-10-04T04:37:22.219+0000] {processor.py:768} INFO - DAG(s) dict_keys(['example_xcom']) retrieved from /usr/local/lib/python3.10/dist-packages/airflow/example_dags/example_xcom.py
[2022-10-04T04:37:22.245+0000] {logging_mixin.py:117} INFO - [2022-10-04T04:37:22.245+0000] {dag.py:2573} INFO - Sync 1 DAGs
[2022-10-04T04:37:22.261+0000] {logging_mixin.py:117} INFO - [2022-10-04T04:37:22.261+0000] {dag.py:3324} INFO - Setting next_dagrun for example_xcom to 2021-01-01T00:00:00+00:00, run_after=2021-01-01T00:00:00+00:00
[2022-10-04T04:37:22.282+0000] {processor.py:178} INFO - Processing /usr/local/lib/python3.10/dist-packages/airflow/example_dags/example_xcom.py took 0.091 seconds
[2022-10-04T04:45:57.129+0000] {processor.py:156} INFO - Started process (PID=2004) to work on /usr/local/lib/python3.10/dist-packages/airflow/example_dags/example_xcom.py
[2022-10-04T04:45:57.131+0000] {processor.py:758} INFO - Processing file /usr/local/lib/python3.10/dist-packages/airflow/example_dags/example_xcom.py for tasks to queue
[2022-10-04T04:45:57.131+0000] {logging_mixin.py:117} INFO - [2022-10-04T04:45:57.131+0000] {dagbag.py:525} INFO - Filling up the DagBag from /usr/local/lib/python3.10/dist-packages/airflow/example_dags/example_xcom.py
[2022-10-04T04:45:57.149+0000] {processor.py:768} INFO - DAG(s) dict_keys(['example_xcom']) retrieved from /usr/local/lib/python3.10/dist-packages/airflow/example_dags/example_xcom.py
[2022-10-04T04:45:57.175+0000] {logging_mixin.py:117} INFO - [2022-10-04T04:45:57.175+0000] {dag.py:2573} INFO - Sync 1 DAGs
[2022-10-04T04:45:57.190+0000] {logging_mixin.py:117} INFO - [2022-10-04T04:45:57.190+0000] {dag.py:3324} INFO - Setting next_dagrun for example_xcom to 2021-01-01T00:00:00+00:00, run_after=2021-01-01T00:00:00+00:00
[2022-10-04T04:45:57.217+0000] {processor.py:178} INFO - Processing /usr/local/lib/python3.10/dist-packages/airflow/example_dags/example_xcom.py took 0.090 seconds
[2022-10-04T04:46:33.533+0000] {processor.py:156} INFO - Started process (PID=2041) to work on /usr/local/lib/python3.10/dist-packages/airflow/example_dags/example_xcom.py
[2022-10-04T04:46:33.534+0000] {processor.py:758} INFO - Processing file /usr/local/lib/python3.10/dist-packages/airflow/example_dags/example_xcom.py for tasks to queue
[2022-10-04T04:46:33.535+0000] {logging_mixin.py:117} INFO - [2022-10-04T04:46:33.535+0000] {dagbag.py:525} INFO - Filling up the DagBag from /usr/local/lib/python3.10/dist-packages/airflow/example_dags/example_xcom.py
[2022-10-04T04:46:33.556+0000] {processor.py:768} INFO - DAG(s) dict_keys(['example_xcom']) retrieved from /usr/local/lib/python3.10/dist-packages/airflow/example_dags/example_xcom.py
[2022-10-04T04:46:33.578+0000] {logging_mixin.py:117} INFO - [2022-10-04T04:46:33.578+0000] {dag.py:2573} INFO - Sync 1 DAGs
[2022-10-04T04:46:33.593+0000] {logging_mixin.py:117} INFO - [2022-10-04T04:46:33.593+0000] {dag.py:3324} INFO - Setting next_dagrun for example_xcom to 2021-01-01T00:00:00+00:00, run_after=2021-01-01T00:00:00+00:00
[2022-10-04T04:46:33.615+0000] {processor.py:178} INFO - Processing /usr/local/lib/python3.10/dist-packages/airflow/example_dags/example_xcom.py took 0.085 seconds
[2022-10-04T04:47:12.038+0000] {processor.py:156} INFO - Started process (PID=2079) to work on /usr/local/lib/python3.10/dist-packages/airflow/example_dags/example_xcom.py
[2022-10-04T04:47:12.040+0000] {processor.py:758} INFO - Processing file /usr/local/lib/python3.10/dist-packages/airflow/example_dags/example_xcom.py for tasks to queue
[2022-10-04T04:47:12.040+0000] {logging_mixin.py:117} INFO - [2022-10-04T04:47:12.040+0000] {dagbag.py:525} INFO - Filling up the DagBag from /usr/local/lib/python3.10/dist-packages/airflow/example_dags/example_xcom.py
[2022-10-04T04:47:12.058+0000] {processor.py:768} INFO - DAG(s) dict_keys(['example_xcom']) retrieved from /usr/local/lib/python3.10/dist-packages/airflow/example_dags/example_xcom.py
[2022-10-04T04:47:12.079+0000] {logging_mixin.py:117} INFO - [2022-10-04T04:47:12.078+0000] {dag.py:2573} INFO - Sync 1 DAGs
[2022-10-04T04:47:12.093+0000] {logging_mixin.py:117} INFO - [2022-10-04T04:47:12.093+0000] {dag.py:3324} INFO - Setting next_dagrun for example_xcom to 2021-01-01T00:00:00+00:00, run_after=2021-01-01T00:00:00+00:00
[2022-10-04T04:47:12.115+0000] {processor.py:178} INFO - Processing /usr/local/lib/python3.10/dist-packages/airflow/example_dags/example_xcom.py took 0.079 seconds
[2022-10-04T04:47:50.710+0000] {processor.py:156} INFO - Started process (PID=2116) to work on /usr/local/lib/python3.10/dist-packages/airflow/example_dags/example_xcom.py
[2022-10-04T04:47:50.711+0000] {processor.py:758} INFO - Processing file /usr/local/lib/python3.10/dist-packages/airflow/example_dags/example_xcom.py for tasks to queue
[2022-10-04T04:47:50.712+0000] {logging_mixin.py:117} INFO - [2022-10-04T04:47:50.712+0000] {dagbag.py:525} INFO - Filling up the DagBag from /usr/local/lib/python3.10/dist-packages/airflow/example_dags/example_xcom.py
[2022-10-04T04:47:50.732+0000] {processor.py:768} INFO - DAG(s) dict_keys(['example_xcom']) retrieved from /usr/local/lib/python3.10/dist-packages/airflow/example_dags/example_xcom.py
[2022-10-04T04:47:50.754+0000] {logging_mixin.py:117} INFO - [2022-10-04T04:47:50.754+0000] {dag.py:2573} INFO - Sync 1 DAGs
[2022-10-04T04:47:50.770+0000] {logging_mixin.py:117} INFO - [2022-10-04T04:47:50.770+0000] {dag.py:3324} INFO - Setting next_dagrun for example_xcom to 2021-01-01T00:00:00+00:00, run_after=2021-01-01T00:00:00+00:00
[2022-10-04T04:47:50.810+0000] {processor.py:178} INFO - Processing /usr/local/lib/python3.10/dist-packages/airflow/example_dags/example_xcom.py took 0.104 seconds
[2022-10-04T04:48:28.412+0000] {processor.py:156} INFO - Started process (PID=2154) to work on /usr/local/lib/python3.10/dist-packages/airflow/example_dags/example_xcom.py
[2022-10-04T04:48:28.413+0000] {processor.py:758} INFO - Processing file /usr/local/lib/python3.10/dist-packages/airflow/example_dags/example_xcom.py for tasks to queue
[2022-10-04T04:48:28.414+0000] {logging_mixin.py:117} INFO - [2022-10-04T04:48:28.414+0000] {dagbag.py:525} INFO - Filling up the DagBag from /usr/local/lib/python3.10/dist-packages/airflow/example_dags/example_xcom.py
[2022-10-04T04:48:28.433+0000] {processor.py:768} INFO - DAG(s) dict_keys(['example_xcom']) retrieved from /usr/local/lib/python3.10/dist-packages/airflow/example_dags/example_xcom.py
[2022-10-04T04:48:28.454+0000] {logging_mixin.py:117} INFO - [2022-10-04T04:48:28.454+0000] {dag.py:2573} INFO - Sync 1 DAGs
[2022-10-04T04:48:28.471+0000] {logging_mixin.py:117} INFO - [2022-10-04T04:48:28.470+0000] {dag.py:3324} INFO - Setting next_dagrun for example_xcom to 2021-01-01T00:00:00+00:00, run_after=2021-01-01T00:00:00+00:00
[2022-10-04T04:48:28.493+0000] {processor.py:178} INFO - Processing /usr/local/lib/python3.10/dist-packages/airflow/example_dags/example_xcom.py took 0.083 seconds
[2022-10-04T04:49:04.291+0000] {processor.py:156} INFO - Started process (PID=2192) to work on /usr/local/lib/python3.10/dist-packages/airflow/example_dags/example_xcom.py
[2022-10-04T04:49:04.293+0000] {processor.py:758} INFO - Processing file /usr/local/lib/python3.10/dist-packages/airflow/example_dags/example_xcom.py for tasks to queue
[2022-10-04T04:49:04.293+0000] {logging_mixin.py:117} INFO - [2022-10-04T04:49:04.293+0000] {dagbag.py:525} INFO - Filling up the DagBag from /usr/local/lib/python3.10/dist-packages/airflow/example_dags/example_xcom.py
[2022-10-04T04:49:04.312+0000] {processor.py:768} INFO - DAG(s) dict_keys(['example_xcom']) retrieved from /usr/local/lib/python3.10/dist-packages/airflow/example_dags/example_xcom.py
[2022-10-04T04:49:04.336+0000] {logging_mixin.py:117} INFO - [2022-10-04T04:49:04.336+0000] {dag.py:2573} INFO - Sync 1 DAGs
[2022-10-04T04:49:04.353+0000] {logging_mixin.py:117} INFO - [2022-10-04T04:49:04.352+0000] {dag.py:3324} INFO - Setting next_dagrun for example_xcom to 2021-01-01T00:00:00+00:00, run_after=2021-01-01T00:00:00+00:00
[2022-10-04T04:49:04.377+0000] {processor.py:178} INFO - Processing /usr/local/lib/python3.10/dist-packages/airflow/example_dags/example_xcom.py took 0.089 seconds
[2022-10-04T04:49:42.681+0000] {processor.py:156} INFO - Started process (PID=2229) to work on /usr/local/lib/python3.10/dist-packages/airflow/example_dags/example_xcom.py
[2022-10-04T04:49:42.686+0000] {processor.py:758} INFO - Processing file /usr/local/lib/python3.10/dist-packages/airflow/example_dags/example_xcom.py for tasks to queue
[2022-10-04T04:49:42.690+0000] {logging_mixin.py:117} INFO - [2022-10-04T04:49:42.690+0000] {dagbag.py:525} INFO - Filling up the DagBag from /usr/local/lib/python3.10/dist-packages/airflow/example_dags/example_xcom.py
[2022-10-04T04:49:42.717+0000] {processor.py:768} INFO - DAG(s) dict_keys(['example_xcom']) retrieved from /usr/local/lib/python3.10/dist-packages/airflow/example_dags/example_xcom.py
[2022-10-04T04:49:42.742+0000] {logging_mixin.py:117} INFO - [2022-10-04T04:49:42.742+0000] {dag.py:2573} INFO - Sync 1 DAGs
[2022-10-04T04:49:42.759+0000] {logging_mixin.py:117} INFO - [2022-10-04T04:49:42.759+0000] {dag.py:3324} INFO - Setting next_dagrun for example_xcom to 2021-01-01T00:00:00+00:00, run_after=2021-01-01T00:00:00+00:00
[2022-10-04T04:49:42.782+0000] {processor.py:178} INFO - Processing /usr/local/lib/python3.10/dist-packages/airflow/example_dags/example_xcom.py took 0.104 seconds
[2022-10-04T04:50:20.243+0000] {processor.py:156} INFO - Started process (PID=2267) to work on /usr/local/lib/python3.10/dist-packages/airflow/example_dags/example_xcom.py
[2022-10-04T04:50:20.244+0000] {processor.py:758} INFO - Processing file /usr/local/lib/python3.10/dist-packages/airflow/example_dags/example_xcom.py for tasks to queue
[2022-10-04T04:50:20.245+0000] {logging_mixin.py:117} INFO - [2022-10-04T04:50:20.245+0000] {dagbag.py:525} INFO - Filling up the DagBag from /usr/local/lib/python3.10/dist-packages/airflow/example_dags/example_xcom.py
[2022-10-04T04:50:20.278+0000] {processor.py:768} INFO - DAG(s) dict_keys(['example_xcom']) retrieved from /usr/local/lib/python3.10/dist-packages/airflow/example_dags/example_xcom.py
[2022-10-04T04:50:20.338+0000] {logging_mixin.py:117} INFO - [2022-10-04T04:50:20.338+0000] {dag.py:2573} INFO - Sync 1 DAGs
[2022-10-04T04:50:20.368+0000] {logging_mixin.py:117} INFO - [2022-10-04T04:50:20.368+0000] {dag.py:3324} INFO - Setting next_dagrun for example_xcom to 2021-01-01T00:00:00+00:00, run_after=2021-01-01T00:00:00+00:00
[2022-10-04T04:50:20.405+0000] {processor.py:178} INFO - Processing /usr/local/lib/python3.10/dist-packages/airflow/example_dags/example_xcom.py took 0.166 seconds
[2022-10-04T04:50:55.625+0000] {processor.py:156} INFO - Started process (PID=2302) to work on /usr/local/lib/python3.10/dist-packages/airflow/example_dags/example_xcom.py
[2022-10-04T04:50:55.627+0000] {processor.py:758} INFO - Processing file /usr/local/lib/python3.10/dist-packages/airflow/example_dags/example_xcom.py for tasks to queue
[2022-10-04T04:50:55.627+0000] {logging_mixin.py:117} INFO - [2022-10-04T04:50:55.627+0000] {dagbag.py:525} INFO - Filling up the DagBag from /usr/local/lib/python3.10/dist-packages/airflow/example_dags/example_xcom.py
[2022-10-04T04:50:55.646+0000] {processor.py:768} INFO - DAG(s) dict_keys(['example_xcom']) retrieved from /usr/local/lib/python3.10/dist-packages/airflow/example_dags/example_xcom.py
[2022-10-04T04:50:55.667+0000] {logging_mixin.py:117} INFO - [2022-10-04T04:50:55.666+0000] {dag.py:2573} INFO - Sync 1 DAGs
[2022-10-04T04:50:55.681+0000] {logging_mixin.py:117} INFO - [2022-10-04T04:50:55.681+0000] {dag.py:3324} INFO - Setting next_dagrun for example_xcom to 2021-01-01T00:00:00+00:00, run_after=2021-01-01T00:00:00+00:00
[2022-10-04T04:50:55.702+0000] {processor.py:178} INFO - Processing /usr/local/lib/python3.10/dist-packages/airflow/example_dags/example_xcom.py took 0.079 seconds
[2022-10-04T04:51:32.865+0000] {processor.py:156} INFO - Started process (PID=2340) to work on /usr/local/lib/python3.10/dist-packages/airflow/example_dags/example_xcom.py
[2022-10-04T04:51:32.866+0000] {processor.py:758} INFO - Processing file /usr/local/lib/python3.10/dist-packages/airflow/example_dags/example_xcom.py for tasks to queue
[2022-10-04T04:51:32.866+0000] {logging_mixin.py:117} INFO - [2022-10-04T04:51:32.866+0000] {dagbag.py:525} INFO - Filling up the DagBag from /usr/local/lib/python3.10/dist-packages/airflow/example_dags/example_xcom.py
[2022-10-04T04:51:32.884+0000] {processor.py:768} INFO - DAG(s) dict_keys(['example_xcom']) retrieved from /usr/local/lib/python3.10/dist-packages/airflow/example_dags/example_xcom.py
[2022-10-04T04:51:32.905+0000] {logging_mixin.py:117} INFO - [2022-10-04T04:51:32.905+0000] {dag.py:2573} INFO - Sync 1 DAGs
[2022-10-04T04:51:32.920+0000] {logging_mixin.py:117} INFO - [2022-10-04T04:51:32.920+0000] {dag.py:3324} INFO - Setting next_dagrun for example_xcom to 2021-01-01T00:00:00+00:00, run_after=2021-01-01T00:00:00+00:00
[2022-10-04T04:51:32.943+0000] {processor.py:178} INFO - Processing /usr/local/lib/python3.10/dist-packages/airflow/example_dags/example_xcom.py took 0.081 seconds
[2022-10-04T04:52:08.001+0000] {processor.py:156} INFO - Started process (PID=2375) to work on /usr/local/lib/python3.10/dist-packages/airflow/example_dags/example_xcom.py
[2022-10-04T04:52:08.002+0000] {processor.py:758} INFO - Processing file /usr/local/lib/python3.10/dist-packages/airflow/example_dags/example_xcom.py for tasks to queue
[2022-10-04T04:52:08.003+0000] {logging_mixin.py:117} INFO - [2022-10-04T04:52:08.003+0000] {dagbag.py:525} INFO - Filling up the DagBag from /usr/local/lib/python3.10/dist-packages/airflow/example_dags/example_xcom.py
[2022-10-04T04:52:08.023+0000] {processor.py:768} INFO - DAG(s) dict_keys(['example_xcom']) retrieved from /usr/local/lib/python3.10/dist-packages/airflow/example_dags/example_xcom.py
[2022-10-04T04:52:08.047+0000] {logging_mixin.py:117} INFO - [2022-10-04T04:52:08.047+0000] {dag.py:2573} INFO - Sync 1 DAGs
[2022-10-04T04:52:08.064+0000] {logging_mixin.py:117} INFO - [2022-10-04T04:52:08.064+0000] {dag.py:3324} INFO - Setting next_dagrun for example_xcom to 2021-01-01T00:00:00+00:00, run_after=2021-01-01T00:00:00+00:00
[2022-10-04T04:52:08.095+0000] {processor.py:178} INFO - Processing /usr/local/lib/python3.10/dist-packages/airflow/example_dags/example_xcom.py took 0.097 seconds
[2022-10-04T04:52:43.434+0000] {processor.py:156} INFO - Started process (PID=2409) to work on /usr/local/lib/python3.10/dist-packages/airflow/example_dags/example_xcom.py
[2022-10-04T04:52:43.435+0000] {processor.py:758} INFO - Processing file /usr/local/lib/python3.10/dist-packages/airflow/example_dags/example_xcom.py for tasks to queue
[2022-10-04T04:52:43.436+0000] {logging_mixin.py:117} INFO - [2022-10-04T04:52:43.436+0000] {dagbag.py:525} INFO - Filling up the DagBag from /usr/local/lib/python3.10/dist-packages/airflow/example_dags/example_xcom.py
[2022-10-04T04:52:43.456+0000] {processor.py:768} INFO - DAG(s) dict_keys(['example_xcom']) retrieved from /usr/local/lib/python3.10/dist-packages/airflow/example_dags/example_xcom.py
[2022-10-04T04:52:43.485+0000] {logging_mixin.py:117} INFO - [2022-10-04T04:52:43.485+0000] {dag.py:2573} INFO - Sync 1 DAGs
[2022-10-04T04:52:43.501+0000] {logging_mixin.py:117} INFO - [2022-10-04T04:52:43.500+0000] {dag.py:3324} INFO - Setting next_dagrun for example_xcom to 2021-01-01T00:00:00+00:00, run_after=2021-01-01T00:00:00+00:00
[2022-10-04T04:52:43.523+0000] {processor.py:178} INFO - Processing /usr/local/lib/python3.10/dist-packages/airflow/example_dags/example_xcom.py took 0.093 seconds
[2022-10-04T04:53:20.476+0000] {processor.py:156} INFO - Started process (PID=2445) to work on /usr/local/lib/python3.10/dist-packages/airflow/example_dags/example_xcom.py
[2022-10-04T04:53:20.477+0000] {processor.py:758} INFO - Processing file /usr/local/lib/python3.10/dist-packages/airflow/example_dags/example_xcom.py for tasks to queue
[2022-10-04T04:53:20.477+0000] {logging_mixin.py:117} INFO - [2022-10-04T04:53:20.477+0000] {dagbag.py:525} INFO - Filling up the DagBag from /usr/local/lib/python3.10/dist-packages/airflow/example_dags/example_xcom.py
[2022-10-04T04:53:20.496+0000] {processor.py:768} INFO - DAG(s) dict_keys(['example_xcom']) retrieved from /usr/local/lib/python3.10/dist-packages/airflow/example_dags/example_xcom.py
[2022-10-04T04:53:20.520+0000] {logging_mixin.py:117} INFO - [2022-10-04T04:53:20.520+0000] {dag.py:2573} INFO - Sync 1 DAGs
[2022-10-04T04:53:20.537+0000] {logging_mixin.py:117} INFO - [2022-10-04T04:53:20.537+0000] {dag.py:3324} INFO - Setting next_dagrun for example_xcom to 2021-01-01T00:00:00+00:00, run_after=2021-01-01T00:00:00+00:00
[2022-10-04T04:53:20.558+0000] {processor.py:178} INFO - Processing /usr/local/lib/python3.10/dist-packages/airflow/example_dags/example_xcom.py took 0.087 seconds
[2022-10-04T04:53:59.247+0000] {processor.py:156} INFO - Started process (PID=2485) to work on /usr/local/lib/python3.10/dist-packages/airflow/example_dags/example_xcom.py
[2022-10-04T04:53:59.248+0000] {processor.py:758} INFO - Processing file /usr/local/lib/python3.10/dist-packages/airflow/example_dags/example_xcom.py for tasks to queue
[2022-10-04T04:53:59.249+0000] {logging_mixin.py:117} INFO - [2022-10-04T04:53:59.249+0000] {dagbag.py:525} INFO - Filling up the DagBag from /usr/local/lib/python3.10/dist-packages/airflow/example_dags/example_xcom.py
[2022-10-04T04:53:59.271+0000] {processor.py:768} INFO - DAG(s) dict_keys(['example_xcom']) retrieved from /usr/local/lib/python3.10/dist-packages/airflow/example_dags/example_xcom.py
[2022-10-04T04:53:59.296+0000] {logging_mixin.py:117} INFO - [2022-10-04T04:53:59.295+0000] {dag.py:2573} INFO - Sync 1 DAGs
[2022-10-04T04:53:59.320+0000] {logging_mixin.py:117} INFO - [2022-10-04T04:53:59.320+0000] {dag.py:3324} INFO - Setting next_dagrun for example_xcom to 2021-01-01T00:00:00+00:00, run_after=2021-01-01T00:00:00+00:00
[2022-10-04T04:53:59.349+0000] {processor.py:178} INFO - Processing /usr/local/lib/python3.10/dist-packages/airflow/example_dags/example_xcom.py took 0.105 seconds
