[2022-10-04T03:09:09.858+0000] {processor.py:156} INFO - Started process (PID=7687) to work on /usr/local/lib/python3.10/dist-packages/airflow/example_dags/example_python_operator.py
[2022-10-04T03:09:09.859+0000] {processor.py:758} INFO - Processing file /usr/local/lib/python3.10/dist-packages/airflow/example_dags/example_python_operator.py for tasks to queue
[2022-10-04T03:09:09.859+0000] {logging_mixin.py:117} INFO - [2022-10-04T03:09:09.859+0000] {dagbag.py:525} INFO - Filling up the DagBag from /usr/local/lib/python3.10/dist-packages/airflow/example_dags/example_python_operator.py
[2022-10-04T03:09:09.876+0000] {logging_mixin.py:117} INFO - [2022-10-04T03:09:09.876+0000] {example_python_operator.py:76} WARNING - The virtalenv_python example task requires virtualenv, please install it.
[2022-10-04T03:09:09.882+0000] {processor.py:768} INFO - DAG(s) dict_keys(['example_python_operator']) retrieved from /usr/local/lib/python3.10/dist-packages/airflow/example_dags/example_python_operator.py
[2022-10-04T03:09:09.986+0000] {logging_mixin.py:117} INFO - [2022-10-04T03:09:09.986+0000] {manager.py:508} INFO - Created Permission View: can read on DAG:example_python_operator
[2022-10-04T03:09:09.999+0000] {logging_mixin.py:117} INFO - [2022-10-04T03:09:09.998+0000] {manager.py:508} INFO - Created Permission View: can delete on DAG:example_python_operator
[2022-10-04T03:09:10.014+0000] {logging_mixin.py:117} INFO - [2022-10-04T03:09:10.013+0000] {manager.py:508} INFO - Created Permission View: can edit on DAG:example_python_operator
[2022-10-04T03:09:10.014+0000] {logging_mixin.py:117} INFO - [2022-10-04T03:09:10.014+0000] {dag.py:2573} INFO - Sync 1 DAGs
[2022-10-04T03:09:10.023+0000] {logging_mixin.py:117} INFO - [2022-10-04T03:09:10.023+0000] {dag.py:2594} INFO - Creating ORM DAG for example_python_operator
[2022-10-04T03:09:10.032+0000] {logging_mixin.py:117} INFO - [2022-10-04T03:09:10.031+0000] {dag.py:3324} INFO - Setting next_dagrun for example_python_operator to None, run_after=None
[2022-10-04T03:09:10.054+0000] {processor.py:178} INFO - Processing /usr/local/lib/python3.10/dist-packages/airflow/example_dags/example_python_operator.py took 0.199 seconds
[2022-10-04T03:09:50.867+0000] {processor.py:156} INFO - Started process (PID=7725) to work on /usr/local/lib/python3.10/dist-packages/airflow/example_dags/example_python_operator.py
[2022-10-04T03:09:50.869+0000] {processor.py:758} INFO - Processing file /usr/local/lib/python3.10/dist-packages/airflow/example_dags/example_python_operator.py for tasks to queue
[2022-10-04T03:09:50.869+0000] {logging_mixin.py:117} INFO - [2022-10-04T03:09:50.869+0000] {dagbag.py:525} INFO - Filling up the DagBag from /usr/local/lib/python3.10/dist-packages/airflow/example_dags/example_python_operator.py
[2022-10-04T03:09:50.887+0000] {logging_mixin.py:117} INFO - [2022-10-04T03:09:50.887+0000] {example_python_operator.py:76} WARNING - The virtalenv_python example task requires virtualenv, please install it.
[2022-10-04T03:09:50.894+0000] {processor.py:768} INFO - DAG(s) dict_keys(['example_python_operator']) retrieved from /usr/local/lib/python3.10/dist-packages/airflow/example_dags/example_python_operator.py
[2022-10-04T03:09:50.919+0000] {logging_mixin.py:117} INFO - [2022-10-04T03:09:50.919+0000] {dag.py:2573} INFO - Sync 1 DAGs
[2022-10-04T03:09:50.936+0000] {logging_mixin.py:117} INFO - [2022-10-04T03:09:50.936+0000] {dag.py:3324} INFO - Setting next_dagrun for example_python_operator to None, run_after=None
[2022-10-04T03:09:50.960+0000] {processor.py:178} INFO - Processing /usr/local/lib/python3.10/dist-packages/airflow/example_dags/example_python_operator.py took 0.095 seconds
[2022-10-04T03:10:29.491+0000] {processor.py:156} INFO - Started process (PID=7774) to work on /usr/local/lib/python3.10/dist-packages/airflow/example_dags/example_python_operator.py
[2022-10-04T03:10:29.492+0000] {processor.py:758} INFO - Processing file /usr/local/lib/python3.10/dist-packages/airflow/example_dags/example_python_operator.py for tasks to queue
[2022-10-04T03:10:29.493+0000] {logging_mixin.py:117} INFO - [2022-10-04T03:10:29.493+0000] {dagbag.py:525} INFO - Filling up the DagBag from /usr/local/lib/python3.10/dist-packages/airflow/example_dags/example_python_operator.py
[2022-10-04T03:10:29.513+0000] {logging_mixin.py:117} INFO - [2022-10-04T03:10:29.513+0000] {example_python_operator.py:76} WARNING - The virtalenv_python example task requires virtualenv, please install it.
[2022-10-04T03:10:29.520+0000] {processor.py:768} INFO - DAG(s) dict_keys(['example_python_operator']) retrieved from /usr/local/lib/python3.10/dist-packages/airflow/example_dags/example_python_operator.py
[2022-10-04T03:10:29.543+0000] {logging_mixin.py:117} INFO - [2022-10-04T03:10:29.543+0000] {dag.py:2573} INFO - Sync 1 DAGs
[2022-10-04T03:10:29.562+0000] {logging_mixin.py:117} INFO - [2022-10-04T03:10:29.562+0000] {dag.py:3324} INFO - Setting next_dagrun for example_python_operator to None, run_after=None
[2022-10-04T03:10:29.588+0000] {processor.py:178} INFO - Processing /usr/local/lib/python3.10/dist-packages/airflow/example_dags/example_python_operator.py took 0.099 seconds
[2022-10-04T03:11:10.611+0000] {processor.py:156} INFO - Started process (PID=7816) to work on /usr/local/lib/python3.10/dist-packages/airflow/example_dags/example_python_operator.py
[2022-10-04T03:11:10.612+0000] {processor.py:758} INFO - Processing file /usr/local/lib/python3.10/dist-packages/airflow/example_dags/example_python_operator.py for tasks to queue
[2022-10-04T03:11:10.612+0000] {logging_mixin.py:117} INFO - [2022-10-04T03:11:10.612+0000] {dagbag.py:525} INFO - Filling up the DagBag from /usr/local/lib/python3.10/dist-packages/airflow/example_dags/example_python_operator.py
[2022-10-04T03:11:10.631+0000] {logging_mixin.py:117} INFO - [2022-10-04T03:11:10.631+0000] {example_python_operator.py:76} WARNING - The virtalenv_python example task requires virtualenv, please install it.
[2022-10-04T03:11:10.637+0000] {processor.py:768} INFO - DAG(s) dict_keys(['example_python_operator']) retrieved from /usr/local/lib/python3.10/dist-packages/airflow/example_dags/example_python_operator.py
[2022-10-04T03:11:10.658+0000] {logging_mixin.py:117} INFO - [2022-10-04T03:11:10.657+0000] {dag.py:2573} INFO - Sync 1 DAGs
[2022-10-04T03:11:10.696+0000] {logging_mixin.py:117} INFO - [2022-10-04T03:11:10.696+0000] {dag.py:3324} INFO - Setting next_dagrun for example_python_operator to None, run_after=None
[2022-10-04T03:11:10.729+0000] {processor.py:178} INFO - Processing /usr/local/lib/python3.10/dist-packages/airflow/example_dags/example_python_operator.py took 0.121 seconds
[2022-10-04T03:11:49.926+0000] {processor.py:156} INFO - Started process (PID=7854) to work on /usr/local/lib/python3.10/dist-packages/airflow/example_dags/example_python_operator.py
[2022-10-04T03:11:49.927+0000] {processor.py:758} INFO - Processing file /usr/local/lib/python3.10/dist-packages/airflow/example_dags/example_python_operator.py for tasks to queue
[2022-10-04T03:11:49.928+0000] {logging_mixin.py:117} INFO - [2022-10-04T03:11:49.927+0000] {dagbag.py:525} INFO - Filling up the DagBag from /usr/local/lib/python3.10/dist-packages/airflow/example_dags/example_python_operator.py
[2022-10-04T03:11:49.946+0000] {logging_mixin.py:117} INFO - [2022-10-04T03:11:49.946+0000] {example_python_operator.py:76} WARNING - The virtalenv_python example task requires virtualenv, please install it.
[2022-10-04T03:11:49.952+0000] {processor.py:768} INFO - DAG(s) dict_keys(['example_python_operator']) retrieved from /usr/local/lib/python3.10/dist-packages/airflow/example_dags/example_python_operator.py
[2022-10-04T03:11:49.976+0000] {logging_mixin.py:117} INFO - [2022-10-04T03:11:49.975+0000] {dag.py:2573} INFO - Sync 1 DAGs
[2022-10-04T03:11:49.995+0000] {logging_mixin.py:117} INFO - [2022-10-04T03:11:49.995+0000] {dag.py:3324} INFO - Setting next_dagrun for example_python_operator to None, run_after=None
[2022-10-04T03:11:50.033+0000] {processor.py:178} INFO - Processing /usr/local/lib/python3.10/dist-packages/airflow/example_dags/example_python_operator.py took 0.110 seconds
[2022-10-04T03:12:28.190+0000] {processor.py:156} INFO - Started process (PID=7895) to work on /usr/local/lib/python3.10/dist-packages/airflow/example_dags/example_python_operator.py
[2022-10-04T03:12:28.191+0000] {processor.py:758} INFO - Processing file /usr/local/lib/python3.10/dist-packages/airflow/example_dags/example_python_operator.py for tasks to queue
[2022-10-04T03:12:28.192+0000] {logging_mixin.py:117} INFO - [2022-10-04T03:12:28.192+0000] {dagbag.py:525} INFO - Filling up the DagBag from /usr/local/lib/python3.10/dist-packages/airflow/example_dags/example_python_operator.py
[2022-10-04T03:12:28.210+0000] {logging_mixin.py:117} INFO - [2022-10-04T03:12:28.209+0000] {example_python_operator.py:76} WARNING - The virtalenv_python example task requires virtualenv, please install it.
[2022-10-04T03:12:28.215+0000] {processor.py:768} INFO - DAG(s) dict_keys(['example_python_operator']) retrieved from /usr/local/lib/python3.10/dist-packages/airflow/example_dags/example_python_operator.py
[2022-10-04T03:12:28.237+0000] {logging_mixin.py:117} INFO - [2022-10-04T03:12:28.237+0000] {dag.py:2573} INFO - Sync 1 DAGs
[2022-10-04T03:12:28.255+0000] {logging_mixin.py:117} INFO - [2022-10-04T03:12:28.255+0000] {dag.py:3324} INFO - Setting next_dagrun for example_python_operator to None, run_after=None
[2022-10-04T03:12:28.276+0000] {processor.py:178} INFO - Processing /usr/local/lib/python3.10/dist-packages/airflow/example_dags/example_python_operator.py took 0.088 seconds
[2022-10-04T03:13:05.610+0000] {processor.py:156} INFO - Started process (PID=7931) to work on /usr/local/lib/python3.10/dist-packages/airflow/example_dags/example_python_operator.py
[2022-10-04T03:13:05.612+0000] {processor.py:758} INFO - Processing file /usr/local/lib/python3.10/dist-packages/airflow/example_dags/example_python_operator.py for tasks to queue
[2022-10-04T03:13:05.612+0000] {logging_mixin.py:117} INFO - [2022-10-04T03:13:05.612+0000] {dagbag.py:525} INFO - Filling up the DagBag from /usr/local/lib/python3.10/dist-packages/airflow/example_dags/example_python_operator.py
[2022-10-04T03:13:05.629+0000] {logging_mixin.py:117} INFO - [2022-10-04T03:13:05.629+0000] {example_python_operator.py:76} WARNING - The virtalenv_python example task requires virtualenv, please install it.
[2022-10-04T03:13:05.634+0000] {processor.py:768} INFO - DAG(s) dict_keys(['example_python_operator']) retrieved from /usr/local/lib/python3.10/dist-packages/airflow/example_dags/example_python_operator.py
[2022-10-04T03:13:05.655+0000] {logging_mixin.py:117} INFO - [2022-10-04T03:13:05.655+0000] {dag.py:2573} INFO - Sync 1 DAGs
[2022-10-04T03:13:05.672+0000] {logging_mixin.py:117} INFO - [2022-10-04T03:13:05.671+0000] {dag.py:3324} INFO - Setting next_dagrun for example_python_operator to None, run_after=None
[2022-10-04T03:13:05.695+0000] {processor.py:178} INFO - Processing /usr/local/lib/python3.10/dist-packages/airflow/example_dags/example_python_operator.py took 0.088 seconds
[2022-10-04T03:13:44.631+0000] {processor.py:156} INFO - Started process (PID=7970) to work on /usr/local/lib/python3.10/dist-packages/airflow/example_dags/example_python_operator.py
[2022-10-04T03:13:44.632+0000] {processor.py:758} INFO - Processing file /usr/local/lib/python3.10/dist-packages/airflow/example_dags/example_python_operator.py for tasks to queue
[2022-10-04T03:13:44.633+0000] {logging_mixin.py:117} INFO - [2022-10-04T03:13:44.633+0000] {dagbag.py:525} INFO - Filling up the DagBag from /usr/local/lib/python3.10/dist-packages/airflow/example_dags/example_python_operator.py
[2022-10-04T03:13:44.653+0000] {logging_mixin.py:117} INFO - [2022-10-04T03:13:44.653+0000] {example_python_operator.py:76} WARNING - The virtalenv_python example task requires virtualenv, please install it.
[2022-10-04T03:13:44.660+0000] {processor.py:768} INFO - DAG(s) dict_keys(['example_python_operator']) retrieved from /usr/local/lib/python3.10/dist-packages/airflow/example_dags/example_python_operator.py
[2022-10-04T03:13:44.684+0000] {logging_mixin.py:117} INFO - [2022-10-04T03:13:44.684+0000] {dag.py:2573} INFO - Sync 1 DAGs
[2022-10-04T03:13:44.702+0000] {logging_mixin.py:117} INFO - [2022-10-04T03:13:44.702+0000] {dag.py:3324} INFO - Setting next_dagrun for example_python_operator to None, run_after=None
[2022-10-04T03:13:44.725+0000] {processor.py:178} INFO - Processing /usr/local/lib/python3.10/dist-packages/airflow/example_dags/example_python_operator.py took 0.097 seconds
[2022-10-04T03:14:20.292+0000] {processor.py:156} INFO - Started process (PID=8005) to work on /usr/local/lib/python3.10/dist-packages/airflow/example_dags/example_python_operator.py
[2022-10-04T03:14:20.293+0000] {processor.py:758} INFO - Processing file /usr/local/lib/python3.10/dist-packages/airflow/example_dags/example_python_operator.py for tasks to queue
[2022-10-04T03:14:20.294+0000] {logging_mixin.py:117} INFO - [2022-10-04T03:14:20.293+0000] {dagbag.py:525} INFO - Filling up the DagBag from /usr/local/lib/python3.10/dist-packages/airflow/example_dags/example_python_operator.py
[2022-10-04T03:14:20.310+0000] {logging_mixin.py:117} INFO - [2022-10-04T03:14:20.310+0000] {example_python_operator.py:76} WARNING - The virtalenv_python example task requires virtualenv, please install it.
[2022-10-04T03:14:20.317+0000] {processor.py:768} INFO - DAG(s) dict_keys(['example_python_operator']) retrieved from /usr/local/lib/python3.10/dist-packages/airflow/example_dags/example_python_operator.py
[2022-10-04T03:14:20.338+0000] {logging_mixin.py:117} INFO - [2022-10-04T03:14:20.338+0000] {dag.py:2573} INFO - Sync 1 DAGs
[2022-10-04T03:14:20.355+0000] {logging_mixin.py:117} INFO - [2022-10-04T03:14:20.355+0000] {dag.py:3324} INFO - Setting next_dagrun for example_python_operator to None, run_after=None
[2022-10-04T03:14:20.379+0000] {processor.py:178} INFO - Processing /usr/local/lib/python3.10/dist-packages/airflow/example_dags/example_python_operator.py took 0.090 seconds
[2022-10-04T03:14:57.211+0000] {processor.py:156} INFO - Started process (PID=8043) to work on /usr/local/lib/python3.10/dist-packages/airflow/example_dags/example_python_operator.py
[2022-10-04T03:14:57.212+0000] {processor.py:758} INFO - Processing file /usr/local/lib/python3.10/dist-packages/airflow/example_dags/example_python_operator.py for tasks to queue
[2022-10-04T03:14:57.213+0000] {logging_mixin.py:117} INFO - [2022-10-04T03:14:57.213+0000] {dagbag.py:525} INFO - Filling up the DagBag from /usr/local/lib/python3.10/dist-packages/airflow/example_dags/example_python_operator.py
[2022-10-04T03:14:57.231+0000] {logging_mixin.py:117} INFO - [2022-10-04T03:14:57.231+0000] {example_python_operator.py:76} WARNING - The virtalenv_python example task requires virtualenv, please install it.
[2022-10-04T03:14:57.237+0000] {processor.py:768} INFO - DAG(s) dict_keys(['example_python_operator']) retrieved from /usr/local/lib/python3.10/dist-packages/airflow/example_dags/example_python_operator.py
[2022-10-04T03:14:57.258+0000] {logging_mixin.py:117} INFO - [2022-10-04T03:14:57.257+0000] {dag.py:2573} INFO - Sync 1 DAGs
[2022-10-04T03:14:57.275+0000] {logging_mixin.py:117} INFO - [2022-10-04T03:14:57.275+0000] {dag.py:3324} INFO - Setting next_dagrun for example_python_operator to None, run_after=None
[2022-10-04T03:14:57.296+0000] {processor.py:178} INFO - Processing /usr/local/lib/python3.10/dist-packages/airflow/example_dags/example_python_operator.py took 0.087 seconds
[2022-10-04T03:15:41.948+0000] {processor.py:156} INFO - Started process (PID=8087) to work on /usr/local/lib/python3.10/dist-packages/airflow/example_dags/example_python_operator.py
[2022-10-04T03:15:41.949+0000] {processor.py:758} INFO - Processing file /usr/local/lib/python3.10/dist-packages/airflow/example_dags/example_python_operator.py for tasks to queue
[2022-10-04T03:15:41.950+0000] {logging_mixin.py:117} INFO - [2022-10-04T03:15:41.950+0000] {dagbag.py:525} INFO - Filling up the DagBag from /usr/local/lib/python3.10/dist-packages/airflow/example_dags/example_python_operator.py
[2022-10-04T03:15:41.967+0000] {logging_mixin.py:117} INFO - [2022-10-04T03:15:41.967+0000] {example_python_operator.py:76} WARNING - The virtalenv_python example task requires virtualenv, please install it.
[2022-10-04T03:15:41.973+0000] {processor.py:768} INFO - DAG(s) dict_keys(['example_python_operator']) retrieved from /usr/local/lib/python3.10/dist-packages/airflow/example_dags/example_python_operator.py
[2022-10-04T03:15:41.995+0000] {logging_mixin.py:117} INFO - [2022-10-04T03:15:41.995+0000] {dag.py:2573} INFO - Sync 1 DAGs
[2022-10-04T03:15:42.013+0000] {logging_mixin.py:117} INFO - [2022-10-04T03:15:42.013+0000] {dag.py:3324} INFO - Setting next_dagrun for example_python_operator to None, run_after=None
[2022-10-04T03:15:42.176+0000] {processor.py:178} INFO - Processing /usr/local/lib/python3.10/dist-packages/airflow/example_dags/example_python_operator.py took 0.230 seconds
[2022-10-04T03:16:26.559+0000] {processor.py:156} INFO - Started process (PID=8217) to work on /usr/local/lib/python3.10/dist-packages/airflow/example_dags/example_python_operator.py
[2022-10-04T03:16:26.561+0000] {processor.py:758} INFO - Processing file /usr/local/lib/python3.10/dist-packages/airflow/example_dags/example_python_operator.py for tasks to queue
[2022-10-04T03:16:26.561+0000] {logging_mixin.py:117} INFO - [2022-10-04T03:16:26.561+0000] {dagbag.py:525} INFO - Filling up the DagBag from /usr/local/lib/python3.10/dist-packages/airflow/example_dags/example_python_operator.py
[2022-10-04T03:16:26.578+0000] {logging_mixin.py:117} INFO - [2022-10-04T03:16:26.578+0000] {example_python_operator.py:76} WARNING - The virtalenv_python example task requires virtualenv, please install it.
[2022-10-04T03:16:26.583+0000] {processor.py:768} INFO - DAG(s) dict_keys(['example_python_operator']) retrieved from /usr/local/lib/python3.10/dist-packages/airflow/example_dags/example_python_operator.py
[2022-10-04T03:16:26.604+0000] {logging_mixin.py:117} INFO - [2022-10-04T03:16:26.604+0000] {dag.py:2573} INFO - Sync 1 DAGs
[2022-10-04T03:16:26.746+0000] {logging_mixin.py:117} INFO - [2022-10-04T03:16:26.746+0000] {dag.py:3324} INFO - Setting next_dagrun for example_python_operator to None, run_after=None
[2022-10-04T03:16:26.767+0000] {processor.py:178} INFO - Processing /usr/local/lib/python3.10/dist-packages/airflow/example_dags/example_python_operator.py took 0.210 seconds
[2022-10-04T03:17:05.838+0000] {processor.py:156} INFO - Started process (PID=8267) to work on /usr/local/lib/python3.10/dist-packages/airflow/example_dags/example_python_operator.py
[2022-10-04T03:17:05.839+0000] {processor.py:758} INFO - Processing file /usr/local/lib/python3.10/dist-packages/airflow/example_dags/example_python_operator.py for tasks to queue
[2022-10-04T03:17:05.840+0000] {logging_mixin.py:117} INFO - [2022-10-04T03:17:05.840+0000] {dagbag.py:525} INFO - Filling up the DagBag from /usr/local/lib/python3.10/dist-packages/airflow/example_dags/example_python_operator.py
[2022-10-04T03:17:05.857+0000] {logging_mixin.py:117} INFO - [2022-10-04T03:17:05.856+0000] {example_python_operator.py:76} WARNING - The virtalenv_python example task requires virtualenv, please install it.
[2022-10-04T03:17:05.862+0000] {processor.py:768} INFO - DAG(s) dict_keys(['example_python_operator']) retrieved from /usr/local/lib/python3.10/dist-packages/airflow/example_dags/example_python_operator.py
[2022-10-04T03:17:05.883+0000] {logging_mixin.py:117} INFO - [2022-10-04T03:17:05.883+0000] {dag.py:2573} INFO - Sync 1 DAGs
[2022-10-04T03:17:06.023+0000] {logging_mixin.py:117} INFO - [2022-10-04T03:17:06.023+0000] {dag.py:3324} INFO - Setting next_dagrun for example_python_operator to None, run_after=None
[2022-10-04T03:17:06.044+0000] {processor.py:178} INFO - Processing /usr/local/lib/python3.10/dist-packages/airflow/example_dags/example_python_operator.py took 0.208 seconds
[2022-10-04T03:17:47.170+0000] {processor.py:156} INFO - Started process (PID=8625) to work on /usr/local/lib/python3.10/dist-packages/airflow/example_dags/example_python_operator.py
[2022-10-04T03:17:47.171+0000] {processor.py:758} INFO - Processing file /usr/local/lib/python3.10/dist-packages/airflow/example_dags/example_python_operator.py for tasks to queue
[2022-10-04T03:17:47.172+0000] {logging_mixin.py:117} INFO - [2022-10-04T03:17:47.171+0000] {dagbag.py:525} INFO - Filling up the DagBag from /usr/local/lib/python3.10/dist-packages/airflow/example_dags/example_python_operator.py
[2022-10-04T03:17:47.188+0000] {logging_mixin.py:117} INFO - [2022-10-04T03:17:47.188+0000] {example_python_operator.py:76} WARNING - The virtalenv_python example task requires virtualenv, please install it.
[2022-10-04T03:17:47.194+0000] {processor.py:768} INFO - DAG(s) dict_keys(['example_python_operator']) retrieved from /usr/local/lib/python3.10/dist-packages/airflow/example_dags/example_python_operator.py
[2022-10-04T03:17:47.215+0000] {logging_mixin.py:117} INFO - [2022-10-04T03:17:47.215+0000] {dag.py:2573} INFO - Sync 1 DAGs
[2022-10-04T03:17:47.355+0000] {logging_mixin.py:117} INFO - [2022-10-04T03:17:47.355+0000] {dag.py:3324} INFO - Setting next_dagrun for example_python_operator to None, run_after=None
[2022-10-04T03:17:47.375+0000] {processor.py:178} INFO - Processing /usr/local/lib/python3.10/dist-packages/airflow/example_dags/example_python_operator.py took 0.207 seconds
[2022-10-04T03:18:46.794+0000] {processor.py:156} INFO - Started process (PID=8691) to work on /usr/local/lib/python3.10/dist-packages/airflow/example_dags/example_python_operator.py
[2022-10-04T03:18:46.795+0000] {processor.py:758} INFO - Processing file /usr/local/lib/python3.10/dist-packages/airflow/example_dags/example_python_operator.py for tasks to queue
[2022-10-04T03:18:46.796+0000] {logging_mixin.py:117} INFO - [2022-10-04T03:18:46.795+0000] {dagbag.py:525} INFO - Filling up the DagBag from /usr/local/lib/python3.10/dist-packages/airflow/example_dags/example_python_operator.py
[2022-10-04T03:18:46.835+0000] {logging_mixin.py:117} INFO - [2022-10-04T03:18:46.835+0000] {example_python_operator.py:76} WARNING - The virtalenv_python example task requires virtualenv, please install it.
[2022-10-04T03:18:46.848+0000] {processor.py:768} INFO - DAG(s) dict_keys(['example_python_operator']) retrieved from /usr/local/lib/python3.10/dist-packages/airflow/example_dags/example_python_operator.py
[2022-10-04T03:18:46.879+0000] {logging_mixin.py:117} INFO - [2022-10-04T03:18:46.878+0000] {dag.py:2573} INFO - Sync 1 DAGs
[2022-10-04T03:18:46.923+0000] {logging_mixin.py:117} INFO - [2022-10-04T03:18:46.923+0000] {dag.py:3324} INFO - Setting next_dagrun for example_python_operator to None, run_after=None
[2022-10-04T03:18:46.959+0000] {processor.py:178} INFO - Processing /usr/local/lib/python3.10/dist-packages/airflow/example_dags/example_python_operator.py took 0.169 seconds
[2022-10-04T03:19:24.739+0000] {processor.py:156} INFO - Started process (PID=8729) to work on /usr/local/lib/python3.10/dist-packages/airflow/example_dags/example_python_operator.py
[2022-10-04T03:19:24.741+0000] {processor.py:758} INFO - Processing file /usr/local/lib/python3.10/dist-packages/airflow/example_dags/example_python_operator.py for tasks to queue
[2022-10-04T03:19:24.741+0000] {logging_mixin.py:117} INFO - [2022-10-04T03:19:24.741+0000] {dagbag.py:525} INFO - Filling up the DagBag from /usr/local/lib/python3.10/dist-packages/airflow/example_dags/example_python_operator.py
[2022-10-04T03:19:24.758+0000] {logging_mixin.py:117} INFO - [2022-10-04T03:19:24.758+0000] {example_python_operator.py:76} WARNING - The virtalenv_python example task requires virtualenv, please install it.
[2022-10-04T03:19:24.764+0000] {processor.py:768} INFO - DAG(s) dict_keys(['example_python_operator']) retrieved from /usr/local/lib/python3.10/dist-packages/airflow/example_dags/example_python_operator.py
[2022-10-04T03:19:24.785+0000] {logging_mixin.py:117} INFO - [2022-10-04T03:19:24.785+0000] {dag.py:2573} INFO - Sync 1 DAGs
[2022-10-04T03:19:24.802+0000] {logging_mixin.py:117} INFO - [2022-10-04T03:19:24.801+0000] {dag.py:3324} INFO - Setting next_dagrun for example_python_operator to None, run_after=None
[2022-10-04T03:19:24.824+0000] {processor.py:178} INFO - Processing /usr/local/lib/python3.10/dist-packages/airflow/example_dags/example_python_operator.py took 0.087 seconds
[2022-10-04T03:20:03.561+0000] {processor.py:156} INFO - Started process (PID=8769) to work on /usr/local/lib/python3.10/dist-packages/airflow/example_dags/example_python_operator.py
[2022-10-04T03:20:03.563+0000] {processor.py:758} INFO - Processing file /usr/local/lib/python3.10/dist-packages/airflow/example_dags/example_python_operator.py for tasks to queue
[2022-10-04T03:20:03.563+0000] {logging_mixin.py:117} INFO - [2022-10-04T03:20:03.563+0000] {dagbag.py:525} INFO - Filling up the DagBag from /usr/local/lib/python3.10/dist-packages/airflow/example_dags/example_python_operator.py
[2022-10-04T03:20:03.582+0000] {logging_mixin.py:117} INFO - [2022-10-04T03:20:03.582+0000] {example_python_operator.py:76} WARNING - The virtalenv_python example task requires virtualenv, please install it.
[2022-10-04T03:20:03.588+0000] {processor.py:768} INFO - DAG(s) dict_keys(['example_python_operator']) retrieved from /usr/local/lib/python3.10/dist-packages/airflow/example_dags/example_python_operator.py
[2022-10-04T03:20:03.609+0000] {logging_mixin.py:117} INFO - [2022-10-04T03:20:03.609+0000] {dag.py:2573} INFO - Sync 1 DAGs
[2022-10-04T03:20:03.627+0000] {logging_mixin.py:117} INFO - [2022-10-04T03:20:03.626+0000] {dag.py:3324} INFO - Setting next_dagrun for example_python_operator to None, run_after=None
[2022-10-04T03:20:03.650+0000] {processor.py:178} INFO - Processing /usr/local/lib/python3.10/dist-packages/airflow/example_dags/example_python_operator.py took 0.091 seconds
[2022-10-04T03:20:42.492+0000] {processor.py:156} INFO - Started process (PID=8810) to work on /usr/local/lib/python3.10/dist-packages/airflow/example_dags/example_python_operator.py
[2022-10-04T03:20:42.493+0000] {processor.py:758} INFO - Processing file /usr/local/lib/python3.10/dist-packages/airflow/example_dags/example_python_operator.py for tasks to queue
[2022-10-04T03:20:42.494+0000] {logging_mixin.py:117} INFO - [2022-10-04T03:20:42.494+0000] {dagbag.py:525} INFO - Filling up the DagBag from /usr/local/lib/python3.10/dist-packages/airflow/example_dags/example_python_operator.py
[2022-10-04T03:20:42.512+0000] {logging_mixin.py:117} INFO - [2022-10-04T03:20:42.512+0000] {example_python_operator.py:76} WARNING - The virtalenv_python example task requires virtualenv, please install it.
[2022-10-04T03:20:42.520+0000] {processor.py:768} INFO - DAG(s) dict_keys(['example_python_operator']) retrieved from /usr/local/lib/python3.10/dist-packages/airflow/example_dags/example_python_operator.py
[2022-10-04T03:20:42.548+0000] {logging_mixin.py:117} INFO - [2022-10-04T03:20:42.548+0000] {dag.py:2573} INFO - Sync 1 DAGs
[2022-10-04T03:20:42.568+0000] {logging_mixin.py:117} INFO - [2022-10-04T03:20:42.568+0000] {dag.py:3324} INFO - Setting next_dagrun for example_python_operator to None, run_after=None
[2022-10-04T03:20:42.590+0000] {processor.py:178} INFO - Processing /usr/local/lib/python3.10/dist-packages/airflow/example_dags/example_python_operator.py took 0.101 seconds
[2022-10-04T03:21:19.941+0000] {processor.py:156} INFO - Started process (PID=8846) to work on /usr/local/lib/python3.10/dist-packages/airflow/example_dags/example_python_operator.py
[2022-10-04T03:21:19.942+0000] {processor.py:758} INFO - Processing file /usr/local/lib/python3.10/dist-packages/airflow/example_dags/example_python_operator.py for tasks to queue
[2022-10-04T03:21:19.943+0000] {logging_mixin.py:117} INFO - [2022-10-04T03:21:19.943+0000] {dagbag.py:525} INFO - Filling up the DagBag from /usr/local/lib/python3.10/dist-packages/airflow/example_dags/example_python_operator.py
[2022-10-04T03:21:19.961+0000] {logging_mixin.py:117} INFO - [2022-10-04T03:21:19.961+0000] {example_python_operator.py:76} WARNING - The virtalenv_python example task requires virtualenv, please install it.
[2022-10-04T03:21:19.967+0000] {processor.py:768} INFO - DAG(s) dict_keys(['example_python_operator']) retrieved from /usr/local/lib/python3.10/dist-packages/airflow/example_dags/example_python_operator.py
[2022-10-04T03:21:19.993+0000] {logging_mixin.py:117} INFO - [2022-10-04T03:21:19.993+0000] {dag.py:2573} INFO - Sync 1 DAGs
[2022-10-04T03:21:20.022+0000] {logging_mixin.py:117} INFO - [2022-10-04T03:21:20.021+0000] {dag.py:3324} INFO - Setting next_dagrun for example_python_operator to None, run_after=None
[2022-10-04T03:21:20.044+0000] {processor.py:178} INFO - Processing /usr/local/lib/python3.10/dist-packages/airflow/example_dags/example_python_operator.py took 0.106 seconds
[2022-10-04T03:22:00.196+0000] {processor.py:156} INFO - Started process (PID=8885) to work on /usr/local/lib/python3.10/dist-packages/airflow/example_dags/example_python_operator.py
[2022-10-04T03:22:00.198+0000] {processor.py:758} INFO - Processing file /usr/local/lib/python3.10/dist-packages/airflow/example_dags/example_python_operator.py for tasks to queue
[2022-10-04T03:22:00.198+0000] {logging_mixin.py:117} INFO - [2022-10-04T03:22:00.198+0000] {dagbag.py:525} INFO - Filling up the DagBag from /usr/local/lib/python3.10/dist-packages/airflow/example_dags/example_python_operator.py
[2022-10-04T03:22:00.216+0000] {logging_mixin.py:117} INFO - [2022-10-04T03:22:00.216+0000] {example_python_operator.py:76} WARNING - The virtalenv_python example task requires virtualenv, please install it.
[2022-10-04T03:22:00.221+0000] {processor.py:768} INFO - DAG(s) dict_keys(['example_python_operator']) retrieved from /usr/local/lib/python3.10/dist-packages/airflow/example_dags/example_python_operator.py
[2022-10-04T03:22:00.244+0000] {logging_mixin.py:117} INFO - [2022-10-04T03:22:00.244+0000] {dag.py:2573} INFO - Sync 1 DAGs
[2022-10-04T03:22:00.263+0000] {logging_mixin.py:117} INFO - [2022-10-04T03:22:00.263+0000] {dag.py:3324} INFO - Setting next_dagrun for example_python_operator to None, run_after=None
[2022-10-04T03:22:00.283+0000] {processor.py:178} INFO - Processing /usr/local/lib/python3.10/dist-packages/airflow/example_dags/example_python_operator.py took 0.090 seconds
[2022-10-04T03:22:35.879+0000] {processor.py:156} INFO - Started process (PID=8923) to work on /usr/local/lib/python3.10/dist-packages/airflow/example_dags/example_python_operator.py
[2022-10-04T03:22:35.880+0000] {processor.py:758} INFO - Processing file /usr/local/lib/python3.10/dist-packages/airflow/example_dags/example_python_operator.py for tasks to queue
[2022-10-04T03:22:35.880+0000] {logging_mixin.py:117} INFO - [2022-10-04T03:22:35.880+0000] {dagbag.py:525} INFO - Filling up the DagBag from /usr/local/lib/python3.10/dist-packages/airflow/example_dags/example_python_operator.py
[2022-10-04T03:22:35.898+0000] {logging_mixin.py:117} INFO - [2022-10-04T03:22:35.898+0000] {example_python_operator.py:76} WARNING - The virtalenv_python example task requires virtualenv, please install it.
[2022-10-04T03:22:35.904+0000] {processor.py:768} INFO - DAG(s) dict_keys(['example_python_operator']) retrieved from /usr/local/lib/python3.10/dist-packages/airflow/example_dags/example_python_operator.py
[2022-10-04T03:22:35.932+0000] {logging_mixin.py:117} INFO - [2022-10-04T03:22:35.931+0000] {dag.py:2573} INFO - Sync 1 DAGs
[2022-10-04T03:22:35.950+0000] {logging_mixin.py:117} INFO - [2022-10-04T03:22:35.950+0000] {dag.py:3324} INFO - Setting next_dagrun for example_python_operator to None, run_after=None
[2022-10-04T03:22:35.972+0000] {processor.py:178} INFO - Processing /usr/local/lib/python3.10/dist-packages/airflow/example_dags/example_python_operator.py took 0.096 seconds
[2022-10-04T03:23:45.748+0000] {processor.py:156} INFO - Started process (PID=8998) to work on /usr/local/lib/python3.10/dist-packages/airflow/example_dags/example_python_operator.py
[2022-10-04T03:23:45.749+0000] {processor.py:758} INFO - Processing file /usr/local/lib/python3.10/dist-packages/airflow/example_dags/example_python_operator.py for tasks to queue
[2022-10-04T03:23:45.750+0000] {logging_mixin.py:117} INFO - [2022-10-04T03:23:45.750+0000] {dagbag.py:525} INFO - Filling up the DagBag from /usr/local/lib/python3.10/dist-packages/airflow/example_dags/example_python_operator.py
[2022-10-04T03:23:45.768+0000] {logging_mixin.py:117} INFO - [2022-10-04T03:23:45.768+0000] {example_python_operator.py:76} WARNING - The virtalenv_python example task requires virtualenv, please install it.
[2022-10-04T03:23:45.773+0000] {processor.py:768} INFO - DAG(s) dict_keys(['example_python_operator']) retrieved from /usr/local/lib/python3.10/dist-packages/airflow/example_dags/example_python_operator.py
[2022-10-04T03:23:45.787+0000] {logging_mixin.py:117} INFO - [2022-10-04T03:23:45.787+0000] {dag.py:2573} INFO - Sync 1 DAGs
[2022-10-04T03:23:45.816+0000] {logging_mixin.py:117} INFO - [2022-10-04T03:23:45.816+0000] {dag.py:3324} INFO - Setting next_dagrun for example_python_operator to None, run_after=None
[2022-10-04T03:23:45.838+0000] {processor.py:178} INFO - Processing /usr/local/lib/python3.10/dist-packages/airflow/example_dags/example_python_operator.py took 0.094 seconds
[2022-10-04T03:24:23.774+0000] {processor.py:156} INFO - Started process (PID=9038) to work on /usr/local/lib/python3.10/dist-packages/airflow/example_dags/example_python_operator.py
[2022-10-04T03:24:23.775+0000] {processor.py:758} INFO - Processing file /usr/local/lib/python3.10/dist-packages/airflow/example_dags/example_python_operator.py for tasks to queue
[2022-10-04T03:24:23.775+0000] {logging_mixin.py:117} INFO - [2022-10-04T03:24:23.775+0000] {dagbag.py:525} INFO - Filling up the DagBag from /usr/local/lib/python3.10/dist-packages/airflow/example_dags/example_python_operator.py
[2022-10-04T03:24:23.793+0000] {logging_mixin.py:117} INFO - [2022-10-04T03:24:23.793+0000] {example_python_operator.py:76} WARNING - The virtalenv_python example task requires virtualenv, please install it.
[2022-10-04T03:24:23.800+0000] {processor.py:768} INFO - DAG(s) dict_keys(['example_python_operator']) retrieved from /usr/local/lib/python3.10/dist-packages/airflow/example_dags/example_python_operator.py
[2022-10-04T03:24:23.821+0000] {logging_mixin.py:117} INFO - [2022-10-04T03:24:23.820+0000] {dag.py:2573} INFO - Sync 1 DAGs
[2022-10-04T03:24:23.837+0000] {logging_mixin.py:117} INFO - [2022-10-04T03:24:23.837+0000] {dag.py:3324} INFO - Setting next_dagrun for example_python_operator to None, run_after=None
[2022-10-04T03:24:23.860+0000] {processor.py:178} INFO - Processing /usr/local/lib/python3.10/dist-packages/airflow/example_dags/example_python_operator.py took 0.089 seconds
[2022-10-04T03:25:03.963+0000] {processor.py:156} INFO - Started process (PID=9080) to work on /usr/local/lib/python3.10/dist-packages/airflow/example_dags/example_python_operator.py
[2022-10-04T03:25:03.964+0000] {processor.py:758} INFO - Processing file /usr/local/lib/python3.10/dist-packages/airflow/example_dags/example_python_operator.py for tasks to queue
[2022-10-04T03:25:03.964+0000] {logging_mixin.py:117} INFO - [2022-10-04T03:25:03.964+0000] {dagbag.py:525} INFO - Filling up the DagBag from /usr/local/lib/python3.10/dist-packages/airflow/example_dags/example_python_operator.py
[2022-10-04T03:25:03.982+0000] {logging_mixin.py:117} INFO - [2022-10-04T03:25:03.982+0000] {example_python_operator.py:76} WARNING - The virtalenv_python example task requires virtualenv, please install it.
[2022-10-04T03:25:03.988+0000] {processor.py:768} INFO - DAG(s) dict_keys(['example_python_operator']) retrieved from /usr/local/lib/python3.10/dist-packages/airflow/example_dags/example_python_operator.py
[2022-10-04T03:25:04.009+0000] {logging_mixin.py:117} INFO - [2022-10-04T03:25:04.008+0000] {dag.py:2573} INFO - Sync 1 DAGs
[2022-10-04T03:25:04.025+0000] {logging_mixin.py:117} INFO - [2022-10-04T03:25:04.025+0000] {dag.py:3324} INFO - Setting next_dagrun for example_python_operator to None, run_after=None
[2022-10-04T03:25:04.047+0000] {processor.py:178} INFO - Processing /usr/local/lib/python3.10/dist-packages/airflow/example_dags/example_python_operator.py took 0.086 seconds
[2022-10-04T03:26:18.065+0000] {processor.py:156} INFO - Started process (PID=9162) to work on /usr/local/lib/python3.10/dist-packages/airflow/example_dags/example_python_operator.py
[2022-10-04T03:26:18.067+0000] {processor.py:758} INFO - Processing file /usr/local/lib/python3.10/dist-packages/airflow/example_dags/example_python_operator.py for tasks to queue
[2022-10-04T03:26:18.067+0000] {logging_mixin.py:117} INFO - [2022-10-04T03:26:18.067+0000] {dagbag.py:525} INFO - Filling up the DagBag from /usr/local/lib/python3.10/dist-packages/airflow/example_dags/example_python_operator.py
[2022-10-04T03:26:18.085+0000] {logging_mixin.py:117} INFO - [2022-10-04T03:26:18.085+0000] {example_python_operator.py:76} WARNING - The virtalenv_python example task requires virtualenv, please install it.
[2022-10-04T03:26:18.091+0000] {processor.py:768} INFO - DAG(s) dict_keys(['example_python_operator']) retrieved from /usr/local/lib/python3.10/dist-packages/airflow/example_dags/example_python_operator.py
[2022-10-04T03:26:18.102+0000] {logging_mixin.py:117} INFO - [2022-10-04T03:26:18.102+0000] {dag.py:2573} INFO - Sync 1 DAGs
[2022-10-04T03:26:18.123+0000] {logging_mixin.py:117} INFO - [2022-10-04T03:26:18.123+0000] {dag.py:3324} INFO - Setting next_dagrun for example_python_operator to None, run_after=None
[2022-10-04T03:26:18.144+0000] {processor.py:178} INFO - Processing /usr/local/lib/python3.10/dist-packages/airflow/example_dags/example_python_operator.py took 0.082 seconds
[2022-10-04T03:30:26.770+0000] {processor.py:156} INFO - Started process (PID=9260) to work on /usr/local/lib/python3.10/dist-packages/airflow/example_dags/example_python_operator.py
[2022-10-04T03:30:26.771+0000] {processor.py:758} INFO - Processing file /usr/local/lib/python3.10/dist-packages/airflow/example_dags/example_python_operator.py for tasks to queue
[2022-10-04T03:30:26.771+0000] {logging_mixin.py:117} INFO - [2022-10-04T03:30:26.771+0000] {dagbag.py:525} INFO - Filling up the DagBag from /usr/local/lib/python3.10/dist-packages/airflow/example_dags/example_python_operator.py
[2022-10-04T03:30:26.787+0000] {logging_mixin.py:117} INFO - [2022-10-04T03:30:26.787+0000] {example_python_operator.py:76} WARNING - The virtalenv_python example task requires virtualenv, please install it.
[2022-10-04T03:30:26.793+0000] {processor.py:768} INFO - DAG(s) dict_keys(['example_python_operator']) retrieved from /usr/local/lib/python3.10/dist-packages/airflow/example_dags/example_python_operator.py
[2022-10-04T03:30:26.804+0000] {logging_mixin.py:117} INFO - [2022-10-04T03:30:26.804+0000] {dag.py:2573} INFO - Sync 1 DAGs
[2022-10-04T03:30:26.822+0000] {logging_mixin.py:117} INFO - [2022-10-04T03:30:26.822+0000] {dag.py:3324} INFO - Setting next_dagrun for example_python_operator to None, run_after=None
[2022-10-04T03:30:26.843+0000] {processor.py:178} INFO - Processing /usr/local/lib/python3.10/dist-packages/airflow/example_dags/example_python_operator.py took 0.076 seconds
[2022-10-04T03:31:06.083+0000] {processor.py:156} INFO - Started process (PID=9301) to work on /usr/local/lib/python3.10/dist-packages/airflow/example_dags/example_python_operator.py
[2022-10-04T03:31:06.085+0000] {processor.py:758} INFO - Processing file /usr/local/lib/python3.10/dist-packages/airflow/example_dags/example_python_operator.py for tasks to queue
[2022-10-04T03:31:06.085+0000] {logging_mixin.py:117} INFO - [2022-10-04T03:31:06.085+0000] {dagbag.py:525} INFO - Filling up the DagBag from /usr/local/lib/python3.10/dist-packages/airflow/example_dags/example_python_operator.py
[2022-10-04T03:31:06.102+0000] {logging_mixin.py:117} INFO - [2022-10-04T03:31:06.102+0000] {example_python_operator.py:76} WARNING - The virtalenv_python example task requires virtualenv, please install it.
[2022-10-04T03:31:06.107+0000] {processor.py:768} INFO - DAG(s) dict_keys(['example_python_operator']) retrieved from /usr/local/lib/python3.10/dist-packages/airflow/example_dags/example_python_operator.py
[2022-10-04T03:31:06.132+0000] {logging_mixin.py:117} INFO - [2022-10-04T03:31:06.132+0000] {dag.py:2573} INFO - Sync 1 DAGs
[2022-10-04T03:31:06.150+0000] {logging_mixin.py:117} INFO - [2022-10-04T03:31:06.150+0000] {dag.py:3324} INFO - Setting next_dagrun for example_python_operator to None, run_after=None
[2022-10-04T03:31:06.172+0000] {processor.py:178} INFO - Processing /usr/local/lib/python3.10/dist-packages/airflow/example_dags/example_python_operator.py took 0.091 seconds
[2022-10-04T03:31:46.297+0000] {processor.py:156} INFO - Started process (PID=9342) to work on /usr/local/lib/python3.10/dist-packages/airflow/example_dags/example_python_operator.py
[2022-10-04T03:31:46.298+0000] {processor.py:758} INFO - Processing file /usr/local/lib/python3.10/dist-packages/airflow/example_dags/example_python_operator.py for tasks to queue
[2022-10-04T03:31:46.300+0000] {logging_mixin.py:117} INFO - [2022-10-04T03:31:46.300+0000] {dagbag.py:525} INFO - Filling up the DagBag from /usr/local/lib/python3.10/dist-packages/airflow/example_dags/example_python_operator.py
[2022-10-04T03:31:46.319+0000] {logging_mixin.py:117} INFO - [2022-10-04T03:31:46.319+0000] {example_python_operator.py:76} WARNING - The virtalenv_python example task requires virtualenv, please install it.
[2022-10-04T03:31:46.326+0000] {processor.py:768} INFO - DAG(s) dict_keys(['example_python_operator']) retrieved from /usr/local/lib/python3.10/dist-packages/airflow/example_dags/example_python_operator.py
[2022-10-04T03:31:46.352+0000] {logging_mixin.py:117} INFO - [2022-10-04T03:31:46.352+0000] {dag.py:2573} INFO - Sync 1 DAGs
[2022-10-04T03:31:46.371+0000] {logging_mixin.py:117} INFO - [2022-10-04T03:31:46.371+0000] {dag.py:3324} INFO - Setting next_dagrun for example_python_operator to None, run_after=None
[2022-10-04T03:31:46.394+0000] {processor.py:178} INFO - Processing /usr/local/lib/python3.10/dist-packages/airflow/example_dags/example_python_operator.py took 0.101 seconds
[2022-10-04T03:32:24.086+0000] {processor.py:156} INFO - Started process (PID=9396) to work on /usr/local/lib/python3.10/dist-packages/airflow/example_dags/example_python_operator.py
[2022-10-04T03:32:24.087+0000] {processor.py:758} INFO - Processing file /usr/local/lib/python3.10/dist-packages/airflow/example_dags/example_python_operator.py for tasks to queue
[2022-10-04T03:32:24.088+0000] {logging_mixin.py:117} INFO - [2022-10-04T03:32:24.088+0000] {dagbag.py:525} INFO - Filling up the DagBag from /usr/local/lib/python3.10/dist-packages/airflow/example_dags/example_python_operator.py
[2022-10-04T03:32:24.105+0000] {logging_mixin.py:117} INFO - [2022-10-04T03:32:24.105+0000] {example_python_operator.py:76} WARNING - The virtalenv_python example task requires virtualenv, please install it.
[2022-10-04T03:32:24.114+0000] {processor.py:768} INFO - DAG(s) dict_keys(['example_python_operator']) retrieved from /usr/local/lib/python3.10/dist-packages/airflow/example_dags/example_python_operator.py
[2022-10-04T03:32:24.138+0000] {logging_mixin.py:117} INFO - [2022-10-04T03:32:24.137+0000] {dag.py:2573} INFO - Sync 1 DAGs
[2022-10-04T03:32:24.159+0000] {logging_mixin.py:117} INFO - [2022-10-04T03:32:24.159+0000] {dag.py:3324} INFO - Setting next_dagrun for example_python_operator to None, run_after=None
[2022-10-04T03:32:24.182+0000] {processor.py:178} INFO - Processing /usr/local/lib/python3.10/dist-packages/airflow/example_dags/example_python_operator.py took 0.099 seconds
[2022-10-04T03:33:00.622+0000] {processor.py:156} INFO - Started process (PID=9434) to work on /usr/local/lib/python3.10/dist-packages/airflow/example_dags/example_python_operator.py
[2022-10-04T03:33:00.623+0000] {processor.py:758} INFO - Processing file /usr/local/lib/python3.10/dist-packages/airflow/example_dags/example_python_operator.py for tasks to queue
[2022-10-04T03:33:00.624+0000] {logging_mixin.py:117} INFO - [2022-10-04T03:33:00.624+0000] {dagbag.py:525} INFO - Filling up the DagBag from /usr/local/lib/python3.10/dist-packages/airflow/example_dags/example_python_operator.py
[2022-10-04T03:33:00.646+0000] {logging_mixin.py:117} INFO - [2022-10-04T03:33:00.646+0000] {example_python_operator.py:76} WARNING - The virtalenv_python example task requires virtualenv, please install it.
[2022-10-04T03:33:00.652+0000] {processor.py:768} INFO - DAG(s) dict_keys(['example_python_operator']) retrieved from /usr/local/lib/python3.10/dist-packages/airflow/example_dags/example_python_operator.py
[2022-10-04T03:33:00.688+0000] {logging_mixin.py:117} INFO - [2022-10-04T03:33:00.688+0000] {dag.py:2573} INFO - Sync 1 DAGs
[2022-10-04T03:33:00.709+0000] {logging_mixin.py:117} INFO - [2022-10-04T03:33:00.709+0000] {dag.py:3324} INFO - Setting next_dagrun for example_python_operator to None, run_after=None
[2022-10-04T03:33:00.739+0000] {processor.py:178} INFO - Processing /usr/local/lib/python3.10/dist-packages/airflow/example_dags/example_python_operator.py took 0.120 seconds
[2022-10-04T03:33:37.422+0000] {processor.py:156} INFO - Started process (PID=9474) to work on /usr/local/lib/python3.10/dist-packages/airflow/example_dags/example_python_operator.py
[2022-10-04T03:33:37.423+0000] {processor.py:758} INFO - Processing file /usr/local/lib/python3.10/dist-packages/airflow/example_dags/example_python_operator.py for tasks to queue
[2022-10-04T03:33:37.424+0000] {logging_mixin.py:117} INFO - [2022-10-04T03:33:37.424+0000] {dagbag.py:525} INFO - Filling up the DagBag from /usr/local/lib/python3.10/dist-packages/airflow/example_dags/example_python_operator.py
[2022-10-04T03:33:37.441+0000] {logging_mixin.py:117} INFO - [2022-10-04T03:33:37.441+0000] {example_python_operator.py:76} WARNING - The virtalenv_python example task requires virtualenv, please install it.
[2022-10-04T03:33:37.447+0000] {processor.py:768} INFO - DAG(s) dict_keys(['example_python_operator']) retrieved from /usr/local/lib/python3.10/dist-packages/airflow/example_dags/example_python_operator.py
[2022-10-04T03:33:37.475+0000] {logging_mixin.py:117} INFO - [2022-10-04T03:33:37.475+0000] {dag.py:2573} INFO - Sync 1 DAGs
[2022-10-04T03:33:37.503+0000] {logging_mixin.py:117} INFO - [2022-10-04T03:33:37.503+0000] {dag.py:3324} INFO - Setting next_dagrun for example_python_operator to None, run_after=None
[2022-10-04T03:33:37.525+0000] {processor.py:178} INFO - Processing /usr/local/lib/python3.10/dist-packages/airflow/example_dags/example_python_operator.py took 0.106 seconds
[2022-10-04T03:34:15.008+0000] {processor.py:156} INFO - Started process (PID=9516) to work on /usr/local/lib/python3.10/dist-packages/airflow/example_dags/example_python_operator.py
[2022-10-04T03:34:15.009+0000] {processor.py:758} INFO - Processing file /usr/local/lib/python3.10/dist-packages/airflow/example_dags/example_python_operator.py for tasks to queue
[2022-10-04T03:34:15.010+0000] {logging_mixin.py:117} INFO - [2022-10-04T03:34:15.010+0000] {dagbag.py:525} INFO - Filling up the DagBag from /usr/local/lib/python3.10/dist-packages/airflow/example_dags/example_python_operator.py
[2022-10-04T03:34:15.027+0000] {logging_mixin.py:117} INFO - [2022-10-04T03:34:15.027+0000] {example_python_operator.py:76} WARNING - The virtalenv_python example task requires virtualenv, please install it.
[2022-10-04T03:34:15.032+0000] {processor.py:768} INFO - DAG(s) dict_keys(['example_python_operator']) retrieved from /usr/local/lib/python3.10/dist-packages/airflow/example_dags/example_python_operator.py
[2022-10-04T03:34:15.090+0000] {logging_mixin.py:117} INFO - [2022-10-04T03:34:15.090+0000] {dag.py:2573} INFO - Sync 1 DAGs
[2022-10-04T03:34:15.111+0000] {logging_mixin.py:117} INFO - [2022-10-04T03:34:15.111+0000] {dag.py:3324} INFO - Setting next_dagrun for example_python_operator to None, run_after=None
[2022-10-04T03:34:15.133+0000] {processor.py:178} INFO - Processing /usr/local/lib/python3.10/dist-packages/airflow/example_dags/example_python_operator.py took 0.127 seconds
[2022-10-04T03:46:18.028+0000] {processor.py:156} INFO - Started process (PID=975) to work on /usr/local/lib/python3.10/dist-packages/airflow/example_dags/example_python_operator.py
[2022-10-04T03:46:18.030+0000] {processor.py:758} INFO - Processing file /usr/local/lib/python3.10/dist-packages/airflow/example_dags/example_python_operator.py for tasks to queue
[2022-10-04T03:46:18.031+0000] {logging_mixin.py:117} INFO - [2022-10-04T03:46:18.031+0000] {dagbag.py:525} INFO - Filling up the DagBag from /usr/local/lib/python3.10/dist-packages/airflow/example_dags/example_python_operator.py
[2022-10-04T03:46:18.050+0000] {logging_mixin.py:117} INFO - [2022-10-04T03:46:18.049+0000] {example_python_operator.py:76} WARNING - The virtalenv_python example task requires virtualenv, please install it.
[2022-10-04T03:46:18.056+0000] {processor.py:768} INFO - DAG(s) dict_keys(['example_python_operator']) retrieved from /usr/local/lib/python3.10/dist-packages/airflow/example_dags/example_python_operator.py
[2022-10-04T03:46:18.070+0000] {logging_mixin.py:117} INFO - [2022-10-04T03:46:18.069+0000] {dag.py:2573} INFO - Sync 1 DAGs
[2022-10-04T03:46:18.090+0000] {logging_mixin.py:117} INFO - [2022-10-04T03:46:18.089+0000] {dag.py:3324} INFO - Setting next_dagrun for example_python_operator to None, run_after=None
[2022-10-04T03:46:18.113+0000] {processor.py:178} INFO - Processing /usr/local/lib/python3.10/dist-packages/airflow/example_dags/example_python_operator.py took 0.088 seconds
[2022-10-04T03:46:56.931+0000] {processor.py:156} INFO - Started process (PID=1018) to work on /usr/local/lib/python3.10/dist-packages/airflow/example_dags/example_python_operator.py
[2022-10-04T03:46:56.932+0000] {processor.py:758} INFO - Processing file /usr/local/lib/python3.10/dist-packages/airflow/example_dags/example_python_operator.py for tasks to queue
[2022-10-04T03:46:56.933+0000] {logging_mixin.py:117} INFO - [2022-10-04T03:46:56.933+0000] {dagbag.py:525} INFO - Filling up the DagBag from /usr/local/lib/python3.10/dist-packages/airflow/example_dags/example_python_operator.py
[2022-10-04T03:46:56.950+0000] {logging_mixin.py:117} INFO - [2022-10-04T03:46:56.950+0000] {example_python_operator.py:76} WARNING - The virtalenv_python example task requires virtualenv, please install it.
[2022-10-04T03:46:56.955+0000] {processor.py:768} INFO - DAG(s) dict_keys(['example_python_operator']) retrieved from /usr/local/lib/python3.10/dist-packages/airflow/example_dags/example_python_operator.py
[2022-10-04T03:46:56.980+0000] {logging_mixin.py:117} INFO - [2022-10-04T03:46:56.980+0000] {dag.py:2573} INFO - Sync 1 DAGs
[2022-10-04T03:46:56.997+0000] {logging_mixin.py:117} INFO - [2022-10-04T03:46:56.996+0000] {dag.py:3324} INFO - Setting next_dagrun for example_python_operator to None, run_after=None
[2022-10-04T03:46:57.019+0000] {processor.py:178} INFO - Processing /usr/local/lib/python3.10/dist-packages/airflow/example_dags/example_python_operator.py took 0.090 seconds
[2022-10-04T03:47:37.347+0000] {processor.py:156} INFO - Started process (PID=1124) to work on /usr/local/lib/python3.10/dist-packages/airflow/example_dags/example_python_operator.py
[2022-10-04T03:47:37.348+0000] {processor.py:758} INFO - Processing file /usr/local/lib/python3.10/dist-packages/airflow/example_dags/example_python_operator.py for tasks to queue
[2022-10-04T03:47:37.348+0000] {logging_mixin.py:117} INFO - [2022-10-04T03:47:37.348+0000] {dagbag.py:525} INFO - Filling up the DagBag from /usr/local/lib/python3.10/dist-packages/airflow/example_dags/example_python_operator.py
[2022-10-04T03:47:37.369+0000] {logging_mixin.py:117} INFO - [2022-10-04T03:47:37.369+0000] {example_python_operator.py:76} WARNING - The virtalenv_python example task requires virtualenv, please install it.
[2022-10-04T03:47:37.374+0000] {processor.py:768} INFO - DAG(s) dict_keys(['example_python_operator']) retrieved from /usr/local/lib/python3.10/dist-packages/airflow/example_dags/example_python_operator.py
[2022-10-04T03:47:37.399+0000] {logging_mixin.py:117} INFO - [2022-10-04T03:47:37.399+0000] {dag.py:2573} INFO - Sync 1 DAGs
[2022-10-04T03:47:37.416+0000] {logging_mixin.py:117} INFO - [2022-10-04T03:47:37.416+0000] {dag.py:3324} INFO - Setting next_dagrun for example_python_operator to None, run_after=None
[2022-10-04T03:47:37.436+0000] {processor.py:178} INFO - Processing /usr/local/lib/python3.10/dist-packages/airflow/example_dags/example_python_operator.py took 0.092 seconds
[2022-10-04T03:48:15.148+0000] {processor.py:156} INFO - Started process (PID=1162) to work on /usr/local/lib/python3.10/dist-packages/airflow/example_dags/example_python_operator.py
[2022-10-04T03:48:15.150+0000] {processor.py:758} INFO - Processing file /usr/local/lib/python3.10/dist-packages/airflow/example_dags/example_python_operator.py for tasks to queue
[2022-10-04T03:48:15.150+0000] {logging_mixin.py:117} INFO - [2022-10-04T03:48:15.150+0000] {dagbag.py:525} INFO - Filling up the DagBag from /usr/local/lib/python3.10/dist-packages/airflow/example_dags/example_python_operator.py
[2022-10-04T03:48:15.168+0000] {logging_mixin.py:117} INFO - [2022-10-04T03:48:15.168+0000] {example_python_operator.py:76} WARNING - The virtalenv_python example task requires virtualenv, please install it.
[2022-10-04T03:48:15.175+0000] {processor.py:768} INFO - DAG(s) dict_keys(['example_python_operator']) retrieved from /usr/local/lib/python3.10/dist-packages/airflow/example_dags/example_python_operator.py
[2022-10-04T03:48:15.199+0000] {logging_mixin.py:117} INFO - [2022-10-04T03:48:15.199+0000] {dag.py:2573} INFO - Sync 1 DAGs
[2022-10-04T03:48:15.216+0000] {logging_mixin.py:117} INFO - [2022-10-04T03:48:15.216+0000] {dag.py:3324} INFO - Setting next_dagrun for example_python_operator to None, run_after=None
[2022-10-04T03:48:15.240+0000] {processor.py:178} INFO - Processing /usr/local/lib/python3.10/dist-packages/airflow/example_dags/example_python_operator.py took 0.096 seconds
[2022-10-04T03:48:54.617+0000] {processor.py:156} INFO - Started process (PID=1201) to work on /usr/local/lib/python3.10/dist-packages/airflow/example_dags/example_python_operator.py
[2022-10-04T03:48:54.618+0000] {processor.py:758} INFO - Processing file /usr/local/lib/python3.10/dist-packages/airflow/example_dags/example_python_operator.py for tasks to queue
[2022-10-04T03:48:54.619+0000] {logging_mixin.py:117} INFO - [2022-10-04T03:48:54.619+0000] {dagbag.py:525} INFO - Filling up the DagBag from /usr/local/lib/python3.10/dist-packages/airflow/example_dags/example_python_operator.py
[2022-10-04T03:48:54.640+0000] {logging_mixin.py:117} INFO - [2022-10-04T03:48:54.639+0000] {example_python_operator.py:76} WARNING - The virtalenv_python example task requires virtualenv, please install it.
[2022-10-04T03:48:54.646+0000] {processor.py:768} INFO - DAG(s) dict_keys(['example_python_operator']) retrieved from /usr/local/lib/python3.10/dist-packages/airflow/example_dags/example_python_operator.py
[2022-10-04T03:48:54.673+0000] {logging_mixin.py:117} INFO - [2022-10-04T03:48:54.672+0000] {dag.py:2573} INFO - Sync 1 DAGs
[2022-10-04T03:48:54.692+0000] {logging_mixin.py:117} INFO - [2022-10-04T03:48:54.692+0000] {dag.py:3324} INFO - Setting next_dagrun for example_python_operator to None, run_after=None
[2022-10-04T03:48:54.716+0000] {processor.py:178} INFO - Processing /usr/local/lib/python3.10/dist-packages/airflow/example_dags/example_python_operator.py took 0.103 seconds
[2022-10-04T03:49:39.589+0000] {processor.py:156} INFO - Started process (PID=1250) to work on /usr/local/lib/python3.10/dist-packages/airflow/example_dags/example_python_operator.py
[2022-10-04T03:49:39.590+0000] {processor.py:758} INFO - Processing file /usr/local/lib/python3.10/dist-packages/airflow/example_dags/example_python_operator.py for tasks to queue
[2022-10-04T03:49:39.591+0000] {logging_mixin.py:117} INFO - [2022-10-04T03:49:39.591+0000] {dagbag.py:525} INFO - Filling up the DagBag from /usr/local/lib/python3.10/dist-packages/airflow/example_dags/example_python_operator.py
[2022-10-04T03:49:39.611+0000] {logging_mixin.py:117} INFO - [2022-10-04T03:49:39.611+0000] {example_python_operator.py:76} WARNING - The virtalenv_python example task requires virtualenv, please install it.
[2022-10-04T03:49:39.618+0000] {processor.py:768} INFO - DAG(s) dict_keys(['example_python_operator']) retrieved from /usr/local/lib/python3.10/dist-packages/airflow/example_dags/example_python_operator.py
[2022-10-04T03:49:39.632+0000] {logging_mixin.py:117} INFO - [2022-10-04T03:49:39.631+0000] {dag.py:2573} INFO - Sync 1 DAGs
[2022-10-04T03:49:39.654+0000] {logging_mixin.py:117} INFO - [2022-10-04T03:49:39.654+0000] {dag.py:3324} INFO - Setting next_dagrun for example_python_operator to None, run_after=None
[2022-10-04T03:49:39.679+0000] {processor.py:178} INFO - Processing /usr/local/lib/python3.10/dist-packages/airflow/example_dags/example_python_operator.py took 0.093 seconds
[2022-10-04T03:50:23.429+0000] {processor.py:156} INFO - Started process (PID=1291) to work on /usr/local/lib/python3.10/dist-packages/airflow/example_dags/example_python_operator.py
[2022-10-04T03:50:23.430+0000] {processor.py:758} INFO - Processing file /usr/local/lib/python3.10/dist-packages/airflow/example_dags/example_python_operator.py for tasks to queue
[2022-10-04T03:50:23.431+0000] {logging_mixin.py:117} INFO - [2022-10-04T03:50:23.431+0000] {dagbag.py:525} INFO - Filling up the DagBag from /usr/local/lib/python3.10/dist-packages/airflow/example_dags/example_python_operator.py
[2022-10-04T03:50:23.450+0000] {logging_mixin.py:117} INFO - [2022-10-04T03:50:23.450+0000] {example_python_operator.py:76} WARNING - The virtalenv_python example task requires virtualenv, please install it.
[2022-10-04T03:50:23.456+0000] {processor.py:768} INFO - DAG(s) dict_keys(['example_python_operator']) retrieved from /usr/local/lib/python3.10/dist-packages/airflow/example_dags/example_python_operator.py
[2022-10-04T03:50:23.484+0000] {logging_mixin.py:117} INFO - [2022-10-04T03:50:23.484+0000] {dag.py:2573} INFO - Sync 1 DAGs
[2022-10-04T03:50:23.502+0000] {logging_mixin.py:117} INFO - [2022-10-04T03:50:23.501+0000] {dag.py:3324} INFO - Setting next_dagrun for example_python_operator to None, run_after=None
[2022-10-04T03:50:23.523+0000] {processor.py:178} INFO - Processing /usr/local/lib/python3.10/dist-packages/airflow/example_dags/example_python_operator.py took 0.096 seconds
[2022-10-04T03:51:01.762+0000] {processor.py:156} INFO - Started process (PID=1336) to work on /usr/local/lib/python3.10/dist-packages/airflow/example_dags/example_python_operator.py
[2022-10-04T03:51:01.763+0000] {processor.py:758} INFO - Processing file /usr/local/lib/python3.10/dist-packages/airflow/example_dags/example_python_operator.py for tasks to queue
[2022-10-04T03:51:01.764+0000] {logging_mixin.py:117} INFO - [2022-10-04T03:51:01.764+0000] {dagbag.py:525} INFO - Filling up the DagBag from /usr/local/lib/python3.10/dist-packages/airflow/example_dags/example_python_operator.py
[2022-10-04T03:51:01.802+0000] {logging_mixin.py:117} INFO - [2022-10-04T03:51:01.801+0000] {example_python_operator.py:76} WARNING - The virtalenv_python example task requires virtualenv, please install it.
[2022-10-04T03:51:01.813+0000] {processor.py:768} INFO - DAG(s) dict_keys(['example_python_operator']) retrieved from /usr/local/lib/python3.10/dist-packages/airflow/example_dags/example_python_operator.py
[2022-10-04T03:51:01.887+0000] {logging_mixin.py:117} INFO - [2022-10-04T03:51:01.887+0000] {dag.py:2573} INFO - Sync 1 DAGs
[2022-10-04T03:51:01.949+0000] {logging_mixin.py:117} INFO - [2022-10-04T03:51:01.949+0000] {dag.py:3324} INFO - Setting next_dagrun for example_python_operator to None, run_after=None
[2022-10-04T03:51:02.022+0000] {processor.py:178} INFO - Processing /usr/local/lib/python3.10/dist-packages/airflow/example_dags/example_python_operator.py took 0.267 seconds
[2022-10-04T03:51:40.369+0000] {processor.py:156} INFO - Started process (PID=1372) to work on /usr/local/lib/python3.10/dist-packages/airflow/example_dags/example_python_operator.py
[2022-10-04T03:51:40.370+0000] {processor.py:758} INFO - Processing file /usr/local/lib/python3.10/dist-packages/airflow/example_dags/example_python_operator.py for tasks to queue
[2022-10-04T03:51:40.371+0000] {logging_mixin.py:117} INFO - [2022-10-04T03:51:40.370+0000] {dagbag.py:525} INFO - Filling up the DagBag from /usr/local/lib/python3.10/dist-packages/airflow/example_dags/example_python_operator.py
[2022-10-04T03:51:40.393+0000] {logging_mixin.py:117} INFO - [2022-10-04T03:51:40.393+0000] {example_python_operator.py:76} WARNING - The virtalenv_python example task requires virtualenv, please install it.
[2022-10-04T03:51:40.401+0000] {processor.py:768} INFO - DAG(s) dict_keys(['example_python_operator']) retrieved from /usr/local/lib/python3.10/dist-packages/airflow/example_dags/example_python_operator.py
[2022-10-04T03:51:40.439+0000] {logging_mixin.py:117} INFO - [2022-10-04T03:51:40.439+0000] {dag.py:2573} INFO - Sync 1 DAGs
[2022-10-04T03:51:40.457+0000] {logging_mixin.py:117} INFO - [2022-10-04T03:51:40.457+0000] {dag.py:3324} INFO - Setting next_dagrun for example_python_operator to None, run_after=None
[2022-10-04T03:51:40.483+0000] {processor.py:178} INFO - Processing /usr/local/lib/python3.10/dist-packages/airflow/example_dags/example_python_operator.py took 0.122 seconds
[2022-10-04T03:52:19.744+0000] {processor.py:156} INFO - Started process (PID=1411) to work on /usr/local/lib/python3.10/dist-packages/airflow/example_dags/example_python_operator.py
[2022-10-04T03:52:19.745+0000] {processor.py:758} INFO - Processing file /usr/local/lib/python3.10/dist-packages/airflow/example_dags/example_python_operator.py for tasks to queue
[2022-10-04T03:52:19.746+0000] {logging_mixin.py:117} INFO - [2022-10-04T03:52:19.746+0000] {dagbag.py:525} INFO - Filling up the DagBag from /usr/local/lib/python3.10/dist-packages/airflow/example_dags/example_python_operator.py
[2022-10-04T03:52:19.766+0000] {logging_mixin.py:117} INFO - [2022-10-04T03:52:19.765+0000] {example_python_operator.py:76} WARNING - The virtalenv_python example task requires virtualenv, please install it.
[2022-10-04T03:52:19.771+0000] {processor.py:768} INFO - DAG(s) dict_keys(['example_python_operator']) retrieved from /usr/local/lib/python3.10/dist-packages/airflow/example_dags/example_python_operator.py
[2022-10-04T03:52:19.797+0000] {logging_mixin.py:117} INFO - [2022-10-04T03:52:19.796+0000] {dag.py:2573} INFO - Sync 1 DAGs
[2022-10-04T03:52:19.813+0000] {logging_mixin.py:117} INFO - [2022-10-04T03:52:19.813+0000] {dag.py:3324} INFO - Setting next_dagrun for example_python_operator to None, run_after=None
[2022-10-04T03:52:19.838+0000] {processor.py:178} INFO - Processing /usr/local/lib/python3.10/dist-packages/airflow/example_dags/example_python_operator.py took 0.096 seconds
[2022-10-04T03:52:56.748+0000] {processor.py:156} INFO - Started process (PID=1446) to work on /usr/local/lib/python3.10/dist-packages/airflow/example_dags/example_python_operator.py
[2022-10-04T03:52:56.749+0000] {processor.py:758} INFO - Processing file /usr/local/lib/python3.10/dist-packages/airflow/example_dags/example_python_operator.py for tasks to queue
[2022-10-04T03:52:56.750+0000] {logging_mixin.py:117} INFO - [2022-10-04T03:52:56.750+0000] {dagbag.py:525} INFO - Filling up the DagBag from /usr/local/lib/python3.10/dist-packages/airflow/example_dags/example_python_operator.py
[2022-10-04T03:52:56.769+0000] {logging_mixin.py:117} INFO - [2022-10-04T03:52:56.769+0000] {example_python_operator.py:76} WARNING - The virtalenv_python example task requires virtualenv, please install it.
[2022-10-04T03:52:56.775+0000] {processor.py:768} INFO - DAG(s) dict_keys(['example_python_operator']) retrieved from /usr/local/lib/python3.10/dist-packages/airflow/example_dags/example_python_operator.py
[2022-10-04T03:52:56.802+0000] {logging_mixin.py:117} INFO - [2022-10-04T03:52:56.801+0000] {dag.py:2573} INFO - Sync 1 DAGs
[2022-10-04T03:52:56.820+0000] {logging_mixin.py:117} INFO - [2022-10-04T03:52:56.820+0000] {dag.py:3324} INFO - Setting next_dagrun for example_python_operator to None, run_after=None
[2022-10-04T03:52:56.844+0000] {processor.py:178} INFO - Processing /usr/local/lib/python3.10/dist-packages/airflow/example_dags/example_python_operator.py took 0.098 seconds
[2022-10-04T03:53:34.755+0000] {processor.py:156} INFO - Started process (PID=1483) to work on /usr/local/lib/python3.10/dist-packages/airflow/example_dags/example_python_operator.py
[2022-10-04T03:53:34.757+0000] {processor.py:758} INFO - Processing file /usr/local/lib/python3.10/dist-packages/airflow/example_dags/example_python_operator.py for tasks to queue
[2022-10-04T03:53:34.757+0000] {logging_mixin.py:117} INFO - [2022-10-04T03:53:34.757+0000] {dagbag.py:525} INFO - Filling up the DagBag from /usr/local/lib/python3.10/dist-packages/airflow/example_dags/example_python_operator.py
[2022-10-04T03:53:34.775+0000] {logging_mixin.py:117} INFO - [2022-10-04T03:53:34.774+0000] {example_python_operator.py:76} WARNING - The virtalenv_python example task requires virtualenv, please install it.
[2022-10-04T03:53:34.780+0000] {processor.py:768} INFO - DAG(s) dict_keys(['example_python_operator']) retrieved from /usr/local/lib/python3.10/dist-packages/airflow/example_dags/example_python_operator.py
[2022-10-04T03:53:34.804+0000] {logging_mixin.py:117} INFO - [2022-10-04T03:53:34.804+0000] {dag.py:2573} INFO - Sync 1 DAGs
[2022-10-04T03:53:34.823+0000] {logging_mixin.py:117} INFO - [2022-10-04T03:53:34.823+0000] {dag.py:3324} INFO - Setting next_dagrun for example_python_operator to None, run_after=None
[2022-10-04T03:53:34.861+0000] {processor.py:178} INFO - Processing /usr/local/lib/python3.10/dist-packages/airflow/example_dags/example_python_operator.py took 0.108 seconds
[2022-10-04T03:54:10.783+0000] {processor.py:156} INFO - Started process (PID=1526) to work on /usr/local/lib/python3.10/dist-packages/airflow/example_dags/example_python_operator.py
[2022-10-04T03:54:10.784+0000] {processor.py:758} INFO - Processing file /usr/local/lib/python3.10/dist-packages/airflow/example_dags/example_python_operator.py for tasks to queue
[2022-10-04T03:54:10.785+0000] {logging_mixin.py:117} INFO - [2022-10-04T03:54:10.784+0000] {dagbag.py:525} INFO - Filling up the DagBag from /usr/local/lib/python3.10/dist-packages/airflow/example_dags/example_python_operator.py
[2022-10-04T03:54:10.804+0000] {logging_mixin.py:117} INFO - [2022-10-04T03:54:10.804+0000] {example_python_operator.py:76} WARNING - The virtalenv_python example task requires virtualenv, please install it.
[2022-10-04T03:54:10.811+0000] {processor.py:768} INFO - DAG(s) dict_keys(['example_python_operator']) retrieved from /usr/local/lib/python3.10/dist-packages/airflow/example_dags/example_python_operator.py
[2022-10-04T03:54:10.837+0000] {logging_mixin.py:117} INFO - [2022-10-04T03:54:10.837+0000] {dag.py:2573} INFO - Sync 1 DAGs
[2022-10-04T03:54:10.858+0000] {logging_mixin.py:117} INFO - [2022-10-04T03:54:10.858+0000] {dag.py:3324} INFO - Setting next_dagrun for example_python_operator to None, run_after=None
[2022-10-04T03:54:10.880+0000] {processor.py:178} INFO - Processing /usr/local/lib/python3.10/dist-packages/airflow/example_dags/example_python_operator.py took 0.101 seconds
[2022-10-04T03:54:48.602+0000] {processor.py:156} INFO - Started process (PID=1584) to work on /usr/local/lib/python3.10/dist-packages/airflow/example_dags/example_python_operator.py
[2022-10-04T03:54:48.603+0000] {processor.py:758} INFO - Processing file /usr/local/lib/python3.10/dist-packages/airflow/example_dags/example_python_operator.py for tasks to queue
[2022-10-04T03:54:48.603+0000] {logging_mixin.py:117} INFO - [2022-10-04T03:54:48.603+0000] {dagbag.py:525} INFO - Filling up the DagBag from /usr/local/lib/python3.10/dist-packages/airflow/example_dags/example_python_operator.py
[2022-10-04T03:54:48.621+0000] {logging_mixin.py:117} INFO - [2022-10-04T03:54:48.621+0000] {example_python_operator.py:76} WARNING - The virtalenv_python example task requires virtualenv, please install it.
[2022-10-04T03:54:48.628+0000] {processor.py:768} INFO - DAG(s) dict_keys(['example_python_operator']) retrieved from /usr/local/lib/python3.10/dist-packages/airflow/example_dags/example_python_operator.py
[2022-10-04T03:54:48.641+0000] {logging_mixin.py:117} INFO - [2022-10-04T03:54:48.641+0000] {dag.py:2573} INFO - Sync 1 DAGs
[2022-10-04T03:54:48.661+0000] {logging_mixin.py:117} INFO - [2022-10-04T03:54:48.661+0000] {dag.py:3324} INFO - Setting next_dagrun for example_python_operator to None, run_after=None
[2022-10-04T03:54:48.684+0000] {processor.py:178} INFO - Processing /usr/local/lib/python3.10/dist-packages/airflow/example_dags/example_python_operator.py took 0.086 seconds
[2022-10-04T04:35:36.440+0000] {processor.py:156} INFO - Started process (PID=1779) to work on /usr/local/lib/python3.10/dist-packages/airflow/example_dags/example_python_operator.py
[2022-10-04T04:35:36.442+0000] {processor.py:758} INFO - Processing file /usr/local/lib/python3.10/dist-packages/airflow/example_dags/example_python_operator.py for tasks to queue
[2022-10-04T04:35:36.442+0000] {logging_mixin.py:117} INFO - [2022-10-04T04:35:36.442+0000] {dagbag.py:525} INFO - Filling up the DagBag from /usr/local/lib/python3.10/dist-packages/airflow/example_dags/example_python_operator.py
[2022-10-04T04:35:36.462+0000] {logging_mixin.py:117} INFO - [2022-10-04T04:35:36.461+0000] {example_python_operator.py:76} WARNING - The virtalenv_python example task requires virtualenv, please install it.
[2022-10-04T04:35:36.468+0000] {processor.py:768} INFO - DAG(s) dict_keys(['example_python_operator']) retrieved from /usr/local/lib/python3.10/dist-packages/airflow/example_dags/example_python_operator.py
[2022-10-04T04:35:36.481+0000] {logging_mixin.py:117} INFO - [2022-10-04T04:35:36.481+0000] {dag.py:2573} INFO - Sync 1 DAGs
[2022-10-04T04:35:36.501+0000] {logging_mixin.py:117} INFO - [2022-10-04T04:35:36.501+0000] {dag.py:3324} INFO - Setting next_dagrun for example_python_operator to None, run_after=None
[2022-10-04T04:35:36.530+0000] {processor.py:178} INFO - Processing /usr/local/lib/python3.10/dist-packages/airflow/example_dags/example_python_operator.py took 0.093 seconds
[2022-10-04T04:36:17.692+0000] {processor.py:156} INFO - Started process (PID=1822) to work on /usr/local/lib/python3.10/dist-packages/airflow/example_dags/example_python_operator.py
[2022-10-04T04:36:17.694+0000] {processor.py:758} INFO - Processing file /usr/local/lib/python3.10/dist-packages/airflow/example_dags/example_python_operator.py for tasks to queue
[2022-10-04T04:36:17.695+0000] {logging_mixin.py:117} INFO - [2022-10-04T04:36:17.695+0000] {dagbag.py:525} INFO - Filling up the DagBag from /usr/local/lib/python3.10/dist-packages/airflow/example_dags/example_python_operator.py
[2022-10-04T04:36:17.718+0000] {logging_mixin.py:117} INFO - [2022-10-04T04:36:17.718+0000] {example_python_operator.py:76} WARNING - The virtalenv_python example task requires virtualenv, please install it.
[2022-10-04T04:36:17.726+0000] {processor.py:768} INFO - DAG(s) dict_keys(['example_python_operator']) retrieved from /usr/local/lib/python3.10/dist-packages/airflow/example_dags/example_python_operator.py
[2022-10-04T04:36:17.757+0000] {logging_mixin.py:117} INFO - [2022-10-04T04:36:17.757+0000] {dag.py:2573} INFO - Sync 1 DAGs
[2022-10-04T04:36:17.777+0000] {logging_mixin.py:117} INFO - [2022-10-04T04:36:17.777+0000] {dag.py:3324} INFO - Setting next_dagrun for example_python_operator to None, run_after=None
[2022-10-04T04:36:17.800+0000] {processor.py:178} INFO - Processing /usr/local/lib/python3.10/dist-packages/airflow/example_dags/example_python_operator.py took 0.111 seconds
[2022-10-04T04:37:16.684+0000] {processor.py:156} INFO - Started process (PID=1869) to work on /usr/local/lib/python3.10/dist-packages/airflow/example_dags/example_python_operator.py
[2022-10-04T04:37:16.686+0000] {processor.py:758} INFO - Processing file /usr/local/lib/python3.10/dist-packages/airflow/example_dags/example_python_operator.py for tasks to queue
[2022-10-04T04:37:16.687+0000] {logging_mixin.py:117} INFO - [2022-10-04T04:37:16.686+0000] {dagbag.py:525} INFO - Filling up the DagBag from /usr/local/lib/python3.10/dist-packages/airflow/example_dags/example_python_operator.py
[2022-10-04T04:37:16.703+0000] {logging_mixin.py:117} INFO - [2022-10-04T04:37:16.703+0000] {example_python_operator.py:76} WARNING - The virtalenv_python example task requires virtualenv, please install it.
[2022-10-04T04:37:16.709+0000] {processor.py:768} INFO - DAG(s) dict_keys(['example_python_operator']) retrieved from /usr/local/lib/python3.10/dist-packages/airflow/example_dags/example_python_operator.py
[2022-10-04T04:37:16.721+0000] {logging_mixin.py:117} INFO - [2022-10-04T04:37:16.721+0000] {dag.py:2573} INFO - Sync 1 DAGs
[2022-10-04T04:37:16.740+0000] {logging_mixin.py:117} INFO - [2022-10-04T04:37:16.740+0000] {dag.py:3324} INFO - Setting next_dagrun for example_python_operator to None, run_after=None
[2022-10-04T04:37:16.762+0000] {processor.py:178} INFO - Processing /usr/local/lib/python3.10/dist-packages/airflow/example_dags/example_python_operator.py took 0.081 seconds
[2022-10-04T04:43:06.480+0000] {processor.py:156} INFO - Started process (PID=1973) to work on /usr/local/lib/python3.10/dist-packages/airflow/example_dags/example_python_operator.py
[2022-10-04T04:43:06.482+0000] {processor.py:758} INFO - Processing file /usr/local/lib/python3.10/dist-packages/airflow/example_dags/example_python_operator.py for tasks to queue
[2022-10-04T04:43:06.482+0000] {logging_mixin.py:117} INFO - [2022-10-04T04:43:06.482+0000] {dagbag.py:525} INFO - Filling up the DagBag from /usr/local/lib/python3.10/dist-packages/airflow/example_dags/example_python_operator.py
[2022-10-04T04:43:06.501+0000] {logging_mixin.py:117} INFO - [2022-10-04T04:43:06.500+0000] {example_python_operator.py:76} WARNING - The virtalenv_python example task requires virtualenv, please install it.
[2022-10-04T04:43:06.507+0000] {processor.py:768} INFO - DAG(s) dict_keys(['example_python_operator']) retrieved from /usr/local/lib/python3.10/dist-packages/airflow/example_dags/example_python_operator.py
[2022-10-04T04:43:06.520+0000] {logging_mixin.py:117} INFO - [2022-10-04T04:43:06.520+0000] {dag.py:2573} INFO - Sync 1 DAGs
[2022-10-04T04:43:06.542+0000] {logging_mixin.py:117} INFO - [2022-10-04T04:43:06.542+0000] {dag.py:3324} INFO - Setting next_dagrun for example_python_operator to None, run_after=None
[2022-10-04T04:43:06.567+0000] {processor.py:178} INFO - Processing /usr/local/lib/python3.10/dist-packages/airflow/example_dags/example_python_operator.py took 0.091 seconds
[2022-10-04T04:45:52.082+0000] {processor.py:156} INFO - Started process (PID=1998) to work on /usr/local/lib/python3.10/dist-packages/airflow/example_dags/example_python_operator.py
[2022-10-04T04:45:52.083+0000] {processor.py:758} INFO - Processing file /usr/local/lib/python3.10/dist-packages/airflow/example_dags/example_python_operator.py for tasks to queue
[2022-10-04T04:45:52.084+0000] {logging_mixin.py:117} INFO - [2022-10-04T04:45:52.083+0000] {dagbag.py:525} INFO - Filling up the DagBag from /usr/local/lib/python3.10/dist-packages/airflow/example_dags/example_python_operator.py
[2022-10-04T04:45:52.102+0000] {logging_mixin.py:117} INFO - [2022-10-04T04:45:52.102+0000] {example_python_operator.py:76} WARNING - The virtalenv_python example task requires virtualenv, please install it.
[2022-10-04T04:45:52.102+0000] {processor.py:768} INFO - DAG(s) dict_keys(['example_python_operator']) retrieved from /usr/local/lib/python3.10/dist-packages/airflow/example_dags/example_python_operator.py
[2022-10-04T04:45:52.148+0000] {logging_mixin.py:117} INFO - [2022-10-04T04:45:52.146+0000] {dag.py:2573} INFO - Sync 1 DAGs
[2022-10-04T04:45:52.183+0000] {logging_mixin.py:117} INFO - [2022-10-04T04:45:52.182+0000] {dag.py:3324} INFO - Setting next_dagrun for example_python_operator to None, run_after=None
[2022-10-04T04:45:52.220+0000] {processor.py:178} INFO - Processing /usr/local/lib/python3.10/dist-packages/airflow/example_dags/example_python_operator.py took 0.142 seconds
[2022-10-04T04:46:28.371+0000] {processor.py:156} INFO - Started process (PID=2036) to work on /usr/local/lib/python3.10/dist-packages/airflow/example_dags/example_python_operator.py
[2022-10-04T04:46:28.372+0000] {processor.py:758} INFO - Processing file /usr/local/lib/python3.10/dist-packages/airflow/example_dags/example_python_operator.py for tasks to queue
[2022-10-04T04:46:28.373+0000] {logging_mixin.py:117} INFO - [2022-10-04T04:46:28.373+0000] {dagbag.py:525} INFO - Filling up the DagBag from /usr/local/lib/python3.10/dist-packages/airflow/example_dags/example_python_operator.py
[2022-10-04T04:46:28.396+0000] {logging_mixin.py:117} INFO - [2022-10-04T04:46:28.395+0000] {example_python_operator.py:76} WARNING - The virtalenv_python example task requires virtualenv, please install it.
[2022-10-04T04:46:28.396+0000] {processor.py:768} INFO - DAG(s) dict_keys(['example_python_operator']) retrieved from /usr/local/lib/python3.10/dist-packages/airflow/example_dags/example_python_operator.py
[2022-10-04T04:46:28.418+0000] {logging_mixin.py:117} INFO - [2022-10-04T04:46:28.418+0000] {dag.py:2573} INFO - Sync 1 DAGs
[2022-10-04T04:46:28.437+0000] {logging_mixin.py:117} INFO - [2022-10-04T04:46:28.436+0000] {dag.py:3324} INFO - Setting next_dagrun for example_python_operator to None, run_after=None
[2022-10-04T04:46:28.470+0000] {processor.py:178} INFO - Processing /usr/local/lib/python3.10/dist-packages/airflow/example_dags/example_python_operator.py took 0.103 seconds
[2022-10-04T04:47:06.889+0000] {processor.py:156} INFO - Started process (PID=2074) to work on /usr/local/lib/python3.10/dist-packages/airflow/example_dags/example_python_operator.py
[2022-10-04T04:47:06.890+0000] {processor.py:758} INFO - Processing file /usr/local/lib/python3.10/dist-packages/airflow/example_dags/example_python_operator.py for tasks to queue
[2022-10-04T04:47:06.891+0000] {logging_mixin.py:117} INFO - [2022-10-04T04:47:06.890+0000] {dagbag.py:525} INFO - Filling up the DagBag from /usr/local/lib/python3.10/dist-packages/airflow/example_dags/example_python_operator.py
[2022-10-04T04:47:06.909+0000] {logging_mixin.py:117} INFO - [2022-10-04T04:47:06.909+0000] {example_python_operator.py:76} WARNING - The virtalenv_python example task requires virtualenv, please install it.
[2022-10-04T04:47:06.909+0000] {processor.py:768} INFO - DAG(s) dict_keys(['example_python_operator']) retrieved from /usr/local/lib/python3.10/dist-packages/airflow/example_dags/example_python_operator.py
[2022-10-04T04:47:06.929+0000] {logging_mixin.py:117} INFO - [2022-10-04T04:47:06.929+0000] {dag.py:2573} INFO - Sync 1 DAGs
[2022-10-04T04:47:06.944+0000] {logging_mixin.py:117} INFO - [2022-10-04T04:47:06.943+0000] {dag.py:3324} INFO - Setting next_dagrun for example_python_operator to None, run_after=None
[2022-10-04T04:47:06.964+0000] {processor.py:178} INFO - Processing /usr/local/lib/python3.10/dist-packages/airflow/example_dags/example_python_operator.py took 0.078 seconds
[2022-10-04T04:47:46.481+0000] {processor.py:156} INFO - Started process (PID=2111) to work on /usr/local/lib/python3.10/dist-packages/airflow/example_dags/example_python_operator.py
[2022-10-04T04:47:46.482+0000] {processor.py:758} INFO - Processing file /usr/local/lib/python3.10/dist-packages/airflow/example_dags/example_python_operator.py for tasks to queue
[2022-10-04T04:47:46.482+0000] {logging_mixin.py:117} INFO - [2022-10-04T04:47:46.482+0000] {dagbag.py:525} INFO - Filling up the DagBag from /usr/local/lib/python3.10/dist-packages/airflow/example_dags/example_python_operator.py
[2022-10-04T04:47:46.500+0000] {logging_mixin.py:117} INFO - [2022-10-04T04:47:46.500+0000] {example_python_operator.py:76} WARNING - The virtalenv_python example task requires virtualenv, please install it.
[2022-10-04T04:47:46.501+0000] {processor.py:768} INFO - DAG(s) dict_keys(['example_python_operator']) retrieved from /usr/local/lib/python3.10/dist-packages/airflow/example_dags/example_python_operator.py
[2022-10-04T04:47:46.522+0000] {logging_mixin.py:117} INFO - [2022-10-04T04:47:46.522+0000] {dag.py:2573} INFO - Sync 1 DAGs
[2022-10-04T04:47:46.537+0000] {logging_mixin.py:117} INFO - [2022-10-04T04:47:46.537+0000] {dag.py:3324} INFO - Setting next_dagrun for example_python_operator to None, run_after=None
[2022-10-04T04:47:46.560+0000] {processor.py:178} INFO - Processing /usr/local/lib/python3.10/dist-packages/airflow/example_dags/example_python_operator.py took 0.082 seconds
[2022-10-04T04:48:22.579+0000] {processor.py:156} INFO - Started process (PID=2149) to work on /usr/local/lib/python3.10/dist-packages/airflow/example_dags/example_python_operator.py
[2022-10-04T04:48:22.580+0000] {processor.py:758} INFO - Processing file /usr/local/lib/python3.10/dist-packages/airflow/example_dags/example_python_operator.py for tasks to queue
[2022-10-04T04:48:22.581+0000] {logging_mixin.py:117} INFO - [2022-10-04T04:48:22.580+0000] {dagbag.py:525} INFO - Filling up the DagBag from /usr/local/lib/python3.10/dist-packages/airflow/example_dags/example_python_operator.py
[2022-10-04T04:48:22.598+0000] {logging_mixin.py:117} INFO - [2022-10-04T04:48:22.598+0000] {example_python_operator.py:76} WARNING - The virtalenv_python example task requires virtualenv, please install it.
[2022-10-04T04:48:22.598+0000] {processor.py:768} INFO - DAG(s) dict_keys(['example_python_operator']) retrieved from /usr/local/lib/python3.10/dist-packages/airflow/example_dags/example_python_operator.py
[2022-10-04T04:48:22.619+0000] {logging_mixin.py:117} INFO - [2022-10-04T04:48:22.618+0000] {dag.py:2573} INFO - Sync 1 DAGs
[2022-10-04T04:48:22.633+0000] {logging_mixin.py:117} INFO - [2022-10-04T04:48:22.633+0000] {dag.py:3324} INFO - Setting next_dagrun for example_python_operator to None, run_after=None
[2022-10-04T04:48:22.656+0000] {processor.py:178} INFO - Processing /usr/local/lib/python3.10/dist-packages/airflow/example_dags/example_python_operator.py took 0.081 seconds
[2022-10-04T04:48:59.833+0000] {processor.py:156} INFO - Started process (PID=2187) to work on /usr/local/lib/python3.10/dist-packages/airflow/example_dags/example_python_operator.py
[2022-10-04T04:48:59.835+0000] {processor.py:758} INFO - Processing file /usr/local/lib/python3.10/dist-packages/airflow/example_dags/example_python_operator.py for tasks to queue
[2022-10-04T04:48:59.835+0000] {logging_mixin.py:117} INFO - [2022-10-04T04:48:59.835+0000] {dagbag.py:525} INFO - Filling up the DagBag from /usr/local/lib/python3.10/dist-packages/airflow/example_dags/example_python_operator.py
[2022-10-04T04:48:59.855+0000] {logging_mixin.py:117} INFO - [2022-10-04T04:48:59.855+0000] {example_python_operator.py:76} WARNING - The virtalenv_python example task requires virtualenv, please install it.
[2022-10-04T04:48:59.855+0000] {processor.py:768} INFO - DAG(s) dict_keys(['example_python_operator']) retrieved from /usr/local/lib/python3.10/dist-packages/airflow/example_dags/example_python_operator.py
[2022-10-04T04:48:59.876+0000] {logging_mixin.py:117} INFO - [2022-10-04T04:48:59.876+0000] {dag.py:2573} INFO - Sync 1 DAGs
[2022-10-04T04:48:59.893+0000] {logging_mixin.py:117} INFO - [2022-10-04T04:48:59.893+0000] {dag.py:3324} INFO - Setting next_dagrun for example_python_operator to None, run_after=None
[2022-10-04T04:48:59.916+0000] {processor.py:178} INFO - Processing /usr/local/lib/python3.10/dist-packages/airflow/example_dags/example_python_operator.py took 0.085 seconds
[2022-10-04T04:49:38.937+0000] {processor.py:156} INFO - Started process (PID=2224) to work on /usr/local/lib/python3.10/dist-packages/airflow/example_dags/example_python_operator.py
[2022-10-04T04:49:38.939+0000] {processor.py:758} INFO - Processing file /usr/local/lib/python3.10/dist-packages/airflow/example_dags/example_python_operator.py for tasks to queue
[2022-10-04T04:49:38.939+0000] {logging_mixin.py:117} INFO - [2022-10-04T04:49:38.939+0000] {dagbag.py:525} INFO - Filling up the DagBag from /usr/local/lib/python3.10/dist-packages/airflow/example_dags/example_python_operator.py
[2022-10-04T04:49:38.956+0000] {logging_mixin.py:117} INFO - [2022-10-04T04:49:38.956+0000] {example_python_operator.py:76} WARNING - The virtalenv_python example task requires virtualenv, please install it.
[2022-10-04T04:49:38.957+0000] {processor.py:768} INFO - DAG(s) dict_keys(['example_python_operator']) retrieved from /usr/local/lib/python3.10/dist-packages/airflow/example_dags/example_python_operator.py
[2022-10-04T04:49:38.978+0000] {logging_mixin.py:117} INFO - [2022-10-04T04:49:38.977+0000] {dag.py:2573} INFO - Sync 1 DAGs
[2022-10-04T04:49:38.993+0000] {logging_mixin.py:117} INFO - [2022-10-04T04:49:38.993+0000] {dag.py:3324} INFO - Setting next_dagrun for example_python_operator to None, run_after=None
[2022-10-04T04:49:39.014+0000] {processor.py:178} INFO - Processing /usr/local/lib/python3.10/dist-packages/airflow/example_dags/example_python_operator.py took 0.079 seconds
[2022-10-04T04:50:15.089+0000] {processor.py:156} INFO - Started process (PID=2262) to work on /usr/local/lib/python3.10/dist-packages/airflow/example_dags/example_python_operator.py
[2022-10-04T04:50:15.090+0000] {processor.py:758} INFO - Processing file /usr/local/lib/python3.10/dist-packages/airflow/example_dags/example_python_operator.py for tasks to queue
[2022-10-04T04:50:15.090+0000] {logging_mixin.py:117} INFO - [2022-10-04T04:50:15.090+0000] {dagbag.py:525} INFO - Filling up the DagBag from /usr/local/lib/python3.10/dist-packages/airflow/example_dags/example_python_operator.py
[2022-10-04T04:50:15.110+0000] {logging_mixin.py:117} INFO - [2022-10-04T04:50:15.110+0000] {example_python_operator.py:76} WARNING - The virtalenv_python example task requires virtualenv, please install it.
[2022-10-04T04:50:15.110+0000] {processor.py:768} INFO - DAG(s) dict_keys(['example_python_operator']) retrieved from /usr/local/lib/python3.10/dist-packages/airflow/example_dags/example_python_operator.py
[2022-10-04T04:50:15.134+0000] {logging_mixin.py:117} INFO - [2022-10-04T04:50:15.134+0000] {dag.py:2573} INFO - Sync 1 DAGs
[2022-10-04T04:50:15.161+0000] {logging_mixin.py:117} INFO - [2022-10-04T04:50:15.161+0000] {dag.py:3324} INFO - Setting next_dagrun for example_python_operator to None, run_after=None
[2022-10-04T04:50:15.183+0000] {processor.py:178} INFO - Processing /usr/local/lib/python3.10/dist-packages/airflow/example_dags/example_python_operator.py took 0.098 seconds
[2022-10-04T04:50:50.467+0000] {processor.py:156} INFO - Started process (PID=2297) to work on /usr/local/lib/python3.10/dist-packages/airflow/example_dags/example_python_operator.py
[2022-10-04T04:50:50.469+0000] {processor.py:758} INFO - Processing file /usr/local/lib/python3.10/dist-packages/airflow/example_dags/example_python_operator.py for tasks to queue
[2022-10-04T04:50:50.469+0000] {logging_mixin.py:117} INFO - [2022-10-04T04:50:50.469+0000] {dagbag.py:525} INFO - Filling up the DagBag from /usr/local/lib/python3.10/dist-packages/airflow/example_dags/example_python_operator.py
[2022-10-04T04:50:50.489+0000] {logging_mixin.py:117} INFO - [2022-10-04T04:50:50.489+0000] {example_python_operator.py:76} WARNING - The virtalenv_python example task requires virtualenv, please install it.
[2022-10-04T04:50:50.489+0000] {processor.py:768} INFO - DAG(s) dict_keys(['example_python_operator']) retrieved from /usr/local/lib/python3.10/dist-packages/airflow/example_dags/example_python_operator.py
[2022-10-04T04:50:50.513+0000] {logging_mixin.py:117} INFO - [2022-10-04T04:50:50.513+0000] {dag.py:2573} INFO - Sync 1 DAGs
[2022-10-04T04:50:50.530+0000] {logging_mixin.py:117} INFO - [2022-10-04T04:50:50.530+0000] {dag.py:3324} INFO - Setting next_dagrun for example_python_operator to None, run_after=None
[2022-10-04T04:50:50.552+0000] {processor.py:178} INFO - Processing /usr/local/lib/python3.10/dist-packages/airflow/example_dags/example_python_operator.py took 0.089 seconds
[2022-10-04T04:51:24.879+0000] {processor.py:156} INFO - Started process (PID=2332) to work on /usr/local/lib/python3.10/dist-packages/airflow/example_dags/example_python_operator.py
[2022-10-04T04:51:24.881+0000] {processor.py:758} INFO - Processing file /usr/local/lib/python3.10/dist-packages/airflow/example_dags/example_python_operator.py for tasks to queue
[2022-10-04T04:51:24.882+0000] {logging_mixin.py:117} INFO - [2022-10-04T04:51:24.882+0000] {dagbag.py:525} INFO - Filling up the DagBag from /usr/local/lib/python3.10/dist-packages/airflow/example_dags/example_python_operator.py
[2022-10-04T04:51:24.903+0000] {logging_mixin.py:117} INFO - [2022-10-04T04:51:24.903+0000] {example_python_operator.py:76} WARNING - The virtalenv_python example task requires virtualenv, please install it.
[2022-10-04T04:51:24.903+0000] {processor.py:768} INFO - DAG(s) dict_keys(['example_python_operator']) retrieved from /usr/local/lib/python3.10/dist-packages/airflow/example_dags/example_python_operator.py
[2022-10-04T04:51:24.926+0000] {logging_mixin.py:117} INFO - [2022-10-04T04:51:24.926+0000] {dag.py:2573} INFO - Sync 1 DAGs
[2022-10-04T04:51:24.942+0000] {logging_mixin.py:117} INFO - [2022-10-04T04:51:24.942+0000] {dag.py:3324} INFO - Setting next_dagrun for example_python_operator to None, run_after=None
[2022-10-04T04:51:24.963+0000] {processor.py:178} INFO - Processing /usr/local/lib/python3.10/dist-packages/airflow/example_dags/example_python_operator.py took 0.096 seconds
[2022-10-04T04:52:00.382+0000] {processor.py:156} INFO - Started process (PID=2366) to work on /usr/local/lib/python3.10/dist-packages/airflow/example_dags/example_python_operator.py
[2022-10-04T04:52:00.383+0000] {processor.py:758} INFO - Processing file /usr/local/lib/python3.10/dist-packages/airflow/example_dags/example_python_operator.py for tasks to queue
[2022-10-04T04:52:00.384+0000] {logging_mixin.py:117} INFO - [2022-10-04T04:52:00.384+0000] {dagbag.py:525} INFO - Filling up the DagBag from /usr/local/lib/python3.10/dist-packages/airflow/example_dags/example_python_operator.py
[2022-10-04T04:52:00.407+0000] {logging_mixin.py:117} INFO - [2022-10-04T04:52:00.407+0000] {example_python_operator.py:76} WARNING - The virtalenv_python example task requires virtualenv, please install it.
[2022-10-04T04:52:00.408+0000] {processor.py:768} INFO - DAG(s) dict_keys(['example_python_operator']) retrieved from /usr/local/lib/python3.10/dist-packages/airflow/example_dags/example_python_operator.py
[2022-10-04T04:52:00.431+0000] {logging_mixin.py:117} INFO - [2022-10-04T04:52:00.430+0000] {dag.py:2573} INFO - Sync 1 DAGs
[2022-10-04T04:52:00.448+0000] {logging_mixin.py:117} INFO - [2022-10-04T04:52:00.448+0000] {dag.py:3324} INFO - Setting next_dagrun for example_python_operator to None, run_after=None
[2022-10-04T04:52:00.472+0000] {processor.py:178} INFO - Processing /usr/local/lib/python3.10/dist-packages/airflow/example_dags/example_python_operator.py took 0.094 seconds
[2022-10-04T04:52:36.045+0000] {processor.py:156} INFO - Started process (PID=2402) to work on /usr/local/lib/python3.10/dist-packages/airflow/example_dags/example_python_operator.py
[2022-10-04T04:52:36.046+0000] {processor.py:758} INFO - Processing file /usr/local/lib/python3.10/dist-packages/airflow/example_dags/example_python_operator.py for tasks to queue
[2022-10-04T04:52:36.046+0000] {logging_mixin.py:117} INFO - [2022-10-04T04:52:36.046+0000] {dagbag.py:525} INFO - Filling up the DagBag from /usr/local/lib/python3.10/dist-packages/airflow/example_dags/example_python_operator.py
[2022-10-04T04:52:36.066+0000] {logging_mixin.py:117} INFO - [2022-10-04T04:52:36.066+0000] {example_python_operator.py:76} WARNING - The virtalenv_python example task requires virtualenv, please install it.
[2022-10-04T04:52:36.066+0000] {processor.py:768} INFO - DAG(s) dict_keys(['example_python_operator']) retrieved from /usr/local/lib/python3.10/dist-packages/airflow/example_dags/example_python_operator.py
[2022-10-04T04:52:36.095+0000] {logging_mixin.py:117} INFO - [2022-10-04T04:52:36.095+0000] {dag.py:2573} INFO - Sync 1 DAGs
[2022-10-04T04:52:36.110+0000] {logging_mixin.py:117} INFO - [2022-10-04T04:52:36.110+0000] {dag.py:3324} INFO - Setting next_dagrun for example_python_operator to None, run_after=None
[2022-10-04T04:52:36.135+0000] {processor.py:178} INFO - Processing /usr/local/lib/python3.10/dist-packages/airflow/example_dags/example_python_operator.py took 0.093 seconds
[2022-10-04T04:53:14.972+0000] {processor.py:156} INFO - Started process (PID=2440) to work on /usr/local/lib/python3.10/dist-packages/airflow/example_dags/example_python_operator.py
[2022-10-04T04:53:14.977+0000] {processor.py:758} INFO - Processing file /usr/local/lib/python3.10/dist-packages/airflow/example_dags/example_python_operator.py for tasks to queue
[2022-10-04T04:53:14.978+0000] {logging_mixin.py:117} INFO - [2022-10-04T04:53:14.978+0000] {dagbag.py:525} INFO - Filling up the DagBag from /usr/local/lib/python3.10/dist-packages/airflow/example_dags/example_python_operator.py
[2022-10-04T04:53:14.997+0000] {logging_mixin.py:117} INFO - [2022-10-04T04:53:14.997+0000] {example_python_operator.py:76} WARNING - The virtalenv_python example task requires virtualenv, please install it.
[2022-10-04T04:53:14.997+0000] {processor.py:768} INFO - DAG(s) dict_keys(['example_python_operator']) retrieved from /usr/local/lib/python3.10/dist-packages/airflow/example_dags/example_python_operator.py
[2022-10-04T04:53:15.043+0000] {logging_mixin.py:117} INFO - [2022-10-04T04:53:15.043+0000] {dag.py:2573} INFO - Sync 1 DAGs
[2022-10-04T04:53:15.064+0000] {logging_mixin.py:117} INFO - [2022-10-04T04:53:15.064+0000] {dag.py:3324} INFO - Setting next_dagrun for example_python_operator to None, run_after=None
[2022-10-04T04:53:15.087+0000] {processor.py:178} INFO - Processing /usr/local/lib/python3.10/dist-packages/airflow/example_dags/example_python_operator.py took 0.119 seconds
[2022-10-04T04:53:50.999+0000] {processor.py:156} INFO - Started process (PID=2477) to work on /usr/local/lib/python3.10/dist-packages/airflow/example_dags/example_python_operator.py
[2022-10-04T04:53:51.002+0000] {processor.py:758} INFO - Processing file /usr/local/lib/python3.10/dist-packages/airflow/example_dags/example_python_operator.py for tasks to queue
[2022-10-04T04:53:51.003+0000] {logging_mixin.py:117} INFO - [2022-10-04T04:53:51.003+0000] {dagbag.py:525} INFO - Filling up the DagBag from /usr/local/lib/python3.10/dist-packages/airflow/example_dags/example_python_operator.py
[2022-10-04T04:53:51.023+0000] {logging_mixin.py:117} INFO - [2022-10-04T04:53:51.023+0000] {example_python_operator.py:76} WARNING - The virtalenv_python example task requires virtualenv, please install it.
[2022-10-04T04:53:51.024+0000] {processor.py:768} INFO - DAG(s) dict_keys(['example_python_operator']) retrieved from /usr/local/lib/python3.10/dist-packages/airflow/example_dags/example_python_operator.py
[2022-10-04T04:53:51.055+0000] {logging_mixin.py:117} INFO - [2022-10-04T04:53:51.055+0000] {dag.py:2573} INFO - Sync 1 DAGs
[2022-10-04T04:53:51.072+0000] {logging_mixin.py:117} INFO - [2022-10-04T04:53:51.072+0000] {dag.py:3324} INFO - Setting next_dagrun for example_python_operator to None, run_after=None
[2022-10-04T04:53:51.095+0000] {processor.py:178} INFO - Processing /usr/local/lib/python3.10/dist-packages/airflow/example_dags/example_python_operator.py took 0.100 seconds
