[2022-10-04T03:09:03.354+0000] {processor.py:156} INFO - Started process (PID=7682) to work on /usr/local/lib/python3.10/dist-packages/airflow/example_dags/example_nested_branch_dag.py
[2022-10-04T03:09:03.355+0000] {processor.py:758} INFO - Processing file /usr/local/lib/python3.10/dist-packages/airflow/example_dags/example_nested_branch_dag.py for tasks to queue
[2022-10-04T03:09:03.355+0000] {logging_mixin.py:117} INFO - [2022-10-04T03:09:03.355+0000] {dagbag.py:525} INFO - Filling up the DagBag from /usr/local/lib/python3.10/dist-packages/airflow/example_dags/example_nested_branch_dag.py
[2022-10-04T03:09:03.377+0000] {processor.py:768} INFO - DAG(s) dict_keys(['example_nested_branch_dag']) retrieved from /usr/local/lib/python3.10/dist-packages/airflow/example_dags/example_nested_branch_dag.py
[2022-10-04T03:09:03.481+0000] {logging_mixin.py:117} INFO - [2022-10-04T03:09:03.481+0000] {manager.py:508} INFO - Created Permission View: can read on DAG:example_nested_branch_dag
[2022-10-04T03:09:03.492+0000] {logging_mixin.py:117} INFO - [2022-10-04T03:09:03.492+0000] {manager.py:508} INFO - Created Permission View: can delete on DAG:example_nested_branch_dag
[2022-10-04T03:09:03.503+0000] {logging_mixin.py:117} INFO - [2022-10-04T03:09:03.503+0000] {manager.py:508} INFO - Created Permission View: can edit on DAG:example_nested_branch_dag
[2022-10-04T03:09:03.503+0000] {logging_mixin.py:117} INFO - [2022-10-04T03:09:03.503+0000] {dag.py:2573} INFO - Sync 1 DAGs
[2022-10-04T03:09:03.512+0000] {logging_mixin.py:117} INFO - [2022-10-04T03:09:03.512+0000] {dag.py:2594} INFO - Creating ORM DAG for example_nested_branch_dag
[2022-10-04T03:09:03.520+0000] {logging_mixin.py:117} INFO - [2022-10-04T03:09:03.520+0000] {dag.py:3324} INFO - Setting next_dagrun for example_nested_branch_dag to 2022-10-03T00:00:00+00:00, run_after=2022-10-04T00:00:00+00:00
[2022-10-04T03:09:03.542+0000] {processor.py:178} INFO - Processing /usr/local/lib/python3.10/dist-packages/airflow/example_dags/example_nested_branch_dag.py took 0.190 seconds
[2022-10-04T03:09:45.705+0000] {processor.py:156} INFO - Started process (PID=7720) to work on /usr/local/lib/python3.10/dist-packages/airflow/example_dags/example_nested_branch_dag.py
[2022-10-04T03:09:45.707+0000] {processor.py:758} INFO - Processing file /usr/local/lib/python3.10/dist-packages/airflow/example_dags/example_nested_branch_dag.py for tasks to queue
[2022-10-04T03:09:45.707+0000] {logging_mixin.py:117} INFO - [2022-10-04T03:09:45.707+0000] {dagbag.py:525} INFO - Filling up the DagBag from /usr/local/lib/python3.10/dist-packages/airflow/example_dags/example_nested_branch_dag.py
[2022-10-04T03:09:45.734+0000] {processor.py:768} INFO - DAG(s) dict_keys(['example_nested_branch_dag']) retrieved from /usr/local/lib/python3.10/dist-packages/airflow/example_dags/example_nested_branch_dag.py
[2022-10-04T03:09:45.755+0000] {logging_mixin.py:117} INFO - [2022-10-04T03:09:45.755+0000] {dag.py:2573} INFO - Sync 1 DAGs
[2022-10-04T03:09:45.774+0000] {logging_mixin.py:117} INFO - [2022-10-04T03:09:45.774+0000] {dag.py:3324} INFO - Setting next_dagrun for example_nested_branch_dag to 2022-10-03T00:00:00+00:00, run_after=2022-10-04T00:00:00+00:00
[2022-10-04T03:09:45.796+0000] {processor.py:178} INFO - Processing /usr/local/lib/python3.10/dist-packages/airflow/example_dags/example_nested_branch_dag.py took 0.093 seconds
[2022-10-04T03:10:23.802+0000] {processor.py:156} INFO - Started process (PID=7769) to work on /usr/local/lib/python3.10/dist-packages/airflow/example_dags/example_nested_branch_dag.py
[2022-10-04T03:10:23.803+0000] {processor.py:758} INFO - Processing file /usr/local/lib/python3.10/dist-packages/airflow/example_dags/example_nested_branch_dag.py for tasks to queue
[2022-10-04T03:10:23.804+0000] {logging_mixin.py:117} INFO - [2022-10-04T03:10:23.803+0000] {dagbag.py:525} INFO - Filling up the DagBag from /usr/local/lib/python3.10/dist-packages/airflow/example_dags/example_nested_branch_dag.py
[2022-10-04T03:10:23.832+0000] {processor.py:768} INFO - DAG(s) dict_keys(['example_nested_branch_dag']) retrieved from /usr/local/lib/python3.10/dist-packages/airflow/example_dags/example_nested_branch_dag.py
[2022-10-04T03:10:23.855+0000] {logging_mixin.py:117} INFO - [2022-10-04T03:10:23.855+0000] {dag.py:2573} INFO - Sync 1 DAGs
[2022-10-04T03:10:23.873+0000] {logging_mixin.py:117} INFO - [2022-10-04T03:10:23.873+0000] {dag.py:3324} INFO - Setting next_dagrun for example_nested_branch_dag to 2022-10-03T00:00:00+00:00, run_after=2022-10-04T00:00:00+00:00
[2022-10-04T03:10:23.896+0000] {processor.py:178} INFO - Processing /usr/local/lib/python3.10/dist-packages/airflow/example_dags/example_nested_branch_dag.py took 0.098 seconds
[2022-10-04T03:11:05.554+0000] {processor.py:156} INFO - Started process (PID=7811) to work on /usr/local/lib/python3.10/dist-packages/airflow/example_dags/example_nested_branch_dag.py
[2022-10-04T03:11:05.555+0000] {processor.py:758} INFO - Processing file /usr/local/lib/python3.10/dist-packages/airflow/example_dags/example_nested_branch_dag.py for tasks to queue
[2022-10-04T03:11:05.556+0000] {logging_mixin.py:117} INFO - [2022-10-04T03:11:05.556+0000] {dagbag.py:525} INFO - Filling up the DagBag from /usr/local/lib/python3.10/dist-packages/airflow/example_dags/example_nested_branch_dag.py
[2022-10-04T03:11:05.580+0000] {processor.py:768} INFO - DAG(s) dict_keys(['example_nested_branch_dag']) retrieved from /usr/local/lib/python3.10/dist-packages/airflow/example_dags/example_nested_branch_dag.py
[2022-10-04T03:11:05.601+0000] {logging_mixin.py:117} INFO - [2022-10-04T03:11:05.600+0000] {dag.py:2573} INFO - Sync 1 DAGs
[2022-10-04T03:11:05.619+0000] {logging_mixin.py:117} INFO - [2022-10-04T03:11:05.619+0000] {dag.py:3324} INFO - Setting next_dagrun for example_nested_branch_dag to 2022-10-03T00:00:00+00:00, run_after=2022-10-04T00:00:00+00:00
[2022-10-04T03:11:05.639+0000] {processor.py:178} INFO - Processing /usr/local/lib/python3.10/dist-packages/airflow/example_dags/example_nested_branch_dag.py took 0.088 seconds
[2022-10-04T03:11:44.776+0000] {processor.py:156} INFO - Started process (PID=7849) to work on /usr/local/lib/python3.10/dist-packages/airflow/example_dags/example_nested_branch_dag.py
[2022-10-04T03:11:44.777+0000] {processor.py:758} INFO - Processing file /usr/local/lib/python3.10/dist-packages/airflow/example_dags/example_nested_branch_dag.py for tasks to queue
[2022-10-04T03:11:44.777+0000] {logging_mixin.py:117} INFO - [2022-10-04T03:11:44.777+0000] {dagbag.py:525} INFO - Filling up the DagBag from /usr/local/lib/python3.10/dist-packages/airflow/example_dags/example_nested_branch_dag.py
[2022-10-04T03:11:44.799+0000] {processor.py:768} INFO - DAG(s) dict_keys(['example_nested_branch_dag']) retrieved from /usr/local/lib/python3.10/dist-packages/airflow/example_dags/example_nested_branch_dag.py
[2022-10-04T03:11:44.821+0000] {logging_mixin.py:117} INFO - [2022-10-04T03:11:44.820+0000] {dag.py:2573} INFO - Sync 1 DAGs
[2022-10-04T03:11:44.840+0000] {logging_mixin.py:117} INFO - [2022-10-04T03:11:44.839+0000] {dag.py:3324} INFO - Setting next_dagrun for example_nested_branch_dag to 2022-10-03T00:00:00+00:00, run_after=2022-10-04T00:00:00+00:00
[2022-10-04T03:11:44.860+0000] {processor.py:178} INFO - Processing /usr/local/lib/python3.10/dist-packages/airflow/example_dags/example_nested_branch_dag.py took 0.087 seconds
[2022-10-04T03:12:22.689+0000] {processor.py:156} INFO - Started process (PID=7889) to work on /usr/local/lib/python3.10/dist-packages/airflow/example_dags/example_nested_branch_dag.py
[2022-10-04T03:12:22.691+0000] {processor.py:758} INFO - Processing file /usr/local/lib/python3.10/dist-packages/airflow/example_dags/example_nested_branch_dag.py for tasks to queue
[2022-10-04T03:12:22.691+0000] {logging_mixin.py:117} INFO - [2022-10-04T03:12:22.691+0000] {dagbag.py:525} INFO - Filling up the DagBag from /usr/local/lib/python3.10/dist-packages/airflow/example_dags/example_nested_branch_dag.py
[2022-10-04T03:12:22.715+0000] {processor.py:768} INFO - DAG(s) dict_keys(['example_nested_branch_dag']) retrieved from /usr/local/lib/python3.10/dist-packages/airflow/example_dags/example_nested_branch_dag.py
[2022-10-04T03:12:22.739+0000] {logging_mixin.py:117} INFO - [2022-10-04T03:12:22.739+0000] {dag.py:2573} INFO - Sync 1 DAGs
[2022-10-04T03:12:22.767+0000] {logging_mixin.py:117} INFO - [2022-10-04T03:12:22.767+0000] {dag.py:3324} INFO - Setting next_dagrun for example_nested_branch_dag to 2022-10-03T00:00:00+00:00, run_after=2022-10-04T00:00:00+00:00
[2022-10-04T03:12:22.812+0000] {processor.py:178} INFO - Processing /usr/local/lib/python3.10/dist-packages/airflow/example_dags/example_nested_branch_dag.py took 0.125 seconds
[2022-10-04T03:12:57.534+0000] {processor.py:156} INFO - Started process (PID=7923) to work on /usr/local/lib/python3.10/dist-packages/airflow/example_dags/example_nested_branch_dag.py
[2022-10-04T03:12:57.536+0000] {processor.py:758} INFO - Processing file /usr/local/lib/python3.10/dist-packages/airflow/example_dags/example_nested_branch_dag.py for tasks to queue
[2022-10-04T03:12:57.536+0000] {logging_mixin.py:117} INFO - [2022-10-04T03:12:57.536+0000] {dagbag.py:525} INFO - Filling up the DagBag from /usr/local/lib/python3.10/dist-packages/airflow/example_dags/example_nested_branch_dag.py
[2022-10-04T03:12:57.559+0000] {processor.py:768} INFO - DAG(s) dict_keys(['example_nested_branch_dag']) retrieved from /usr/local/lib/python3.10/dist-packages/airflow/example_dags/example_nested_branch_dag.py
[2022-10-04T03:12:57.581+0000] {logging_mixin.py:117} INFO - [2022-10-04T03:12:57.581+0000] {dag.py:2573} INFO - Sync 1 DAGs
[2022-10-04T03:12:57.601+0000] {logging_mixin.py:117} INFO - [2022-10-04T03:12:57.601+0000] {dag.py:3324} INFO - Setting next_dagrun for example_nested_branch_dag to 2022-10-03T00:00:00+00:00, run_after=2022-10-04T00:00:00+00:00
[2022-10-04T03:12:57.624+0000] {processor.py:178} INFO - Processing /usr/local/lib/python3.10/dist-packages/airflow/example_dags/example_nested_branch_dag.py took 0.092 seconds
[2022-10-04T03:13:35.481+0000] {processor.py:156} INFO - Started process (PID=7961) to work on /usr/local/lib/python3.10/dist-packages/airflow/example_dags/example_nested_branch_dag.py
[2022-10-04T03:13:35.482+0000] {processor.py:758} INFO - Processing file /usr/local/lib/python3.10/dist-packages/airflow/example_dags/example_nested_branch_dag.py for tasks to queue
[2022-10-04T03:13:35.483+0000] {logging_mixin.py:117} INFO - [2022-10-04T03:13:35.482+0000] {dagbag.py:525} INFO - Filling up the DagBag from /usr/local/lib/python3.10/dist-packages/airflow/example_dags/example_nested_branch_dag.py
[2022-10-04T03:13:35.505+0000] {processor.py:768} INFO - DAG(s) dict_keys(['example_nested_branch_dag']) retrieved from /usr/local/lib/python3.10/dist-packages/airflow/example_dags/example_nested_branch_dag.py
[2022-10-04T03:13:35.527+0000] {logging_mixin.py:117} INFO - [2022-10-04T03:13:35.526+0000] {dag.py:2573} INFO - Sync 1 DAGs
[2022-10-04T03:13:35.545+0000] {logging_mixin.py:117} INFO - [2022-10-04T03:13:35.545+0000] {dag.py:3324} INFO - Setting next_dagrun for example_nested_branch_dag to 2022-10-03T00:00:00+00:00, run_after=2022-10-04T00:00:00+00:00
[2022-10-04T03:13:35.567+0000] {processor.py:178} INFO - Processing /usr/local/lib/python3.10/dist-packages/airflow/example_dags/example_nested_branch_dag.py took 0.089 seconds
[2022-10-04T03:14:09.013+0000] {processor.py:156} INFO - Started process (PID=7993) to work on /usr/local/lib/python3.10/dist-packages/airflow/example_dags/example_nested_branch_dag.py
[2022-10-04T03:14:09.015+0000] {processor.py:758} INFO - Processing file /usr/local/lib/python3.10/dist-packages/airflow/example_dags/example_nested_branch_dag.py for tasks to queue
[2022-10-04T03:14:09.017+0000] {logging_mixin.py:117} INFO - [2022-10-04T03:14:09.016+0000] {dagbag.py:525} INFO - Filling up the DagBag from /usr/local/lib/python3.10/dist-packages/airflow/example_dags/example_nested_branch_dag.py
[2022-10-04T03:14:09.039+0000] {processor.py:768} INFO - DAG(s) dict_keys(['example_nested_branch_dag']) retrieved from /usr/local/lib/python3.10/dist-packages/airflow/example_dags/example_nested_branch_dag.py
[2022-10-04T03:14:09.062+0000] {logging_mixin.py:117} INFO - [2022-10-04T03:14:09.062+0000] {dag.py:2573} INFO - Sync 1 DAGs
[2022-10-04T03:14:09.082+0000] {logging_mixin.py:117} INFO - [2022-10-04T03:14:09.082+0000] {dag.py:3324} INFO - Setting next_dagrun for example_nested_branch_dag to 2022-10-03T00:00:00+00:00, run_after=2022-10-04T00:00:00+00:00
[2022-10-04T03:14:09.104+0000] {processor.py:178} INFO - Processing /usr/local/lib/python3.10/dist-packages/airflow/example_dags/example_nested_branch_dag.py took 0.095 seconds
[2022-10-04T03:14:44.465+0000] {processor.py:156} INFO - Started process (PID=8031) to work on /usr/local/lib/python3.10/dist-packages/airflow/example_dags/example_nested_branch_dag.py
[2022-10-04T03:14:44.466+0000] {processor.py:758} INFO - Processing file /usr/local/lib/python3.10/dist-packages/airflow/example_dags/example_nested_branch_dag.py for tasks to queue
[2022-10-04T03:14:44.467+0000] {logging_mixin.py:117} INFO - [2022-10-04T03:14:44.466+0000] {dagbag.py:525} INFO - Filling up the DagBag from /usr/local/lib/python3.10/dist-packages/airflow/example_dags/example_nested_branch_dag.py
[2022-10-04T03:14:44.491+0000] {processor.py:768} INFO - DAG(s) dict_keys(['example_nested_branch_dag']) retrieved from /usr/local/lib/python3.10/dist-packages/airflow/example_dags/example_nested_branch_dag.py
[2022-10-04T03:14:44.513+0000] {logging_mixin.py:117} INFO - [2022-10-04T03:14:44.513+0000] {dag.py:2573} INFO - Sync 1 DAGs
[2022-10-04T03:14:44.532+0000] {logging_mixin.py:117} INFO - [2022-10-04T03:14:44.532+0000] {dag.py:3324} INFO - Setting next_dagrun for example_nested_branch_dag to 2022-10-03T00:00:00+00:00, run_after=2022-10-04T00:00:00+00:00
[2022-10-04T03:14:44.555+0000] {processor.py:178} INFO - Processing /usr/local/lib/python3.10/dist-packages/airflow/example_dags/example_nested_branch_dag.py took 0.093 seconds
[2022-10-04T03:15:23.429+0000] {processor.py:156} INFO - Started process (PID=8068) to work on /usr/local/lib/python3.10/dist-packages/airflow/example_dags/example_nested_branch_dag.py
[2022-10-04T03:15:23.430+0000] {processor.py:758} INFO - Processing file /usr/local/lib/python3.10/dist-packages/airflow/example_dags/example_nested_branch_dag.py for tasks to queue
[2022-10-04T03:15:23.430+0000] {logging_mixin.py:117} INFO - [2022-10-04T03:15:23.430+0000] {dagbag.py:525} INFO - Filling up the DagBag from /usr/local/lib/python3.10/dist-packages/airflow/example_dags/example_nested_branch_dag.py
[2022-10-04T03:15:23.452+0000] {processor.py:768} INFO - DAG(s) dict_keys(['example_nested_branch_dag']) retrieved from /usr/local/lib/python3.10/dist-packages/airflow/example_dags/example_nested_branch_dag.py
[2022-10-04T03:15:23.473+0000] {logging_mixin.py:117} INFO - [2022-10-04T03:15:23.472+0000] {dag.py:2573} INFO - Sync 1 DAGs
[2022-10-04T03:15:23.501+0000] {logging_mixin.py:117} INFO - [2022-10-04T03:15:23.500+0000] {dag.py:3324} INFO - Setting next_dagrun for example_nested_branch_dag to 2022-10-03T00:00:00+00:00, run_after=2022-10-04T00:00:00+00:00
[2022-10-04T03:15:23.644+0000] {processor.py:178} INFO - Processing /usr/local/lib/python3.10/dist-packages/airflow/example_dags/example_nested_branch_dag.py took 0.219 seconds
[2022-10-04T03:15:59.857+0000] {processor.py:156} INFO - Started process (PID=8104) to work on /usr/local/lib/python3.10/dist-packages/airflow/example_dags/example_nested_branch_dag.py
[2022-10-04T03:15:59.858+0000] {processor.py:758} INFO - Processing file /usr/local/lib/python3.10/dist-packages/airflow/example_dags/example_nested_branch_dag.py for tasks to queue
[2022-10-04T03:15:59.859+0000] {logging_mixin.py:117} INFO - [2022-10-04T03:15:59.859+0000] {dagbag.py:525} INFO - Filling up the DagBag from /usr/local/lib/python3.10/dist-packages/airflow/example_dags/example_nested_branch_dag.py
[2022-10-04T03:15:59.883+0000] {processor.py:768} INFO - DAG(s) dict_keys(['example_nested_branch_dag']) retrieved from /usr/local/lib/python3.10/dist-packages/airflow/example_dags/example_nested_branch_dag.py
[2022-10-04T03:15:59.906+0000] {logging_mixin.py:117} INFO - [2022-10-04T03:15:59.906+0000] {dag.py:2573} INFO - Sync 1 DAGs
[2022-10-04T03:15:59.927+0000] {logging_mixin.py:117} INFO - [2022-10-04T03:15:59.927+0000] {dag.py:3324} INFO - Setting next_dagrun for example_nested_branch_dag to 2022-10-03T00:00:00+00:00, run_after=2022-10-04T00:00:00+00:00
[2022-10-04T03:16:00.093+0000] {processor.py:178} INFO - Processing /usr/local/lib/python3.10/dist-packages/airflow/example_dags/example_nested_branch_dag.py took 0.239 seconds
[2022-10-04T03:16:37.920+0000] {processor.py:156} INFO - Started process (PID=8227) to work on /usr/local/lib/python3.10/dist-packages/airflow/example_dags/example_nested_branch_dag.py
[2022-10-04T03:16:37.922+0000] {processor.py:758} INFO - Processing file /usr/local/lib/python3.10/dist-packages/airflow/example_dags/example_nested_branch_dag.py for tasks to queue
[2022-10-04T03:16:37.922+0000] {logging_mixin.py:117} INFO - [2022-10-04T03:16:37.922+0000] {dagbag.py:525} INFO - Filling up the DagBag from /usr/local/lib/python3.10/dist-packages/airflow/example_dags/example_nested_branch_dag.py
[2022-10-04T03:16:37.944+0000] {processor.py:768} INFO - DAG(s) dict_keys(['example_nested_branch_dag']) retrieved from /usr/local/lib/python3.10/dist-packages/airflow/example_dags/example_nested_branch_dag.py
[2022-10-04T03:16:37.966+0000] {logging_mixin.py:117} INFO - [2022-10-04T03:16:37.966+0000] {dag.py:2573} INFO - Sync 1 DAGs
[2022-10-04T03:16:38.117+0000] {logging_mixin.py:117} INFO - [2022-10-04T03:16:38.117+0000] {dag.py:3324} INFO - Setting next_dagrun for example_nested_branch_dag to 2022-10-03T00:00:00+00:00, run_after=2022-10-04T00:00:00+00:00
[2022-10-04T03:16:38.138+0000] {processor.py:178} INFO - Processing /usr/local/lib/python3.10/dist-packages/airflow/example_dags/example_nested_branch_dag.py took 0.220 seconds
[2022-10-04T03:17:18.857+0000] {processor.py:156} INFO - Started process (PID=8597) to work on /usr/local/lib/python3.10/dist-packages/airflow/example_dags/example_nested_branch_dag.py
[2022-10-04T03:17:18.859+0000] {processor.py:758} INFO - Processing file /usr/local/lib/python3.10/dist-packages/airflow/example_dags/example_nested_branch_dag.py for tasks to queue
[2022-10-04T03:17:18.859+0000] {logging_mixin.py:117} INFO - [2022-10-04T03:17:18.859+0000] {dagbag.py:525} INFO - Filling up the DagBag from /usr/local/lib/python3.10/dist-packages/airflow/example_dags/example_nested_branch_dag.py
[2022-10-04T03:17:18.881+0000] {processor.py:768} INFO - DAG(s) dict_keys(['example_nested_branch_dag']) retrieved from /usr/local/lib/python3.10/dist-packages/airflow/example_dags/example_nested_branch_dag.py
[2022-10-04T03:17:18.902+0000] {logging_mixin.py:117} INFO - [2022-10-04T03:17:18.902+0000] {dag.py:2573} INFO - Sync 1 DAGs
[2022-10-04T03:17:19.041+0000] {logging_mixin.py:117} INFO - [2022-10-04T03:17:19.041+0000] {dag.py:3324} INFO - Setting next_dagrun for example_nested_branch_dag to 2022-10-03T00:00:00+00:00, run_after=2022-10-04T00:00:00+00:00
[2022-10-04T03:17:19.061+0000] {processor.py:178} INFO - Processing /usr/local/lib/python3.10/dist-packages/airflow/example_dags/example_nested_branch_dag.py took 0.207 seconds
[2022-10-04T03:17:59.223+0000] {processor.py:156} INFO - Started process (PID=8635) to work on /usr/local/lib/python3.10/dist-packages/airflow/example_dags/example_nested_branch_dag.py
[2022-10-04T03:17:59.224+0000] {processor.py:758} INFO - Processing file /usr/local/lib/python3.10/dist-packages/airflow/example_dags/example_nested_branch_dag.py for tasks to queue
[2022-10-04T03:17:59.225+0000] {logging_mixin.py:117} INFO - [2022-10-04T03:17:59.225+0000] {dagbag.py:525} INFO - Filling up the DagBag from /usr/local/lib/python3.10/dist-packages/airflow/example_dags/example_nested_branch_dag.py
[2022-10-04T03:17:59.247+0000] {processor.py:768} INFO - DAG(s) dict_keys(['example_nested_branch_dag']) retrieved from /usr/local/lib/python3.10/dist-packages/airflow/example_dags/example_nested_branch_dag.py
[2022-10-04T03:17:59.270+0000] {logging_mixin.py:117} INFO - [2022-10-04T03:17:59.270+0000] {dag.py:2573} INFO - Sync 1 DAGs
[2022-10-04T03:17:59.411+0000] {logging_mixin.py:117} INFO - [2022-10-04T03:17:59.411+0000] {dag.py:3324} INFO - Setting next_dagrun for example_nested_branch_dag to 2022-10-03T00:00:00+00:00, run_after=2022-10-04T00:00:00+00:00
[2022-10-04T03:17:59.431+0000] {processor.py:178} INFO - Processing /usr/local/lib/python3.10/dist-packages/airflow/example_dags/example_nested_branch_dag.py took 0.210 seconds
[2022-10-04T03:18:42.287+0000] {processor.py:156} INFO - Started process (PID=8686) to work on /usr/local/lib/python3.10/dist-packages/airflow/example_dags/example_nested_branch_dag.py
[2022-10-04T03:18:42.288+0000] {processor.py:758} INFO - Processing file /usr/local/lib/python3.10/dist-packages/airflow/example_dags/example_nested_branch_dag.py for tasks to queue
[2022-10-04T03:18:42.289+0000] {logging_mixin.py:117} INFO - [2022-10-04T03:18:42.289+0000] {dagbag.py:525} INFO - Filling up the DagBag from /usr/local/lib/python3.10/dist-packages/airflow/example_dags/example_nested_branch_dag.py
[2022-10-04T03:18:42.360+0000] {processor.py:768} INFO - DAG(s) dict_keys(['example_nested_branch_dag']) retrieved from /usr/local/lib/python3.10/dist-packages/airflow/example_dags/example_nested_branch_dag.py
[2022-10-04T03:18:42.410+0000] {logging_mixin.py:117} INFO - [2022-10-04T03:18:42.410+0000] {dag.py:2573} INFO - Sync 1 DAGs
[2022-10-04T03:18:42.480+0000] {logging_mixin.py:117} INFO - [2022-10-04T03:18:42.480+0000] {dag.py:3324} INFO - Setting next_dagrun for example_nested_branch_dag to 2022-10-03T00:00:00+00:00, run_after=2022-10-04T00:00:00+00:00
[2022-10-04T03:18:42.557+0000] {processor.py:178} INFO - Processing /usr/local/lib/python3.10/dist-packages/airflow/example_dags/example_nested_branch_dag.py took 0.298 seconds
[2022-10-04T03:19:19.634+0000] {processor.py:156} INFO - Started process (PID=8723) to work on /usr/local/lib/python3.10/dist-packages/airflow/example_dags/example_nested_branch_dag.py
[2022-10-04T03:19:19.635+0000] {processor.py:758} INFO - Processing file /usr/local/lib/python3.10/dist-packages/airflow/example_dags/example_nested_branch_dag.py for tasks to queue
[2022-10-04T03:19:19.635+0000] {logging_mixin.py:117} INFO - [2022-10-04T03:19:19.635+0000] {dagbag.py:525} INFO - Filling up the DagBag from /usr/local/lib/python3.10/dist-packages/airflow/example_dags/example_nested_branch_dag.py
[2022-10-04T03:19:19.660+0000] {processor.py:768} INFO - DAG(s) dict_keys(['example_nested_branch_dag']) retrieved from /usr/local/lib/python3.10/dist-packages/airflow/example_dags/example_nested_branch_dag.py
[2022-10-04T03:19:19.683+0000] {logging_mixin.py:117} INFO - [2022-10-04T03:19:19.682+0000] {dag.py:2573} INFO - Sync 1 DAGs
[2022-10-04T03:19:19.701+0000] {logging_mixin.py:117} INFO - [2022-10-04T03:19:19.701+0000] {dag.py:3324} INFO - Setting next_dagrun for example_nested_branch_dag to 2022-10-03T00:00:00+00:00, run_after=2022-10-04T00:00:00+00:00
[2022-10-04T03:19:19.728+0000] {processor.py:178} INFO - Processing /usr/local/lib/python3.10/dist-packages/airflow/example_dags/example_nested_branch_dag.py took 0.097 seconds
[2022-10-04T03:19:58.277+0000] {processor.py:156} INFO - Started process (PID=8764) to work on /usr/local/lib/python3.10/dist-packages/airflow/example_dags/example_nested_branch_dag.py
[2022-10-04T03:19:58.278+0000] {processor.py:758} INFO - Processing file /usr/local/lib/python3.10/dist-packages/airflow/example_dags/example_nested_branch_dag.py for tasks to queue
[2022-10-04T03:19:58.278+0000] {logging_mixin.py:117} INFO - [2022-10-04T03:19:58.278+0000] {dagbag.py:525} INFO - Filling up the DagBag from /usr/local/lib/python3.10/dist-packages/airflow/example_dags/example_nested_branch_dag.py
[2022-10-04T03:19:58.302+0000] {processor.py:768} INFO - DAG(s) dict_keys(['example_nested_branch_dag']) retrieved from /usr/local/lib/python3.10/dist-packages/airflow/example_dags/example_nested_branch_dag.py
[2022-10-04T03:19:58.324+0000] {logging_mixin.py:117} INFO - [2022-10-04T03:19:58.324+0000] {dag.py:2573} INFO - Sync 1 DAGs
[2022-10-04T03:19:58.342+0000] {logging_mixin.py:117} INFO - [2022-10-04T03:19:58.342+0000] {dag.py:3324} INFO - Setting next_dagrun for example_nested_branch_dag to 2022-10-03T00:00:00+00:00, run_after=2022-10-04T00:00:00+00:00
[2022-10-04T03:19:58.373+0000] {processor.py:178} INFO - Processing /usr/local/lib/python3.10/dist-packages/airflow/example_dags/example_nested_branch_dag.py took 0.098 seconds
[2022-10-04T03:20:36.399+0000] {processor.py:156} INFO - Started process (PID=8804) to work on /usr/local/lib/python3.10/dist-packages/airflow/example_dags/example_nested_branch_dag.py
[2022-10-04T03:20:36.400+0000] {processor.py:758} INFO - Processing file /usr/local/lib/python3.10/dist-packages/airflow/example_dags/example_nested_branch_dag.py for tasks to queue
[2022-10-04T03:20:36.400+0000] {logging_mixin.py:117} INFO - [2022-10-04T03:20:36.400+0000] {dagbag.py:525} INFO - Filling up the DagBag from /usr/local/lib/python3.10/dist-packages/airflow/example_dags/example_nested_branch_dag.py
[2022-10-04T03:20:36.424+0000] {processor.py:768} INFO - DAG(s) dict_keys(['example_nested_branch_dag']) retrieved from /usr/local/lib/python3.10/dist-packages/airflow/example_dags/example_nested_branch_dag.py
[2022-10-04T03:20:36.449+0000] {logging_mixin.py:117} INFO - [2022-10-04T03:20:36.448+0000] {dag.py:2573} INFO - Sync 1 DAGs
[2022-10-04T03:20:36.468+0000] {logging_mixin.py:117} INFO - [2022-10-04T03:20:36.468+0000] {dag.py:3324} INFO - Setting next_dagrun for example_nested_branch_dag to 2022-10-03T00:00:00+00:00, run_after=2022-10-04T00:00:00+00:00
[2022-10-04T03:20:36.488+0000] {processor.py:178} INFO - Processing /usr/local/lib/python3.10/dist-packages/airflow/example_dags/example_nested_branch_dag.py took 0.093 seconds
[2022-10-04T03:21:13.821+0000] {processor.py:156} INFO - Started process (PID=8839) to work on /usr/local/lib/python3.10/dist-packages/airflow/example_dags/example_nested_branch_dag.py
[2022-10-04T03:21:13.822+0000] {processor.py:758} INFO - Processing file /usr/local/lib/python3.10/dist-packages/airflow/example_dags/example_nested_branch_dag.py for tasks to queue
[2022-10-04T03:21:13.823+0000] {logging_mixin.py:117} INFO - [2022-10-04T03:21:13.823+0000] {dagbag.py:525} INFO - Filling up the DagBag from /usr/local/lib/python3.10/dist-packages/airflow/example_dags/example_nested_branch_dag.py
[2022-10-04T03:21:13.845+0000] {processor.py:768} INFO - DAG(s) dict_keys(['example_nested_branch_dag']) retrieved from /usr/local/lib/python3.10/dist-packages/airflow/example_dags/example_nested_branch_dag.py
[2022-10-04T03:21:13.868+0000] {logging_mixin.py:117} INFO - [2022-10-04T03:21:13.868+0000] {dag.py:2573} INFO - Sync 1 DAGs
[2022-10-04T03:21:13.888+0000] {logging_mixin.py:117} INFO - [2022-10-04T03:21:13.888+0000] {dag.py:3324} INFO - Setting next_dagrun for example_nested_branch_dag to 2022-10-03T00:00:00+00:00, run_after=2022-10-04T00:00:00+00:00
[2022-10-04T03:21:13.910+0000] {processor.py:178} INFO - Processing /usr/local/lib/python3.10/dist-packages/airflow/example_dags/example_nested_branch_dag.py took 0.092 seconds
[2022-10-04T03:21:51.866+0000] {processor.py:156} INFO - Started process (PID=8877) to work on /usr/local/lib/python3.10/dist-packages/airflow/example_dags/example_nested_branch_dag.py
[2022-10-04T03:21:51.867+0000] {processor.py:758} INFO - Processing file /usr/local/lib/python3.10/dist-packages/airflow/example_dags/example_nested_branch_dag.py for tasks to queue
[2022-10-04T03:21:51.868+0000] {logging_mixin.py:117} INFO - [2022-10-04T03:21:51.868+0000] {dagbag.py:525} INFO - Filling up the DagBag from /usr/local/lib/python3.10/dist-packages/airflow/example_dags/example_nested_branch_dag.py
[2022-10-04T03:21:51.890+0000] {processor.py:768} INFO - DAG(s) dict_keys(['example_nested_branch_dag']) retrieved from /usr/local/lib/python3.10/dist-packages/airflow/example_dags/example_nested_branch_dag.py
[2022-10-04T03:21:51.911+0000] {logging_mixin.py:117} INFO - [2022-10-04T03:21:51.911+0000] {dag.py:2573} INFO - Sync 1 DAGs
[2022-10-04T03:21:51.930+0000] {logging_mixin.py:117} INFO - [2022-10-04T03:21:51.930+0000] {dag.py:3324} INFO - Setting next_dagrun for example_nested_branch_dag to 2022-10-03T00:00:00+00:00, run_after=2022-10-04T00:00:00+00:00
[2022-10-04T03:21:51.952+0000] {processor.py:178} INFO - Processing /usr/local/lib/python3.10/dist-packages/airflow/example_dags/example_nested_branch_dag.py took 0.088 seconds
[2022-10-04T03:22:29.514+0000] {processor.py:156} INFO - Started process (PID=8917) to work on /usr/local/lib/python3.10/dist-packages/airflow/example_dags/example_nested_branch_dag.py
[2022-10-04T03:22:29.515+0000] {processor.py:758} INFO - Processing file /usr/local/lib/python3.10/dist-packages/airflow/example_dags/example_nested_branch_dag.py for tasks to queue
[2022-10-04T03:22:29.516+0000] {logging_mixin.py:117} INFO - [2022-10-04T03:22:29.516+0000] {dagbag.py:525} INFO - Filling up the DagBag from /usr/local/lib/python3.10/dist-packages/airflow/example_dags/example_nested_branch_dag.py
[2022-10-04T03:22:29.541+0000] {processor.py:768} INFO - DAG(s) dict_keys(['example_nested_branch_dag']) retrieved from /usr/local/lib/python3.10/dist-packages/airflow/example_dags/example_nested_branch_dag.py
[2022-10-04T03:22:29.565+0000] {logging_mixin.py:117} INFO - [2022-10-04T03:22:29.565+0000] {dag.py:2573} INFO - Sync 1 DAGs
[2022-10-04T03:22:29.584+0000] {logging_mixin.py:117} INFO - [2022-10-04T03:22:29.584+0000] {dag.py:3324} INFO - Setting next_dagrun for example_nested_branch_dag to 2022-10-03T00:00:00+00:00, run_after=2022-10-04T00:00:00+00:00
[2022-10-04T03:22:29.606+0000] {processor.py:178} INFO - Processing /usr/local/lib/python3.10/dist-packages/airflow/example_dags/example_nested_branch_dag.py took 0.094 seconds
[2022-10-04T03:23:07.700+0000] {processor.py:156} INFO - Started process (PID=8955) to work on /usr/local/lib/python3.10/dist-packages/airflow/example_dags/example_nested_branch_dag.py
[2022-10-04T03:23:07.702+0000] {processor.py:758} INFO - Processing file /usr/local/lib/python3.10/dist-packages/airflow/example_dags/example_nested_branch_dag.py for tasks to queue
[2022-10-04T03:23:07.702+0000] {logging_mixin.py:117} INFO - [2022-10-04T03:23:07.702+0000] {dagbag.py:525} INFO - Filling up the DagBag from /usr/local/lib/python3.10/dist-packages/airflow/example_dags/example_nested_branch_dag.py
[2022-10-04T03:23:07.724+0000] {processor.py:768} INFO - DAG(s) dict_keys(['example_nested_branch_dag']) retrieved from /usr/local/lib/python3.10/dist-packages/airflow/example_dags/example_nested_branch_dag.py
[2022-10-04T03:23:07.746+0000] {logging_mixin.py:117} INFO - [2022-10-04T03:23:07.746+0000] {dag.py:2573} INFO - Sync 1 DAGs
[2022-10-04T03:23:07.766+0000] {logging_mixin.py:117} INFO - [2022-10-04T03:23:07.766+0000] {dag.py:3324} INFO - Setting next_dagrun for example_nested_branch_dag to 2022-10-03T00:00:00+00:00, run_after=2022-10-04T00:00:00+00:00
[2022-10-04T03:23:07.799+0000] {processor.py:178} INFO - Processing /usr/local/lib/python3.10/dist-packages/airflow/example_dags/example_nested_branch_dag.py took 0.101 seconds
[2022-10-04T03:23:41.041+0000] {processor.py:156} INFO - Started process (PID=8993) to work on /usr/local/lib/python3.10/dist-packages/airflow/example_dags/example_nested_branch_dag.py
[2022-10-04T03:23:41.058+0000] {processor.py:758} INFO - Processing file /usr/local/lib/python3.10/dist-packages/airflow/example_dags/example_nested_branch_dag.py for tasks to queue
[2022-10-04T03:23:41.059+0000] {logging_mixin.py:117} INFO - [2022-10-04T03:23:41.059+0000] {dagbag.py:525} INFO - Filling up the DagBag from /usr/local/lib/python3.10/dist-packages/airflow/example_dags/example_nested_branch_dag.py
[2022-10-04T03:23:41.135+0000] {processor.py:768} INFO - DAG(s) dict_keys(['example_nested_branch_dag']) retrieved from /usr/local/lib/python3.10/dist-packages/airflow/example_dags/example_nested_branch_dag.py
[2022-10-04T03:23:41.194+0000] {logging_mixin.py:117} INFO - [2022-10-04T03:23:41.185+0000] {dag.py:2573} INFO - Sync 1 DAGs
[2022-10-04T03:23:41.267+0000] {logging_mixin.py:117} INFO - [2022-10-04T03:23:41.267+0000] {dag.py:3324} INFO - Setting next_dagrun for example_nested_branch_dag to 2022-10-03T00:00:00+00:00, run_after=2022-10-04T00:00:00+00:00
[2022-10-04T03:23:41.320+0000] {processor.py:178} INFO - Processing /usr/local/lib/python3.10/dist-packages/airflow/example_dags/example_nested_branch_dag.py took 0.282 seconds
[2022-10-04T03:24:18.515+0000] {processor.py:156} INFO - Started process (PID=9033) to work on /usr/local/lib/python3.10/dist-packages/airflow/example_dags/example_nested_branch_dag.py
[2022-10-04T03:24:18.516+0000] {processor.py:758} INFO - Processing file /usr/local/lib/python3.10/dist-packages/airflow/example_dags/example_nested_branch_dag.py for tasks to queue
[2022-10-04T03:24:18.516+0000] {logging_mixin.py:117} INFO - [2022-10-04T03:24:18.516+0000] {dagbag.py:525} INFO - Filling up the DagBag from /usr/local/lib/python3.10/dist-packages/airflow/example_dags/example_nested_branch_dag.py
[2022-10-04T03:24:18.555+0000] {processor.py:768} INFO - DAG(s) dict_keys(['example_nested_branch_dag']) retrieved from /usr/local/lib/python3.10/dist-packages/airflow/example_dags/example_nested_branch_dag.py
[2022-10-04T03:24:18.581+0000] {logging_mixin.py:117} INFO - [2022-10-04T03:24:18.580+0000] {dag.py:2573} INFO - Sync 1 DAGs
[2022-10-04T03:24:18.601+0000] {logging_mixin.py:117} INFO - [2022-10-04T03:24:18.601+0000] {dag.py:3324} INFO - Setting next_dagrun for example_nested_branch_dag to 2022-10-03T00:00:00+00:00, run_after=2022-10-04T00:00:00+00:00
[2022-10-04T03:24:18.622+0000] {processor.py:178} INFO - Processing /usr/local/lib/python3.10/dist-packages/airflow/example_dags/example_nested_branch_dag.py took 0.110 seconds
[2022-10-04T03:24:57.406+0000] {processor.py:156} INFO - Started process (PID=9072) to work on /usr/local/lib/python3.10/dist-packages/airflow/example_dags/example_nested_branch_dag.py
[2022-10-04T03:24:57.409+0000] {processor.py:758} INFO - Processing file /usr/local/lib/python3.10/dist-packages/airflow/example_dags/example_nested_branch_dag.py for tasks to queue
[2022-10-04T03:24:57.410+0000] {logging_mixin.py:117} INFO - [2022-10-04T03:24:57.409+0000] {dagbag.py:525} INFO - Filling up the DagBag from /usr/local/lib/python3.10/dist-packages/airflow/example_dags/example_nested_branch_dag.py
[2022-10-04T03:24:57.439+0000] {processor.py:768} INFO - DAG(s) dict_keys(['example_nested_branch_dag']) retrieved from /usr/local/lib/python3.10/dist-packages/airflow/example_dags/example_nested_branch_dag.py
[2022-10-04T03:24:57.465+0000] {logging_mixin.py:117} INFO - [2022-10-04T03:24:57.464+0000] {dag.py:2573} INFO - Sync 1 DAGs
[2022-10-04T03:24:57.487+0000] {logging_mixin.py:117} INFO - [2022-10-04T03:24:57.486+0000] {dag.py:3324} INFO - Setting next_dagrun for example_nested_branch_dag to 2022-10-03T00:00:00+00:00, run_after=2022-10-04T00:00:00+00:00
[2022-10-04T03:24:57.511+0000] {processor.py:178} INFO - Processing /usr/local/lib/python3.10/dist-packages/airflow/example_dags/example_nested_branch_dag.py took 0.117 seconds
[2022-10-04T03:25:35.350+0000] {processor.py:156} INFO - Started process (PID=9113) to work on /usr/local/lib/python3.10/dist-packages/airflow/example_dags/example_nested_branch_dag.py
[2022-10-04T03:25:35.351+0000] {processor.py:758} INFO - Processing file /usr/local/lib/python3.10/dist-packages/airflow/example_dags/example_nested_branch_dag.py for tasks to queue
[2022-10-04T03:25:35.352+0000] {logging_mixin.py:117} INFO - [2022-10-04T03:25:35.352+0000] {dagbag.py:525} INFO - Filling up the DagBag from /usr/local/lib/python3.10/dist-packages/airflow/example_dags/example_nested_branch_dag.py
[2022-10-04T03:25:35.375+0000] {processor.py:768} INFO - DAG(s) dict_keys(['example_nested_branch_dag']) retrieved from /usr/local/lib/python3.10/dist-packages/airflow/example_dags/example_nested_branch_dag.py
[2022-10-04T03:25:35.396+0000] {logging_mixin.py:117} INFO - [2022-10-04T03:25:35.395+0000] {dag.py:2573} INFO - Sync 1 DAGs
[2022-10-04T03:25:35.414+0000] {logging_mixin.py:117} INFO - [2022-10-04T03:25:35.414+0000] {dag.py:3324} INFO - Setting next_dagrun for example_nested_branch_dag to 2022-10-03T00:00:00+00:00, run_after=2022-10-04T00:00:00+00:00
[2022-10-04T03:25:35.435+0000] {processor.py:178} INFO - Processing /usr/local/lib/python3.10/dist-packages/airflow/example_dags/example_nested_branch_dag.py took 0.088 seconds
[2022-10-04T03:26:13.567+0000] {processor.py:156} INFO - Started process (PID=9157) to work on /usr/local/lib/python3.10/dist-packages/airflow/example_dags/example_nested_branch_dag.py
[2022-10-04T03:26:13.568+0000] {processor.py:758} INFO - Processing file /usr/local/lib/python3.10/dist-packages/airflow/example_dags/example_nested_branch_dag.py for tasks to queue
[2022-10-04T03:26:13.569+0000] {logging_mixin.py:117} INFO - [2022-10-04T03:26:13.569+0000] {dagbag.py:525} INFO - Filling up the DagBag from /usr/local/lib/python3.10/dist-packages/airflow/example_dags/example_nested_branch_dag.py
[2022-10-04T03:26:13.680+0000] {processor.py:768} INFO - DAG(s) dict_keys(['example_nested_branch_dag']) retrieved from /usr/local/lib/python3.10/dist-packages/airflow/example_dags/example_nested_branch_dag.py
[2022-10-04T03:26:13.720+0000] {logging_mixin.py:117} INFO - [2022-10-04T03:26:13.720+0000] {dag.py:2573} INFO - Sync 1 DAGs
[2022-10-04T03:26:13.800+0000] {logging_mixin.py:117} INFO - [2022-10-04T03:26:13.799+0000] {dag.py:3324} INFO - Setting next_dagrun for example_nested_branch_dag to 2022-10-03T00:00:00+00:00, run_after=2022-10-04T00:00:00+00:00
[2022-10-04T03:26:13.872+0000] {processor.py:178} INFO - Processing /usr/local/lib/python3.10/dist-packages/airflow/example_dags/example_nested_branch_dag.py took 0.325 seconds
[2022-10-04T03:26:55.037+0000] {processor.py:156} INFO - Started process (PID=9199) to work on /usr/local/lib/python3.10/dist-packages/airflow/example_dags/example_nested_branch_dag.py
[2022-10-04T03:26:55.040+0000] {processor.py:758} INFO - Processing file /usr/local/lib/python3.10/dist-packages/airflow/example_dags/example_nested_branch_dag.py for tasks to queue
[2022-10-04T03:26:55.040+0000] {logging_mixin.py:117} INFO - [2022-10-04T03:26:55.040+0000] {dagbag.py:525} INFO - Filling up the DagBag from /usr/local/lib/python3.10/dist-packages/airflow/example_dags/example_nested_branch_dag.py
[2022-10-04T03:26:55.100+0000] {processor.py:768} INFO - DAG(s) dict_keys(['example_nested_branch_dag']) retrieved from /usr/local/lib/python3.10/dist-packages/airflow/example_dags/example_nested_branch_dag.py
[2022-10-04T03:26:55.133+0000] {logging_mixin.py:117} INFO - [2022-10-04T03:26:55.133+0000] {dag.py:2573} INFO - Sync 1 DAGs
[2022-10-04T03:26:55.152+0000] {logging_mixin.py:117} INFO - [2022-10-04T03:26:55.152+0000] {dag.py:3324} INFO - Setting next_dagrun for example_nested_branch_dag to 2022-10-03T00:00:00+00:00, run_after=2022-10-04T00:00:00+00:00
[2022-10-04T03:26:55.173+0000] {processor.py:178} INFO - Processing /usr/local/lib/python3.10/dist-packages/airflow/example_dags/example_nested_branch_dag.py took 0.141 seconds
[2022-10-04T03:30:21.500+0000] {processor.py:156} INFO - Started process (PID=9255) to work on /usr/local/lib/python3.10/dist-packages/airflow/example_dags/example_nested_branch_dag.py
[2022-10-04T03:30:21.501+0000] {processor.py:758} INFO - Processing file /usr/local/lib/python3.10/dist-packages/airflow/example_dags/example_nested_branch_dag.py for tasks to queue
[2022-10-04T03:30:21.502+0000] {logging_mixin.py:117} INFO - [2022-10-04T03:30:21.502+0000] {dagbag.py:525} INFO - Filling up the DagBag from /usr/local/lib/python3.10/dist-packages/airflow/example_dags/example_nested_branch_dag.py
[2022-10-04T03:30:21.529+0000] {processor.py:768} INFO - DAG(s) dict_keys(['example_nested_branch_dag']) retrieved from /usr/local/lib/python3.10/dist-packages/airflow/example_dags/example_nested_branch_dag.py
[2022-10-04T03:30:21.541+0000] {logging_mixin.py:117} INFO - [2022-10-04T03:30:21.541+0000] {dag.py:2573} INFO - Sync 1 DAGs
[2022-10-04T03:30:21.565+0000] {logging_mixin.py:117} INFO - [2022-10-04T03:30:21.565+0000] {dag.py:3324} INFO - Setting next_dagrun for example_nested_branch_dag to 2022-10-03T00:00:00+00:00, run_after=2022-10-04T00:00:00+00:00
[2022-10-04T03:30:21.588+0000] {processor.py:178} INFO - Processing /usr/local/lib/python3.10/dist-packages/airflow/example_dags/example_nested_branch_dag.py took 0.091 seconds
[2022-10-04T03:31:00.087+0000] {processor.py:156} INFO - Started process (PID=9296) to work on /usr/local/lib/python3.10/dist-packages/airflow/example_dags/example_nested_branch_dag.py
[2022-10-04T03:31:00.092+0000] {processor.py:758} INFO - Processing file /usr/local/lib/python3.10/dist-packages/airflow/example_dags/example_nested_branch_dag.py for tasks to queue
[2022-10-04T03:31:00.094+0000] {logging_mixin.py:117} INFO - [2022-10-04T03:31:00.094+0000] {dagbag.py:525} INFO - Filling up the DagBag from /usr/local/lib/python3.10/dist-packages/airflow/example_dags/example_nested_branch_dag.py
[2022-10-04T03:31:00.155+0000] {processor.py:768} INFO - DAG(s) dict_keys(['example_nested_branch_dag']) retrieved from /usr/local/lib/python3.10/dist-packages/airflow/example_dags/example_nested_branch_dag.py
[2022-10-04T03:31:00.212+0000] {logging_mixin.py:117} INFO - [2022-10-04T03:31:00.212+0000] {dag.py:2573} INFO - Sync 1 DAGs
[2022-10-04T03:31:00.235+0000] {logging_mixin.py:117} INFO - [2022-10-04T03:31:00.235+0000] {dag.py:3324} INFO - Setting next_dagrun for example_nested_branch_dag to 2022-10-03T00:00:00+00:00, run_after=2022-10-04T00:00:00+00:00
[2022-10-04T03:31:00.266+0000] {processor.py:178} INFO - Processing /usr/local/lib/python3.10/dist-packages/airflow/example_dags/example_nested_branch_dag.py took 0.183 seconds
[2022-10-04T03:31:39.668+0000] {processor.py:156} INFO - Started process (PID=9336) to work on /usr/local/lib/python3.10/dist-packages/airflow/example_dags/example_nested_branch_dag.py
[2022-10-04T03:31:39.669+0000] {processor.py:758} INFO - Processing file /usr/local/lib/python3.10/dist-packages/airflow/example_dags/example_nested_branch_dag.py for tasks to queue
[2022-10-04T03:31:39.670+0000] {logging_mixin.py:117} INFO - [2022-10-04T03:31:39.670+0000] {dagbag.py:525} INFO - Filling up the DagBag from /usr/local/lib/python3.10/dist-packages/airflow/example_dags/example_nested_branch_dag.py
[2022-10-04T03:31:39.700+0000] {processor.py:768} INFO - DAG(s) dict_keys(['example_nested_branch_dag']) retrieved from /usr/local/lib/python3.10/dist-packages/airflow/example_dags/example_nested_branch_dag.py
[2022-10-04T03:31:39.746+0000] {logging_mixin.py:117} INFO - [2022-10-04T03:31:39.746+0000] {dag.py:2573} INFO - Sync 1 DAGs
[2022-10-04T03:31:39.767+0000] {logging_mixin.py:117} INFO - [2022-10-04T03:31:39.766+0000] {dag.py:3324} INFO - Setting next_dagrun for example_nested_branch_dag to 2022-10-03T00:00:00+00:00, run_after=2022-10-04T00:00:00+00:00
[2022-10-04T03:31:39.789+0000] {processor.py:178} INFO - Processing /usr/local/lib/python3.10/dist-packages/airflow/example_dags/example_nested_branch_dag.py took 0.124 seconds
[2022-10-04T03:32:17.947+0000] {processor.py:156} INFO - Started process (PID=9390) to work on /usr/local/lib/python3.10/dist-packages/airflow/example_dags/example_nested_branch_dag.py
[2022-10-04T03:32:17.948+0000] {processor.py:758} INFO - Processing file /usr/local/lib/python3.10/dist-packages/airflow/example_dags/example_nested_branch_dag.py for tasks to queue
[2022-10-04T03:32:17.949+0000] {logging_mixin.py:117} INFO - [2022-10-04T03:32:17.949+0000] {dagbag.py:525} INFO - Filling up the DagBag from /usr/local/lib/python3.10/dist-packages/airflow/example_dags/example_nested_branch_dag.py
[2022-10-04T03:32:17.973+0000] {processor.py:768} INFO - DAG(s) dict_keys(['example_nested_branch_dag']) retrieved from /usr/local/lib/python3.10/dist-packages/airflow/example_dags/example_nested_branch_dag.py
[2022-10-04T03:32:17.997+0000] {logging_mixin.py:117} INFO - [2022-10-04T03:32:17.996+0000] {dag.py:2573} INFO - Sync 1 DAGs
[2022-10-04T03:32:18.015+0000] {logging_mixin.py:117} INFO - [2022-10-04T03:32:18.015+0000] {dag.py:3324} INFO - Setting next_dagrun for example_nested_branch_dag to 2022-10-03T00:00:00+00:00, run_after=2022-10-04T00:00:00+00:00
[2022-10-04T03:32:18.038+0000] {processor.py:178} INFO - Processing /usr/local/lib/python3.10/dist-packages/airflow/example_dags/example_nested_branch_dag.py took 0.094 seconds
[2022-10-04T03:32:53.647+0000] {processor.py:156} INFO - Started process (PID=9428) to work on /usr/local/lib/python3.10/dist-packages/airflow/example_dags/example_nested_branch_dag.py
[2022-10-04T03:32:53.649+0000] {processor.py:758} INFO - Processing file /usr/local/lib/python3.10/dist-packages/airflow/example_dags/example_nested_branch_dag.py for tasks to queue
[2022-10-04T03:32:53.649+0000] {logging_mixin.py:117} INFO - [2022-10-04T03:32:53.649+0000] {dagbag.py:525} INFO - Filling up the DagBag from /usr/local/lib/python3.10/dist-packages/airflow/example_dags/example_nested_branch_dag.py
[2022-10-04T03:32:53.681+0000] {processor.py:768} INFO - DAG(s) dict_keys(['example_nested_branch_dag']) retrieved from /usr/local/lib/python3.10/dist-packages/airflow/example_dags/example_nested_branch_dag.py
[2022-10-04T03:32:53.710+0000] {logging_mixin.py:117} INFO - [2022-10-04T03:32:53.710+0000] {dag.py:2573} INFO - Sync 1 DAGs
[2022-10-04T03:32:53.734+0000] {logging_mixin.py:117} INFO - [2022-10-04T03:32:53.734+0000] {dag.py:3324} INFO - Setting next_dagrun for example_nested_branch_dag to 2022-10-03T00:00:00+00:00, run_after=2022-10-04T00:00:00+00:00
[2022-10-04T03:32:53.775+0000] {processor.py:178} INFO - Processing /usr/local/lib/python3.10/dist-packages/airflow/example_dags/example_nested_branch_dag.py took 0.130 seconds
[2022-10-04T03:33:32.169+0000] {processor.py:156} INFO - Started process (PID=9467) to work on /usr/local/lib/python3.10/dist-packages/airflow/example_dags/example_nested_branch_dag.py
[2022-10-04T03:33:32.170+0000] {processor.py:758} INFO - Processing file /usr/local/lib/python3.10/dist-packages/airflow/example_dags/example_nested_branch_dag.py for tasks to queue
[2022-10-04T03:33:32.171+0000] {logging_mixin.py:117} INFO - [2022-10-04T03:33:32.171+0000] {dagbag.py:525} INFO - Filling up the DagBag from /usr/local/lib/python3.10/dist-packages/airflow/example_dags/example_nested_branch_dag.py
[2022-10-04T03:33:32.195+0000] {processor.py:768} INFO - DAG(s) dict_keys(['example_nested_branch_dag']) retrieved from /usr/local/lib/python3.10/dist-packages/airflow/example_dags/example_nested_branch_dag.py
[2022-10-04T03:33:32.222+0000] {logging_mixin.py:117} INFO - [2022-10-04T03:33:32.222+0000] {dag.py:2573} INFO - Sync 1 DAGs
[2022-10-04T03:33:32.244+0000] {logging_mixin.py:117} INFO - [2022-10-04T03:33:32.243+0000] {dag.py:3324} INFO - Setting next_dagrun for example_nested_branch_dag to 2022-10-03T00:00:00+00:00, run_after=2022-10-04T00:00:00+00:00
[2022-10-04T03:33:32.267+0000] {processor.py:178} INFO - Processing /usr/local/lib/python3.10/dist-packages/airflow/example_dags/example_nested_branch_dag.py took 0.101 seconds
[2022-10-04T03:34:05.888+0000] {processor.py:156} INFO - Started process (PID=9506) to work on /usr/local/lib/python3.10/dist-packages/airflow/example_dags/example_nested_branch_dag.py
[2022-10-04T03:34:05.889+0000] {processor.py:758} INFO - Processing file /usr/local/lib/python3.10/dist-packages/airflow/example_dags/example_nested_branch_dag.py for tasks to queue
[2022-10-04T03:34:05.890+0000] {logging_mixin.py:117} INFO - [2022-10-04T03:34:05.890+0000] {dagbag.py:525} INFO - Filling up the DagBag from /usr/local/lib/python3.10/dist-packages/airflow/example_dags/example_nested_branch_dag.py
[2022-10-04T03:34:05.925+0000] {processor.py:768} INFO - DAG(s) dict_keys(['example_nested_branch_dag']) retrieved from /usr/local/lib/python3.10/dist-packages/airflow/example_dags/example_nested_branch_dag.py
[2022-10-04T03:34:05.954+0000] {logging_mixin.py:117} INFO - [2022-10-04T03:34:05.954+0000] {dag.py:2573} INFO - Sync 1 DAGs
[2022-10-04T03:34:05.978+0000] {logging_mixin.py:117} INFO - [2022-10-04T03:34:05.977+0000] {dag.py:3324} INFO - Setting next_dagrun for example_nested_branch_dag to 2022-10-03T00:00:00+00:00, run_after=2022-10-04T00:00:00+00:00
[2022-10-04T03:34:06.002+0000] {processor.py:178} INFO - Processing /usr/local/lib/python3.10/dist-packages/airflow/example_dags/example_nested_branch_dag.py took 0.117 seconds
[2022-10-04T03:46:13.419+0000] {processor.py:156} INFO - Started process (PID=968) to work on /usr/local/lib/python3.10/dist-packages/airflow/example_dags/example_nested_branch_dag.py
[2022-10-04T03:46:13.421+0000] {processor.py:758} INFO - Processing file /usr/local/lib/python3.10/dist-packages/airflow/example_dags/example_nested_branch_dag.py for tasks to queue
[2022-10-04T03:46:13.422+0000] {logging_mixin.py:117} INFO - [2022-10-04T03:46:13.422+0000] {dagbag.py:525} INFO - Filling up the DagBag from /usr/local/lib/python3.10/dist-packages/airflow/example_dags/example_nested_branch_dag.py
[2022-10-04T03:46:13.496+0000] {processor.py:768} INFO - DAG(s) dict_keys(['example_nested_branch_dag']) retrieved from /usr/local/lib/python3.10/dist-packages/airflow/example_dags/example_nested_branch_dag.py
[2022-10-04T03:46:13.544+0000] {logging_mixin.py:117} INFO - [2022-10-04T03:46:13.544+0000] {dag.py:2573} INFO - Sync 1 DAGs
[2022-10-04T03:46:13.623+0000] {logging_mixin.py:117} INFO - [2022-10-04T03:46:13.623+0000] {dag.py:3324} INFO - Setting next_dagrun for example_nested_branch_dag to 2022-10-03T00:00:00+00:00, run_after=2022-10-04T00:00:00+00:00
[2022-10-04T03:46:13.696+0000] {processor.py:178} INFO - Processing /usr/local/lib/python3.10/dist-packages/airflow/example_dags/example_nested_branch_dag.py took 0.297 seconds
[2022-10-04T03:46:51.754+0000] {processor.py:156} INFO - Started process (PID=1012) to work on /usr/local/lib/python3.10/dist-packages/airflow/example_dags/example_nested_branch_dag.py
[2022-10-04T03:46:51.755+0000] {processor.py:758} INFO - Processing file /usr/local/lib/python3.10/dist-packages/airflow/example_dags/example_nested_branch_dag.py for tasks to queue
[2022-10-04T03:46:51.756+0000] {logging_mixin.py:117} INFO - [2022-10-04T03:46:51.755+0000] {dagbag.py:525} INFO - Filling up the DagBag from /usr/local/lib/python3.10/dist-packages/airflow/example_dags/example_nested_branch_dag.py
[2022-10-04T03:46:51.780+0000] {processor.py:768} INFO - DAG(s) dict_keys(['example_nested_branch_dag']) retrieved from /usr/local/lib/python3.10/dist-packages/airflow/example_dags/example_nested_branch_dag.py
[2022-10-04T03:46:51.808+0000] {logging_mixin.py:117} INFO - [2022-10-04T03:46:51.808+0000] {dag.py:2573} INFO - Sync 1 DAGs
[2022-10-04T03:46:51.828+0000] {logging_mixin.py:117} INFO - [2022-10-04T03:46:51.827+0000] {dag.py:3324} INFO - Setting next_dagrun for example_nested_branch_dag to 2022-10-03T00:00:00+00:00, run_after=2022-10-04T00:00:00+00:00
[2022-10-04T03:46:51.850+0000] {processor.py:178} INFO - Processing /usr/local/lib/python3.10/dist-packages/airflow/example_dags/example_nested_branch_dag.py took 0.100 seconds
[2022-10-04T03:47:32.153+0000] {processor.py:156} INFO - Started process (PID=1053) to work on /usr/local/lib/python3.10/dist-packages/airflow/example_dags/example_nested_branch_dag.py
[2022-10-04T03:47:32.155+0000] {processor.py:758} INFO - Processing file /usr/local/lib/python3.10/dist-packages/airflow/example_dags/example_nested_branch_dag.py for tasks to queue
[2022-10-04T03:47:32.155+0000] {logging_mixin.py:117} INFO - [2022-10-04T03:47:32.155+0000] {dagbag.py:525} INFO - Filling up the DagBag from /usr/local/lib/python3.10/dist-packages/airflow/example_dags/example_nested_branch_dag.py
[2022-10-04T03:47:32.178+0000] {processor.py:768} INFO - DAG(s) dict_keys(['example_nested_branch_dag']) retrieved from /usr/local/lib/python3.10/dist-packages/airflow/example_dags/example_nested_branch_dag.py
[2022-10-04T03:47:32.204+0000] {logging_mixin.py:117} INFO - [2022-10-04T03:47:32.203+0000] {dag.py:2573} INFO - Sync 1 DAGs
[2022-10-04T03:47:32.221+0000] {logging_mixin.py:117} INFO - [2022-10-04T03:47:32.221+0000] {dag.py:3324} INFO - Setting next_dagrun for example_nested_branch_dag to 2022-10-03T00:00:00+00:00, run_after=2022-10-04T00:00:00+00:00
[2022-10-04T03:47:32.242+0000] {processor.py:178} INFO - Processing /usr/local/lib/python3.10/dist-packages/airflow/example_dags/example_nested_branch_dag.py took 0.091 seconds
[2022-10-04T03:48:08.747+0000] {processor.py:156} INFO - Started process (PID=1156) to work on /usr/local/lib/python3.10/dist-packages/airflow/example_dags/example_nested_branch_dag.py
[2022-10-04T03:48:08.748+0000] {processor.py:758} INFO - Processing file /usr/local/lib/python3.10/dist-packages/airflow/example_dags/example_nested_branch_dag.py for tasks to queue
[2022-10-04T03:48:08.749+0000] {logging_mixin.py:117} INFO - [2022-10-04T03:48:08.749+0000] {dagbag.py:525} INFO - Filling up the DagBag from /usr/local/lib/python3.10/dist-packages/airflow/example_dags/example_nested_branch_dag.py
[2022-10-04T03:48:08.775+0000] {processor.py:768} INFO - DAG(s) dict_keys(['example_nested_branch_dag']) retrieved from /usr/local/lib/python3.10/dist-packages/airflow/example_dags/example_nested_branch_dag.py
[2022-10-04T03:48:08.804+0000] {logging_mixin.py:117} INFO - [2022-10-04T03:48:08.804+0000] {dag.py:2573} INFO - Sync 1 DAGs
[2022-10-04T03:48:08.823+0000] {logging_mixin.py:117} INFO - [2022-10-04T03:48:08.823+0000] {dag.py:3324} INFO - Setting next_dagrun for example_nested_branch_dag to 2022-10-03T00:00:00+00:00, run_after=2022-10-04T00:00:00+00:00
[2022-10-04T03:48:08.848+0000] {processor.py:178} INFO - Processing /usr/local/lib/python3.10/dist-packages/airflow/example_dags/example_nested_branch_dag.py took 0.104 seconds
[2022-10-04T03:48:48.742+0000] {processor.py:156} INFO - Started process (PID=1196) to work on /usr/local/lib/python3.10/dist-packages/airflow/example_dags/example_nested_branch_dag.py
[2022-10-04T03:48:48.744+0000] {processor.py:758} INFO - Processing file /usr/local/lib/python3.10/dist-packages/airflow/example_dags/example_nested_branch_dag.py for tasks to queue
[2022-10-04T03:48:48.744+0000] {logging_mixin.py:117} INFO - [2022-10-04T03:48:48.744+0000] {dagbag.py:525} INFO - Filling up the DagBag from /usr/local/lib/python3.10/dist-packages/airflow/example_dags/example_nested_branch_dag.py
[2022-10-04T03:48:48.778+0000] {processor.py:768} INFO - DAG(s) dict_keys(['example_nested_branch_dag']) retrieved from /usr/local/lib/python3.10/dist-packages/airflow/example_dags/example_nested_branch_dag.py
[2022-10-04T03:48:48.808+0000] {logging_mixin.py:117} INFO - [2022-10-04T03:48:48.808+0000] {dag.py:2573} INFO - Sync 1 DAGs
[2022-10-04T03:48:48.827+0000] {logging_mixin.py:117} INFO - [2022-10-04T03:48:48.827+0000] {dag.py:3324} INFO - Setting next_dagrun for example_nested_branch_dag to 2022-10-03T00:00:00+00:00, run_after=2022-10-04T00:00:00+00:00
[2022-10-04T03:48:48.877+0000] {processor.py:178} INFO - Processing /usr/local/lib/python3.10/dist-packages/airflow/example_dags/example_nested_branch_dag.py took 0.139 seconds
[2022-10-04T03:49:32.963+0000] {processor.py:156} INFO - Started process (PID=1241) to work on /usr/local/lib/python3.10/dist-packages/airflow/example_dags/example_nested_branch_dag.py
[2022-10-04T03:49:32.977+0000] {processor.py:758} INFO - Processing file /usr/local/lib/python3.10/dist-packages/airflow/example_dags/example_nested_branch_dag.py for tasks to queue
[2022-10-04T03:49:32.978+0000] {logging_mixin.py:117} INFO - [2022-10-04T03:49:32.978+0000] {dagbag.py:525} INFO - Filling up the DagBag from /usr/local/lib/python3.10/dist-packages/airflow/example_dags/example_nested_branch_dag.py
[2022-10-04T03:49:33.042+0000] {processor.py:768} INFO - DAG(s) dict_keys(['example_nested_branch_dag']) retrieved from /usr/local/lib/python3.10/dist-packages/airflow/example_dags/example_nested_branch_dag.py
[2022-10-04T03:49:33.108+0000] {logging_mixin.py:117} INFO - [2022-10-04T03:49:33.108+0000] {dag.py:2573} INFO - Sync 1 DAGs
[2022-10-04T03:49:33.180+0000] {logging_mixin.py:117} INFO - [2022-10-04T03:49:33.180+0000] {dag.py:3324} INFO - Setting next_dagrun for example_nested_branch_dag to 2022-10-03T00:00:00+00:00, run_after=2022-10-04T00:00:00+00:00
[2022-10-04T03:49:33.231+0000] {processor.py:178} INFO - Processing /usr/local/lib/python3.10/dist-packages/airflow/example_dags/example_nested_branch_dag.py took 0.287 seconds
[2022-10-04T03:50:17.617+0000] {processor.py:156} INFO - Started process (PID=1286) to work on /usr/local/lib/python3.10/dist-packages/airflow/example_dags/example_nested_branch_dag.py
[2022-10-04T03:50:17.618+0000] {processor.py:758} INFO - Processing file /usr/local/lib/python3.10/dist-packages/airflow/example_dags/example_nested_branch_dag.py for tasks to queue
[2022-10-04T03:50:17.619+0000] {logging_mixin.py:117} INFO - [2022-10-04T03:50:17.619+0000] {dagbag.py:525} INFO - Filling up the DagBag from /usr/local/lib/python3.10/dist-packages/airflow/example_dags/example_nested_branch_dag.py
[2022-10-04T03:50:17.649+0000] {processor.py:768} INFO - DAG(s) dict_keys(['example_nested_branch_dag']) retrieved from /usr/local/lib/python3.10/dist-packages/airflow/example_dags/example_nested_branch_dag.py
[2022-10-04T03:50:17.682+0000] {logging_mixin.py:117} INFO - [2022-10-04T03:50:17.682+0000] {dag.py:2573} INFO - Sync 1 DAGs
[2022-10-04T03:50:17.701+0000] {logging_mixin.py:117} INFO - [2022-10-04T03:50:17.701+0000] {dag.py:3324} INFO - Setting next_dagrun for example_nested_branch_dag to 2022-10-03T00:00:00+00:00, run_after=2022-10-04T00:00:00+00:00
[2022-10-04T03:50:17.723+0000] {processor.py:178} INFO - Processing /usr/local/lib/python3.10/dist-packages/airflow/example_dags/example_nested_branch_dag.py took 0.109 seconds
[2022-10-04T03:50:54.676+0000] {processor.py:156} INFO - Started process (PID=1329) to work on /usr/local/lib/python3.10/dist-packages/airflow/example_dags/example_nested_branch_dag.py
[2022-10-04T03:50:54.678+0000] {processor.py:758} INFO - Processing file /usr/local/lib/python3.10/dist-packages/airflow/example_dags/example_nested_branch_dag.py for tasks to queue
[2022-10-04T03:50:54.678+0000] {logging_mixin.py:117} INFO - [2022-10-04T03:50:54.678+0000] {dagbag.py:525} INFO - Filling up the DagBag from /usr/local/lib/python3.10/dist-packages/airflow/example_dags/example_nested_branch_dag.py
[2022-10-04T03:50:54.701+0000] {processor.py:768} INFO - DAG(s) dict_keys(['example_nested_branch_dag']) retrieved from /usr/local/lib/python3.10/dist-packages/airflow/example_dags/example_nested_branch_dag.py
[2022-10-04T03:50:54.727+0000] {logging_mixin.py:117} INFO - [2022-10-04T03:50:54.727+0000] {dag.py:2573} INFO - Sync 1 DAGs
[2022-10-04T03:50:54.745+0000] {logging_mixin.py:117} INFO - [2022-10-04T03:50:54.745+0000] {dag.py:3324} INFO - Setting next_dagrun for example_nested_branch_dag to 2022-10-03T00:00:00+00:00, run_after=2022-10-04T00:00:00+00:00
[2022-10-04T03:50:54.766+0000] {processor.py:178} INFO - Processing /usr/local/lib/python3.10/dist-packages/airflow/example_dags/example_nested_branch_dag.py took 0.092 seconds
[2022-10-04T03:51:32.964+0000] {processor.py:156} INFO - Started process (PID=1365) to work on /usr/local/lib/python3.10/dist-packages/airflow/example_dags/example_nested_branch_dag.py
[2022-10-04T03:51:32.966+0000] {processor.py:758} INFO - Processing file /usr/local/lib/python3.10/dist-packages/airflow/example_dags/example_nested_branch_dag.py for tasks to queue
[2022-10-04T03:51:32.966+0000] {logging_mixin.py:117} INFO - [2022-10-04T03:51:32.966+0000] {dagbag.py:525} INFO - Filling up the DagBag from /usr/local/lib/python3.10/dist-packages/airflow/example_dags/example_nested_branch_dag.py
[2022-10-04T03:51:32.991+0000] {processor.py:768} INFO - DAG(s) dict_keys(['example_nested_branch_dag']) retrieved from /usr/local/lib/python3.10/dist-packages/airflow/example_dags/example_nested_branch_dag.py
[2022-10-04T03:51:33.024+0000] {logging_mixin.py:117} INFO - [2022-10-04T03:51:33.024+0000] {dag.py:2573} INFO - Sync 1 DAGs
[2022-10-04T03:51:33.045+0000] {logging_mixin.py:117} INFO - [2022-10-04T03:51:33.045+0000] {dag.py:3324} INFO - Setting next_dagrun for example_nested_branch_dag to 2022-10-03T00:00:00+00:00, run_after=2022-10-04T00:00:00+00:00
[2022-10-04T03:51:33.071+0000] {processor.py:178} INFO - Processing /usr/local/lib/python3.10/dist-packages/airflow/example_dags/example_nested_branch_dag.py took 0.110 seconds
[2022-10-04T03:52:11.999+0000] {processor.py:156} INFO - Started process (PID=1404) to work on /usr/local/lib/python3.10/dist-packages/airflow/example_dags/example_nested_branch_dag.py
[2022-10-04T03:52:12.000+0000] {processor.py:758} INFO - Processing file /usr/local/lib/python3.10/dist-packages/airflow/example_dags/example_nested_branch_dag.py for tasks to queue
[2022-10-04T03:52:12.001+0000] {logging_mixin.py:117} INFO - [2022-10-04T03:52:12.001+0000] {dagbag.py:525} INFO - Filling up the DagBag from /usr/local/lib/python3.10/dist-packages/airflow/example_dags/example_nested_branch_dag.py
[2022-10-04T03:52:12.025+0000] {processor.py:768} INFO - DAG(s) dict_keys(['example_nested_branch_dag']) retrieved from /usr/local/lib/python3.10/dist-packages/airflow/example_dags/example_nested_branch_dag.py
[2022-10-04T03:52:12.052+0000] {logging_mixin.py:117} INFO - [2022-10-04T03:52:12.052+0000] {dag.py:2573} INFO - Sync 1 DAGs
[2022-10-04T03:52:12.079+0000] {logging_mixin.py:117} INFO - [2022-10-04T03:52:12.079+0000] {dag.py:3324} INFO - Setting next_dagrun for example_nested_branch_dag to 2022-10-03T00:00:00+00:00, run_after=2022-10-04T00:00:00+00:00
[2022-10-04T03:52:12.103+0000] {processor.py:178} INFO - Processing /usr/local/lib/python3.10/dist-packages/airflow/example_dags/example_nested_branch_dag.py took 0.107 seconds
[2022-10-04T03:52:50.857+0000] {processor.py:156} INFO - Started process (PID=1440) to work on /usr/local/lib/python3.10/dist-packages/airflow/example_dags/example_nested_branch_dag.py
[2022-10-04T03:52:50.858+0000] {processor.py:758} INFO - Processing file /usr/local/lib/python3.10/dist-packages/airflow/example_dags/example_nested_branch_dag.py for tasks to queue
[2022-10-04T03:52:50.859+0000] {logging_mixin.py:117} INFO - [2022-10-04T03:52:50.859+0000] {dagbag.py:525} INFO - Filling up the DagBag from /usr/local/lib/python3.10/dist-packages/airflow/example_dags/example_nested_branch_dag.py
[2022-10-04T03:52:50.883+0000] {processor.py:768} INFO - DAG(s) dict_keys(['example_nested_branch_dag']) retrieved from /usr/local/lib/python3.10/dist-packages/airflow/example_dags/example_nested_branch_dag.py
[2022-10-04T03:52:50.911+0000] {logging_mixin.py:117} INFO - [2022-10-04T03:52:50.911+0000] {dag.py:2573} INFO - Sync 1 DAGs
[2022-10-04T03:52:50.930+0000] {logging_mixin.py:117} INFO - [2022-10-04T03:52:50.930+0000] {dag.py:3324} INFO - Setting next_dagrun for example_nested_branch_dag to 2022-10-03T00:00:00+00:00, run_after=2022-10-04T00:00:00+00:00
[2022-10-04T03:52:50.953+0000] {processor.py:178} INFO - Processing /usr/local/lib/python3.10/dist-packages/airflow/example_dags/example_nested_branch_dag.py took 0.099 seconds
[2022-10-04T03:53:28.475+0000] {processor.py:156} INFO - Started process (PID=1477) to work on /usr/local/lib/python3.10/dist-packages/airflow/example_dags/example_nested_branch_dag.py
[2022-10-04T03:53:28.476+0000] {processor.py:758} INFO - Processing file /usr/local/lib/python3.10/dist-packages/airflow/example_dags/example_nested_branch_dag.py for tasks to queue
[2022-10-04T03:53:28.477+0000] {logging_mixin.py:117} INFO - [2022-10-04T03:53:28.476+0000] {dagbag.py:525} INFO - Filling up the DagBag from /usr/local/lib/python3.10/dist-packages/airflow/example_dags/example_nested_branch_dag.py
[2022-10-04T03:53:28.500+0000] {processor.py:768} INFO - DAG(s) dict_keys(['example_nested_branch_dag']) retrieved from /usr/local/lib/python3.10/dist-packages/airflow/example_dags/example_nested_branch_dag.py
[2022-10-04T03:53:28.527+0000] {logging_mixin.py:117} INFO - [2022-10-04T03:53:28.527+0000] {dag.py:2573} INFO - Sync 1 DAGs
[2022-10-04T03:53:28.548+0000] {logging_mixin.py:117} INFO - [2022-10-04T03:53:28.547+0000] {dag.py:3324} INFO - Setting next_dagrun for example_nested_branch_dag to 2022-10-03T00:00:00+00:00, run_after=2022-10-04T00:00:00+00:00
[2022-10-04T03:53:28.569+0000] {processor.py:178} INFO - Processing /usr/local/lib/python3.10/dist-packages/airflow/example_dags/example_nested_branch_dag.py took 0.097 seconds
[2022-10-04T03:54:06.422+0000] {processor.py:156} INFO - Started process (PID=1521) to work on /usr/local/lib/python3.10/dist-packages/airflow/example_dags/example_nested_branch_dag.py
[2022-10-04T03:54:06.423+0000] {processor.py:758} INFO - Processing file /usr/local/lib/python3.10/dist-packages/airflow/example_dags/example_nested_branch_dag.py for tasks to queue
[2022-10-04T03:54:06.424+0000] {logging_mixin.py:117} INFO - [2022-10-04T03:54:06.424+0000] {dagbag.py:525} INFO - Filling up the DagBag from /usr/local/lib/python3.10/dist-packages/airflow/example_dags/example_nested_branch_dag.py
[2022-10-04T03:54:06.452+0000] {processor.py:768} INFO - DAG(s) dict_keys(['example_nested_branch_dag']) retrieved from /usr/local/lib/python3.10/dist-packages/airflow/example_dags/example_nested_branch_dag.py
[2022-10-04T03:54:06.489+0000] {logging_mixin.py:117} INFO - [2022-10-04T03:54:06.488+0000] {dag.py:2573} INFO - Sync 1 DAGs
[2022-10-04T03:54:06.515+0000] {logging_mixin.py:117} INFO - [2022-10-04T03:54:06.514+0000] {dag.py:3324} INFO - Setting next_dagrun for example_nested_branch_dag to 2022-10-03T00:00:00+00:00, run_after=2022-10-04T00:00:00+00:00
[2022-10-04T03:54:06.537+0000] {processor.py:178} INFO - Processing /usr/local/lib/python3.10/dist-packages/airflow/example_dags/example_nested_branch_dag.py took 0.118 seconds
[2022-10-04T03:54:44.071+0000] {processor.py:156} INFO - Started process (PID=1579) to work on /usr/local/lib/python3.10/dist-packages/airflow/example_dags/example_nested_branch_dag.py
[2022-10-04T03:54:44.073+0000] {processor.py:758} INFO - Processing file /usr/local/lib/python3.10/dist-packages/airflow/example_dags/example_nested_branch_dag.py for tasks to queue
[2022-10-04T03:54:44.074+0000] {logging_mixin.py:117} INFO - [2022-10-04T03:54:44.073+0000] {dagbag.py:525} INFO - Filling up the DagBag from /usr/local/lib/python3.10/dist-packages/airflow/example_dags/example_nested_branch_dag.py
[2022-10-04T03:54:44.177+0000] {processor.py:768} INFO - DAG(s) dict_keys(['example_nested_branch_dag']) retrieved from /usr/local/lib/python3.10/dist-packages/airflow/example_dags/example_nested_branch_dag.py
[2022-10-04T03:54:44.214+0000] {logging_mixin.py:117} INFO - [2022-10-04T03:54:44.214+0000] {dag.py:2573} INFO - Sync 1 DAGs
[2022-10-04T03:54:44.287+0000] {logging_mixin.py:117} INFO - [2022-10-04T03:54:44.287+0000] {dag.py:3324} INFO - Setting next_dagrun for example_nested_branch_dag to 2022-10-03T00:00:00+00:00, run_after=2022-10-04T00:00:00+00:00
[2022-10-04T03:54:44.331+0000] {processor.py:178} INFO - Processing /usr/local/lib/python3.10/dist-packages/airflow/example_dags/example_nested_branch_dag.py took 0.279 seconds
[2022-10-04T04:35:30.999+0000] {processor.py:156} INFO - Started process (PID=1774) to work on /usr/local/lib/python3.10/dist-packages/airflow/example_dags/example_nested_branch_dag.py
[2022-10-04T04:35:31.001+0000] {processor.py:758} INFO - Processing file /usr/local/lib/python3.10/dist-packages/airflow/example_dags/example_nested_branch_dag.py for tasks to queue
[2022-10-04T04:35:31.002+0000] {logging_mixin.py:117} INFO - [2022-10-04T04:35:31.002+0000] {dagbag.py:525} INFO - Filling up the DagBag from /usr/local/lib/python3.10/dist-packages/airflow/example_dags/example_nested_branch_dag.py
[2022-10-04T04:35:31.079+0000] {processor.py:768} INFO - DAG(s) dict_keys(['example_nested_branch_dag']) retrieved from /usr/local/lib/python3.10/dist-packages/airflow/example_dags/example_nested_branch_dag.py
[2022-10-04T04:35:31.112+0000] {logging_mixin.py:117} INFO - [2022-10-04T04:35:31.112+0000] {dag.py:2573} INFO - Sync 1 DAGs
[2022-10-04T04:35:31.205+0000] {logging_mixin.py:117} INFO - [2022-10-04T04:35:31.205+0000] {dag.py:3324} INFO - Setting next_dagrun for example_nested_branch_dag to 2022-10-03T00:00:00+00:00, run_after=2022-10-04T00:00:00+00:00
[2022-10-04T04:35:31.275+0000] {processor.py:178} INFO - Processing /usr/local/lib/python3.10/dist-packages/airflow/example_dags/example_nested_branch_dag.py took 0.288 seconds
[2022-10-04T04:36:12.063+0000] {processor.py:156} INFO - Started process (PID=1817) to work on /usr/local/lib/python3.10/dist-packages/airflow/example_dags/example_nested_branch_dag.py
[2022-10-04T04:36:12.066+0000] {processor.py:758} INFO - Processing file /usr/local/lib/python3.10/dist-packages/airflow/example_dags/example_nested_branch_dag.py for tasks to queue
[2022-10-04T04:36:12.067+0000] {logging_mixin.py:117} INFO - [2022-10-04T04:36:12.067+0000] {dagbag.py:525} INFO - Filling up the DagBag from /usr/local/lib/python3.10/dist-packages/airflow/example_dags/example_nested_branch_dag.py
[2022-10-04T04:36:12.093+0000] {processor.py:768} INFO - DAG(s) dict_keys(['example_nested_branch_dag']) retrieved from /usr/local/lib/python3.10/dist-packages/airflow/example_dags/example_nested_branch_dag.py
[2022-10-04T04:36:12.122+0000] {logging_mixin.py:117} INFO - [2022-10-04T04:36:12.122+0000] {dag.py:2573} INFO - Sync 1 DAGs
[2022-10-04T04:36:12.141+0000] {logging_mixin.py:117} INFO - [2022-10-04T04:36:12.141+0000] {dag.py:3324} INFO - Setting next_dagrun for example_nested_branch_dag to 2022-10-03T00:00:00+00:00, run_after=2022-10-04T00:00:00+00:00
[2022-10-04T04:36:12.166+0000] {processor.py:178} INFO - Processing /usr/local/lib/python3.10/dist-packages/airflow/example_dags/example_nested_branch_dag.py took 0.109 seconds
[2022-10-04T04:37:10.657+0000] {processor.py:156} INFO - Started process (PID=1861) to work on /usr/local/lib/python3.10/dist-packages/airflow/example_dags/example_nested_branch_dag.py
[2022-10-04T04:37:10.659+0000] {processor.py:758} INFO - Processing file /usr/local/lib/python3.10/dist-packages/airflow/example_dags/example_nested_branch_dag.py for tasks to queue
[2022-10-04T04:37:10.659+0000] {logging_mixin.py:117} INFO - [2022-10-04T04:37:10.659+0000] {dagbag.py:525} INFO - Filling up the DagBag from /usr/local/lib/python3.10/dist-packages/airflow/example_dags/example_nested_branch_dag.py
[2022-10-04T04:37:10.682+0000] {processor.py:768} INFO - DAG(s) dict_keys(['example_nested_branch_dag']) retrieved from /usr/local/lib/python3.10/dist-packages/airflow/example_dags/example_nested_branch_dag.py
[2022-10-04T04:37:10.694+0000] {logging_mixin.py:117} INFO - [2022-10-04T04:37:10.693+0000] {dag.py:2573} INFO - Sync 1 DAGs
[2022-10-04T04:37:10.714+0000] {logging_mixin.py:117} INFO - [2022-10-04T04:37:10.714+0000] {dag.py:3324} INFO - Setting next_dagrun for example_nested_branch_dag to 2022-10-03T00:00:00+00:00, run_after=2022-10-04T00:00:00+00:00
[2022-10-04T04:37:10.736+0000] {processor.py:178} INFO - Processing /usr/local/lib/python3.10/dist-packages/airflow/example_dags/example_nested_branch_dag.py took 0.081 seconds
[2022-10-04T04:43:00.948+0000] {processor.py:156} INFO - Started process (PID=1968) to work on /usr/local/lib/python3.10/dist-packages/airflow/example_dags/example_nested_branch_dag.py
[2022-10-04T04:43:00.953+0000] {processor.py:758} INFO - Processing file /usr/local/lib/python3.10/dist-packages/airflow/example_dags/example_nested_branch_dag.py for tasks to queue
[2022-10-04T04:43:00.954+0000] {logging_mixin.py:117} INFO - [2022-10-04T04:43:00.954+0000] {dagbag.py:525} INFO - Filling up the DagBag from /usr/local/lib/python3.10/dist-packages/airflow/example_dags/example_nested_branch_dag.py
[2022-10-04T04:43:01.073+0000] {processor.py:768} INFO - DAG(s) dict_keys(['example_nested_branch_dag']) retrieved from /usr/local/lib/python3.10/dist-packages/airflow/example_dags/example_nested_branch_dag.py
[2022-10-04T04:43:01.111+0000] {logging_mixin.py:117} INFO - [2022-10-04T04:43:01.111+0000] {dag.py:2573} INFO - Sync 1 DAGs
[2022-10-04T04:43:01.192+0000] {logging_mixin.py:117} INFO - [2022-10-04T04:43:01.191+0000] {dag.py:3324} INFO - Setting next_dagrun for example_nested_branch_dag to 2022-10-03T00:00:00+00:00, run_after=2022-10-04T00:00:00+00:00
[2022-10-04T04:43:01.268+0000] {processor.py:178} INFO - Processing /usr/local/lib/python3.10/dist-packages/airflow/example_dags/example_nested_branch_dag.py took 0.340 seconds
[2022-10-04T04:45:46.874+0000] {processor.py:156} INFO - Started process (PID=1993) to work on /usr/local/lib/python3.10/dist-packages/airflow/example_dags/example_nested_branch_dag.py
[2022-10-04T04:45:46.875+0000] {processor.py:758} INFO - Processing file /usr/local/lib/python3.10/dist-packages/airflow/example_dags/example_nested_branch_dag.py for tasks to queue
[2022-10-04T04:45:46.876+0000] {logging_mixin.py:117} INFO - [2022-10-04T04:45:46.876+0000] {dagbag.py:525} INFO - Filling up the DagBag from /usr/local/lib/python3.10/dist-packages/airflow/example_dags/example_nested_branch_dag.py
[2022-10-04T04:45:46.902+0000] {processor.py:768} INFO - DAG(s) dict_keys(['example_nested_branch_dag']) retrieved from /usr/local/lib/python3.10/dist-packages/airflow/example_dags/example_nested_branch_dag.py
[2022-10-04T04:45:46.927+0000] {logging_mixin.py:117} INFO - [2022-10-04T04:45:46.927+0000] {dag.py:2573} INFO - Sync 1 DAGs
[2022-10-04T04:45:46.944+0000] {logging_mixin.py:117} INFO - [2022-10-04T04:45:46.944+0000] {dag.py:3324} INFO - Setting next_dagrun for example_nested_branch_dag to 2022-10-03T00:00:00+00:00, run_after=2022-10-04T00:00:00+00:00
[2022-10-04T04:45:46.965+0000] {processor.py:178} INFO - Processing /usr/local/lib/python3.10/dist-packages/airflow/example_dags/example_nested_branch_dag.py took 0.094 seconds
[2022-10-04T04:46:23.205+0000] {processor.py:156} INFO - Started process (PID=2031) to work on /usr/local/lib/python3.10/dist-packages/airflow/example_dags/example_nested_branch_dag.py
[2022-10-04T04:46:23.206+0000] {processor.py:758} INFO - Processing file /usr/local/lib/python3.10/dist-packages/airflow/example_dags/example_nested_branch_dag.py for tasks to queue
[2022-10-04T04:46:23.207+0000] {logging_mixin.py:117} INFO - [2022-10-04T04:46:23.207+0000] {dagbag.py:525} INFO - Filling up the DagBag from /usr/local/lib/python3.10/dist-packages/airflow/example_dags/example_nested_branch_dag.py
[2022-10-04T04:46:23.230+0000] {processor.py:768} INFO - DAG(s) dict_keys(['example_nested_branch_dag']) retrieved from /usr/local/lib/python3.10/dist-packages/airflow/example_dags/example_nested_branch_dag.py
[2022-10-04T04:46:23.276+0000] {logging_mixin.py:117} INFO - [2022-10-04T04:46:23.276+0000] {dag.py:2573} INFO - Sync 1 DAGs
[2022-10-04T04:46:23.304+0000] {logging_mixin.py:117} INFO - [2022-10-04T04:46:23.303+0000] {dag.py:3324} INFO - Setting next_dagrun for example_nested_branch_dag to 2022-10-03T00:00:00+00:00, run_after=2022-10-04T00:00:00+00:00
[2022-10-04T04:46:23.345+0000] {processor.py:178} INFO - Processing /usr/local/lib/python3.10/dist-packages/airflow/example_dags/example_nested_branch_dag.py took 0.143 seconds
[2022-10-04T04:47:01.640+0000] {processor.py:156} INFO - Started process (PID=2069) to work on /usr/local/lib/python3.10/dist-packages/airflow/example_dags/example_nested_branch_dag.py
[2022-10-04T04:47:01.641+0000] {processor.py:758} INFO - Processing file /usr/local/lib/python3.10/dist-packages/airflow/example_dags/example_nested_branch_dag.py for tasks to queue
[2022-10-04T04:47:01.642+0000] {logging_mixin.py:117} INFO - [2022-10-04T04:47:01.642+0000] {dagbag.py:525} INFO - Filling up the DagBag from /usr/local/lib/python3.10/dist-packages/airflow/example_dags/example_nested_branch_dag.py
[2022-10-04T04:47:01.667+0000] {processor.py:768} INFO - DAG(s) dict_keys(['example_nested_branch_dag']) retrieved from /usr/local/lib/python3.10/dist-packages/airflow/example_dags/example_nested_branch_dag.py
[2022-10-04T04:47:01.699+0000] {logging_mixin.py:117} INFO - [2022-10-04T04:47:01.699+0000] {dag.py:2573} INFO - Sync 1 DAGs
[2022-10-04T04:47:01.720+0000] {logging_mixin.py:117} INFO - [2022-10-04T04:47:01.720+0000] {dag.py:3324} INFO - Setting next_dagrun for example_nested_branch_dag to 2022-10-03T00:00:00+00:00, run_after=2022-10-04T00:00:00+00:00
[2022-10-04T04:47:01.746+0000] {processor.py:178} INFO - Processing /usr/local/lib/python3.10/dist-packages/airflow/example_dags/example_nested_branch_dag.py took 0.114 seconds
[2022-10-04T04:47:40.560+0000] {processor.py:156} INFO - Started process (PID=2106) to work on /usr/local/lib/python3.10/dist-packages/airflow/example_dags/example_nested_branch_dag.py
[2022-10-04T04:47:40.561+0000] {processor.py:758} INFO - Processing file /usr/local/lib/python3.10/dist-packages/airflow/example_dags/example_nested_branch_dag.py for tasks to queue
[2022-10-04T04:47:40.562+0000] {logging_mixin.py:117} INFO - [2022-10-04T04:47:40.562+0000] {dagbag.py:525} INFO - Filling up the DagBag from /usr/local/lib/python3.10/dist-packages/airflow/example_dags/example_nested_branch_dag.py
[2022-10-04T04:47:40.581+0000] {processor.py:768} INFO - DAG(s) dict_keys(['example_nested_branch_dag']) retrieved from /usr/local/lib/python3.10/dist-packages/airflow/example_dags/example_nested_branch_dag.py
[2022-10-04T04:47:40.606+0000] {logging_mixin.py:117} INFO - [2022-10-04T04:47:40.605+0000] {dag.py:2573} INFO - Sync 1 DAGs
[2022-10-04T04:47:40.623+0000] {logging_mixin.py:117} INFO - [2022-10-04T04:47:40.623+0000] {dag.py:3324} INFO - Setting next_dagrun for example_nested_branch_dag to 2022-10-03T00:00:00+00:00, run_after=2022-10-04T00:00:00+00:00
[2022-10-04T04:47:40.651+0000] {processor.py:178} INFO - Processing /usr/local/lib/python3.10/dist-packages/airflow/example_dags/example_nested_branch_dag.py took 0.094 seconds
[2022-10-04T04:48:13.582+0000] {processor.py:156} INFO - Started process (PID=2140) to work on /usr/local/lib/python3.10/dist-packages/airflow/example_dags/example_nested_branch_dag.py
[2022-10-04T04:48:13.583+0000] {processor.py:758} INFO - Processing file /usr/local/lib/python3.10/dist-packages/airflow/example_dags/example_nested_branch_dag.py for tasks to queue
[2022-10-04T04:48:13.584+0000] {logging_mixin.py:117} INFO - [2022-10-04T04:48:13.584+0000] {dagbag.py:525} INFO - Filling up the DagBag from /usr/local/lib/python3.10/dist-packages/airflow/example_dags/example_nested_branch_dag.py
[2022-10-04T04:48:13.608+0000] {processor.py:768} INFO - DAG(s) dict_keys(['example_nested_branch_dag']) retrieved from /usr/local/lib/python3.10/dist-packages/airflow/example_dags/example_nested_branch_dag.py
[2022-10-04T04:48:13.633+0000] {logging_mixin.py:117} INFO - [2022-10-04T04:48:13.633+0000] {dag.py:2573} INFO - Sync 1 DAGs
[2022-10-04T04:48:13.654+0000] {logging_mixin.py:117} INFO - [2022-10-04T04:48:13.653+0000] {dag.py:3324} INFO - Setting next_dagrun for example_nested_branch_dag to 2022-10-03T00:00:00+00:00, run_after=2022-10-04T00:00:00+00:00
[2022-10-04T04:48:13.683+0000] {processor.py:178} INFO - Processing /usr/local/lib/python3.10/dist-packages/airflow/example_dags/example_nested_branch_dag.py took 0.106 seconds
[2022-10-04T04:48:51.045+0000] {processor.py:156} INFO - Started process (PID=2177) to work on /usr/local/lib/python3.10/dist-packages/airflow/example_dags/example_nested_branch_dag.py
[2022-10-04T04:48:51.046+0000] {processor.py:758} INFO - Processing file /usr/local/lib/python3.10/dist-packages/airflow/example_dags/example_nested_branch_dag.py for tasks to queue
[2022-10-04T04:48:51.047+0000] {logging_mixin.py:117} INFO - [2022-10-04T04:48:51.047+0000] {dagbag.py:525} INFO - Filling up the DagBag from /usr/local/lib/python3.10/dist-packages/airflow/example_dags/example_nested_branch_dag.py
[2022-10-04T04:48:51.071+0000] {processor.py:768} INFO - DAG(s) dict_keys(['example_nested_branch_dag']) retrieved from /usr/local/lib/python3.10/dist-packages/airflow/example_dags/example_nested_branch_dag.py
[2022-10-04T04:48:51.098+0000] {logging_mixin.py:117} INFO - [2022-10-04T04:48:51.097+0000] {dag.py:2573} INFO - Sync 1 DAGs
[2022-10-04T04:48:51.117+0000] {logging_mixin.py:117} INFO - [2022-10-04T04:48:51.117+0000] {dag.py:3324} INFO - Setting next_dagrun for example_nested_branch_dag to 2022-10-03T00:00:00+00:00, run_after=2022-10-04T00:00:00+00:00
[2022-10-04T04:48:51.140+0000] {processor.py:178} INFO - Processing /usr/local/lib/python3.10/dist-packages/airflow/example_dags/example_nested_branch_dag.py took 0.099 seconds
[2022-10-04T04:49:29.705+0000] {processor.py:156} INFO - Started process (PID=2215) to work on /usr/local/lib/python3.10/dist-packages/airflow/example_dags/example_nested_branch_dag.py
[2022-10-04T04:49:29.706+0000] {processor.py:758} INFO - Processing file /usr/local/lib/python3.10/dist-packages/airflow/example_dags/example_nested_branch_dag.py for tasks to queue
[2022-10-04T04:49:29.707+0000] {logging_mixin.py:117} INFO - [2022-10-04T04:49:29.707+0000] {dagbag.py:525} INFO - Filling up the DagBag from /usr/local/lib/python3.10/dist-packages/airflow/example_dags/example_nested_branch_dag.py
[2022-10-04T04:49:29.725+0000] {processor.py:768} INFO - DAG(s) dict_keys(['example_nested_branch_dag']) retrieved from /usr/local/lib/python3.10/dist-packages/airflow/example_dags/example_nested_branch_dag.py
[2022-10-04T04:49:29.746+0000] {logging_mixin.py:117} INFO - [2022-10-04T04:49:29.746+0000] {dag.py:2573} INFO - Sync 1 DAGs
[2022-10-04T04:49:29.770+0000] {logging_mixin.py:117} INFO - [2022-10-04T04:49:29.770+0000] {dag.py:3324} INFO - Setting next_dagrun for example_nested_branch_dag to 2022-10-03T00:00:00+00:00, run_after=2022-10-04T00:00:00+00:00
[2022-10-04T04:49:29.792+0000] {processor.py:178} INFO - Processing /usr/local/lib/python3.10/dist-packages/airflow/example_dags/example_nested_branch_dag.py took 0.090 seconds
[2022-10-04T04:50:03.626+0000] {processor.py:156} INFO - Started process (PID=2250) to work on /usr/local/lib/python3.10/dist-packages/airflow/example_dags/example_nested_branch_dag.py
[2022-10-04T04:50:03.627+0000] {processor.py:758} INFO - Processing file /usr/local/lib/python3.10/dist-packages/airflow/example_dags/example_nested_branch_dag.py for tasks to queue
[2022-10-04T04:50:03.628+0000] {logging_mixin.py:117} INFO - [2022-10-04T04:50:03.627+0000] {dagbag.py:525} INFO - Filling up the DagBag from /usr/local/lib/python3.10/dist-packages/airflow/example_dags/example_nested_branch_dag.py
[2022-10-04T04:50:03.647+0000] {processor.py:768} INFO - DAG(s) dict_keys(['example_nested_branch_dag']) retrieved from /usr/local/lib/python3.10/dist-packages/airflow/example_dags/example_nested_branch_dag.py
[2022-10-04T04:50:03.675+0000] {logging_mixin.py:117} INFO - [2022-10-04T04:50:03.675+0000] {dag.py:2573} INFO - Sync 1 DAGs
[2022-10-04T04:50:03.691+0000] {logging_mixin.py:117} INFO - [2022-10-04T04:50:03.691+0000] {dag.py:3324} INFO - Setting next_dagrun for example_nested_branch_dag to 2022-10-03T00:00:00+00:00, run_after=2022-10-04T00:00:00+00:00
[2022-10-04T04:50:03.714+0000] {processor.py:178} INFO - Processing /usr/local/lib/python3.10/dist-packages/airflow/example_dags/example_nested_branch_dag.py took 0.091 seconds
[2022-10-04T04:50:39.931+0000] {processor.py:156} INFO - Started process (PID=2287) to work on /usr/local/lib/python3.10/dist-packages/airflow/example_dags/example_nested_branch_dag.py
[2022-10-04T04:50:39.936+0000] {processor.py:758} INFO - Processing file /usr/local/lib/python3.10/dist-packages/airflow/example_dags/example_nested_branch_dag.py for tasks to queue
[2022-10-04T04:50:39.937+0000] {logging_mixin.py:117} INFO - [2022-10-04T04:50:39.937+0000] {dagbag.py:525} INFO - Filling up the DagBag from /usr/local/lib/python3.10/dist-packages/airflow/example_dags/example_nested_branch_dag.py
[2022-10-04T04:50:39.956+0000] {processor.py:768} INFO - DAG(s) dict_keys(['example_nested_branch_dag']) retrieved from /usr/local/lib/python3.10/dist-packages/airflow/example_dags/example_nested_branch_dag.py
[2022-10-04T04:50:39.988+0000] {logging_mixin.py:117} INFO - [2022-10-04T04:50:39.988+0000] {dag.py:2573} INFO - Sync 1 DAGs
[2022-10-04T04:50:40.013+0000] {logging_mixin.py:117} INFO - [2022-10-04T04:50:40.012+0000] {dag.py:3324} INFO - Setting next_dagrun for example_nested_branch_dag to 2022-10-03T00:00:00+00:00, run_after=2022-10-04T00:00:00+00:00
[2022-10-04T04:50:40.059+0000] {processor.py:178} INFO - Processing /usr/local/lib/python3.10/dist-packages/airflow/example_dags/example_nested_branch_dag.py took 0.131 seconds
[2022-10-04T04:51:16.237+0000] {processor.py:156} INFO - Started process (PID=2324) to work on /usr/local/lib/python3.10/dist-packages/airflow/example_dags/example_nested_branch_dag.py
[2022-10-04T04:51:16.238+0000] {processor.py:758} INFO - Processing file /usr/local/lib/python3.10/dist-packages/airflow/example_dags/example_nested_branch_dag.py for tasks to queue
[2022-10-04T04:51:16.239+0000] {logging_mixin.py:117} INFO - [2022-10-04T04:51:16.239+0000] {dagbag.py:525} INFO - Filling up the DagBag from /usr/local/lib/python3.10/dist-packages/airflow/example_dags/example_nested_branch_dag.py
[2022-10-04T04:51:16.258+0000] {processor.py:768} INFO - DAG(s) dict_keys(['example_nested_branch_dag']) retrieved from /usr/local/lib/python3.10/dist-packages/airflow/example_dags/example_nested_branch_dag.py
[2022-10-04T04:51:16.280+0000] {logging_mixin.py:117} INFO - [2022-10-04T04:51:16.280+0000] {dag.py:2573} INFO - Sync 1 DAGs
[2022-10-04T04:51:16.298+0000] {logging_mixin.py:117} INFO - [2022-10-04T04:51:16.298+0000] {dag.py:3324} INFO - Setting next_dagrun for example_nested_branch_dag to 2022-10-03T00:00:00+00:00, run_after=2022-10-04T00:00:00+00:00
[2022-10-04T04:51:16.321+0000] {processor.py:178} INFO - Processing /usr/local/lib/python3.10/dist-packages/airflow/example_dags/example_nested_branch_dag.py took 0.091 seconds
[2022-10-04T04:51:55.281+0000] {processor.py:156} INFO - Started process (PID=2361) to work on /usr/local/lib/python3.10/dist-packages/airflow/example_dags/example_nested_branch_dag.py
[2022-10-04T04:51:55.282+0000] {processor.py:758} INFO - Processing file /usr/local/lib/python3.10/dist-packages/airflow/example_dags/example_nested_branch_dag.py for tasks to queue
[2022-10-04T04:51:55.283+0000] {logging_mixin.py:117} INFO - [2022-10-04T04:51:55.283+0000] {dagbag.py:525} INFO - Filling up the DagBag from /usr/local/lib/python3.10/dist-packages/airflow/example_dags/example_nested_branch_dag.py
[2022-10-04T04:51:55.304+0000] {processor.py:768} INFO - DAG(s) dict_keys(['example_nested_branch_dag']) retrieved from /usr/local/lib/python3.10/dist-packages/airflow/example_dags/example_nested_branch_dag.py
[2022-10-04T04:51:55.325+0000] {logging_mixin.py:117} INFO - [2022-10-04T04:51:55.325+0000] {dag.py:2573} INFO - Sync 1 DAGs
[2022-10-04T04:51:55.342+0000] {logging_mixin.py:117} INFO - [2022-10-04T04:51:55.342+0000] {dag.py:3324} INFO - Setting next_dagrun for example_nested_branch_dag to 2022-10-03T00:00:00+00:00, run_after=2022-10-04T00:00:00+00:00
[2022-10-04T04:51:55.366+0000] {processor.py:178} INFO - Processing /usr/local/lib/python3.10/dist-packages/airflow/example_dags/example_nested_branch_dag.py took 0.088 seconds
[2022-10-04T04:52:31.200+0000] {processor.py:156} INFO - Started process (PID=2397) to work on /usr/local/lib/python3.10/dist-packages/airflow/example_dags/example_nested_branch_dag.py
[2022-10-04T04:52:31.201+0000] {processor.py:758} INFO - Processing file /usr/local/lib/python3.10/dist-packages/airflow/example_dags/example_nested_branch_dag.py for tasks to queue
[2022-10-04T04:52:31.202+0000] {logging_mixin.py:117} INFO - [2022-10-04T04:52:31.202+0000] {dagbag.py:525} INFO - Filling up the DagBag from /usr/local/lib/python3.10/dist-packages/airflow/example_dags/example_nested_branch_dag.py
[2022-10-04T04:52:31.222+0000] {processor.py:768} INFO - DAG(s) dict_keys(['example_nested_branch_dag']) retrieved from /usr/local/lib/python3.10/dist-packages/airflow/example_dags/example_nested_branch_dag.py
[2022-10-04T04:52:31.246+0000] {logging_mixin.py:117} INFO - [2022-10-04T04:52:31.246+0000] {dag.py:2573} INFO - Sync 1 DAGs
[2022-10-04T04:52:31.265+0000] {logging_mixin.py:117} INFO - [2022-10-04T04:52:31.265+0000] {dag.py:3324} INFO - Setting next_dagrun for example_nested_branch_dag to 2022-10-03T00:00:00+00:00, run_after=2022-10-04T00:00:00+00:00
[2022-10-04T04:52:31.289+0000] {processor.py:178} INFO - Processing /usr/local/lib/python3.10/dist-packages/airflow/example_dags/example_nested_branch_dag.py took 0.092 seconds
[2022-10-04T04:53:05.410+0000] {processor.py:156} INFO - Started process (PID=2432) to work on /usr/local/lib/python3.10/dist-packages/airflow/example_dags/example_nested_branch_dag.py
[2022-10-04T04:53:05.411+0000] {processor.py:758} INFO - Processing file /usr/local/lib/python3.10/dist-packages/airflow/example_dags/example_nested_branch_dag.py for tasks to queue
[2022-10-04T04:53:05.411+0000] {logging_mixin.py:117} INFO - [2022-10-04T04:53:05.411+0000] {dagbag.py:525} INFO - Filling up the DagBag from /usr/local/lib/python3.10/dist-packages/airflow/example_dags/example_nested_branch_dag.py
[2022-10-04T04:53:05.429+0000] {processor.py:768} INFO - DAG(s) dict_keys(['example_nested_branch_dag']) retrieved from /usr/local/lib/python3.10/dist-packages/airflow/example_dags/example_nested_branch_dag.py
[2022-10-04T04:53:05.449+0000] {logging_mixin.py:117} INFO - [2022-10-04T04:53:05.449+0000] {dag.py:2573} INFO - Sync 1 DAGs
[2022-10-04T04:53:05.466+0000] {logging_mixin.py:117} INFO - [2022-10-04T04:53:05.466+0000] {dag.py:3324} INFO - Setting next_dagrun for example_nested_branch_dag to 2022-10-03T00:00:00+00:00, run_after=2022-10-04T00:00:00+00:00
[2022-10-04T04:53:05.486+0000] {processor.py:178} INFO - Processing /usr/local/lib/python3.10/dist-packages/airflow/example_dags/example_nested_branch_dag.py took 0.079 seconds
[2022-10-04T04:53:43.882+0000] {processor.py:156} INFO - Started process (PID=2468) to work on /usr/local/lib/python3.10/dist-packages/airflow/example_dags/example_nested_branch_dag.py
[2022-10-04T04:53:43.883+0000] {processor.py:758} INFO - Processing file /usr/local/lib/python3.10/dist-packages/airflow/example_dags/example_nested_branch_dag.py for tasks to queue
[2022-10-04T04:53:43.884+0000] {logging_mixin.py:117} INFO - [2022-10-04T04:53:43.884+0000] {dagbag.py:525} INFO - Filling up the DagBag from /usr/local/lib/python3.10/dist-packages/airflow/example_dags/example_nested_branch_dag.py
[2022-10-04T04:53:43.903+0000] {processor.py:768} INFO - DAG(s) dict_keys(['example_nested_branch_dag']) retrieved from /usr/local/lib/python3.10/dist-packages/airflow/example_dags/example_nested_branch_dag.py
[2022-10-04T04:53:43.924+0000] {logging_mixin.py:117} INFO - [2022-10-04T04:53:43.924+0000] {dag.py:2573} INFO - Sync 1 DAGs
[2022-10-04T04:53:43.943+0000] {logging_mixin.py:117} INFO - [2022-10-04T04:53:43.943+0000] {dag.py:3324} INFO - Setting next_dagrun for example_nested_branch_dag to 2022-10-03T00:00:00+00:00, run_after=2022-10-04T00:00:00+00:00
[2022-10-04T04:53:43.963+0000] {processor.py:178} INFO - Processing /usr/local/lib/python3.10/dist-packages/airflow/example_dags/example_nested_branch_dag.py took 0.084 seconds
[2022-10-04T04:54:18.310+0000] {processor.py:156} INFO - Started process (PID=2505) to work on /usr/local/lib/python3.10/dist-packages/airflow/example_dags/example_nested_branch_dag.py
[2022-10-04T04:54:18.311+0000] {processor.py:758} INFO - Processing file /usr/local/lib/python3.10/dist-packages/airflow/example_dags/example_nested_branch_dag.py for tasks to queue
[2022-10-04T04:54:18.312+0000] {logging_mixin.py:117} INFO - [2022-10-04T04:54:18.312+0000] {dagbag.py:525} INFO - Filling up the DagBag from /usr/local/lib/python3.10/dist-packages/airflow/example_dags/example_nested_branch_dag.py
[2022-10-04T04:54:18.335+0000] {processor.py:768} INFO - DAG(s) dict_keys(['example_nested_branch_dag']) retrieved from /usr/local/lib/python3.10/dist-packages/airflow/example_dags/example_nested_branch_dag.py
[2022-10-04T04:54:18.360+0000] {logging_mixin.py:117} INFO - [2022-10-04T04:54:18.359+0000] {dag.py:2573} INFO - Sync 1 DAGs
[2022-10-04T04:54:18.378+0000] {logging_mixin.py:117} INFO - [2022-10-04T04:54:18.378+0000] {dag.py:3324} INFO - Setting next_dagrun for example_nested_branch_dag to 2022-10-03T00:00:00+00:00, run_after=2022-10-04T00:00:00+00:00
[2022-10-04T04:54:18.402+0000] {processor.py:178} INFO - Processing /usr/local/lib/python3.10/dist-packages/airflow/example_dags/example_nested_branch_dag.py took 0.096 seconds
