[2022-10-04T03:09:05.846+0000] {processor.py:156} INFO - Started process (PID=7684) to work on /usr/local/lib/python3.10/dist-packages/airflow/example_dags/example_task_group.py
[2022-10-04T03:09:05.847+0000] {processor.py:758} INFO - Processing file /usr/local/lib/python3.10/dist-packages/airflow/example_dags/example_task_group.py for tasks to queue
[2022-10-04T03:09:05.847+0000] {logging_mixin.py:117} INFO - [2022-10-04T03:09:05.847+0000] {dagbag.py:525} INFO - Filling up the DagBag from /usr/local/lib/python3.10/dist-packages/airflow/example_dags/example_task_group.py
[2022-10-04T03:09:05.863+0000] {processor.py:768} INFO - DAG(s) dict_keys(['example_task_group']) retrieved from /usr/local/lib/python3.10/dist-packages/airflow/example_dags/example_task_group.py
[2022-10-04T03:09:06.006+0000] {logging_mixin.py:117} INFO - [2022-10-04T03:09:06.006+0000] {manager.py:508} INFO - Created Permission View: can read on DAG:example_task_group
[2022-10-04T03:09:06.021+0000] {logging_mixin.py:117} INFO - [2022-10-04T03:09:06.021+0000] {manager.py:508} INFO - Created Permission View: can delete on DAG:example_task_group
[2022-10-04T03:09:06.035+0000] {logging_mixin.py:117} INFO - [2022-10-04T03:09:06.035+0000] {manager.py:508} INFO - Created Permission View: can edit on DAG:example_task_group
[2022-10-04T03:09:06.035+0000] {logging_mixin.py:117} INFO - [2022-10-04T03:09:06.035+0000] {dag.py:2573} INFO - Sync 1 DAGs
[2022-10-04T03:09:06.045+0000] {logging_mixin.py:117} INFO - [2022-10-04T03:09:06.045+0000] {dag.py:2594} INFO - Creating ORM DAG for example_task_group
[2022-10-04T03:09:06.053+0000] {logging_mixin.py:117} INFO - [2022-10-04T03:09:06.053+0000] {dag.py:3324} INFO - Setting next_dagrun for example_task_group to 2022-10-03T03:09:06.053113+00:00, run_after=2022-10-04T03:09:06.053113+00:00
[2022-10-04T03:09:06.076+0000] {processor.py:178} INFO - Processing /usr/local/lib/python3.10/dist-packages/airflow/example_dags/example_task_group.py took 0.233 seconds
[2022-10-04T03:09:48.002+0000] {processor.py:156} INFO - Started process (PID=7722) to work on /usr/local/lib/python3.10/dist-packages/airflow/example_dags/example_task_group.py
[2022-10-04T03:09:48.003+0000] {processor.py:758} INFO - Processing file /usr/local/lib/python3.10/dist-packages/airflow/example_dags/example_task_group.py for tasks to queue
[2022-10-04T03:09:48.004+0000] {logging_mixin.py:117} INFO - [2022-10-04T03:09:48.003+0000] {dagbag.py:525} INFO - Filling up the DagBag from /usr/local/lib/python3.10/dist-packages/airflow/example_dags/example_task_group.py
[2022-10-04T03:09:48.019+0000] {processor.py:768} INFO - DAG(s) dict_keys(['example_task_group']) retrieved from /usr/local/lib/python3.10/dist-packages/airflow/example_dags/example_task_group.py
[2022-10-04T03:09:48.043+0000] {logging_mixin.py:117} INFO - [2022-10-04T03:09:48.043+0000] {dag.py:2573} INFO - Sync 1 DAGs
[2022-10-04T03:09:48.061+0000] {logging_mixin.py:117} INFO - [2022-10-04T03:09:48.061+0000] {dag.py:3324} INFO - Setting next_dagrun for example_task_group to 2022-10-03T03:09:48.061577+00:00, run_after=2022-10-04T03:09:48.061577+00:00
[2022-10-04T03:09:48.084+0000] {processor.py:178} INFO - Processing /usr/local/lib/python3.10/dist-packages/airflow/example_dags/example_task_group.py took 0.085 seconds
[2022-10-04T03:10:25.860+0000] {processor.py:156} INFO - Started process (PID=7771) to work on /usr/local/lib/python3.10/dist-packages/airflow/example_dags/example_task_group.py
[2022-10-04T03:10:25.861+0000] {processor.py:758} INFO - Processing file /usr/local/lib/python3.10/dist-packages/airflow/example_dags/example_task_group.py for tasks to queue
[2022-10-04T03:10:25.861+0000] {logging_mixin.py:117} INFO - [2022-10-04T03:10:25.861+0000] {dagbag.py:525} INFO - Filling up the DagBag from /usr/local/lib/python3.10/dist-packages/airflow/example_dags/example_task_group.py
[2022-10-04T03:10:25.879+0000] {processor.py:768} INFO - DAG(s) dict_keys(['example_task_group']) retrieved from /usr/local/lib/python3.10/dist-packages/airflow/example_dags/example_task_group.py
[2022-10-04T03:10:25.903+0000] {logging_mixin.py:117} INFO - [2022-10-04T03:10:25.902+0000] {dag.py:2573} INFO - Sync 1 DAGs
[2022-10-04T03:10:25.921+0000] {logging_mixin.py:117} INFO - [2022-10-04T03:10:25.921+0000] {dag.py:3324} INFO - Setting next_dagrun for example_task_group to 2022-10-03T03:10:25.921570+00:00, run_after=2022-10-04T03:10:25.921570+00:00
[2022-10-04T03:10:25.944+0000] {processor.py:178} INFO - Processing /usr/local/lib/python3.10/dist-packages/airflow/example_dags/example_task_group.py took 0.087 seconds
[2022-10-04T03:11:07.952+0000] {processor.py:156} INFO - Started process (PID=7813) to work on /usr/local/lib/python3.10/dist-packages/airflow/example_dags/example_task_group.py
[2022-10-04T03:11:07.954+0000] {processor.py:758} INFO - Processing file /usr/local/lib/python3.10/dist-packages/airflow/example_dags/example_task_group.py for tasks to queue
[2022-10-04T03:11:07.954+0000] {logging_mixin.py:117} INFO - [2022-10-04T03:11:07.954+0000] {dagbag.py:525} INFO - Filling up the DagBag from /usr/local/lib/python3.10/dist-packages/airflow/example_dags/example_task_group.py
[2022-10-04T03:11:07.969+0000] {processor.py:768} INFO - DAG(s) dict_keys(['example_task_group']) retrieved from /usr/local/lib/python3.10/dist-packages/airflow/example_dags/example_task_group.py
[2022-10-04T03:11:07.989+0000] {logging_mixin.py:117} INFO - [2022-10-04T03:11:07.989+0000] {dag.py:2573} INFO - Sync 1 DAGs
[2022-10-04T03:11:08.007+0000] {logging_mixin.py:117} INFO - [2022-10-04T03:11:08.006+0000] {dag.py:3324} INFO - Setting next_dagrun for example_task_group to 2022-10-03T03:11:08.006670+00:00, run_after=2022-10-04T03:11:08.006670+00:00
[2022-10-04T03:11:08.029+0000] {processor.py:178} INFO - Processing /usr/local/lib/python3.10/dist-packages/airflow/example_dags/example_task_group.py took 0.079 seconds
[2022-10-04T03:11:46.372+0000] {processor.py:156} INFO - Started process (PID=7851) to work on /usr/local/lib/python3.10/dist-packages/airflow/example_dags/example_task_group.py
[2022-10-04T03:11:46.373+0000] {processor.py:758} INFO - Processing file /usr/local/lib/python3.10/dist-packages/airflow/example_dags/example_task_group.py for tasks to queue
[2022-10-04T03:11:46.374+0000] {logging_mixin.py:117} INFO - [2022-10-04T03:11:46.374+0000] {dagbag.py:525} INFO - Filling up the DagBag from /usr/local/lib/python3.10/dist-packages/airflow/example_dags/example_task_group.py
[2022-10-04T03:11:46.389+0000] {processor.py:768} INFO - DAG(s) dict_keys(['example_task_group']) retrieved from /usr/local/lib/python3.10/dist-packages/airflow/example_dags/example_task_group.py
[2022-10-04T03:11:46.410+0000] {logging_mixin.py:117} INFO - [2022-10-04T03:11:46.410+0000] {dag.py:2573} INFO - Sync 1 DAGs
[2022-10-04T03:11:46.428+0000] {logging_mixin.py:117} INFO - [2022-10-04T03:11:46.428+0000] {dag.py:3324} INFO - Setting next_dagrun for example_task_group to 2022-10-03T03:11:46.428332+00:00, run_after=2022-10-04T03:11:46.428332+00:00
[2022-10-04T03:11:46.449+0000] {processor.py:178} INFO - Processing /usr/local/lib/python3.10/dist-packages/airflow/example_dags/example_task_group.py took 0.079 seconds
[2022-10-04T03:12:25.190+0000] {processor.py:156} INFO - Started process (PID=7891) to work on /usr/local/lib/python3.10/dist-packages/airflow/example_dags/example_task_group.py
[2022-10-04T03:12:25.192+0000] {processor.py:758} INFO - Processing file /usr/local/lib/python3.10/dist-packages/airflow/example_dags/example_task_group.py for tasks to queue
[2022-10-04T03:12:25.192+0000] {logging_mixin.py:117} INFO - [2022-10-04T03:12:25.192+0000] {dagbag.py:525} INFO - Filling up the DagBag from /usr/local/lib/python3.10/dist-packages/airflow/example_dags/example_task_group.py
[2022-10-04T03:12:25.208+0000] {processor.py:768} INFO - DAG(s) dict_keys(['example_task_group']) retrieved from /usr/local/lib/python3.10/dist-packages/airflow/example_dags/example_task_group.py
[2022-10-04T03:12:25.229+0000] {logging_mixin.py:117} INFO - [2022-10-04T03:12:25.229+0000] {dag.py:2573} INFO - Sync 1 DAGs
[2022-10-04T03:12:25.248+0000] {logging_mixin.py:117} INFO - [2022-10-04T03:12:25.248+0000] {dag.py:3324} INFO - Setting next_dagrun for example_task_group to 2022-10-03T03:12:25.247871+00:00, run_after=2022-10-04T03:12:25.247871+00:00
[2022-10-04T03:12:25.269+0000] {processor.py:178} INFO - Processing /usr/local/lib/python3.10/dist-packages/airflow/example_dags/example_task_group.py took 0.081 seconds
[2022-10-04T03:13:02.786+0000] {processor.py:156} INFO - Started process (PID=7928) to work on /usr/local/lib/python3.10/dist-packages/airflow/example_dags/example_task_group.py
[2022-10-04T03:13:02.788+0000] {processor.py:758} INFO - Processing file /usr/local/lib/python3.10/dist-packages/airflow/example_dags/example_task_group.py for tasks to queue
[2022-10-04T03:13:02.788+0000] {logging_mixin.py:117} INFO - [2022-10-04T03:13:02.788+0000] {dagbag.py:525} INFO - Filling up the DagBag from /usr/local/lib/python3.10/dist-packages/airflow/example_dags/example_task_group.py
[2022-10-04T03:13:02.805+0000] {processor.py:768} INFO - DAG(s) dict_keys(['example_task_group']) retrieved from /usr/local/lib/python3.10/dist-packages/airflow/example_dags/example_task_group.py
[2022-10-04T03:13:02.828+0000] {logging_mixin.py:117} INFO - [2022-10-04T03:13:02.828+0000] {dag.py:2573} INFO - Sync 1 DAGs
[2022-10-04T03:13:02.848+0000] {logging_mixin.py:117} INFO - [2022-10-04T03:13:02.848+0000] {dag.py:3324} INFO - Setting next_dagrun for example_task_group to 2022-10-03T03:13:02.848224+00:00, run_after=2022-10-04T03:13:02.848224+00:00
[2022-10-04T03:13:02.870+0000] {processor.py:178} INFO - Processing /usr/local/lib/python3.10/dist-packages/airflow/example_dags/example_task_group.py took 0.088 seconds
[2022-10-04T03:13:37.853+0000] {processor.py:156} INFO - Started process (PID=7963) to work on /usr/local/lib/python3.10/dist-packages/airflow/example_dags/example_task_group.py
[2022-10-04T03:13:37.854+0000] {processor.py:758} INFO - Processing file /usr/local/lib/python3.10/dist-packages/airflow/example_dags/example_task_group.py for tasks to queue
[2022-10-04T03:13:37.855+0000] {logging_mixin.py:117} INFO - [2022-10-04T03:13:37.855+0000] {dagbag.py:525} INFO - Filling up the DagBag from /usr/local/lib/python3.10/dist-packages/airflow/example_dags/example_task_group.py
[2022-10-04T03:13:37.871+0000] {processor.py:768} INFO - DAG(s) dict_keys(['example_task_group']) retrieved from /usr/local/lib/python3.10/dist-packages/airflow/example_dags/example_task_group.py
[2022-10-04T03:13:37.894+0000] {logging_mixin.py:117} INFO - [2022-10-04T03:13:37.893+0000] {dag.py:2573} INFO - Sync 1 DAGs
[2022-10-04T03:13:37.910+0000] {logging_mixin.py:117} INFO - [2022-10-04T03:13:37.910+0000] {dag.py:3324} INFO - Setting next_dagrun for example_task_group to 2022-10-03T03:13:37.910589+00:00, run_after=2022-10-04T03:13:37.910589+00:00
[2022-10-04T03:13:37.932+0000] {processor.py:178} INFO - Processing /usr/local/lib/python3.10/dist-packages/airflow/example_dags/example_task_group.py took 0.082 seconds
[2022-10-04T03:14:17.312+0000] {processor.py:156} INFO - Started process (PID=8002) to work on /usr/local/lib/python3.10/dist-packages/airflow/example_dags/example_task_group.py
[2022-10-04T03:14:17.313+0000] {processor.py:758} INFO - Processing file /usr/local/lib/python3.10/dist-packages/airflow/example_dags/example_task_group.py for tasks to queue
[2022-10-04T03:14:17.314+0000] {logging_mixin.py:117} INFO - [2022-10-04T03:14:17.314+0000] {dagbag.py:525} INFO - Filling up the DagBag from /usr/local/lib/python3.10/dist-packages/airflow/example_dags/example_task_group.py
[2022-10-04T03:14:17.329+0000] {processor.py:768} INFO - DAG(s) dict_keys(['example_task_group']) retrieved from /usr/local/lib/python3.10/dist-packages/airflow/example_dags/example_task_group.py
[2022-10-04T03:14:17.356+0000] {logging_mixin.py:117} INFO - [2022-10-04T03:14:17.355+0000] {dag.py:2573} INFO - Sync 1 DAGs
[2022-10-04T03:14:17.373+0000] {logging_mixin.py:117} INFO - [2022-10-04T03:14:17.373+0000] {dag.py:3324} INFO - Setting next_dagrun for example_task_group to 2022-10-03T03:14:17.372814+00:00, run_after=2022-10-04T03:14:17.372814+00:00
[2022-10-04T03:14:17.393+0000] {processor.py:178} INFO - Processing /usr/local/lib/python3.10/dist-packages/airflow/example_dags/example_task_group.py took 0.083 seconds
[2022-10-04T03:14:53.844+0000] {processor.py:156} INFO - Started process (PID=8040) to work on /usr/local/lib/python3.10/dist-packages/airflow/example_dags/example_task_group.py
[2022-10-04T03:14:53.845+0000] {processor.py:758} INFO - Processing file /usr/local/lib/python3.10/dist-packages/airflow/example_dags/example_task_group.py for tasks to queue
[2022-10-04T03:14:53.846+0000] {logging_mixin.py:117} INFO - [2022-10-04T03:14:53.846+0000] {dagbag.py:525} INFO - Filling up the DagBag from /usr/local/lib/python3.10/dist-packages/airflow/example_dags/example_task_group.py
[2022-10-04T03:14:53.861+0000] {processor.py:768} INFO - DAG(s) dict_keys(['example_task_group']) retrieved from /usr/local/lib/python3.10/dist-packages/airflow/example_dags/example_task_group.py
[2022-10-04T03:14:53.883+0000] {logging_mixin.py:117} INFO - [2022-10-04T03:14:53.882+0000] {dag.py:2573} INFO - Sync 1 DAGs
[2022-10-04T03:14:53.900+0000] {logging_mixin.py:117} INFO - [2022-10-04T03:14:53.899+0000] {dag.py:3324} INFO - Setting next_dagrun for example_task_group to 2022-10-03T03:14:53.899755+00:00, run_after=2022-10-04T03:14:53.899755+00:00
[2022-10-04T03:14:53.922+0000] {processor.py:178} INFO - Processing /usr/local/lib/python3.10/dist-packages/airflow/example_dags/example_task_group.py took 0.080 seconds
[2022-10-04T03:15:38.225+0000] {processor.py:156} INFO - Started process (PID=8084) to work on /usr/local/lib/python3.10/dist-packages/airflow/example_dags/example_task_group.py
[2022-10-04T03:15:38.226+0000] {processor.py:758} INFO - Processing file /usr/local/lib/python3.10/dist-packages/airflow/example_dags/example_task_group.py for tasks to queue
[2022-10-04T03:15:38.227+0000] {logging_mixin.py:117} INFO - [2022-10-04T03:15:38.226+0000] {dagbag.py:525} INFO - Filling up the DagBag from /usr/local/lib/python3.10/dist-packages/airflow/example_dags/example_task_group.py
[2022-10-04T03:15:38.241+0000] {processor.py:768} INFO - DAG(s) dict_keys(['example_task_group']) retrieved from /usr/local/lib/python3.10/dist-packages/airflow/example_dags/example_task_group.py
[2022-10-04T03:15:38.262+0000] {logging_mixin.py:117} INFO - [2022-10-04T03:15:38.262+0000] {dag.py:2573} INFO - Sync 1 DAGs
[2022-10-04T03:15:38.278+0000] {logging_mixin.py:117} INFO - [2022-10-04T03:15:38.278+0000] {dag.py:3324} INFO - Setting next_dagrun for example_task_group to 2022-10-03T03:15:38.278435+00:00, run_after=2022-10-04T03:15:38.278435+00:00
[2022-10-04T03:15:38.300+0000] {processor.py:178} INFO - Processing /usr/local/lib/python3.10/dist-packages/airflow/example_dags/example_task_group.py took 0.078 seconds
[2022-10-04T03:16:16.122+0000] {processor.py:156} INFO - Started process (PID=8139) to work on /usr/local/lib/python3.10/dist-packages/airflow/example_dags/example_task_group.py
[2022-10-04T03:16:16.123+0000] {processor.py:758} INFO - Processing file /usr/local/lib/python3.10/dist-packages/airflow/example_dags/example_task_group.py for tasks to queue
[2022-10-04T03:16:16.123+0000] {logging_mixin.py:117} INFO - [2022-10-04T03:16:16.123+0000] {dagbag.py:525} INFO - Filling up the DagBag from /usr/local/lib/python3.10/dist-packages/airflow/example_dags/example_task_group.py
[2022-10-04T03:16:16.143+0000] {processor.py:768} INFO - DAG(s) dict_keys(['example_task_group']) retrieved from /usr/local/lib/python3.10/dist-packages/airflow/example_dags/example_task_group.py
[2022-10-04T03:16:16.171+0000] {logging_mixin.py:117} INFO - [2022-10-04T03:16:16.171+0000] {dag.py:2573} INFO - Sync 1 DAGs
[2022-10-04T03:16:16.188+0000] {logging_mixin.py:117} INFO - [2022-10-04T03:16:16.188+0000] {dag.py:3324} INFO - Setting next_dagrun for example_task_group to 2022-10-03T03:16:16.188041+00:00, run_after=2022-10-04T03:16:16.188041+00:00
[2022-10-04T03:16:16.347+0000] {processor.py:178} INFO - Processing /usr/local/lib/python3.10/dist-packages/airflow/example_dags/example_task_group.py took 0.231 seconds
[2022-10-04T03:16:55.354+0000] {processor.py:156} INFO - Started process (PID=8255) to work on /usr/local/lib/python3.10/dist-packages/airflow/example_dags/example_task_group.py
[2022-10-04T03:16:55.355+0000] {processor.py:758} INFO - Processing file /usr/local/lib/python3.10/dist-packages/airflow/example_dags/example_task_group.py for tasks to queue
[2022-10-04T03:16:55.356+0000] {logging_mixin.py:117} INFO - [2022-10-04T03:16:55.356+0000] {dagbag.py:525} INFO - Filling up the DagBag from /usr/local/lib/python3.10/dist-packages/airflow/example_dags/example_task_group.py
[2022-10-04T03:16:55.370+0000] {processor.py:768} INFO - DAG(s) dict_keys(['example_task_group']) retrieved from /usr/local/lib/python3.10/dist-packages/airflow/example_dags/example_task_group.py
[2022-10-04T03:16:55.390+0000] {logging_mixin.py:117} INFO - [2022-10-04T03:16:55.390+0000] {dag.py:2573} INFO - Sync 1 DAGs
[2022-10-04T03:16:55.408+0000] {logging_mixin.py:117} INFO - [2022-10-04T03:16:55.408+0000] {dag.py:3324} INFO - Setting next_dagrun for example_task_group to 2022-10-03T03:16:55.407834+00:00, run_after=2022-10-04T03:16:55.407834+00:00
[2022-10-04T03:16:55.549+0000] {processor.py:178} INFO - Processing /usr/local/lib/python3.10/dist-packages/airflow/example_dags/example_task_group.py took 0.197 seconds
[2022-10-04T03:17:36.288+0000] {processor.py:156} INFO - Started process (PID=8613) to work on /usr/local/lib/python3.10/dist-packages/airflow/example_dags/example_task_group.py
[2022-10-04T03:17:36.289+0000] {processor.py:758} INFO - Processing file /usr/local/lib/python3.10/dist-packages/airflow/example_dags/example_task_group.py for tasks to queue
[2022-10-04T03:17:36.289+0000] {logging_mixin.py:117} INFO - [2022-10-04T03:17:36.289+0000] {dagbag.py:525} INFO - Filling up the DagBag from /usr/local/lib/python3.10/dist-packages/airflow/example_dags/example_task_group.py
[2022-10-04T03:17:36.304+0000] {processor.py:768} INFO - DAG(s) dict_keys(['example_task_group']) retrieved from /usr/local/lib/python3.10/dist-packages/airflow/example_dags/example_task_group.py
[2022-10-04T03:17:36.325+0000] {logging_mixin.py:117} INFO - [2022-10-04T03:17:36.325+0000] {dag.py:2573} INFO - Sync 1 DAGs
[2022-10-04T03:17:36.474+0000] {logging_mixin.py:117} INFO - [2022-10-04T03:17:36.474+0000] {dag.py:3324} INFO - Setting next_dagrun for example_task_group to 2022-10-03T03:17:36.474254+00:00, run_after=2022-10-04T03:17:36.474254+00:00
[2022-10-04T03:17:36.494+0000] {processor.py:178} INFO - Processing /usr/local/lib/python3.10/dist-packages/airflow/example_dags/example_task_group.py took 0.210 seconds
[2022-10-04T03:18:17.250+0000] {processor.py:156} INFO - Started process (PID=8650) to work on /usr/local/lib/python3.10/dist-packages/airflow/example_dags/example_task_group.py
[2022-10-04T03:18:17.251+0000] {processor.py:758} INFO - Processing file /usr/local/lib/python3.10/dist-packages/airflow/example_dags/example_task_group.py for tasks to queue
[2022-10-04T03:18:17.252+0000] {logging_mixin.py:117} INFO - [2022-10-04T03:18:17.252+0000] {dagbag.py:525} INFO - Filling up the DagBag from /usr/local/lib/python3.10/dist-packages/airflow/example_dags/example_task_group.py
[2022-10-04T03:18:17.267+0000] {processor.py:768} INFO - DAG(s) dict_keys(['example_task_group']) retrieved from /usr/local/lib/python3.10/dist-packages/airflow/example_dags/example_task_group.py
[2022-10-04T03:18:17.295+0000] {logging_mixin.py:117} INFO - [2022-10-04T03:18:17.295+0000] {dag.py:2573} INFO - Sync 1 DAGs
[2022-10-04T03:18:17.445+0000] {logging_mixin.py:117} INFO - [2022-10-04T03:18:17.445+0000] {dag.py:3324} INFO - Setting next_dagrun for example_task_group to 2022-10-03T03:18:17.445183+00:00, run_after=2022-10-04T03:18:17.445183+00:00
[2022-10-04T03:18:17.466+0000] {processor.py:178} INFO - Processing /usr/local/lib/python3.10/dist-packages/airflow/example_dags/example_task_group.py took 0.218 seconds
[2022-10-04T03:18:43.256+0000] {processor.py:156} INFO - Started process (PID=8688) to work on /usr/local/lib/python3.10/dist-packages/airflow/example_dags/example_task_group.py
[2022-10-04T03:18:43.266+0000] {processor.py:758} INFO - Processing file /usr/local/lib/python3.10/dist-packages/airflow/example_dags/example_task_group.py for tasks to queue
[2022-10-04T03:18:43.267+0000] {logging_mixin.py:117} INFO - [2022-10-04T03:18:43.267+0000] {dagbag.py:525} INFO - Filling up the DagBag from /usr/local/lib/python3.10/dist-packages/airflow/example_dags/example_task_group.py
[2022-10-04T03:18:43.339+0000] {processor.py:768} INFO - DAG(s) dict_keys(['example_task_group']) retrieved from /usr/local/lib/python3.10/dist-packages/airflow/example_dags/example_task_group.py
[2022-10-04T03:18:43.368+0000] {logging_mixin.py:117} INFO - [2022-10-04T03:18:43.367+0000] {dag.py:2573} INFO - Sync 1 DAGs
[2022-10-04T03:18:43.394+0000] {logging_mixin.py:117} INFO - [2022-10-04T03:18:43.394+0000] {dag.py:3324} INFO - Setting next_dagrun for example_task_group to 2022-10-03T03:18:43.394365+00:00, run_after=2022-10-04T03:18:43.394365+00:00
[2022-10-04T03:18:43.422+0000] {processor.py:178} INFO - Processing /usr/local/lib/python3.10/dist-packages/airflow/example_dags/example_task_group.py took 0.169 seconds
[2022-10-04T03:19:21.931+0000] {processor.py:156} INFO - Started process (PID=8726) to work on /usr/local/lib/python3.10/dist-packages/airflow/example_dags/example_task_group.py
[2022-10-04T03:19:21.932+0000] {processor.py:758} INFO - Processing file /usr/local/lib/python3.10/dist-packages/airflow/example_dags/example_task_group.py for tasks to queue
[2022-10-04T03:19:21.933+0000] {logging_mixin.py:117} INFO - [2022-10-04T03:19:21.933+0000] {dagbag.py:525} INFO - Filling up the DagBag from /usr/local/lib/python3.10/dist-packages/airflow/example_dags/example_task_group.py
[2022-10-04T03:19:21.954+0000] {processor.py:768} INFO - DAG(s) dict_keys(['example_task_group']) retrieved from /usr/local/lib/python3.10/dist-packages/airflow/example_dags/example_task_group.py
[2022-10-04T03:19:21.978+0000] {logging_mixin.py:117} INFO - [2022-10-04T03:19:21.978+0000] {dag.py:2573} INFO - Sync 1 DAGs
[2022-10-04T03:19:21.996+0000] {logging_mixin.py:117} INFO - [2022-10-04T03:19:21.996+0000] {dag.py:3324} INFO - Setting next_dagrun for example_task_group to 2022-10-03T03:19:21.996564+00:00, run_after=2022-10-04T03:19:21.996564+00:00
[2022-10-04T03:19:22.028+0000] {processor.py:178} INFO - Processing /usr/local/lib/python3.10/dist-packages/airflow/example_dags/example_task_group.py took 0.100 seconds
[2022-10-04T03:20:00.802+0000] {processor.py:156} INFO - Started process (PID=8766) to work on /usr/local/lib/python3.10/dist-packages/airflow/example_dags/example_task_group.py
[2022-10-04T03:20:00.803+0000] {processor.py:758} INFO - Processing file /usr/local/lib/python3.10/dist-packages/airflow/example_dags/example_task_group.py for tasks to queue
[2022-10-04T03:20:00.803+0000] {logging_mixin.py:117} INFO - [2022-10-04T03:20:00.803+0000] {dagbag.py:525} INFO - Filling up the DagBag from /usr/local/lib/python3.10/dist-packages/airflow/example_dags/example_task_group.py
[2022-10-04T03:20:00.821+0000] {processor.py:768} INFO - DAG(s) dict_keys(['example_task_group']) retrieved from /usr/local/lib/python3.10/dist-packages/airflow/example_dags/example_task_group.py
[2022-10-04T03:20:00.844+0000] {logging_mixin.py:117} INFO - [2022-10-04T03:20:00.844+0000] {dag.py:2573} INFO - Sync 1 DAGs
[2022-10-04T03:20:00.862+0000] {logging_mixin.py:117} INFO - [2022-10-04T03:20:00.862+0000] {dag.py:3324} INFO - Setting next_dagrun for example_task_group to 2022-10-03T03:20:00.861953+00:00, run_after=2022-10-04T03:20:00.861953+00:00
[2022-10-04T03:20:00.889+0000] {processor.py:178} INFO - Processing /usr/local/lib/python3.10/dist-packages/airflow/example_dags/example_task_group.py took 0.090 seconds
[2022-10-04T03:20:37.824+0000] {processor.py:156} INFO - Started process (PID=8806) to work on /usr/local/lib/python3.10/dist-packages/airflow/example_dags/example_task_group.py
[2022-10-04T03:20:37.825+0000] {processor.py:758} INFO - Processing file /usr/local/lib/python3.10/dist-packages/airflow/example_dags/example_task_group.py for tasks to queue
[2022-10-04T03:20:37.826+0000] {logging_mixin.py:117} INFO - [2022-10-04T03:20:37.826+0000] {dagbag.py:525} INFO - Filling up the DagBag from /usr/local/lib/python3.10/dist-packages/airflow/example_dags/example_task_group.py
[2022-10-04T03:20:37.841+0000] {processor.py:768} INFO - DAG(s) dict_keys(['example_task_group']) retrieved from /usr/local/lib/python3.10/dist-packages/airflow/example_dags/example_task_group.py
[2022-10-04T03:20:37.863+0000] {logging_mixin.py:117} INFO - [2022-10-04T03:20:37.863+0000] {dag.py:2573} INFO - Sync 1 DAGs
[2022-10-04T03:20:37.885+0000] {logging_mixin.py:117} INFO - [2022-10-04T03:20:37.885+0000] {dag.py:3324} INFO - Setting next_dagrun for example_task_group to 2022-10-03T03:20:37.884792+00:00, run_after=2022-10-04T03:20:37.884792+00:00
[2022-10-04T03:20:37.914+0000] {processor.py:178} INFO - Processing /usr/local/lib/python3.10/dist-packages/airflow/example_dags/example_task_group.py took 0.092 seconds
[2022-10-04T03:21:15.451+0000] {processor.py:156} INFO - Started process (PID=8841) to work on /usr/local/lib/python3.10/dist-packages/airflow/example_dags/example_task_group.py
[2022-10-04T03:21:15.452+0000] {processor.py:758} INFO - Processing file /usr/local/lib/python3.10/dist-packages/airflow/example_dags/example_task_group.py for tasks to queue
[2022-10-04T03:21:15.453+0000] {logging_mixin.py:117} INFO - [2022-10-04T03:21:15.452+0000] {dagbag.py:525} INFO - Filling up the DagBag from /usr/local/lib/python3.10/dist-packages/airflow/example_dags/example_task_group.py
[2022-10-04T03:21:15.474+0000] {processor.py:768} INFO - DAG(s) dict_keys(['example_task_group']) retrieved from /usr/local/lib/python3.10/dist-packages/airflow/example_dags/example_task_group.py
[2022-10-04T03:21:15.500+0000] {logging_mixin.py:117} INFO - [2022-10-04T03:21:15.500+0000] {dag.py:2573} INFO - Sync 1 DAGs
[2022-10-04T03:21:15.519+0000] {logging_mixin.py:117} INFO - [2022-10-04T03:21:15.519+0000] {dag.py:3324} INFO - Setting next_dagrun for example_task_group to 2022-10-03T03:21:15.518942+00:00, run_after=2022-10-04T03:21:15.518942+00:00
[2022-10-04T03:21:15.540+0000] {processor.py:178} INFO - Processing /usr/local/lib/python3.10/dist-packages/airflow/example_dags/example_task_group.py took 0.092 seconds
[2022-10-04T03:21:54.166+0000] {processor.py:156} INFO - Started process (PID=8879) to work on /usr/local/lib/python3.10/dist-packages/airflow/example_dags/example_task_group.py
[2022-10-04T03:21:54.167+0000] {processor.py:758} INFO - Processing file /usr/local/lib/python3.10/dist-packages/airflow/example_dags/example_task_group.py for tasks to queue
[2022-10-04T03:21:54.168+0000] {logging_mixin.py:117} INFO - [2022-10-04T03:21:54.167+0000] {dagbag.py:525} INFO - Filling up the DagBag from /usr/local/lib/python3.10/dist-packages/airflow/example_dags/example_task_group.py
[2022-10-04T03:21:54.200+0000] {processor.py:768} INFO - DAG(s) dict_keys(['example_task_group']) retrieved from /usr/local/lib/python3.10/dist-packages/airflow/example_dags/example_task_group.py
[2022-10-04T03:21:54.244+0000] {logging_mixin.py:117} INFO - [2022-10-04T03:21:54.244+0000] {dag.py:2573} INFO - Sync 1 DAGs
[2022-10-04T03:21:54.284+0000] {logging_mixin.py:117} INFO - [2022-10-04T03:21:54.284+0000] {dag.py:3324} INFO - Setting next_dagrun for example_task_group to 2022-10-03T03:21:54.284561+00:00, run_after=2022-10-04T03:21:54.284561+00:00
[2022-10-04T03:21:54.323+0000] {processor.py:178} INFO - Processing /usr/local/lib/python3.10/dist-packages/airflow/example_dags/example_task_group.py took 0.164 seconds
[2022-10-04T03:22:31.897+0000] {processor.py:156} INFO - Started process (PID=8919) to work on /usr/local/lib/python3.10/dist-packages/airflow/example_dags/example_task_group.py
[2022-10-04T03:22:31.899+0000] {processor.py:758} INFO - Processing file /usr/local/lib/python3.10/dist-packages/airflow/example_dags/example_task_group.py for tasks to queue
[2022-10-04T03:22:31.899+0000] {logging_mixin.py:117} INFO - [2022-10-04T03:22:31.899+0000] {dagbag.py:525} INFO - Filling up the DagBag from /usr/local/lib/python3.10/dist-packages/airflow/example_dags/example_task_group.py
[2022-10-04T03:22:31.915+0000] {processor.py:768} INFO - DAG(s) dict_keys(['example_task_group']) retrieved from /usr/local/lib/python3.10/dist-packages/airflow/example_dags/example_task_group.py
[2022-10-04T03:22:31.941+0000] {logging_mixin.py:117} INFO - [2022-10-04T03:22:31.941+0000] {dag.py:2573} INFO - Sync 1 DAGs
[2022-10-04T03:22:31.962+0000] {logging_mixin.py:117} INFO - [2022-10-04T03:22:31.962+0000] {dag.py:3324} INFO - Setting next_dagrun for example_task_group to 2022-10-03T03:22:31.962403+00:00, run_after=2022-10-04T03:22:31.962403+00:00
[2022-10-04T03:22:31.985+0000] {processor.py:178} INFO - Processing /usr/local/lib/python3.10/dist-packages/airflow/example_dags/example_task_group.py took 0.090 seconds
[2022-10-04T03:23:08.790+0000] {processor.py:156} INFO - Started process (PID=8957) to work on /usr/local/lib/python3.10/dist-packages/airflow/example_dags/example_task_group.py
[2022-10-04T03:23:08.791+0000] {processor.py:758} INFO - Processing file /usr/local/lib/python3.10/dist-packages/airflow/example_dags/example_task_group.py for tasks to queue
[2022-10-04T03:23:08.792+0000] {logging_mixin.py:117} INFO - [2022-10-04T03:23:08.792+0000] {dagbag.py:525} INFO - Filling up the DagBag from /usr/local/lib/python3.10/dist-packages/airflow/example_dags/example_task_group.py
[2022-10-04T03:23:08.814+0000] {processor.py:768} INFO - DAG(s) dict_keys(['example_task_group']) retrieved from /usr/local/lib/python3.10/dist-packages/airflow/example_dags/example_task_group.py
[2022-10-04T03:23:08.837+0000] {logging_mixin.py:117} INFO - [2022-10-04T03:23:08.837+0000] {dag.py:2573} INFO - Sync 1 DAGs
[2022-10-04T03:23:08.854+0000] {logging_mixin.py:117} INFO - [2022-10-04T03:23:08.854+0000] {dag.py:3324} INFO - Setting next_dagrun for example_task_group to 2022-10-03T03:23:08.853854+00:00, run_after=2022-10-04T03:23:08.853854+00:00
[2022-10-04T03:23:08.876+0000] {processor.py:178} INFO - Processing /usr/local/lib/python3.10/dist-packages/airflow/example_dags/example_task_group.py took 0.089 seconds
[2022-10-04T03:23:42.166+0000] {processor.py:156} INFO - Started process (PID=8995) to work on /usr/local/lib/python3.10/dist-packages/airflow/example_dags/example_task_group.py
[2022-10-04T03:23:42.168+0000] {processor.py:758} INFO - Processing file /usr/local/lib/python3.10/dist-packages/airflow/example_dags/example_task_group.py for tasks to queue
[2022-10-04T03:23:42.169+0000] {logging_mixin.py:117} INFO - [2022-10-04T03:23:42.169+0000] {dagbag.py:525} INFO - Filling up the DagBag from /usr/local/lib/python3.10/dist-packages/airflow/example_dags/example_task_group.py
[2022-10-04T03:23:42.190+0000] {processor.py:768} INFO - DAG(s) dict_keys(['example_task_group']) retrieved from /usr/local/lib/python3.10/dist-packages/airflow/example_dags/example_task_group.py
[2022-10-04T03:23:42.225+0000] {logging_mixin.py:117} INFO - [2022-10-04T03:23:42.225+0000] {dag.py:2573} INFO - Sync 1 DAGs
[2022-10-04T03:23:42.257+0000] {logging_mixin.py:117} INFO - [2022-10-04T03:23:42.257+0000] {dag.py:3324} INFO - Setting next_dagrun for example_task_group to 2022-10-03T03:23:42.257253+00:00, run_after=2022-10-04T03:23:42.257253+00:00
[2022-10-04T03:23:42.347+0000] {processor.py:178} INFO - Processing /usr/local/lib/python3.10/dist-packages/airflow/example_dags/example_task_group.py took 0.185 seconds
[2022-10-04T03:24:20.922+0000] {processor.py:156} INFO - Started process (PID=9035) to work on /usr/local/lib/python3.10/dist-packages/airflow/example_dags/example_task_group.py
[2022-10-04T03:24:20.923+0000] {processor.py:758} INFO - Processing file /usr/local/lib/python3.10/dist-packages/airflow/example_dags/example_task_group.py for tasks to queue
[2022-10-04T03:24:20.923+0000] {logging_mixin.py:117} INFO - [2022-10-04T03:24:20.923+0000] {dagbag.py:525} INFO - Filling up the DagBag from /usr/local/lib/python3.10/dist-packages/airflow/example_dags/example_task_group.py
[2022-10-04T03:24:20.938+0000] {processor.py:768} INFO - DAG(s) dict_keys(['example_task_group']) retrieved from /usr/local/lib/python3.10/dist-packages/airflow/example_dags/example_task_group.py
[2022-10-04T03:24:20.959+0000] {logging_mixin.py:117} INFO - [2022-10-04T03:24:20.958+0000] {dag.py:2573} INFO - Sync 1 DAGs
[2022-10-04T03:24:20.975+0000] {logging_mixin.py:117} INFO - [2022-10-04T03:24:20.975+0000] {dag.py:3324} INFO - Setting next_dagrun for example_task_group to 2022-10-03T03:24:20.974867+00:00, run_after=2022-10-04T03:24:20.974867+00:00
[2022-10-04T03:24:20.995+0000] {processor.py:178} INFO - Processing /usr/local/lib/python3.10/dist-packages/airflow/example_dags/example_task_group.py took 0.075 seconds
[2022-10-04T03:24:59.804+0000] {processor.py:156} INFO - Started process (PID=9074) to work on /usr/local/lib/python3.10/dist-packages/airflow/example_dags/example_task_group.py
[2022-10-04T03:24:59.805+0000] {processor.py:758} INFO - Processing file /usr/local/lib/python3.10/dist-packages/airflow/example_dags/example_task_group.py for tasks to queue
[2022-10-04T03:24:59.806+0000] {logging_mixin.py:117} INFO - [2022-10-04T03:24:59.806+0000] {dagbag.py:525} INFO - Filling up the DagBag from /usr/local/lib/python3.10/dist-packages/airflow/example_dags/example_task_group.py
[2022-10-04T03:24:59.825+0000] {processor.py:768} INFO - DAG(s) dict_keys(['example_task_group']) retrieved from /usr/local/lib/python3.10/dist-packages/airflow/example_dags/example_task_group.py
[2022-10-04T03:24:59.849+0000] {logging_mixin.py:117} INFO - [2022-10-04T03:24:59.848+0000] {dag.py:2573} INFO - Sync 1 DAGs
[2022-10-04T03:24:59.885+0000] {logging_mixin.py:117} INFO - [2022-10-04T03:24:59.885+0000] {dag.py:3324} INFO - Setting next_dagrun for example_task_group to 2022-10-03T03:24:59.884969+00:00, run_after=2022-10-04T03:24:59.884969+00:00
[2022-10-04T03:24:59.916+0000] {processor.py:178} INFO - Processing /usr/local/lib/python3.10/dist-packages/airflow/example_dags/example_task_group.py took 0.116 seconds
[2022-10-04T03:25:37.064+0000] {processor.py:156} INFO - Started process (PID=9115) to work on /usr/local/lib/python3.10/dist-packages/airflow/example_dags/example_task_group.py
[2022-10-04T03:25:37.066+0000] {processor.py:758} INFO - Processing file /usr/local/lib/python3.10/dist-packages/airflow/example_dags/example_task_group.py for tasks to queue
[2022-10-04T03:25:37.067+0000] {logging_mixin.py:117} INFO - [2022-10-04T03:25:37.067+0000] {dagbag.py:525} INFO - Filling up the DagBag from /usr/local/lib/python3.10/dist-packages/airflow/example_dags/example_task_group.py
[2022-10-04T03:25:37.095+0000] {processor.py:768} INFO - DAG(s) dict_keys(['example_task_group']) retrieved from /usr/local/lib/python3.10/dist-packages/airflow/example_dags/example_task_group.py
[2022-10-04T03:25:37.124+0000] {logging_mixin.py:117} INFO - [2022-10-04T03:25:37.124+0000] {dag.py:2573} INFO - Sync 1 DAGs
[2022-10-04T03:25:37.153+0000] {logging_mixin.py:117} INFO - [2022-10-04T03:25:37.152+0000] {dag.py:3324} INFO - Setting next_dagrun for example_task_group to 2022-10-03T03:25:37.150811+00:00, run_after=2022-10-04T03:25:37.150811+00:00
[2022-10-04T03:25:37.189+0000] {processor.py:178} INFO - Processing /usr/local/lib/python3.10/dist-packages/airflow/example_dags/example_task_group.py took 0.131 seconds
[2022-10-04T03:26:14.523+0000] {processor.py:156} INFO - Started process (PID=9159) to work on /usr/local/lib/python3.10/dist-packages/airflow/example_dags/example_task_group.py
[2022-10-04T03:26:14.524+0000] {processor.py:758} INFO - Processing file /usr/local/lib/python3.10/dist-packages/airflow/example_dags/example_task_group.py for tasks to queue
[2022-10-04T03:26:14.525+0000] {logging_mixin.py:117} INFO - [2022-10-04T03:26:14.525+0000] {dagbag.py:525} INFO - Filling up the DagBag from /usr/local/lib/python3.10/dist-packages/airflow/example_dags/example_task_group.py
[2022-10-04T03:26:14.545+0000] {processor.py:768} INFO - DAG(s) dict_keys(['example_task_group']) retrieved from /usr/local/lib/python3.10/dist-packages/airflow/example_dags/example_task_group.py
[2022-10-04T03:26:14.561+0000] {logging_mixin.py:117} INFO - [2022-10-04T03:26:14.561+0000] {dag.py:2573} INFO - Sync 1 DAGs
[2022-10-04T03:26:14.588+0000] {logging_mixin.py:117} INFO - [2022-10-04T03:26:14.588+0000] {dag.py:3324} INFO - Setting next_dagrun for example_task_group to 2022-10-03T03:26:14.588352+00:00, run_after=2022-10-04T03:26:14.588352+00:00
[2022-10-04T03:26:14.618+0000] {processor.py:178} INFO - Processing /usr/local/lib/python3.10/dist-packages/airflow/example_dags/example_task_group.py took 0.098 seconds
[2022-10-04T03:30:23.781+0000] {processor.py:156} INFO - Started process (PID=9257) to work on /usr/local/lib/python3.10/dist-packages/airflow/example_dags/example_task_group.py
[2022-10-04T03:30:23.783+0000] {processor.py:758} INFO - Processing file /usr/local/lib/python3.10/dist-packages/airflow/example_dags/example_task_group.py for tasks to queue
[2022-10-04T03:30:23.783+0000] {logging_mixin.py:117} INFO - [2022-10-04T03:30:23.783+0000] {dagbag.py:525} INFO - Filling up the DagBag from /usr/local/lib/python3.10/dist-packages/airflow/example_dags/example_task_group.py
[2022-10-04T03:30:23.798+0000] {processor.py:768} INFO - DAG(s) dict_keys(['example_task_group']) retrieved from /usr/local/lib/python3.10/dist-packages/airflow/example_dags/example_task_group.py
[2022-10-04T03:30:23.810+0000] {logging_mixin.py:117} INFO - [2022-10-04T03:30:23.809+0000] {dag.py:2573} INFO - Sync 1 DAGs
[2022-10-04T03:30:23.828+0000] {logging_mixin.py:117} INFO - [2022-10-04T03:30:23.828+0000] {dag.py:3324} INFO - Setting next_dagrun for example_task_group to 2022-10-03T03:30:23.828487+00:00, run_after=2022-10-04T03:30:23.828487+00:00
[2022-10-04T03:30:23.849+0000] {processor.py:178} INFO - Processing /usr/local/lib/python3.10/dist-packages/airflow/example_dags/example_task_group.py took 0.071 seconds
[2022-10-04T03:31:02.294+0000] {processor.py:156} INFO - Started process (PID=9298) to work on /usr/local/lib/python3.10/dist-packages/airflow/example_dags/example_task_group.py
[2022-10-04T03:31:02.295+0000] {processor.py:758} INFO - Processing file /usr/local/lib/python3.10/dist-packages/airflow/example_dags/example_task_group.py for tasks to queue
[2022-10-04T03:31:02.296+0000] {logging_mixin.py:117} INFO - [2022-10-04T03:31:02.296+0000] {dagbag.py:525} INFO - Filling up the DagBag from /usr/local/lib/python3.10/dist-packages/airflow/example_dags/example_task_group.py
[2022-10-04T03:31:02.312+0000] {processor.py:768} INFO - DAG(s) dict_keys(['example_task_group']) retrieved from /usr/local/lib/python3.10/dist-packages/airflow/example_dags/example_task_group.py
[2022-10-04T03:31:02.339+0000] {logging_mixin.py:117} INFO - [2022-10-04T03:31:02.339+0000] {dag.py:2573} INFO - Sync 1 DAGs
[2022-10-04T03:31:02.358+0000] {logging_mixin.py:117} INFO - [2022-10-04T03:31:02.358+0000] {dag.py:3324} INFO - Setting next_dagrun for example_task_group to 2022-10-03T03:31:02.358224+00:00, run_after=2022-10-04T03:31:02.358224+00:00
[2022-10-04T03:31:02.393+0000] {processor.py:178} INFO - Processing /usr/local/lib/python3.10/dist-packages/airflow/example_dags/example_task_group.py took 0.102 seconds
[2022-10-04T03:31:42.668+0000] {processor.py:156} INFO - Started process (PID=9339) to work on /usr/local/lib/python3.10/dist-packages/airflow/example_dags/example_task_group.py
[2022-10-04T03:31:42.669+0000] {processor.py:758} INFO - Processing file /usr/local/lib/python3.10/dist-packages/airflow/example_dags/example_task_group.py for tasks to queue
[2022-10-04T03:31:42.669+0000] {logging_mixin.py:117} INFO - [2022-10-04T03:31:42.669+0000] {dagbag.py:525} INFO - Filling up the DagBag from /usr/local/lib/python3.10/dist-packages/airflow/example_dags/example_task_group.py
[2022-10-04T03:31:42.685+0000] {processor.py:768} INFO - DAG(s) dict_keys(['example_task_group']) retrieved from /usr/local/lib/python3.10/dist-packages/airflow/example_dags/example_task_group.py
[2022-10-04T03:31:42.711+0000] {logging_mixin.py:117} INFO - [2022-10-04T03:31:42.711+0000] {dag.py:2573} INFO - Sync 1 DAGs
[2022-10-04T03:31:42.729+0000] {logging_mixin.py:117} INFO - [2022-10-04T03:31:42.728+0000] {dag.py:3324} INFO - Setting next_dagrun for example_task_group to 2022-10-03T03:31:42.728633+00:00, run_after=2022-10-04T03:31:42.728633+00:00
[2022-10-04T03:31:42.752+0000] {processor.py:178} INFO - Processing /usr/local/lib/python3.10/dist-packages/airflow/example_dags/example_task_group.py took 0.087 seconds
[2022-10-04T03:32:19.462+0000] {processor.py:156} INFO - Started process (PID=9392) to work on /usr/local/lib/python3.10/dist-packages/airflow/example_dags/example_task_group.py
[2022-10-04T03:32:19.463+0000] {processor.py:758} INFO - Processing file /usr/local/lib/python3.10/dist-packages/airflow/example_dags/example_task_group.py for tasks to queue
[2022-10-04T03:32:19.464+0000] {logging_mixin.py:117} INFO - [2022-10-04T03:32:19.463+0000] {dagbag.py:525} INFO - Filling up the DagBag from /usr/local/lib/python3.10/dist-packages/airflow/example_dags/example_task_group.py
[2022-10-04T03:32:19.479+0000] {processor.py:768} INFO - DAG(s) dict_keys(['example_task_group']) retrieved from /usr/local/lib/python3.10/dist-packages/airflow/example_dags/example_task_group.py
[2022-10-04T03:32:19.516+0000] {logging_mixin.py:117} INFO - [2022-10-04T03:32:19.516+0000] {dag.py:2573} INFO - Sync 1 DAGs
[2022-10-04T03:32:19.535+0000] {logging_mixin.py:117} INFO - [2022-10-04T03:32:19.535+0000] {dag.py:3324} INFO - Setting next_dagrun for example_task_group to 2022-10-03T03:32:19.534862+00:00, run_after=2022-10-04T03:32:19.534862+00:00
[2022-10-04T03:32:19.558+0000] {processor.py:178} INFO - Processing /usr/local/lib/python3.10/dist-packages/airflow/example_dags/example_task_group.py took 0.099 seconds
[2022-10-04T03:32:55.831+0000] {processor.py:156} INFO - Started process (PID=9430) to work on /usr/local/lib/python3.10/dist-packages/airflow/example_dags/example_task_group.py
[2022-10-04T03:32:55.832+0000] {processor.py:758} INFO - Processing file /usr/local/lib/python3.10/dist-packages/airflow/example_dags/example_task_group.py for tasks to queue
[2022-10-04T03:32:55.832+0000] {logging_mixin.py:117} INFO - [2022-10-04T03:32:55.832+0000] {dagbag.py:525} INFO - Filling up the DagBag from /usr/local/lib/python3.10/dist-packages/airflow/example_dags/example_task_group.py
[2022-10-04T03:32:55.848+0000] {processor.py:768} INFO - DAG(s) dict_keys(['example_task_group']) retrieved from /usr/local/lib/python3.10/dist-packages/airflow/example_dags/example_task_group.py
[2022-10-04T03:32:55.873+0000] {logging_mixin.py:117} INFO - [2022-10-04T03:32:55.873+0000] {dag.py:2573} INFO - Sync 1 DAGs
[2022-10-04T03:32:55.892+0000] {logging_mixin.py:117} INFO - [2022-10-04T03:32:55.892+0000] {dag.py:3324} INFO - Setting next_dagrun for example_task_group to 2022-10-03T03:32:55.891976+00:00, run_after=2022-10-04T03:32:55.891976+00:00
[2022-10-04T03:32:55.918+0000] {processor.py:178} INFO - Processing /usr/local/lib/python3.10/dist-packages/airflow/example_dags/example_task_group.py took 0.091 seconds
[2022-10-04T03:33:34.671+0000] {processor.py:156} INFO - Started process (PID=9470) to work on /usr/local/lib/python3.10/dist-packages/airflow/example_dags/example_task_group.py
[2022-10-04T03:33:34.672+0000] {processor.py:758} INFO - Processing file /usr/local/lib/python3.10/dist-packages/airflow/example_dags/example_task_group.py for tasks to queue
[2022-10-04T03:33:34.673+0000] {logging_mixin.py:117} INFO - [2022-10-04T03:33:34.673+0000] {dagbag.py:525} INFO - Filling up the DagBag from /usr/local/lib/python3.10/dist-packages/airflow/example_dags/example_task_group.py
[2022-10-04T03:33:34.694+0000] {processor.py:768} INFO - DAG(s) dict_keys(['example_task_group']) retrieved from /usr/local/lib/python3.10/dist-packages/airflow/example_dags/example_task_group.py
[2022-10-04T03:33:34.726+0000] {logging_mixin.py:117} INFO - [2022-10-04T03:33:34.726+0000] {dag.py:2573} INFO - Sync 1 DAGs
[2022-10-04T03:33:34.749+0000] {logging_mixin.py:117} INFO - [2022-10-04T03:33:34.749+0000] {dag.py:3324} INFO - Setting next_dagrun for example_task_group to 2022-10-03T03:33:34.749555+00:00, run_after=2022-10-04T03:33:34.749555+00:00
[2022-10-04T03:33:34.779+0000] {processor.py:178} INFO - Processing /usr/local/lib/python3.10/dist-packages/airflow/example_dags/example_task_group.py took 0.111 seconds
[2022-10-04T03:34:08.370+0000] {processor.py:156} INFO - Started process (PID=9508) to work on /usr/local/lib/python3.10/dist-packages/airflow/example_dags/example_task_group.py
[2022-10-04T03:34:08.371+0000] {processor.py:758} INFO - Processing file /usr/local/lib/python3.10/dist-packages/airflow/example_dags/example_task_group.py for tasks to queue
[2022-10-04T03:34:08.372+0000] {logging_mixin.py:117} INFO - [2022-10-04T03:34:08.372+0000] {dagbag.py:525} INFO - Filling up the DagBag from /usr/local/lib/python3.10/dist-packages/airflow/example_dags/example_task_group.py
[2022-10-04T03:34:08.388+0000] {processor.py:768} INFO - DAG(s) dict_keys(['example_task_group']) retrieved from /usr/local/lib/python3.10/dist-packages/airflow/example_dags/example_task_group.py
[2022-10-04T03:34:08.414+0000] {logging_mixin.py:117} INFO - [2022-10-04T03:34:08.414+0000] {dag.py:2573} INFO - Sync 1 DAGs
[2022-10-04T03:34:08.436+0000] {logging_mixin.py:117} INFO - [2022-10-04T03:34:08.436+0000] {dag.py:3324} INFO - Setting next_dagrun for example_task_group to 2022-10-03T03:34:08.435974+00:00, run_after=2022-10-04T03:34:08.435974+00:00
[2022-10-04T03:34:08.462+0000] {processor.py:178} INFO - Processing /usr/local/lib/python3.10/dist-packages/airflow/example_dags/example_task_group.py took 0.095 seconds
[2022-10-04T03:46:14.514+0000] {processor.py:156} INFO - Started process (PID=970) to work on /usr/local/lib/python3.10/dist-packages/airflow/example_dags/example_task_group.py
[2022-10-04T03:46:14.526+0000] {processor.py:758} INFO - Processing file /usr/local/lib/python3.10/dist-packages/airflow/example_dags/example_task_group.py for tasks to queue
[2022-10-04T03:46:14.527+0000] {logging_mixin.py:117} INFO - [2022-10-04T03:46:14.526+0000] {dagbag.py:525} INFO - Filling up the DagBag from /usr/local/lib/python3.10/dist-packages/airflow/example_dags/example_task_group.py
[2022-10-04T03:46:14.564+0000] {processor.py:768} INFO - DAG(s) dict_keys(['example_task_group']) retrieved from /usr/local/lib/python3.10/dist-packages/airflow/example_dags/example_task_group.py
[2022-10-04T03:46:14.596+0000] {logging_mixin.py:117} INFO - [2022-10-04T03:46:14.596+0000] {dag.py:2573} INFO - Sync 1 DAGs
[2022-10-04T03:46:14.624+0000] {logging_mixin.py:117} INFO - [2022-10-04T03:46:14.624+0000] {dag.py:3324} INFO - Setting next_dagrun for example_task_group to 2022-10-03T03:46:14.624067+00:00, run_after=2022-10-04T03:46:14.624067+00:00
[2022-10-04T03:46:14.651+0000] {processor.py:178} INFO - Processing /usr/local/lib/python3.10/dist-packages/airflow/example_dags/example_task_group.py took 0.156 seconds
[2022-10-04T03:46:54.155+0000] {processor.py:156} INFO - Started process (PID=1014) to work on /usr/local/lib/python3.10/dist-packages/airflow/example_dags/example_task_group.py
[2022-10-04T03:46:54.156+0000] {processor.py:758} INFO - Processing file /usr/local/lib/python3.10/dist-packages/airflow/example_dags/example_task_group.py for tasks to queue
[2022-10-04T03:46:54.156+0000] {logging_mixin.py:117} INFO - [2022-10-04T03:46:54.156+0000] {dagbag.py:525} INFO - Filling up the DagBag from /usr/local/lib/python3.10/dist-packages/airflow/example_dags/example_task_group.py
[2022-10-04T03:46:54.173+0000] {processor.py:768} INFO - DAG(s) dict_keys(['example_task_group']) retrieved from /usr/local/lib/python3.10/dist-packages/airflow/example_dags/example_task_group.py
[2022-10-04T03:46:54.205+0000] {logging_mixin.py:117} INFO - [2022-10-04T03:46:54.204+0000] {dag.py:2573} INFO - Sync 1 DAGs
[2022-10-04T03:46:54.224+0000] {logging_mixin.py:117} INFO - [2022-10-04T03:46:54.224+0000] {dag.py:3324} INFO - Setting next_dagrun for example_task_group to 2022-10-03T03:46:54.224012+00:00, run_after=2022-10-04T03:46:54.224012+00:00
[2022-10-04T03:46:54.264+0000] {processor.py:178} INFO - Processing /usr/local/lib/python3.10/dist-packages/airflow/example_dags/example_task_group.py took 0.112 seconds
[2022-10-04T03:47:33.610+0000] {processor.py:156} INFO - Started process (PID=1055) to work on /usr/local/lib/python3.10/dist-packages/airflow/example_dags/example_task_group.py
[2022-10-04T03:47:33.611+0000] {processor.py:758} INFO - Processing file /usr/local/lib/python3.10/dist-packages/airflow/example_dags/example_task_group.py for tasks to queue
[2022-10-04T03:47:33.612+0000] {logging_mixin.py:117} INFO - [2022-10-04T03:47:33.612+0000] {dagbag.py:525} INFO - Filling up the DagBag from /usr/local/lib/python3.10/dist-packages/airflow/example_dags/example_task_group.py
[2022-10-04T03:47:33.626+0000] {processor.py:768} INFO - DAG(s) dict_keys(['example_task_group']) retrieved from /usr/local/lib/python3.10/dist-packages/airflow/example_dags/example_task_group.py
[2022-10-04T03:47:33.652+0000] {logging_mixin.py:117} INFO - [2022-10-04T03:47:33.651+0000] {dag.py:2573} INFO - Sync 1 DAGs
[2022-10-04T03:47:33.669+0000] {logging_mixin.py:117} INFO - [2022-10-04T03:47:33.669+0000] {dag.py:3324} INFO - Setting next_dagrun for example_task_group to 2022-10-03T03:47:33.668778+00:00, run_after=2022-10-04T03:47:33.668778+00:00
[2022-10-04T03:47:33.690+0000] {processor.py:178} INFO - Processing /usr/local/lib/python3.10/dist-packages/airflow/example_dags/example_task_group.py took 0.082 seconds
[2022-10-04T03:48:12.479+0000] {processor.py:156} INFO - Started process (PID=1159) to work on /usr/local/lib/python3.10/dist-packages/airflow/example_dags/example_task_group.py
[2022-10-04T03:48:12.481+0000] {processor.py:758} INFO - Processing file /usr/local/lib/python3.10/dist-packages/airflow/example_dags/example_task_group.py for tasks to queue
[2022-10-04T03:48:12.481+0000] {logging_mixin.py:117} INFO - [2022-10-04T03:48:12.481+0000] {dagbag.py:525} INFO - Filling up the DagBag from /usr/local/lib/python3.10/dist-packages/airflow/example_dags/example_task_group.py
[2022-10-04T03:48:12.502+0000] {processor.py:768} INFO - DAG(s) dict_keys(['example_task_group']) retrieved from /usr/local/lib/python3.10/dist-packages/airflow/example_dags/example_task_group.py
[2022-10-04T03:48:12.532+0000] {logging_mixin.py:117} INFO - [2022-10-04T03:48:12.532+0000] {dag.py:2573} INFO - Sync 1 DAGs
[2022-10-04T03:48:12.552+0000] {logging_mixin.py:117} INFO - [2022-10-04T03:48:12.551+0000] {dag.py:3324} INFO - Setting next_dagrun for example_task_group to 2022-10-03T03:48:12.551629+00:00, run_after=2022-10-04T03:48:12.551629+00:00
[2022-10-04T03:48:12.575+0000] {processor.py:178} INFO - Processing /usr/local/lib/python3.10/dist-packages/airflow/example_dags/example_task_group.py took 0.099 seconds
[2022-10-04T03:48:51.052+0000] {processor.py:156} INFO - Started process (PID=1198) to work on /usr/local/lib/python3.10/dist-packages/airflow/example_dags/example_task_group.py
[2022-10-04T03:48:51.053+0000] {processor.py:758} INFO - Processing file /usr/local/lib/python3.10/dist-packages/airflow/example_dags/example_task_group.py for tasks to queue
[2022-10-04T03:48:51.054+0000] {logging_mixin.py:117} INFO - [2022-10-04T03:48:51.054+0000] {dagbag.py:525} INFO - Filling up the DagBag from /usr/local/lib/python3.10/dist-packages/airflow/example_dags/example_task_group.py
[2022-10-04T03:48:51.070+0000] {processor.py:768} INFO - DAG(s) dict_keys(['example_task_group']) retrieved from /usr/local/lib/python3.10/dist-packages/airflow/example_dags/example_task_group.py
[2022-10-04T03:48:51.096+0000] {logging_mixin.py:117} INFO - [2022-10-04T03:48:51.096+0000] {dag.py:2573} INFO - Sync 1 DAGs
[2022-10-04T03:48:51.115+0000] {logging_mixin.py:117} INFO - [2022-10-04T03:48:51.115+0000] {dag.py:3324} INFO - Setting next_dagrun for example_task_group to 2022-10-03T03:48:51.115361+00:00, run_after=2022-10-04T03:48:51.115361+00:00
[2022-10-04T03:48:51.140+0000] {processor.py:178} INFO - Processing /usr/local/lib/python3.10/dist-packages/airflow/example_dags/example_task_group.py took 0.091 seconds
[2022-10-04T03:49:36.744+0000] {processor.py:156} INFO - Started process (PID=1247) to work on /usr/local/lib/python3.10/dist-packages/airflow/example_dags/example_task_group.py
[2022-10-04T03:49:36.746+0000] {processor.py:758} INFO - Processing file /usr/local/lib/python3.10/dist-packages/airflow/example_dags/example_task_group.py for tasks to queue
[2022-10-04T03:49:36.746+0000] {logging_mixin.py:117} INFO - [2022-10-04T03:49:36.746+0000] {dagbag.py:525} INFO - Filling up the DagBag from /usr/local/lib/python3.10/dist-packages/airflow/example_dags/example_task_group.py
[2022-10-04T03:49:36.761+0000] {processor.py:768} INFO - DAG(s) dict_keys(['example_task_group']) retrieved from /usr/local/lib/python3.10/dist-packages/airflow/example_dags/example_task_group.py
[2022-10-04T03:49:36.774+0000] {logging_mixin.py:117} INFO - [2022-10-04T03:49:36.774+0000] {dag.py:2573} INFO - Sync 1 DAGs
[2022-10-04T03:49:36.793+0000] {logging_mixin.py:117} INFO - [2022-10-04T03:49:36.793+0000] {dag.py:3324} INFO - Setting next_dagrun for example_task_group to 2022-10-03T03:49:36.793390+00:00, run_after=2022-10-04T03:49:36.793390+00:00
[2022-10-04T03:49:36.815+0000] {processor.py:178} INFO - Processing /usr/local/lib/python3.10/dist-packages/airflow/example_dags/example_task_group.py took 0.073 seconds
[2022-10-04T03:50:20.148+0000] {processor.py:156} INFO - Started process (PID=1288) to work on /usr/local/lib/python3.10/dist-packages/airflow/example_dags/example_task_group.py
[2022-10-04T03:50:20.149+0000] {processor.py:758} INFO - Processing file /usr/local/lib/python3.10/dist-packages/airflow/example_dags/example_task_group.py for tasks to queue
[2022-10-04T03:50:20.150+0000] {logging_mixin.py:117} INFO - [2022-10-04T03:50:20.150+0000] {dagbag.py:525} INFO - Filling up the DagBag from /usr/local/lib/python3.10/dist-packages/airflow/example_dags/example_task_group.py
[2022-10-04T03:50:20.167+0000] {processor.py:768} INFO - DAG(s) dict_keys(['example_task_group']) retrieved from /usr/local/lib/python3.10/dist-packages/airflow/example_dags/example_task_group.py
[2022-10-04T03:50:20.198+0000] {logging_mixin.py:117} INFO - [2022-10-04T03:50:20.198+0000] {dag.py:2573} INFO - Sync 1 DAGs
[2022-10-04T03:50:20.218+0000] {logging_mixin.py:117} INFO - [2022-10-04T03:50:20.218+0000] {dag.py:3324} INFO - Setting next_dagrun for example_task_group to 2022-10-03T03:50:20.218278+00:00, run_after=2022-10-04T03:50:20.218278+00:00
[2022-10-04T03:50:20.242+0000] {processor.py:178} INFO - Processing /usr/local/lib/python3.10/dist-packages/airflow/example_dags/example_task_group.py took 0.099 seconds
[2022-10-04T03:50:58.106+0000] {processor.py:156} INFO - Started process (PID=1332) to work on /usr/local/lib/python3.10/dist-packages/airflow/example_dags/example_task_group.py
[2022-10-04T03:50:58.108+0000] {processor.py:758} INFO - Processing file /usr/local/lib/python3.10/dist-packages/airflow/example_dags/example_task_group.py for tasks to queue
[2022-10-04T03:50:58.108+0000] {logging_mixin.py:117} INFO - [2022-10-04T03:50:58.108+0000] {dagbag.py:525} INFO - Filling up the DagBag from /usr/local/lib/python3.10/dist-packages/airflow/example_dags/example_task_group.py
[2022-10-04T03:50:58.125+0000] {processor.py:768} INFO - DAG(s) dict_keys(['example_task_group']) retrieved from /usr/local/lib/python3.10/dist-packages/airflow/example_dags/example_task_group.py
[2022-10-04T03:50:58.154+0000] {logging_mixin.py:117} INFO - [2022-10-04T03:50:58.154+0000] {dag.py:2573} INFO - Sync 1 DAGs
[2022-10-04T03:50:58.173+0000] {logging_mixin.py:117} INFO - [2022-10-04T03:50:58.172+0000] {dag.py:3324} INFO - Setting next_dagrun for example_task_group to 2022-10-03T03:50:58.172652+00:00, run_after=2022-10-04T03:50:58.172652+00:00
[2022-10-04T03:50:58.198+0000] {processor.py:178} INFO - Processing /usr/local/lib/python3.10/dist-packages/airflow/example_dags/example_task_group.py took 0.095 seconds
[2022-10-04T03:51:36.976+0000] {processor.py:156} INFO - Started process (PID=1369) to work on /usr/local/lib/python3.10/dist-packages/airflow/example_dags/example_task_group.py
[2022-10-04T03:51:36.977+0000] {processor.py:758} INFO - Processing file /usr/local/lib/python3.10/dist-packages/airflow/example_dags/example_task_group.py for tasks to queue
[2022-10-04T03:51:36.978+0000] {logging_mixin.py:117} INFO - [2022-10-04T03:51:36.978+0000] {dagbag.py:525} INFO - Filling up the DagBag from /usr/local/lib/python3.10/dist-packages/airflow/example_dags/example_task_group.py
[2022-10-04T03:51:36.993+0000] {processor.py:768} INFO - DAG(s) dict_keys(['example_task_group']) retrieved from /usr/local/lib/python3.10/dist-packages/airflow/example_dags/example_task_group.py
[2022-10-04T03:51:37.021+0000] {logging_mixin.py:117} INFO - [2022-10-04T03:51:37.021+0000] {dag.py:2573} INFO - Sync 1 DAGs
[2022-10-04T03:51:37.039+0000] {logging_mixin.py:117} INFO - [2022-10-04T03:51:37.039+0000] {dag.py:3324} INFO - Setting next_dagrun for example_task_group to 2022-10-03T03:51:37.039421+00:00, run_after=2022-10-04T03:51:37.039421+00:00
[2022-10-04T03:51:37.070+0000] {processor.py:178} INFO - Processing /usr/local/lib/python3.10/dist-packages/airflow/example_dags/example_task_group.py took 0.097 seconds
[2022-10-04T03:52:16.285+0000] {processor.py:156} INFO - Started process (PID=1408) to work on /usr/local/lib/python3.10/dist-packages/airflow/example_dags/example_task_group.py
[2022-10-04T03:52:16.287+0000] {processor.py:758} INFO - Processing file /usr/local/lib/python3.10/dist-packages/airflow/example_dags/example_task_group.py for tasks to queue
[2022-10-04T03:52:16.287+0000] {logging_mixin.py:117} INFO - [2022-10-04T03:52:16.287+0000] {dagbag.py:525} INFO - Filling up the DagBag from /usr/local/lib/python3.10/dist-packages/airflow/example_dags/example_task_group.py
[2022-10-04T03:52:16.318+0000] {processor.py:768} INFO - DAG(s) dict_keys(['example_task_group']) retrieved from /usr/local/lib/python3.10/dist-packages/airflow/example_dags/example_task_group.py
[2022-10-04T03:52:16.378+0000] {logging_mixin.py:117} INFO - [2022-10-04T03:52:16.378+0000] {dag.py:2573} INFO - Sync 1 DAGs
[2022-10-04T03:52:16.421+0000] {logging_mixin.py:117} INFO - [2022-10-04T03:52:16.410+0000] {dag.py:3324} INFO - Setting next_dagrun for example_task_group to 2022-10-03T03:52:16.409980+00:00, run_after=2022-10-04T03:52:16.409980+00:00
[2022-10-04T03:52:16.447+0000] {processor.py:178} INFO - Processing /usr/local/lib/python3.10/dist-packages/airflow/example_dags/example_task_group.py took 0.172 seconds
[2022-10-04T03:52:53.618+0000] {processor.py:156} INFO - Started process (PID=1443) to work on /usr/local/lib/python3.10/dist-packages/airflow/example_dags/example_task_group.py
[2022-10-04T03:52:53.620+0000] {processor.py:758} INFO - Processing file /usr/local/lib/python3.10/dist-packages/airflow/example_dags/example_task_group.py for tasks to queue
[2022-10-04T03:52:53.620+0000] {logging_mixin.py:117} INFO - [2022-10-04T03:52:53.620+0000] {dagbag.py:525} INFO - Filling up the DagBag from /usr/local/lib/python3.10/dist-packages/airflow/example_dags/example_task_group.py
[2022-10-04T03:52:53.636+0000] {processor.py:768} INFO - DAG(s) dict_keys(['example_task_group']) retrieved from /usr/local/lib/python3.10/dist-packages/airflow/example_dags/example_task_group.py
[2022-10-04T03:52:53.667+0000] {logging_mixin.py:117} INFO - [2022-10-04T03:52:53.667+0000] {dag.py:2573} INFO - Sync 1 DAGs
[2022-10-04T03:52:53.686+0000] {logging_mixin.py:117} INFO - [2022-10-04T03:52:53.686+0000] {dag.py:3324} INFO - Setting next_dagrun for example_task_group to 2022-10-03T03:52:53.686217+00:00, run_after=2022-10-04T03:52:53.686217+00:00
[2022-10-04T03:52:53.709+0000] {processor.py:178} INFO - Processing /usr/local/lib/python3.10/dist-packages/airflow/example_dags/example_task_group.py took 0.093 seconds
[2022-10-04T03:53:31.248+0000] {processor.py:156} INFO - Started process (PID=1480) to work on /usr/local/lib/python3.10/dist-packages/airflow/example_dags/example_task_group.py
[2022-10-04T03:53:31.250+0000] {processor.py:758} INFO - Processing file /usr/local/lib/python3.10/dist-packages/airflow/example_dags/example_task_group.py for tasks to queue
[2022-10-04T03:53:31.250+0000] {logging_mixin.py:117} INFO - [2022-10-04T03:53:31.250+0000] {dagbag.py:525} INFO - Filling up the DagBag from /usr/local/lib/python3.10/dist-packages/airflow/example_dags/example_task_group.py
[2022-10-04T03:53:31.266+0000] {processor.py:768} INFO - DAG(s) dict_keys(['example_task_group']) retrieved from /usr/local/lib/python3.10/dist-packages/airflow/example_dags/example_task_group.py
[2022-10-04T03:53:31.290+0000] {logging_mixin.py:117} INFO - [2022-10-04T03:53:31.290+0000] {dag.py:2573} INFO - Sync 1 DAGs
[2022-10-04T03:53:31.309+0000] {logging_mixin.py:117} INFO - [2022-10-04T03:53:31.308+0000] {dag.py:3324} INFO - Setting next_dagrun for example_task_group to 2022-10-03T03:53:31.308527+00:00, run_after=2022-10-04T03:53:31.308527+00:00
[2022-10-04T03:53:31.330+0000] {processor.py:178} INFO - Processing /usr/local/lib/python3.10/dist-packages/airflow/example_dags/example_task_group.py took 0.085 seconds
[2022-10-04T03:54:07.956+0000] {processor.py:156} INFO - Started process (PID=1523) to work on /usr/local/lib/python3.10/dist-packages/airflow/example_dags/example_task_group.py
[2022-10-04T03:54:07.957+0000] {processor.py:758} INFO - Processing file /usr/local/lib/python3.10/dist-packages/airflow/example_dags/example_task_group.py for tasks to queue
[2022-10-04T03:54:07.958+0000] {logging_mixin.py:117} INFO - [2022-10-04T03:54:07.958+0000] {dagbag.py:525} INFO - Filling up the DagBag from /usr/local/lib/python3.10/dist-packages/airflow/example_dags/example_task_group.py
[2022-10-04T03:54:07.974+0000] {processor.py:768} INFO - DAG(s) dict_keys(['example_task_group']) retrieved from /usr/local/lib/python3.10/dist-packages/airflow/example_dags/example_task_group.py
[2022-10-04T03:54:07.999+0000] {logging_mixin.py:117} INFO - [2022-10-04T03:54:07.999+0000] {dag.py:2573} INFO - Sync 1 DAGs
[2022-10-04T03:54:08.019+0000] {logging_mixin.py:117} INFO - [2022-10-04T03:54:08.019+0000] {dag.py:3324} INFO - Setting next_dagrun for example_task_group to 2022-10-03T03:54:08.018844+00:00, run_after=2022-10-04T03:54:08.018844+00:00
[2022-10-04T03:54:08.041+0000] {processor.py:178} INFO - Processing /usr/local/lib/python3.10/dist-packages/airflow/example_dags/example_task_group.py took 0.087 seconds
[2022-10-04T03:54:45.053+0000] {processor.py:156} INFO - Started process (PID=1581) to work on /usr/local/lib/python3.10/dist-packages/airflow/example_dags/example_task_group.py
[2022-10-04T03:54:45.055+0000] {processor.py:758} INFO - Processing file /usr/local/lib/python3.10/dist-packages/airflow/example_dags/example_task_group.py for tasks to queue
[2022-10-04T03:54:45.056+0000] {logging_mixin.py:117} INFO - [2022-10-04T03:54:45.056+0000] {dagbag.py:525} INFO - Filling up the DagBag from /usr/local/lib/python3.10/dist-packages/airflow/example_dags/example_task_group.py
[2022-10-04T03:54:45.077+0000] {processor.py:768} INFO - DAG(s) dict_keys(['example_task_group']) retrieved from /usr/local/lib/python3.10/dist-packages/airflow/example_dags/example_task_group.py
[2022-10-04T03:54:45.094+0000] {logging_mixin.py:117} INFO - [2022-10-04T03:54:45.093+0000] {dag.py:2573} INFO - Sync 1 DAGs
[2022-10-04T03:54:45.122+0000] {logging_mixin.py:117} INFO - [2022-10-04T03:54:45.122+0000] {dag.py:3324} INFO - Setting next_dagrun for example_task_group to 2022-10-03T03:54:45.121800+00:00, run_after=2022-10-04T03:54:45.121800+00:00
[2022-10-04T03:54:45.150+0000] {processor.py:178} INFO - Processing /usr/local/lib/python3.10/dist-packages/airflow/example_dags/example_task_group.py took 0.100 seconds
[2022-10-04T04:35:33.259+0000] {processor.py:156} INFO - Started process (PID=1776) to work on /usr/local/lib/python3.10/dist-packages/airflow/example_dags/example_task_group.py
[2022-10-04T04:35:33.260+0000] {processor.py:758} INFO - Processing file /usr/local/lib/python3.10/dist-packages/airflow/example_dags/example_task_group.py for tasks to queue
[2022-10-04T04:35:33.261+0000] {logging_mixin.py:117} INFO - [2022-10-04T04:35:33.260+0000] {dagbag.py:525} INFO - Filling up the DagBag from /usr/local/lib/python3.10/dist-packages/airflow/example_dags/example_task_group.py
[2022-10-04T04:35:33.276+0000] {processor.py:768} INFO - DAG(s) dict_keys(['example_task_group']) retrieved from /usr/local/lib/python3.10/dist-packages/airflow/example_dags/example_task_group.py
[2022-10-04T04:35:33.288+0000] {logging_mixin.py:117} INFO - [2022-10-04T04:35:33.288+0000] {dag.py:2573} INFO - Sync 1 DAGs
[2022-10-04T04:35:33.308+0000] {logging_mixin.py:117} INFO - [2022-10-04T04:35:33.308+0000] {dag.py:3324} INFO - Setting next_dagrun for example_task_group to 2022-10-03T04:35:33.307945+00:00, run_after=2022-10-04T04:35:33.307945+00:00
[2022-10-04T04:35:33.331+0000] {processor.py:178} INFO - Processing /usr/local/lib/python3.10/dist-packages/airflow/example_dags/example_task_group.py took 0.075 seconds
[2022-10-04T04:36:13.917+0000] {processor.py:156} INFO - Started process (PID=1819) to work on /usr/local/lib/python3.10/dist-packages/airflow/example_dags/example_task_group.py
[2022-10-04T04:36:13.919+0000] {processor.py:758} INFO - Processing file /usr/local/lib/python3.10/dist-packages/airflow/example_dags/example_task_group.py for tasks to queue
[2022-10-04T04:36:13.919+0000] {logging_mixin.py:117} INFO - [2022-10-04T04:36:13.919+0000] {dagbag.py:525} INFO - Filling up the DagBag from /usr/local/lib/python3.10/dist-packages/airflow/example_dags/example_task_group.py
[2022-10-04T04:36:13.936+0000] {processor.py:768} INFO - DAG(s) dict_keys(['example_task_group']) retrieved from /usr/local/lib/python3.10/dist-packages/airflow/example_dags/example_task_group.py
[2022-10-04T04:36:13.963+0000] {logging_mixin.py:117} INFO - [2022-10-04T04:36:13.963+0000] {dag.py:2573} INFO - Sync 1 DAGs
[2022-10-04T04:36:13.982+0000] {logging_mixin.py:117} INFO - [2022-10-04T04:36:13.982+0000] {dag.py:3324} INFO - Setting next_dagrun for example_task_group to 2022-10-03T04:36:13.982012+00:00, run_after=2022-10-04T04:36:13.982012+00:00
[2022-10-04T04:36:14.010+0000] {processor.py:178} INFO - Processing /usr/local/lib/python3.10/dist-packages/airflow/example_dags/example_task_group.py took 0.095 seconds
[2022-10-04T04:37:12.313+0000] {processor.py:156} INFO - Started process (PID=1863) to work on /usr/local/lib/python3.10/dist-packages/airflow/example_dags/example_task_group.py
[2022-10-04T04:37:12.315+0000] {processor.py:758} INFO - Processing file /usr/local/lib/python3.10/dist-packages/airflow/example_dags/example_task_group.py for tasks to queue
[2022-10-04T04:37:12.315+0000] {logging_mixin.py:117} INFO - [2022-10-04T04:37:12.315+0000] {dagbag.py:525} INFO - Filling up the DagBag from /usr/local/lib/python3.10/dist-packages/airflow/example_dags/example_task_group.py
[2022-10-04T04:37:12.332+0000] {processor.py:768} INFO - DAG(s) dict_keys(['example_task_group']) retrieved from /usr/local/lib/python3.10/dist-packages/airflow/example_dags/example_task_group.py
[2022-10-04T04:37:12.345+0000] {logging_mixin.py:117} INFO - [2022-10-04T04:37:12.345+0000] {dag.py:2573} INFO - Sync 1 DAGs
[2022-10-04T04:37:12.365+0000] {logging_mixin.py:117} INFO - [2022-10-04T04:37:12.365+0000] {dag.py:3324} INFO - Setting next_dagrun for example_task_group to 2022-10-03T04:37:12.365454+00:00, run_after=2022-10-04T04:37:12.365454+00:00
[2022-10-04T04:37:12.386+0000] {processor.py:178} INFO - Processing /usr/local/lib/python3.10/dist-packages/airflow/example_dags/example_task_group.py took 0.075 seconds
[2022-10-04T04:43:03.031+0000] {processor.py:156} INFO - Started process (PID=1970) to work on /usr/local/lib/python3.10/dist-packages/airflow/example_dags/example_task_group.py
[2022-10-04T04:43:03.032+0000] {processor.py:758} INFO - Processing file /usr/local/lib/python3.10/dist-packages/airflow/example_dags/example_task_group.py for tasks to queue
[2022-10-04T04:43:03.032+0000] {logging_mixin.py:117} INFO - [2022-10-04T04:43:03.032+0000] {dagbag.py:525} INFO - Filling up the DagBag from /usr/local/lib/python3.10/dist-packages/airflow/example_dags/example_task_group.py
[2022-10-04T04:43:03.049+0000] {processor.py:768} INFO - DAG(s) dict_keys(['example_task_group']) retrieved from /usr/local/lib/python3.10/dist-packages/airflow/example_dags/example_task_group.py
[2022-10-04T04:43:03.064+0000] {logging_mixin.py:117} INFO - [2022-10-04T04:43:03.064+0000] {dag.py:2573} INFO - Sync 1 DAGs
[2022-10-04T04:43:03.084+0000] {logging_mixin.py:117} INFO - [2022-10-04T04:43:03.084+0000] {dag.py:3324} INFO - Setting next_dagrun for example_task_group to 2022-10-03T04:43:03.084541+00:00, run_after=2022-10-04T04:43:03.084541+00:00
[2022-10-04T04:43:03.109+0000] {processor.py:178} INFO - Processing /usr/local/lib/python3.10/dist-packages/airflow/example_dags/example_task_group.py took 0.081 seconds
[2022-10-04T04:45:48.333+0000] {processor.py:156} INFO - Started process (PID=1995) to work on /usr/local/lib/python3.10/dist-packages/airflow/example_dags/example_task_group.py
[2022-10-04T04:45:48.334+0000] {processor.py:758} INFO - Processing file /usr/local/lib/python3.10/dist-packages/airflow/example_dags/example_task_group.py for tasks to queue
[2022-10-04T04:45:48.335+0000] {logging_mixin.py:117} INFO - [2022-10-04T04:45:48.335+0000] {dagbag.py:525} INFO - Filling up the DagBag from /usr/local/lib/python3.10/dist-packages/airflow/example_dags/example_task_group.py
[2022-10-04T04:45:48.349+0000] {processor.py:768} INFO - DAG(s) dict_keys(['example_task_group']) retrieved from /usr/local/lib/python3.10/dist-packages/airflow/example_dags/example_task_group.py
[2022-10-04T04:45:48.399+0000] {logging_mixin.py:117} INFO - [2022-10-04T04:45:48.399+0000] {dag.py:2573} INFO - Sync 1 DAGs
[2022-10-04T04:45:48.423+0000] {logging_mixin.py:117} INFO - [2022-10-04T04:45:48.423+0000] {dag.py:3324} INFO - Setting next_dagrun for example_task_group to 2022-10-03T04:45:48.422847+00:00, run_after=2022-10-04T04:45:48.422847+00:00
[2022-10-04T04:45:48.449+0000] {processor.py:178} INFO - Processing /usr/local/lib/python3.10/dist-packages/airflow/example_dags/example_task_group.py took 0.119 seconds
[2022-10-04T04:46:24.818+0000] {processor.py:156} INFO - Started process (PID=2033) to work on /usr/local/lib/python3.10/dist-packages/airflow/example_dags/example_task_group.py
[2022-10-04T04:46:24.819+0000] {processor.py:758} INFO - Processing file /usr/local/lib/python3.10/dist-packages/airflow/example_dags/example_task_group.py for tasks to queue
[2022-10-04T04:46:24.820+0000] {logging_mixin.py:117} INFO - [2022-10-04T04:46:24.820+0000] {dagbag.py:525} INFO - Filling up the DagBag from /usr/local/lib/python3.10/dist-packages/airflow/example_dags/example_task_group.py
[2022-10-04T04:46:24.839+0000] {processor.py:768} INFO - DAG(s) dict_keys(['example_task_group']) retrieved from /usr/local/lib/python3.10/dist-packages/airflow/example_dags/example_task_group.py
[2022-10-04T04:46:24.867+0000] {logging_mixin.py:117} INFO - [2022-10-04T04:46:24.867+0000] {dag.py:2573} INFO - Sync 1 DAGs
[2022-10-04T04:46:24.887+0000] {logging_mixin.py:117} INFO - [2022-10-04T04:46:24.887+0000] {dag.py:3324} INFO - Setting next_dagrun for example_task_group to 2022-10-03T04:46:24.886831+00:00, run_after=2022-10-04T04:46:24.886831+00:00
[2022-10-04T04:46:24.913+0000] {processor.py:178} INFO - Processing /usr/local/lib/python3.10/dist-packages/airflow/example_dags/example_task_group.py took 0.098 seconds
[2022-10-04T04:47:04.137+0000] {processor.py:156} INFO - Started process (PID=2071) to work on /usr/local/lib/python3.10/dist-packages/airflow/example_dags/example_task_group.py
[2022-10-04T04:47:04.138+0000] {processor.py:758} INFO - Processing file /usr/local/lib/python3.10/dist-packages/airflow/example_dags/example_task_group.py for tasks to queue
[2022-10-04T04:47:04.139+0000] {logging_mixin.py:117} INFO - [2022-10-04T04:47:04.138+0000] {dagbag.py:525} INFO - Filling up the DagBag from /usr/local/lib/python3.10/dist-packages/airflow/example_dags/example_task_group.py
[2022-10-04T04:47:04.147+0000] {processor.py:768} INFO - DAG(s) dict_keys(['example_task_group']) retrieved from /usr/local/lib/python3.10/dist-packages/airflow/example_dags/example_task_group.py
[2022-10-04T04:47:04.172+0000] {logging_mixin.py:117} INFO - [2022-10-04T04:47:04.172+0000] {dag.py:2573} INFO - Sync 1 DAGs
[2022-10-04T04:47:04.188+0000] {logging_mixin.py:117} INFO - [2022-10-04T04:47:04.188+0000] {dag.py:3324} INFO - Setting next_dagrun for example_task_group to 2022-10-03T04:47:04.187952+00:00, run_after=2022-10-04T04:47:04.187952+00:00
[2022-10-04T04:47:04.213+0000] {processor.py:178} INFO - Processing /usr/local/lib/python3.10/dist-packages/airflow/example_dags/example_task_group.py took 0.080 seconds
[2022-10-04T04:47:42.951+0000] {processor.py:156} INFO - Started process (PID=2108) to work on /usr/local/lib/python3.10/dist-packages/airflow/example_dags/example_task_group.py
[2022-10-04T04:47:42.953+0000] {processor.py:758} INFO - Processing file /usr/local/lib/python3.10/dist-packages/airflow/example_dags/example_task_group.py for tasks to queue
[2022-10-04T04:47:42.953+0000] {logging_mixin.py:117} INFO - [2022-10-04T04:47:42.953+0000] {dagbag.py:525} INFO - Filling up the DagBag from /usr/local/lib/python3.10/dist-packages/airflow/example_dags/example_task_group.py
[2022-10-04T04:47:42.962+0000] {processor.py:768} INFO - DAG(s) dict_keys(['example_task_group']) retrieved from /usr/local/lib/python3.10/dist-packages/airflow/example_dags/example_task_group.py
[2022-10-04T04:47:42.985+0000] {logging_mixin.py:117} INFO - [2022-10-04T04:47:42.984+0000] {dag.py:2573} INFO - Sync 1 DAGs
[2022-10-04T04:47:43.000+0000] {logging_mixin.py:117} INFO - [2022-10-04T04:47:43.000+0000] {dag.py:3324} INFO - Setting next_dagrun for example_task_group to 2022-10-03T04:47:43.000133+00:00, run_after=2022-10-04T04:47:43.000133+00:00
[2022-10-04T04:47:43.025+0000] {processor.py:178} INFO - Processing /usr/local/lib/python3.10/dist-packages/airflow/example_dags/example_task_group.py took 0.076 seconds
[2022-10-04T04:48:19.728+0000] {processor.py:156} INFO - Started process (PID=2146) to work on /usr/local/lib/python3.10/dist-packages/airflow/example_dags/example_task_group.py
[2022-10-04T04:48:19.730+0000] {processor.py:758} INFO - Processing file /usr/local/lib/python3.10/dist-packages/airflow/example_dags/example_task_group.py for tasks to queue
[2022-10-04T04:48:19.730+0000] {logging_mixin.py:117} INFO - [2022-10-04T04:48:19.730+0000] {dagbag.py:525} INFO - Filling up the DagBag from /usr/local/lib/python3.10/dist-packages/airflow/example_dags/example_task_group.py
[2022-10-04T04:48:19.740+0000] {processor.py:768} INFO - DAG(s) dict_keys(['example_task_group']) retrieved from /usr/local/lib/python3.10/dist-packages/airflow/example_dags/example_task_group.py
[2022-10-04T04:48:19.771+0000] {logging_mixin.py:117} INFO - [2022-10-04T04:48:19.771+0000] {dag.py:2573} INFO - Sync 1 DAGs
[2022-10-04T04:48:19.788+0000] {logging_mixin.py:117} INFO - [2022-10-04T04:48:19.787+0000] {dag.py:3324} INFO - Setting next_dagrun for example_task_group to 2022-10-03T04:48:19.787642+00:00, run_after=2022-10-04T04:48:19.787642+00:00
[2022-10-04T04:48:19.815+0000] {processor.py:178} INFO - Processing /usr/local/lib/python3.10/dist-packages/airflow/example_dags/example_task_group.py took 0.090 seconds
[2022-10-04T04:48:56.300+0000] {processor.py:156} INFO - Started process (PID=2183) to work on /usr/local/lib/python3.10/dist-packages/airflow/example_dags/example_task_group.py
[2022-10-04T04:48:56.302+0000] {processor.py:758} INFO - Processing file /usr/local/lib/python3.10/dist-packages/airflow/example_dags/example_task_group.py for tasks to queue
[2022-10-04T04:48:56.302+0000] {logging_mixin.py:117} INFO - [2022-10-04T04:48:56.302+0000] {dagbag.py:525} INFO - Filling up the DagBag from /usr/local/lib/python3.10/dist-packages/airflow/example_dags/example_task_group.py
[2022-10-04T04:48:56.310+0000] {processor.py:768} INFO - DAG(s) dict_keys(['example_task_group']) retrieved from /usr/local/lib/python3.10/dist-packages/airflow/example_dags/example_task_group.py
[2022-10-04T04:48:56.332+0000] {logging_mixin.py:117} INFO - [2022-10-04T04:48:56.332+0000] {dag.py:2573} INFO - Sync 1 DAGs
[2022-10-04T04:48:56.347+0000] {logging_mixin.py:117} INFO - [2022-10-04T04:48:56.347+0000] {dag.py:3324} INFO - Setting next_dagrun for example_task_group to 2022-10-03T04:48:56.347004+00:00, run_after=2022-10-04T04:48:56.347004+00:00
[2022-10-04T04:48:56.369+0000] {processor.py:178} INFO - Processing /usr/local/lib/python3.10/dist-packages/airflow/example_dags/example_task_group.py took 0.072 seconds
[2022-10-04T04:49:35.964+0000] {processor.py:156} INFO - Started process (PID=2221) to work on /usr/local/lib/python3.10/dist-packages/airflow/example_dags/example_task_group.py
[2022-10-04T04:49:35.965+0000] {processor.py:758} INFO - Processing file /usr/local/lib/python3.10/dist-packages/airflow/example_dags/example_task_group.py for tasks to queue
[2022-10-04T04:49:35.966+0000] {logging_mixin.py:117} INFO - [2022-10-04T04:49:35.966+0000] {dagbag.py:525} INFO - Filling up the DagBag from /usr/local/lib/python3.10/dist-packages/airflow/example_dags/example_task_group.py
[2022-10-04T04:49:35.974+0000] {processor.py:768} INFO - DAG(s) dict_keys(['example_task_group']) retrieved from /usr/local/lib/python3.10/dist-packages/airflow/example_dags/example_task_group.py
[2022-10-04T04:49:35.998+0000] {logging_mixin.py:117} INFO - [2022-10-04T04:49:35.998+0000] {dag.py:2573} INFO - Sync 1 DAGs
[2022-10-04T04:49:36.018+0000] {logging_mixin.py:117} INFO - [2022-10-04T04:49:36.017+0000] {dag.py:3324} INFO - Setting next_dagrun for example_task_group to 2022-10-03T04:49:36.017744+00:00, run_after=2022-10-04T04:49:36.017744+00:00
[2022-10-04T04:49:36.041+0000] {processor.py:178} INFO - Processing /usr/local/lib/python3.10/dist-packages/airflow/example_dags/example_task_group.py took 0.082 seconds
[2022-10-04T04:50:08.782+0000] {processor.py:156} INFO - Started process (PID=2255) to work on /usr/local/lib/python3.10/dist-packages/airflow/example_dags/example_task_group.py
[2022-10-04T04:50:08.783+0000] {processor.py:758} INFO - Processing file /usr/local/lib/python3.10/dist-packages/airflow/example_dags/example_task_group.py for tasks to queue
[2022-10-04T04:50:08.784+0000] {logging_mixin.py:117} INFO - [2022-10-04T04:50:08.784+0000] {dagbag.py:525} INFO - Filling up the DagBag from /usr/local/lib/python3.10/dist-packages/airflow/example_dags/example_task_group.py
[2022-10-04T04:50:08.791+0000] {processor.py:768} INFO - DAG(s) dict_keys(['example_task_group']) retrieved from /usr/local/lib/python3.10/dist-packages/airflow/example_dags/example_task_group.py
[2022-10-04T04:50:08.815+0000] {logging_mixin.py:117} INFO - [2022-10-04T04:50:08.815+0000] {dag.py:2573} INFO - Sync 1 DAGs
[2022-10-04T04:50:08.836+0000] {logging_mixin.py:117} INFO - [2022-10-04T04:50:08.836+0000] {dag.py:3324} INFO - Setting next_dagrun for example_task_group to 2022-10-03T04:50:08.836460+00:00, run_after=2022-10-04T04:50:08.836460+00:00
[2022-10-04T04:50:08.861+0000] {processor.py:178} INFO - Processing /usr/local/lib/python3.10/dist-packages/airflow/example_dags/example_task_group.py took 0.083 seconds
[2022-10-04T04:50:44.324+0000] {processor.py:156} INFO - Started process (PID=2291) to work on /usr/local/lib/python3.10/dist-packages/airflow/example_dags/example_task_group.py
[2022-10-04T04:50:44.325+0000] {processor.py:758} INFO - Processing file /usr/local/lib/python3.10/dist-packages/airflow/example_dags/example_task_group.py for tasks to queue
[2022-10-04T04:50:44.326+0000] {logging_mixin.py:117} INFO - [2022-10-04T04:50:44.326+0000] {dagbag.py:525} INFO - Filling up the DagBag from /usr/local/lib/python3.10/dist-packages/airflow/example_dags/example_task_group.py
[2022-10-04T04:50:44.335+0000] {processor.py:768} INFO - DAG(s) dict_keys(['example_task_group']) retrieved from /usr/local/lib/python3.10/dist-packages/airflow/example_dags/example_task_group.py
[2022-10-04T04:50:44.359+0000] {logging_mixin.py:117} INFO - [2022-10-04T04:50:44.358+0000] {dag.py:2573} INFO - Sync 1 DAGs
[2022-10-04T04:50:44.374+0000] {logging_mixin.py:117} INFO - [2022-10-04T04:50:44.374+0000] {dag.py:3324} INFO - Setting next_dagrun for example_task_group to 2022-10-03T04:50:44.373973+00:00, run_after=2022-10-04T04:50:44.373973+00:00
[2022-10-04T04:50:44.398+0000] {processor.py:178} INFO - Processing /usr/local/lib/python3.10/dist-packages/airflow/example_dags/example_task_group.py took 0.078 seconds
[2022-10-04T04:51:21.391+0000] {processor.py:156} INFO - Started process (PID=2329) to work on /usr/local/lib/python3.10/dist-packages/airflow/example_dags/example_task_group.py
[2022-10-04T04:51:21.392+0000] {processor.py:758} INFO - Processing file /usr/local/lib/python3.10/dist-packages/airflow/example_dags/example_task_group.py for tasks to queue
[2022-10-04T04:51:21.393+0000] {logging_mixin.py:117} INFO - [2022-10-04T04:51:21.393+0000] {dagbag.py:525} INFO - Filling up the DagBag from /usr/local/lib/python3.10/dist-packages/airflow/example_dags/example_task_group.py
[2022-10-04T04:51:21.401+0000] {processor.py:768} INFO - DAG(s) dict_keys(['example_task_group']) retrieved from /usr/local/lib/python3.10/dist-packages/airflow/example_dags/example_task_group.py
[2022-10-04T04:51:21.424+0000] {logging_mixin.py:117} INFO - [2022-10-04T04:51:21.424+0000] {dag.py:2573} INFO - Sync 1 DAGs
[2022-10-04T04:51:21.440+0000] {logging_mixin.py:117} INFO - [2022-10-04T04:51:21.439+0000] {dag.py:3324} INFO - Setting next_dagrun for example_task_group to 2022-10-03T04:51:21.439569+00:00, run_after=2022-10-04T04:51:21.439569+00:00
[2022-10-04T04:51:21.462+0000] {processor.py:178} INFO - Processing /usr/local/lib/python3.10/dist-packages/airflow/example_dags/example_task_group.py took 0.075 seconds
[2022-10-04T04:51:57.562+0000] {processor.py:156} INFO - Started process (PID=2363) to work on /usr/local/lib/python3.10/dist-packages/airflow/example_dags/example_task_group.py
[2022-10-04T04:51:57.563+0000] {processor.py:758} INFO - Processing file /usr/local/lib/python3.10/dist-packages/airflow/example_dags/example_task_group.py for tasks to queue
[2022-10-04T04:51:57.564+0000] {logging_mixin.py:117} INFO - [2022-10-04T04:51:57.564+0000] {dagbag.py:525} INFO - Filling up the DagBag from /usr/local/lib/python3.10/dist-packages/airflow/example_dags/example_task_group.py
[2022-10-04T04:51:57.572+0000] {processor.py:768} INFO - DAG(s) dict_keys(['example_task_group']) retrieved from /usr/local/lib/python3.10/dist-packages/airflow/example_dags/example_task_group.py
[2022-10-04T04:51:57.594+0000] {logging_mixin.py:117} INFO - [2022-10-04T04:51:57.594+0000] {dag.py:2573} INFO - Sync 1 DAGs
[2022-10-04T04:51:57.610+0000] {logging_mixin.py:117} INFO - [2022-10-04T04:51:57.610+0000] {dag.py:3324} INFO - Setting next_dagrun for example_task_group to 2022-10-03T04:51:57.610616+00:00, run_after=2022-10-04T04:51:57.610616+00:00
[2022-10-04T04:51:57.632+0000] {processor.py:178} INFO - Processing /usr/local/lib/python3.10/dist-packages/airflow/example_dags/example_task_group.py took 0.074 seconds
[2022-10-04T04:52:33.481+0000] {processor.py:156} INFO - Started process (PID=2399) to work on /usr/local/lib/python3.10/dist-packages/airflow/example_dags/example_task_group.py
[2022-10-04T04:52:33.482+0000] {processor.py:758} INFO - Processing file /usr/local/lib/python3.10/dist-packages/airflow/example_dags/example_task_group.py for tasks to queue
[2022-10-04T04:52:33.483+0000] {logging_mixin.py:117} INFO - [2022-10-04T04:52:33.483+0000] {dagbag.py:525} INFO - Filling up the DagBag from /usr/local/lib/python3.10/dist-packages/airflow/example_dags/example_task_group.py
[2022-10-04T04:52:33.490+0000] {processor.py:768} INFO - DAG(s) dict_keys(['example_task_group']) retrieved from /usr/local/lib/python3.10/dist-packages/airflow/example_dags/example_task_group.py
[2022-10-04T04:52:33.512+0000] {logging_mixin.py:117} INFO - [2022-10-04T04:52:33.512+0000] {dag.py:2573} INFO - Sync 1 DAGs
[2022-10-04T04:52:33.528+0000] {logging_mixin.py:117} INFO - [2022-10-04T04:52:33.528+0000] {dag.py:3324} INFO - Setting next_dagrun for example_task_group to 2022-10-03T04:52:33.528456+00:00, run_after=2022-10-04T04:52:33.528456+00:00
[2022-10-04T04:52:33.560+0000] {processor.py:178} INFO - Processing /usr/local/lib/python3.10/dist-packages/airflow/example_dags/example_task_group.py took 0.083 seconds
[2022-10-04T04:53:07.940+0000] {processor.py:156} INFO - Started process (PID=2434) to work on /usr/local/lib/python3.10/dist-packages/airflow/example_dags/example_task_group.py
[2022-10-04T04:53:07.941+0000] {processor.py:758} INFO - Processing file /usr/local/lib/python3.10/dist-packages/airflow/example_dags/example_task_group.py for tasks to queue
[2022-10-04T04:53:07.942+0000] {logging_mixin.py:117} INFO - [2022-10-04T04:53:07.942+0000] {dagbag.py:525} INFO - Filling up the DagBag from /usr/local/lib/python3.10/dist-packages/airflow/example_dags/example_task_group.py
[2022-10-04T04:53:07.950+0000] {processor.py:768} INFO - DAG(s) dict_keys(['example_task_group']) retrieved from /usr/local/lib/python3.10/dist-packages/airflow/example_dags/example_task_group.py
[2022-10-04T04:53:07.972+0000] {logging_mixin.py:117} INFO - [2022-10-04T04:53:07.971+0000] {dag.py:2573} INFO - Sync 1 DAGs
[2022-10-04T04:53:07.986+0000] {logging_mixin.py:117} INFO - [2022-10-04T04:53:07.986+0000] {dag.py:3324} INFO - Setting next_dagrun for example_task_group to 2022-10-03T04:53:07.986444+00:00, run_after=2022-10-04T04:53:07.986444+00:00
[2022-10-04T04:53:08.008+0000] {processor.py:178} INFO - Processing /usr/local/lib/python3.10/dist-packages/airflow/example_dags/example_task_group.py took 0.071 seconds
[2022-10-04T04:53:45.249+0000] {processor.py:156} INFO - Started process (PID=2470) to work on /usr/local/lib/python3.10/dist-packages/airflow/example_dags/example_task_group.py
[2022-10-04T04:53:45.250+0000] {processor.py:758} INFO - Processing file /usr/local/lib/python3.10/dist-packages/airflow/example_dags/example_task_group.py for tasks to queue
[2022-10-04T04:53:45.251+0000] {logging_mixin.py:117} INFO - [2022-10-04T04:53:45.251+0000] {dagbag.py:525} INFO - Filling up the DagBag from /usr/local/lib/python3.10/dist-packages/airflow/example_dags/example_task_group.py
[2022-10-04T04:53:45.259+0000] {processor.py:768} INFO - DAG(s) dict_keys(['example_task_group']) retrieved from /usr/local/lib/python3.10/dist-packages/airflow/example_dags/example_task_group.py
[2022-10-04T04:53:45.280+0000] {logging_mixin.py:117} INFO - [2022-10-04T04:53:45.280+0000] {dag.py:2573} INFO - Sync 1 DAGs
[2022-10-04T04:53:45.295+0000] {logging_mixin.py:117} INFO - [2022-10-04T04:53:45.295+0000] {dag.py:3324} INFO - Setting next_dagrun for example_task_group to 2022-10-03T04:53:45.295388+00:00, run_after=2022-10-04T04:53:45.295388+00:00
[2022-10-04T04:53:45.316+0000] {processor.py:178} INFO - Processing /usr/local/lib/python3.10/dist-packages/airflow/example_dags/example_task_group.py took 0.070 seconds
[2022-10-04T04:54:20.940+0000] {processor.py:156} INFO - Started process (PID=2507) to work on /usr/local/lib/python3.10/dist-packages/airflow/example_dags/example_task_group.py
[2022-10-04T04:54:20.942+0000] {processor.py:758} INFO - Processing file /usr/local/lib/python3.10/dist-packages/airflow/example_dags/example_task_group.py for tasks to queue
[2022-10-04T04:54:20.942+0000] {logging_mixin.py:117} INFO - [2022-10-04T04:54:20.942+0000] {dagbag.py:525} INFO - Filling up the DagBag from /usr/local/lib/python3.10/dist-packages/airflow/example_dags/example_task_group.py
[2022-10-04T04:54:20.950+0000] {processor.py:768} INFO - DAG(s) dict_keys(['example_task_group']) retrieved from /usr/local/lib/python3.10/dist-packages/airflow/example_dags/example_task_group.py
[2022-10-04T04:54:20.972+0000] {logging_mixin.py:117} INFO - [2022-10-04T04:54:20.972+0000] {dag.py:2573} INFO - Sync 1 DAGs
[2022-10-04T04:54:20.987+0000] {logging_mixin.py:117} INFO - [2022-10-04T04:54:20.987+0000] {dag.py:3324} INFO - Setting next_dagrun for example_task_group to 2022-10-03T04:54:20.987430+00:00, run_after=2022-10-04T04:54:20.987430+00:00
[2022-10-04T04:54:21.009+0000] {processor.py:178} INFO - Processing /usr/local/lib/python3.10/dist-packages/airflow/example_dags/example_task_group.py took 0.072 seconds
