[2022-10-04T03:09:12.899+0000] {processor.py:156} INFO - Started process (PID=7691) to work on /usr/local/lib/python3.10/dist-packages/airflow/example_dags/example_trigger_controller_dag.py
[2022-10-04T03:09:12.900+0000] {processor.py:758} INFO - Processing file /usr/local/lib/python3.10/dist-packages/airflow/example_dags/example_trigger_controller_dag.py for tasks to queue
[2022-10-04T03:09:12.900+0000] {logging_mixin.py:117} INFO - [2022-10-04T03:09:12.900+0000] {dagbag.py:525} INFO - Filling up the DagBag from /usr/local/lib/python3.10/dist-packages/airflow/example_dags/example_trigger_controller_dag.py
[2022-10-04T03:09:12.911+0000] {processor.py:768} INFO - DAG(s) dict_keys(['example_trigger_controller_dag']) retrieved from /usr/local/lib/python3.10/dist-packages/airflow/example_dags/example_trigger_controller_dag.py
[2022-10-04T03:09:13.006+0000] {logging_mixin.py:117} INFO - [2022-10-04T03:09:13.006+0000] {manager.py:508} INFO - Created Permission View: can read on DAG:example_trigger_controller_dag
[2022-10-04T03:09:13.018+0000] {logging_mixin.py:117} INFO - [2022-10-04T03:09:13.018+0000] {manager.py:508} INFO - Created Permission View: can delete on DAG:example_trigger_controller_dag
[2022-10-04T03:09:13.029+0000] {logging_mixin.py:117} INFO - [2022-10-04T03:09:13.029+0000] {manager.py:508} INFO - Created Permission View: can edit on DAG:example_trigger_controller_dag
[2022-10-04T03:09:13.029+0000] {logging_mixin.py:117} INFO - [2022-10-04T03:09:13.029+0000] {dag.py:2573} INFO - Sync 1 DAGs
[2022-10-04T03:09:13.038+0000] {logging_mixin.py:117} INFO - [2022-10-04T03:09:13.038+0000] {dag.py:2594} INFO - Creating ORM DAG for example_trigger_controller_dag
[2022-10-04T03:09:13.046+0000] {logging_mixin.py:117} INFO - [2022-10-04T03:09:13.046+0000] {dag.py:3324} INFO - Setting next_dagrun for example_trigger_controller_dag to 2021-01-01T00:00:00+00:00, run_after=2021-01-01T00:00:00+00:00
[2022-10-04T03:09:13.077+0000] {processor.py:178} INFO - Processing /usr/local/lib/python3.10/dist-packages/airflow/example_dags/example_trigger_controller_dag.py took 0.180 seconds
[2022-10-04T03:09:53.420+0000] {processor.py:156} INFO - Started process (PID=7728) to work on /usr/local/lib/python3.10/dist-packages/airflow/example_dags/example_trigger_controller_dag.py
[2022-10-04T03:09:53.421+0000] {processor.py:758} INFO - Processing file /usr/local/lib/python3.10/dist-packages/airflow/example_dags/example_trigger_controller_dag.py for tasks to queue
[2022-10-04T03:09:53.422+0000] {logging_mixin.py:117} INFO - [2022-10-04T03:09:53.421+0000] {dagbag.py:525} INFO - Filling up the DagBag from /usr/local/lib/python3.10/dist-packages/airflow/example_dags/example_trigger_controller_dag.py
[2022-10-04T03:09:53.432+0000] {processor.py:768} INFO - DAG(s) dict_keys(['example_trigger_controller_dag']) retrieved from /usr/local/lib/python3.10/dist-packages/airflow/example_dags/example_trigger_controller_dag.py
[2022-10-04T03:09:53.455+0000] {logging_mixin.py:117} INFO - [2022-10-04T03:09:53.454+0000] {dag.py:2573} INFO - Sync 1 DAGs
[2022-10-04T03:09:53.471+0000] {logging_mixin.py:117} INFO - [2022-10-04T03:09:53.471+0000] {dag.py:3324} INFO - Setting next_dagrun for example_trigger_controller_dag to 2021-01-01T00:00:00+00:00, run_after=2021-01-01T00:00:00+00:00
[2022-10-04T03:09:53.492+0000] {processor.py:178} INFO - Processing /usr/local/lib/python3.10/dist-packages/airflow/example_dags/example_trigger_controller_dag.py took 0.075 seconds
[2022-10-04T03:10:33.324+0000] {processor.py:156} INFO - Started process (PID=7777) to work on /usr/local/lib/python3.10/dist-packages/airflow/example_dags/example_trigger_controller_dag.py
[2022-10-04T03:10:33.326+0000] {processor.py:758} INFO - Processing file /usr/local/lib/python3.10/dist-packages/airflow/example_dags/example_trigger_controller_dag.py for tasks to queue
[2022-10-04T03:10:33.327+0000] {logging_mixin.py:117} INFO - [2022-10-04T03:10:33.327+0000] {dagbag.py:525} INFO - Filling up the DagBag from /usr/local/lib/python3.10/dist-packages/airflow/example_dags/example_trigger_controller_dag.py
[2022-10-04T03:10:33.344+0000] {processor.py:768} INFO - DAG(s) dict_keys(['example_trigger_controller_dag']) retrieved from /usr/local/lib/python3.10/dist-packages/airflow/example_dags/example_trigger_controller_dag.py
[2022-10-04T03:10:33.368+0000] {logging_mixin.py:117} INFO - [2022-10-04T03:10:33.368+0000] {dag.py:2573} INFO - Sync 1 DAGs
[2022-10-04T03:10:33.393+0000] {logging_mixin.py:117} INFO - [2022-10-04T03:10:33.393+0000] {dag.py:3324} INFO - Setting next_dagrun for example_trigger_controller_dag to 2021-01-01T00:00:00+00:00, run_after=2021-01-01T00:00:00+00:00
[2022-10-04T03:10:33.418+0000] {processor.py:178} INFO - Processing /usr/local/lib/python3.10/dist-packages/airflow/example_dags/example_trigger_controller_dag.py took 0.097 seconds
[2022-10-04T03:11:13.731+0000] {processor.py:156} INFO - Started process (PID=7820) to work on /usr/local/lib/python3.10/dist-packages/airflow/example_dags/example_trigger_controller_dag.py
[2022-10-04T03:11:13.732+0000] {processor.py:758} INFO - Processing file /usr/local/lib/python3.10/dist-packages/airflow/example_dags/example_trigger_controller_dag.py for tasks to queue
[2022-10-04T03:11:13.733+0000] {logging_mixin.py:117} INFO - [2022-10-04T03:11:13.733+0000] {dagbag.py:525} INFO - Filling up the DagBag from /usr/local/lib/python3.10/dist-packages/airflow/example_dags/example_trigger_controller_dag.py
[2022-10-04T03:11:13.745+0000] {processor.py:768} INFO - DAG(s) dict_keys(['example_trigger_controller_dag']) retrieved from /usr/local/lib/python3.10/dist-packages/airflow/example_dags/example_trigger_controller_dag.py
[2022-10-04T03:11:13.766+0000] {logging_mixin.py:117} INFO - [2022-10-04T03:11:13.766+0000] {dag.py:2573} INFO - Sync 1 DAGs
[2022-10-04T03:11:13.781+0000] {logging_mixin.py:117} INFO - [2022-10-04T03:11:13.781+0000] {dag.py:3324} INFO - Setting next_dagrun for example_trigger_controller_dag to 2021-01-01T00:00:00+00:00, run_after=2021-01-01T00:00:00+00:00
[2022-10-04T03:11:13.802+0000] {processor.py:178} INFO - Processing /usr/local/lib/python3.10/dist-packages/airflow/example_dags/example_trigger_controller_dag.py took 0.073 seconds
[2022-10-04T03:11:53.439+0000] {processor.py:156} INFO - Started process (PID=7857) to work on /usr/local/lib/python3.10/dist-packages/airflow/example_dags/example_trigger_controller_dag.py
[2022-10-04T03:11:53.440+0000] {processor.py:758} INFO - Processing file /usr/local/lib/python3.10/dist-packages/airflow/example_dags/example_trigger_controller_dag.py for tasks to queue
[2022-10-04T03:11:53.440+0000] {logging_mixin.py:117} INFO - [2022-10-04T03:11:53.440+0000] {dagbag.py:525} INFO - Filling up the DagBag from /usr/local/lib/python3.10/dist-packages/airflow/example_dags/example_trigger_controller_dag.py
[2022-10-04T03:11:53.451+0000] {processor.py:768} INFO - DAG(s) dict_keys(['example_trigger_controller_dag']) retrieved from /usr/local/lib/python3.10/dist-packages/airflow/example_dags/example_trigger_controller_dag.py
[2022-10-04T03:11:53.473+0000] {logging_mixin.py:117} INFO - [2022-10-04T03:11:53.473+0000] {dag.py:2573} INFO - Sync 1 DAGs
[2022-10-04T03:11:53.490+0000] {logging_mixin.py:117} INFO - [2022-10-04T03:11:53.490+0000] {dag.py:3324} INFO - Setting next_dagrun for example_trigger_controller_dag to 2021-01-01T00:00:00+00:00, run_after=2021-01-01T00:00:00+00:00
[2022-10-04T03:11:53.513+0000] {processor.py:178} INFO - Processing /usr/local/lib/python3.10/dist-packages/airflow/example_dags/example_trigger_controller_dag.py took 0.078 seconds
[2022-10-04T03:12:31.818+0000] {processor.py:156} INFO - Started process (PID=7898) to work on /usr/local/lib/python3.10/dist-packages/airflow/example_dags/example_trigger_controller_dag.py
[2022-10-04T03:12:31.820+0000] {processor.py:758} INFO - Processing file /usr/local/lib/python3.10/dist-packages/airflow/example_dags/example_trigger_controller_dag.py for tasks to queue
[2022-10-04T03:12:31.820+0000] {logging_mixin.py:117} INFO - [2022-10-04T03:12:31.820+0000] {dagbag.py:525} INFO - Filling up the DagBag from /usr/local/lib/python3.10/dist-packages/airflow/example_dags/example_trigger_controller_dag.py
[2022-10-04T03:12:31.831+0000] {processor.py:768} INFO - DAG(s) dict_keys(['example_trigger_controller_dag']) retrieved from /usr/local/lib/python3.10/dist-packages/airflow/example_dags/example_trigger_controller_dag.py
[2022-10-04T03:12:31.854+0000] {logging_mixin.py:117} INFO - [2022-10-04T03:12:31.854+0000] {dag.py:2573} INFO - Sync 1 DAGs
[2022-10-04T03:12:31.871+0000] {logging_mixin.py:117} INFO - [2022-10-04T03:12:31.871+0000] {dag.py:3324} INFO - Setting next_dagrun for example_trigger_controller_dag to 2021-01-01T00:00:00+00:00, run_after=2021-01-01T00:00:00+00:00
[2022-10-04T03:12:31.892+0000] {processor.py:178} INFO - Processing /usr/local/lib/python3.10/dist-packages/airflow/example_dags/example_trigger_controller_dag.py took 0.076 seconds
[2022-10-04T03:13:08.470+0000] {processor.py:156} INFO - Started process (PID=7934) to work on /usr/local/lib/python3.10/dist-packages/airflow/example_dags/example_trigger_controller_dag.py
[2022-10-04T03:13:08.471+0000] {processor.py:758} INFO - Processing file /usr/local/lib/python3.10/dist-packages/airflow/example_dags/example_trigger_controller_dag.py for tasks to queue
[2022-10-04T03:13:08.472+0000] {logging_mixin.py:117} INFO - [2022-10-04T03:13:08.471+0000] {dagbag.py:525} INFO - Filling up the DagBag from /usr/local/lib/python3.10/dist-packages/airflow/example_dags/example_trigger_controller_dag.py
[2022-10-04T03:13:08.482+0000] {processor.py:768} INFO - DAG(s) dict_keys(['example_trigger_controller_dag']) retrieved from /usr/local/lib/python3.10/dist-packages/airflow/example_dags/example_trigger_controller_dag.py
[2022-10-04T03:13:08.502+0000] {logging_mixin.py:117} INFO - [2022-10-04T03:13:08.502+0000] {dag.py:2573} INFO - Sync 1 DAGs
[2022-10-04T03:13:08.519+0000] {logging_mixin.py:117} INFO - [2022-10-04T03:13:08.519+0000] {dag.py:3324} INFO - Setting next_dagrun for example_trigger_controller_dag to 2021-01-01T00:00:00+00:00, run_after=2021-01-01T00:00:00+00:00
[2022-10-04T03:13:08.540+0000] {processor.py:178} INFO - Processing /usr/local/lib/python3.10/dist-packages/airflow/example_dags/example_trigger_controller_dag.py took 0.072 seconds
[2022-10-04T03:13:48.373+0000] {processor.py:156} INFO - Started process (PID=7973) to work on /usr/local/lib/python3.10/dist-packages/airflow/example_dags/example_trigger_controller_dag.py
[2022-10-04T03:13:48.375+0000] {processor.py:758} INFO - Processing file /usr/local/lib/python3.10/dist-packages/airflow/example_dags/example_trigger_controller_dag.py for tasks to queue
[2022-10-04T03:13:48.375+0000] {logging_mixin.py:117} INFO - [2022-10-04T03:13:48.375+0000] {dagbag.py:525} INFO - Filling up the DagBag from /usr/local/lib/python3.10/dist-packages/airflow/example_dags/example_trigger_controller_dag.py
[2022-10-04T03:13:48.386+0000] {processor.py:768} INFO - DAG(s) dict_keys(['example_trigger_controller_dag']) retrieved from /usr/local/lib/python3.10/dist-packages/airflow/example_dags/example_trigger_controller_dag.py
[2022-10-04T03:13:48.408+0000] {logging_mixin.py:117} INFO - [2022-10-04T03:13:48.408+0000] {dag.py:2573} INFO - Sync 1 DAGs
[2022-10-04T03:13:48.425+0000] {logging_mixin.py:117} INFO - [2022-10-04T03:13:48.425+0000] {dag.py:3324} INFO - Setting next_dagrun for example_trigger_controller_dag to 2021-01-01T00:00:00+00:00, run_after=2021-01-01T00:00:00+00:00
[2022-10-04T03:13:48.445+0000] {processor.py:178} INFO - Processing /usr/local/lib/python3.10/dist-packages/airflow/example_dags/example_trigger_controller_dag.py took 0.075 seconds
[2022-10-04T03:14:29.291+0000] {processor.py:156} INFO - Started process (PID=8014) to work on /usr/local/lib/python3.10/dist-packages/airflow/example_dags/example_trigger_controller_dag.py
[2022-10-04T03:14:29.292+0000] {processor.py:758} INFO - Processing file /usr/local/lib/python3.10/dist-packages/airflow/example_dags/example_trigger_controller_dag.py for tasks to queue
[2022-10-04T03:14:29.292+0000] {logging_mixin.py:117} INFO - [2022-10-04T03:14:29.292+0000] {dagbag.py:525} INFO - Filling up the DagBag from /usr/local/lib/python3.10/dist-packages/airflow/example_dags/example_trigger_controller_dag.py
[2022-10-04T03:14:29.303+0000] {processor.py:768} INFO - DAG(s) dict_keys(['example_trigger_controller_dag']) retrieved from /usr/local/lib/python3.10/dist-packages/airflow/example_dags/example_trigger_controller_dag.py
[2022-10-04T03:14:29.324+0000] {logging_mixin.py:117} INFO - [2022-10-04T03:14:29.323+0000] {dag.py:2573} INFO - Sync 1 DAGs
[2022-10-04T03:14:29.340+0000] {logging_mixin.py:117} INFO - [2022-10-04T03:14:29.340+0000] {dag.py:3324} INFO - Setting next_dagrun for example_trigger_controller_dag to 2021-01-01T00:00:00+00:00, run_after=2021-01-01T00:00:00+00:00
[2022-10-04T03:14:29.361+0000] {processor.py:178} INFO - Processing /usr/local/lib/python3.10/dist-packages/airflow/example_dags/example_trigger_controller_dag.py took 0.072 seconds
[2022-10-04T03:15:07.110+0000] {processor.py:156} INFO - Started process (PID=8052) to work on /usr/local/lib/python3.10/dist-packages/airflow/example_dags/example_trigger_controller_dag.py
[2022-10-04T03:15:07.111+0000] {processor.py:758} INFO - Processing file /usr/local/lib/python3.10/dist-packages/airflow/example_dags/example_trigger_controller_dag.py for tasks to queue
[2022-10-04T03:15:07.112+0000] {logging_mixin.py:117} INFO - [2022-10-04T03:15:07.111+0000] {dagbag.py:525} INFO - Filling up the DagBag from /usr/local/lib/python3.10/dist-packages/airflow/example_dags/example_trigger_controller_dag.py
[2022-10-04T03:15:07.124+0000] {processor.py:768} INFO - DAG(s) dict_keys(['example_trigger_controller_dag']) retrieved from /usr/local/lib/python3.10/dist-packages/airflow/example_dags/example_trigger_controller_dag.py
[2022-10-04T03:15:07.147+0000] {logging_mixin.py:117} INFO - [2022-10-04T03:15:07.147+0000] {dag.py:2573} INFO - Sync 1 DAGs
[2022-10-04T03:15:07.166+0000] {logging_mixin.py:117} INFO - [2022-10-04T03:15:07.166+0000] {dag.py:3324} INFO - Setting next_dagrun for example_trigger_controller_dag to 2021-01-01T00:00:00+00:00, run_after=2021-01-01T00:00:00+00:00
[2022-10-04T03:15:07.191+0000] {processor.py:178} INFO - Processing /usr/local/lib/python3.10/dist-packages/airflow/example_dags/example_trigger_controller_dag.py took 0.084 seconds
[2022-10-04T03:15:51.449+0000] {processor.py:156} INFO - Started process (PID=8096) to work on /usr/local/lib/python3.10/dist-packages/airflow/example_dags/example_trigger_controller_dag.py
[2022-10-04T03:15:51.450+0000] {processor.py:758} INFO - Processing file /usr/local/lib/python3.10/dist-packages/airflow/example_dags/example_trigger_controller_dag.py for tasks to queue
[2022-10-04T03:15:51.451+0000] {logging_mixin.py:117} INFO - [2022-10-04T03:15:51.450+0000] {dagbag.py:525} INFO - Filling up the DagBag from /usr/local/lib/python3.10/dist-packages/airflow/example_dags/example_trigger_controller_dag.py
[2022-10-04T03:15:51.461+0000] {processor.py:768} INFO - DAG(s) dict_keys(['example_trigger_controller_dag']) retrieved from /usr/local/lib/python3.10/dist-packages/airflow/example_dags/example_trigger_controller_dag.py
[2022-10-04T03:15:51.482+0000] {logging_mixin.py:117} INFO - [2022-10-04T03:15:51.482+0000] {dag.py:2573} INFO - Sync 1 DAGs
[2022-10-04T03:15:51.499+0000] {logging_mixin.py:117} INFO - [2022-10-04T03:15:51.498+0000] {dag.py:3324} INFO - Setting next_dagrun for example_trigger_controller_dag to 2021-01-01T00:00:00+00:00, run_after=2021-01-01T00:00:00+00:00
[2022-10-04T03:15:51.519+0000] {processor.py:178} INFO - Processing /usr/local/lib/python3.10/dist-packages/airflow/example_dags/example_trigger_controller_dag.py took 0.073 seconds
[2022-10-04T03:16:28.945+0000] {processor.py:156} INFO - Started process (PID=8220) to work on /usr/local/lib/python3.10/dist-packages/airflow/example_dags/example_trigger_controller_dag.py
[2022-10-04T03:16:28.946+0000] {processor.py:758} INFO - Processing file /usr/local/lib/python3.10/dist-packages/airflow/example_dags/example_trigger_controller_dag.py for tasks to queue
[2022-10-04T03:16:28.947+0000] {logging_mixin.py:117} INFO - [2022-10-04T03:16:28.947+0000] {dagbag.py:525} INFO - Filling up the DagBag from /usr/local/lib/python3.10/dist-packages/airflow/example_dags/example_trigger_controller_dag.py
[2022-10-04T03:16:28.958+0000] {processor.py:768} INFO - DAG(s) dict_keys(['example_trigger_controller_dag']) retrieved from /usr/local/lib/python3.10/dist-packages/airflow/example_dags/example_trigger_controller_dag.py
[2022-10-04T03:16:28.978+0000] {logging_mixin.py:117} INFO - [2022-10-04T03:16:28.978+0000] {dag.py:2573} INFO - Sync 1 DAGs
[2022-10-04T03:16:28.996+0000] {logging_mixin.py:117} INFO - [2022-10-04T03:16:28.996+0000] {dag.py:3324} INFO - Setting next_dagrun for example_trigger_controller_dag to 2021-01-01T00:00:00+00:00, run_after=2021-01-01T00:00:00+00:00
[2022-10-04T03:16:29.018+0000] {processor.py:178} INFO - Processing /usr/local/lib/python3.10/dist-packages/airflow/example_dags/example_trigger_controller_dag.py took 0.075 seconds
[2022-10-04T03:17:09.842+0000] {processor.py:156} INFO - Started process (PID=8275) to work on /usr/local/lib/python3.10/dist-packages/airflow/example_dags/example_trigger_controller_dag.py
[2022-10-04T03:17:09.843+0000] {processor.py:758} INFO - Processing file /usr/local/lib/python3.10/dist-packages/airflow/example_dags/example_trigger_controller_dag.py for tasks to queue
[2022-10-04T03:17:09.844+0000] {logging_mixin.py:117} INFO - [2022-10-04T03:17:09.844+0000] {dagbag.py:525} INFO - Filling up the DagBag from /usr/local/lib/python3.10/dist-packages/airflow/example_dags/example_trigger_controller_dag.py
[2022-10-04T03:17:09.859+0000] {processor.py:768} INFO - DAG(s) dict_keys(['example_trigger_controller_dag']) retrieved from /usr/local/lib/python3.10/dist-packages/airflow/example_dags/example_trigger_controller_dag.py
[2022-10-04T03:17:09.888+0000] {logging_mixin.py:117} INFO - [2022-10-04T03:17:09.887+0000] {dag.py:2573} INFO - Sync 1 DAGs
[2022-10-04T03:17:09.912+0000] {logging_mixin.py:117} INFO - [2022-10-04T03:17:09.912+0000] {dag.py:3324} INFO - Setting next_dagrun for example_trigger_controller_dag to 2021-01-01T00:00:00+00:00, run_after=2021-01-01T00:00:00+00:00
[2022-10-04T03:17:10.121+0000] {processor.py:178} INFO - Processing /usr/local/lib/python3.10/dist-packages/airflow/example_dags/example_trigger_controller_dag.py took 0.282 seconds
[2022-10-04T03:17:51.195+0000] {processor.py:156} INFO - Started process (PID=8628) to work on /usr/local/lib/python3.10/dist-packages/airflow/example_dags/example_trigger_controller_dag.py
[2022-10-04T03:17:51.196+0000] {processor.py:758} INFO - Processing file /usr/local/lib/python3.10/dist-packages/airflow/example_dags/example_trigger_controller_dag.py for tasks to queue
[2022-10-04T03:17:51.197+0000] {logging_mixin.py:117} INFO - [2022-10-04T03:17:51.197+0000] {dagbag.py:525} INFO - Filling up the DagBag from /usr/local/lib/python3.10/dist-packages/airflow/example_dags/example_trigger_controller_dag.py
[2022-10-04T03:17:51.208+0000] {processor.py:768} INFO - DAG(s) dict_keys(['example_trigger_controller_dag']) retrieved from /usr/local/lib/python3.10/dist-packages/airflow/example_dags/example_trigger_controller_dag.py
[2022-10-04T03:17:51.238+0000] {logging_mixin.py:117} INFO - [2022-10-04T03:17:51.237+0000] {dag.py:2573} INFO - Sync 1 DAGs
[2022-10-04T03:17:51.415+0000] {logging_mixin.py:117} INFO - [2022-10-04T03:17:51.415+0000] {dag.py:3324} INFO - Setting next_dagrun for example_trigger_controller_dag to 2021-01-01T00:00:00+00:00, run_after=2021-01-01T00:00:00+00:00
[2022-10-04T03:17:51.461+0000] {processor.py:178} INFO - Processing /usr/local/lib/python3.10/dist-packages/airflow/example_dags/example_trigger_controller_dag.py took 0.269 seconds
[2022-10-04T03:18:49.675+0000] {processor.py:156} INFO - Started process (PID=8694) to work on /usr/local/lib/python3.10/dist-packages/airflow/example_dags/example_trigger_controller_dag.py
[2022-10-04T03:18:49.677+0000] {processor.py:758} INFO - Processing file /usr/local/lib/python3.10/dist-packages/airflow/example_dags/example_trigger_controller_dag.py for tasks to queue
[2022-10-04T03:18:49.677+0000] {logging_mixin.py:117} INFO - [2022-10-04T03:18:49.677+0000] {dagbag.py:525} INFO - Filling up the DagBag from /usr/local/lib/python3.10/dist-packages/airflow/example_dags/example_trigger_controller_dag.py
[2022-10-04T03:18:49.688+0000] {processor.py:768} INFO - DAG(s) dict_keys(['example_trigger_controller_dag']) retrieved from /usr/local/lib/python3.10/dist-packages/airflow/example_dags/example_trigger_controller_dag.py
[2022-10-04T03:18:49.702+0000] {logging_mixin.py:117} INFO - [2022-10-04T03:18:49.702+0000] {dag.py:2573} INFO - Sync 1 DAGs
[2022-10-04T03:18:49.724+0000] {logging_mixin.py:117} INFO - [2022-10-04T03:18:49.723+0000] {dag.py:3324} INFO - Setting next_dagrun for example_trigger_controller_dag to 2021-01-01T00:00:00+00:00, run_after=2021-01-01T00:00:00+00:00
[2022-10-04T03:18:49.748+0000] {processor.py:178} INFO - Processing /usr/local/lib/python3.10/dist-packages/airflow/example_dags/example_trigger_controller_dag.py took 0.075 seconds
[2022-10-04T03:19:29.502+0000] {processor.py:156} INFO - Started process (PID=8735) to work on /usr/local/lib/python3.10/dist-packages/airflow/example_dags/example_trigger_controller_dag.py
[2022-10-04T03:19:29.503+0000] {processor.py:758} INFO - Processing file /usr/local/lib/python3.10/dist-packages/airflow/example_dags/example_trigger_controller_dag.py for tasks to queue
[2022-10-04T03:19:29.504+0000] {logging_mixin.py:117} INFO - [2022-10-04T03:19:29.503+0000] {dagbag.py:525} INFO - Filling up the DagBag from /usr/local/lib/python3.10/dist-packages/airflow/example_dags/example_trigger_controller_dag.py
[2022-10-04T03:19:29.514+0000] {processor.py:768} INFO - DAG(s) dict_keys(['example_trigger_controller_dag']) retrieved from /usr/local/lib/python3.10/dist-packages/airflow/example_dags/example_trigger_controller_dag.py
[2022-10-04T03:19:29.536+0000] {logging_mixin.py:117} INFO - [2022-10-04T03:19:29.536+0000] {dag.py:2573} INFO - Sync 1 DAGs
[2022-10-04T03:19:29.553+0000] {logging_mixin.py:117} INFO - [2022-10-04T03:19:29.553+0000] {dag.py:3324} INFO - Setting next_dagrun for example_trigger_controller_dag to 2021-01-01T00:00:00+00:00, run_after=2021-01-01T00:00:00+00:00
[2022-10-04T03:19:29.575+0000] {processor.py:178} INFO - Processing /usr/local/lib/python3.10/dist-packages/airflow/example_dags/example_trigger_controller_dag.py took 0.076 seconds
[2022-10-04T03:20:05.752+0000] {processor.py:156} INFO - Started process (PID=8772) to work on /usr/local/lib/python3.10/dist-packages/airflow/example_dags/example_trigger_controller_dag.py
[2022-10-04T03:20:05.753+0000] {processor.py:758} INFO - Processing file /usr/local/lib/python3.10/dist-packages/airflow/example_dags/example_trigger_controller_dag.py for tasks to queue
[2022-10-04T03:20:05.753+0000] {logging_mixin.py:117} INFO - [2022-10-04T03:20:05.753+0000] {dagbag.py:525} INFO - Filling up the DagBag from /usr/local/lib/python3.10/dist-packages/airflow/example_dags/example_trigger_controller_dag.py
[2022-10-04T03:20:05.764+0000] {processor.py:768} INFO - DAG(s) dict_keys(['example_trigger_controller_dag']) retrieved from /usr/local/lib/python3.10/dist-packages/airflow/example_dags/example_trigger_controller_dag.py
[2022-10-04T03:20:05.785+0000] {logging_mixin.py:117} INFO - [2022-10-04T03:20:05.785+0000] {dag.py:2573} INFO - Sync 1 DAGs
[2022-10-04T03:20:05.801+0000] {logging_mixin.py:117} INFO - [2022-10-04T03:20:05.801+0000] {dag.py:3324} INFO - Setting next_dagrun for example_trigger_controller_dag to 2021-01-01T00:00:00+00:00, run_after=2021-01-01T00:00:00+00:00
[2022-10-04T03:20:05.822+0000] {processor.py:178} INFO - Processing /usr/local/lib/python3.10/dist-packages/airflow/example_dags/example_trigger_controller_dag.py took 0.072 seconds
[2022-10-04T03:20:45.398+0000] {processor.py:156} INFO - Started process (PID=8813) to work on /usr/local/lib/python3.10/dist-packages/airflow/example_dags/example_trigger_controller_dag.py
[2022-10-04T03:20:45.399+0000] {processor.py:758} INFO - Processing file /usr/local/lib/python3.10/dist-packages/airflow/example_dags/example_trigger_controller_dag.py for tasks to queue
[2022-10-04T03:20:45.400+0000] {logging_mixin.py:117} INFO - [2022-10-04T03:20:45.400+0000] {dagbag.py:525} INFO - Filling up the DagBag from /usr/local/lib/python3.10/dist-packages/airflow/example_dags/example_trigger_controller_dag.py
[2022-10-04T03:20:45.411+0000] {processor.py:768} INFO - DAG(s) dict_keys(['example_trigger_controller_dag']) retrieved from /usr/local/lib/python3.10/dist-packages/airflow/example_dags/example_trigger_controller_dag.py
[2022-10-04T03:20:45.433+0000] {logging_mixin.py:117} INFO - [2022-10-04T03:20:45.432+0000] {dag.py:2573} INFO - Sync 1 DAGs
[2022-10-04T03:20:45.452+0000] {logging_mixin.py:117} INFO - [2022-10-04T03:20:45.452+0000] {dag.py:3324} INFO - Setting next_dagrun for example_trigger_controller_dag to 2021-01-01T00:00:00+00:00, run_after=2021-01-01T00:00:00+00:00
[2022-10-04T03:20:45.480+0000] {processor.py:178} INFO - Processing /usr/local/lib/python3.10/dist-packages/airflow/example_dags/example_trigger_controller_dag.py took 0.084 seconds
[2022-10-04T03:21:23.656+0000] {processor.py:156} INFO - Started process (PID=8850) to work on /usr/local/lib/python3.10/dist-packages/airflow/example_dags/example_trigger_controller_dag.py
[2022-10-04T03:21:23.657+0000] {processor.py:758} INFO - Processing file /usr/local/lib/python3.10/dist-packages/airflow/example_dags/example_trigger_controller_dag.py for tasks to queue
[2022-10-04T03:21:23.658+0000] {logging_mixin.py:117} INFO - [2022-10-04T03:21:23.658+0000] {dagbag.py:525} INFO - Filling up the DagBag from /usr/local/lib/python3.10/dist-packages/airflow/example_dags/example_trigger_controller_dag.py
[2022-10-04T03:21:23.669+0000] {processor.py:768} INFO - DAG(s) dict_keys(['example_trigger_controller_dag']) retrieved from /usr/local/lib/python3.10/dist-packages/airflow/example_dags/example_trigger_controller_dag.py
[2022-10-04T03:21:23.700+0000] {logging_mixin.py:117} INFO - [2022-10-04T03:21:23.700+0000] {dag.py:2573} INFO - Sync 1 DAGs
[2022-10-04T03:21:23.720+0000] {logging_mixin.py:117} INFO - [2022-10-04T03:21:23.719+0000] {dag.py:3324} INFO - Setting next_dagrun for example_trigger_controller_dag to 2021-01-01T00:00:00+00:00, run_after=2021-01-01T00:00:00+00:00
[2022-10-04T03:21:23.741+0000] {processor.py:178} INFO - Processing /usr/local/lib/python3.10/dist-packages/airflow/example_dags/example_trigger_controller_dag.py took 0.088 seconds
[2022-10-04T03:22:03.533+0000] {processor.py:156} INFO - Started process (PID=8888) to work on /usr/local/lib/python3.10/dist-packages/airflow/example_dags/example_trigger_controller_dag.py
[2022-10-04T03:22:03.535+0000] {processor.py:758} INFO - Processing file /usr/local/lib/python3.10/dist-packages/airflow/example_dags/example_trigger_controller_dag.py for tasks to queue
[2022-10-04T03:22:03.535+0000] {logging_mixin.py:117} INFO - [2022-10-04T03:22:03.535+0000] {dagbag.py:525} INFO - Filling up the DagBag from /usr/local/lib/python3.10/dist-packages/airflow/example_dags/example_trigger_controller_dag.py
[2022-10-04T03:22:03.548+0000] {processor.py:768} INFO - DAG(s) dict_keys(['example_trigger_controller_dag']) retrieved from /usr/local/lib/python3.10/dist-packages/airflow/example_dags/example_trigger_controller_dag.py
[2022-10-04T03:22:03.578+0000] {logging_mixin.py:117} INFO - [2022-10-04T03:22:03.578+0000] {dag.py:2573} INFO - Sync 1 DAGs
[2022-10-04T03:22:03.597+0000] {logging_mixin.py:117} INFO - [2022-10-04T03:22:03.597+0000] {dag.py:3324} INFO - Setting next_dagrun for example_trigger_controller_dag to 2021-01-01T00:00:00+00:00, run_after=2021-01-01T00:00:00+00:00
[2022-10-04T03:22:03.618+0000] {processor.py:178} INFO - Processing /usr/local/lib/python3.10/dist-packages/airflow/example_dags/example_trigger_controller_dag.py took 0.087 seconds
[2022-10-04T03:22:37.638+0000] {processor.py:156} INFO - Started process (PID=8926) to work on /usr/local/lib/python3.10/dist-packages/airflow/example_dags/example_trigger_controller_dag.py
[2022-10-04T03:22:37.639+0000] {processor.py:758} INFO - Processing file /usr/local/lib/python3.10/dist-packages/airflow/example_dags/example_trigger_controller_dag.py for tasks to queue
[2022-10-04T03:22:37.639+0000] {logging_mixin.py:117} INFO - [2022-10-04T03:22:37.639+0000] {dagbag.py:525} INFO - Filling up the DagBag from /usr/local/lib/python3.10/dist-packages/airflow/example_dags/example_trigger_controller_dag.py
[2022-10-04T03:22:37.650+0000] {processor.py:768} INFO - DAG(s) dict_keys(['example_trigger_controller_dag']) retrieved from /usr/local/lib/python3.10/dist-packages/airflow/example_dags/example_trigger_controller_dag.py
[2022-10-04T03:22:37.673+0000] {logging_mixin.py:117} INFO - [2022-10-04T03:22:37.673+0000] {dag.py:2573} INFO - Sync 1 DAGs
[2022-10-04T03:22:37.691+0000] {logging_mixin.py:117} INFO - [2022-10-04T03:22:37.690+0000] {dag.py:3324} INFO - Setting next_dagrun for example_trigger_controller_dag to 2021-01-01T00:00:00+00:00, run_after=2021-01-01T00:00:00+00:00
[2022-10-04T03:22:37.712+0000] {processor.py:178} INFO - Processing /usr/local/lib/python3.10/dist-packages/airflow/example_dags/example_trigger_controller_dag.py took 0.076 seconds
[2022-10-04T03:23:48.625+0000] {processor.py:156} INFO - Started process (PID=9001) to work on /usr/local/lib/python3.10/dist-packages/airflow/example_dags/example_trigger_controller_dag.py
[2022-10-04T03:23:48.626+0000] {processor.py:758} INFO - Processing file /usr/local/lib/python3.10/dist-packages/airflow/example_dags/example_trigger_controller_dag.py for tasks to queue
[2022-10-04T03:23:48.627+0000] {logging_mixin.py:117} INFO - [2022-10-04T03:23:48.627+0000] {dagbag.py:525} INFO - Filling up the DagBag from /usr/local/lib/python3.10/dist-packages/airflow/example_dags/example_trigger_controller_dag.py
[2022-10-04T03:23:48.637+0000] {processor.py:768} INFO - DAG(s) dict_keys(['example_trigger_controller_dag']) retrieved from /usr/local/lib/python3.10/dist-packages/airflow/example_dags/example_trigger_controller_dag.py
[2022-10-04T03:23:48.652+0000] {logging_mixin.py:117} INFO - [2022-10-04T03:23:48.652+0000] {dag.py:2573} INFO - Sync 1 DAGs
[2022-10-04T03:23:48.673+0000] {logging_mixin.py:117} INFO - [2022-10-04T03:23:48.672+0000] {dag.py:3324} INFO - Setting next_dagrun for example_trigger_controller_dag to 2021-01-01T00:00:00+00:00, run_after=2021-01-01T00:00:00+00:00
[2022-10-04T03:23:48.703+0000] {processor.py:178} INFO - Processing /usr/local/lib/python3.10/dist-packages/airflow/example_dags/example_trigger_controller_dag.py took 0.081 seconds
[2022-10-04T03:24:27.457+0000] {processor.py:156} INFO - Started process (PID=9042) to work on /usr/local/lib/python3.10/dist-packages/airflow/example_dags/example_trigger_controller_dag.py
[2022-10-04T03:24:27.458+0000] {processor.py:758} INFO - Processing file /usr/local/lib/python3.10/dist-packages/airflow/example_dags/example_trigger_controller_dag.py for tasks to queue
[2022-10-04T03:24:27.459+0000] {logging_mixin.py:117} INFO - [2022-10-04T03:24:27.459+0000] {dagbag.py:525} INFO - Filling up the DagBag from /usr/local/lib/python3.10/dist-packages/airflow/example_dags/example_trigger_controller_dag.py
[2022-10-04T03:24:27.469+0000] {processor.py:768} INFO - DAG(s) dict_keys(['example_trigger_controller_dag']) retrieved from /usr/local/lib/python3.10/dist-packages/airflow/example_dags/example_trigger_controller_dag.py
[2022-10-04T03:24:27.492+0000] {logging_mixin.py:117} INFO - [2022-10-04T03:24:27.492+0000] {dag.py:2573} INFO - Sync 1 DAGs
[2022-10-04T03:24:27.509+0000] {logging_mixin.py:117} INFO - [2022-10-04T03:24:27.509+0000] {dag.py:3324} INFO - Setting next_dagrun for example_trigger_controller_dag to 2021-01-01T00:00:00+00:00, run_after=2021-01-01T00:00:00+00:00
[2022-10-04T03:24:27.532+0000] {processor.py:178} INFO - Processing /usr/local/lib/python3.10/dist-packages/airflow/example_dags/example_trigger_controller_dag.py took 0.078 seconds
[2022-10-04T03:25:06.862+0000] {processor.py:156} INFO - Started process (PID=9083) to work on /usr/local/lib/python3.10/dist-packages/airflow/example_dags/example_trigger_controller_dag.py
[2022-10-04T03:25:06.864+0000] {processor.py:758} INFO - Processing file /usr/local/lib/python3.10/dist-packages/airflow/example_dags/example_trigger_controller_dag.py for tasks to queue
[2022-10-04T03:25:06.864+0000] {logging_mixin.py:117} INFO - [2022-10-04T03:25:06.864+0000] {dagbag.py:525} INFO - Filling up the DagBag from /usr/local/lib/python3.10/dist-packages/airflow/example_dags/example_trigger_controller_dag.py
[2022-10-04T03:25:06.875+0000] {processor.py:768} INFO - DAG(s) dict_keys(['example_trigger_controller_dag']) retrieved from /usr/local/lib/python3.10/dist-packages/airflow/example_dags/example_trigger_controller_dag.py
[2022-10-04T03:25:06.897+0000] {logging_mixin.py:117} INFO - [2022-10-04T03:25:06.896+0000] {dag.py:2573} INFO - Sync 1 DAGs
[2022-10-04T03:25:06.913+0000] {logging_mixin.py:117} INFO - [2022-10-04T03:25:06.912+0000] {dag.py:3324} INFO - Setting next_dagrun for example_trigger_controller_dag to 2021-01-01T00:00:00+00:00, run_after=2021-01-01T00:00:00+00:00
[2022-10-04T03:25:06.934+0000] {processor.py:178} INFO - Processing /usr/local/lib/python3.10/dist-packages/airflow/example_dags/example_trigger_controller_dag.py took 0.074 seconds
[2022-10-04T03:26:20.936+0000] {processor.py:156} INFO - Started process (PID=9165) to work on /usr/local/lib/python3.10/dist-packages/airflow/example_dags/example_trigger_controller_dag.py
[2022-10-04T03:26:20.937+0000] {processor.py:758} INFO - Processing file /usr/local/lib/python3.10/dist-packages/airflow/example_dags/example_trigger_controller_dag.py for tasks to queue
[2022-10-04T03:26:20.938+0000] {logging_mixin.py:117} INFO - [2022-10-04T03:26:20.938+0000] {dagbag.py:525} INFO - Filling up the DagBag from /usr/local/lib/python3.10/dist-packages/airflow/example_dags/example_trigger_controller_dag.py
[2022-10-04T03:26:20.949+0000] {processor.py:768} INFO - DAG(s) dict_keys(['example_trigger_controller_dag']) retrieved from /usr/local/lib/python3.10/dist-packages/airflow/example_dags/example_trigger_controller_dag.py
[2022-10-04T03:26:20.961+0000] {logging_mixin.py:117} INFO - [2022-10-04T03:26:20.961+0000] {dag.py:2573} INFO - Sync 1 DAGs
[2022-10-04T03:26:20.982+0000] {logging_mixin.py:117} INFO - [2022-10-04T03:26:20.982+0000] {dag.py:3324} INFO - Setting next_dagrun for example_trigger_controller_dag to 2021-01-01T00:00:00+00:00, run_after=2021-01-01T00:00:00+00:00
[2022-10-04T03:26:21.007+0000] {processor.py:178} INFO - Processing /usr/local/lib/python3.10/dist-packages/airflow/example_dags/example_trigger_controller_dag.py took 0.074 seconds
[2022-10-04T03:30:29.410+0000] {processor.py:156} INFO - Started process (PID=9263) to work on /usr/local/lib/python3.10/dist-packages/airflow/example_dags/example_trigger_controller_dag.py
[2022-10-04T03:30:29.411+0000] {processor.py:758} INFO - Processing file /usr/local/lib/python3.10/dist-packages/airflow/example_dags/example_trigger_controller_dag.py for tasks to queue
[2022-10-04T03:30:29.412+0000] {logging_mixin.py:117} INFO - [2022-10-04T03:30:29.412+0000] {dagbag.py:525} INFO - Filling up the DagBag from /usr/local/lib/python3.10/dist-packages/airflow/example_dags/example_trigger_controller_dag.py
[2022-10-04T03:30:29.422+0000] {processor.py:768} INFO - DAG(s) dict_keys(['example_trigger_controller_dag']) retrieved from /usr/local/lib/python3.10/dist-packages/airflow/example_dags/example_trigger_controller_dag.py
[2022-10-04T03:30:29.434+0000] {logging_mixin.py:117} INFO - [2022-10-04T03:30:29.434+0000] {dag.py:2573} INFO - Sync 1 DAGs
[2022-10-04T03:30:29.457+0000] {logging_mixin.py:117} INFO - [2022-10-04T03:30:29.456+0000] {dag.py:3324} INFO - Setting next_dagrun for example_trigger_controller_dag to 2021-01-01T00:00:00+00:00, run_after=2021-01-01T00:00:00+00:00
[2022-10-04T03:30:29.477+0000] {processor.py:178} INFO - Processing /usr/local/lib/python3.10/dist-packages/airflow/example_dags/example_trigger_controller_dag.py took 0.069 seconds
[2022-10-04T03:31:08.500+0000] {processor.py:156} INFO - Started process (PID=9304) to work on /usr/local/lib/python3.10/dist-packages/airflow/example_dags/example_trigger_controller_dag.py
[2022-10-04T03:31:08.501+0000] {processor.py:758} INFO - Processing file /usr/local/lib/python3.10/dist-packages/airflow/example_dags/example_trigger_controller_dag.py for tasks to queue
[2022-10-04T03:31:08.501+0000] {logging_mixin.py:117} INFO - [2022-10-04T03:31:08.501+0000] {dagbag.py:525} INFO - Filling up the DagBag from /usr/local/lib/python3.10/dist-packages/airflow/example_dags/example_trigger_controller_dag.py
[2022-10-04T03:31:08.512+0000] {processor.py:768} INFO - DAG(s) dict_keys(['example_trigger_controller_dag']) retrieved from /usr/local/lib/python3.10/dist-packages/airflow/example_dags/example_trigger_controller_dag.py
[2022-10-04T03:31:08.536+0000] {logging_mixin.py:117} INFO - [2022-10-04T03:31:08.536+0000] {dag.py:2573} INFO - Sync 1 DAGs
[2022-10-04T03:31:08.553+0000] {logging_mixin.py:117} INFO - [2022-10-04T03:31:08.553+0000] {dag.py:3324} INFO - Setting next_dagrun for example_trigger_controller_dag to 2021-01-01T00:00:00+00:00, run_after=2021-01-01T00:00:00+00:00
[2022-10-04T03:31:08.574+0000] {processor.py:178} INFO - Processing /usr/local/lib/python3.10/dist-packages/airflow/example_dags/example_trigger_controller_dag.py took 0.077 seconds
[2022-10-04T03:31:49.071+0000] {processor.py:156} INFO - Started process (PID=9359) to work on /usr/local/lib/python3.10/dist-packages/airflow/example_dags/example_trigger_controller_dag.py
[2022-10-04T03:31:49.073+0000] {processor.py:758} INFO - Processing file /usr/local/lib/python3.10/dist-packages/airflow/example_dags/example_trigger_controller_dag.py for tasks to queue
[2022-10-04T03:31:49.073+0000] {logging_mixin.py:117} INFO - [2022-10-04T03:31:49.073+0000] {dagbag.py:525} INFO - Filling up the DagBag from /usr/local/lib/python3.10/dist-packages/airflow/example_dags/example_trigger_controller_dag.py
[2022-10-04T03:31:49.085+0000] {processor.py:768} INFO - DAG(s) dict_keys(['example_trigger_controller_dag']) retrieved from /usr/local/lib/python3.10/dist-packages/airflow/example_dags/example_trigger_controller_dag.py
[2022-10-04T03:31:49.113+0000] {logging_mixin.py:117} INFO - [2022-10-04T03:31:49.113+0000] {dag.py:2573} INFO - Sync 1 DAGs
[2022-10-04T03:31:49.131+0000] {logging_mixin.py:117} INFO - [2022-10-04T03:31:49.131+0000] {dag.py:3324} INFO - Setting next_dagrun for example_trigger_controller_dag to 2021-01-01T00:00:00+00:00, run_after=2021-01-01T00:00:00+00:00
[2022-10-04T03:31:49.153+0000] {processor.py:178} INFO - Processing /usr/local/lib/python3.10/dist-packages/airflow/example_dags/example_trigger_controller_dag.py took 0.084 seconds
[2022-10-04T03:32:25.965+0000] {processor.py:156} INFO - Started process (PID=9399) to work on /usr/local/lib/python3.10/dist-packages/airflow/example_dags/example_trigger_controller_dag.py
[2022-10-04T03:32:25.966+0000] {processor.py:758} INFO - Processing file /usr/local/lib/python3.10/dist-packages/airflow/example_dags/example_trigger_controller_dag.py for tasks to queue
[2022-10-04T03:32:25.966+0000] {logging_mixin.py:117} INFO - [2022-10-04T03:32:25.966+0000] {dagbag.py:525} INFO - Filling up the DagBag from /usr/local/lib/python3.10/dist-packages/airflow/example_dags/example_trigger_controller_dag.py
[2022-10-04T03:32:25.977+0000] {processor.py:768} INFO - DAG(s) dict_keys(['example_trigger_controller_dag']) retrieved from /usr/local/lib/python3.10/dist-packages/airflow/example_dags/example_trigger_controller_dag.py
[2022-10-04T03:32:26.002+0000] {logging_mixin.py:117} INFO - [2022-10-04T03:32:26.002+0000] {dag.py:2573} INFO - Sync 1 DAGs
[2022-10-04T03:32:26.020+0000] {logging_mixin.py:117} INFO - [2022-10-04T03:32:26.020+0000] {dag.py:3324} INFO - Setting next_dagrun for example_trigger_controller_dag to 2021-01-01T00:00:00+00:00, run_after=2021-01-01T00:00:00+00:00
[2022-10-04T03:32:26.041+0000] {processor.py:178} INFO - Processing /usr/local/lib/python3.10/dist-packages/airflow/example_dags/example_trigger_controller_dag.py took 0.079 seconds
[2022-10-04T03:33:02.656+0000] {processor.py:156} INFO - Started process (PID=9437) to work on /usr/local/lib/python3.10/dist-packages/airflow/example_dags/example_trigger_controller_dag.py
[2022-10-04T03:33:02.657+0000] {processor.py:758} INFO - Processing file /usr/local/lib/python3.10/dist-packages/airflow/example_dags/example_trigger_controller_dag.py for tasks to queue
[2022-10-04T03:33:02.658+0000] {logging_mixin.py:117} INFO - [2022-10-04T03:33:02.658+0000] {dagbag.py:525} INFO - Filling up the DagBag from /usr/local/lib/python3.10/dist-packages/airflow/example_dags/example_trigger_controller_dag.py
[2022-10-04T03:33:02.674+0000] {processor.py:768} INFO - DAG(s) dict_keys(['example_trigger_controller_dag']) retrieved from /usr/local/lib/python3.10/dist-packages/airflow/example_dags/example_trigger_controller_dag.py
[2022-10-04T03:33:02.715+0000] {logging_mixin.py:117} INFO - [2022-10-04T03:33:02.714+0000] {dag.py:2573} INFO - Sync 1 DAGs
[2022-10-04T03:33:02.735+0000] {logging_mixin.py:117} INFO - [2022-10-04T03:33:02.735+0000] {dag.py:3324} INFO - Setting next_dagrun for example_trigger_controller_dag to 2021-01-01T00:00:00+00:00, run_after=2021-01-01T00:00:00+00:00
[2022-10-04T03:33:02.778+0000] {processor.py:178} INFO - Processing /usr/local/lib/python3.10/dist-packages/airflow/example_dags/example_trigger_controller_dag.py took 0.125 seconds
[2022-10-04T03:33:41.652+0000] {processor.py:156} INFO - Started process (PID=9479) to work on /usr/local/lib/python3.10/dist-packages/airflow/example_dags/example_trigger_controller_dag.py
[2022-10-04T03:33:41.653+0000] {processor.py:758} INFO - Processing file /usr/local/lib/python3.10/dist-packages/airflow/example_dags/example_trigger_controller_dag.py for tasks to queue
[2022-10-04T03:33:41.654+0000] {logging_mixin.py:117} INFO - [2022-10-04T03:33:41.653+0000] {dagbag.py:525} INFO - Filling up the DagBag from /usr/local/lib/python3.10/dist-packages/airflow/example_dags/example_trigger_controller_dag.py
[2022-10-04T03:33:41.667+0000] {processor.py:768} INFO - DAG(s) dict_keys(['example_trigger_controller_dag']) retrieved from /usr/local/lib/python3.10/dist-packages/airflow/example_dags/example_trigger_controller_dag.py
[2022-10-04T03:33:41.694+0000] {logging_mixin.py:117} INFO - [2022-10-04T03:33:41.694+0000] {dag.py:2573} INFO - Sync 1 DAGs
[2022-10-04T03:33:41.722+0000] {logging_mixin.py:117} INFO - [2022-10-04T03:33:41.721+0000] {dag.py:3324} INFO - Setting next_dagrun for example_trigger_controller_dag to 2021-01-01T00:00:00+00:00, run_after=2021-01-01T00:00:00+00:00
[2022-10-04T03:33:41.747+0000] {processor.py:178} INFO - Processing /usr/local/lib/python3.10/dist-packages/airflow/example_dags/example_trigger_controller_dag.py took 0.098 seconds
[2022-10-04T03:34:18.728+0000] {processor.py:156} INFO - Started process (PID=9519) to work on /usr/local/lib/python3.10/dist-packages/airflow/example_dags/example_trigger_controller_dag.py
[2022-10-04T03:34:18.730+0000] {processor.py:758} INFO - Processing file /usr/local/lib/python3.10/dist-packages/airflow/example_dags/example_trigger_controller_dag.py for tasks to queue
[2022-10-04T03:34:18.730+0000] {logging_mixin.py:117} INFO - [2022-10-04T03:34:18.730+0000] {dagbag.py:525} INFO - Filling up the DagBag from /usr/local/lib/python3.10/dist-packages/airflow/example_dags/example_trigger_controller_dag.py
[2022-10-04T03:34:18.741+0000] {processor.py:768} INFO - DAG(s) dict_keys(['example_trigger_controller_dag']) retrieved from /usr/local/lib/python3.10/dist-packages/airflow/example_dags/example_trigger_controller_dag.py
[2022-10-04T03:34:18.764+0000] {logging_mixin.py:117} INFO - [2022-10-04T03:34:18.764+0000] {dag.py:2573} INFO - Sync 1 DAGs
[2022-10-04T03:34:18.784+0000] {logging_mixin.py:117} INFO - [2022-10-04T03:34:18.784+0000] {dag.py:3324} INFO - Setting next_dagrun for example_trigger_controller_dag to 2021-01-01T00:00:00+00:00, run_after=2021-01-01T00:00:00+00:00
[2022-10-04T03:34:18.814+0000] {processor.py:178} INFO - Processing /usr/local/lib/python3.10/dist-packages/airflow/example_dags/example_trigger_controller_dag.py took 0.088 seconds
[2022-10-04T03:46:20.905+0000] {processor.py:156} INFO - Started process (PID=978) to work on /usr/local/lib/python3.10/dist-packages/airflow/example_dags/example_trigger_controller_dag.py
[2022-10-04T03:46:20.907+0000] {processor.py:758} INFO - Processing file /usr/local/lib/python3.10/dist-packages/airflow/example_dags/example_trigger_controller_dag.py for tasks to queue
[2022-10-04T03:46:20.907+0000] {logging_mixin.py:117} INFO - [2022-10-04T03:46:20.907+0000] {dagbag.py:525} INFO - Filling up the DagBag from /usr/local/lib/python3.10/dist-packages/airflow/example_dags/example_trigger_controller_dag.py
[2022-10-04T03:46:20.918+0000] {processor.py:768} INFO - DAG(s) dict_keys(['example_trigger_controller_dag']) retrieved from /usr/local/lib/python3.10/dist-packages/airflow/example_dags/example_trigger_controller_dag.py
[2022-10-04T03:46:20.930+0000] {logging_mixin.py:117} INFO - [2022-10-04T03:46:20.930+0000] {dag.py:2573} INFO - Sync 1 DAGs
[2022-10-04T03:46:20.951+0000] {logging_mixin.py:117} INFO - [2022-10-04T03:46:20.950+0000] {dag.py:3324} INFO - Setting next_dagrun for example_trigger_controller_dag to 2021-01-01T00:00:00+00:00, run_after=2021-01-01T00:00:00+00:00
[2022-10-04T03:46:20.973+0000] {processor.py:178} INFO - Processing /usr/local/lib/python3.10/dist-packages/airflow/example_dags/example_trigger_controller_dag.py took 0.070 seconds
[2022-10-04T03:47:00.589+0000] {processor.py:156} INFO - Started process (PID=1021) to work on /usr/local/lib/python3.10/dist-packages/airflow/example_dags/example_trigger_controller_dag.py
[2022-10-04T03:47:00.590+0000] {processor.py:758} INFO - Processing file /usr/local/lib/python3.10/dist-packages/airflow/example_dags/example_trigger_controller_dag.py for tasks to queue
[2022-10-04T03:47:00.590+0000] {logging_mixin.py:117} INFO - [2022-10-04T03:47:00.590+0000] {dagbag.py:525} INFO - Filling up the DagBag from /usr/local/lib/python3.10/dist-packages/airflow/example_dags/example_trigger_controller_dag.py
[2022-10-04T03:47:00.601+0000] {processor.py:768} INFO - DAG(s) dict_keys(['example_trigger_controller_dag']) retrieved from /usr/local/lib/python3.10/dist-packages/airflow/example_dags/example_trigger_controller_dag.py
[2022-10-04T03:47:00.628+0000] {logging_mixin.py:117} INFO - [2022-10-04T03:47:00.627+0000] {dag.py:2573} INFO - Sync 1 DAGs
[2022-10-04T03:47:00.660+0000] {logging_mixin.py:117} INFO - [2022-10-04T03:47:00.660+0000] {dag.py:3324} INFO - Setting next_dagrun for example_trigger_controller_dag to 2021-01-01T00:00:00+00:00, run_after=2021-01-01T00:00:00+00:00
[2022-10-04T03:47:00.682+0000] {processor.py:178} INFO - Processing /usr/local/lib/python3.10/dist-packages/airflow/example_dags/example_trigger_controller_dag.py took 0.097 seconds
[2022-10-04T03:47:40.132+0000] {processor.py:156} INFO - Started process (PID=1127) to work on /usr/local/lib/python3.10/dist-packages/airflow/example_dags/example_trigger_controller_dag.py
[2022-10-04T03:47:40.133+0000] {processor.py:758} INFO - Processing file /usr/local/lib/python3.10/dist-packages/airflow/example_dags/example_trigger_controller_dag.py for tasks to queue
[2022-10-04T03:47:40.134+0000] {logging_mixin.py:117} INFO - [2022-10-04T03:47:40.134+0000] {dagbag.py:525} INFO - Filling up the DagBag from /usr/local/lib/python3.10/dist-packages/airflow/example_dags/example_trigger_controller_dag.py
[2022-10-04T03:47:40.147+0000] {processor.py:768} INFO - DAG(s) dict_keys(['example_trigger_controller_dag']) retrieved from /usr/local/lib/python3.10/dist-packages/airflow/example_dags/example_trigger_controller_dag.py
[2022-10-04T03:47:40.176+0000] {logging_mixin.py:117} INFO - [2022-10-04T03:47:40.176+0000] {dag.py:2573} INFO - Sync 1 DAGs
[2022-10-04T03:47:40.195+0000] {logging_mixin.py:117} INFO - [2022-10-04T03:47:40.195+0000] {dag.py:3324} INFO - Setting next_dagrun for example_trigger_controller_dag to 2021-01-01T00:00:00+00:00, run_after=2021-01-01T00:00:00+00:00
[2022-10-04T03:47:40.220+0000] {processor.py:178} INFO - Processing /usr/local/lib/python3.10/dist-packages/airflow/example_dags/example_trigger_controller_dag.py took 0.094 seconds
[2022-10-04T03:48:18.170+0000] {processor.py:156} INFO - Started process (PID=1165) to work on /usr/local/lib/python3.10/dist-packages/airflow/example_dags/example_trigger_controller_dag.py
[2022-10-04T03:48:18.171+0000] {processor.py:758} INFO - Processing file /usr/local/lib/python3.10/dist-packages/airflow/example_dags/example_trigger_controller_dag.py for tasks to queue
[2022-10-04T03:48:18.171+0000] {logging_mixin.py:117} INFO - [2022-10-04T03:48:18.171+0000] {dagbag.py:525} INFO - Filling up the DagBag from /usr/local/lib/python3.10/dist-packages/airflow/example_dags/example_trigger_controller_dag.py
[2022-10-04T03:48:18.184+0000] {processor.py:768} INFO - DAG(s) dict_keys(['example_trigger_controller_dag']) retrieved from /usr/local/lib/python3.10/dist-packages/airflow/example_dags/example_trigger_controller_dag.py
[2022-10-04T03:48:18.216+0000] {logging_mixin.py:117} INFO - [2022-10-04T03:48:18.216+0000] {dag.py:2573} INFO - Sync 1 DAGs
[2022-10-04T03:48:18.245+0000] {logging_mixin.py:117} INFO - [2022-10-04T03:48:18.242+0000] {dag.py:3324} INFO - Setting next_dagrun for example_trigger_controller_dag to 2021-01-01T00:00:00+00:00, run_after=2021-01-01T00:00:00+00:00
[2022-10-04T03:48:18.274+0000] {processor.py:178} INFO - Processing /usr/local/lib/python3.10/dist-packages/airflow/example_dags/example_trigger_controller_dag.py took 0.107 seconds
[2022-10-04T03:49:00.455+0000] {processor.py:156} INFO - Started process (PID=1207) to work on /usr/local/lib/python3.10/dist-packages/airflow/example_dags/example_trigger_controller_dag.py
[2022-10-04T03:49:00.456+0000] {processor.py:758} INFO - Processing file /usr/local/lib/python3.10/dist-packages/airflow/example_dags/example_trigger_controller_dag.py for tasks to queue
[2022-10-04T03:49:00.457+0000] {logging_mixin.py:117} INFO - [2022-10-04T03:49:00.457+0000] {dagbag.py:525} INFO - Filling up the DagBag from /usr/local/lib/python3.10/dist-packages/airflow/example_dags/example_trigger_controller_dag.py
[2022-10-04T03:49:00.471+0000] {processor.py:768} INFO - DAG(s) dict_keys(['example_trigger_controller_dag']) retrieved from /usr/local/lib/python3.10/dist-packages/airflow/example_dags/example_trigger_controller_dag.py
[2022-10-04T03:49:00.500+0000] {logging_mixin.py:117} INFO - [2022-10-04T03:49:00.500+0000] {dag.py:2573} INFO - Sync 1 DAGs
[2022-10-04T03:49:00.521+0000] {logging_mixin.py:117} INFO - [2022-10-04T03:49:00.521+0000] {dag.py:3324} INFO - Setting next_dagrun for example_trigger_controller_dag to 2021-01-01T00:00:00+00:00, run_after=2021-01-01T00:00:00+00:00
[2022-10-04T03:49:00.546+0000] {processor.py:178} INFO - Processing /usr/local/lib/python3.10/dist-packages/airflow/example_dags/example_trigger_controller_dag.py took 0.099 seconds
[2022-10-04T03:49:43.133+0000] {processor.py:156} INFO - Started process (PID=1253) to work on /usr/local/lib/python3.10/dist-packages/airflow/example_dags/example_trigger_controller_dag.py
[2022-10-04T03:49:43.134+0000] {processor.py:758} INFO - Processing file /usr/local/lib/python3.10/dist-packages/airflow/example_dags/example_trigger_controller_dag.py for tasks to queue
[2022-10-04T03:49:43.135+0000] {logging_mixin.py:117} INFO - [2022-10-04T03:49:43.134+0000] {dagbag.py:525} INFO - Filling up the DagBag from /usr/local/lib/python3.10/dist-packages/airflow/example_dags/example_trigger_controller_dag.py
[2022-10-04T03:49:43.146+0000] {processor.py:768} INFO - DAG(s) dict_keys(['example_trigger_controller_dag']) retrieved from /usr/local/lib/python3.10/dist-packages/airflow/example_dags/example_trigger_controller_dag.py
[2022-10-04T03:49:43.158+0000] {logging_mixin.py:117} INFO - [2022-10-04T03:49:43.158+0000] {dag.py:2573} INFO - Sync 1 DAGs
[2022-10-04T03:49:43.184+0000] {logging_mixin.py:117} INFO - [2022-10-04T03:49:43.183+0000] {dag.py:3324} INFO - Setting next_dagrun for example_trigger_controller_dag to 2021-01-01T00:00:00+00:00, run_after=2021-01-01T00:00:00+00:00
[2022-10-04T03:49:43.207+0000] {processor.py:178} INFO - Processing /usr/local/lib/python3.10/dist-packages/airflow/example_dags/example_trigger_controller_dag.py took 0.077 seconds
[2022-10-04T03:50:26.526+0000] {processor.py:156} INFO - Started process (PID=1294) to work on /usr/local/lib/python3.10/dist-packages/airflow/example_dags/example_trigger_controller_dag.py
[2022-10-04T03:50:26.527+0000] {processor.py:758} INFO - Processing file /usr/local/lib/python3.10/dist-packages/airflow/example_dags/example_trigger_controller_dag.py for tasks to queue
[2022-10-04T03:50:26.528+0000] {logging_mixin.py:117} INFO - [2022-10-04T03:50:26.528+0000] {dagbag.py:525} INFO - Filling up the DagBag from /usr/local/lib/python3.10/dist-packages/airflow/example_dags/example_trigger_controller_dag.py
[2022-10-04T03:50:26.539+0000] {processor.py:768} INFO - DAG(s) dict_keys(['example_trigger_controller_dag']) retrieved from /usr/local/lib/python3.10/dist-packages/airflow/example_dags/example_trigger_controller_dag.py
[2022-10-04T03:50:26.565+0000] {logging_mixin.py:117} INFO - [2022-10-04T03:50:26.565+0000] {dag.py:2573} INFO - Sync 1 DAGs
[2022-10-04T03:50:26.582+0000] {logging_mixin.py:117} INFO - [2022-10-04T03:50:26.582+0000] {dag.py:3324} INFO - Setting next_dagrun for example_trigger_controller_dag to 2021-01-01T00:00:00+00:00, run_after=2021-01-01T00:00:00+00:00
[2022-10-04T03:50:26.604+0000] {processor.py:178} INFO - Processing /usr/local/lib/python3.10/dist-packages/airflow/example_dags/example_trigger_controller_dag.py took 0.081 seconds
[2022-10-04T03:51:04.832+0000] {processor.py:156} INFO - Started process (PID=1339) to work on /usr/local/lib/python3.10/dist-packages/airflow/example_dags/example_trigger_controller_dag.py
[2022-10-04T03:51:04.833+0000] {processor.py:758} INFO - Processing file /usr/local/lib/python3.10/dist-packages/airflow/example_dags/example_trigger_controller_dag.py for tasks to queue
[2022-10-04T03:51:04.834+0000] {logging_mixin.py:117} INFO - [2022-10-04T03:51:04.833+0000] {dagbag.py:525} INFO - Filling up the DagBag from /usr/local/lib/python3.10/dist-packages/airflow/example_dags/example_trigger_controller_dag.py
[2022-10-04T03:51:04.859+0000] {processor.py:768} INFO - DAG(s) dict_keys(['example_trigger_controller_dag']) retrieved from /usr/local/lib/python3.10/dist-packages/airflow/example_dags/example_trigger_controller_dag.py
[2022-10-04T03:51:04.920+0000] {logging_mixin.py:117} INFO - [2022-10-04T03:51:04.920+0000] {dag.py:2573} INFO - Sync 1 DAGs
[2022-10-04T03:51:04.962+0000] {logging_mixin.py:117} INFO - [2022-10-04T03:51:04.961+0000] {dag.py:3324} INFO - Setting next_dagrun for example_trigger_controller_dag to 2021-01-01T00:00:00+00:00, run_after=2021-01-01T00:00:00+00:00
[2022-10-04T03:51:05.006+0000] {processor.py:178} INFO - Processing /usr/local/lib/python3.10/dist-packages/airflow/example_dags/example_trigger_controller_dag.py took 0.181 seconds
[2022-10-04T03:51:43.565+0000] {processor.py:156} INFO - Started process (PID=1375) to work on /usr/local/lib/python3.10/dist-packages/airflow/example_dags/example_trigger_controller_dag.py
[2022-10-04T03:51:43.566+0000] {processor.py:758} INFO - Processing file /usr/local/lib/python3.10/dist-packages/airflow/example_dags/example_trigger_controller_dag.py for tasks to queue
[2022-10-04T03:51:43.567+0000] {logging_mixin.py:117} INFO - [2022-10-04T03:51:43.566+0000] {dagbag.py:525} INFO - Filling up the DagBag from /usr/local/lib/python3.10/dist-packages/airflow/example_dags/example_trigger_controller_dag.py
[2022-10-04T03:51:43.579+0000] {processor.py:768} INFO - DAG(s) dict_keys(['example_trigger_controller_dag']) retrieved from /usr/local/lib/python3.10/dist-packages/airflow/example_dags/example_trigger_controller_dag.py
[2022-10-04T03:51:43.605+0000] {logging_mixin.py:117} INFO - [2022-10-04T03:51:43.605+0000] {dag.py:2573} INFO - Sync 1 DAGs
[2022-10-04T03:51:43.623+0000] {logging_mixin.py:117} INFO - [2022-10-04T03:51:43.622+0000] {dag.py:3324} INFO - Setting next_dagrun for example_trigger_controller_dag to 2021-01-01T00:00:00+00:00, run_after=2021-01-01T00:00:00+00:00
[2022-10-04T03:51:43.644+0000] {processor.py:178} INFO - Processing /usr/local/lib/python3.10/dist-packages/airflow/example_dags/example_trigger_controller_dag.py took 0.083 seconds
[2022-10-04T03:52:22.502+0000] {processor.py:156} INFO - Started process (PID=1414) to work on /usr/local/lib/python3.10/dist-packages/airflow/example_dags/example_trigger_controller_dag.py
[2022-10-04T03:52:22.503+0000] {processor.py:758} INFO - Processing file /usr/local/lib/python3.10/dist-packages/airflow/example_dags/example_trigger_controller_dag.py for tasks to queue
[2022-10-04T03:52:22.503+0000] {logging_mixin.py:117} INFO - [2022-10-04T03:52:22.503+0000] {dagbag.py:525} INFO - Filling up the DagBag from /usr/local/lib/python3.10/dist-packages/airflow/example_dags/example_trigger_controller_dag.py
[2022-10-04T03:52:22.515+0000] {processor.py:768} INFO - DAG(s) dict_keys(['example_trigger_controller_dag']) retrieved from /usr/local/lib/python3.10/dist-packages/airflow/example_dags/example_trigger_controller_dag.py
[2022-10-04T03:52:22.540+0000] {logging_mixin.py:117} INFO - [2022-10-04T03:52:22.540+0000] {dag.py:2573} INFO - Sync 1 DAGs
[2022-10-04T03:52:22.558+0000] {logging_mixin.py:117} INFO - [2022-10-04T03:52:22.558+0000] {dag.py:3324} INFO - Setting next_dagrun for example_trigger_controller_dag to 2021-01-01T00:00:00+00:00, run_after=2021-01-01T00:00:00+00:00
[2022-10-04T03:52:22.581+0000] {processor.py:178} INFO - Processing /usr/local/lib/python3.10/dist-packages/airflow/example_dags/example_trigger_controller_dag.py took 0.082 seconds
[2022-10-04T03:53:00.021+0000] {processor.py:156} INFO - Started process (PID=1449) to work on /usr/local/lib/python3.10/dist-packages/airflow/example_dags/example_trigger_controller_dag.py
[2022-10-04T03:53:00.022+0000] {processor.py:758} INFO - Processing file /usr/local/lib/python3.10/dist-packages/airflow/example_dags/example_trigger_controller_dag.py for tasks to queue
[2022-10-04T03:53:00.023+0000] {logging_mixin.py:117} INFO - [2022-10-04T03:53:00.022+0000] {dagbag.py:525} INFO - Filling up the DagBag from /usr/local/lib/python3.10/dist-packages/airflow/example_dags/example_trigger_controller_dag.py
[2022-10-04T03:53:00.039+0000] {processor.py:768} INFO - DAG(s) dict_keys(['example_trigger_controller_dag']) retrieved from /usr/local/lib/python3.10/dist-packages/airflow/example_dags/example_trigger_controller_dag.py
[2022-10-04T03:53:00.082+0000] {logging_mixin.py:117} INFO - [2022-10-04T03:53:00.082+0000] {dag.py:2573} INFO - Sync 1 DAGs
[2022-10-04T03:53:00.101+0000] {logging_mixin.py:117} INFO - [2022-10-04T03:53:00.101+0000] {dag.py:3324} INFO - Setting next_dagrun for example_trigger_controller_dag to 2021-01-01T00:00:00+00:00, run_after=2021-01-01T00:00:00+00:00
[2022-10-04T03:53:00.128+0000] {processor.py:178} INFO - Processing /usr/local/lib/python3.10/dist-packages/airflow/example_dags/example_trigger_controller_dag.py took 0.110 seconds
[2022-10-04T03:53:38.620+0000] {processor.py:156} INFO - Started process (PID=1487) to work on /usr/local/lib/python3.10/dist-packages/airflow/example_dags/example_trigger_controller_dag.py
[2022-10-04T03:53:38.621+0000] {processor.py:758} INFO - Processing file /usr/local/lib/python3.10/dist-packages/airflow/example_dags/example_trigger_controller_dag.py for tasks to queue
[2022-10-04T03:53:38.622+0000] {logging_mixin.py:117} INFO - [2022-10-04T03:53:38.622+0000] {dagbag.py:525} INFO - Filling up the DagBag from /usr/local/lib/python3.10/dist-packages/airflow/example_dags/example_trigger_controller_dag.py
[2022-10-04T03:53:38.633+0000] {processor.py:768} INFO - DAG(s) dict_keys(['example_trigger_controller_dag']) retrieved from /usr/local/lib/python3.10/dist-packages/airflow/example_dags/example_trigger_controller_dag.py
[2022-10-04T03:53:38.662+0000] {logging_mixin.py:117} INFO - [2022-10-04T03:53:38.662+0000] {dag.py:2573} INFO - Sync 1 DAGs
[2022-10-04T03:53:38.681+0000] {logging_mixin.py:117} INFO - [2022-10-04T03:53:38.681+0000] {dag.py:3324} INFO - Setting next_dagrun for example_trigger_controller_dag to 2021-01-01T00:00:00+00:00, run_after=2021-01-01T00:00:00+00:00
[2022-10-04T03:53:38.702+0000] {processor.py:178} INFO - Processing /usr/local/lib/python3.10/dist-packages/airflow/example_dags/example_trigger_controller_dag.py took 0.086 seconds
[2022-10-04T03:54:15.239+0000] {processor.py:156} INFO - Started process (PID=1543) to work on /usr/local/lib/python3.10/dist-packages/airflow/example_dags/example_trigger_controller_dag.py
[2022-10-04T03:54:15.240+0000] {processor.py:758} INFO - Processing file /usr/local/lib/python3.10/dist-packages/airflow/example_dags/example_trigger_controller_dag.py for tasks to queue
[2022-10-04T03:54:15.240+0000] {logging_mixin.py:117} INFO - [2022-10-04T03:54:15.240+0000] {dagbag.py:525} INFO - Filling up the DagBag from /usr/local/lib/python3.10/dist-packages/airflow/example_dags/example_trigger_controller_dag.py
[2022-10-04T03:54:15.252+0000] {processor.py:768} INFO - DAG(s) dict_keys(['example_trigger_controller_dag']) retrieved from /usr/local/lib/python3.10/dist-packages/airflow/example_dags/example_trigger_controller_dag.py
[2022-10-04T03:54:15.279+0000] {logging_mixin.py:117} INFO - [2022-10-04T03:54:15.279+0000] {dag.py:2573} INFO - Sync 1 DAGs
[2022-10-04T03:54:15.304+0000] {logging_mixin.py:117} INFO - [2022-10-04T03:54:15.304+0000] {dag.py:3324} INFO - Setting next_dagrun for example_trigger_controller_dag to 2021-01-01T00:00:00+00:00, run_after=2021-01-01T00:00:00+00:00
[2022-10-04T03:54:15.326+0000] {processor.py:178} INFO - Processing /usr/local/lib/python3.10/dist-packages/airflow/example_dags/example_trigger_controller_dag.py took 0.090 seconds
[2022-10-04T03:54:51.476+0000] {processor.py:156} INFO - Started process (PID=1587) to work on /usr/local/lib/python3.10/dist-packages/airflow/example_dags/example_trigger_controller_dag.py
[2022-10-04T03:54:51.477+0000] {processor.py:758} INFO - Processing file /usr/local/lib/python3.10/dist-packages/airflow/example_dags/example_trigger_controller_dag.py for tasks to queue
[2022-10-04T03:54:51.478+0000] {logging_mixin.py:117} INFO - [2022-10-04T03:54:51.478+0000] {dagbag.py:525} INFO - Filling up the DagBag from /usr/local/lib/python3.10/dist-packages/airflow/example_dags/example_trigger_controller_dag.py
[2022-10-04T03:54:51.496+0000] {processor.py:768} INFO - DAG(s) dict_keys(['example_trigger_controller_dag']) retrieved from /usr/local/lib/python3.10/dist-packages/airflow/example_dags/example_trigger_controller_dag.py
[2022-10-04T03:54:51.511+0000] {logging_mixin.py:117} INFO - [2022-10-04T03:54:51.510+0000] {dag.py:2573} INFO - Sync 1 DAGs
[2022-10-04T03:54:51.532+0000] {logging_mixin.py:117} INFO - [2022-10-04T03:54:51.532+0000] {dag.py:3324} INFO - Setting next_dagrun for example_trigger_controller_dag to 2021-01-01T00:00:00+00:00, run_after=2021-01-01T00:00:00+00:00
[2022-10-04T03:54:51.555+0000] {processor.py:178} INFO - Processing /usr/local/lib/python3.10/dist-packages/airflow/example_dags/example_trigger_controller_dag.py took 0.082 seconds
[2022-10-04T04:35:39.769+0000] {processor.py:156} INFO - Started process (PID=1782) to work on /usr/local/lib/python3.10/dist-packages/airflow/example_dags/example_trigger_controller_dag.py
[2022-10-04T04:35:39.771+0000] {processor.py:758} INFO - Processing file /usr/local/lib/python3.10/dist-packages/airflow/example_dags/example_trigger_controller_dag.py for tasks to queue
[2022-10-04T04:35:39.771+0000] {logging_mixin.py:117} INFO - [2022-10-04T04:35:39.771+0000] {dagbag.py:525} INFO - Filling up the DagBag from /usr/local/lib/python3.10/dist-packages/airflow/example_dags/example_trigger_controller_dag.py
[2022-10-04T04:35:39.782+0000] {processor.py:768} INFO - DAG(s) dict_keys(['example_trigger_controller_dag']) retrieved from /usr/local/lib/python3.10/dist-packages/airflow/example_dags/example_trigger_controller_dag.py
[2022-10-04T04:35:39.795+0000] {logging_mixin.py:117} INFO - [2022-10-04T04:35:39.795+0000] {dag.py:2573} INFO - Sync 1 DAGs
[2022-10-04T04:35:39.815+0000] {logging_mixin.py:117} INFO - [2022-10-04T04:35:39.815+0000] {dag.py:3324} INFO - Setting next_dagrun for example_trigger_controller_dag to 2021-01-01T00:00:00+00:00, run_after=2021-01-01T00:00:00+00:00
[2022-10-04T04:35:39.837+0000] {processor.py:178} INFO - Processing /usr/local/lib/python3.10/dist-packages/airflow/example_dags/example_trigger_controller_dag.py took 0.071 seconds
[2022-10-04T04:37:20.143+0000] {processor.py:156} INFO - Started process (PID=1872) to work on /usr/local/lib/python3.10/dist-packages/airflow/example_dags/example_trigger_controller_dag.py
[2022-10-04T04:37:20.148+0000] {processor.py:758} INFO - Processing file /usr/local/lib/python3.10/dist-packages/airflow/example_dags/example_trigger_controller_dag.py for tasks to queue
[2022-10-04T04:37:20.149+0000] {logging_mixin.py:117} INFO - [2022-10-04T04:37:20.149+0000] {dagbag.py:525} INFO - Filling up the DagBag from /usr/local/lib/python3.10/dist-packages/airflow/example_dags/example_trigger_controller_dag.py
[2022-10-04T04:37:20.170+0000] {processor.py:768} INFO - DAG(s) dict_keys(['example_trigger_controller_dag']) retrieved from /usr/local/lib/python3.10/dist-packages/airflow/example_dags/example_trigger_controller_dag.py
[2022-10-04T04:37:20.208+0000] {logging_mixin.py:117} INFO - [2022-10-04T04:37:20.207+0000] {dag.py:2573} INFO - Sync 1 DAGs
[2022-10-04T04:37:20.238+0000] {logging_mixin.py:117} INFO - [2022-10-04T04:37:20.237+0000] {dag.py:3324} INFO - Setting next_dagrun for example_trigger_controller_dag to 2021-01-01T00:00:00+00:00, run_after=2021-01-01T00:00:00+00:00
[2022-10-04T04:37:20.285+0000] {processor.py:178} INFO - Processing /usr/local/lib/python3.10/dist-packages/airflow/example_dags/example_trigger_controller_dag.py took 0.145 seconds
[2022-10-04T04:43:09.532+0000] {processor.py:156} INFO - Started process (PID=1976) to work on /usr/local/lib/python3.10/dist-packages/airflow/example_dags/example_trigger_controller_dag.py
[2022-10-04T04:43:09.534+0000] {processor.py:758} INFO - Processing file /usr/local/lib/python3.10/dist-packages/airflow/example_dags/example_trigger_controller_dag.py for tasks to queue
[2022-10-04T04:43:09.534+0000] {logging_mixin.py:117} INFO - [2022-10-04T04:43:09.534+0000] {dagbag.py:525} INFO - Filling up the DagBag from /usr/local/lib/python3.10/dist-packages/airflow/example_dags/example_trigger_controller_dag.py
[2022-10-04T04:43:09.565+0000] {processor.py:768} INFO - DAG(s) dict_keys(['example_trigger_controller_dag']) retrieved from /usr/local/lib/python3.10/dist-packages/airflow/example_dags/example_trigger_controller_dag.py
[2022-10-04T04:43:09.586+0000] {logging_mixin.py:117} INFO - [2022-10-04T04:43:09.586+0000] {dag.py:2573} INFO - Sync 1 DAGs
[2022-10-04T04:43:09.621+0000] {logging_mixin.py:117} INFO - [2022-10-04T04:43:09.621+0000] {dag.py:3324} INFO - Setting next_dagrun for example_trigger_controller_dag to 2021-01-01T00:00:00+00:00, run_after=2021-01-01T00:00:00+00:00
[2022-10-04T04:43:09.654+0000] {processor.py:178} INFO - Processing /usr/local/lib/python3.10/dist-packages/airflow/example_dags/example_trigger_controller_dag.py took 0.126 seconds
[2022-10-04T04:45:54.847+0000] {processor.py:156} INFO - Started process (PID=2001) to work on /usr/local/lib/python3.10/dist-packages/airflow/example_dags/example_trigger_controller_dag.py
[2022-10-04T04:45:54.849+0000] {processor.py:758} INFO - Processing file /usr/local/lib/python3.10/dist-packages/airflow/example_dags/example_trigger_controller_dag.py for tasks to queue
[2022-10-04T04:45:54.849+0000] {logging_mixin.py:117} INFO - [2022-10-04T04:45:54.849+0000] {dagbag.py:525} INFO - Filling up the DagBag from /usr/local/lib/python3.10/dist-packages/airflow/example_dags/example_trigger_controller_dag.py
[2022-10-04T04:45:54.854+0000] {processor.py:768} INFO - DAG(s) dict_keys(['example_trigger_controller_dag']) retrieved from /usr/local/lib/python3.10/dist-packages/airflow/example_dags/example_trigger_controller_dag.py
[2022-10-04T04:45:54.875+0000] {logging_mixin.py:117} INFO - [2022-10-04T04:45:54.875+0000] {dag.py:2573} INFO - Sync 1 DAGs
[2022-10-04T04:45:54.892+0000] {logging_mixin.py:117} INFO - [2022-10-04T04:45:54.892+0000] {dag.py:3324} INFO - Setting next_dagrun for example_trigger_controller_dag to 2021-01-01T00:00:00+00:00, run_after=2021-01-01T00:00:00+00:00
[2022-10-04T04:45:54.914+0000] {processor.py:178} INFO - Processing /usr/local/lib/python3.10/dist-packages/airflow/example_dags/example_trigger_controller_dag.py took 0.069 seconds
[2022-10-04T04:46:31.251+0000] {processor.py:156} INFO - Started process (PID=2039) to work on /usr/local/lib/python3.10/dist-packages/airflow/example_dags/example_trigger_controller_dag.py
[2022-10-04T04:46:31.252+0000] {processor.py:758} INFO - Processing file /usr/local/lib/python3.10/dist-packages/airflow/example_dags/example_trigger_controller_dag.py for tasks to queue
[2022-10-04T04:46:31.253+0000] {logging_mixin.py:117} INFO - [2022-10-04T04:46:31.253+0000] {dagbag.py:525} INFO - Filling up the DagBag from /usr/local/lib/python3.10/dist-packages/airflow/example_dags/example_trigger_controller_dag.py
[2022-10-04T04:46:31.258+0000] {processor.py:768} INFO - DAG(s) dict_keys(['example_trigger_controller_dag']) retrieved from /usr/local/lib/python3.10/dist-packages/airflow/example_dags/example_trigger_controller_dag.py
[2022-10-04T04:46:31.282+0000] {logging_mixin.py:117} INFO - [2022-10-04T04:46:31.282+0000] {dag.py:2573} INFO - Sync 1 DAGs
[2022-10-04T04:46:31.297+0000] {logging_mixin.py:117} INFO - [2022-10-04T04:46:31.297+0000] {dag.py:3324} INFO - Setting next_dagrun for example_trigger_controller_dag to 2021-01-01T00:00:00+00:00, run_after=2021-01-01T00:00:00+00:00
[2022-10-04T04:46:31.318+0000] {processor.py:178} INFO - Processing /usr/local/lib/python3.10/dist-packages/airflow/example_dags/example_trigger_controller_dag.py took 0.070 seconds
[2022-10-04T04:47:10.133+0000] {processor.py:156} INFO - Started process (PID=2077) to work on /usr/local/lib/python3.10/dist-packages/airflow/example_dags/example_trigger_controller_dag.py
[2022-10-04T04:47:10.135+0000] {processor.py:758} INFO - Processing file /usr/local/lib/python3.10/dist-packages/airflow/example_dags/example_trigger_controller_dag.py for tasks to queue
[2022-10-04T04:47:10.135+0000] {logging_mixin.py:117} INFO - [2022-10-04T04:47:10.135+0000] {dagbag.py:525} INFO - Filling up the DagBag from /usr/local/lib/python3.10/dist-packages/airflow/example_dags/example_trigger_controller_dag.py
[2022-10-04T04:47:10.140+0000] {processor.py:768} INFO - DAG(s) dict_keys(['example_trigger_controller_dag']) retrieved from /usr/local/lib/python3.10/dist-packages/airflow/example_dags/example_trigger_controller_dag.py
[2022-10-04T04:47:10.161+0000] {logging_mixin.py:117} INFO - [2022-10-04T04:47:10.160+0000] {dag.py:2573} INFO - Sync 1 DAGs
[2022-10-04T04:47:10.175+0000] {logging_mixin.py:117} INFO - [2022-10-04T04:47:10.175+0000] {dag.py:3324} INFO - Setting next_dagrun for example_trigger_controller_dag to 2021-01-01T00:00:00+00:00, run_after=2021-01-01T00:00:00+00:00
[2022-10-04T04:47:10.195+0000] {processor.py:178} INFO - Processing /usr/local/lib/python3.10/dist-packages/airflow/example_dags/example_trigger_controller_dag.py took 0.065 seconds
[2022-10-04T04:47:49.368+0000] {processor.py:156} INFO - Started process (PID=2114) to work on /usr/local/lib/python3.10/dist-packages/airflow/example_dags/example_trigger_controller_dag.py
[2022-10-04T04:47:49.369+0000] {processor.py:758} INFO - Processing file /usr/local/lib/python3.10/dist-packages/airflow/example_dags/example_trigger_controller_dag.py for tasks to queue
[2022-10-04T04:47:49.370+0000] {logging_mixin.py:117} INFO - [2022-10-04T04:47:49.370+0000] {dagbag.py:525} INFO - Filling up the DagBag from /usr/local/lib/python3.10/dist-packages/airflow/example_dags/example_trigger_controller_dag.py
[2022-10-04T04:47:49.375+0000] {processor.py:768} INFO - DAG(s) dict_keys(['example_trigger_controller_dag']) retrieved from /usr/local/lib/python3.10/dist-packages/airflow/example_dags/example_trigger_controller_dag.py
[2022-10-04T04:47:49.398+0000] {logging_mixin.py:117} INFO - [2022-10-04T04:47:49.398+0000] {dag.py:2573} INFO - Sync 1 DAGs
[2022-10-04T04:47:49.414+0000] {logging_mixin.py:117} INFO - [2022-10-04T04:47:49.414+0000] {dag.py:3324} INFO - Setting next_dagrun for example_trigger_controller_dag to 2021-01-01T00:00:00+00:00, run_after=2021-01-01T00:00:00+00:00
[2022-10-04T04:47:49.439+0000] {processor.py:178} INFO - Processing /usr/local/lib/python3.10/dist-packages/airflow/example_dags/example_trigger_controller_dag.py took 0.078 seconds
[2022-10-04T04:48:26.135+0000] {processor.py:156} INFO - Started process (PID=2152) to work on /usr/local/lib/python3.10/dist-packages/airflow/example_dags/example_trigger_controller_dag.py
[2022-10-04T04:48:26.137+0000] {processor.py:758} INFO - Processing file /usr/local/lib/python3.10/dist-packages/airflow/example_dags/example_trigger_controller_dag.py for tasks to queue
[2022-10-04T04:48:26.137+0000] {logging_mixin.py:117} INFO - [2022-10-04T04:48:26.137+0000] {dagbag.py:525} INFO - Filling up the DagBag from /usr/local/lib/python3.10/dist-packages/airflow/example_dags/example_trigger_controller_dag.py
[2022-10-04T04:48:26.143+0000] {processor.py:768} INFO - DAG(s) dict_keys(['example_trigger_controller_dag']) retrieved from /usr/local/lib/python3.10/dist-packages/airflow/example_dags/example_trigger_controller_dag.py
[2022-10-04T04:48:26.166+0000] {logging_mixin.py:117} INFO - [2022-10-04T04:48:26.166+0000] {dag.py:2573} INFO - Sync 1 DAGs
[2022-10-04T04:48:26.181+0000] {logging_mixin.py:117} INFO - [2022-10-04T04:48:26.181+0000] {dag.py:3324} INFO - Setting next_dagrun for example_trigger_controller_dag to 2021-01-01T00:00:00+00:00, run_after=2021-01-01T00:00:00+00:00
[2022-10-04T04:48:26.204+0000] {processor.py:178} INFO - Processing /usr/local/lib/python3.10/dist-packages/airflow/example_dags/example_trigger_controller_dag.py took 0.072 seconds
[2022-10-04T04:49:02.004+0000] {processor.py:156} INFO - Started process (PID=2190) to work on /usr/local/lib/python3.10/dist-packages/airflow/example_dags/example_trigger_controller_dag.py
[2022-10-04T04:49:02.006+0000] {processor.py:758} INFO - Processing file /usr/local/lib/python3.10/dist-packages/airflow/example_dags/example_trigger_controller_dag.py for tasks to queue
[2022-10-04T04:49:02.006+0000] {logging_mixin.py:117} INFO - [2022-10-04T04:49:02.006+0000] {dagbag.py:525} INFO - Filling up the DagBag from /usr/local/lib/python3.10/dist-packages/airflow/example_dags/example_trigger_controller_dag.py
[2022-10-04T04:49:02.012+0000] {processor.py:768} INFO - DAG(s) dict_keys(['example_trigger_controller_dag']) retrieved from /usr/local/lib/python3.10/dist-packages/airflow/example_dags/example_trigger_controller_dag.py
[2022-10-04T04:49:02.039+0000] {logging_mixin.py:117} INFO - [2022-10-04T04:49:02.039+0000] {dag.py:2573} INFO - Sync 1 DAGs
[2022-10-04T04:49:02.056+0000] {logging_mixin.py:117} INFO - [2022-10-04T04:49:02.056+0000] {dag.py:3324} INFO - Setting next_dagrun for example_trigger_controller_dag to 2021-01-01T00:00:00+00:00, run_after=2021-01-01T00:00:00+00:00
[2022-10-04T04:49:02.079+0000] {processor.py:178} INFO - Processing /usr/local/lib/python3.10/dist-packages/airflow/example_dags/example_trigger_controller_dag.py took 0.079 seconds
[2022-10-04T04:49:41.316+0000] {processor.py:156} INFO - Started process (PID=2227) to work on /usr/local/lib/python3.10/dist-packages/airflow/example_dags/example_trigger_controller_dag.py
[2022-10-04T04:49:41.317+0000] {processor.py:758} INFO - Processing file /usr/local/lib/python3.10/dist-packages/airflow/example_dags/example_trigger_controller_dag.py for tasks to queue
[2022-10-04T04:49:41.318+0000] {logging_mixin.py:117} INFO - [2022-10-04T04:49:41.318+0000] {dagbag.py:525} INFO - Filling up the DagBag from /usr/local/lib/python3.10/dist-packages/airflow/example_dags/example_trigger_controller_dag.py
[2022-10-04T04:49:41.324+0000] {processor.py:768} INFO - DAG(s) dict_keys(['example_trigger_controller_dag']) retrieved from /usr/local/lib/python3.10/dist-packages/airflow/example_dags/example_trigger_controller_dag.py
[2022-10-04T04:49:41.348+0000] {logging_mixin.py:117} INFO - [2022-10-04T04:49:41.348+0000] {dag.py:2573} INFO - Sync 1 DAGs
[2022-10-04T04:49:41.367+0000] {logging_mixin.py:117} INFO - [2022-10-04T04:49:41.367+0000] {dag.py:3324} INFO - Setting next_dagrun for example_trigger_controller_dag to 2021-01-01T00:00:00+00:00, run_after=2021-01-01T00:00:00+00:00
[2022-10-04T04:49:41.392+0000] {processor.py:178} INFO - Processing /usr/local/lib/python3.10/dist-packages/airflow/example_dags/example_trigger_controller_dag.py took 0.079 seconds
[2022-10-04T04:50:18.714+0000] {processor.py:156} INFO - Started process (PID=2265) to work on /usr/local/lib/python3.10/dist-packages/airflow/example_dags/example_trigger_controller_dag.py
[2022-10-04T04:50:18.715+0000] {processor.py:758} INFO - Processing file /usr/local/lib/python3.10/dist-packages/airflow/example_dags/example_trigger_controller_dag.py for tasks to queue
[2022-10-04T04:50:18.715+0000] {logging_mixin.py:117} INFO - [2022-10-04T04:50:18.715+0000] {dagbag.py:525} INFO - Filling up the DagBag from /usr/local/lib/python3.10/dist-packages/airflow/example_dags/example_trigger_controller_dag.py
[2022-10-04T04:50:18.721+0000] {processor.py:768} INFO - DAG(s) dict_keys(['example_trigger_controller_dag']) retrieved from /usr/local/lib/python3.10/dist-packages/airflow/example_dags/example_trigger_controller_dag.py
[2022-10-04T04:50:18.745+0000] {logging_mixin.py:117} INFO - [2022-10-04T04:50:18.745+0000] {dag.py:2573} INFO - Sync 1 DAGs
[2022-10-04T04:50:18.763+0000] {logging_mixin.py:117} INFO - [2022-10-04T04:50:18.763+0000] {dag.py:3324} INFO - Setting next_dagrun for example_trigger_controller_dag to 2021-01-01T00:00:00+00:00, run_after=2021-01-01T00:00:00+00:00
[2022-10-04T04:50:18.784+0000] {processor.py:178} INFO - Processing /usr/local/lib/python3.10/dist-packages/airflow/example_dags/example_trigger_controller_dag.py took 0.074 seconds
[2022-10-04T04:50:53.998+0000] {processor.py:156} INFO - Started process (PID=2300) to work on /usr/local/lib/python3.10/dist-packages/airflow/example_dags/example_trigger_controller_dag.py
[2022-10-04T04:50:53.999+0000] {processor.py:758} INFO - Processing file /usr/local/lib/python3.10/dist-packages/airflow/example_dags/example_trigger_controller_dag.py for tasks to queue
[2022-10-04T04:50:54.000+0000] {logging_mixin.py:117} INFO - [2022-10-04T04:50:54.000+0000] {dagbag.py:525} INFO - Filling up the DagBag from /usr/local/lib/python3.10/dist-packages/airflow/example_dags/example_trigger_controller_dag.py
[2022-10-04T04:50:54.006+0000] {processor.py:768} INFO - DAG(s) dict_keys(['example_trigger_controller_dag']) retrieved from /usr/local/lib/python3.10/dist-packages/airflow/example_dags/example_trigger_controller_dag.py
[2022-10-04T04:50:54.028+0000] {logging_mixin.py:117} INFO - [2022-10-04T04:50:54.028+0000] {dag.py:2573} INFO - Sync 1 DAGs
[2022-10-04T04:50:54.047+0000] {logging_mixin.py:117} INFO - [2022-10-04T04:50:54.047+0000] {dag.py:3324} INFO - Setting next_dagrun for example_trigger_controller_dag to 2021-01-01T00:00:00+00:00, run_after=2021-01-01T00:00:00+00:00
[2022-10-04T04:50:54.079+0000] {processor.py:178} INFO - Processing /usr/local/lib/python3.10/dist-packages/airflow/example_dags/example_trigger_controller_dag.py took 0.084 seconds
[2022-10-04T04:51:31.109+0000] {processor.py:156} INFO - Started process (PID=2338) to work on /usr/local/lib/python3.10/dist-packages/airflow/example_dags/example_trigger_controller_dag.py
[2022-10-04T04:51:31.110+0000] {processor.py:758} INFO - Processing file /usr/local/lib/python3.10/dist-packages/airflow/example_dags/example_trigger_controller_dag.py for tasks to queue
[2022-10-04T04:51:31.111+0000] {logging_mixin.py:117} INFO - [2022-10-04T04:51:31.111+0000] {dagbag.py:525} INFO - Filling up the DagBag from /usr/local/lib/python3.10/dist-packages/airflow/example_dags/example_trigger_controller_dag.py
[2022-10-04T04:51:31.116+0000] {processor.py:768} INFO - DAG(s) dict_keys(['example_trigger_controller_dag']) retrieved from /usr/local/lib/python3.10/dist-packages/airflow/example_dags/example_trigger_controller_dag.py
[2022-10-04T04:51:31.145+0000] {logging_mixin.py:117} INFO - [2022-10-04T04:51:31.145+0000] {dag.py:2573} INFO - Sync 1 DAGs
[2022-10-04T04:51:31.161+0000] {logging_mixin.py:117} INFO - [2022-10-04T04:51:31.161+0000] {dag.py:3324} INFO - Setting next_dagrun for example_trigger_controller_dag to 2021-01-01T00:00:00+00:00, run_after=2021-01-01T00:00:00+00:00
[2022-10-04T04:51:31.184+0000] {processor.py:178} INFO - Processing /usr/local/lib/python3.10/dist-packages/airflow/example_dags/example_trigger_controller_dag.py took 0.078 seconds
[2022-10-04T04:52:06.662+0000] {processor.py:156} INFO - Started process (PID=2373) to work on /usr/local/lib/python3.10/dist-packages/airflow/example_dags/example_trigger_controller_dag.py
[2022-10-04T04:52:06.664+0000] {processor.py:758} INFO - Processing file /usr/local/lib/python3.10/dist-packages/airflow/example_dags/example_trigger_controller_dag.py for tasks to queue
[2022-10-04T04:52:06.664+0000] {logging_mixin.py:117} INFO - [2022-10-04T04:52:06.664+0000] {dagbag.py:525} INFO - Filling up the DagBag from /usr/local/lib/python3.10/dist-packages/airflow/example_dags/example_trigger_controller_dag.py
[2022-10-04T04:52:06.670+0000] {processor.py:768} INFO - DAG(s) dict_keys(['example_trigger_controller_dag']) retrieved from /usr/local/lib/python3.10/dist-packages/airflow/example_dags/example_trigger_controller_dag.py
[2022-10-04T04:52:06.690+0000] {logging_mixin.py:117} INFO - [2022-10-04T04:52:06.690+0000] {dag.py:2573} INFO - Sync 1 DAGs
[2022-10-04T04:52:06.705+0000] {logging_mixin.py:117} INFO - [2022-10-04T04:52:06.705+0000] {dag.py:3324} INFO - Setting next_dagrun for example_trigger_controller_dag to 2021-01-01T00:00:00+00:00, run_after=2021-01-01T00:00:00+00:00
[2022-10-04T04:52:06.725+0000] {processor.py:178} INFO - Processing /usr/local/lib/python3.10/dist-packages/airflow/example_dags/example_trigger_controller_dag.py took 0.066 seconds
[2022-10-04T04:52:41.215+0000] {processor.py:156} INFO - Started process (PID=2407) to work on /usr/local/lib/python3.10/dist-packages/airflow/example_dags/example_trigger_controller_dag.py
[2022-10-04T04:52:41.216+0000] {processor.py:758} INFO - Processing file /usr/local/lib/python3.10/dist-packages/airflow/example_dags/example_trigger_controller_dag.py for tasks to queue
[2022-10-04T04:52:41.216+0000] {logging_mixin.py:117} INFO - [2022-10-04T04:52:41.216+0000] {dagbag.py:525} INFO - Filling up the DagBag from /usr/local/lib/python3.10/dist-packages/airflow/example_dags/example_trigger_controller_dag.py
[2022-10-04T04:52:41.221+0000] {processor.py:768} INFO - DAG(s) dict_keys(['example_trigger_controller_dag']) retrieved from /usr/local/lib/python3.10/dist-packages/airflow/example_dags/example_trigger_controller_dag.py
[2022-10-04T04:52:41.243+0000] {logging_mixin.py:117} INFO - [2022-10-04T04:52:41.243+0000] {dag.py:2573} INFO - Sync 1 DAGs
[2022-10-04T04:52:41.258+0000] {logging_mixin.py:117} INFO - [2022-10-04T04:52:41.258+0000] {dag.py:3324} INFO - Setting next_dagrun for example_trigger_controller_dag to 2021-01-01T00:00:00+00:00, run_after=2021-01-01T00:00:00+00:00
[2022-10-04T04:52:41.279+0000] {processor.py:178} INFO - Processing /usr/local/lib/python3.10/dist-packages/airflow/example_dags/example_trigger_controller_dag.py took 0.068 seconds
[2022-10-04T04:53:18.187+0000] {processor.py:156} INFO - Started process (PID=2443) to work on /usr/local/lib/python3.10/dist-packages/airflow/example_dags/example_trigger_controller_dag.py
[2022-10-04T04:53:18.197+0000] {processor.py:758} INFO - Processing file /usr/local/lib/python3.10/dist-packages/airflow/example_dags/example_trigger_controller_dag.py for tasks to queue
[2022-10-04T04:53:18.198+0000] {logging_mixin.py:117} INFO - [2022-10-04T04:53:18.198+0000] {dagbag.py:525} INFO - Filling up the DagBag from /usr/local/lib/python3.10/dist-packages/airflow/example_dags/example_trigger_controller_dag.py
[2022-10-04T04:53:18.204+0000] {processor.py:768} INFO - DAG(s) dict_keys(['example_trigger_controller_dag']) retrieved from /usr/local/lib/python3.10/dist-packages/airflow/example_dags/example_trigger_controller_dag.py
[2022-10-04T04:53:18.233+0000] {logging_mixin.py:117} INFO - [2022-10-04T04:53:18.233+0000] {dag.py:2573} INFO - Sync 1 DAGs
[2022-10-04T04:53:18.249+0000] {logging_mixin.py:117} INFO - [2022-10-04T04:53:18.249+0000] {dag.py:3324} INFO - Setting next_dagrun for example_trigger_controller_dag to 2021-01-01T00:00:00+00:00, run_after=2021-01-01T00:00:00+00:00
[2022-10-04T04:53:18.271+0000] {processor.py:178} INFO - Processing /usr/local/lib/python3.10/dist-packages/airflow/example_dags/example_trigger_controller_dag.py took 0.087 seconds
[2022-10-04T04:53:54.407+0000] {processor.py:156} INFO - Started process (PID=2480) to work on /usr/local/lib/python3.10/dist-packages/airflow/example_dags/example_trigger_controller_dag.py
[2022-10-04T04:53:54.409+0000] {processor.py:758} INFO - Processing file /usr/local/lib/python3.10/dist-packages/airflow/example_dags/example_trigger_controller_dag.py for tasks to queue
[2022-10-04T04:53:54.409+0000] {logging_mixin.py:117} INFO - [2022-10-04T04:53:54.409+0000] {dagbag.py:525} INFO - Filling up the DagBag from /usr/local/lib/python3.10/dist-packages/airflow/example_dags/example_trigger_controller_dag.py
[2022-10-04T04:53:54.415+0000] {processor.py:768} INFO - DAG(s) dict_keys(['example_trigger_controller_dag']) retrieved from /usr/local/lib/python3.10/dist-packages/airflow/example_dags/example_trigger_controller_dag.py
[2022-10-04T04:53:54.437+0000] {logging_mixin.py:117} INFO - [2022-10-04T04:53:54.437+0000] {dag.py:2573} INFO - Sync 1 DAGs
[2022-10-04T04:53:54.454+0000] {logging_mixin.py:117} INFO - [2022-10-04T04:53:54.454+0000] {dag.py:3324} INFO - Setting next_dagrun for example_trigger_controller_dag to 2021-01-01T00:00:00+00:00, run_after=2021-01-01T00:00:00+00:00
[2022-10-04T04:53:54.478+0000] {processor.py:178} INFO - Processing /usr/local/lib/python3.10/dist-packages/airflow/example_dags/example_trigger_controller_dag.py took 0.074 seconds
