[2022-10-04T03:09:16.543+0000] {processor.py:156} INFO - Started process (PID=7694) to work on /usr/local/lib/python3.10/dist-packages/airflow/example_dags/example_branch_operator_decorator.py
[2022-10-04T03:09:16.544+0000] {processor.py:758} INFO - Processing file /usr/local/lib/python3.10/dist-packages/airflow/example_dags/example_branch_operator_decorator.py for tasks to queue
[2022-10-04T03:09:16.545+0000] {logging_mixin.py:117} INFO - [2022-10-04T03:09:16.545+0000] {dagbag.py:525} INFO - Filling up the DagBag from /usr/local/lib/python3.10/dist-packages/airflow/example_dags/example_branch_operator_decorator.py
[2022-10-04T03:09:16.567+0000] {processor.py:768} INFO - DAG(s) dict_keys(['example_branch_python_operator_decorator']) retrieved from /usr/local/lib/python3.10/dist-packages/airflow/example_dags/example_branch_operator_decorator.py
[2022-10-04T03:09:16.666+0000] {logging_mixin.py:117} INFO - [2022-10-04T03:09:16.666+0000] {manager.py:508} INFO - Created Permission View: can read on DAG:example_branch_python_operator_decorator
[2022-10-04T03:09:16.678+0000] {logging_mixin.py:117} INFO - [2022-10-04T03:09:16.677+0000] {manager.py:508} INFO - Created Permission View: can delete on DAG:example_branch_python_operator_decorator
[2022-10-04T03:09:16.688+0000] {logging_mixin.py:117} INFO - [2022-10-04T03:09:16.688+0000] {manager.py:508} INFO - Created Permission View: can edit on DAG:example_branch_python_operator_decorator
[2022-10-04T03:09:16.688+0000] {logging_mixin.py:117} INFO - [2022-10-04T03:09:16.688+0000] {dag.py:2573} INFO - Sync 1 DAGs
[2022-10-04T03:09:16.697+0000] {logging_mixin.py:117} INFO - [2022-10-04T03:09:16.696+0000] {dag.py:2594} INFO - Creating ORM DAG for example_branch_python_operator_decorator
[2022-10-04T03:09:16.705+0000] {logging_mixin.py:117} INFO - [2022-10-04T03:09:16.705+0000] {dag.py:3324} INFO - Setting next_dagrun for example_branch_python_operator_decorator to 2022-10-03T00:00:00+00:00, run_after=2022-10-04T00:00:00+00:00
[2022-10-04T03:09:16.727+0000] {processor.py:178} INFO - Processing /usr/local/lib/python3.10/dist-packages/airflow/example_dags/example_branch_operator_decorator.py took 0.186 seconds
[2022-10-04T03:09:56.139+0000] {processor.py:156} INFO - Started process (PID=7739) to work on /usr/local/lib/python3.10/dist-packages/airflow/example_dags/example_branch_operator_decorator.py
[2022-10-04T03:09:56.141+0000] {processor.py:758} INFO - Processing file /usr/local/lib/python3.10/dist-packages/airflow/example_dags/example_branch_operator_decorator.py for tasks to queue
[2022-10-04T03:09:56.142+0000] {logging_mixin.py:117} INFO - [2022-10-04T03:09:56.142+0000] {dagbag.py:525} INFO - Filling up the DagBag from /usr/local/lib/python3.10/dist-packages/airflow/example_dags/example_branch_operator_decorator.py
[2022-10-04T03:09:56.174+0000] {processor.py:768} INFO - DAG(s) dict_keys(['example_branch_python_operator_decorator']) retrieved from /usr/local/lib/python3.10/dist-packages/airflow/example_dags/example_branch_operator_decorator.py
[2022-10-04T03:09:56.201+0000] {logging_mixin.py:117} INFO - [2022-10-04T03:09:56.201+0000] {dag.py:2573} INFO - Sync 1 DAGs
[2022-10-04T03:09:56.225+0000] {logging_mixin.py:117} INFO - [2022-10-04T03:09:56.225+0000] {dag.py:3324} INFO - Setting next_dagrun for example_branch_python_operator_decorator to 2022-10-03T00:00:00+00:00, run_after=2022-10-04T00:00:00+00:00
[2022-10-04T03:09:56.249+0000] {processor.py:178} INFO - Processing /usr/local/lib/python3.10/dist-packages/airflow/example_dags/example_branch_operator_decorator.py took 0.113 seconds
[2022-10-04T03:10:36.101+0000] {processor.py:156} INFO - Started process (PID=7780) to work on /usr/local/lib/python3.10/dist-packages/airflow/example_dags/example_branch_operator_decorator.py
[2022-10-04T03:10:36.103+0000] {processor.py:758} INFO - Processing file /usr/local/lib/python3.10/dist-packages/airflow/example_dags/example_branch_operator_decorator.py for tasks to queue
[2022-10-04T03:10:36.103+0000] {logging_mixin.py:117} INFO - [2022-10-04T03:10:36.103+0000] {dagbag.py:525} INFO - Filling up the DagBag from /usr/local/lib/python3.10/dist-packages/airflow/example_dags/example_branch_operator_decorator.py
[2022-10-04T03:10:36.131+0000] {processor.py:768} INFO - DAG(s) dict_keys(['example_branch_python_operator_decorator']) retrieved from /usr/local/lib/python3.10/dist-packages/airflow/example_dags/example_branch_operator_decorator.py
[2022-10-04T03:10:36.169+0000] {logging_mixin.py:117} INFO - [2022-10-04T03:10:36.169+0000] {dag.py:2573} INFO - Sync 1 DAGs
[2022-10-04T03:10:36.212+0000] {logging_mixin.py:117} INFO - [2022-10-04T03:10:36.211+0000] {dag.py:3324} INFO - Setting next_dagrun for example_branch_python_operator_decorator to 2022-10-03T00:00:00+00:00, run_after=2022-10-04T00:00:00+00:00
[2022-10-04T03:10:36.240+0000] {processor.py:178} INFO - Processing /usr/local/lib/python3.10/dist-packages/airflow/example_dags/example_branch_operator_decorator.py took 0.142 seconds
[2022-10-04T03:11:16.862+0000] {processor.py:156} INFO - Started process (PID=7823) to work on /usr/local/lib/python3.10/dist-packages/airflow/example_dags/example_branch_operator_decorator.py
[2022-10-04T03:11:16.864+0000] {processor.py:758} INFO - Processing file /usr/local/lib/python3.10/dist-packages/airflow/example_dags/example_branch_operator_decorator.py for tasks to queue
[2022-10-04T03:11:16.864+0000] {logging_mixin.py:117} INFO - [2022-10-04T03:11:16.864+0000] {dagbag.py:525} INFO - Filling up the DagBag from /usr/local/lib/python3.10/dist-packages/airflow/example_dags/example_branch_operator_decorator.py
[2022-10-04T03:11:16.890+0000] {processor.py:768} INFO - DAG(s) dict_keys(['example_branch_python_operator_decorator']) retrieved from /usr/local/lib/python3.10/dist-packages/airflow/example_dags/example_branch_operator_decorator.py
[2022-10-04T03:11:16.914+0000] {logging_mixin.py:117} INFO - [2022-10-04T03:11:16.914+0000] {dag.py:2573} INFO - Sync 1 DAGs
[2022-10-04T03:11:16.934+0000] {logging_mixin.py:117} INFO - [2022-10-04T03:11:16.934+0000] {dag.py:3324} INFO - Setting next_dagrun for example_branch_python_operator_decorator to 2022-10-03T00:00:00+00:00, run_after=2022-10-04T00:00:00+00:00
[2022-10-04T03:11:16.956+0000] {processor.py:178} INFO - Processing /usr/local/lib/python3.10/dist-packages/airflow/example_dags/example_branch_operator_decorator.py took 0.096 seconds
[2022-10-04T03:11:56.392+0000] {processor.py:156} INFO - Started process (PID=7860) to work on /usr/local/lib/python3.10/dist-packages/airflow/example_dags/example_branch_operator_decorator.py
[2022-10-04T03:11:56.393+0000] {processor.py:758} INFO - Processing file /usr/local/lib/python3.10/dist-packages/airflow/example_dags/example_branch_operator_decorator.py for tasks to queue
[2022-10-04T03:11:56.394+0000] {logging_mixin.py:117} INFO - [2022-10-04T03:11:56.393+0000] {dagbag.py:525} INFO - Filling up the DagBag from /usr/local/lib/python3.10/dist-packages/airflow/example_dags/example_branch_operator_decorator.py
[2022-10-04T03:11:56.415+0000] {processor.py:768} INFO - DAG(s) dict_keys(['example_branch_python_operator_decorator']) retrieved from /usr/local/lib/python3.10/dist-packages/airflow/example_dags/example_branch_operator_decorator.py
[2022-10-04T03:11:56.437+0000] {logging_mixin.py:117} INFO - [2022-10-04T03:11:56.437+0000] {dag.py:2573} INFO - Sync 1 DAGs
[2022-10-04T03:11:56.456+0000] {logging_mixin.py:117} INFO - [2022-10-04T03:11:56.456+0000] {dag.py:3324} INFO - Setting next_dagrun for example_branch_python_operator_decorator to 2022-10-03T00:00:00+00:00, run_after=2022-10-04T00:00:00+00:00
[2022-10-04T03:11:56.475+0000] {processor.py:178} INFO - Processing /usr/local/lib/python3.10/dist-packages/airflow/example_dags/example_branch_operator_decorator.py took 0.086 seconds
[2022-10-04T03:12:35.349+0000] {processor.py:156} INFO - Started process (PID=7901) to work on /usr/local/lib/python3.10/dist-packages/airflow/example_dags/example_branch_operator_decorator.py
[2022-10-04T03:12:35.350+0000] {processor.py:758} INFO - Processing file /usr/local/lib/python3.10/dist-packages/airflow/example_dags/example_branch_operator_decorator.py for tasks to queue
[2022-10-04T03:12:35.351+0000] {logging_mixin.py:117} INFO - [2022-10-04T03:12:35.350+0000] {dagbag.py:525} INFO - Filling up the DagBag from /usr/local/lib/python3.10/dist-packages/airflow/example_dags/example_branch_operator_decorator.py
[2022-10-04T03:12:35.373+0000] {processor.py:768} INFO - DAG(s) dict_keys(['example_branch_python_operator_decorator']) retrieved from /usr/local/lib/python3.10/dist-packages/airflow/example_dags/example_branch_operator_decorator.py
[2022-10-04T03:12:35.394+0000] {logging_mixin.py:117} INFO - [2022-10-04T03:12:35.394+0000] {dag.py:2573} INFO - Sync 1 DAGs
[2022-10-04T03:12:35.413+0000] {logging_mixin.py:117} INFO - [2022-10-04T03:12:35.413+0000] {dag.py:3324} INFO - Setting next_dagrun for example_branch_python_operator_decorator to 2022-10-03T00:00:00+00:00, run_after=2022-10-04T00:00:00+00:00
[2022-10-04T03:12:35.435+0000] {processor.py:178} INFO - Processing /usr/local/lib/python3.10/dist-packages/airflow/example_dags/example_branch_operator_decorator.py took 0.089 seconds
[2022-10-04T03:13:13.618+0000] {processor.py:156} INFO - Started process (PID=7939) to work on /usr/local/lib/python3.10/dist-packages/airflow/example_dags/example_branch_operator_decorator.py
[2022-10-04T03:13:13.619+0000] {processor.py:758} INFO - Processing file /usr/local/lib/python3.10/dist-packages/airflow/example_dags/example_branch_operator_decorator.py for tasks to queue
[2022-10-04T03:13:13.619+0000] {logging_mixin.py:117} INFO - [2022-10-04T03:13:13.619+0000] {dagbag.py:525} INFO - Filling up the DagBag from /usr/local/lib/python3.10/dist-packages/airflow/example_dags/example_branch_operator_decorator.py
[2022-10-04T03:13:13.643+0000] {processor.py:768} INFO - DAG(s) dict_keys(['example_branch_python_operator_decorator']) retrieved from /usr/local/lib/python3.10/dist-packages/airflow/example_dags/example_branch_operator_decorator.py
[2022-10-04T03:13:13.666+0000] {logging_mixin.py:117} INFO - [2022-10-04T03:13:13.666+0000] {dag.py:2573} INFO - Sync 1 DAGs
[2022-10-04T03:13:13.685+0000] {logging_mixin.py:117} INFO - [2022-10-04T03:13:13.685+0000] {dag.py:3324} INFO - Setting next_dagrun for example_branch_python_operator_decorator to 2022-10-03T00:00:00+00:00, run_after=2022-10-04T00:00:00+00:00
[2022-10-04T03:13:13.707+0000] {processor.py:178} INFO - Processing /usr/local/lib/python3.10/dist-packages/airflow/example_dags/example_branch_operator_decorator.py took 0.092 seconds
[2022-10-04T03:13:54.847+0000] {processor.py:156} INFO - Started process (PID=7980) to work on /usr/local/lib/python3.10/dist-packages/airflow/example_dags/example_branch_operator_decorator.py
[2022-10-04T03:13:54.849+0000] {processor.py:758} INFO - Processing file /usr/local/lib/python3.10/dist-packages/airflow/example_dags/example_branch_operator_decorator.py for tasks to queue
[2022-10-04T03:13:54.849+0000] {logging_mixin.py:117} INFO - [2022-10-04T03:13:54.849+0000] {dagbag.py:525} INFO - Filling up the DagBag from /usr/local/lib/python3.10/dist-packages/airflow/example_dags/example_branch_operator_decorator.py
[2022-10-04T03:13:54.875+0000] {processor.py:768} INFO - DAG(s) dict_keys(['example_branch_python_operator_decorator']) retrieved from /usr/local/lib/python3.10/dist-packages/airflow/example_dags/example_branch_operator_decorator.py
[2022-10-04T03:13:54.902+0000] {logging_mixin.py:117} INFO - [2022-10-04T03:13:54.901+0000] {dag.py:2573} INFO - Sync 1 DAGs
[2022-10-04T03:13:54.922+0000] {logging_mixin.py:117} INFO - [2022-10-04T03:13:54.922+0000] {dag.py:3324} INFO - Setting next_dagrun for example_branch_python_operator_decorator to 2022-10-03T00:00:00+00:00, run_after=2022-10-04T00:00:00+00:00
[2022-10-04T03:13:54.944+0000] {processor.py:178} INFO - Processing /usr/local/lib/python3.10/dist-packages/airflow/example_dags/example_branch_operator_decorator.py took 0.100 seconds
[2022-10-04T03:14:36.655+0000] {processor.py:156} INFO - Started process (PID=8023) to work on /usr/local/lib/python3.10/dist-packages/airflow/example_dags/example_branch_operator_decorator.py
[2022-10-04T03:14:36.657+0000] {processor.py:758} INFO - Processing file /usr/local/lib/python3.10/dist-packages/airflow/example_dags/example_branch_operator_decorator.py for tasks to queue
[2022-10-04T03:14:36.657+0000] {logging_mixin.py:117} INFO - [2022-10-04T03:14:36.657+0000] {dagbag.py:525} INFO - Filling up the DagBag from /usr/local/lib/python3.10/dist-packages/airflow/example_dags/example_branch_operator_decorator.py
[2022-10-04T03:14:36.682+0000] {processor.py:768} INFO - DAG(s) dict_keys(['example_branch_python_operator_decorator']) retrieved from /usr/local/lib/python3.10/dist-packages/airflow/example_dags/example_branch_operator_decorator.py
[2022-10-04T03:14:36.703+0000] {logging_mixin.py:117} INFO - [2022-10-04T03:14:36.703+0000] {dag.py:2573} INFO - Sync 1 DAGs
[2022-10-04T03:14:36.721+0000] {logging_mixin.py:117} INFO - [2022-10-04T03:14:36.721+0000] {dag.py:3324} INFO - Setting next_dagrun for example_branch_python_operator_decorator to 2022-10-03T00:00:00+00:00, run_after=2022-10-04T00:00:00+00:00
[2022-10-04T03:14:36.741+0000] {processor.py:178} INFO - Processing /usr/local/lib/python3.10/dist-packages/airflow/example_dags/example_branch_operator_decorator.py took 0.088 seconds
[2022-10-04T03:15:14.896+0000] {processor.py:156} INFO - Started process (PID=8059) to work on /usr/local/lib/python3.10/dist-packages/airflow/example_dags/example_branch_operator_decorator.py
[2022-10-04T03:15:14.898+0000] {processor.py:758} INFO - Processing file /usr/local/lib/python3.10/dist-packages/airflow/example_dags/example_branch_operator_decorator.py for tasks to queue
[2022-10-04T03:15:14.898+0000] {logging_mixin.py:117} INFO - [2022-10-04T03:15:14.898+0000] {dagbag.py:525} INFO - Filling up the DagBag from /usr/local/lib/python3.10/dist-packages/airflow/example_dags/example_branch_operator_decorator.py
[2022-10-04T03:15:14.922+0000] {processor.py:768} INFO - DAG(s) dict_keys(['example_branch_python_operator_decorator']) retrieved from /usr/local/lib/python3.10/dist-packages/airflow/example_dags/example_branch_operator_decorator.py
[2022-10-04T03:15:14.944+0000] {logging_mixin.py:117} INFO - [2022-10-04T03:15:14.944+0000] {dag.py:2573} INFO - Sync 1 DAGs
[2022-10-04T03:15:14.962+0000] {logging_mixin.py:117} INFO - [2022-10-04T03:15:14.961+0000] {dag.py:3324} INFO - Setting next_dagrun for example_branch_python_operator_decorator to 2022-10-03T00:00:00+00:00, run_after=2022-10-04T00:00:00+00:00
[2022-10-04T03:15:14.984+0000] {processor.py:178} INFO - Processing /usr/local/lib/python3.10/dist-packages/airflow/example_dags/example_branch_operator_decorator.py took 0.090 seconds
[2022-10-04T03:15:54.166+0000] {processor.py:156} INFO - Started process (PID=8099) to work on /usr/local/lib/python3.10/dist-packages/airflow/example_dags/example_branch_operator_decorator.py
[2022-10-04T03:15:54.167+0000] {processor.py:758} INFO - Processing file /usr/local/lib/python3.10/dist-packages/airflow/example_dags/example_branch_operator_decorator.py for tasks to queue
[2022-10-04T03:15:54.168+0000] {logging_mixin.py:117} INFO - [2022-10-04T03:15:54.167+0000] {dagbag.py:525} INFO - Filling up the DagBag from /usr/local/lib/python3.10/dist-packages/airflow/example_dags/example_branch_operator_decorator.py
[2022-10-04T03:15:54.198+0000] {processor.py:768} INFO - DAG(s) dict_keys(['example_branch_python_operator_decorator']) retrieved from /usr/local/lib/python3.10/dist-packages/airflow/example_dags/example_branch_operator_decorator.py
[2022-10-04T03:15:54.221+0000] {logging_mixin.py:117} INFO - [2022-10-04T03:15:54.221+0000] {dag.py:2573} INFO - Sync 1 DAGs
[2022-10-04T03:15:54.241+0000] {logging_mixin.py:117} INFO - [2022-10-04T03:15:54.241+0000] {dag.py:3324} INFO - Setting next_dagrun for example_branch_python_operator_decorator to 2022-10-03T00:00:00+00:00, run_after=2022-10-04T00:00:00+00:00
[2022-10-04T03:15:54.404+0000] {processor.py:178} INFO - Processing /usr/local/lib/python3.10/dist-packages/airflow/example_dags/example_branch_operator_decorator.py took 0.241 seconds
[2022-10-04T03:16:40.833+0000] {processor.py:156} INFO - Started process (PID=8229) to work on /usr/local/lib/python3.10/dist-packages/airflow/example_dags/example_branch_operator_decorator.py
[2022-10-04T03:16:40.834+0000] {processor.py:758} INFO - Processing file /usr/local/lib/python3.10/dist-packages/airflow/example_dags/example_branch_operator_decorator.py for tasks to queue
[2022-10-04T03:16:40.834+0000] {logging_mixin.py:117} INFO - [2022-10-04T03:16:40.834+0000] {dagbag.py:525} INFO - Filling up the DagBag from /usr/local/lib/python3.10/dist-packages/airflow/example_dags/example_branch_operator_decorator.py
[2022-10-04T03:16:40.857+0000] {processor.py:768} INFO - DAG(s) dict_keys(['example_branch_python_operator_decorator']) retrieved from /usr/local/lib/python3.10/dist-packages/airflow/example_dags/example_branch_operator_decorator.py
[2022-10-04T03:16:40.879+0000] {logging_mixin.py:117} INFO - [2022-10-04T03:16:40.879+0000] {dag.py:2573} INFO - Sync 1 DAGs
[2022-10-04T03:16:41.023+0000] {logging_mixin.py:117} INFO - [2022-10-04T03:16:41.022+0000] {dag.py:3324} INFO - Setting next_dagrun for example_branch_python_operator_decorator to 2022-10-03T00:00:00+00:00, run_after=2022-10-04T00:00:00+00:00
[2022-10-04T03:16:41.044+0000] {processor.py:178} INFO - Processing /usr/local/lib/python3.10/dist-packages/airflow/example_dags/example_branch_operator_decorator.py took 0.214 seconds
[2022-10-04T03:17:20.696+0000] {processor.py:156} INFO - Started process (PID=8599) to work on /usr/local/lib/python3.10/dist-packages/airflow/example_dags/example_branch_operator_decorator.py
[2022-10-04T03:17:20.697+0000] {processor.py:758} INFO - Processing file /usr/local/lib/python3.10/dist-packages/airflow/example_dags/example_branch_operator_decorator.py for tasks to queue
[2022-10-04T03:17:20.698+0000] {logging_mixin.py:117} INFO - [2022-10-04T03:17:20.697+0000] {dagbag.py:525} INFO - Filling up the DagBag from /usr/local/lib/python3.10/dist-packages/airflow/example_dags/example_branch_operator_decorator.py
[2022-10-04T03:17:20.723+0000] {processor.py:768} INFO - DAG(s) dict_keys(['example_branch_python_operator_decorator']) retrieved from /usr/local/lib/python3.10/dist-packages/airflow/example_dags/example_branch_operator_decorator.py
[2022-10-04T03:17:20.748+0000] {logging_mixin.py:117} INFO - [2022-10-04T03:17:20.747+0000] {dag.py:2573} INFO - Sync 1 DAGs
[2022-10-04T03:17:20.941+0000] {logging_mixin.py:117} INFO - [2022-10-04T03:17:20.941+0000] {dag.py:3324} INFO - Setting next_dagrun for example_branch_python_operator_decorator to 2022-10-03T00:00:00+00:00, run_after=2022-10-04T00:00:00+00:00
[2022-10-04T03:17:20.962+0000] {processor.py:178} INFO - Processing /usr/local/lib/python3.10/dist-packages/airflow/example_dags/example_branch_operator_decorator.py took 0.271 seconds
[2022-10-04T03:18:01.902+0000] {processor.py:156} INFO - Started process (PID=8637) to work on /usr/local/lib/python3.10/dist-packages/airflow/example_dags/example_branch_operator_decorator.py
[2022-10-04T03:18:01.903+0000] {processor.py:758} INFO - Processing file /usr/local/lib/python3.10/dist-packages/airflow/example_dags/example_branch_operator_decorator.py for tasks to queue
[2022-10-04T03:18:01.903+0000] {logging_mixin.py:117} INFO - [2022-10-04T03:18:01.903+0000] {dagbag.py:525} INFO - Filling up the DagBag from /usr/local/lib/python3.10/dist-packages/airflow/example_dags/example_branch_operator_decorator.py
[2022-10-04T03:18:01.927+0000] {processor.py:768} INFO - DAG(s) dict_keys(['example_branch_python_operator_decorator']) retrieved from /usr/local/lib/python3.10/dist-packages/airflow/example_dags/example_branch_operator_decorator.py
[2022-10-04T03:18:01.950+0000] {logging_mixin.py:117} INFO - [2022-10-04T03:18:01.950+0000] {dag.py:2573} INFO - Sync 1 DAGs
[2022-10-04T03:18:02.096+0000] {logging_mixin.py:117} INFO - [2022-10-04T03:18:02.096+0000] {dag.py:3324} INFO - Setting next_dagrun for example_branch_python_operator_decorator to 2022-10-03T00:00:00+00:00, run_after=2022-10-04T00:00:00+00:00
[2022-10-04T03:18:02.118+0000] {processor.py:178} INFO - Processing /usr/local/lib/python3.10/dist-packages/airflow/example_dags/example_branch_operator_decorator.py took 0.219 seconds
[2022-10-04T03:18:53.198+0000] {processor.py:156} INFO - Started process (PID=8697) to work on /usr/local/lib/python3.10/dist-packages/airflow/example_dags/example_branch_operator_decorator.py
[2022-10-04T03:18:53.199+0000] {processor.py:758} INFO - Processing file /usr/local/lib/python3.10/dist-packages/airflow/example_dags/example_branch_operator_decorator.py for tasks to queue
[2022-10-04T03:18:53.200+0000] {logging_mixin.py:117} INFO - [2022-10-04T03:18:53.200+0000] {dagbag.py:525} INFO - Filling up the DagBag from /usr/local/lib/python3.10/dist-packages/airflow/example_dags/example_branch_operator_decorator.py
[2022-10-04T03:18:53.222+0000] {processor.py:768} INFO - DAG(s) dict_keys(['example_branch_python_operator_decorator']) retrieved from /usr/local/lib/python3.10/dist-packages/airflow/example_dags/example_branch_operator_decorator.py
[2022-10-04T03:18:53.235+0000] {logging_mixin.py:117} INFO - [2022-10-04T03:18:53.235+0000] {dag.py:2573} INFO - Sync 1 DAGs
[2022-10-04T03:18:53.253+0000] {logging_mixin.py:117} INFO - [2022-10-04T03:18:53.253+0000] {dag.py:3324} INFO - Setting next_dagrun for example_branch_python_operator_decorator to 2022-10-03T00:00:00+00:00, run_after=2022-10-04T00:00:00+00:00
[2022-10-04T03:18:53.273+0000] {processor.py:178} INFO - Processing /usr/local/lib/python3.10/dist-packages/airflow/example_dags/example_branch_operator_decorator.py took 0.077 seconds
[2022-10-04T03:19:32.311+0000] {processor.py:156} INFO - Started process (PID=8738) to work on /usr/local/lib/python3.10/dist-packages/airflow/example_dags/example_branch_operator_decorator.py
[2022-10-04T03:19:32.312+0000] {processor.py:758} INFO - Processing file /usr/local/lib/python3.10/dist-packages/airflow/example_dags/example_branch_operator_decorator.py for tasks to queue
[2022-10-04T03:19:32.313+0000] {logging_mixin.py:117} INFO - [2022-10-04T03:19:32.312+0000] {dagbag.py:525} INFO - Filling up the DagBag from /usr/local/lib/python3.10/dist-packages/airflow/example_dags/example_branch_operator_decorator.py
[2022-10-04T03:19:32.340+0000] {processor.py:768} INFO - DAG(s) dict_keys(['example_branch_python_operator_decorator']) retrieved from /usr/local/lib/python3.10/dist-packages/airflow/example_dags/example_branch_operator_decorator.py
[2022-10-04T03:19:32.366+0000] {logging_mixin.py:117} INFO - [2022-10-04T03:19:32.366+0000] {dag.py:2573} INFO - Sync 1 DAGs
[2022-10-04T03:19:32.388+0000] {logging_mixin.py:117} INFO - [2022-10-04T03:19:32.388+0000] {dag.py:3324} INFO - Setting next_dagrun for example_branch_python_operator_decorator to 2022-10-03T00:00:00+00:00, run_after=2022-10-04T00:00:00+00:00
[2022-10-04T03:19:32.412+0000] {processor.py:178} INFO - Processing /usr/local/lib/python3.10/dist-packages/airflow/example_dags/example_branch_operator_decorator.py took 0.103 seconds
[2022-10-04T03:20:08.813+0000] {processor.py:156} INFO - Started process (PID=8775) to work on /usr/local/lib/python3.10/dist-packages/airflow/example_dags/example_branch_operator_decorator.py
[2022-10-04T03:20:08.814+0000] {processor.py:758} INFO - Processing file /usr/local/lib/python3.10/dist-packages/airflow/example_dags/example_branch_operator_decorator.py for tasks to queue
[2022-10-04T03:20:08.815+0000] {logging_mixin.py:117} INFO - [2022-10-04T03:20:08.815+0000] {dagbag.py:525} INFO - Filling up the DagBag from /usr/local/lib/python3.10/dist-packages/airflow/example_dags/example_branch_operator_decorator.py
[2022-10-04T03:20:08.841+0000] {processor.py:768} INFO - DAG(s) dict_keys(['example_branch_python_operator_decorator']) retrieved from /usr/local/lib/python3.10/dist-packages/airflow/example_dags/example_branch_operator_decorator.py
[2022-10-04T03:20:08.865+0000] {logging_mixin.py:117} INFO - [2022-10-04T03:20:08.864+0000] {dag.py:2573} INFO - Sync 1 DAGs
[2022-10-04T03:20:08.883+0000] {logging_mixin.py:117} INFO - [2022-10-04T03:20:08.883+0000] {dag.py:3324} INFO - Setting next_dagrun for example_branch_python_operator_decorator to 2022-10-03T00:00:00+00:00, run_after=2022-10-04T00:00:00+00:00
[2022-10-04T03:20:08.907+0000] {processor.py:178} INFO - Processing /usr/local/lib/python3.10/dist-packages/airflow/example_dags/example_branch_operator_decorator.py took 0.096 seconds
[2022-10-04T03:20:48.333+0000] {processor.py:156} INFO - Started process (PID=8816) to work on /usr/local/lib/python3.10/dist-packages/airflow/example_dags/example_branch_operator_decorator.py
[2022-10-04T03:20:48.334+0000] {processor.py:758} INFO - Processing file /usr/local/lib/python3.10/dist-packages/airflow/example_dags/example_branch_operator_decorator.py for tasks to queue
[2022-10-04T03:20:48.335+0000] {logging_mixin.py:117} INFO - [2022-10-04T03:20:48.335+0000] {dagbag.py:525} INFO - Filling up the DagBag from /usr/local/lib/python3.10/dist-packages/airflow/example_dags/example_branch_operator_decorator.py
[2022-10-04T03:20:48.359+0000] {processor.py:768} INFO - DAG(s) dict_keys(['example_branch_python_operator_decorator']) retrieved from /usr/local/lib/python3.10/dist-packages/airflow/example_dags/example_branch_operator_decorator.py
[2022-10-04T03:20:48.380+0000] {logging_mixin.py:117} INFO - [2022-10-04T03:20:48.380+0000] {dag.py:2573} INFO - Sync 1 DAGs
[2022-10-04T03:20:48.402+0000] {logging_mixin.py:117} INFO - [2022-10-04T03:20:48.402+0000] {dag.py:3324} INFO - Setting next_dagrun for example_branch_python_operator_decorator to 2022-10-03T00:00:00+00:00, run_after=2022-10-04T00:00:00+00:00
[2022-10-04T03:20:48.430+0000] {processor.py:178} INFO - Processing /usr/local/lib/python3.10/dist-packages/airflow/example_dags/example_branch_operator_decorator.py took 0.100 seconds
[2022-10-04T03:21:26.263+0000] {processor.py:156} INFO - Started process (PID=8853) to work on /usr/local/lib/python3.10/dist-packages/airflow/example_dags/example_branch_operator_decorator.py
[2022-10-04T03:21:26.264+0000] {processor.py:758} INFO - Processing file /usr/local/lib/python3.10/dist-packages/airflow/example_dags/example_branch_operator_decorator.py for tasks to queue
[2022-10-04T03:21:26.265+0000] {logging_mixin.py:117} INFO - [2022-10-04T03:21:26.265+0000] {dagbag.py:525} INFO - Filling up the DagBag from /usr/local/lib/python3.10/dist-packages/airflow/example_dags/example_branch_operator_decorator.py
[2022-10-04T03:21:26.293+0000] {processor.py:768} INFO - DAG(s) dict_keys(['example_branch_python_operator_decorator']) retrieved from /usr/local/lib/python3.10/dist-packages/airflow/example_dags/example_branch_operator_decorator.py
[2022-10-04T03:21:26.317+0000] {logging_mixin.py:117} INFO - [2022-10-04T03:21:26.317+0000] {dag.py:2573} INFO - Sync 1 DAGs
[2022-10-04T03:21:26.339+0000] {logging_mixin.py:117} INFO - [2022-10-04T03:21:26.339+0000] {dag.py:3324} INFO - Setting next_dagrun for example_branch_python_operator_decorator to 2022-10-03T00:00:00+00:00, run_after=2022-10-04T00:00:00+00:00
[2022-10-04T03:21:26.366+0000] {processor.py:178} INFO - Processing /usr/local/lib/python3.10/dist-packages/airflow/example_dags/example_branch_operator_decorator.py took 0.106 seconds
[2022-10-04T03:22:06.293+0000] {processor.py:156} INFO - Started process (PID=8891) to work on /usr/local/lib/python3.10/dist-packages/airflow/example_dags/example_branch_operator_decorator.py
[2022-10-04T03:22:06.295+0000] {processor.py:758} INFO - Processing file /usr/local/lib/python3.10/dist-packages/airflow/example_dags/example_branch_operator_decorator.py for tasks to queue
[2022-10-04T03:22:06.295+0000] {logging_mixin.py:117} INFO - [2022-10-04T03:22:06.295+0000] {dagbag.py:525} INFO - Filling up the DagBag from /usr/local/lib/python3.10/dist-packages/airflow/example_dags/example_branch_operator_decorator.py
[2022-10-04T03:22:06.318+0000] {processor.py:768} INFO - DAG(s) dict_keys(['example_branch_python_operator_decorator']) retrieved from /usr/local/lib/python3.10/dist-packages/airflow/example_dags/example_branch_operator_decorator.py
[2022-10-04T03:22:06.340+0000] {logging_mixin.py:117} INFO - [2022-10-04T03:22:06.340+0000] {dag.py:2573} INFO - Sync 1 DAGs
[2022-10-04T03:22:06.359+0000] {logging_mixin.py:117} INFO - [2022-10-04T03:22:06.359+0000] {dag.py:3324} INFO - Setting next_dagrun for example_branch_python_operator_decorator to 2022-10-03T00:00:00+00:00, run_after=2022-10-04T00:00:00+00:00
[2022-10-04T03:22:06.380+0000] {processor.py:178} INFO - Processing /usr/local/lib/python3.10/dist-packages/airflow/example_dags/example_branch_operator_decorator.py took 0.089 seconds
[2022-10-04T03:22:45.112+0000] {processor.py:156} INFO - Started process (PID=8932) to work on /usr/local/lib/python3.10/dist-packages/airflow/example_dags/example_branch_operator_decorator.py
[2022-10-04T03:22:45.114+0000] {processor.py:758} INFO - Processing file /usr/local/lib/python3.10/dist-packages/airflow/example_dags/example_branch_operator_decorator.py for tasks to queue
[2022-10-04T03:22:45.114+0000] {logging_mixin.py:117} INFO - [2022-10-04T03:22:45.114+0000] {dagbag.py:525} INFO - Filling up the DagBag from /usr/local/lib/python3.10/dist-packages/airflow/example_dags/example_branch_operator_decorator.py
[2022-10-04T03:22:45.137+0000] {processor.py:768} INFO - DAG(s) dict_keys(['example_branch_python_operator_decorator']) retrieved from /usr/local/lib/python3.10/dist-packages/airflow/example_dags/example_branch_operator_decorator.py
[2022-10-04T03:22:45.163+0000] {logging_mixin.py:117} INFO - [2022-10-04T03:22:45.163+0000] {dag.py:2573} INFO - Sync 1 DAGs
[2022-10-04T03:22:45.184+0000] {logging_mixin.py:117} INFO - [2022-10-04T03:22:45.184+0000] {dag.py:3324} INFO - Setting next_dagrun for example_branch_python_operator_decorator to 2022-10-03T00:00:00+00:00, run_after=2022-10-04T00:00:00+00:00
[2022-10-04T03:22:45.210+0000] {processor.py:178} INFO - Processing /usr/local/lib/python3.10/dist-packages/airflow/example_dags/example_branch_operator_decorator.py took 0.101 seconds
[2022-10-04T03:23:51.950+0000] {processor.py:156} INFO - Started process (PID=9004) to work on /usr/local/lib/python3.10/dist-packages/airflow/example_dags/example_branch_operator_decorator.py
[2022-10-04T03:23:51.951+0000] {processor.py:758} INFO - Processing file /usr/local/lib/python3.10/dist-packages/airflow/example_dags/example_branch_operator_decorator.py for tasks to queue
[2022-10-04T03:23:51.952+0000] {logging_mixin.py:117} INFO - [2022-10-04T03:23:51.951+0000] {dagbag.py:525} INFO - Filling up the DagBag from /usr/local/lib/python3.10/dist-packages/airflow/example_dags/example_branch_operator_decorator.py
[2022-10-04T03:23:51.975+0000] {processor.py:768} INFO - DAG(s) dict_keys(['example_branch_python_operator_decorator']) retrieved from /usr/local/lib/python3.10/dist-packages/airflow/example_dags/example_branch_operator_decorator.py
[2022-10-04T03:23:51.988+0000] {logging_mixin.py:117} INFO - [2022-10-04T03:23:51.987+0000] {dag.py:2573} INFO - Sync 1 DAGs
[2022-10-04T03:23:52.007+0000] {logging_mixin.py:117} INFO - [2022-10-04T03:23:52.007+0000] {dag.py:3324} INFO - Setting next_dagrun for example_branch_python_operator_decorator to 2022-10-03T00:00:00+00:00, run_after=2022-10-04T00:00:00+00:00
[2022-10-04T03:23:52.028+0000] {processor.py:178} INFO - Processing /usr/local/lib/python3.10/dist-packages/airflow/example_dags/example_branch_operator_decorator.py took 0.081 seconds
[2022-10-04T03:24:30.105+0000] {processor.py:156} INFO - Started process (PID=9045) to work on /usr/local/lib/python3.10/dist-packages/airflow/example_dags/example_branch_operator_decorator.py
[2022-10-04T03:24:30.106+0000] {processor.py:758} INFO - Processing file /usr/local/lib/python3.10/dist-packages/airflow/example_dags/example_branch_operator_decorator.py for tasks to queue
[2022-10-04T03:24:30.107+0000] {logging_mixin.py:117} INFO - [2022-10-04T03:24:30.106+0000] {dagbag.py:525} INFO - Filling up the DagBag from /usr/local/lib/python3.10/dist-packages/airflow/example_dags/example_branch_operator_decorator.py
[2022-10-04T03:24:30.135+0000] {processor.py:768} INFO - DAG(s) dict_keys(['example_branch_python_operator_decorator']) retrieved from /usr/local/lib/python3.10/dist-packages/airflow/example_dags/example_branch_operator_decorator.py
[2022-10-04T03:24:30.160+0000] {logging_mixin.py:117} INFO - [2022-10-04T03:24:30.160+0000] {dag.py:2573} INFO - Sync 1 DAGs
[2022-10-04T03:24:30.183+0000] {logging_mixin.py:117} INFO - [2022-10-04T03:24:30.183+0000] {dag.py:3324} INFO - Setting next_dagrun for example_branch_python_operator_decorator to 2022-10-03T00:00:00+00:00, run_after=2022-10-04T00:00:00+00:00
[2022-10-04T03:24:30.215+0000] {processor.py:178} INFO - Processing /usr/local/lib/python3.10/dist-packages/airflow/example_dags/example_branch_operator_decorator.py took 0.113 seconds
[2022-10-04T03:25:10.476+0000] {processor.py:156} INFO - Started process (PID=9086) to work on /usr/local/lib/python3.10/dist-packages/airflow/example_dags/example_branch_operator_decorator.py
[2022-10-04T03:25:10.477+0000] {processor.py:758} INFO - Processing file /usr/local/lib/python3.10/dist-packages/airflow/example_dags/example_branch_operator_decorator.py for tasks to queue
[2022-10-04T03:25:10.481+0000] {logging_mixin.py:117} INFO - [2022-10-04T03:25:10.481+0000] {dagbag.py:525} INFO - Filling up the DagBag from /usr/local/lib/python3.10/dist-packages/airflow/example_dags/example_branch_operator_decorator.py
[2022-10-04T03:25:10.516+0000] {processor.py:768} INFO - DAG(s) dict_keys(['example_branch_python_operator_decorator']) retrieved from /usr/local/lib/python3.10/dist-packages/airflow/example_dags/example_branch_operator_decorator.py
[2022-10-04T03:25:10.545+0000] {logging_mixin.py:117} INFO - [2022-10-04T03:25:10.544+0000] {dag.py:2573} INFO - Sync 1 DAGs
[2022-10-04T03:25:10.569+0000] {logging_mixin.py:117} INFO - [2022-10-04T03:25:10.569+0000] {dag.py:3324} INFO - Setting next_dagrun for example_branch_python_operator_decorator to 2022-10-03T00:00:00+00:00, run_after=2022-10-04T00:00:00+00:00
[2022-10-04T03:25:10.614+0000] {processor.py:178} INFO - Processing /usr/local/lib/python3.10/dist-packages/airflow/example_dags/example_branch_operator_decorator.py took 0.141 seconds
[2022-10-04T03:26:24.435+0000] {processor.py:156} INFO - Started process (PID=9169) to work on /usr/local/lib/python3.10/dist-packages/airflow/example_dags/example_branch_operator_decorator.py
[2022-10-04T03:26:24.436+0000] {processor.py:758} INFO - Processing file /usr/local/lib/python3.10/dist-packages/airflow/example_dags/example_branch_operator_decorator.py for tasks to queue
[2022-10-04T03:26:24.437+0000] {logging_mixin.py:117} INFO - [2022-10-04T03:26:24.436+0000] {dagbag.py:525} INFO - Filling up the DagBag from /usr/local/lib/python3.10/dist-packages/airflow/example_dags/example_branch_operator_decorator.py
[2022-10-04T03:26:24.459+0000] {processor.py:768} INFO - DAG(s) dict_keys(['example_branch_python_operator_decorator']) retrieved from /usr/local/lib/python3.10/dist-packages/airflow/example_dags/example_branch_operator_decorator.py
[2022-10-04T03:26:24.473+0000] {logging_mixin.py:117} INFO - [2022-10-04T03:26:24.473+0000] {dag.py:2573} INFO - Sync 1 DAGs
[2022-10-04T03:26:24.504+0000] {logging_mixin.py:117} INFO - [2022-10-04T03:26:24.504+0000] {dag.py:3324} INFO - Setting next_dagrun for example_branch_python_operator_decorator to 2022-10-03T00:00:00+00:00, run_after=2022-10-04T00:00:00+00:00
[2022-10-04T03:26:24.535+0000] {processor.py:178} INFO - Processing /usr/local/lib/python3.10/dist-packages/airflow/example_dags/example_branch_operator_decorator.py took 0.103 seconds
[2022-10-04T03:30:31.925+0000] {processor.py:156} INFO - Started process (PID=9267) to work on /usr/local/lib/python3.10/dist-packages/airflow/example_dags/example_branch_operator_decorator.py
[2022-10-04T03:30:31.927+0000] {processor.py:758} INFO - Processing file /usr/local/lib/python3.10/dist-packages/airflow/example_dags/example_branch_operator_decorator.py for tasks to queue
[2022-10-04T03:30:31.928+0000] {logging_mixin.py:117} INFO - [2022-10-04T03:30:31.928+0000] {dagbag.py:525} INFO - Filling up the DagBag from /usr/local/lib/python3.10/dist-packages/airflow/example_dags/example_branch_operator_decorator.py
[2022-10-04T03:30:31.962+0000] {processor.py:768} INFO - DAG(s) dict_keys(['example_branch_python_operator_decorator']) retrieved from /usr/local/lib/python3.10/dist-packages/airflow/example_dags/example_branch_operator_decorator.py
[2022-10-04T03:30:31.999+0000] {logging_mixin.py:117} INFO - [2022-10-04T03:30:31.999+0000] {dag.py:2573} INFO - Sync 1 DAGs
[2022-10-04T03:30:32.028+0000] {logging_mixin.py:117} INFO - [2022-10-04T03:30:32.027+0000] {dag.py:3324} INFO - Setting next_dagrun for example_branch_python_operator_decorator to 2022-10-03T00:00:00+00:00, run_after=2022-10-04T00:00:00+00:00
[2022-10-04T03:30:32.076+0000] {processor.py:178} INFO - Processing /usr/local/lib/python3.10/dist-packages/airflow/example_dags/example_branch_operator_decorator.py took 0.154 seconds
[2022-10-04T03:31:11.495+0000] {processor.py:156} INFO - Started process (PID=9307) to work on /usr/local/lib/python3.10/dist-packages/airflow/example_dags/example_branch_operator_decorator.py
[2022-10-04T03:31:11.496+0000] {processor.py:758} INFO - Processing file /usr/local/lib/python3.10/dist-packages/airflow/example_dags/example_branch_operator_decorator.py for tasks to queue
[2022-10-04T03:31:11.497+0000] {logging_mixin.py:117} INFO - [2022-10-04T03:31:11.497+0000] {dagbag.py:525} INFO - Filling up the DagBag from /usr/local/lib/python3.10/dist-packages/airflow/example_dags/example_branch_operator_decorator.py
[2022-10-04T03:31:11.519+0000] {processor.py:768} INFO - DAG(s) dict_keys(['example_branch_python_operator_decorator']) retrieved from /usr/local/lib/python3.10/dist-packages/airflow/example_dags/example_branch_operator_decorator.py
[2022-10-04T03:31:11.544+0000] {logging_mixin.py:117} INFO - [2022-10-04T03:31:11.544+0000] {dag.py:2573} INFO - Sync 1 DAGs
[2022-10-04T03:31:11.561+0000] {logging_mixin.py:117} INFO - [2022-10-04T03:31:11.561+0000] {dag.py:3324} INFO - Setting next_dagrun for example_branch_python_operator_decorator to 2022-10-03T00:00:00+00:00, run_after=2022-10-04T00:00:00+00:00
[2022-10-04T03:31:11.582+0000] {processor.py:178} INFO - Processing /usr/local/lib/python3.10/dist-packages/airflow/example_dags/example_branch_operator_decorator.py took 0.089 seconds
[2022-10-04T03:31:52.309+0000] {processor.py:156} INFO - Started process (PID=9364) to work on /usr/local/lib/python3.10/dist-packages/airflow/example_dags/example_branch_operator_decorator.py
[2022-10-04T03:31:52.310+0000] {processor.py:758} INFO - Processing file /usr/local/lib/python3.10/dist-packages/airflow/example_dags/example_branch_operator_decorator.py for tasks to queue
[2022-10-04T03:31:52.311+0000] {logging_mixin.py:117} INFO - [2022-10-04T03:31:52.311+0000] {dagbag.py:525} INFO - Filling up the DagBag from /usr/local/lib/python3.10/dist-packages/airflow/example_dags/example_branch_operator_decorator.py
[2022-10-04T03:31:52.336+0000] {processor.py:768} INFO - DAG(s) dict_keys(['example_branch_python_operator_decorator']) retrieved from /usr/local/lib/python3.10/dist-packages/airflow/example_dags/example_branch_operator_decorator.py
[2022-10-04T03:31:52.367+0000] {logging_mixin.py:117} INFO - [2022-10-04T03:31:52.367+0000] {dag.py:2573} INFO - Sync 1 DAGs
[2022-10-04T03:31:52.391+0000] {logging_mixin.py:117} INFO - [2022-10-04T03:31:52.391+0000] {dag.py:3324} INFO - Setting next_dagrun for example_branch_python_operator_decorator to 2022-10-03T00:00:00+00:00, run_after=2022-10-04T00:00:00+00:00
[2022-10-04T03:31:52.413+0000] {processor.py:178} INFO - Processing /usr/local/lib/python3.10/dist-packages/airflow/example_dags/example_branch_operator_decorator.py took 0.106 seconds
[2022-10-04T03:32:29.384+0000] {processor.py:156} INFO - Started process (PID=9403) to work on /usr/local/lib/python3.10/dist-packages/airflow/example_dags/example_branch_operator_decorator.py
[2022-10-04T03:32:29.385+0000] {processor.py:758} INFO - Processing file /usr/local/lib/python3.10/dist-packages/airflow/example_dags/example_branch_operator_decorator.py for tasks to queue
[2022-10-04T03:32:29.386+0000] {logging_mixin.py:117} INFO - [2022-10-04T03:32:29.386+0000] {dagbag.py:525} INFO - Filling up the DagBag from /usr/local/lib/python3.10/dist-packages/airflow/example_dags/example_branch_operator_decorator.py
[2022-10-04T03:32:29.413+0000] {processor.py:768} INFO - DAG(s) dict_keys(['example_branch_python_operator_decorator']) retrieved from /usr/local/lib/python3.10/dist-packages/airflow/example_dags/example_branch_operator_decorator.py
[2022-10-04T03:32:29.440+0000] {logging_mixin.py:117} INFO - [2022-10-04T03:32:29.439+0000] {dag.py:2573} INFO - Sync 1 DAGs
[2022-10-04T03:32:29.459+0000] {logging_mixin.py:117} INFO - [2022-10-04T03:32:29.459+0000] {dag.py:3324} INFO - Setting next_dagrun for example_branch_python_operator_decorator to 2022-10-03T00:00:00+00:00, run_after=2022-10-04T00:00:00+00:00
[2022-10-04T03:32:29.483+0000] {processor.py:178} INFO - Processing /usr/local/lib/python3.10/dist-packages/airflow/example_dags/example_branch_operator_decorator.py took 0.101 seconds
[2022-10-04T03:33:07.425+0000] {processor.py:156} INFO - Started process (PID=9441) to work on /usr/local/lib/python3.10/dist-packages/airflow/example_dags/example_branch_operator_decorator.py
[2022-10-04T03:33:07.426+0000] {processor.py:758} INFO - Processing file /usr/local/lib/python3.10/dist-packages/airflow/example_dags/example_branch_operator_decorator.py for tasks to queue
[2022-10-04T03:33:07.427+0000] {logging_mixin.py:117} INFO - [2022-10-04T03:33:07.427+0000] {dagbag.py:525} INFO - Filling up the DagBag from /usr/local/lib/python3.10/dist-packages/airflow/example_dags/example_branch_operator_decorator.py
[2022-10-04T03:33:07.452+0000] {processor.py:768} INFO - DAG(s) dict_keys(['example_branch_python_operator_decorator']) retrieved from /usr/local/lib/python3.10/dist-packages/airflow/example_dags/example_branch_operator_decorator.py
[2022-10-04T03:33:07.477+0000] {logging_mixin.py:117} INFO - [2022-10-04T03:33:07.477+0000] {dag.py:2573} INFO - Sync 1 DAGs
[2022-10-04T03:33:07.496+0000] {logging_mixin.py:117} INFO - [2022-10-04T03:33:07.496+0000] {dag.py:3324} INFO - Setting next_dagrun for example_branch_python_operator_decorator to 2022-10-03T00:00:00+00:00, run_after=2022-10-04T00:00:00+00:00
[2022-10-04T03:33:07.519+0000] {processor.py:178} INFO - Processing /usr/local/lib/python3.10/dist-packages/airflow/example_dags/example_branch_operator_decorator.py took 0.097 seconds
[2022-10-04T03:33:43.835+0000] {processor.py:156} INFO - Started process (PID=9482) to work on /usr/local/lib/python3.10/dist-packages/airflow/example_dags/example_branch_operator_decorator.py
[2022-10-04T03:33:43.837+0000] {processor.py:758} INFO - Processing file /usr/local/lib/python3.10/dist-packages/airflow/example_dags/example_branch_operator_decorator.py for tasks to queue
[2022-10-04T03:33:43.838+0000] {logging_mixin.py:117} INFO - [2022-10-04T03:33:43.837+0000] {dagbag.py:525} INFO - Filling up the DagBag from /usr/local/lib/python3.10/dist-packages/airflow/example_dags/example_branch_operator_decorator.py
[2022-10-04T03:33:43.864+0000] {processor.py:768} INFO - DAG(s) dict_keys(['example_branch_python_operator_decorator']) retrieved from /usr/local/lib/python3.10/dist-packages/airflow/example_dags/example_branch_operator_decorator.py
[2022-10-04T03:33:43.890+0000] {logging_mixin.py:117} INFO - [2022-10-04T03:33:43.890+0000] {dag.py:2573} INFO - Sync 1 DAGs
[2022-10-04T03:33:43.911+0000] {logging_mixin.py:117} INFO - [2022-10-04T03:33:43.911+0000] {dag.py:3324} INFO - Setting next_dagrun for example_branch_python_operator_decorator to 2022-10-03T00:00:00+00:00, run_after=2022-10-04T00:00:00+00:00
[2022-10-04T03:33:43.934+0000] {processor.py:178} INFO - Processing /usr/local/lib/python3.10/dist-packages/airflow/example_dags/example_branch_operator_decorator.py took 0.101 seconds
[2022-10-04T03:34:22.914+0000] {processor.py:156} INFO - Started process (PID=9523) to work on /usr/local/lib/python3.10/dist-packages/airflow/example_dags/example_branch_operator_decorator.py
[2022-10-04T03:34:22.916+0000] {processor.py:758} INFO - Processing file /usr/local/lib/python3.10/dist-packages/airflow/example_dags/example_branch_operator_decorator.py for tasks to queue
[2022-10-04T03:34:22.916+0000] {logging_mixin.py:117} INFO - [2022-10-04T03:34:22.916+0000] {dagbag.py:525} INFO - Filling up the DagBag from /usr/local/lib/python3.10/dist-packages/airflow/example_dags/example_branch_operator_decorator.py
[2022-10-04T03:34:22.944+0000] {processor.py:768} INFO - DAG(s) dict_keys(['example_branch_python_operator_decorator']) retrieved from /usr/local/lib/python3.10/dist-packages/airflow/example_dags/example_branch_operator_decorator.py
[2022-10-04T03:34:22.982+0000] {logging_mixin.py:117} INFO - [2022-10-04T03:34:22.982+0000] {dag.py:2573} INFO - Sync 1 DAGs
[2022-10-04T03:34:23.033+0000] {logging_mixin.py:117} INFO - [2022-10-04T03:34:23.033+0000] {dag.py:3324} INFO - Setting next_dagrun for example_branch_python_operator_decorator to 2022-10-03T00:00:00+00:00, run_after=2022-10-04T00:00:00+00:00
[2022-10-04T03:34:23.057+0000] {processor.py:178} INFO - Processing /usr/local/lib/python3.10/dist-packages/airflow/example_dags/example_branch_operator_decorator.py took 0.146 seconds
[2022-10-04T03:46:24.438+0000] {processor.py:156} INFO - Started process (PID=981) to work on /usr/local/lib/python3.10/dist-packages/airflow/example_dags/example_branch_operator_decorator.py
[2022-10-04T03:46:24.446+0000] {processor.py:758} INFO - Processing file /usr/local/lib/python3.10/dist-packages/airflow/example_dags/example_branch_operator_decorator.py for tasks to queue
[2022-10-04T03:46:24.446+0000] {logging_mixin.py:117} INFO - [2022-10-04T03:46:24.446+0000] {dagbag.py:525} INFO - Filling up the DagBag from /usr/local/lib/python3.10/dist-packages/airflow/example_dags/example_branch_operator_decorator.py
[2022-10-04T03:46:24.474+0000] {processor.py:768} INFO - DAG(s) dict_keys(['example_branch_python_operator_decorator']) retrieved from /usr/local/lib/python3.10/dist-packages/airflow/example_dags/example_branch_operator_decorator.py
[2022-10-04T03:46:24.487+0000] {logging_mixin.py:117} INFO - [2022-10-04T03:46:24.487+0000] {dag.py:2573} INFO - Sync 1 DAGs
[2022-10-04T03:46:24.510+0000] {logging_mixin.py:117} INFO - [2022-10-04T03:46:24.510+0000] {dag.py:3324} INFO - Setting next_dagrun for example_branch_python_operator_decorator to 2022-10-03T00:00:00+00:00, run_after=2022-10-04T00:00:00+00:00
[2022-10-04T03:46:24.532+0000] {processor.py:178} INFO - Processing /usr/local/lib/python3.10/dist-packages/airflow/example_dags/example_branch_operator_decorator.py took 0.099 seconds
[2022-10-04T03:47:03.357+0000] {processor.py:156} INFO - Started process (PID=1024) to work on /usr/local/lib/python3.10/dist-packages/airflow/example_dags/example_branch_operator_decorator.py
[2022-10-04T03:47:03.358+0000] {processor.py:758} INFO - Processing file /usr/local/lib/python3.10/dist-packages/airflow/example_dags/example_branch_operator_decorator.py for tasks to queue
[2022-10-04T03:47:03.359+0000] {logging_mixin.py:117} INFO - [2022-10-04T03:47:03.359+0000] {dagbag.py:525} INFO - Filling up the DagBag from /usr/local/lib/python3.10/dist-packages/airflow/example_dags/example_branch_operator_decorator.py
[2022-10-04T03:47:03.385+0000] {processor.py:768} INFO - DAG(s) dict_keys(['example_branch_python_operator_decorator']) retrieved from /usr/local/lib/python3.10/dist-packages/airflow/example_dags/example_branch_operator_decorator.py
[2022-10-04T03:47:03.417+0000] {logging_mixin.py:117} INFO - [2022-10-04T03:47:03.417+0000] {dag.py:2573} INFO - Sync 1 DAGs
[2022-10-04T03:47:03.438+0000] {logging_mixin.py:117} INFO - [2022-10-04T03:47:03.438+0000] {dag.py:3324} INFO - Setting next_dagrun for example_branch_python_operator_decorator to 2022-10-03T00:00:00+00:00, run_after=2022-10-04T00:00:00+00:00
[2022-10-04T03:47:03.460+0000] {processor.py:178} INFO - Processing /usr/local/lib/python3.10/dist-packages/airflow/example_dags/example_branch_operator_decorator.py took 0.106 seconds
[2022-10-04T03:47:42.764+0000] {processor.py:156} INFO - Started process (PID=1130) to work on /usr/local/lib/python3.10/dist-packages/airflow/example_dags/example_branch_operator_decorator.py
[2022-10-04T03:47:42.765+0000] {processor.py:758} INFO - Processing file /usr/local/lib/python3.10/dist-packages/airflow/example_dags/example_branch_operator_decorator.py for tasks to queue
[2022-10-04T03:47:42.766+0000] {logging_mixin.py:117} INFO - [2022-10-04T03:47:42.766+0000] {dagbag.py:525} INFO - Filling up the DagBag from /usr/local/lib/python3.10/dist-packages/airflow/example_dags/example_branch_operator_decorator.py
[2022-10-04T03:47:42.799+0000] {processor.py:768} INFO - DAG(s) dict_keys(['example_branch_python_operator_decorator']) retrieved from /usr/local/lib/python3.10/dist-packages/airflow/example_dags/example_branch_operator_decorator.py
[2022-10-04T03:47:42.827+0000] {logging_mixin.py:117} INFO - [2022-10-04T03:47:42.827+0000] {dag.py:2573} INFO - Sync 1 DAGs
[2022-10-04T03:47:42.846+0000] {logging_mixin.py:117} INFO - [2022-10-04T03:47:42.845+0000] {dag.py:3324} INFO - Setting next_dagrun for example_branch_python_operator_decorator to 2022-10-03T00:00:00+00:00, run_after=2022-10-04T00:00:00+00:00
[2022-10-04T03:47:42.869+0000] {processor.py:178} INFO - Processing /usr/local/lib/python3.10/dist-packages/airflow/example_dags/example_branch_operator_decorator.py took 0.107 seconds
[2022-10-04T03:48:20.590+0000] {processor.py:156} INFO - Started process (PID=1168) to work on /usr/local/lib/python3.10/dist-packages/airflow/example_dags/example_branch_operator_decorator.py
[2022-10-04T03:48:20.592+0000] {processor.py:758} INFO - Processing file /usr/local/lib/python3.10/dist-packages/airflow/example_dags/example_branch_operator_decorator.py for tasks to queue
[2022-10-04T03:48:20.592+0000] {logging_mixin.py:117} INFO - [2022-10-04T03:48:20.592+0000] {dagbag.py:525} INFO - Filling up the DagBag from /usr/local/lib/python3.10/dist-packages/airflow/example_dags/example_branch_operator_decorator.py
[2022-10-04T03:48:20.627+0000] {processor.py:768} INFO - DAG(s) dict_keys(['example_branch_python_operator_decorator']) retrieved from /usr/local/lib/python3.10/dist-packages/airflow/example_dags/example_branch_operator_decorator.py
[2022-10-04T03:48:20.657+0000] {logging_mixin.py:117} INFO - [2022-10-04T03:48:20.657+0000] {dag.py:2573} INFO - Sync 1 DAGs
[2022-10-04T03:48:20.679+0000] {logging_mixin.py:117} INFO - [2022-10-04T03:48:20.679+0000] {dag.py:3324} INFO - Setting next_dagrun for example_branch_python_operator_decorator to 2022-10-03T00:00:00+00:00, run_after=2022-10-04T00:00:00+00:00
[2022-10-04T03:48:20.705+0000] {processor.py:178} INFO - Processing /usr/local/lib/python3.10/dist-packages/airflow/example_dags/example_branch_operator_decorator.py took 0.118 seconds
[2022-10-04T03:49:45.763+0000] {processor.py:156} INFO - Started process (PID=1256) to work on /usr/local/lib/python3.10/dist-packages/airflow/example_dags/example_branch_operator_decorator.py
[2022-10-04T03:49:45.764+0000] {processor.py:758} INFO - Processing file /usr/local/lib/python3.10/dist-packages/airflow/example_dags/example_branch_operator_decorator.py for tasks to queue
[2022-10-04T03:49:45.765+0000] {logging_mixin.py:117} INFO - [2022-10-04T03:49:45.765+0000] {dagbag.py:525} INFO - Filling up the DagBag from /usr/local/lib/python3.10/dist-packages/airflow/example_dags/example_branch_operator_decorator.py
[2022-10-04T03:49:45.800+0000] {processor.py:768} INFO - DAG(s) dict_keys(['example_branch_python_operator_decorator']) retrieved from /usr/local/lib/python3.10/dist-packages/airflow/example_dags/example_branch_operator_decorator.py
[2022-10-04T03:49:45.813+0000] {logging_mixin.py:117} INFO - [2022-10-04T03:49:45.812+0000] {dag.py:2573} INFO - Sync 1 DAGs
[2022-10-04T03:49:45.836+0000] {logging_mixin.py:117} INFO - [2022-10-04T03:49:45.836+0000] {dag.py:3324} INFO - Setting next_dagrun for example_branch_python_operator_decorator to 2022-10-03T00:00:00+00:00, run_after=2022-10-04T00:00:00+00:00
[2022-10-04T03:49:45.863+0000] {processor.py:178} INFO - Processing /usr/local/lib/python3.10/dist-packages/airflow/example_dags/example_branch_operator_decorator.py took 0.103 seconds
[2022-10-04T03:50:29.185+0000] {processor.py:156} INFO - Started process (PID=1297) to work on /usr/local/lib/python3.10/dist-packages/airflow/example_dags/example_branch_operator_decorator.py
[2022-10-04T03:50:29.187+0000] {processor.py:758} INFO - Processing file /usr/local/lib/python3.10/dist-packages/airflow/example_dags/example_branch_operator_decorator.py for tasks to queue
[2022-10-04T03:50:29.189+0000] {logging_mixin.py:117} INFO - [2022-10-04T03:50:29.188+0000] {dagbag.py:525} INFO - Filling up the DagBag from /usr/local/lib/python3.10/dist-packages/airflow/example_dags/example_branch_operator_decorator.py
[2022-10-04T03:50:29.227+0000] {processor.py:768} INFO - DAG(s) dict_keys(['example_branch_python_operator_decorator']) retrieved from /usr/local/lib/python3.10/dist-packages/airflow/example_dags/example_branch_operator_decorator.py
[2022-10-04T03:50:29.257+0000] {logging_mixin.py:117} INFO - [2022-10-04T03:50:29.257+0000] {dag.py:2573} INFO - Sync 1 DAGs
[2022-10-04T03:50:29.277+0000] {logging_mixin.py:117} INFO - [2022-10-04T03:50:29.276+0000] {dag.py:3324} INFO - Setting next_dagrun for example_branch_python_operator_decorator to 2022-10-03T00:00:00+00:00, run_after=2022-10-04T00:00:00+00:00
[2022-10-04T03:50:29.299+0000] {processor.py:178} INFO - Processing /usr/local/lib/python3.10/dist-packages/airflow/example_dags/example_branch_operator_decorator.py took 0.117 seconds
[2022-10-04T03:51:08.560+0000] {processor.py:156} INFO - Started process (PID=1342) to work on /usr/local/lib/python3.10/dist-packages/airflow/example_dags/example_branch_operator_decorator.py
[2022-10-04T03:51:08.562+0000] {processor.py:758} INFO - Processing file /usr/local/lib/python3.10/dist-packages/airflow/example_dags/example_branch_operator_decorator.py for tasks to queue
[2022-10-04T03:51:08.563+0000] {logging_mixin.py:117} INFO - [2022-10-04T03:51:08.562+0000] {dagbag.py:525} INFO - Filling up the DagBag from /usr/local/lib/python3.10/dist-packages/airflow/example_dags/example_branch_operator_decorator.py
[2022-10-04T03:51:08.586+0000] {processor.py:768} INFO - DAG(s) dict_keys(['example_branch_python_operator_decorator']) retrieved from /usr/local/lib/python3.10/dist-packages/airflow/example_dags/example_branch_operator_decorator.py
[2022-10-04T03:51:08.616+0000] {logging_mixin.py:117} INFO - [2022-10-04T03:51:08.615+0000] {dag.py:2573} INFO - Sync 1 DAGs
[2022-10-04T03:51:08.636+0000] {logging_mixin.py:117} INFO - [2022-10-04T03:51:08.636+0000] {dag.py:3324} INFO - Setting next_dagrun for example_branch_python_operator_decorator to 2022-10-03T00:00:00+00:00, run_after=2022-10-04T00:00:00+00:00
[2022-10-04T03:51:08.658+0000] {processor.py:178} INFO - Processing /usr/local/lib/python3.10/dist-packages/airflow/example_dags/example_branch_operator_decorator.py took 0.101 seconds
[2022-10-04T03:51:47.486+0000] {processor.py:156} INFO - Started process (PID=1379) to work on /usr/local/lib/python3.10/dist-packages/airflow/example_dags/example_branch_operator_decorator.py
[2022-10-04T03:51:47.487+0000] {processor.py:758} INFO - Processing file /usr/local/lib/python3.10/dist-packages/airflow/example_dags/example_branch_operator_decorator.py for tasks to queue
[2022-10-04T03:51:47.488+0000] {logging_mixin.py:117} INFO - [2022-10-04T03:51:47.488+0000] {dagbag.py:525} INFO - Filling up the DagBag from /usr/local/lib/python3.10/dist-packages/airflow/example_dags/example_branch_operator_decorator.py
[2022-10-04T03:51:47.515+0000] {processor.py:768} INFO - DAG(s) dict_keys(['example_branch_python_operator_decorator']) retrieved from /usr/local/lib/python3.10/dist-packages/airflow/example_dags/example_branch_operator_decorator.py
[2022-10-04T03:51:47.549+0000] {logging_mixin.py:117} INFO - [2022-10-04T03:51:47.549+0000] {dag.py:2573} INFO - Sync 1 DAGs
[2022-10-04T03:51:47.569+0000] {logging_mixin.py:117} INFO - [2022-10-04T03:51:47.568+0000] {dag.py:3324} INFO - Setting next_dagrun for example_branch_python_operator_decorator to 2022-10-03T00:00:00+00:00, run_after=2022-10-04T00:00:00+00:00
[2022-10-04T03:51:47.592+0000] {processor.py:178} INFO - Processing /usr/local/lib/python3.10/dist-packages/airflow/example_dags/example_branch_operator_decorator.py took 0.109 seconds
[2022-10-04T03:52:26.377+0000] {processor.py:156} INFO - Started process (PID=1418) to work on /usr/local/lib/python3.10/dist-packages/airflow/example_dags/example_branch_operator_decorator.py
[2022-10-04T03:52:26.378+0000] {processor.py:758} INFO - Processing file /usr/local/lib/python3.10/dist-packages/airflow/example_dags/example_branch_operator_decorator.py for tasks to queue
[2022-10-04T03:52:26.378+0000] {logging_mixin.py:117} INFO - [2022-10-04T03:52:26.378+0000] {dagbag.py:525} INFO - Filling up the DagBag from /usr/local/lib/python3.10/dist-packages/airflow/example_dags/example_branch_operator_decorator.py
[2022-10-04T03:52:26.406+0000] {processor.py:768} INFO - DAG(s) dict_keys(['example_branch_python_operator_decorator']) retrieved from /usr/local/lib/python3.10/dist-packages/airflow/example_dags/example_branch_operator_decorator.py
[2022-10-04T03:52:26.433+0000] {logging_mixin.py:117} INFO - [2022-10-04T03:52:26.433+0000] {dag.py:2573} INFO - Sync 1 DAGs
[2022-10-04T03:52:26.454+0000] {logging_mixin.py:117} INFO - [2022-10-04T03:52:26.453+0000] {dag.py:3324} INFO - Setting next_dagrun for example_branch_python_operator_decorator to 2022-10-03T00:00:00+00:00, run_after=2022-10-04T00:00:00+00:00
[2022-10-04T03:52:26.475+0000] {processor.py:178} INFO - Processing /usr/local/lib/python3.10/dist-packages/airflow/example_dags/example_branch_operator_decorator.py took 0.102 seconds
[2022-10-04T03:53:05.273+0000] {processor.py:156} INFO - Started process (PID=1455) to work on /usr/local/lib/python3.10/dist-packages/airflow/example_dags/example_branch_operator_decorator.py
[2022-10-04T03:53:05.274+0000] {processor.py:758} INFO - Processing file /usr/local/lib/python3.10/dist-packages/airflow/example_dags/example_branch_operator_decorator.py for tasks to queue
[2022-10-04T03:53:05.275+0000] {logging_mixin.py:117} INFO - [2022-10-04T03:53:05.275+0000] {dagbag.py:525} INFO - Filling up the DagBag from /usr/local/lib/python3.10/dist-packages/airflow/example_dags/example_branch_operator_decorator.py
[2022-10-04T03:53:05.310+0000] {processor.py:768} INFO - DAG(s) dict_keys(['example_branch_python_operator_decorator']) retrieved from /usr/local/lib/python3.10/dist-packages/airflow/example_dags/example_branch_operator_decorator.py
[2022-10-04T03:53:05.338+0000] {logging_mixin.py:117} INFO - [2022-10-04T03:53:05.338+0000] {dag.py:2573} INFO - Sync 1 DAGs
[2022-10-04T03:53:05.360+0000] {logging_mixin.py:117} INFO - [2022-10-04T03:53:05.360+0000] {dag.py:3324} INFO - Setting next_dagrun for example_branch_python_operator_decorator to 2022-10-03T00:00:00+00:00, run_after=2022-10-04T00:00:00+00:00
[2022-10-04T03:53:05.410+0000] {processor.py:178} INFO - Processing /usr/local/lib/python3.10/dist-packages/airflow/example_dags/example_branch_operator_decorator.py took 0.140 seconds
[2022-10-04T03:53:41.755+0000] {processor.py:156} INFO - Started process (PID=1490) to work on /usr/local/lib/python3.10/dist-packages/airflow/example_dags/example_branch_operator_decorator.py
[2022-10-04T03:53:41.756+0000] {processor.py:758} INFO - Processing file /usr/local/lib/python3.10/dist-packages/airflow/example_dags/example_branch_operator_decorator.py for tasks to queue
[2022-10-04T03:53:41.757+0000] {logging_mixin.py:117} INFO - [2022-10-04T03:53:41.757+0000] {dagbag.py:525} INFO - Filling up the DagBag from /usr/local/lib/python3.10/dist-packages/airflow/example_dags/example_branch_operator_decorator.py
[2022-10-04T03:53:41.789+0000] {processor.py:768} INFO - DAG(s) dict_keys(['example_branch_python_operator_decorator']) retrieved from /usr/local/lib/python3.10/dist-packages/airflow/example_dags/example_branch_operator_decorator.py
[2022-10-04T03:53:41.822+0000] {logging_mixin.py:117} INFO - [2022-10-04T03:53:41.822+0000] {dag.py:2573} INFO - Sync 1 DAGs
[2022-10-04T03:53:41.853+0000] {logging_mixin.py:117} INFO - [2022-10-04T03:53:41.853+0000] {dag.py:3324} INFO - Setting next_dagrun for example_branch_python_operator_decorator to 2022-10-03T00:00:00+00:00, run_after=2022-10-04T00:00:00+00:00
[2022-10-04T03:53:41.880+0000] {processor.py:178} INFO - Processing /usr/local/lib/python3.10/dist-packages/airflow/example_dags/example_branch_operator_decorator.py took 0.128 seconds
[2022-10-04T03:54:18.466+0000] {processor.py:156} INFO - Started process (PID=1546) to work on /usr/local/lib/python3.10/dist-packages/airflow/example_dags/example_branch_operator_decorator.py
[2022-10-04T03:54:18.467+0000] {processor.py:758} INFO - Processing file /usr/local/lib/python3.10/dist-packages/airflow/example_dags/example_branch_operator_decorator.py for tasks to queue
[2022-10-04T03:54:18.468+0000] {logging_mixin.py:117} INFO - [2022-10-04T03:54:18.468+0000] {dagbag.py:525} INFO - Filling up the DagBag from /usr/local/lib/python3.10/dist-packages/airflow/example_dags/example_branch_operator_decorator.py
[2022-10-04T03:54:18.493+0000] {processor.py:768} INFO - DAG(s) dict_keys(['example_branch_python_operator_decorator']) retrieved from /usr/local/lib/python3.10/dist-packages/airflow/example_dags/example_branch_operator_decorator.py
[2022-10-04T03:54:18.527+0000] {logging_mixin.py:117} INFO - [2022-10-04T03:54:18.527+0000] {dag.py:2573} INFO - Sync 1 DAGs
[2022-10-04T03:54:18.548+0000] {logging_mixin.py:117} INFO - [2022-10-04T03:54:18.548+0000] {dag.py:3324} INFO - Setting next_dagrun for example_branch_python_operator_decorator to 2022-10-03T00:00:00+00:00, run_after=2022-10-04T00:00:00+00:00
[2022-10-04T03:54:18.570+0000] {processor.py:178} INFO - Processing /usr/local/lib/python3.10/dist-packages/airflow/example_dags/example_branch_operator_decorator.py took 0.107 seconds
[2022-10-04T03:54:54.898+0000] {processor.py:156} INFO - Started process (PID=1590) to work on /usr/local/lib/python3.10/dist-packages/airflow/example_dags/example_branch_operator_decorator.py
[2022-10-04T03:54:54.899+0000] {processor.py:758} INFO - Processing file /usr/local/lib/python3.10/dist-packages/airflow/example_dags/example_branch_operator_decorator.py for tasks to queue
[2022-10-04T03:54:54.900+0000] {logging_mixin.py:117} INFO - [2022-10-04T03:54:54.900+0000] {dagbag.py:525} INFO - Filling up the DagBag from /usr/local/lib/python3.10/dist-packages/airflow/example_dags/example_branch_operator_decorator.py
[2022-10-04T03:54:54.925+0000] {processor.py:768} INFO - DAG(s) dict_keys(['example_branch_python_operator_decorator']) retrieved from /usr/local/lib/python3.10/dist-packages/airflow/example_dags/example_branch_operator_decorator.py
[2022-10-04T03:54:54.939+0000] {logging_mixin.py:117} INFO - [2022-10-04T03:54:54.939+0000] {dag.py:2573} INFO - Sync 1 DAGs
[2022-10-04T03:54:54.962+0000] {logging_mixin.py:117} INFO - [2022-10-04T03:54:54.961+0000] {dag.py:3324} INFO - Setting next_dagrun for example_branch_python_operator_decorator to 2022-10-03T00:00:00+00:00, run_after=2022-10-04T00:00:00+00:00
[2022-10-04T03:54:54.983+0000] {processor.py:178} INFO - Processing /usr/local/lib/python3.10/dist-packages/airflow/example_dags/example_branch_operator_decorator.py took 0.088 seconds
[2022-10-04T04:35:42.525+0000] {processor.py:156} INFO - Started process (PID=1785) to work on /usr/local/lib/python3.10/dist-packages/airflow/example_dags/example_branch_operator_decorator.py
[2022-10-04T04:35:42.527+0000] {processor.py:758} INFO - Processing file /usr/local/lib/python3.10/dist-packages/airflow/example_dags/example_branch_operator_decorator.py for tasks to queue
[2022-10-04T04:35:42.527+0000] {logging_mixin.py:117} INFO - [2022-10-04T04:35:42.527+0000] {dagbag.py:525} INFO - Filling up the DagBag from /usr/local/lib/python3.10/dist-packages/airflow/example_dags/example_branch_operator_decorator.py
[2022-10-04T04:35:42.555+0000] {processor.py:768} INFO - DAG(s) dict_keys(['example_branch_python_operator_decorator']) retrieved from /usr/local/lib/python3.10/dist-packages/airflow/example_dags/example_branch_operator_decorator.py
[2022-10-04T04:35:42.570+0000] {logging_mixin.py:117} INFO - [2022-10-04T04:35:42.569+0000] {dag.py:2573} INFO - Sync 1 DAGs
[2022-10-04T04:35:42.603+0000] {logging_mixin.py:117} INFO - [2022-10-04T04:35:42.603+0000] {dag.py:3324} INFO - Setting next_dagrun for example_branch_python_operator_decorator to 2022-10-03T00:00:00+00:00, run_after=2022-10-04T00:00:00+00:00
[2022-10-04T04:35:42.627+0000] {processor.py:178} INFO - Processing /usr/local/lib/python3.10/dist-packages/airflow/example_dags/example_branch_operator_decorator.py took 0.105 seconds
[2022-10-04T04:37:23.359+0000] {processor.py:156} INFO - Started process (PID=1875) to work on /usr/local/lib/python3.10/dist-packages/airflow/example_dags/example_branch_operator_decorator.py
[2022-10-04T04:37:23.361+0000] {processor.py:758} INFO - Processing file /usr/local/lib/python3.10/dist-packages/airflow/example_dags/example_branch_operator_decorator.py for tasks to queue
[2022-10-04T04:37:23.361+0000] {logging_mixin.py:117} INFO - [2022-10-04T04:37:23.361+0000] {dagbag.py:525} INFO - Filling up the DagBag from /usr/local/lib/python3.10/dist-packages/airflow/example_dags/example_branch_operator_decorator.py
[2022-10-04T04:37:23.388+0000] {processor.py:768} INFO - DAG(s) dict_keys(['example_branch_python_operator_decorator']) retrieved from /usr/local/lib/python3.10/dist-packages/airflow/example_dags/example_branch_operator_decorator.py
[2022-10-04T04:37:23.417+0000] {logging_mixin.py:117} INFO - [2022-10-04T04:37:23.417+0000] {dag.py:2573} INFO - Sync 1 DAGs
[2022-10-04T04:37:23.437+0000] {logging_mixin.py:117} INFO - [2022-10-04T04:37:23.437+0000] {dag.py:3324} INFO - Setting next_dagrun for example_branch_python_operator_decorator to 2022-10-03T00:00:00+00:00, run_after=2022-10-04T00:00:00+00:00
[2022-10-04T04:37:23.464+0000] {processor.py:178} INFO - Processing /usr/local/lib/python3.10/dist-packages/airflow/example_dags/example_branch_operator_decorator.py took 0.109 seconds
[2022-10-04T04:45:58.275+0000] {processor.py:156} INFO - Started process (PID=2005) to work on /usr/local/lib/python3.10/dist-packages/airflow/example_dags/example_branch_operator_decorator.py
[2022-10-04T04:45:58.277+0000] {processor.py:758} INFO - Processing file /usr/local/lib/python3.10/dist-packages/airflow/example_dags/example_branch_operator_decorator.py for tasks to queue
[2022-10-04T04:45:58.277+0000] {logging_mixin.py:117} INFO - [2022-10-04T04:45:58.277+0000] {dagbag.py:525} INFO - Filling up the DagBag from /usr/local/lib/python3.10/dist-packages/airflow/example_dags/example_branch_operator_decorator.py
[2022-10-04T04:45:58.296+0000] {processor.py:768} INFO - DAG(s) dict_keys(['example_branch_python_operator_decorator']) retrieved from /usr/local/lib/python3.10/dist-packages/airflow/example_dags/example_branch_operator_decorator.py
[2022-10-04T04:45:58.323+0000] {logging_mixin.py:117} INFO - [2022-10-04T04:45:58.323+0000] {dag.py:2573} INFO - Sync 1 DAGs
[2022-10-04T04:45:58.342+0000] {logging_mixin.py:117} INFO - [2022-10-04T04:45:58.342+0000] {dag.py:3324} INFO - Setting next_dagrun for example_branch_python_operator_decorator to 2022-10-03T00:00:00+00:00, run_after=2022-10-04T00:00:00+00:00
[2022-10-04T04:45:58.365+0000] {processor.py:178} INFO - Processing /usr/local/lib/python3.10/dist-packages/airflow/example_dags/example_branch_operator_decorator.py took 0.095 seconds
[2022-10-04T04:46:34.670+0000] {processor.py:156} INFO - Started process (PID=2042) to work on /usr/local/lib/python3.10/dist-packages/airflow/example_dags/example_branch_operator_decorator.py
[2022-10-04T04:46:34.672+0000] {processor.py:758} INFO - Processing file /usr/local/lib/python3.10/dist-packages/airflow/example_dags/example_branch_operator_decorator.py for tasks to queue
[2022-10-04T04:46:34.672+0000] {logging_mixin.py:117} INFO - [2022-10-04T04:46:34.672+0000] {dagbag.py:525} INFO - Filling up the DagBag from /usr/local/lib/python3.10/dist-packages/airflow/example_dags/example_branch_operator_decorator.py
[2022-10-04T04:46:34.695+0000] {processor.py:768} INFO - DAG(s) dict_keys(['example_branch_python_operator_decorator']) retrieved from /usr/local/lib/python3.10/dist-packages/airflow/example_dags/example_branch_operator_decorator.py
[2022-10-04T04:46:34.718+0000] {logging_mixin.py:117} INFO - [2022-10-04T04:46:34.718+0000] {dag.py:2573} INFO - Sync 1 DAGs
[2022-10-04T04:46:34.736+0000] {logging_mixin.py:117} INFO - [2022-10-04T04:46:34.736+0000] {dag.py:3324} INFO - Setting next_dagrun for example_branch_python_operator_decorator to 2022-10-03T00:00:00+00:00, run_after=2022-10-04T00:00:00+00:00
[2022-10-04T04:46:34.759+0000] {processor.py:178} INFO - Processing /usr/local/lib/python3.10/dist-packages/airflow/example_dags/example_branch_operator_decorator.py took 0.092 seconds
[2022-10-04T04:47:13.192+0000] {processor.py:156} INFO - Started process (PID=2080) to work on /usr/local/lib/python3.10/dist-packages/airflow/example_dags/example_branch_operator_decorator.py
[2022-10-04T04:47:13.193+0000] {processor.py:758} INFO - Processing file /usr/local/lib/python3.10/dist-packages/airflow/example_dags/example_branch_operator_decorator.py for tasks to queue
[2022-10-04T04:47:13.194+0000] {logging_mixin.py:117} INFO - [2022-10-04T04:47:13.193+0000] {dagbag.py:525} INFO - Filling up the DagBag from /usr/local/lib/python3.10/dist-packages/airflow/example_dags/example_branch_operator_decorator.py
[2022-10-04T04:47:13.211+0000] {processor.py:768} INFO - DAG(s) dict_keys(['example_branch_python_operator_decorator']) retrieved from /usr/local/lib/python3.10/dist-packages/airflow/example_dags/example_branch_operator_decorator.py
[2022-10-04T04:47:13.232+0000] {logging_mixin.py:117} INFO - [2022-10-04T04:47:13.232+0000] {dag.py:2573} INFO - Sync 1 DAGs
[2022-10-04T04:47:13.248+0000] {logging_mixin.py:117} INFO - [2022-10-04T04:47:13.248+0000] {dag.py:3324} INFO - Setting next_dagrun for example_branch_python_operator_decorator to 2022-10-03T00:00:00+00:00, run_after=2022-10-04T00:00:00+00:00
[2022-10-04T04:47:13.269+0000] {processor.py:178} INFO - Processing /usr/local/lib/python3.10/dist-packages/airflow/example_dags/example_branch_operator_decorator.py took 0.081 seconds
[2022-10-04T04:47:51.482+0000] {processor.py:156} INFO - Started process (PID=2117) to work on /usr/local/lib/python3.10/dist-packages/airflow/example_dags/example_branch_operator_decorator.py
[2022-10-04T04:47:51.483+0000] {processor.py:758} INFO - Processing file /usr/local/lib/python3.10/dist-packages/airflow/example_dags/example_branch_operator_decorator.py for tasks to queue
[2022-10-04T04:47:51.484+0000] {logging_mixin.py:117} INFO - [2022-10-04T04:47:51.484+0000] {dagbag.py:525} INFO - Filling up the DagBag from /usr/local/lib/python3.10/dist-packages/airflow/example_dags/example_branch_operator_decorator.py
[2022-10-04T04:47:51.501+0000] {processor.py:768} INFO - DAG(s) dict_keys(['example_branch_python_operator_decorator']) retrieved from /usr/local/lib/python3.10/dist-packages/airflow/example_dags/example_branch_operator_decorator.py
[2022-10-04T04:47:51.522+0000] {logging_mixin.py:117} INFO - [2022-10-04T04:47:51.522+0000] {dag.py:2573} INFO - Sync 1 DAGs
[2022-10-04T04:47:51.538+0000] {logging_mixin.py:117} INFO - [2022-10-04T04:47:51.538+0000] {dag.py:3324} INFO - Setting next_dagrun for example_branch_python_operator_decorator to 2022-10-03T00:00:00+00:00, run_after=2022-10-04T00:00:00+00:00
[2022-10-04T04:47:51.560+0000] {processor.py:178} INFO - Processing /usr/local/lib/python3.10/dist-packages/airflow/example_dags/example_branch_operator_decorator.py took 0.081 seconds
[2022-10-04T04:48:29.549+0000] {processor.py:156} INFO - Started process (PID=2155) to work on /usr/local/lib/python3.10/dist-packages/airflow/example_dags/example_branch_operator_decorator.py
[2022-10-04T04:48:29.551+0000] {processor.py:758} INFO - Processing file /usr/local/lib/python3.10/dist-packages/airflow/example_dags/example_branch_operator_decorator.py for tasks to queue
[2022-10-04T04:48:29.551+0000] {logging_mixin.py:117} INFO - [2022-10-04T04:48:29.551+0000] {dagbag.py:525} INFO - Filling up the DagBag from /usr/local/lib/python3.10/dist-packages/airflow/example_dags/example_branch_operator_decorator.py
[2022-10-04T04:48:29.571+0000] {processor.py:768} INFO - DAG(s) dict_keys(['example_branch_python_operator_decorator']) retrieved from /usr/local/lib/python3.10/dist-packages/airflow/example_dags/example_branch_operator_decorator.py
[2022-10-04T04:48:29.592+0000] {logging_mixin.py:117} INFO - [2022-10-04T04:48:29.592+0000] {dag.py:2573} INFO - Sync 1 DAGs
[2022-10-04T04:48:29.610+0000] {logging_mixin.py:117} INFO - [2022-10-04T04:48:29.610+0000] {dag.py:3324} INFO - Setting next_dagrun for example_branch_python_operator_decorator to 2022-10-03T00:00:00+00:00, run_after=2022-10-04T00:00:00+00:00
[2022-10-04T04:48:29.632+0000] {processor.py:178} INFO - Processing /usr/local/lib/python3.10/dist-packages/airflow/example_dags/example_branch_operator_decorator.py took 0.086 seconds
[2022-10-04T04:49:05.436+0000] {processor.py:156} INFO - Started process (PID=2193) to work on /usr/local/lib/python3.10/dist-packages/airflow/example_dags/example_branch_operator_decorator.py
[2022-10-04T04:49:05.437+0000] {processor.py:758} INFO - Processing file /usr/local/lib/python3.10/dist-packages/airflow/example_dags/example_branch_operator_decorator.py for tasks to queue
[2022-10-04T04:49:05.438+0000] {logging_mixin.py:117} INFO - [2022-10-04T04:49:05.438+0000] {dagbag.py:525} INFO - Filling up the DagBag from /usr/local/lib/python3.10/dist-packages/airflow/example_dags/example_branch_operator_decorator.py
[2022-10-04T04:49:05.458+0000] {processor.py:768} INFO - DAG(s) dict_keys(['example_branch_python_operator_decorator']) retrieved from /usr/local/lib/python3.10/dist-packages/airflow/example_dags/example_branch_operator_decorator.py
[2022-10-04T04:49:05.480+0000] {logging_mixin.py:117} INFO - [2022-10-04T04:49:05.480+0000] {dag.py:2573} INFO - Sync 1 DAGs
[2022-10-04T04:49:05.498+0000] {logging_mixin.py:117} INFO - [2022-10-04T04:49:05.498+0000] {dag.py:3324} INFO - Setting next_dagrun for example_branch_python_operator_decorator to 2022-10-03T00:00:00+00:00, run_after=2022-10-04T00:00:00+00:00
[2022-10-04T04:49:05.520+0000] {processor.py:178} INFO - Processing /usr/local/lib/python3.10/dist-packages/airflow/example_dags/example_branch_operator_decorator.py took 0.087 seconds
[2022-10-04T04:49:42.940+0000] {processor.py:156} INFO - Started process (PID=2230) to work on /usr/local/lib/python3.10/dist-packages/airflow/example_dags/example_branch_operator_decorator.py
[2022-10-04T04:49:42.942+0000] {processor.py:758} INFO - Processing file /usr/local/lib/python3.10/dist-packages/airflow/example_dags/example_branch_operator_decorator.py for tasks to queue
[2022-10-04T04:49:42.942+0000] {logging_mixin.py:117} INFO - [2022-10-04T04:49:42.942+0000] {dagbag.py:525} INFO - Filling up the DagBag from /usr/local/lib/python3.10/dist-packages/airflow/example_dags/example_branch_operator_decorator.py
[2022-10-04T04:49:42.968+0000] {processor.py:768} INFO - DAG(s) dict_keys(['example_branch_python_operator_decorator']) retrieved from /usr/local/lib/python3.10/dist-packages/airflow/example_dags/example_branch_operator_decorator.py
[2022-10-04T04:49:43.002+0000] {logging_mixin.py:117} INFO - [2022-10-04T04:49:43.002+0000] {dag.py:2573} INFO - Sync 1 DAGs
[2022-10-04T04:49:43.023+0000] {logging_mixin.py:117} INFO - [2022-10-04T04:49:43.023+0000] {dag.py:3324} INFO - Setting next_dagrun for example_branch_python_operator_decorator to 2022-10-03T00:00:00+00:00, run_after=2022-10-04T00:00:00+00:00
[2022-10-04T04:49:43.050+0000] {processor.py:178} INFO - Processing /usr/local/lib/python3.10/dist-packages/airflow/example_dags/example_branch_operator_decorator.py took 0.115 seconds
[2022-10-04T04:50:21.502+0000] {processor.py:156} INFO - Started process (PID=2268) to work on /usr/local/lib/python3.10/dist-packages/airflow/example_dags/example_branch_operator_decorator.py
[2022-10-04T04:50:21.503+0000] {processor.py:758} INFO - Processing file /usr/local/lib/python3.10/dist-packages/airflow/example_dags/example_branch_operator_decorator.py for tasks to queue
[2022-10-04T04:50:21.506+0000] {logging_mixin.py:117} INFO - [2022-10-04T04:50:21.504+0000] {dagbag.py:525} INFO - Filling up the DagBag from /usr/local/lib/python3.10/dist-packages/airflow/example_dags/example_branch_operator_decorator.py
[2022-10-04T04:50:21.524+0000] {processor.py:768} INFO - DAG(s) dict_keys(['example_branch_python_operator_decorator']) retrieved from /usr/local/lib/python3.10/dist-packages/airflow/example_dags/example_branch_operator_decorator.py
[2022-10-04T04:50:21.566+0000] {logging_mixin.py:117} INFO - [2022-10-04T04:50:21.562+0000] {dag.py:2573} INFO - Sync 1 DAGs
[2022-10-04T04:50:21.584+0000] {logging_mixin.py:117} INFO - [2022-10-04T04:50:21.583+0000] {dag.py:3324} INFO - Setting next_dagrun for example_branch_python_operator_decorator to 2022-10-03T00:00:00+00:00, run_after=2022-10-04T00:00:00+00:00
[2022-10-04T04:50:21.607+0000] {processor.py:178} INFO - Processing /usr/local/lib/python3.10/dist-packages/airflow/example_dags/example_branch_operator_decorator.py took 0.109 seconds
[2022-10-04T04:51:00.035+0000] {processor.py:156} INFO - Started process (PID=2306) to work on /usr/local/lib/python3.10/dist-packages/airflow/example_dags/example_branch_operator_decorator.py
[2022-10-04T04:51:00.036+0000] {processor.py:758} INFO - Processing file /usr/local/lib/python3.10/dist-packages/airflow/example_dags/example_branch_operator_decorator.py for tasks to queue
[2022-10-04T04:51:00.037+0000] {logging_mixin.py:117} INFO - [2022-10-04T04:51:00.037+0000] {dagbag.py:525} INFO - Filling up the DagBag from /usr/local/lib/python3.10/dist-packages/airflow/example_dags/example_branch_operator_decorator.py
[2022-10-04T04:51:00.055+0000] {processor.py:768} INFO - DAG(s) dict_keys(['example_branch_python_operator_decorator']) retrieved from /usr/local/lib/python3.10/dist-packages/airflow/example_dags/example_branch_operator_decorator.py
[2022-10-04T04:51:00.076+0000] {logging_mixin.py:117} INFO - [2022-10-04T04:51:00.076+0000] {dag.py:2573} INFO - Sync 1 DAGs
[2022-10-04T04:51:00.092+0000] {logging_mixin.py:117} INFO - [2022-10-04T04:51:00.092+0000] {dag.py:3324} INFO - Setting next_dagrun for example_branch_python_operator_decorator to 2022-10-03T00:00:00+00:00, run_after=2022-10-04T00:00:00+00:00
[2022-10-04T04:51:00.113+0000] {processor.py:178} INFO - Processing /usr/local/lib/python3.10/dist-packages/airflow/example_dags/example_branch_operator_decorator.py took 0.082 seconds
[2022-10-04T04:51:39.055+0000] {processor.py:156} INFO - Started process (PID=2345) to work on /usr/local/lib/python3.10/dist-packages/airflow/example_dags/example_branch_operator_decorator.py
[2022-10-04T04:51:39.056+0000] {processor.py:758} INFO - Processing file /usr/local/lib/python3.10/dist-packages/airflow/example_dags/example_branch_operator_decorator.py for tasks to queue
[2022-10-04T04:51:39.057+0000] {logging_mixin.py:117} INFO - [2022-10-04T04:51:39.057+0000] {dagbag.py:525} INFO - Filling up the DagBag from /usr/local/lib/python3.10/dist-packages/airflow/example_dags/example_branch_operator_decorator.py
[2022-10-04T04:51:39.079+0000] {processor.py:768} INFO - DAG(s) dict_keys(['example_branch_python_operator_decorator']) retrieved from /usr/local/lib/python3.10/dist-packages/airflow/example_dags/example_branch_operator_decorator.py
[2022-10-04T04:51:39.102+0000] {logging_mixin.py:117} INFO - [2022-10-04T04:51:39.102+0000] {dag.py:2573} INFO - Sync 1 DAGs
[2022-10-04T04:51:39.119+0000] {logging_mixin.py:117} INFO - [2022-10-04T04:51:39.119+0000] {dag.py:3324} INFO - Setting next_dagrun for example_branch_python_operator_decorator to 2022-10-03T00:00:00+00:00, run_after=2022-10-04T00:00:00+00:00
[2022-10-04T04:51:39.140+0000] {processor.py:178} INFO - Processing /usr/local/lib/python3.10/dist-packages/airflow/example_dags/example_branch_operator_decorator.py took 0.088 seconds
[2022-10-04T04:52:16.803+0000] {processor.py:156} INFO - Started process (PID=2383) to work on /usr/local/lib/python3.10/dist-packages/airflow/example_dags/example_branch_operator_decorator.py
[2022-10-04T04:52:16.804+0000] {processor.py:758} INFO - Processing file /usr/local/lib/python3.10/dist-packages/airflow/example_dags/example_branch_operator_decorator.py for tasks to queue
[2022-10-04T04:52:16.805+0000] {logging_mixin.py:117} INFO - [2022-10-04T04:52:16.805+0000] {dagbag.py:525} INFO - Filling up the DagBag from /usr/local/lib/python3.10/dist-packages/airflow/example_dags/example_branch_operator_decorator.py
[2022-10-04T04:52:16.825+0000] {processor.py:768} INFO - DAG(s) dict_keys(['example_branch_python_operator_decorator']) retrieved from /usr/local/lib/python3.10/dist-packages/airflow/example_dags/example_branch_operator_decorator.py
[2022-10-04T04:52:16.850+0000] {logging_mixin.py:117} INFO - [2022-10-04T04:52:16.850+0000] {dag.py:2573} INFO - Sync 1 DAGs
[2022-10-04T04:52:16.874+0000] {logging_mixin.py:117} INFO - [2022-10-04T04:52:16.874+0000] {dag.py:3324} INFO - Setting next_dagrun for example_branch_python_operator_decorator to 2022-10-03T00:00:00+00:00, run_after=2022-10-04T00:00:00+00:00
[2022-10-04T04:52:16.903+0000] {processor.py:178} INFO - Processing /usr/local/lib/python3.10/dist-packages/airflow/example_dags/example_branch_operator_decorator.py took 0.103 seconds
[2022-10-04T04:52:49.855+0000] {processor.py:156} INFO - Started process (PID=2415) to work on /usr/local/lib/python3.10/dist-packages/airflow/example_dags/example_branch_operator_decorator.py
[2022-10-04T04:52:49.856+0000] {processor.py:758} INFO - Processing file /usr/local/lib/python3.10/dist-packages/airflow/example_dags/example_branch_operator_decorator.py for tasks to queue
[2022-10-04T04:52:49.856+0000] {logging_mixin.py:117} INFO - [2022-10-04T04:52:49.856+0000] {dagbag.py:525} INFO - Filling up the DagBag from /usr/local/lib/python3.10/dist-packages/airflow/example_dags/example_branch_operator_decorator.py
[2022-10-04T04:52:49.876+0000] {processor.py:768} INFO - DAG(s) dict_keys(['example_branch_python_operator_decorator']) retrieved from /usr/local/lib/python3.10/dist-packages/airflow/example_dags/example_branch_operator_decorator.py
[2022-10-04T04:52:49.898+0000] {logging_mixin.py:117} INFO - [2022-10-04T04:52:49.898+0000] {dag.py:2573} INFO - Sync 1 DAGs
[2022-10-04T04:52:49.917+0000] {logging_mixin.py:117} INFO - [2022-10-04T04:52:49.917+0000] {dag.py:3324} INFO - Setting next_dagrun for example_branch_python_operator_decorator to 2022-10-03T00:00:00+00:00, run_after=2022-10-04T00:00:00+00:00
[2022-10-04T04:52:49.940+0000] {processor.py:178} INFO - Processing /usr/local/lib/python3.10/dist-packages/airflow/example_dags/example_branch_operator_decorator.py took 0.089 seconds
[2022-10-04T04:53:26.027+0000] {processor.py:156} INFO - Started process (PID=2450) to work on /usr/local/lib/python3.10/dist-packages/airflow/example_dags/example_branch_operator_decorator.py
[2022-10-04T04:53:26.029+0000] {processor.py:758} INFO - Processing file /usr/local/lib/python3.10/dist-packages/airflow/example_dags/example_branch_operator_decorator.py for tasks to queue
[2022-10-04T04:53:26.029+0000] {logging_mixin.py:117} INFO - [2022-10-04T04:53:26.029+0000] {dagbag.py:525} INFO - Filling up the DagBag from /usr/local/lib/python3.10/dist-packages/airflow/example_dags/example_branch_operator_decorator.py
[2022-10-04T04:53:26.049+0000] {processor.py:768} INFO - DAG(s) dict_keys(['example_branch_python_operator_decorator']) retrieved from /usr/local/lib/python3.10/dist-packages/airflow/example_dags/example_branch_operator_decorator.py
[2022-10-04T04:53:26.071+0000] {logging_mixin.py:117} INFO - [2022-10-04T04:53:26.071+0000] {dag.py:2573} INFO - Sync 1 DAGs
[2022-10-04T04:53:26.090+0000] {logging_mixin.py:117} INFO - [2022-10-04T04:53:26.090+0000] {dag.py:3324} INFO - Setting next_dagrun for example_branch_python_operator_decorator to 2022-10-03T00:00:00+00:00, run_after=2022-10-04T00:00:00+00:00
[2022-10-04T04:53:26.112+0000] {processor.py:178} INFO - Processing /usr/local/lib/python3.10/dist-packages/airflow/example_dags/example_branch_operator_decorator.py took 0.087 seconds
[2022-10-04T04:54:00.501+0000] {processor.py:156} INFO - Started process (PID=2486) to work on /usr/local/lib/python3.10/dist-packages/airflow/example_dags/example_branch_operator_decorator.py
[2022-10-04T04:54:00.503+0000] {processor.py:758} INFO - Processing file /usr/local/lib/python3.10/dist-packages/airflow/example_dags/example_branch_operator_decorator.py for tasks to queue
[2022-10-04T04:54:00.504+0000] {logging_mixin.py:117} INFO - [2022-10-04T04:54:00.504+0000] {dagbag.py:525} INFO - Filling up the DagBag from /usr/local/lib/python3.10/dist-packages/airflow/example_dags/example_branch_operator_decorator.py
[2022-10-04T04:54:00.551+0000] {processor.py:768} INFO - DAG(s) dict_keys(['example_branch_python_operator_decorator']) retrieved from /usr/local/lib/python3.10/dist-packages/airflow/example_dags/example_branch_operator_decorator.py
[2022-10-04T04:54:00.584+0000] {logging_mixin.py:117} INFO - [2022-10-04T04:54:00.584+0000] {dag.py:2573} INFO - Sync 1 DAGs
[2022-10-04T04:54:00.606+0000] {logging_mixin.py:117} INFO - [2022-10-04T04:54:00.605+0000] {dag.py:3324} INFO - Setting next_dagrun for example_branch_python_operator_decorator to 2022-10-03T00:00:00+00:00, run_after=2022-10-04T00:00:00+00:00
[2022-10-04T04:54:00.643+0000] {processor.py:178} INFO - Processing /usr/local/lib/python3.10/dist-packages/airflow/example_dags/example_branch_operator_decorator.py took 0.151 seconds
