[2022-10-04T03:09:08.609+0000] {processor.py:156} INFO - Started process (PID=7686) to work on /usr/local/lib/python3.10/dist-packages/airflow/example_dags/example_skip_dag.py
[2022-10-04T03:09:08.610+0000] {processor.py:758} INFO - Processing file /usr/local/lib/python3.10/dist-packages/airflow/example_dags/example_skip_dag.py for tasks to queue
[2022-10-04T03:09:08.611+0000] {logging_mixin.py:117} INFO - [2022-10-04T03:09:08.610+0000] {dagbag.py:525} INFO - Filling up the DagBag from /usr/local/lib/python3.10/dist-packages/airflow/example_dags/example_skip_dag.py
[2022-10-04T03:09:08.623+0000] {processor.py:768} INFO - DAG(s) dict_keys(['example_skip_dag']) retrieved from /usr/local/lib/python3.10/dist-packages/airflow/example_dags/example_skip_dag.py
[2022-10-04T03:09:08.725+0000] {logging_mixin.py:117} INFO - [2022-10-04T03:09:08.724+0000] {manager.py:508} INFO - Created Permission View: can read on DAG:example_skip_dag
[2022-10-04T03:09:08.737+0000] {logging_mixin.py:117} INFO - [2022-10-04T03:09:08.736+0000] {manager.py:508} INFO - Created Permission View: can delete on DAG:example_skip_dag
[2022-10-04T03:09:08.747+0000] {logging_mixin.py:117} INFO - [2022-10-04T03:09:08.747+0000] {manager.py:508} INFO - Created Permission View: can edit on DAG:example_skip_dag
[2022-10-04T03:09:08.748+0000] {logging_mixin.py:117} INFO - [2022-10-04T03:09:08.748+0000] {dag.py:2573} INFO - Sync 1 DAGs
[2022-10-04T03:09:08.756+0000] {logging_mixin.py:117} INFO - [2022-10-04T03:09:08.756+0000] {dag.py:2594} INFO - Creating ORM DAG for example_skip_dag
[2022-10-04T03:09:08.764+0000] {logging_mixin.py:117} INFO - [2022-10-04T03:09:08.764+0000] {dag.py:3324} INFO - Setting next_dagrun for example_skip_dag to 2022-10-03T03:09:08.763965+00:00, run_after=2022-10-04T03:09:08.763965+00:00
[2022-10-04T03:09:08.785+0000] {processor.py:178} INFO - Processing /usr/local/lib/python3.10/dist-packages/airflow/example_dags/example_skip_dag.py took 0.178 seconds
[2022-10-04T03:09:50.374+0000] {processor.py:156} INFO - Started process (PID=7724) to work on /usr/local/lib/python3.10/dist-packages/airflow/example_dags/example_skip_dag.py
[2022-10-04T03:09:50.375+0000] {processor.py:758} INFO - Processing file /usr/local/lib/python3.10/dist-packages/airflow/example_dags/example_skip_dag.py for tasks to queue
[2022-10-04T03:09:50.375+0000] {logging_mixin.py:117} INFO - [2022-10-04T03:09:50.375+0000] {dagbag.py:525} INFO - Filling up the DagBag from /usr/local/lib/python3.10/dist-packages/airflow/example_dags/example_skip_dag.py
[2022-10-04T03:09:50.389+0000] {processor.py:768} INFO - DAG(s) dict_keys(['example_skip_dag']) retrieved from /usr/local/lib/python3.10/dist-packages/airflow/example_dags/example_skip_dag.py
[2022-10-04T03:09:50.532+0000] {logging_mixin.py:117} INFO - [2022-10-04T03:09:50.532+0000] {dag.py:2573} INFO - Sync 1 DAGs
[2022-10-04T03:09:50.570+0000] {logging_mixin.py:117} INFO - [2022-10-04T03:09:50.570+0000] {dag.py:3324} INFO - Setting next_dagrun for example_skip_dag to 2022-10-03T03:09:50.570057+00:00, run_after=2022-10-04T03:09:50.570057+00:00
[2022-10-04T03:09:50.712+0000] {processor.py:178} INFO - Processing /usr/local/lib/python3.10/dist-packages/airflow/example_dags/example_skip_dag.py took 0.341 seconds
[2022-10-04T03:10:28.251+0000] {processor.py:156} INFO - Started process (PID=7773) to work on /usr/local/lib/python3.10/dist-packages/airflow/example_dags/example_skip_dag.py
[2022-10-04T03:10:28.253+0000] {processor.py:758} INFO - Processing file /usr/local/lib/python3.10/dist-packages/airflow/example_dags/example_skip_dag.py for tasks to queue
[2022-10-04T03:10:28.253+0000] {logging_mixin.py:117} INFO - [2022-10-04T03:10:28.253+0000] {dagbag.py:525} INFO - Filling up the DagBag from /usr/local/lib/python3.10/dist-packages/airflow/example_dags/example_skip_dag.py
[2022-10-04T03:10:28.272+0000] {processor.py:768} INFO - DAG(s) dict_keys(['example_skip_dag']) retrieved from /usr/local/lib/python3.10/dist-packages/airflow/example_dags/example_skip_dag.py
[2022-10-04T03:10:28.297+0000] {logging_mixin.py:117} INFO - [2022-10-04T03:10:28.297+0000] {dag.py:2573} INFO - Sync 1 DAGs
[2022-10-04T03:10:28.318+0000] {logging_mixin.py:117} INFO - [2022-10-04T03:10:28.318+0000] {dag.py:3324} INFO - Setting next_dagrun for example_skip_dag to 2022-10-03T03:10:28.318438+00:00, run_after=2022-10-04T03:10:28.318438+00:00
[2022-10-04T03:10:28.344+0000] {processor.py:178} INFO - Processing /usr/local/lib/python3.10/dist-packages/airflow/example_dags/example_skip_dag.py took 0.096 seconds
[2022-10-04T03:11:09.445+0000] {processor.py:156} INFO - Started process (PID=7815) to work on /usr/local/lib/python3.10/dist-packages/airflow/example_dags/example_skip_dag.py
[2022-10-04T03:11:09.446+0000] {processor.py:758} INFO - Processing file /usr/local/lib/python3.10/dist-packages/airflow/example_dags/example_skip_dag.py for tasks to queue
[2022-10-04T03:11:09.446+0000] {logging_mixin.py:117} INFO - [2022-10-04T03:11:09.446+0000] {dagbag.py:525} INFO - Filling up the DagBag from /usr/local/lib/python3.10/dist-packages/airflow/example_dags/example_skip_dag.py
[2022-10-04T03:11:09.460+0000] {processor.py:768} INFO - DAG(s) dict_keys(['example_skip_dag']) retrieved from /usr/local/lib/python3.10/dist-packages/airflow/example_dags/example_skip_dag.py
[2022-10-04T03:11:09.483+0000] {logging_mixin.py:117} INFO - [2022-10-04T03:11:09.483+0000] {dag.py:2573} INFO - Sync 1 DAGs
[2022-10-04T03:11:09.500+0000] {logging_mixin.py:117} INFO - [2022-10-04T03:11:09.500+0000] {dag.py:3324} INFO - Setting next_dagrun for example_skip_dag to 2022-10-03T03:11:09.500550+00:00, run_after=2022-10-04T03:11:09.500550+00:00
[2022-10-04T03:11:09.524+0000] {processor.py:178} INFO - Processing /usr/local/lib/python3.10/dist-packages/airflow/example_dags/example_skip_dag.py took 0.082 seconds
[2022-10-04T03:11:48.775+0000] {processor.py:156} INFO - Started process (PID=7853) to work on /usr/local/lib/python3.10/dist-packages/airflow/example_dags/example_skip_dag.py
[2022-10-04T03:11:48.777+0000] {processor.py:758} INFO - Processing file /usr/local/lib/python3.10/dist-packages/airflow/example_dags/example_skip_dag.py for tasks to queue
[2022-10-04T03:11:48.777+0000] {logging_mixin.py:117} INFO - [2022-10-04T03:11:48.777+0000] {dagbag.py:525} INFO - Filling up the DagBag from /usr/local/lib/python3.10/dist-packages/airflow/example_dags/example_skip_dag.py
[2022-10-04T03:11:48.790+0000] {processor.py:768} INFO - DAG(s) dict_keys(['example_skip_dag']) retrieved from /usr/local/lib/python3.10/dist-packages/airflow/example_dags/example_skip_dag.py
[2022-10-04T03:11:48.811+0000] {logging_mixin.py:117} INFO - [2022-10-04T03:11:48.811+0000] {dag.py:2573} INFO - Sync 1 DAGs
[2022-10-04T03:11:48.827+0000] {logging_mixin.py:117} INFO - [2022-10-04T03:11:48.827+0000] {dag.py:3324} INFO - Setting next_dagrun for example_skip_dag to 2022-10-03T03:11:48.827255+00:00, run_after=2022-10-04T03:11:48.827255+00:00
[2022-10-04T03:11:48.850+0000] {processor.py:178} INFO - Processing /usr/local/lib/python3.10/dist-packages/airflow/example_dags/example_skip_dag.py took 0.077 seconds
[2022-10-04T03:12:26.689+0000] {processor.py:156} INFO - Started process (PID=7893) to work on /usr/local/lib/python3.10/dist-packages/airflow/example_dags/example_skip_dag.py
[2022-10-04T03:12:26.690+0000] {processor.py:758} INFO - Processing file /usr/local/lib/python3.10/dist-packages/airflow/example_dags/example_skip_dag.py for tasks to queue
[2022-10-04T03:12:26.690+0000] {logging_mixin.py:117} INFO - [2022-10-04T03:12:26.690+0000] {dagbag.py:525} INFO - Filling up the DagBag from /usr/local/lib/python3.10/dist-packages/airflow/example_dags/example_skip_dag.py
[2022-10-04T03:12:26.704+0000] {processor.py:768} INFO - DAG(s) dict_keys(['example_skip_dag']) retrieved from /usr/local/lib/python3.10/dist-packages/airflow/example_dags/example_skip_dag.py
[2022-10-04T03:12:26.725+0000] {logging_mixin.py:117} INFO - [2022-10-04T03:12:26.724+0000] {dag.py:2573} INFO - Sync 1 DAGs
[2022-10-04T03:12:26.743+0000] {logging_mixin.py:117} INFO - [2022-10-04T03:12:26.743+0000] {dag.py:3324} INFO - Setting next_dagrun for example_skip_dag to 2022-10-03T03:12:26.742900+00:00, run_after=2022-10-04T03:12:26.742900+00:00
[2022-10-04T03:12:26.766+0000] {processor.py:178} INFO - Processing /usr/local/lib/python3.10/dist-packages/airflow/example_dags/example_skip_dag.py took 0.080 seconds
[2022-10-04T03:13:04.471+0000] {processor.py:156} INFO - Started process (PID=7930) to work on /usr/local/lib/python3.10/dist-packages/airflow/example_dags/example_skip_dag.py
[2022-10-04T03:13:04.472+0000] {processor.py:758} INFO - Processing file /usr/local/lib/python3.10/dist-packages/airflow/example_dags/example_skip_dag.py for tasks to queue
[2022-10-04T03:13:04.473+0000] {logging_mixin.py:117} INFO - [2022-10-04T03:13:04.473+0000] {dagbag.py:525} INFO - Filling up the DagBag from /usr/local/lib/python3.10/dist-packages/airflow/example_dags/example_skip_dag.py
[2022-10-04T03:13:04.486+0000] {processor.py:768} INFO - DAG(s) dict_keys(['example_skip_dag']) retrieved from /usr/local/lib/python3.10/dist-packages/airflow/example_dags/example_skip_dag.py
[2022-10-04T03:13:04.507+0000] {logging_mixin.py:117} INFO - [2022-10-04T03:13:04.506+0000] {dag.py:2573} INFO - Sync 1 DAGs
[2022-10-04T03:13:04.525+0000] {logging_mixin.py:117} INFO - [2022-10-04T03:13:04.525+0000] {dag.py:3324} INFO - Setting next_dagrun for example_skip_dag to 2022-10-03T03:13:04.525123+00:00, run_after=2022-10-04T03:13:04.525123+00:00
[2022-10-04T03:13:04.547+0000] {processor.py:178} INFO - Processing /usr/local/lib/python3.10/dist-packages/airflow/example_dags/example_skip_dag.py took 0.078 seconds
[2022-10-04T03:13:43.917+0000] {processor.py:156} INFO - Started process (PID=7969) to work on /usr/local/lib/python3.10/dist-packages/airflow/example_dags/example_skip_dag.py
[2022-10-04T03:13:43.918+0000] {processor.py:758} INFO - Processing file /usr/local/lib/python3.10/dist-packages/airflow/example_dags/example_skip_dag.py for tasks to queue
[2022-10-04T03:13:43.919+0000] {logging_mixin.py:117} INFO - [2022-10-04T03:13:43.919+0000] {dagbag.py:525} INFO - Filling up the DagBag from /usr/local/lib/python3.10/dist-packages/airflow/example_dags/example_skip_dag.py
[2022-10-04T03:13:43.932+0000] {processor.py:768} INFO - DAG(s) dict_keys(['example_skip_dag']) retrieved from /usr/local/lib/python3.10/dist-packages/airflow/example_dags/example_skip_dag.py
[2022-10-04T03:13:43.953+0000] {logging_mixin.py:117} INFO - [2022-10-04T03:13:43.953+0000] {dag.py:2573} INFO - Sync 1 DAGs
[2022-10-04T03:13:43.970+0000] {logging_mixin.py:117} INFO - [2022-10-04T03:13:43.970+0000] {dag.py:3324} INFO - Setting next_dagrun for example_skip_dag to 2022-10-03T03:13:43.969935+00:00, run_after=2022-10-04T03:13:43.969935+00:00
[2022-10-04T03:13:43.991+0000] {processor.py:178} INFO - Processing /usr/local/lib/python3.10/dist-packages/airflow/example_dags/example_skip_dag.py took 0.076 seconds
[2022-10-04T03:14:19.152+0000] {processor.py:156} INFO - Started process (PID=8004) to work on /usr/local/lib/python3.10/dist-packages/airflow/example_dags/example_skip_dag.py
[2022-10-04T03:14:19.153+0000] {processor.py:758} INFO - Processing file /usr/local/lib/python3.10/dist-packages/airflow/example_dags/example_skip_dag.py for tasks to queue
[2022-10-04T03:14:19.154+0000] {logging_mixin.py:117} INFO - [2022-10-04T03:14:19.153+0000] {dagbag.py:525} INFO - Filling up the DagBag from /usr/local/lib/python3.10/dist-packages/airflow/example_dags/example_skip_dag.py
[2022-10-04T03:14:19.166+0000] {processor.py:768} INFO - DAG(s) dict_keys(['example_skip_dag']) retrieved from /usr/local/lib/python3.10/dist-packages/airflow/example_dags/example_skip_dag.py
[2022-10-04T03:14:19.187+0000] {logging_mixin.py:117} INFO - [2022-10-04T03:14:19.187+0000] {dag.py:2573} INFO - Sync 1 DAGs
[2022-10-04T03:14:19.203+0000] {logging_mixin.py:117} INFO - [2022-10-04T03:14:19.203+0000] {dag.py:3324} INFO - Setting next_dagrun for example_skip_dag to 2022-10-03T03:14:19.203042+00:00, run_after=2022-10-04T03:14:19.203042+00:00
[2022-10-04T03:14:19.223+0000] {processor.py:178} INFO - Processing /usr/local/lib/python3.10/dist-packages/airflow/example_dags/example_skip_dag.py took 0.073 seconds
[2022-10-04T03:14:56.257+0000] {processor.py:156} INFO - Started process (PID=8042) to work on /usr/local/lib/python3.10/dist-packages/airflow/example_dags/example_skip_dag.py
[2022-10-04T03:14:56.258+0000] {processor.py:758} INFO - Processing file /usr/local/lib/python3.10/dist-packages/airflow/example_dags/example_skip_dag.py for tasks to queue
[2022-10-04T03:14:56.258+0000] {logging_mixin.py:117} INFO - [2022-10-04T03:14:56.258+0000] {dagbag.py:525} INFO - Filling up the DagBag from /usr/local/lib/python3.10/dist-packages/airflow/example_dags/example_skip_dag.py
[2022-10-04T03:14:56.272+0000] {processor.py:768} INFO - DAG(s) dict_keys(['example_skip_dag']) retrieved from /usr/local/lib/python3.10/dist-packages/airflow/example_dags/example_skip_dag.py
[2022-10-04T03:14:56.293+0000] {logging_mixin.py:117} INFO - [2022-10-04T03:14:56.293+0000] {dag.py:2573} INFO - Sync 1 DAGs
[2022-10-04T03:14:56.310+0000] {logging_mixin.py:117} INFO - [2022-10-04T03:14:56.310+0000] {dag.py:3324} INFO - Setting next_dagrun for example_skip_dag to 2022-10-03T03:14:56.310205+00:00, run_after=2022-10-04T03:14:56.310205+00:00
[2022-10-04T03:14:56.335+0000] {processor.py:178} INFO - Processing /usr/local/lib/python3.10/dist-packages/airflow/example_dags/example_skip_dag.py took 0.081 seconds
[2022-10-04T03:15:40.813+0000] {processor.py:156} INFO - Started process (PID=8086) to work on /usr/local/lib/python3.10/dist-packages/airflow/example_dags/example_skip_dag.py
[2022-10-04T03:15:40.814+0000] {processor.py:758} INFO - Processing file /usr/local/lib/python3.10/dist-packages/airflow/example_dags/example_skip_dag.py for tasks to queue
[2022-10-04T03:15:40.814+0000] {logging_mixin.py:117} INFO - [2022-10-04T03:15:40.814+0000] {dagbag.py:525} INFO - Filling up the DagBag from /usr/local/lib/python3.10/dist-packages/airflow/example_dags/example_skip_dag.py
[2022-10-04T03:15:40.828+0000] {processor.py:768} INFO - DAG(s) dict_keys(['example_skip_dag']) retrieved from /usr/local/lib/python3.10/dist-packages/airflow/example_dags/example_skip_dag.py
[2022-10-04T03:15:40.851+0000] {logging_mixin.py:117} INFO - [2022-10-04T03:15:40.851+0000] {dag.py:2573} INFO - Sync 1 DAGs
[2022-10-04T03:15:40.868+0000] {logging_mixin.py:117} INFO - [2022-10-04T03:15:40.868+0000] {dag.py:3324} INFO - Setting next_dagrun for example_skip_dag to 2022-10-03T03:15:40.867899+00:00, run_after=2022-10-04T03:15:40.867899+00:00
[2022-10-04T03:15:40.890+0000] {processor.py:178} INFO - Processing /usr/local/lib/python3.10/dist-packages/airflow/example_dags/example_skip_dag.py took 0.080 seconds
[2022-10-04T03:16:18.026+0000] {processor.py:156} INFO - Started process (PID=8210) to work on /usr/local/lib/python3.10/dist-packages/airflow/example_dags/example_skip_dag.py
[2022-10-04T03:16:18.027+0000] {processor.py:758} INFO - Processing file /usr/local/lib/python3.10/dist-packages/airflow/example_dags/example_skip_dag.py for tasks to queue
[2022-10-04T03:16:18.028+0000] {logging_mixin.py:117} INFO - [2022-10-04T03:16:18.028+0000] {dagbag.py:525} INFO - Filling up the DagBag from /usr/local/lib/python3.10/dist-packages/airflow/example_dags/example_skip_dag.py
[2022-10-04T03:16:18.043+0000] {processor.py:768} INFO - DAG(s) dict_keys(['example_skip_dag']) retrieved from /usr/local/lib/python3.10/dist-packages/airflow/example_dags/example_skip_dag.py
[2022-10-04T03:16:18.072+0000] {logging_mixin.py:117} INFO - [2022-10-04T03:16:18.072+0000] {dag.py:2573} INFO - Sync 1 DAGs
[2022-10-04T03:16:18.105+0000] {logging_mixin.py:117} INFO - [2022-10-04T03:16:18.104+0000] {dag.py:3324} INFO - Setting next_dagrun for example_skip_dag to 2022-10-03T03:16:18.104370+00:00, run_after=2022-10-04T03:16:18.104370+00:00
[2022-10-04T03:16:18.132+0000] {processor.py:178} INFO - Processing /usr/local/lib/python3.10/dist-packages/airflow/example_dags/example_skip_dag.py took 0.110 seconds
[2022-10-04T03:16:57.089+0000] {processor.py:156} INFO - Started process (PID=8257) to work on /usr/local/lib/python3.10/dist-packages/airflow/example_dags/example_skip_dag.py
[2022-10-04T03:16:57.090+0000] {processor.py:758} INFO - Processing file /usr/local/lib/python3.10/dist-packages/airflow/example_dags/example_skip_dag.py for tasks to queue
[2022-10-04T03:16:57.090+0000] {logging_mixin.py:117} INFO - [2022-10-04T03:16:57.090+0000] {dagbag.py:525} INFO - Filling up the DagBag from /usr/local/lib/python3.10/dist-packages/airflow/example_dags/example_skip_dag.py
[2022-10-04T03:16:57.104+0000] {processor.py:768} INFO - DAG(s) dict_keys(['example_skip_dag']) retrieved from /usr/local/lib/python3.10/dist-packages/airflow/example_dags/example_skip_dag.py
[2022-10-04T03:16:57.127+0000] {logging_mixin.py:117} INFO - [2022-10-04T03:16:57.127+0000] {dag.py:2573} INFO - Sync 1 DAGs
[2022-10-04T03:16:57.148+0000] {logging_mixin.py:117} INFO - [2022-10-04T03:16:57.148+0000] {dag.py:3324} INFO - Setting next_dagrun for example_skip_dag to 2022-10-03T03:16:57.147814+00:00, run_after=2022-10-04T03:16:57.147814+00:00
[2022-10-04T03:16:57.303+0000] {processor.py:178} INFO - Processing /usr/local/lib/python3.10/dist-packages/airflow/example_dags/example_skip_dag.py took 0.217 seconds
[2022-10-04T03:17:38.014+0000] {processor.py:156} INFO - Started process (PID=8615) to work on /usr/local/lib/python3.10/dist-packages/airflow/example_dags/example_skip_dag.py
[2022-10-04T03:17:38.015+0000] {processor.py:758} INFO - Processing file /usr/local/lib/python3.10/dist-packages/airflow/example_dags/example_skip_dag.py for tasks to queue
[2022-10-04T03:17:38.015+0000] {logging_mixin.py:117} INFO - [2022-10-04T03:17:38.015+0000] {dagbag.py:525} INFO - Filling up the DagBag from /usr/local/lib/python3.10/dist-packages/airflow/example_dags/example_skip_dag.py
[2022-10-04T03:17:38.028+0000] {processor.py:768} INFO - DAG(s) dict_keys(['example_skip_dag']) retrieved from /usr/local/lib/python3.10/dist-packages/airflow/example_dags/example_skip_dag.py
[2022-10-04T03:17:38.050+0000] {logging_mixin.py:117} INFO - [2022-10-04T03:17:38.050+0000] {dag.py:2573} INFO - Sync 1 DAGs
[2022-10-04T03:17:38.216+0000] {logging_mixin.py:117} INFO - [2022-10-04T03:17:38.216+0000] {dag.py:3324} INFO - Setting next_dagrun for example_skip_dag to 2022-10-03T03:17:38.216205+00:00, run_after=2022-10-04T03:17:38.216205+00:00
[2022-10-04T03:17:38.241+0000] {processor.py:178} INFO - Processing /usr/local/lib/python3.10/dist-packages/airflow/example_dags/example_skip_dag.py took 0.231 seconds
[2022-10-04T03:18:19.943+0000] {processor.py:156} INFO - Started process (PID=8653) to work on /usr/local/lib/python3.10/dist-packages/airflow/example_dags/example_skip_dag.py
[2022-10-04T03:18:19.944+0000] {processor.py:758} INFO - Processing file /usr/local/lib/python3.10/dist-packages/airflow/example_dags/example_skip_dag.py for tasks to queue
[2022-10-04T03:18:19.945+0000] {logging_mixin.py:117} INFO - [2022-10-04T03:18:19.945+0000] {dagbag.py:525} INFO - Filling up the DagBag from /usr/local/lib/python3.10/dist-packages/airflow/example_dags/example_skip_dag.py
[2022-10-04T03:18:19.967+0000] {processor.py:768} INFO - DAG(s) dict_keys(['example_skip_dag']) retrieved from /usr/local/lib/python3.10/dist-packages/airflow/example_dags/example_skip_dag.py
[2022-10-04T03:18:19.996+0000] {logging_mixin.py:117} INFO - [2022-10-04T03:18:19.996+0000] {dag.py:2573} INFO - Sync 1 DAGs
[2022-10-04T03:18:20.189+0000] {logging_mixin.py:117} INFO - [2022-10-04T03:18:20.189+0000] {dag.py:3324} INFO - Setting next_dagrun for example_skip_dag to 2022-10-03T03:18:20.189003+00:00, run_after=2022-10-04T03:18:20.189003+00:00
[2022-10-04T03:18:20.215+0000] {processor.py:178} INFO - Processing /usr/local/lib/python3.10/dist-packages/airflow/example_dags/example_skip_dag.py took 0.276 seconds
[2022-10-04T03:18:45.644+0000] {processor.py:156} INFO - Started process (PID=8690) to work on /usr/local/lib/python3.10/dist-packages/airflow/example_dags/example_skip_dag.py
[2022-10-04T03:18:45.645+0000] {processor.py:758} INFO - Processing file /usr/local/lib/python3.10/dist-packages/airflow/example_dags/example_skip_dag.py for tasks to queue
[2022-10-04T03:18:45.646+0000] {logging_mixin.py:117} INFO - [2022-10-04T03:18:45.645+0000] {dagbag.py:525} INFO - Filling up the DagBag from /usr/local/lib/python3.10/dist-packages/airflow/example_dags/example_skip_dag.py
[2022-10-04T03:18:45.659+0000] {processor.py:768} INFO - DAG(s) dict_keys(['example_skip_dag']) retrieved from /usr/local/lib/python3.10/dist-packages/airflow/example_dags/example_skip_dag.py
[2022-10-04T03:18:45.672+0000] {logging_mixin.py:117} INFO - [2022-10-04T03:18:45.672+0000] {dag.py:2573} INFO - Sync 1 DAGs
[2022-10-04T03:18:45.693+0000] {logging_mixin.py:117} INFO - [2022-10-04T03:18:45.693+0000] {dag.py:3324} INFO - Setting next_dagrun for example_skip_dag to 2022-10-03T03:18:45.692789+00:00, run_after=2022-10-04T03:18:45.692789+00:00
[2022-10-04T03:18:45.716+0000] {processor.py:178} INFO - Processing /usr/local/lib/python3.10/dist-packages/airflow/example_dags/example_skip_dag.py took 0.074 seconds
[2022-10-04T03:19:23.516+0000] {processor.py:156} INFO - Started process (PID=8728) to work on /usr/local/lib/python3.10/dist-packages/airflow/example_dags/example_skip_dag.py
[2022-10-04T03:19:23.519+0000] {processor.py:758} INFO - Processing file /usr/local/lib/python3.10/dist-packages/airflow/example_dags/example_skip_dag.py for tasks to queue
[2022-10-04T03:19:23.519+0000] {logging_mixin.py:117} INFO - [2022-10-04T03:19:23.519+0000] {dagbag.py:525} INFO - Filling up the DagBag from /usr/local/lib/python3.10/dist-packages/airflow/example_dags/example_skip_dag.py
[2022-10-04T03:19:23.540+0000] {processor.py:768} INFO - DAG(s) dict_keys(['example_skip_dag']) retrieved from /usr/local/lib/python3.10/dist-packages/airflow/example_dags/example_skip_dag.py
[2022-10-04T03:19:23.564+0000] {logging_mixin.py:117} INFO - [2022-10-04T03:19:23.564+0000] {dag.py:2573} INFO - Sync 1 DAGs
[2022-10-04T03:19:23.582+0000] {logging_mixin.py:117} INFO - [2022-10-04T03:19:23.582+0000] {dag.py:3324} INFO - Setting next_dagrun for example_skip_dag to 2022-10-03T03:19:23.581767+00:00, run_after=2022-10-04T03:19:23.581767+00:00
[2022-10-04T03:19:23.604+0000] {processor.py:178} INFO - Processing /usr/local/lib/python3.10/dist-packages/airflow/example_dags/example_skip_dag.py took 0.100 seconds
[2022-10-04T03:20:02.392+0000] {processor.py:156} INFO - Started process (PID=8768) to work on /usr/local/lib/python3.10/dist-packages/airflow/example_dags/example_skip_dag.py
[2022-10-04T03:20:02.393+0000] {processor.py:758} INFO - Processing file /usr/local/lib/python3.10/dist-packages/airflow/example_dags/example_skip_dag.py for tasks to queue
[2022-10-04T03:20:02.394+0000] {logging_mixin.py:117} INFO - [2022-10-04T03:20:02.394+0000] {dagbag.py:525} INFO - Filling up the DagBag from /usr/local/lib/python3.10/dist-packages/airflow/example_dags/example_skip_dag.py
[2022-10-04T03:20:02.412+0000] {processor.py:768} INFO - DAG(s) dict_keys(['example_skip_dag']) retrieved from /usr/local/lib/python3.10/dist-packages/airflow/example_dags/example_skip_dag.py
[2022-10-04T03:20:02.438+0000] {logging_mixin.py:117} INFO - [2022-10-04T03:20:02.437+0000] {dag.py:2573} INFO - Sync 1 DAGs
[2022-10-04T03:20:02.458+0000] {logging_mixin.py:117} INFO - [2022-10-04T03:20:02.458+0000] {dag.py:3324} INFO - Setting next_dagrun for example_skip_dag to 2022-10-03T03:20:02.458160+00:00, run_after=2022-10-04T03:20:02.458160+00:00
[2022-10-04T03:20:02.483+0000] {processor.py:178} INFO - Processing /usr/local/lib/python3.10/dist-packages/airflow/example_dags/example_skip_dag.py took 0.094 seconds
[2022-10-04T03:20:40.219+0000] {processor.py:156} INFO - Started process (PID=8808) to work on /usr/local/lib/python3.10/dist-packages/airflow/example_dags/example_skip_dag.py
[2022-10-04T03:20:40.220+0000] {processor.py:758} INFO - Processing file /usr/local/lib/python3.10/dist-packages/airflow/example_dags/example_skip_dag.py for tasks to queue
[2022-10-04T03:20:40.220+0000] {logging_mixin.py:117} INFO - [2022-10-04T03:20:40.220+0000] {dagbag.py:525} INFO - Filling up the DagBag from /usr/local/lib/python3.10/dist-packages/airflow/example_dags/example_skip_dag.py
[2022-10-04T03:20:40.234+0000] {processor.py:768} INFO - DAG(s) dict_keys(['example_skip_dag']) retrieved from /usr/local/lib/python3.10/dist-packages/airflow/example_dags/example_skip_dag.py
[2022-10-04T03:20:40.254+0000] {logging_mixin.py:117} INFO - [2022-10-04T03:20:40.254+0000] {dag.py:2573} INFO - Sync 1 DAGs
[2022-10-04T03:20:40.286+0000] {logging_mixin.py:117} INFO - [2022-10-04T03:20:40.286+0000] {dag.py:3324} INFO - Setting next_dagrun for example_skip_dag to 2022-10-03T03:20:40.286252+00:00, run_after=2022-10-04T03:20:40.286252+00:00
[2022-10-04T03:20:40.309+0000] {processor.py:178} INFO - Processing /usr/local/lib/python3.10/dist-packages/airflow/example_dags/example_skip_dag.py took 0.093 seconds
[2022-10-04T03:21:19.450+0000] {processor.py:156} INFO - Started process (PID=8845) to work on /usr/local/lib/python3.10/dist-packages/airflow/example_dags/example_skip_dag.py
[2022-10-04T03:21:19.451+0000] {processor.py:758} INFO - Processing file /usr/local/lib/python3.10/dist-packages/airflow/example_dags/example_skip_dag.py for tasks to queue
[2022-10-04T03:21:19.451+0000] {logging_mixin.py:117} INFO - [2022-10-04T03:21:19.451+0000] {dagbag.py:525} INFO - Filling up the DagBag from /usr/local/lib/python3.10/dist-packages/airflow/example_dags/example_skip_dag.py
[2022-10-04T03:21:19.471+0000] {processor.py:768} INFO - DAG(s) dict_keys(['example_skip_dag']) retrieved from /usr/local/lib/python3.10/dist-packages/airflow/example_dags/example_skip_dag.py
[2022-10-04T03:21:19.500+0000] {logging_mixin.py:117} INFO - [2022-10-04T03:21:19.499+0000] {dag.py:2573} INFO - Sync 1 DAGs
[2022-10-04T03:21:19.520+0000] {logging_mixin.py:117} INFO - [2022-10-04T03:21:19.520+0000] {dag.py:3324} INFO - Setting next_dagrun for example_skip_dag to 2022-10-03T03:21:19.520501+00:00, run_after=2022-10-04T03:21:19.520501+00:00
[2022-10-04T03:21:19.552+0000] {processor.py:178} INFO - Processing /usr/local/lib/python3.10/dist-packages/airflow/example_dags/example_skip_dag.py took 0.105 seconds
[2022-10-04T03:21:59.057+0000] {processor.py:156} INFO - Started process (PID=8884) to work on /usr/local/lib/python3.10/dist-packages/airflow/example_dags/example_skip_dag.py
[2022-10-04T03:21:59.058+0000] {processor.py:758} INFO - Processing file /usr/local/lib/python3.10/dist-packages/airflow/example_dags/example_skip_dag.py for tasks to queue
[2022-10-04T03:21:59.059+0000] {logging_mixin.py:117} INFO - [2022-10-04T03:21:59.059+0000] {dagbag.py:525} INFO - Filling up the DagBag from /usr/local/lib/python3.10/dist-packages/airflow/example_dags/example_skip_dag.py
[2022-10-04T03:21:59.073+0000] {processor.py:768} INFO - DAG(s) dict_keys(['example_skip_dag']) retrieved from /usr/local/lib/python3.10/dist-packages/airflow/example_dags/example_skip_dag.py
[2022-10-04T03:21:59.096+0000] {logging_mixin.py:117} INFO - [2022-10-04T03:21:59.096+0000] {dag.py:2573} INFO - Sync 1 DAGs
[2022-10-04T03:21:59.118+0000] {logging_mixin.py:117} INFO - [2022-10-04T03:21:59.118+0000] {dag.py:3324} INFO - Setting next_dagrun for example_skip_dag to 2022-10-03T03:21:59.117816+00:00, run_after=2022-10-04T03:21:59.117816+00:00
[2022-10-04T03:21:59.140+0000] {processor.py:178} INFO - Processing /usr/local/lib/python3.10/dist-packages/airflow/example_dags/example_skip_dag.py took 0.085 seconds
[2022-10-04T03:22:34.733+0000] {processor.py:156} INFO - Started process (PID=8922) to work on /usr/local/lib/python3.10/dist-packages/airflow/example_dags/example_skip_dag.py
[2022-10-04T03:22:34.735+0000] {processor.py:758} INFO - Processing file /usr/local/lib/python3.10/dist-packages/airflow/example_dags/example_skip_dag.py for tasks to queue
[2022-10-04T03:22:34.735+0000] {logging_mixin.py:117} INFO - [2022-10-04T03:22:34.735+0000] {dagbag.py:525} INFO - Filling up the DagBag from /usr/local/lib/python3.10/dist-packages/airflow/example_dags/example_skip_dag.py
[2022-10-04T03:22:34.749+0000] {processor.py:768} INFO - DAG(s) dict_keys(['example_skip_dag']) retrieved from /usr/local/lib/python3.10/dist-packages/airflow/example_dags/example_skip_dag.py
[2022-10-04T03:22:34.772+0000] {logging_mixin.py:117} INFO - [2022-10-04T03:22:34.772+0000] {dag.py:2573} INFO - Sync 1 DAGs
[2022-10-04T03:22:34.791+0000] {logging_mixin.py:117} INFO - [2022-10-04T03:22:34.791+0000] {dag.py:3324} INFO - Setting next_dagrun for example_skip_dag to 2022-10-03T03:22:34.791055+00:00, run_after=2022-10-04T03:22:34.791055+00:00
[2022-10-04T03:22:34.813+0000] {processor.py:178} INFO - Processing /usr/local/lib/python3.10/dist-packages/airflow/example_dags/example_skip_dag.py took 0.082 seconds
[2022-10-04T03:23:11.284+0000] {processor.py:156} INFO - Started process (PID=8959) to work on /usr/local/lib/python3.10/dist-packages/airflow/example_dags/example_skip_dag.py
[2022-10-04T03:23:11.286+0000] {processor.py:758} INFO - Processing file /usr/local/lib/python3.10/dist-packages/airflow/example_dags/example_skip_dag.py for tasks to queue
[2022-10-04T03:23:11.286+0000] {logging_mixin.py:117} INFO - [2022-10-04T03:23:11.286+0000] {dagbag.py:525} INFO - Filling up the DagBag from /usr/local/lib/python3.10/dist-packages/airflow/example_dags/example_skip_dag.py
[2022-10-04T03:23:11.300+0000] {processor.py:768} INFO - DAG(s) dict_keys(['example_skip_dag']) retrieved from /usr/local/lib/python3.10/dist-packages/airflow/example_dags/example_skip_dag.py
[2022-10-04T03:23:11.321+0000] {logging_mixin.py:117} INFO - [2022-10-04T03:23:11.321+0000] {dag.py:2573} INFO - Sync 1 DAGs
[2022-10-04T03:23:11.346+0000] {logging_mixin.py:117} INFO - [2022-10-04T03:23:11.346+0000] {dag.py:3324} INFO - Setting next_dagrun for example_skip_dag to 2022-10-03T03:23:11.346054+00:00, run_after=2022-10-04T03:23:11.346054+00:00
[2022-10-04T03:23:11.369+0000] {processor.py:178} INFO - Processing /usr/local/lib/python3.10/dist-packages/airflow/example_dags/example_skip_dag.py took 0.087 seconds
[2022-10-04T03:23:44.611+0000] {processor.py:156} INFO - Started process (PID=8997) to work on /usr/local/lib/python3.10/dist-packages/airflow/example_dags/example_skip_dag.py
[2022-10-04T03:23:44.612+0000] {processor.py:758} INFO - Processing file /usr/local/lib/python3.10/dist-packages/airflow/example_dags/example_skip_dag.py for tasks to queue
[2022-10-04T03:23:44.612+0000] {logging_mixin.py:117} INFO - [2022-10-04T03:23:44.612+0000] {dagbag.py:525} INFO - Filling up the DagBag from /usr/local/lib/python3.10/dist-packages/airflow/example_dags/example_skip_dag.py
[2022-10-04T03:23:44.625+0000] {processor.py:768} INFO - DAG(s) dict_keys(['example_skip_dag']) retrieved from /usr/local/lib/python3.10/dist-packages/airflow/example_dags/example_skip_dag.py
[2022-10-04T03:23:44.638+0000] {logging_mixin.py:117} INFO - [2022-10-04T03:23:44.638+0000] {dag.py:2573} INFO - Sync 1 DAGs
[2022-10-04T03:23:44.657+0000] {logging_mixin.py:117} INFO - [2022-10-04T03:23:44.657+0000] {dag.py:3324} INFO - Setting next_dagrun for example_skip_dag to 2022-10-03T03:23:44.656869+00:00, run_after=2022-10-04T03:23:44.656869+00:00
[2022-10-04T03:23:44.679+0000] {processor.py:178} INFO - Processing /usr/local/lib/python3.10/dist-packages/airflow/example_dags/example_skip_dag.py took 0.070 seconds
[2022-10-04T03:24:22.504+0000] {processor.py:156} INFO - Started process (PID=9037) to work on /usr/local/lib/python3.10/dist-packages/airflow/example_dags/example_skip_dag.py
[2022-10-04T03:24:22.505+0000] {processor.py:758} INFO - Processing file /usr/local/lib/python3.10/dist-packages/airflow/example_dags/example_skip_dag.py for tasks to queue
[2022-10-04T03:24:22.506+0000] {logging_mixin.py:117} INFO - [2022-10-04T03:24:22.506+0000] {dagbag.py:525} INFO - Filling up the DagBag from /usr/local/lib/python3.10/dist-packages/airflow/example_dags/example_skip_dag.py
[2022-10-04T03:24:22.522+0000] {processor.py:768} INFO - DAG(s) dict_keys(['example_skip_dag']) retrieved from /usr/local/lib/python3.10/dist-packages/airflow/example_dags/example_skip_dag.py
[2022-10-04T03:24:22.550+0000] {logging_mixin.py:117} INFO - [2022-10-04T03:24:22.550+0000] {dag.py:2573} INFO - Sync 1 DAGs
[2022-10-04T03:24:22.582+0000] {logging_mixin.py:117} INFO - [2022-10-04T03:24:22.582+0000] {dag.py:3324} INFO - Setting next_dagrun for example_skip_dag to 2022-10-03T03:24:22.581999+00:00, run_after=2022-10-04T03:24:22.581999+00:00
[2022-10-04T03:24:22.628+0000] {processor.py:178} INFO - Processing /usr/local/lib/python3.10/dist-packages/airflow/example_dags/example_skip_dag.py took 0.127 seconds
[2022-10-04T03:25:01.606+0000] {processor.py:156} INFO - Started process (PID=9076) to work on /usr/local/lib/python3.10/dist-packages/airflow/example_dags/example_skip_dag.py
[2022-10-04T03:25:01.607+0000] {processor.py:758} INFO - Processing file /usr/local/lib/python3.10/dist-packages/airflow/example_dags/example_skip_dag.py for tasks to queue
[2022-10-04T03:25:01.608+0000] {logging_mixin.py:117} INFO - [2022-10-04T03:25:01.607+0000] {dagbag.py:525} INFO - Filling up the DagBag from /usr/local/lib/python3.10/dist-packages/airflow/example_dags/example_skip_dag.py
[2022-10-04T03:25:01.625+0000] {processor.py:768} INFO - DAG(s) dict_keys(['example_skip_dag']) retrieved from /usr/local/lib/python3.10/dist-packages/airflow/example_dags/example_skip_dag.py
[2022-10-04T03:25:01.667+0000] {logging_mixin.py:117} INFO - [2022-10-04T03:25:01.667+0000] {dag.py:2573} INFO - Sync 1 DAGs
[2022-10-04T03:25:01.689+0000] {logging_mixin.py:117} INFO - [2022-10-04T03:25:01.689+0000] {dag.py:3324} INFO - Setting next_dagrun for example_skip_dag to 2022-10-03T03:25:01.689050+00:00, run_after=2022-10-04T03:25:01.689050+00:00
[2022-10-04T03:25:01.718+0000] {processor.py:178} INFO - Processing /usr/local/lib/python3.10/dist-packages/airflow/example_dags/example_skip_dag.py took 0.115 seconds
[2022-10-04T03:26:16.925+0000] {processor.py:156} INFO - Started process (PID=9161) to work on /usr/local/lib/python3.10/dist-packages/airflow/example_dags/example_skip_dag.py
[2022-10-04T03:26:16.927+0000] {processor.py:758} INFO - Processing file /usr/local/lib/python3.10/dist-packages/airflow/example_dags/example_skip_dag.py for tasks to queue
[2022-10-04T03:26:16.927+0000] {logging_mixin.py:117} INFO - [2022-10-04T03:26:16.927+0000] {dagbag.py:525} INFO - Filling up the DagBag from /usr/local/lib/python3.10/dist-packages/airflow/example_dags/example_skip_dag.py
[2022-10-04T03:26:16.941+0000] {processor.py:768} INFO - DAG(s) dict_keys(['example_skip_dag']) retrieved from /usr/local/lib/python3.10/dist-packages/airflow/example_dags/example_skip_dag.py
[2022-10-04T03:26:16.954+0000] {logging_mixin.py:117} INFO - [2022-10-04T03:26:16.953+0000] {dag.py:2573} INFO - Sync 1 DAGs
[2022-10-04T03:26:16.973+0000] {logging_mixin.py:117} INFO - [2022-10-04T03:26:16.973+0000] {dag.py:3324} INFO - Setting next_dagrun for example_skip_dag to 2022-10-03T03:26:16.973358+00:00, run_after=2022-10-04T03:26:16.973358+00:00
[2022-10-04T03:26:16.995+0000] {processor.py:178} INFO - Processing /usr/local/lib/python3.10/dist-packages/airflow/example_dags/example_skip_dag.py took 0.072 seconds
[2022-10-04T03:30:25.633+0000] {processor.py:156} INFO - Started process (PID=9259) to work on /usr/local/lib/python3.10/dist-packages/airflow/example_dags/example_skip_dag.py
[2022-10-04T03:30:25.634+0000] {processor.py:758} INFO - Processing file /usr/local/lib/python3.10/dist-packages/airflow/example_dags/example_skip_dag.py for tasks to queue
[2022-10-04T03:30:25.635+0000] {logging_mixin.py:117} INFO - [2022-10-04T03:30:25.634+0000] {dagbag.py:525} INFO - Filling up the DagBag from /usr/local/lib/python3.10/dist-packages/airflow/example_dags/example_skip_dag.py
[2022-10-04T03:30:25.647+0000] {processor.py:768} INFO - DAG(s) dict_keys(['example_skip_dag']) retrieved from /usr/local/lib/python3.10/dist-packages/airflow/example_dags/example_skip_dag.py
[2022-10-04T03:30:25.659+0000] {logging_mixin.py:117} INFO - [2022-10-04T03:30:25.659+0000] {dag.py:2573} INFO - Sync 1 DAGs
[2022-10-04T03:30:25.677+0000] {logging_mixin.py:117} INFO - [2022-10-04T03:30:25.677+0000] {dag.py:3324} INFO - Setting next_dagrun for example_skip_dag to 2022-10-03T03:30:25.677087+00:00, run_after=2022-10-04T03:30:25.677087+00:00
[2022-10-04T03:30:25.697+0000] {processor.py:178} INFO - Processing /usr/local/lib/python3.10/dist-packages/airflow/example_dags/example_skip_dag.py took 0.067 seconds
[2022-10-04T03:31:04.926+0000] {processor.py:156} INFO - Started process (PID=9300) to work on /usr/local/lib/python3.10/dist-packages/airflow/example_dags/example_skip_dag.py
[2022-10-04T03:31:04.928+0000] {processor.py:758} INFO - Processing file /usr/local/lib/python3.10/dist-packages/airflow/example_dags/example_skip_dag.py for tasks to queue
[2022-10-04T03:31:04.928+0000] {logging_mixin.py:117} INFO - [2022-10-04T03:31:04.928+0000] {dagbag.py:525} INFO - Filling up the DagBag from /usr/local/lib/python3.10/dist-packages/airflow/example_dags/example_skip_dag.py
[2022-10-04T03:31:04.941+0000] {processor.py:768} INFO - DAG(s) dict_keys(['example_skip_dag']) retrieved from /usr/local/lib/python3.10/dist-packages/airflow/example_dags/example_skip_dag.py
[2022-10-04T03:31:04.967+0000] {logging_mixin.py:117} INFO - [2022-10-04T03:31:04.966+0000] {dag.py:2573} INFO - Sync 1 DAGs
[2022-10-04T03:31:04.984+0000] {logging_mixin.py:117} INFO - [2022-10-04T03:31:04.984+0000] {dag.py:3324} INFO - Setting next_dagrun for example_skip_dag to 2022-10-03T03:31:04.983855+00:00, run_after=2022-10-04T03:31:04.983855+00:00
[2022-10-04T03:31:05.006+0000] {processor.py:178} INFO - Processing /usr/local/lib/python3.10/dist-packages/airflow/example_dags/example_skip_dag.py took 0.082 seconds
[2022-10-04T03:31:45.057+0000] {processor.py:156} INFO - Started process (PID=9341) to work on /usr/local/lib/python3.10/dist-packages/airflow/example_dags/example_skip_dag.py
[2022-10-04T03:31:45.059+0000] {processor.py:758} INFO - Processing file /usr/local/lib/python3.10/dist-packages/airflow/example_dags/example_skip_dag.py for tasks to queue
[2022-10-04T03:31:45.059+0000] {logging_mixin.py:117} INFO - [2022-10-04T03:31:45.059+0000] {dagbag.py:525} INFO - Filling up the DagBag from /usr/local/lib/python3.10/dist-packages/airflow/example_dags/example_skip_dag.py
[2022-10-04T03:31:45.074+0000] {processor.py:768} INFO - DAG(s) dict_keys(['example_skip_dag']) retrieved from /usr/local/lib/python3.10/dist-packages/airflow/example_dags/example_skip_dag.py
[2022-10-04T03:31:45.103+0000] {logging_mixin.py:117} INFO - [2022-10-04T03:31:45.103+0000] {dag.py:2573} INFO - Sync 1 DAGs
[2022-10-04T03:31:45.123+0000] {logging_mixin.py:117} INFO - [2022-10-04T03:31:45.123+0000] {dag.py:3324} INFO - Setting next_dagrun for example_skip_dag to 2022-10-03T03:31:45.123132+00:00, run_after=2022-10-04T03:31:45.123132+00:00
[2022-10-04T03:31:45.156+0000] {processor.py:178} INFO - Processing /usr/local/lib/python3.10/dist-packages/airflow/example_dags/example_skip_dag.py took 0.102 seconds
[2022-10-04T03:32:22.944+0000] {processor.py:156} INFO - Started process (PID=9395) to work on /usr/local/lib/python3.10/dist-packages/airflow/example_dags/example_skip_dag.py
[2022-10-04T03:32:22.945+0000] {processor.py:758} INFO - Processing file /usr/local/lib/python3.10/dist-packages/airflow/example_dags/example_skip_dag.py for tasks to queue
[2022-10-04T03:32:22.945+0000] {logging_mixin.py:117} INFO - [2022-10-04T03:32:22.945+0000] {dagbag.py:525} INFO - Filling up the DagBag from /usr/local/lib/python3.10/dist-packages/airflow/example_dags/example_skip_dag.py
[2022-10-04T03:32:22.958+0000] {processor.py:768} INFO - DAG(s) dict_keys(['example_skip_dag']) retrieved from /usr/local/lib/python3.10/dist-packages/airflow/example_dags/example_skip_dag.py
[2022-10-04T03:32:22.981+0000] {logging_mixin.py:117} INFO - [2022-10-04T03:32:22.981+0000] {dag.py:2573} INFO - Sync 1 DAGs
[2022-10-04T03:32:22.997+0000] {logging_mixin.py:117} INFO - [2022-10-04T03:32:22.997+0000] {dag.py:3324} INFO - Setting next_dagrun for example_skip_dag to 2022-10-03T03:32:22.997419+00:00, run_after=2022-10-04T03:32:22.997419+00:00
[2022-10-04T03:32:23.019+0000] {processor.py:178} INFO - Processing /usr/local/lib/python3.10/dist-packages/airflow/example_dags/example_skip_dag.py took 0.077 seconds
[2022-10-04T03:32:59.483+0000] {processor.py:156} INFO - Started process (PID=9433) to work on /usr/local/lib/python3.10/dist-packages/airflow/example_dags/example_skip_dag.py
[2022-10-04T03:32:59.484+0000] {processor.py:758} INFO - Processing file /usr/local/lib/python3.10/dist-packages/airflow/example_dags/example_skip_dag.py for tasks to queue
[2022-10-04T03:32:59.484+0000] {logging_mixin.py:117} INFO - [2022-10-04T03:32:59.484+0000] {dagbag.py:525} INFO - Filling up the DagBag from /usr/local/lib/python3.10/dist-packages/airflow/example_dags/example_skip_dag.py
[2022-10-04T03:32:59.503+0000] {processor.py:768} INFO - DAG(s) dict_keys(['example_skip_dag']) retrieved from /usr/local/lib/python3.10/dist-packages/airflow/example_dags/example_skip_dag.py
[2022-10-04T03:32:59.527+0000] {logging_mixin.py:117} INFO - [2022-10-04T03:32:59.527+0000] {dag.py:2573} INFO - Sync 1 DAGs
[2022-10-04T03:32:59.545+0000] {logging_mixin.py:117} INFO - [2022-10-04T03:32:59.545+0000] {dag.py:3324} INFO - Setting next_dagrun for example_skip_dag to 2022-10-03T03:32:59.545087+00:00, run_after=2022-10-04T03:32:59.545087+00:00
[2022-10-04T03:32:59.568+0000] {processor.py:178} INFO - Processing /usr/local/lib/python3.10/dist-packages/airflow/example_dags/example_skip_dag.py took 0.088 seconds
[2022-10-04T03:33:37.153+0000] {processor.py:156} INFO - Started process (PID=9473) to work on /usr/local/lib/python3.10/dist-packages/airflow/example_dags/example_skip_dag.py
[2022-10-04T03:33:37.154+0000] {processor.py:758} INFO - Processing file /usr/local/lib/python3.10/dist-packages/airflow/example_dags/example_skip_dag.py for tasks to queue
[2022-10-04T03:33:37.154+0000] {logging_mixin.py:117} INFO - [2022-10-04T03:33:37.154+0000] {dagbag.py:525} INFO - Filling up the DagBag from /usr/local/lib/python3.10/dist-packages/airflow/example_dags/example_skip_dag.py
[2022-10-04T03:33:37.168+0000] {processor.py:768} INFO - DAG(s) dict_keys(['example_skip_dag']) retrieved from /usr/local/lib/python3.10/dist-packages/airflow/example_dags/example_skip_dag.py
[2022-10-04T03:33:37.191+0000] {logging_mixin.py:117} INFO - [2022-10-04T03:33:37.191+0000] {dag.py:2573} INFO - Sync 1 DAGs
[2022-10-04T03:33:37.210+0000] {logging_mixin.py:117} INFO - [2022-10-04T03:33:37.210+0000] {dag.py:3324} INFO - Setting next_dagrun for example_skip_dag to 2022-10-03T03:33:37.209793+00:00, run_after=2022-10-04T03:33:37.209793+00:00
[2022-10-04T03:33:37.234+0000] {processor.py:178} INFO - Processing /usr/local/lib/python3.10/dist-packages/airflow/example_dags/example_skip_dag.py took 0.084 seconds
[2022-10-04T03:34:13.849+0000] {processor.py:156} INFO - Started process (PID=9515) to work on /usr/local/lib/python3.10/dist-packages/airflow/example_dags/example_skip_dag.py
[2022-10-04T03:34:13.850+0000] {processor.py:758} INFO - Processing file /usr/local/lib/python3.10/dist-packages/airflow/example_dags/example_skip_dag.py for tasks to queue
[2022-10-04T03:34:13.851+0000] {logging_mixin.py:117} INFO - [2022-10-04T03:34:13.851+0000] {dagbag.py:525} INFO - Filling up the DagBag from /usr/local/lib/python3.10/dist-packages/airflow/example_dags/example_skip_dag.py
[2022-10-04T03:34:13.864+0000] {processor.py:768} INFO - DAG(s) dict_keys(['example_skip_dag']) retrieved from /usr/local/lib/python3.10/dist-packages/airflow/example_dags/example_skip_dag.py
[2022-10-04T03:34:13.888+0000] {logging_mixin.py:117} INFO - [2022-10-04T03:34:13.887+0000] {dag.py:2573} INFO - Sync 1 DAGs
[2022-10-04T03:34:13.906+0000] {logging_mixin.py:117} INFO - [2022-10-04T03:34:13.906+0000] {dag.py:3324} INFO - Setting next_dagrun for example_skip_dag to 2022-10-03T03:34:13.905829+00:00, run_after=2022-10-04T03:34:13.905829+00:00
[2022-10-04T03:34:13.927+0000] {processor.py:178} INFO - Processing /usr/local/lib/python3.10/dist-packages/airflow/example_dags/example_skip_dag.py took 0.080 seconds
[2022-10-04T03:46:16.891+0000] {processor.py:156} INFO - Started process (PID=974) to work on /usr/local/lib/python3.10/dist-packages/airflow/example_dags/example_skip_dag.py
[2022-10-04T03:46:16.893+0000] {processor.py:758} INFO - Processing file /usr/local/lib/python3.10/dist-packages/airflow/example_dags/example_skip_dag.py for tasks to queue
[2022-10-04T03:46:16.894+0000] {logging_mixin.py:117} INFO - [2022-10-04T03:46:16.894+0000] {dagbag.py:525} INFO - Filling up the DagBag from /usr/local/lib/python3.10/dist-packages/airflow/example_dags/example_skip_dag.py
[2022-10-04T03:46:16.908+0000] {processor.py:768} INFO - DAG(s) dict_keys(['example_skip_dag']) retrieved from /usr/local/lib/python3.10/dist-packages/airflow/example_dags/example_skip_dag.py
[2022-10-04T03:46:16.920+0000] {logging_mixin.py:117} INFO - [2022-10-04T03:46:16.920+0000] {dag.py:2573} INFO - Sync 1 DAGs
[2022-10-04T03:46:16.940+0000] {logging_mixin.py:117} INFO - [2022-10-04T03:46:16.939+0000] {dag.py:3324} INFO - Setting next_dagrun for example_skip_dag to 2022-10-03T03:46:16.939643+00:00, run_after=2022-10-04T03:46:16.939643+00:00
[2022-10-04T03:46:16.961+0000] {processor.py:178} INFO - Processing /usr/local/lib/python3.10/dist-packages/airflow/example_dags/example_skip_dag.py took 0.072 seconds
[2022-10-04T03:46:55.752+0000] {processor.py:156} INFO - Started process (PID=1016) to work on /usr/local/lib/python3.10/dist-packages/airflow/example_dags/example_skip_dag.py
[2022-10-04T03:46:55.753+0000] {processor.py:758} INFO - Processing file /usr/local/lib/python3.10/dist-packages/airflow/example_dags/example_skip_dag.py for tasks to queue
[2022-10-04T03:46:55.754+0000] {logging_mixin.py:117} INFO - [2022-10-04T03:46:55.754+0000] {dagbag.py:525} INFO - Filling up the DagBag from /usr/local/lib/python3.10/dist-packages/airflow/example_dags/example_skip_dag.py
[2022-10-04T03:46:55.768+0000] {processor.py:768} INFO - DAG(s) dict_keys(['example_skip_dag']) retrieved from /usr/local/lib/python3.10/dist-packages/airflow/example_dags/example_skip_dag.py
[2022-10-04T03:46:55.793+0000] {logging_mixin.py:117} INFO - [2022-10-04T03:46:55.793+0000] {dag.py:2573} INFO - Sync 1 DAGs
[2022-10-04T03:46:55.812+0000] {logging_mixin.py:117} INFO - [2022-10-04T03:46:55.811+0000] {dag.py:3324} INFO - Setting next_dagrun for example_skip_dag to 2022-10-03T03:46:55.811706+00:00, run_after=2022-10-04T03:46:55.811706+00:00
[2022-10-04T03:46:55.833+0000] {processor.py:178} INFO - Processing /usr/local/lib/python3.10/dist-packages/airflow/example_dags/example_skip_dag.py took 0.083 seconds
[2022-10-04T03:47:36.107+0000] {processor.py:156} INFO - Started process (PID=1075) to work on /usr/local/lib/python3.10/dist-packages/airflow/example_dags/example_skip_dag.py
[2022-10-04T03:47:36.108+0000] {processor.py:758} INFO - Processing file /usr/local/lib/python3.10/dist-packages/airflow/example_dags/example_skip_dag.py for tasks to queue
[2022-10-04T03:47:36.109+0000] {logging_mixin.py:117} INFO - [2022-10-04T03:47:36.109+0000] {dagbag.py:525} INFO - Filling up the DagBag from /usr/local/lib/python3.10/dist-packages/airflow/example_dags/example_skip_dag.py
[2022-10-04T03:47:36.128+0000] {processor.py:768} INFO - DAG(s) dict_keys(['example_skip_dag']) retrieved from /usr/local/lib/python3.10/dist-packages/airflow/example_dags/example_skip_dag.py
[2022-10-04T03:47:36.164+0000] {logging_mixin.py:117} INFO - [2022-10-04T03:47:36.164+0000] {dag.py:2573} INFO - Sync 1 DAGs
[2022-10-04T03:47:36.192+0000] {logging_mixin.py:117} INFO - [2022-10-04T03:47:36.192+0000] {dag.py:3324} INFO - Setting next_dagrun for example_skip_dag to 2022-10-03T03:47:36.192004+00:00, run_after=2022-10-04T03:47:36.192004+00:00
[2022-10-04T03:47:36.222+0000] {processor.py:178} INFO - Processing /usr/local/lib/python3.10/dist-packages/airflow/example_dags/example_skip_dag.py took 0.119 seconds
[2022-10-04T03:48:13.997+0000] {processor.py:156} INFO - Started process (PID=1161) to work on /usr/local/lib/python3.10/dist-packages/airflow/example_dags/example_skip_dag.py
[2022-10-04T03:48:13.998+0000] {processor.py:758} INFO - Processing file /usr/local/lib/python3.10/dist-packages/airflow/example_dags/example_skip_dag.py for tasks to queue
[2022-10-04T03:48:13.998+0000] {logging_mixin.py:117} INFO - [2022-10-04T03:48:13.998+0000] {dagbag.py:525} INFO - Filling up the DagBag from /usr/local/lib/python3.10/dist-packages/airflow/example_dags/example_skip_dag.py
[2022-10-04T03:48:14.020+0000] {processor.py:768} INFO - DAG(s) dict_keys(['example_skip_dag']) retrieved from /usr/local/lib/python3.10/dist-packages/airflow/example_dags/example_skip_dag.py
[2022-10-04T03:48:14.045+0000] {logging_mixin.py:117} INFO - [2022-10-04T03:48:14.045+0000] {dag.py:2573} INFO - Sync 1 DAGs
[2022-10-04T03:48:14.063+0000] {logging_mixin.py:117} INFO - [2022-10-04T03:48:14.063+0000] {dag.py:3324} INFO - Setting next_dagrun for example_skip_dag to 2022-10-03T03:48:14.063473+00:00, run_after=2022-10-04T03:48:14.063473+00:00
[2022-10-04T03:48:14.085+0000] {processor.py:178} INFO - Processing /usr/local/lib/python3.10/dist-packages/airflow/example_dags/example_skip_dag.py took 0.091 seconds
[2022-10-04T03:48:53.471+0000] {processor.py:156} INFO - Started process (PID=1200) to work on /usr/local/lib/python3.10/dist-packages/airflow/example_dags/example_skip_dag.py
[2022-10-04T03:48:53.473+0000] {processor.py:758} INFO - Processing file /usr/local/lib/python3.10/dist-packages/airflow/example_dags/example_skip_dag.py for tasks to queue
[2022-10-04T03:48:53.473+0000] {logging_mixin.py:117} INFO - [2022-10-04T03:48:53.473+0000] {dagbag.py:525} INFO - Filling up the DagBag from /usr/local/lib/python3.10/dist-packages/airflow/example_dags/example_skip_dag.py
[2022-10-04T03:48:53.488+0000] {processor.py:768} INFO - DAG(s) dict_keys(['example_skip_dag']) retrieved from /usr/local/lib/python3.10/dist-packages/airflow/example_dags/example_skip_dag.py
[2022-10-04T03:48:53.514+0000] {logging_mixin.py:117} INFO - [2022-10-04T03:48:53.513+0000] {dag.py:2573} INFO - Sync 1 DAGs
[2022-10-04T03:48:53.531+0000] {logging_mixin.py:117} INFO - [2022-10-04T03:48:53.531+0000] {dag.py:3324} INFO - Setting next_dagrun for example_skip_dag to 2022-10-03T03:48:53.530719+00:00, run_after=2022-10-04T03:48:53.530719+00:00
[2022-10-04T03:48:53.552+0000] {processor.py:178} INFO - Processing /usr/local/lib/python3.10/dist-packages/airflow/example_dags/example_skip_dag.py took 0.084 seconds
[2022-10-04T03:49:38.432+0000] {processor.py:156} INFO - Started process (PID=1249) to work on /usr/local/lib/python3.10/dist-packages/airflow/example_dags/example_skip_dag.py
[2022-10-04T03:49:38.433+0000] {processor.py:758} INFO - Processing file /usr/local/lib/python3.10/dist-packages/airflow/example_dags/example_skip_dag.py for tasks to queue
[2022-10-04T03:49:38.434+0000] {logging_mixin.py:117} INFO - [2022-10-04T03:49:38.434+0000] {dagbag.py:525} INFO - Filling up the DagBag from /usr/local/lib/python3.10/dist-packages/airflow/example_dags/example_skip_dag.py
[2022-10-04T03:49:38.450+0000] {processor.py:768} INFO - DAG(s) dict_keys(['example_skip_dag']) retrieved from /usr/local/lib/python3.10/dist-packages/airflow/example_dags/example_skip_dag.py
[2022-10-04T03:49:38.473+0000] {logging_mixin.py:117} INFO - [2022-10-04T03:49:38.473+0000] {dag.py:2573} INFO - Sync 1 DAGs
[2022-10-04T03:49:38.496+0000] {logging_mixin.py:117} INFO - [2022-10-04T03:49:38.496+0000] {dag.py:3324} INFO - Setting next_dagrun for example_skip_dag to 2022-10-03T03:49:38.495936+00:00, run_after=2022-10-04T03:49:38.495936+00:00
[2022-10-04T03:49:38.520+0000] {processor.py:178} INFO - Processing /usr/local/lib/python3.10/dist-packages/airflow/example_dags/example_skip_dag.py took 0.091 seconds
[2022-10-04T03:50:22.757+0000] {processor.py:156} INFO - Started process (PID=1290) to work on /usr/local/lib/python3.10/dist-packages/airflow/example_dags/example_skip_dag.py
[2022-10-04T03:50:22.758+0000] {processor.py:758} INFO - Processing file /usr/local/lib/python3.10/dist-packages/airflow/example_dags/example_skip_dag.py for tasks to queue
[2022-10-04T03:50:22.759+0000] {logging_mixin.py:117} INFO - [2022-10-04T03:50:22.759+0000] {dagbag.py:525} INFO - Filling up the DagBag from /usr/local/lib/python3.10/dist-packages/airflow/example_dags/example_skip_dag.py
[2022-10-04T03:50:22.772+0000] {processor.py:768} INFO - DAG(s) dict_keys(['example_skip_dag']) retrieved from /usr/local/lib/python3.10/dist-packages/airflow/example_dags/example_skip_dag.py
[2022-10-04T03:50:22.797+0000] {logging_mixin.py:117} INFO - [2022-10-04T03:50:22.797+0000] {dag.py:2573} INFO - Sync 1 DAGs
[2022-10-04T03:50:22.814+0000] {logging_mixin.py:117} INFO - [2022-10-04T03:50:22.814+0000] {dag.py:3324} INFO - Setting next_dagrun for example_skip_dag to 2022-10-03T03:50:22.813830+00:00, run_after=2022-10-04T03:50:22.813830+00:00
[2022-10-04T03:50:22.835+0000] {processor.py:178} INFO - Processing /usr/local/lib/python3.10/dist-packages/airflow/example_dags/example_skip_dag.py took 0.080 seconds
[2022-10-04T03:51:00.507+0000] {processor.py:156} INFO - Started process (PID=1334) to work on /usr/local/lib/python3.10/dist-packages/airflow/example_dags/example_skip_dag.py
[2022-10-04T03:51:00.508+0000] {processor.py:758} INFO - Processing file /usr/local/lib/python3.10/dist-packages/airflow/example_dags/example_skip_dag.py for tasks to queue
[2022-10-04T03:51:00.508+0000] {logging_mixin.py:117} INFO - [2022-10-04T03:51:00.508+0000] {dagbag.py:525} INFO - Filling up the DagBag from /usr/local/lib/python3.10/dist-packages/airflow/example_dags/example_skip_dag.py
[2022-10-04T03:51:00.523+0000] {processor.py:768} INFO - DAG(s) dict_keys(['example_skip_dag']) retrieved from /usr/local/lib/python3.10/dist-packages/airflow/example_dags/example_skip_dag.py
[2022-10-04T03:51:00.561+0000] {logging_mixin.py:117} INFO - [2022-10-04T03:51:00.560+0000] {dag.py:2573} INFO - Sync 1 DAGs
[2022-10-04T03:51:00.578+0000] {logging_mixin.py:117} INFO - [2022-10-04T03:51:00.578+0000] {dag.py:3324} INFO - Setting next_dagrun for example_skip_dag to 2022-10-03T03:51:00.577896+00:00, run_after=2022-10-04T03:51:00.577896+00:00
[2022-10-04T03:51:00.600+0000] {processor.py:178} INFO - Processing /usr/local/lib/python3.10/dist-packages/airflow/example_dags/example_skip_dag.py took 0.096 seconds
[2022-10-04T03:51:39.458+0000] {processor.py:156} INFO - Started process (PID=1371) to work on /usr/local/lib/python3.10/dist-packages/airflow/example_dags/example_skip_dag.py
[2022-10-04T03:51:39.459+0000] {processor.py:758} INFO - Processing file /usr/local/lib/python3.10/dist-packages/airflow/example_dags/example_skip_dag.py for tasks to queue
[2022-10-04T03:51:39.459+0000] {logging_mixin.py:117} INFO - [2022-10-04T03:51:39.459+0000] {dagbag.py:525} INFO - Filling up the DagBag from /usr/local/lib/python3.10/dist-packages/airflow/example_dags/example_skip_dag.py
[2022-10-04T03:51:39.473+0000] {processor.py:768} INFO - DAG(s) dict_keys(['example_skip_dag']) retrieved from /usr/local/lib/python3.10/dist-packages/airflow/example_dags/example_skip_dag.py
[2022-10-04T03:51:39.498+0000] {logging_mixin.py:117} INFO - [2022-10-04T03:51:39.497+0000] {dag.py:2573} INFO - Sync 1 DAGs
[2022-10-04T03:51:39.514+0000] {logging_mixin.py:117} INFO - [2022-10-04T03:51:39.514+0000] {dag.py:3324} INFO - Setting next_dagrun for example_skip_dag to 2022-10-03T03:51:39.514376+00:00, run_after=2022-10-04T03:51:39.514376+00:00
[2022-10-04T03:51:39.536+0000] {processor.py:178} INFO - Processing /usr/local/lib/python3.10/dist-packages/airflow/example_dags/example_skip_dag.py took 0.081 seconds
[2022-10-04T03:52:18.502+0000] {processor.py:156} INFO - Started process (PID=1410) to work on /usr/local/lib/python3.10/dist-packages/airflow/example_dags/example_skip_dag.py
[2022-10-04T03:52:18.503+0000] {processor.py:758} INFO - Processing file /usr/local/lib/python3.10/dist-packages/airflow/example_dags/example_skip_dag.py for tasks to queue
[2022-10-04T03:52:18.504+0000] {logging_mixin.py:117} INFO - [2022-10-04T03:52:18.504+0000] {dagbag.py:525} INFO - Filling up the DagBag from /usr/local/lib/python3.10/dist-packages/airflow/example_dags/example_skip_dag.py
[2022-10-04T03:52:18.519+0000] {processor.py:768} INFO - DAG(s) dict_keys(['example_skip_dag']) retrieved from /usr/local/lib/python3.10/dist-packages/airflow/example_dags/example_skip_dag.py
[2022-10-04T03:52:18.551+0000] {logging_mixin.py:117} INFO - [2022-10-04T03:52:18.551+0000] {dag.py:2573} INFO - Sync 1 DAGs
[2022-10-04T03:52:18.571+0000] {logging_mixin.py:117} INFO - [2022-10-04T03:52:18.570+0000] {dag.py:3324} INFO - Setting next_dagrun for example_skip_dag to 2022-10-03T03:52:18.570780+00:00, run_after=2022-10-04T03:52:18.570780+00:00
[2022-10-04T03:52:18.595+0000] {processor.py:178} INFO - Processing /usr/local/lib/python3.10/dist-packages/airflow/example_dags/example_skip_dag.py took 0.096 seconds
[2022-10-04T03:52:56.007+0000] {processor.py:156} INFO - Started process (PID=1445) to work on /usr/local/lib/python3.10/dist-packages/airflow/example_dags/example_skip_dag.py
[2022-10-04T03:52:56.009+0000] {processor.py:758} INFO - Processing file /usr/local/lib/python3.10/dist-packages/airflow/example_dags/example_skip_dag.py for tasks to queue
[2022-10-04T03:52:56.009+0000] {logging_mixin.py:117} INFO - [2022-10-04T03:52:56.009+0000] {dagbag.py:525} INFO - Filling up the DagBag from /usr/local/lib/python3.10/dist-packages/airflow/example_dags/example_skip_dag.py
[2022-10-04T03:52:56.024+0000] {processor.py:768} INFO - DAG(s) dict_keys(['example_skip_dag']) retrieved from /usr/local/lib/python3.10/dist-packages/airflow/example_dags/example_skip_dag.py
[2022-10-04T03:52:56.049+0000] {logging_mixin.py:117} INFO - [2022-10-04T03:52:56.049+0000] {dag.py:2573} INFO - Sync 1 DAGs
[2022-10-04T03:52:56.068+0000] {logging_mixin.py:117} INFO - [2022-10-04T03:52:56.068+0000] {dag.py:3324} INFO - Setting next_dagrun for example_skip_dag to 2022-10-03T03:52:56.068168+00:00, run_after=2022-10-04T03:52:56.068168+00:00
[2022-10-04T03:52:56.091+0000] {processor.py:178} INFO - Processing /usr/local/lib/python3.10/dist-packages/airflow/example_dags/example_skip_dag.py took 0.087 seconds
[2022-10-04T03:53:33.620+0000] {processor.py:156} INFO - Started process (PID=1482) to work on /usr/local/lib/python3.10/dist-packages/airflow/example_dags/example_skip_dag.py
[2022-10-04T03:53:33.621+0000] {processor.py:758} INFO - Processing file /usr/local/lib/python3.10/dist-packages/airflow/example_dags/example_skip_dag.py for tasks to queue
[2022-10-04T03:53:33.622+0000] {logging_mixin.py:117} INFO - [2022-10-04T03:53:33.622+0000] {dagbag.py:525} INFO - Filling up the DagBag from /usr/local/lib/python3.10/dist-packages/airflow/example_dags/example_skip_dag.py
[2022-10-04T03:53:33.635+0000] {processor.py:768} INFO - DAG(s) dict_keys(['example_skip_dag']) retrieved from /usr/local/lib/python3.10/dist-packages/airflow/example_dags/example_skip_dag.py
[2022-10-04T03:53:33.659+0000] {logging_mixin.py:117} INFO - [2022-10-04T03:53:33.659+0000] {dag.py:2573} INFO - Sync 1 DAGs
[2022-10-04T03:53:33.677+0000] {logging_mixin.py:117} INFO - [2022-10-04T03:53:33.677+0000] {dag.py:3324} INFO - Setting next_dagrun for example_skip_dag to 2022-10-03T03:53:33.677125+00:00, run_after=2022-10-04T03:53:33.677125+00:00
[2022-10-04T03:53:33.698+0000] {processor.py:178} INFO - Processing /usr/local/lib/python3.10/dist-packages/airflow/example_dags/example_skip_dag.py took 0.081 seconds
[2022-10-04T03:54:09.646+0000] {processor.py:156} INFO - Started process (PID=1525) to work on /usr/local/lib/python3.10/dist-packages/airflow/example_dags/example_skip_dag.py
[2022-10-04T03:54:09.647+0000] {processor.py:758} INFO - Processing file /usr/local/lib/python3.10/dist-packages/airflow/example_dags/example_skip_dag.py for tasks to queue
[2022-10-04T03:54:09.647+0000] {logging_mixin.py:117} INFO - [2022-10-04T03:54:09.647+0000] {dagbag.py:525} INFO - Filling up the DagBag from /usr/local/lib/python3.10/dist-packages/airflow/example_dags/example_skip_dag.py
[2022-10-04T03:54:09.661+0000] {processor.py:768} INFO - DAG(s) dict_keys(['example_skip_dag']) retrieved from /usr/local/lib/python3.10/dist-packages/airflow/example_dags/example_skip_dag.py
[2022-10-04T03:54:09.686+0000] {logging_mixin.py:117} INFO - [2022-10-04T03:54:09.686+0000] {dag.py:2573} INFO - Sync 1 DAGs
[2022-10-04T03:54:09.705+0000] {logging_mixin.py:117} INFO - [2022-10-04T03:54:09.704+0000] {dag.py:3324} INFO - Setting next_dagrun for example_skip_dag to 2022-10-03T03:54:09.704624+00:00, run_after=2022-10-04T03:54:09.704624+00:00
[2022-10-04T03:54:09.727+0000] {processor.py:178} INFO - Processing /usr/local/lib/python3.10/dist-packages/airflow/example_dags/example_skip_dag.py took 0.084 seconds
[2022-10-04T03:54:47.463+0000] {processor.py:156} INFO - Started process (PID=1583) to work on /usr/local/lib/python3.10/dist-packages/airflow/example_dags/example_skip_dag.py
[2022-10-04T03:54:47.464+0000] {processor.py:758} INFO - Processing file /usr/local/lib/python3.10/dist-packages/airflow/example_dags/example_skip_dag.py for tasks to queue
[2022-10-04T03:54:47.465+0000] {logging_mixin.py:117} INFO - [2022-10-04T03:54:47.465+0000] {dagbag.py:525} INFO - Filling up the DagBag from /usr/local/lib/python3.10/dist-packages/airflow/example_dags/example_skip_dag.py
[2022-10-04T03:54:47.482+0000] {processor.py:768} INFO - DAG(s) dict_keys(['example_skip_dag']) retrieved from /usr/local/lib/python3.10/dist-packages/airflow/example_dags/example_skip_dag.py
[2022-10-04T03:54:47.494+0000] {logging_mixin.py:117} INFO - [2022-10-04T03:54:47.494+0000] {dag.py:2573} INFO - Sync 1 DAGs
[2022-10-04T03:54:47.515+0000] {logging_mixin.py:117} INFO - [2022-10-04T03:54:47.515+0000] {dag.py:3324} INFO - Setting next_dagrun for example_skip_dag to 2022-10-03T03:54:47.515255+00:00, run_after=2022-10-04T03:54:47.515255+00:00
[2022-10-04T03:54:47.540+0000] {processor.py:178} INFO - Processing /usr/local/lib/python3.10/dist-packages/airflow/example_dags/example_skip_dag.py took 0.080 seconds
[2022-10-04T04:35:35.541+0000] {processor.py:156} INFO - Started process (PID=1778) to work on /usr/local/lib/python3.10/dist-packages/airflow/example_dags/example_skip_dag.py
[2022-10-04T04:35:35.543+0000] {processor.py:758} INFO - Processing file /usr/local/lib/python3.10/dist-packages/airflow/example_dags/example_skip_dag.py for tasks to queue
[2022-10-04T04:35:35.543+0000] {logging_mixin.py:117} INFO - [2022-10-04T04:35:35.543+0000] {dagbag.py:525} INFO - Filling up the DagBag from /usr/local/lib/python3.10/dist-packages/airflow/example_dags/example_skip_dag.py
[2022-10-04T04:35:35.558+0000] {processor.py:768} INFO - DAG(s) dict_keys(['example_skip_dag']) retrieved from /usr/local/lib/python3.10/dist-packages/airflow/example_dags/example_skip_dag.py
[2022-10-04T04:35:35.574+0000] {logging_mixin.py:117} INFO - [2022-10-04T04:35:35.574+0000] {dag.py:2573} INFO - Sync 1 DAGs
[2022-10-04T04:35:35.595+0000] {logging_mixin.py:117} INFO - [2022-10-04T04:35:35.595+0000] {dag.py:3324} INFO - Setting next_dagrun for example_skip_dag to 2022-10-03T04:35:35.594925+00:00, run_after=2022-10-04T04:35:35.594925+00:00
[2022-10-04T04:35:35.623+0000] {processor.py:178} INFO - Processing /usr/local/lib/python3.10/dist-packages/airflow/example_dags/example_skip_dag.py took 0.085 seconds
[2022-10-04T04:36:16.538+0000] {processor.py:156} INFO - Started process (PID=1821) to work on /usr/local/lib/python3.10/dist-packages/airflow/example_dags/example_skip_dag.py
[2022-10-04T04:36:16.539+0000] {processor.py:758} INFO - Processing file /usr/local/lib/python3.10/dist-packages/airflow/example_dags/example_skip_dag.py for tasks to queue
[2022-10-04T04:36:16.540+0000] {logging_mixin.py:117} INFO - [2022-10-04T04:36:16.540+0000] {dagbag.py:525} INFO - Filling up the DagBag from /usr/local/lib/python3.10/dist-packages/airflow/example_dags/example_skip_dag.py
[2022-10-04T04:36:16.555+0000] {processor.py:768} INFO - DAG(s) dict_keys(['example_skip_dag']) retrieved from /usr/local/lib/python3.10/dist-packages/airflow/example_dags/example_skip_dag.py
[2022-10-04T04:36:16.585+0000] {logging_mixin.py:117} INFO - [2022-10-04T04:36:16.584+0000] {dag.py:2573} INFO - Sync 1 DAGs
[2022-10-04T04:36:16.604+0000] {logging_mixin.py:117} INFO - [2022-10-04T04:36:16.603+0000] {dag.py:3324} INFO - Setting next_dagrun for example_skip_dag to 2022-10-03T04:36:16.603681+00:00, run_after=2022-10-04T04:36:16.603681+00:00
[2022-10-04T04:36:16.627+0000] {processor.py:178} INFO - Processing /usr/local/lib/python3.10/dist-packages/airflow/example_dags/example_skip_dag.py took 0.092 seconds
[2022-10-04T04:37:16.025+0000] {processor.py:156} INFO - Started process (PID=1868) to work on /usr/local/lib/python3.10/dist-packages/airflow/example_dags/example_skip_dag.py
[2022-10-04T04:37:16.027+0000] {processor.py:758} INFO - Processing file /usr/local/lib/python3.10/dist-packages/airflow/example_dags/example_skip_dag.py for tasks to queue
[2022-10-04T04:37:16.027+0000] {logging_mixin.py:117} INFO - [2022-10-04T04:37:16.027+0000] {dagbag.py:525} INFO - Filling up the DagBag from /usr/local/lib/python3.10/dist-packages/airflow/example_dags/example_skip_dag.py
[2022-10-04T04:37:16.041+0000] {processor.py:768} INFO - DAG(s) dict_keys(['example_skip_dag']) retrieved from /usr/local/lib/python3.10/dist-packages/airflow/example_dags/example_skip_dag.py
[2022-10-04T04:37:16.054+0000] {logging_mixin.py:117} INFO - [2022-10-04T04:37:16.054+0000] {dag.py:2573} INFO - Sync 1 DAGs
[2022-10-04T04:37:16.073+0000] {logging_mixin.py:117} INFO - [2022-10-04T04:37:16.073+0000] {dag.py:3324} INFO - Setting next_dagrun for example_skip_dag to 2022-10-03T04:37:16.073173+00:00, run_after=2022-10-04T04:37:16.073173+00:00
[2022-10-04T04:37:16.094+0000] {processor.py:178} INFO - Processing /usr/local/lib/python3.10/dist-packages/airflow/example_dags/example_skip_dag.py took 0.071 seconds
[2022-10-04T04:43:05.337+0000] {processor.py:156} INFO - Started process (PID=1972) to work on /usr/local/lib/python3.10/dist-packages/airflow/example_dags/example_skip_dag.py
[2022-10-04T04:43:05.338+0000] {processor.py:758} INFO - Processing file /usr/local/lib/python3.10/dist-packages/airflow/example_dags/example_skip_dag.py for tasks to queue
[2022-10-04T04:43:05.339+0000] {logging_mixin.py:117} INFO - [2022-10-04T04:43:05.339+0000] {dagbag.py:525} INFO - Filling up the DagBag from /usr/local/lib/python3.10/dist-packages/airflow/example_dags/example_skip_dag.py
[2022-10-04T04:43:05.354+0000] {processor.py:768} INFO - DAG(s) dict_keys(['example_skip_dag']) retrieved from /usr/local/lib/python3.10/dist-packages/airflow/example_dags/example_skip_dag.py
[2022-10-04T04:43:05.368+0000] {logging_mixin.py:117} INFO - [2022-10-04T04:43:05.368+0000] {dag.py:2573} INFO - Sync 1 DAGs
[2022-10-04T04:43:05.390+0000] {logging_mixin.py:117} INFO - [2022-10-04T04:43:05.389+0000] {dag.py:3324} INFO - Setting next_dagrun for example_skip_dag to 2022-10-03T04:43:05.389653+00:00, run_after=2022-10-04T04:43:05.389653+00:00
[2022-10-04T04:43:05.413+0000] {processor.py:178} INFO - Processing /usr/local/lib/python3.10/dist-packages/airflow/example_dags/example_skip_dag.py took 0.079 seconds
[2022-10-04T04:45:50.942+0000] {processor.py:156} INFO - Started process (PID=1997) to work on /usr/local/lib/python3.10/dist-packages/airflow/example_dags/example_skip_dag.py
[2022-10-04T04:45:50.944+0000] {processor.py:758} INFO - Processing file /usr/local/lib/python3.10/dist-packages/airflow/example_dags/example_skip_dag.py for tasks to queue
[2022-10-04T04:45:50.944+0000] {logging_mixin.py:117} INFO - [2022-10-04T04:45:50.944+0000] {dagbag.py:525} INFO - Filling up the DagBag from /usr/local/lib/python3.10/dist-packages/airflow/example_dags/example_skip_dag.py
[2022-10-04T04:45:50.950+0000] {processor.py:768} INFO - DAG(s) dict_keys(['example_skip_dag']) retrieved from /usr/local/lib/python3.10/dist-packages/airflow/example_dags/example_skip_dag.py
[2022-10-04T04:45:50.973+0000] {logging_mixin.py:117} INFO - [2022-10-04T04:45:50.973+0000] {dag.py:2573} INFO - Sync 1 DAGs
[2022-10-04T04:45:50.992+0000] {logging_mixin.py:117} INFO - [2022-10-04T04:45:50.992+0000] {dag.py:3324} INFO - Setting next_dagrun for example_skip_dag to 2022-10-03T04:45:50.991993+00:00, run_after=2022-10-04T04:45:50.991993+00:00
[2022-10-04T04:45:51.016+0000] {processor.py:178} INFO - Processing /usr/local/lib/python3.10/dist-packages/airflow/example_dags/example_skip_dag.py took 0.077 seconds
[2022-10-04T04:46:27.233+0000] {processor.py:156} INFO - Started process (PID=2035) to work on /usr/local/lib/python3.10/dist-packages/airflow/example_dags/example_skip_dag.py
[2022-10-04T04:46:27.235+0000] {processor.py:758} INFO - Processing file /usr/local/lib/python3.10/dist-packages/airflow/example_dags/example_skip_dag.py for tasks to queue
[2022-10-04T04:46:27.235+0000] {logging_mixin.py:117} INFO - [2022-10-04T04:46:27.235+0000] {dagbag.py:525} INFO - Filling up the DagBag from /usr/local/lib/python3.10/dist-packages/airflow/example_dags/example_skip_dag.py
[2022-10-04T04:46:27.241+0000] {processor.py:768} INFO - DAG(s) dict_keys(['example_skip_dag']) retrieved from /usr/local/lib/python3.10/dist-packages/airflow/example_dags/example_skip_dag.py
[2022-10-04T04:46:27.265+0000] {logging_mixin.py:117} INFO - [2022-10-04T04:46:27.265+0000] {dag.py:2573} INFO - Sync 1 DAGs
[2022-10-04T04:46:27.281+0000] {logging_mixin.py:117} INFO - [2022-10-04T04:46:27.281+0000] {dag.py:3324} INFO - Setting next_dagrun for example_skip_dag to 2022-10-03T04:46:27.281114+00:00, run_after=2022-10-04T04:46:27.281114+00:00
[2022-10-04T04:46:27.302+0000] {processor.py:178} INFO - Processing /usr/local/lib/python3.10/dist-packages/airflow/example_dags/example_skip_dag.py took 0.071 seconds
[2022-10-04T04:47:06.516+0000] {processor.py:156} INFO - Started process (PID=2073) to work on /usr/local/lib/python3.10/dist-packages/airflow/example_dags/example_skip_dag.py
[2022-10-04T04:47:06.517+0000] {processor.py:758} INFO - Processing file /usr/local/lib/python3.10/dist-packages/airflow/example_dags/example_skip_dag.py for tasks to queue
[2022-10-04T04:47:06.517+0000] {logging_mixin.py:117} INFO - [2022-10-04T04:47:06.517+0000] {dagbag.py:525} INFO - Filling up the DagBag from /usr/local/lib/python3.10/dist-packages/airflow/example_dags/example_skip_dag.py
[2022-10-04T04:47:06.523+0000] {processor.py:768} INFO - DAG(s) dict_keys(['example_skip_dag']) retrieved from /usr/local/lib/python3.10/dist-packages/airflow/example_dags/example_skip_dag.py
[2022-10-04T04:47:06.546+0000] {logging_mixin.py:117} INFO - [2022-10-04T04:47:06.545+0000] {dag.py:2573} INFO - Sync 1 DAGs
[2022-10-04T04:47:06.561+0000] {logging_mixin.py:117} INFO - [2022-10-04T04:47:06.561+0000] {dag.py:3324} INFO - Setting next_dagrun for example_skip_dag to 2022-10-03T04:47:06.560826+00:00, run_after=2022-10-04T04:47:06.560826+00:00
[2022-10-04T04:47:06.582+0000] {processor.py:178} INFO - Processing /usr/local/lib/python3.10/dist-packages/airflow/example_dags/example_skip_dag.py took 0.069 seconds
[2022-10-04T04:47:45.344+0000] {processor.py:156} INFO - Started process (PID=2110) to work on /usr/local/lib/python3.10/dist-packages/airflow/example_dags/example_skip_dag.py
[2022-10-04T04:47:45.345+0000] {processor.py:758} INFO - Processing file /usr/local/lib/python3.10/dist-packages/airflow/example_dags/example_skip_dag.py for tasks to queue
[2022-10-04T04:47:45.346+0000] {logging_mixin.py:117} INFO - [2022-10-04T04:47:45.346+0000] {dagbag.py:525} INFO - Filling up the DagBag from /usr/local/lib/python3.10/dist-packages/airflow/example_dags/example_skip_dag.py
[2022-10-04T04:47:45.352+0000] {processor.py:768} INFO - DAG(s) dict_keys(['example_skip_dag']) retrieved from /usr/local/lib/python3.10/dist-packages/airflow/example_dags/example_skip_dag.py
[2022-10-04T04:47:45.374+0000] {logging_mixin.py:117} INFO - [2022-10-04T04:47:45.374+0000] {dag.py:2573} INFO - Sync 1 DAGs
[2022-10-04T04:47:45.389+0000] {logging_mixin.py:117} INFO - [2022-10-04T04:47:45.389+0000] {dag.py:3324} INFO - Setting next_dagrun for example_skip_dag to 2022-10-03T04:47:45.389001+00:00, run_after=2022-10-04T04:47:45.389001+00:00
[2022-10-04T04:47:45.412+0000] {processor.py:178} INFO - Processing /usr/local/lib/python3.10/dist-packages/airflow/example_dags/example_skip_dag.py took 0.071 seconds
[2022-10-04T04:48:21.438+0000] {processor.py:156} INFO - Started process (PID=2148) to work on /usr/local/lib/python3.10/dist-packages/airflow/example_dags/example_skip_dag.py
[2022-10-04T04:48:21.439+0000] {processor.py:758} INFO - Processing file /usr/local/lib/python3.10/dist-packages/airflow/example_dags/example_skip_dag.py for tasks to queue
[2022-10-04T04:48:21.440+0000] {logging_mixin.py:117} INFO - [2022-10-04T04:48:21.439+0000] {dagbag.py:525} INFO - Filling up the DagBag from /usr/local/lib/python3.10/dist-packages/airflow/example_dags/example_skip_dag.py
[2022-10-04T04:48:21.446+0000] {processor.py:768} INFO - DAG(s) dict_keys(['example_skip_dag']) retrieved from /usr/local/lib/python3.10/dist-packages/airflow/example_dags/example_skip_dag.py
[2022-10-04T04:48:21.467+0000] {logging_mixin.py:117} INFO - [2022-10-04T04:48:21.467+0000] {dag.py:2573} INFO - Sync 1 DAGs
[2022-10-04T04:48:21.482+0000] {logging_mixin.py:117} INFO - [2022-10-04T04:48:21.482+0000] {dag.py:3324} INFO - Setting next_dagrun for example_skip_dag to 2022-10-03T04:48:21.482589+00:00, run_after=2022-10-04T04:48:21.482589+00:00
[2022-10-04T04:48:21.505+0000] {processor.py:178} INFO - Processing /usr/local/lib/python3.10/dist-packages/airflow/example_dags/example_skip_dag.py took 0.070 seconds
[2022-10-04T04:48:58.694+0000] {processor.py:156} INFO - Started process (PID=2185) to work on /usr/local/lib/python3.10/dist-packages/airflow/example_dags/example_skip_dag.py
[2022-10-04T04:48:58.696+0000] {processor.py:758} INFO - Processing file /usr/local/lib/python3.10/dist-packages/airflow/example_dags/example_skip_dag.py for tasks to queue
[2022-10-04T04:48:58.696+0000] {logging_mixin.py:117} INFO - [2022-10-04T04:48:58.696+0000] {dagbag.py:525} INFO - Filling up the DagBag from /usr/local/lib/python3.10/dist-packages/airflow/example_dags/example_skip_dag.py
[2022-10-04T04:48:58.702+0000] {processor.py:768} INFO - DAG(s) dict_keys(['example_skip_dag']) retrieved from /usr/local/lib/python3.10/dist-packages/airflow/example_dags/example_skip_dag.py
[2022-10-04T04:48:58.725+0000] {logging_mixin.py:117} INFO - [2022-10-04T04:48:58.725+0000] {dag.py:2573} INFO - Sync 1 DAGs
[2022-10-04T04:48:58.744+0000] {logging_mixin.py:117} INFO - [2022-10-04T04:48:58.744+0000] {dag.py:3324} INFO - Setting next_dagrun for example_skip_dag to 2022-10-03T04:48:58.744500+00:00, run_after=2022-10-04T04:48:58.744500+00:00
[2022-10-04T04:48:58.770+0000] {processor.py:178} INFO - Processing /usr/local/lib/python3.10/dist-packages/airflow/example_dags/example_skip_dag.py took 0.079 seconds
[2022-10-04T04:49:37.682+0000] {processor.py:156} INFO - Started process (PID=2223) to work on /usr/local/lib/python3.10/dist-packages/airflow/example_dags/example_skip_dag.py
[2022-10-04T04:49:37.683+0000] {processor.py:758} INFO - Processing file /usr/local/lib/python3.10/dist-packages/airflow/example_dags/example_skip_dag.py for tasks to queue
[2022-10-04T04:49:37.683+0000] {logging_mixin.py:117} INFO - [2022-10-04T04:49:37.683+0000] {dagbag.py:525} INFO - Filling up the DagBag from /usr/local/lib/python3.10/dist-packages/airflow/example_dags/example_skip_dag.py
[2022-10-04T04:49:37.689+0000] {processor.py:768} INFO - DAG(s) dict_keys(['example_skip_dag']) retrieved from /usr/local/lib/python3.10/dist-packages/airflow/example_dags/example_skip_dag.py
[2022-10-04T04:49:37.730+0000] {logging_mixin.py:117} INFO - [2022-10-04T04:49:37.730+0000] {dag.py:2573} INFO - Sync 1 DAGs
[2022-10-04T04:49:37.765+0000] {logging_mixin.py:117} INFO - [2022-10-04T04:49:37.765+0000] {dag.py:3324} INFO - Setting next_dagrun for example_skip_dag to 2022-10-03T04:49:37.765238+00:00, run_after=2022-10-04T04:49:37.765238+00:00
[2022-10-04T04:49:37.787+0000] {processor.py:178} INFO - Processing /usr/local/lib/python3.10/dist-packages/airflow/example_dags/example_skip_dag.py took 0.109 seconds
[2022-10-04T04:50:11.180+0000] {processor.py:156} INFO - Started process (PID=2257) to work on /usr/local/lib/python3.10/dist-packages/airflow/example_dags/example_skip_dag.py
[2022-10-04T04:50:11.181+0000] {processor.py:758} INFO - Processing file /usr/local/lib/python3.10/dist-packages/airflow/example_dags/example_skip_dag.py for tasks to queue
[2022-10-04T04:50:11.182+0000] {logging_mixin.py:117} INFO - [2022-10-04T04:50:11.181+0000] {dagbag.py:525} INFO - Filling up the DagBag from /usr/local/lib/python3.10/dist-packages/airflow/example_dags/example_skip_dag.py
[2022-10-04T04:50:11.187+0000] {processor.py:768} INFO - DAG(s) dict_keys(['example_skip_dag']) retrieved from /usr/local/lib/python3.10/dist-packages/airflow/example_dags/example_skip_dag.py
[2022-10-04T04:50:11.211+0000] {logging_mixin.py:117} INFO - [2022-10-04T04:50:11.211+0000] {dag.py:2573} INFO - Sync 1 DAGs
[2022-10-04T04:50:11.227+0000] {logging_mixin.py:117} INFO - [2022-10-04T04:50:11.227+0000] {dag.py:3324} INFO - Setting next_dagrun for example_skip_dag to 2022-10-03T04:50:11.227200+00:00, run_after=2022-10-04T04:50:11.227200+00:00
[2022-10-04T04:50:11.249+0000] {processor.py:178} INFO - Processing /usr/local/lib/python3.10/dist-packages/airflow/example_dags/example_skip_dag.py took 0.072 seconds
[2022-10-04T04:50:46.469+0000] {processor.py:156} INFO - Started process (PID=2293) to work on /usr/local/lib/python3.10/dist-packages/airflow/example_dags/example_skip_dag.py
[2022-10-04T04:50:46.471+0000] {processor.py:758} INFO - Processing file /usr/local/lib/python3.10/dist-packages/airflow/example_dags/example_skip_dag.py for tasks to queue
[2022-10-04T04:50:46.472+0000] {logging_mixin.py:117} INFO - [2022-10-04T04:50:46.472+0000] {dagbag.py:525} INFO - Filling up the DagBag from /usr/local/lib/python3.10/dist-packages/airflow/example_dags/example_skip_dag.py
[2022-10-04T04:50:46.487+0000] {processor.py:768} INFO - DAG(s) dict_keys(['example_skip_dag']) retrieved from /usr/local/lib/python3.10/dist-packages/airflow/example_dags/example_skip_dag.py
[2022-10-04T04:50:46.518+0000] {logging_mixin.py:117} INFO - [2022-10-04T04:50:46.518+0000] {dag.py:2573} INFO - Sync 1 DAGs
[2022-10-04T04:50:46.538+0000] {logging_mixin.py:117} INFO - [2022-10-04T04:50:46.538+0000] {dag.py:3324} INFO - Setting next_dagrun for example_skip_dag to 2022-10-03T04:50:46.538040+00:00, run_after=2022-10-04T04:50:46.538040+00:00
[2022-10-04T04:50:46.565+0000] {processor.py:178} INFO - Processing /usr/local/lib/python3.10/dist-packages/airflow/example_dags/example_skip_dag.py took 0.100 seconds
[2022-10-04T04:51:23.779+0000] {processor.py:156} INFO - Started process (PID=2331) to work on /usr/local/lib/python3.10/dist-packages/airflow/example_dags/example_skip_dag.py
[2022-10-04T04:51:23.781+0000] {processor.py:758} INFO - Processing file /usr/local/lib/python3.10/dist-packages/airflow/example_dags/example_skip_dag.py for tasks to queue
[2022-10-04T04:51:23.781+0000] {logging_mixin.py:117} INFO - [2022-10-04T04:51:23.781+0000] {dagbag.py:525} INFO - Filling up the DagBag from /usr/local/lib/python3.10/dist-packages/airflow/example_dags/example_skip_dag.py
[2022-10-04T04:51:23.787+0000] {processor.py:768} INFO - DAG(s) dict_keys(['example_skip_dag']) retrieved from /usr/local/lib/python3.10/dist-packages/airflow/example_dags/example_skip_dag.py
[2022-10-04T04:51:23.809+0000] {logging_mixin.py:117} INFO - [2022-10-04T04:51:23.809+0000] {dag.py:2573} INFO - Sync 1 DAGs
[2022-10-04T04:51:23.824+0000] {logging_mixin.py:117} INFO - [2022-10-04T04:51:23.824+0000] {dag.py:3324} INFO - Setting next_dagrun for example_skip_dag to 2022-10-03T04:51:23.824370+00:00, run_after=2022-10-04T04:51:23.824370+00:00
[2022-10-04T04:51:23.846+0000] {processor.py:178} INFO - Processing /usr/local/lib/python3.10/dist-packages/airflow/example_dags/example_skip_dag.py took 0.070 seconds
[2022-10-04T04:51:59.239+0000] {processor.py:156} INFO - Started process (PID=2365) to work on /usr/local/lib/python3.10/dist-packages/airflow/example_dags/example_skip_dag.py
[2022-10-04T04:51:59.241+0000] {processor.py:758} INFO - Processing file /usr/local/lib/python3.10/dist-packages/airflow/example_dags/example_skip_dag.py for tasks to queue
[2022-10-04T04:51:59.241+0000] {logging_mixin.py:117} INFO - [2022-10-04T04:51:59.241+0000] {dagbag.py:525} INFO - Filling up the DagBag from /usr/local/lib/python3.10/dist-packages/airflow/example_dags/example_skip_dag.py
[2022-10-04T04:51:59.247+0000] {processor.py:768} INFO - DAG(s) dict_keys(['example_skip_dag']) retrieved from /usr/local/lib/python3.10/dist-packages/airflow/example_dags/example_skip_dag.py
[2022-10-04T04:51:59.273+0000] {logging_mixin.py:117} INFO - [2022-10-04T04:51:59.272+0000] {dag.py:2573} INFO - Sync 1 DAGs
[2022-10-04T04:51:59.290+0000] {logging_mixin.py:117} INFO - [2022-10-04T04:51:59.290+0000] {dag.py:3324} INFO - Setting next_dagrun for example_skip_dag to 2022-10-03T04:51:59.290131+00:00, run_after=2022-10-04T04:51:59.290131+00:00
[2022-10-04T04:51:59.315+0000] {processor.py:178} INFO - Processing /usr/local/lib/python3.10/dist-packages/airflow/example_dags/example_skip_dag.py took 0.079 seconds
[2022-10-04T04:52:35.325+0000] {processor.py:156} INFO - Started process (PID=2401) to work on /usr/local/lib/python3.10/dist-packages/airflow/example_dags/example_skip_dag.py
[2022-10-04T04:52:35.327+0000] {processor.py:758} INFO - Processing file /usr/local/lib/python3.10/dist-packages/airflow/example_dags/example_skip_dag.py for tasks to queue
[2022-10-04T04:52:35.327+0000] {logging_mixin.py:117} INFO - [2022-10-04T04:52:35.327+0000] {dagbag.py:525} INFO - Filling up the DagBag from /usr/local/lib/python3.10/dist-packages/airflow/example_dags/example_skip_dag.py
[2022-10-04T04:52:35.333+0000] {processor.py:768} INFO - DAG(s) dict_keys(['example_skip_dag']) retrieved from /usr/local/lib/python3.10/dist-packages/airflow/example_dags/example_skip_dag.py
[2022-10-04T04:52:35.356+0000] {logging_mixin.py:117} INFO - [2022-10-04T04:52:35.356+0000] {dag.py:2573} INFO - Sync 1 DAGs
[2022-10-04T04:52:35.372+0000] {logging_mixin.py:117} INFO - [2022-10-04T04:52:35.372+0000] {dag.py:3324} INFO - Setting next_dagrun for example_skip_dag to 2022-10-03T04:52:35.372137+00:00, run_after=2022-10-04T04:52:35.372137+00:00
[2022-10-04T04:52:35.394+0000] {processor.py:178} INFO - Processing /usr/local/lib/python3.10/dist-packages/airflow/example_dags/example_skip_dag.py took 0.072 seconds
[2022-10-04T04:53:13.824+0000] {processor.py:156} INFO - Started process (PID=2439) to work on /usr/local/lib/python3.10/dist-packages/airflow/example_dags/example_skip_dag.py
[2022-10-04T04:53:13.825+0000] {processor.py:758} INFO - Processing file /usr/local/lib/python3.10/dist-packages/airflow/example_dags/example_skip_dag.py for tasks to queue
[2022-10-04T04:53:13.826+0000] {logging_mixin.py:117} INFO - [2022-10-04T04:53:13.826+0000] {dagbag.py:525} INFO - Filling up the DagBag from /usr/local/lib/python3.10/dist-packages/airflow/example_dags/example_skip_dag.py
[2022-10-04T04:53:13.832+0000] {processor.py:768} INFO - DAG(s) dict_keys(['example_skip_dag']) retrieved from /usr/local/lib/python3.10/dist-packages/airflow/example_dags/example_skip_dag.py
[2022-10-04T04:53:13.857+0000] {logging_mixin.py:117} INFO - [2022-10-04T04:53:13.856+0000] {dag.py:2573} INFO - Sync 1 DAGs
[2022-10-04T04:53:13.872+0000] {logging_mixin.py:117} INFO - [2022-10-04T04:53:13.872+0000] {dag.py:3324} INFO - Setting next_dagrun for example_skip_dag to 2022-10-03T04:53:13.872373+00:00, run_after=2022-10-04T04:53:13.872373+00:00
[2022-10-04T04:53:13.896+0000] {processor.py:178} INFO - Processing /usr/local/lib/python3.10/dist-packages/airflow/example_dags/example_skip_dag.py took 0.075 seconds
[2022-10-04T04:53:49.854+0000] {processor.py:156} INFO - Started process (PID=2476) to work on /usr/local/lib/python3.10/dist-packages/airflow/example_dags/example_skip_dag.py
[2022-10-04T04:53:49.855+0000] {processor.py:758} INFO - Processing file /usr/local/lib/python3.10/dist-packages/airflow/example_dags/example_skip_dag.py for tasks to queue
[2022-10-04T04:53:49.856+0000] {logging_mixin.py:117} INFO - [2022-10-04T04:53:49.856+0000] {dagbag.py:525} INFO - Filling up the DagBag from /usr/local/lib/python3.10/dist-packages/airflow/example_dags/example_skip_dag.py
[2022-10-04T04:53:49.863+0000] {processor.py:768} INFO - DAG(s) dict_keys(['example_skip_dag']) retrieved from /usr/local/lib/python3.10/dist-packages/airflow/example_dags/example_skip_dag.py
[2022-10-04T04:53:49.891+0000] {logging_mixin.py:117} INFO - [2022-10-04T04:53:49.891+0000] {dag.py:2573} INFO - Sync 1 DAGs
[2022-10-04T04:53:49.910+0000] {logging_mixin.py:117} INFO - [2022-10-04T04:53:49.910+0000] {dag.py:3324} INFO - Setting next_dagrun for example_skip_dag to 2022-10-03T04:53:49.910469+00:00, run_after=2022-10-04T04:53:49.910469+00:00
[2022-10-04T04:53:49.934+0000] {processor.py:178} INFO - Processing /usr/local/lib/python3.10/dist-packages/airflow/example_dags/example_skip_dag.py took 0.083 seconds
