[2022-10-04T03:09:11.197+0000] {processor.py:156} INFO - Started process (PID=7689) to work on /usr/local/lib/python3.10/dist-packages/airflow/example_dags/example_xcomargs.py
[2022-10-04T03:09:11.198+0000] {processor.py:758} INFO - Processing file /usr/local/lib/python3.10/dist-packages/airflow/example_dags/example_xcomargs.py for tasks to queue
[2022-10-04T03:09:11.199+0000] {logging_mixin.py:117} INFO - [2022-10-04T03:09:11.199+0000] {dagbag.py:525} INFO - Filling up the DagBag from /usr/local/lib/python3.10/dist-packages/airflow/example_dags/example_xcomargs.py
[2022-10-04T03:09:11.224+0000] {processor.py:768} INFO - DAG(s) dict_keys(['example_xcom_args_with_operators', 'example_xcom_args']) retrieved from /usr/local/lib/python3.10/dist-packages/airflow/example_dags/example_xcomargs.py
[2022-10-04T03:09:11.331+0000] {logging_mixin.py:117} INFO - [2022-10-04T03:09:11.330+0000] {manager.py:508} INFO - Created Permission View: can read on DAG:example_xcom_args_with_operators
[2022-10-04T03:09:11.346+0000] {logging_mixin.py:117} INFO - [2022-10-04T03:09:11.346+0000] {manager.py:508} INFO - Created Permission View: can delete on DAG:example_xcom_args_with_operators
[2022-10-04T03:09:11.360+0000] {logging_mixin.py:117} INFO - [2022-10-04T03:09:11.359+0000] {manager.py:508} INFO - Created Permission View: can edit on DAG:example_xcom_args_with_operators
[2022-10-04T03:09:11.384+0000] {logging_mixin.py:117} INFO - [2022-10-04T03:09:11.383+0000] {manager.py:508} INFO - Created Permission View: can read on DAG:example_xcom_args
[2022-10-04T03:09:11.395+0000] {logging_mixin.py:117} INFO - [2022-10-04T03:09:11.395+0000] {manager.py:508} INFO - Created Permission View: can delete on DAG:example_xcom_args
[2022-10-04T03:09:11.406+0000] {logging_mixin.py:117} INFO - [2022-10-04T03:09:11.406+0000] {manager.py:508} INFO - Created Permission View: can edit on DAG:example_xcom_args
[2022-10-04T03:09:11.407+0000] {logging_mixin.py:117} INFO - [2022-10-04T03:09:11.407+0000] {dag.py:2573} INFO - Sync 2 DAGs
[2022-10-04T03:09:11.417+0000] {logging_mixin.py:117} INFO - [2022-10-04T03:09:11.417+0000] {dag.py:2594} INFO - Creating ORM DAG for example_xcom_args
[2022-10-04T03:09:11.417+0000] {logging_mixin.py:117} INFO - [2022-10-04T03:09:11.417+0000] {dag.py:2594} INFO - Creating ORM DAG for example_xcom_args_with_operators
[2022-10-04T03:09:11.426+0000] {logging_mixin.py:117} INFO - [2022-10-04T03:09:11.426+0000] {dag.py:3324} INFO - Setting next_dagrun for example_xcom_args to None, run_after=None
[2022-10-04T03:09:11.426+0000] {logging_mixin.py:117} INFO - [2022-10-04T03:09:11.426+0000] {dag.py:3324} INFO - Setting next_dagrun for example_xcom_args_with_operators to None, run_after=None
[2022-10-04T03:09:11.465+0000] {processor.py:178} INFO - Processing /usr/local/lib/python3.10/dist-packages/airflow/example_dags/example_xcomargs.py took 0.271 seconds
[2022-10-04T03:09:52.118+0000] {processor.py:156} INFO - Started process (PID=7726) to work on /usr/local/lib/python3.10/dist-packages/airflow/example_dags/example_xcomargs.py
[2022-10-04T03:09:52.120+0000] {processor.py:758} INFO - Processing file /usr/local/lib/python3.10/dist-packages/airflow/example_dags/example_xcomargs.py for tasks to queue
[2022-10-04T03:09:52.121+0000] {logging_mixin.py:117} INFO - [2022-10-04T03:09:52.120+0000] {dagbag.py:525} INFO - Filling up the DagBag from /usr/local/lib/python3.10/dist-packages/airflow/example_dags/example_xcomargs.py
[2022-10-04T03:09:52.149+0000] {processor.py:768} INFO - DAG(s) dict_keys(['example_xcom_args', 'example_xcom_args_with_operators']) retrieved from /usr/local/lib/python3.10/dist-packages/airflow/example_dags/example_xcomargs.py
[2022-10-04T03:09:52.173+0000] {logging_mixin.py:117} INFO - [2022-10-04T03:09:52.173+0000] {dag.py:2573} INFO - Sync 2 DAGs
[2022-10-04T03:09:52.191+0000] {logging_mixin.py:117} INFO - [2022-10-04T03:09:52.191+0000] {dag.py:3324} INFO - Setting next_dagrun for example_xcom_args to None, run_after=None
[2022-10-04T03:09:52.193+0000] {logging_mixin.py:117} INFO - [2022-10-04T03:09:52.193+0000] {dag.py:3324} INFO - Setting next_dagrun for example_xcom_args_with_operators to None, run_after=None
[2022-10-04T03:09:52.214+0000] {processor.py:178} INFO - Processing /usr/local/lib/python3.10/dist-packages/airflow/example_dags/example_xcomargs.py took 0.099 seconds
[2022-10-04T03:10:30.730+0000] {processor.py:156} INFO - Started process (PID=7775) to work on /usr/local/lib/python3.10/dist-packages/airflow/example_dags/example_xcomargs.py
[2022-10-04T03:10:30.731+0000] {processor.py:758} INFO - Processing file /usr/local/lib/python3.10/dist-packages/airflow/example_dags/example_xcomargs.py for tasks to queue
[2022-10-04T03:10:30.732+0000] {logging_mixin.py:117} INFO - [2022-10-04T03:10:30.731+0000] {dagbag.py:525} INFO - Filling up the DagBag from /usr/local/lib/python3.10/dist-packages/airflow/example_dags/example_xcomargs.py
[2022-10-04T03:10:30.760+0000] {processor.py:768} INFO - DAG(s) dict_keys(['example_xcom_args', 'example_xcom_args_with_operators']) retrieved from /usr/local/lib/python3.10/dist-packages/airflow/example_dags/example_xcomargs.py
[2022-10-04T03:10:30.784+0000] {logging_mixin.py:117} INFO - [2022-10-04T03:10:30.784+0000] {dag.py:2573} INFO - Sync 2 DAGs
[2022-10-04T03:10:30.805+0000] {logging_mixin.py:117} INFO - [2022-10-04T03:10:30.805+0000] {dag.py:3324} INFO - Setting next_dagrun for example_xcom_args to None, run_after=None
[2022-10-04T03:10:30.808+0000] {logging_mixin.py:117} INFO - [2022-10-04T03:10:30.808+0000] {dag.py:3324} INFO - Setting next_dagrun for example_xcom_args_with_operators to None, run_after=None
[2022-10-04T03:10:30.830+0000] {processor.py:178} INFO - Processing /usr/local/lib/python3.10/dist-packages/airflow/example_dags/example_xcomargs.py took 0.103 seconds
[2022-10-04T03:11:11.870+0000] {processor.py:156} INFO - Started process (PID=7817) to work on /usr/local/lib/python3.10/dist-packages/airflow/example_dags/example_xcomargs.py
[2022-10-04T03:11:11.871+0000] {processor.py:758} INFO - Processing file /usr/local/lib/python3.10/dist-packages/airflow/example_dags/example_xcomargs.py for tasks to queue
[2022-10-04T03:11:11.872+0000] {logging_mixin.py:117} INFO - [2022-10-04T03:11:11.872+0000] {dagbag.py:525} INFO - Filling up the DagBag from /usr/local/lib/python3.10/dist-packages/airflow/example_dags/example_xcomargs.py
[2022-10-04T03:11:11.896+0000] {processor.py:768} INFO - DAG(s) dict_keys(['example_xcom_args', 'example_xcom_args_with_operators']) retrieved from /usr/local/lib/python3.10/dist-packages/airflow/example_dags/example_xcomargs.py
[2022-10-04T03:11:11.919+0000] {logging_mixin.py:117} INFO - [2022-10-04T03:11:11.919+0000] {dag.py:2573} INFO - Sync 2 DAGs
[2022-10-04T03:11:11.939+0000] {logging_mixin.py:117} INFO - [2022-10-04T03:11:11.939+0000] {dag.py:3324} INFO - Setting next_dagrun for example_xcom_args to None, run_after=None
[2022-10-04T03:11:11.945+0000] {logging_mixin.py:117} INFO - [2022-10-04T03:11:11.944+0000] {dag.py:3324} INFO - Setting next_dagrun for example_xcom_args_with_operators to None, run_after=None
[2022-10-04T03:11:11.964+0000] {processor.py:178} INFO - Processing /usr/local/lib/python3.10/dist-packages/airflow/example_dags/example_xcomargs.py took 0.097 seconds
[2022-10-04T03:11:51.189+0000] {processor.py:156} INFO - Started process (PID=7855) to work on /usr/local/lib/python3.10/dist-packages/airflow/example_dags/example_xcomargs.py
[2022-10-04T03:11:51.190+0000] {processor.py:758} INFO - Processing file /usr/local/lib/python3.10/dist-packages/airflow/example_dags/example_xcomargs.py for tasks to queue
[2022-10-04T03:11:51.191+0000] {logging_mixin.py:117} INFO - [2022-10-04T03:11:51.190+0000] {dagbag.py:525} INFO - Filling up the DagBag from /usr/local/lib/python3.10/dist-packages/airflow/example_dags/example_xcomargs.py
[2022-10-04T03:11:51.221+0000] {processor.py:768} INFO - DAG(s) dict_keys(['example_xcom_args_with_operators', 'example_xcom_args']) retrieved from /usr/local/lib/python3.10/dist-packages/airflow/example_dags/example_xcomargs.py
[2022-10-04T03:11:51.252+0000] {logging_mixin.py:117} INFO - [2022-10-04T03:11:51.252+0000] {dag.py:2573} INFO - Sync 2 DAGs
[2022-10-04T03:11:51.273+0000] {logging_mixin.py:117} INFO - [2022-10-04T03:11:51.273+0000] {dag.py:3324} INFO - Setting next_dagrun for example_xcom_args to None, run_after=None
[2022-10-04T03:11:51.275+0000] {logging_mixin.py:117} INFO - [2022-10-04T03:11:51.275+0000] {dag.py:3324} INFO - Setting next_dagrun for example_xcom_args_with_operators to None, run_after=None
[2022-10-04T03:11:51.295+0000] {processor.py:178} INFO - Processing /usr/local/lib/python3.10/dist-packages/airflow/example_dags/example_xcomargs.py took 0.108 seconds
[2022-10-04T03:12:29.343+0000] {processor.py:156} INFO - Started process (PID=7896) to work on /usr/local/lib/python3.10/dist-packages/airflow/example_dags/example_xcomargs.py
[2022-10-04T03:12:29.345+0000] {processor.py:758} INFO - Processing file /usr/local/lib/python3.10/dist-packages/airflow/example_dags/example_xcomargs.py for tasks to queue
[2022-10-04T03:12:29.345+0000] {logging_mixin.py:117} INFO - [2022-10-04T03:12:29.345+0000] {dagbag.py:525} INFO - Filling up the DagBag from /usr/local/lib/python3.10/dist-packages/airflow/example_dags/example_xcomargs.py
[2022-10-04T03:12:29.369+0000] {processor.py:768} INFO - DAG(s) dict_keys(['example_xcom_args', 'example_xcom_args_with_operators']) retrieved from /usr/local/lib/python3.10/dist-packages/airflow/example_dags/example_xcomargs.py
[2022-10-04T03:12:29.395+0000] {logging_mixin.py:117} INFO - [2022-10-04T03:12:29.394+0000] {dag.py:2573} INFO - Sync 2 DAGs
[2022-10-04T03:12:29.414+0000] {logging_mixin.py:117} INFO - [2022-10-04T03:12:29.413+0000] {dag.py:3324} INFO - Setting next_dagrun for example_xcom_args to None, run_after=None
[2022-10-04T03:12:29.416+0000] {logging_mixin.py:117} INFO - [2022-10-04T03:12:29.416+0000] {dag.py:3324} INFO - Setting next_dagrun for example_xcom_args_with_operators to None, run_after=None
[2022-10-04T03:12:29.439+0000] {processor.py:178} INFO - Processing /usr/local/lib/python3.10/dist-packages/airflow/example_dags/example_xcomargs.py took 0.098 seconds
[2022-10-04T03:13:06.746+0000] {processor.py:156} INFO - Started process (PID=7932) to work on /usr/local/lib/python3.10/dist-packages/airflow/example_dags/example_xcomargs.py
[2022-10-04T03:13:06.747+0000] {processor.py:758} INFO - Processing file /usr/local/lib/python3.10/dist-packages/airflow/example_dags/example_xcomargs.py for tasks to queue
[2022-10-04T03:13:06.747+0000] {logging_mixin.py:117} INFO - [2022-10-04T03:13:06.747+0000] {dagbag.py:525} INFO - Filling up the DagBag from /usr/local/lib/python3.10/dist-packages/airflow/example_dags/example_xcomargs.py
[2022-10-04T03:13:06.770+0000] {processor.py:768} INFO - DAG(s) dict_keys(['example_xcom_args_with_operators', 'example_xcom_args']) retrieved from /usr/local/lib/python3.10/dist-packages/airflow/example_dags/example_xcomargs.py
[2022-10-04T03:13:06.802+0000] {logging_mixin.py:117} INFO - [2022-10-04T03:13:06.802+0000] {dag.py:2573} INFO - Sync 2 DAGs
[2022-10-04T03:13:06.819+0000] {logging_mixin.py:117} INFO - [2022-10-04T03:13:06.819+0000] {dag.py:3324} INFO - Setting next_dagrun for example_xcom_args to None, run_after=None
[2022-10-04T03:13:06.821+0000] {logging_mixin.py:117} INFO - [2022-10-04T03:13:06.821+0000] {dag.py:3324} INFO - Setting next_dagrun for example_xcom_args_with_operators to None, run_after=None
[2022-10-04T03:13:06.840+0000] {processor.py:178} INFO - Processing /usr/local/lib/python3.10/dist-packages/airflow/example_dags/example_xcomargs.py took 0.097 seconds
[2022-10-04T03:13:45.898+0000] {processor.py:156} INFO - Started process (PID=7971) to work on /usr/local/lib/python3.10/dist-packages/airflow/example_dags/example_xcomargs.py
[2022-10-04T03:13:45.900+0000] {processor.py:758} INFO - Processing file /usr/local/lib/python3.10/dist-packages/airflow/example_dags/example_xcomargs.py for tasks to queue
[2022-10-04T03:13:45.900+0000] {logging_mixin.py:117} INFO - [2022-10-04T03:13:45.900+0000] {dagbag.py:525} INFO - Filling up the DagBag from /usr/local/lib/python3.10/dist-packages/airflow/example_dags/example_xcomargs.py
[2022-10-04T03:13:45.933+0000] {processor.py:768} INFO - DAG(s) dict_keys(['example_xcom_args_with_operators', 'example_xcom_args']) retrieved from /usr/local/lib/python3.10/dist-packages/airflow/example_dags/example_xcomargs.py
[2022-10-04T03:13:45.959+0000] {logging_mixin.py:117} INFO - [2022-10-04T03:13:45.959+0000] {dag.py:2573} INFO - Sync 2 DAGs
[2022-10-04T03:13:45.977+0000] {logging_mixin.py:117} INFO - [2022-10-04T03:13:45.977+0000] {dag.py:3324} INFO - Setting next_dagrun for example_xcom_args to None, run_after=None
[2022-10-04T03:13:45.980+0000] {logging_mixin.py:117} INFO - [2022-10-04T03:13:45.980+0000] {dag.py:3324} INFO - Setting next_dagrun for example_xcom_args_with_operators to None, run_after=None
[2022-10-04T03:13:46.000+0000] {processor.py:178} INFO - Processing /usr/local/lib/python3.10/dist-packages/airflow/example_dags/example_xcomargs.py took 0.105 seconds
[2022-10-04T03:14:26.952+0000] {processor.py:156} INFO - Started process (PID=8012) to work on /usr/local/lib/python3.10/dist-packages/airflow/example_dags/example_xcomargs.py
[2022-10-04T03:14:26.953+0000] {processor.py:758} INFO - Processing file /usr/local/lib/python3.10/dist-packages/airflow/example_dags/example_xcomargs.py for tasks to queue
[2022-10-04T03:14:26.954+0000] {logging_mixin.py:117} INFO - [2022-10-04T03:14:26.954+0000] {dagbag.py:525} INFO - Filling up the DagBag from /usr/local/lib/python3.10/dist-packages/airflow/example_dags/example_xcomargs.py
[2022-10-04T03:14:26.977+0000] {processor.py:768} INFO - DAG(s) dict_keys(['example_xcom_args', 'example_xcom_args_with_operators']) retrieved from /usr/local/lib/python3.10/dist-packages/airflow/example_dags/example_xcomargs.py
[2022-10-04T03:14:26.999+0000] {logging_mixin.py:117} INFO - [2022-10-04T03:14:26.999+0000] {dag.py:2573} INFO - Sync 2 DAGs
[2022-10-04T03:14:27.016+0000] {logging_mixin.py:117} INFO - [2022-10-04T03:14:27.015+0000] {dag.py:3324} INFO - Setting next_dagrun for example_xcom_args to None, run_after=None
[2022-10-04T03:14:27.018+0000] {logging_mixin.py:117} INFO - [2022-10-04T03:14:27.018+0000] {dag.py:3324} INFO - Setting next_dagrun for example_xcom_args_with_operators to None, run_after=None
[2022-10-04T03:14:27.040+0000] {processor.py:178} INFO - Processing /usr/local/lib/python3.10/dist-packages/airflow/example_dags/example_xcomargs.py took 0.090 seconds
[2022-10-04T03:15:04.295+0000] {processor.py:156} INFO - Started process (PID=8050) to work on /usr/local/lib/python3.10/dist-packages/airflow/example_dags/example_xcomargs.py
[2022-10-04T03:15:04.296+0000] {processor.py:758} INFO - Processing file /usr/local/lib/python3.10/dist-packages/airflow/example_dags/example_xcomargs.py for tasks to queue
[2022-10-04T03:15:04.297+0000] {logging_mixin.py:117} INFO - [2022-10-04T03:15:04.297+0000] {dagbag.py:525} INFO - Filling up the DagBag from /usr/local/lib/python3.10/dist-packages/airflow/example_dags/example_xcomargs.py
[2022-10-04T03:15:04.321+0000] {processor.py:768} INFO - DAG(s) dict_keys(['example_xcom_args_with_operators', 'example_xcom_args']) retrieved from /usr/local/lib/python3.10/dist-packages/airflow/example_dags/example_xcomargs.py
[2022-10-04T03:15:04.346+0000] {logging_mixin.py:117} INFO - [2022-10-04T03:15:04.345+0000] {dag.py:2573} INFO - Sync 2 DAGs
[2022-10-04T03:15:04.362+0000] {logging_mixin.py:117} INFO - [2022-10-04T03:15:04.362+0000] {dag.py:3324} INFO - Setting next_dagrun for example_xcom_args to None, run_after=None
[2022-10-04T03:15:04.365+0000] {logging_mixin.py:117} INFO - [2022-10-04T03:15:04.365+0000] {dag.py:3324} INFO - Setting next_dagrun for example_xcom_args_with_operators to None, run_after=None
[2022-10-04T03:15:04.590+0000] {processor.py:178} INFO - Processing /usr/local/lib/python3.10/dist-packages/airflow/example_dags/example_xcomargs.py took 0.301 seconds
[2022-10-04T03:15:48.641+0000] {processor.py:156} INFO - Started process (PID=8094) to work on /usr/local/lib/python3.10/dist-packages/airflow/example_dags/example_xcomargs.py
[2022-10-04T03:15:48.642+0000] {processor.py:758} INFO - Processing file /usr/local/lib/python3.10/dist-packages/airflow/example_dags/example_xcomargs.py for tasks to queue
[2022-10-04T03:15:48.643+0000] {logging_mixin.py:117} INFO - [2022-10-04T03:15:48.643+0000] {dagbag.py:525} INFO - Filling up the DagBag from /usr/local/lib/python3.10/dist-packages/airflow/example_dags/example_xcomargs.py
[2022-10-04T03:15:48.666+0000] {processor.py:768} INFO - DAG(s) dict_keys(['example_xcom_args', 'example_xcom_args_with_operators']) retrieved from /usr/local/lib/python3.10/dist-packages/airflow/example_dags/example_xcomargs.py
[2022-10-04T03:15:48.688+0000] {logging_mixin.py:117} INFO - [2022-10-04T03:15:48.688+0000] {dag.py:2573} INFO - Sync 2 DAGs
[2022-10-04T03:15:48.706+0000] {logging_mixin.py:117} INFO - [2022-10-04T03:15:48.706+0000] {dag.py:3324} INFO - Setting next_dagrun for example_xcom_args to None, run_after=None
[2022-10-04T03:15:48.836+0000] {logging_mixin.py:117} INFO - [2022-10-04T03:15:48.836+0000] {dag.py:3324} INFO - Setting next_dagrun for example_xcom_args_with_operators to None, run_after=None
[2022-10-04T03:15:48.866+0000] {processor.py:178} INFO - Processing /usr/local/lib/python3.10/dist-packages/airflow/example_dags/example_xcomargs.py took 0.228 seconds
[2022-10-04T03:16:27.124+0000] {processor.py:156} INFO - Started process (PID=8218) to work on /usr/local/lib/python3.10/dist-packages/airflow/example_dags/example_xcomargs.py
[2022-10-04T03:16:27.127+0000] {processor.py:758} INFO - Processing file /usr/local/lib/python3.10/dist-packages/airflow/example_dags/example_xcomargs.py for tasks to queue
[2022-10-04T03:16:27.127+0000] {logging_mixin.py:117} INFO - [2022-10-04T03:16:27.127+0000] {dagbag.py:525} INFO - Filling up the DagBag from /usr/local/lib/python3.10/dist-packages/airflow/example_dags/example_xcomargs.py
[2022-10-04T03:16:27.200+0000] {processor.py:768} INFO - DAG(s) dict_keys(['example_xcom_args', 'example_xcom_args_with_operators']) retrieved from /usr/local/lib/python3.10/dist-packages/airflow/example_dags/example_xcomargs.py
[2022-10-04T03:16:27.253+0000] {logging_mixin.py:117} INFO - [2022-10-04T03:16:27.253+0000] {dag.py:2573} INFO - Sync 2 DAGs
[2022-10-04T03:16:27.417+0000] {logging_mixin.py:117} INFO - [2022-10-04T03:16:27.416+0000] {dag.py:3324} INFO - Setting next_dagrun for example_xcom_args to None, run_after=None
[2022-10-04T03:16:27.420+0000] {logging_mixin.py:117} INFO - [2022-10-04T03:16:27.420+0000] {dag.py:3324} INFO - Setting next_dagrun for example_xcom_args_with_operators to None, run_after=None
[2022-10-04T03:16:27.439+0000] {processor.py:178} INFO - Processing /usr/local/lib/python3.10/dist-packages/airflow/example_dags/example_xcomargs.py took 0.321 seconds
[2022-10-04T03:17:07.178+0000] {processor.py:156} INFO - Started process (PID=8268) to work on /usr/local/lib/python3.10/dist-packages/airflow/example_dags/example_xcomargs.py
[2022-10-04T03:17:07.180+0000] {processor.py:758} INFO - Processing file /usr/local/lib/python3.10/dist-packages/airflow/example_dags/example_xcomargs.py for tasks to queue
[2022-10-04T03:17:07.180+0000] {logging_mixin.py:117} INFO - [2022-10-04T03:17:07.180+0000] {dagbag.py:525} INFO - Filling up the DagBag from /usr/local/lib/python3.10/dist-packages/airflow/example_dags/example_xcomargs.py
[2022-10-04T03:17:07.208+0000] {processor.py:768} INFO - DAG(s) dict_keys(['example_xcom_args_with_operators', 'example_xcom_args']) retrieved from /usr/local/lib/python3.10/dist-packages/airflow/example_dags/example_xcomargs.py
[2022-10-04T03:17:07.242+0000] {logging_mixin.py:117} INFO - [2022-10-04T03:17:07.242+0000] {dag.py:2573} INFO - Sync 2 DAGs
[2022-10-04T03:17:07.424+0000] {logging_mixin.py:117} INFO - [2022-10-04T03:17:07.424+0000] {dag.py:3324} INFO - Setting next_dagrun for example_xcom_args to None, run_after=None
[2022-10-04T03:17:07.430+0000] {logging_mixin.py:117} INFO - [2022-10-04T03:17:07.429+0000] {dag.py:3324} INFO - Setting next_dagrun for example_xcom_args_with_operators to None, run_after=None
[2022-10-04T03:17:07.467+0000] {processor.py:178} INFO - Processing /usr/local/lib/python3.10/dist-packages/airflow/example_dags/example_xcomargs.py took 0.291 seconds
[2022-10-04T03:17:48.519+0000] {processor.py:156} INFO - Started process (PID=8626) to work on /usr/local/lib/python3.10/dist-packages/airflow/example_dags/example_xcomargs.py
[2022-10-04T03:17:48.520+0000] {processor.py:758} INFO - Processing file /usr/local/lib/python3.10/dist-packages/airflow/example_dags/example_xcomargs.py for tasks to queue
[2022-10-04T03:17:48.521+0000] {logging_mixin.py:117} INFO - [2022-10-04T03:17:48.521+0000] {dagbag.py:525} INFO - Filling up the DagBag from /usr/local/lib/python3.10/dist-packages/airflow/example_dags/example_xcomargs.py
[2022-10-04T03:17:48.544+0000] {processor.py:768} INFO - DAG(s) dict_keys(['example_xcom_args', 'example_xcom_args_with_operators']) retrieved from /usr/local/lib/python3.10/dist-packages/airflow/example_dags/example_xcomargs.py
[2022-10-04T03:17:48.567+0000] {logging_mixin.py:117} INFO - [2022-10-04T03:17:48.567+0000] {dag.py:2573} INFO - Sync 2 DAGs
[2022-10-04T03:17:48.704+0000] {logging_mixin.py:117} INFO - [2022-10-04T03:17:48.704+0000] {dag.py:3324} INFO - Setting next_dagrun for example_xcom_args to None, run_after=None
[2022-10-04T03:17:48.707+0000] {logging_mixin.py:117} INFO - [2022-10-04T03:17:48.707+0000] {dag.py:3324} INFO - Setting next_dagrun for example_xcom_args_with_operators to None, run_after=None
[2022-10-04T03:17:48.724+0000] {processor.py:178} INFO - Processing /usr/local/lib/python3.10/dist-packages/airflow/example_dags/example_xcomargs.py took 0.208 seconds
[2022-10-04T03:18:47.806+0000] {processor.py:156} INFO - Started process (PID=8692) to work on /usr/local/lib/python3.10/dist-packages/airflow/example_dags/example_xcomargs.py
[2022-10-04T03:18:47.807+0000] {processor.py:758} INFO - Processing file /usr/local/lib/python3.10/dist-packages/airflow/example_dags/example_xcomargs.py for tasks to queue
[2022-10-04T03:18:47.808+0000] {logging_mixin.py:117} INFO - [2022-10-04T03:18:47.808+0000] {dagbag.py:525} INFO - Filling up the DagBag from /usr/local/lib/python3.10/dist-packages/airflow/example_dags/example_xcomargs.py
[2022-10-04T03:18:47.831+0000] {processor.py:768} INFO - DAG(s) dict_keys(['example_xcom_args_with_operators', 'example_xcom_args']) retrieved from /usr/local/lib/python3.10/dist-packages/airflow/example_dags/example_xcomargs.py
[2022-10-04T03:18:47.845+0000] {logging_mixin.py:117} INFO - [2022-10-04T03:18:47.845+0000] {dag.py:2573} INFO - Sync 2 DAGs
[2022-10-04T03:18:47.861+0000] {logging_mixin.py:117} INFO - [2022-10-04T03:18:47.861+0000] {dag.py:3324} INFO - Setting next_dagrun for example_xcom_args to None, run_after=None
[2022-10-04T03:18:47.864+0000] {logging_mixin.py:117} INFO - [2022-10-04T03:18:47.864+0000] {dag.py:3324} INFO - Setting next_dagrun for example_xcom_args_with_operators to None, run_after=None
[2022-10-04T03:18:47.883+0000] {processor.py:178} INFO - Processing /usr/local/lib/python3.10/dist-packages/airflow/example_dags/example_xcomargs.py took 0.080 seconds
[2022-10-04T03:19:25.888+0000] {processor.py:156} INFO - Started process (PID=8730) to work on /usr/local/lib/python3.10/dist-packages/airflow/example_dags/example_xcomargs.py
[2022-10-04T03:19:25.890+0000] {processor.py:758} INFO - Processing file /usr/local/lib/python3.10/dist-packages/airflow/example_dags/example_xcomargs.py for tasks to queue
[2022-10-04T03:19:25.890+0000] {logging_mixin.py:117} INFO - [2022-10-04T03:19:25.890+0000] {dagbag.py:525} INFO - Filling up the DagBag from /usr/local/lib/python3.10/dist-packages/airflow/example_dags/example_xcomargs.py
[2022-10-04T03:19:25.914+0000] {processor.py:768} INFO - DAG(s) dict_keys(['example_xcom_args_with_operators', 'example_xcom_args']) retrieved from /usr/local/lib/python3.10/dist-packages/airflow/example_dags/example_xcomargs.py
[2022-10-04T03:19:25.936+0000] {logging_mixin.py:117} INFO - [2022-10-04T03:19:25.936+0000] {dag.py:2573} INFO - Sync 2 DAGs
[2022-10-04T03:19:25.952+0000] {logging_mixin.py:117} INFO - [2022-10-04T03:19:25.952+0000] {dag.py:3324} INFO - Setting next_dagrun for example_xcom_args to None, run_after=None
[2022-10-04T03:19:25.954+0000] {logging_mixin.py:117} INFO - [2022-10-04T03:19:25.954+0000] {dag.py:3324} INFO - Setting next_dagrun for example_xcom_args_with_operators to None, run_after=None
[2022-10-04T03:19:25.974+0000] {processor.py:178} INFO - Processing /usr/local/lib/python3.10/dist-packages/airflow/example_dags/example_xcomargs.py took 0.088 seconds
[2022-10-04T03:20:03.966+0000] {processor.py:156} INFO - Started process (PID=8770) to work on /usr/local/lib/python3.10/dist-packages/airflow/example_dags/example_xcomargs.py
[2022-10-04T03:20:03.967+0000] {processor.py:758} INFO - Processing file /usr/local/lib/python3.10/dist-packages/airflow/example_dags/example_xcomargs.py for tasks to queue
[2022-10-04T03:20:03.968+0000] {logging_mixin.py:117} INFO - [2022-10-04T03:20:03.968+0000] {dagbag.py:525} INFO - Filling up the DagBag from /usr/local/lib/python3.10/dist-packages/airflow/example_dags/example_xcomargs.py
[2022-10-04T03:20:03.997+0000] {processor.py:768} INFO - DAG(s) dict_keys(['example_xcom_args_with_operators', 'example_xcom_args']) retrieved from /usr/local/lib/python3.10/dist-packages/airflow/example_dags/example_xcomargs.py
[2022-10-04T03:20:04.026+0000] {logging_mixin.py:117} INFO - [2022-10-04T03:20:04.025+0000] {dag.py:2573} INFO - Sync 2 DAGs
[2022-10-04T03:20:04.043+0000] {logging_mixin.py:117} INFO - [2022-10-04T03:20:04.043+0000] {dag.py:3324} INFO - Setting next_dagrun for example_xcom_args to None, run_after=None
[2022-10-04T03:20:04.046+0000] {logging_mixin.py:117} INFO - [2022-10-04T03:20:04.046+0000] {dag.py:3324} INFO - Setting next_dagrun for example_xcom_args_with_operators to None, run_after=None
[2022-10-04T03:20:04.065+0000] {processor.py:178} INFO - Processing /usr/local/lib/python3.10/dist-packages/airflow/example_dags/example_xcomargs.py took 0.102 seconds
[2022-10-04T03:20:42.987+0000] {processor.py:156} INFO - Started process (PID=8811) to work on /usr/local/lib/python3.10/dist-packages/airflow/example_dags/example_xcomargs.py
[2022-10-04T03:20:42.990+0000] {processor.py:758} INFO - Processing file /usr/local/lib/python3.10/dist-packages/airflow/example_dags/example_xcomargs.py for tasks to queue
[2022-10-04T03:20:42.990+0000] {logging_mixin.py:117} INFO - [2022-10-04T03:20:42.990+0000] {dagbag.py:525} INFO - Filling up the DagBag from /usr/local/lib/python3.10/dist-packages/airflow/example_dags/example_xcomargs.py
[2022-10-04T03:20:43.023+0000] {processor.py:768} INFO - DAG(s) dict_keys(['example_xcom_args_with_operators', 'example_xcom_args']) retrieved from /usr/local/lib/python3.10/dist-packages/airflow/example_dags/example_xcomargs.py
[2022-10-04T03:20:43.063+0000] {logging_mixin.py:117} INFO - [2022-10-04T03:20:43.063+0000] {dag.py:2573} INFO - Sync 2 DAGs
[2022-10-04T03:20:43.085+0000] {logging_mixin.py:117} INFO - [2022-10-04T03:20:43.085+0000] {dag.py:3324} INFO - Setting next_dagrun for example_xcom_args to None, run_after=None
[2022-10-04T03:20:43.089+0000] {logging_mixin.py:117} INFO - [2022-10-04T03:20:43.088+0000] {dag.py:3324} INFO - Setting next_dagrun for example_xcom_args_with_operators to None, run_after=None
[2022-10-04T03:20:43.192+0000] {processor.py:178} INFO - Processing /usr/local/lib/python3.10/dist-packages/airflow/example_dags/example_xcomargs.py took 0.208 seconds
[2022-10-04T03:21:21.180+0000] {processor.py:156} INFO - Started process (PID=8847) to work on /usr/local/lib/python3.10/dist-packages/airflow/example_dags/example_xcomargs.py
[2022-10-04T03:21:21.182+0000] {processor.py:758} INFO - Processing file /usr/local/lib/python3.10/dist-packages/airflow/example_dags/example_xcomargs.py for tasks to queue
[2022-10-04T03:21:21.182+0000] {logging_mixin.py:117} INFO - [2022-10-04T03:21:21.182+0000] {dagbag.py:525} INFO - Filling up the DagBag from /usr/local/lib/python3.10/dist-packages/airflow/example_dags/example_xcomargs.py
[2022-10-04T03:21:21.207+0000] {processor.py:768} INFO - DAG(s) dict_keys(['example_xcom_args_with_operators', 'example_xcom_args']) retrieved from /usr/local/lib/python3.10/dist-packages/airflow/example_dags/example_xcomargs.py
[2022-10-04T03:21:21.232+0000] {logging_mixin.py:117} INFO - [2022-10-04T03:21:21.231+0000] {dag.py:2573} INFO - Sync 2 DAGs
[2022-10-04T03:21:21.255+0000] {logging_mixin.py:117} INFO - [2022-10-04T03:21:21.255+0000] {dag.py:3324} INFO - Setting next_dagrun for example_xcom_args to None, run_after=None
[2022-10-04T03:21:21.257+0000] {logging_mixin.py:117} INFO - [2022-10-04T03:21:21.257+0000] {dag.py:3324} INFO - Setting next_dagrun for example_xcom_args_with_operators to None, run_after=None
[2022-10-04T03:21:21.278+0000] {processor.py:178} INFO - Processing /usr/local/lib/python3.10/dist-packages/airflow/example_dags/example_xcomargs.py took 0.100 seconds
[2022-10-04T03:22:01.040+0000] {processor.py:156} INFO - Started process (PID=8886) to work on /usr/local/lib/python3.10/dist-packages/airflow/example_dags/example_xcomargs.py
[2022-10-04T03:22:01.042+0000] {processor.py:758} INFO - Processing file /usr/local/lib/python3.10/dist-packages/airflow/example_dags/example_xcomargs.py for tasks to queue
[2022-10-04T03:22:01.043+0000] {logging_mixin.py:117} INFO - [2022-10-04T03:22:01.043+0000] {dagbag.py:525} INFO - Filling up the DagBag from /usr/local/lib/python3.10/dist-packages/airflow/example_dags/example_xcomargs.py
[2022-10-04T03:22:01.099+0000] {processor.py:768} INFO - DAG(s) dict_keys(['example_xcom_args_with_operators', 'example_xcom_args']) retrieved from /usr/local/lib/python3.10/dist-packages/airflow/example_dags/example_xcomargs.py
[2022-10-04T03:22:01.149+0000] {logging_mixin.py:117} INFO - [2022-10-04T03:22:01.149+0000] {dag.py:2573} INFO - Sync 2 DAGs
[2022-10-04T03:22:01.179+0000] {logging_mixin.py:117} INFO - [2022-10-04T03:22:01.179+0000] {dag.py:3324} INFO - Setting next_dagrun for example_xcom_args to None, run_after=None
[2022-10-04T03:22:01.187+0000] {logging_mixin.py:117} INFO - [2022-10-04T03:22:01.187+0000] {dag.py:3324} INFO - Setting next_dagrun for example_xcom_args_with_operators to None, run_after=None
[2022-10-04T03:22:01.218+0000] {processor.py:178} INFO - Processing /usr/local/lib/python3.10/dist-packages/airflow/example_dags/example_xcomargs.py took 0.186 seconds
[2022-10-04T03:22:36.123+0000] {processor.py:156} INFO - Started process (PID=8924) to work on /usr/local/lib/python3.10/dist-packages/airflow/example_dags/example_xcomargs.py
[2022-10-04T03:22:36.124+0000] {processor.py:758} INFO - Processing file /usr/local/lib/python3.10/dist-packages/airflow/example_dags/example_xcomargs.py for tasks to queue
[2022-10-04T03:22:36.125+0000] {logging_mixin.py:117} INFO - [2022-10-04T03:22:36.125+0000] {dagbag.py:525} INFO - Filling up the DagBag from /usr/local/lib/python3.10/dist-packages/airflow/example_dags/example_xcomargs.py
[2022-10-04T03:22:36.149+0000] {processor.py:768} INFO - DAG(s) dict_keys(['example_xcom_args_with_operators', 'example_xcom_args']) retrieved from /usr/local/lib/python3.10/dist-packages/airflow/example_dags/example_xcomargs.py
[2022-10-04T03:22:36.183+0000] {logging_mixin.py:117} INFO - [2022-10-04T03:22:36.182+0000] {dag.py:2573} INFO - Sync 2 DAGs
[2022-10-04T03:22:36.200+0000] {logging_mixin.py:117} INFO - [2022-10-04T03:22:36.200+0000] {dag.py:3324} INFO - Setting next_dagrun for example_xcom_args to None, run_after=None
[2022-10-04T03:22:36.203+0000] {logging_mixin.py:117} INFO - [2022-10-04T03:22:36.203+0000] {dag.py:3324} INFO - Setting next_dagrun for example_xcom_args_with_operators to None, run_after=None
[2022-10-04T03:22:36.224+0000] {processor.py:178} INFO - Processing /usr/local/lib/python3.10/dist-packages/airflow/example_dags/example_xcomargs.py took 0.104 seconds
[2022-10-04T03:23:46.690+0000] {processor.py:156} INFO - Started process (PID=8999) to work on /usr/local/lib/python3.10/dist-packages/airflow/example_dags/example_xcomargs.py
[2022-10-04T03:23:46.692+0000] {processor.py:758} INFO - Processing file /usr/local/lib/python3.10/dist-packages/airflow/example_dags/example_xcomargs.py for tasks to queue
[2022-10-04T03:23:46.692+0000] {logging_mixin.py:117} INFO - [2022-10-04T03:23:46.692+0000] {dagbag.py:525} INFO - Filling up the DagBag from /usr/local/lib/python3.10/dist-packages/airflow/example_dags/example_xcomargs.py
[2022-10-04T03:23:46.715+0000] {processor.py:768} INFO - DAG(s) dict_keys(['example_xcom_args', 'example_xcom_args_with_operators']) retrieved from /usr/local/lib/python3.10/dist-packages/airflow/example_dags/example_xcomargs.py
[2022-10-04T03:23:46.728+0000] {logging_mixin.py:117} INFO - [2022-10-04T03:23:46.728+0000] {dag.py:2573} INFO - Sync 2 DAGs
[2022-10-04T03:23:46.745+0000] {logging_mixin.py:117} INFO - [2022-10-04T03:23:46.745+0000] {dag.py:3324} INFO - Setting next_dagrun for example_xcom_args to None, run_after=None
[2022-10-04T03:23:46.748+0000] {logging_mixin.py:117} INFO - [2022-10-04T03:23:46.747+0000] {dag.py:3324} INFO - Setting next_dagrun for example_xcom_args_with_operators to None, run_after=None
[2022-10-04T03:23:46.766+0000] {processor.py:178} INFO - Processing /usr/local/lib/python3.10/dist-packages/airflow/example_dags/example_xcomargs.py took 0.079 seconds
[2022-10-04T03:24:24.940+0000] {processor.py:156} INFO - Started process (PID=9039) to work on /usr/local/lib/python3.10/dist-packages/airflow/example_dags/example_xcomargs.py
[2022-10-04T03:24:24.942+0000] {processor.py:758} INFO - Processing file /usr/local/lib/python3.10/dist-packages/airflow/example_dags/example_xcomargs.py for tasks to queue
[2022-10-04T03:24:24.942+0000] {logging_mixin.py:117} INFO - [2022-10-04T03:24:24.942+0000] {dagbag.py:525} INFO - Filling up the DagBag from /usr/local/lib/python3.10/dist-packages/airflow/example_dags/example_xcomargs.py
[2022-10-04T03:24:24.974+0000] {processor.py:768} INFO - DAG(s) dict_keys(['example_xcom_args_with_operators', 'example_xcom_args']) retrieved from /usr/local/lib/python3.10/dist-packages/airflow/example_dags/example_xcomargs.py
[2022-10-04T03:24:24.999+0000] {logging_mixin.py:117} INFO - [2022-10-04T03:24:24.999+0000] {dag.py:2573} INFO - Sync 2 DAGs
[2022-10-04T03:24:25.018+0000] {logging_mixin.py:117} INFO - [2022-10-04T03:24:25.018+0000] {dag.py:3324} INFO - Setting next_dagrun for example_xcom_args to None, run_after=None
[2022-10-04T03:24:25.021+0000] {logging_mixin.py:117} INFO - [2022-10-04T03:24:25.020+0000] {dag.py:3324} INFO - Setting next_dagrun for example_xcom_args_with_operators to None, run_after=None
[2022-10-04T03:24:25.043+0000] {processor.py:178} INFO - Processing /usr/local/lib/python3.10/dist-packages/airflow/example_dags/example_xcomargs.py took 0.105 seconds
[2022-10-04T03:25:05.119+0000] {processor.py:156} INFO - Started process (PID=9081) to work on /usr/local/lib/python3.10/dist-packages/airflow/example_dags/example_xcomargs.py
[2022-10-04T03:25:05.120+0000] {processor.py:758} INFO - Processing file /usr/local/lib/python3.10/dist-packages/airflow/example_dags/example_xcomargs.py for tasks to queue
[2022-10-04T03:25:05.121+0000] {logging_mixin.py:117} INFO - [2022-10-04T03:25:05.121+0000] {dagbag.py:525} INFO - Filling up the DagBag from /usr/local/lib/python3.10/dist-packages/airflow/example_dags/example_xcomargs.py
[2022-10-04T03:25:05.147+0000] {processor.py:768} INFO - DAG(s) dict_keys(['example_xcom_args_with_operators', 'example_xcom_args']) retrieved from /usr/local/lib/python3.10/dist-packages/airflow/example_dags/example_xcomargs.py
[2022-10-04T03:25:05.174+0000] {logging_mixin.py:117} INFO - [2022-10-04T03:25:05.174+0000] {dag.py:2573} INFO - Sync 2 DAGs
[2022-10-04T03:25:05.214+0000] {logging_mixin.py:117} INFO - [2022-10-04T03:25:05.213+0000] {dag.py:3324} INFO - Setting next_dagrun for example_xcom_args to None, run_after=None
[2022-10-04T03:25:05.216+0000] {logging_mixin.py:117} INFO - [2022-10-04T03:25:05.216+0000] {dag.py:3324} INFO - Setting next_dagrun for example_xcom_args_with_operators to None, run_after=None
[2022-10-04T03:25:05.246+0000] {processor.py:178} INFO - Processing /usr/local/lib/python3.10/dist-packages/airflow/example_dags/example_xcomargs.py took 0.129 seconds
[2022-10-04T03:26:19.076+0000] {processor.py:156} INFO - Started process (PID=9163) to work on /usr/local/lib/python3.10/dist-packages/airflow/example_dags/example_xcomargs.py
[2022-10-04T03:26:19.077+0000] {processor.py:758} INFO - Processing file /usr/local/lib/python3.10/dist-packages/airflow/example_dags/example_xcomargs.py for tasks to queue
[2022-10-04T03:26:19.078+0000] {logging_mixin.py:117} INFO - [2022-10-04T03:26:19.078+0000] {dagbag.py:525} INFO - Filling up the DagBag from /usr/local/lib/python3.10/dist-packages/airflow/example_dags/example_xcomargs.py
[2022-10-04T03:26:19.103+0000] {processor.py:768} INFO - DAG(s) dict_keys(['example_xcom_args', 'example_xcom_args_with_operators']) retrieved from /usr/local/lib/python3.10/dist-packages/airflow/example_dags/example_xcomargs.py
[2022-10-04T03:26:19.121+0000] {logging_mixin.py:117} INFO - [2022-10-04T03:26:19.121+0000] {dag.py:2573} INFO - Sync 2 DAGs
[2022-10-04T03:26:19.148+0000] {logging_mixin.py:117} INFO - [2022-10-04T03:26:19.147+0000] {dag.py:3324} INFO - Setting next_dagrun for example_xcom_args to None, run_after=None
[2022-10-04T03:26:19.151+0000] {logging_mixin.py:117} INFO - [2022-10-04T03:26:19.151+0000] {dag.py:3324} INFO - Setting next_dagrun for example_xcom_args_with_operators to None, run_after=None
[2022-10-04T03:26:19.177+0000] {processor.py:178} INFO - Processing /usr/local/lib/python3.10/dist-packages/airflow/example_dags/example_xcomargs.py took 0.105 seconds
[2022-10-04T03:30:27.910+0000] {processor.py:156} INFO - Started process (PID=9261) to work on /usr/local/lib/python3.10/dist-packages/airflow/example_dags/example_xcomargs.py
[2022-10-04T03:30:27.912+0000] {processor.py:758} INFO - Processing file /usr/local/lib/python3.10/dist-packages/airflow/example_dags/example_xcomargs.py for tasks to queue
[2022-10-04T03:30:27.912+0000] {logging_mixin.py:117} INFO - [2022-10-04T03:30:27.912+0000] {dagbag.py:525} INFO - Filling up the DagBag from /usr/local/lib/python3.10/dist-packages/airflow/example_dags/example_xcomargs.py
[2022-10-04T03:30:27.940+0000] {processor.py:768} INFO - DAG(s) dict_keys(['example_xcom_args_with_operators', 'example_xcom_args']) retrieved from /usr/local/lib/python3.10/dist-packages/airflow/example_dags/example_xcomargs.py
[2022-10-04T03:30:27.953+0000] {logging_mixin.py:117} INFO - [2022-10-04T03:30:27.953+0000] {dag.py:2573} INFO - Sync 2 DAGs
[2022-10-04T03:30:27.975+0000] {logging_mixin.py:117} INFO - [2022-10-04T03:30:27.974+0000] {dag.py:3324} INFO - Setting next_dagrun for example_xcom_args to None, run_after=None
[2022-10-04T03:30:27.977+0000] {logging_mixin.py:117} INFO - [2022-10-04T03:30:27.977+0000] {dag.py:3324} INFO - Setting next_dagrun for example_xcom_args_with_operators to None, run_after=None
[2022-10-04T03:30:27.997+0000] {processor.py:178} INFO - Processing /usr/local/lib/python3.10/dist-packages/airflow/example_dags/example_xcomargs.py took 0.089 seconds
[2022-10-04T03:31:06.294+0000] {processor.py:156} INFO - Started process (PID=9302) to work on /usr/local/lib/python3.10/dist-packages/airflow/example_dags/example_xcomargs.py
[2022-10-04T03:31:06.295+0000] {processor.py:758} INFO - Processing file /usr/local/lib/python3.10/dist-packages/airflow/example_dags/example_xcomargs.py for tasks to queue
[2022-10-04T03:31:06.296+0000] {logging_mixin.py:117} INFO - [2022-10-04T03:31:06.296+0000] {dagbag.py:525} INFO - Filling up the DagBag from /usr/local/lib/python3.10/dist-packages/airflow/example_dags/example_xcomargs.py
[2022-10-04T03:31:06.320+0000] {processor.py:768} INFO - DAG(s) dict_keys(['example_xcom_args', 'example_xcom_args_with_operators']) retrieved from /usr/local/lib/python3.10/dist-packages/airflow/example_dags/example_xcomargs.py
[2022-10-04T03:31:06.348+0000] {logging_mixin.py:117} INFO - [2022-10-04T03:31:06.348+0000] {dag.py:2573} INFO - Sync 2 DAGs
[2022-10-04T03:31:06.365+0000] {logging_mixin.py:117} INFO - [2022-10-04T03:31:06.365+0000] {dag.py:3324} INFO - Setting next_dagrun for example_xcom_args to None, run_after=None
[2022-10-04T03:31:06.367+0000] {logging_mixin.py:117} INFO - [2022-10-04T03:31:06.367+0000] {dag.py:3324} INFO - Setting next_dagrun for example_xcom_args_with_operators to None, run_after=None
[2022-10-04T03:31:06.390+0000] {processor.py:178} INFO - Processing /usr/local/lib/python3.10/dist-packages/airflow/example_dags/example_xcomargs.py took 0.099 seconds
[2022-10-04T03:31:47.533+0000] {processor.py:156} INFO - Started process (PID=9343) to work on /usr/local/lib/python3.10/dist-packages/airflow/example_dags/example_xcomargs.py
[2022-10-04T03:31:47.534+0000] {processor.py:758} INFO - Processing file /usr/local/lib/python3.10/dist-packages/airflow/example_dags/example_xcomargs.py for tasks to queue
[2022-10-04T03:31:47.535+0000] {logging_mixin.py:117} INFO - [2022-10-04T03:31:47.535+0000] {dagbag.py:525} INFO - Filling up the DagBag from /usr/local/lib/python3.10/dist-packages/airflow/example_dags/example_xcomargs.py
[2022-10-04T03:31:47.570+0000] {processor.py:768} INFO - DAG(s) dict_keys(['example_xcom_args', 'example_xcom_args_with_operators']) retrieved from /usr/local/lib/python3.10/dist-packages/airflow/example_dags/example_xcomargs.py
[2022-10-04T03:31:47.607+0000] {logging_mixin.py:117} INFO - [2022-10-04T03:31:47.606+0000] {dag.py:2573} INFO - Sync 2 DAGs
[2022-10-04T03:31:47.635+0000] {logging_mixin.py:117} INFO - [2022-10-04T03:31:47.634+0000] {dag.py:3324} INFO - Setting next_dagrun for example_xcom_args to None, run_after=None
[2022-10-04T03:31:47.645+0000] {logging_mixin.py:117} INFO - [2022-10-04T03:31:47.639+0000] {dag.py:3324} INFO - Setting next_dagrun for example_xcom_args_with_operators to None, run_after=None
[2022-10-04T03:31:47.681+0000] {processor.py:178} INFO - Processing /usr/local/lib/python3.10/dist-packages/airflow/example_dags/example_xcomargs.py took 0.151 seconds
[2022-10-04T03:32:24.434+0000] {processor.py:156} INFO - Started process (PID=9397) to work on /usr/local/lib/python3.10/dist-packages/airflow/example_dags/example_xcomargs.py
[2022-10-04T03:32:24.435+0000] {processor.py:758} INFO - Processing file /usr/local/lib/python3.10/dist-packages/airflow/example_dags/example_xcomargs.py for tasks to queue
[2022-10-04T03:32:24.435+0000] {logging_mixin.py:117} INFO - [2022-10-04T03:32:24.435+0000] {dagbag.py:525} INFO - Filling up the DagBag from /usr/local/lib/python3.10/dist-packages/airflow/example_dags/example_xcomargs.py
[2022-10-04T03:32:24.461+0000] {processor.py:768} INFO - DAG(s) dict_keys(['example_xcom_args_with_operators', 'example_xcom_args']) retrieved from /usr/local/lib/python3.10/dist-packages/airflow/example_dags/example_xcomargs.py
[2022-10-04T03:32:24.485+0000] {logging_mixin.py:117} INFO - [2022-10-04T03:32:24.485+0000] {dag.py:2573} INFO - Sync 2 DAGs
[2022-10-04T03:32:24.503+0000] {logging_mixin.py:117} INFO - [2022-10-04T03:32:24.503+0000] {dag.py:3324} INFO - Setting next_dagrun for example_xcom_args to None, run_after=None
[2022-10-04T03:32:24.505+0000] {logging_mixin.py:117} INFO - [2022-10-04T03:32:24.505+0000] {dag.py:3324} INFO - Setting next_dagrun for example_xcom_args_with_operators to None, run_after=None
[2022-10-04T03:32:24.529+0000] {processor.py:178} INFO - Processing /usr/local/lib/python3.10/dist-packages/airflow/example_dags/example_xcomargs.py took 0.098 seconds
[2022-10-04T03:33:00.991+0000] {processor.py:156} INFO - Started process (PID=9435) to work on /usr/local/lib/python3.10/dist-packages/airflow/example_dags/example_xcomargs.py
[2022-10-04T03:33:00.992+0000] {processor.py:758} INFO - Processing file /usr/local/lib/python3.10/dist-packages/airflow/example_dags/example_xcomargs.py for tasks to queue
[2022-10-04T03:33:00.993+0000] {logging_mixin.py:117} INFO - [2022-10-04T03:33:00.993+0000] {dagbag.py:525} INFO - Filling up the DagBag from /usr/local/lib/python3.10/dist-packages/airflow/example_dags/example_xcomargs.py
[2022-10-04T03:33:01.021+0000] {processor.py:768} INFO - DAG(s) dict_keys(['example_xcom_args_with_operators', 'example_xcom_args']) retrieved from /usr/local/lib/python3.10/dist-packages/airflow/example_dags/example_xcomargs.py
[2022-10-04T03:33:01.051+0000] {logging_mixin.py:117} INFO - [2022-10-04T03:33:01.051+0000] {dag.py:2573} INFO - Sync 2 DAGs
[2022-10-04T03:33:01.071+0000] {logging_mixin.py:117} INFO - [2022-10-04T03:33:01.071+0000] {dag.py:3324} INFO - Setting next_dagrun for example_xcom_args to None, run_after=None
[2022-10-04T03:33:01.074+0000] {logging_mixin.py:117} INFO - [2022-10-04T03:33:01.074+0000] {dag.py:3324} INFO - Setting next_dagrun for example_xcom_args_with_operators to None, run_after=None
[2022-10-04T03:33:01.096+0000] {processor.py:178} INFO - Processing /usr/local/lib/python3.10/dist-packages/airflow/example_dags/example_xcomargs.py took 0.109 seconds
[2022-10-04T03:33:38.680+0000] {processor.py:156} INFO - Started process (PID=9475) to work on /usr/local/lib/python3.10/dist-packages/airflow/example_dags/example_xcomargs.py
[2022-10-04T03:33:38.681+0000] {processor.py:758} INFO - Processing file /usr/local/lib/python3.10/dist-packages/airflow/example_dags/example_xcomargs.py for tasks to queue
[2022-10-04T03:33:38.682+0000] {logging_mixin.py:117} INFO - [2022-10-04T03:33:38.682+0000] {dagbag.py:525} INFO - Filling up the DagBag from /usr/local/lib/python3.10/dist-packages/airflow/example_dags/example_xcomargs.py
[2022-10-04T03:33:38.705+0000] {processor.py:768} INFO - DAG(s) dict_keys(['example_xcom_args_with_operators', 'example_xcom_args']) retrieved from /usr/local/lib/python3.10/dist-packages/airflow/example_dags/example_xcomargs.py
[2022-10-04T03:33:38.730+0000] {logging_mixin.py:117} INFO - [2022-10-04T03:33:38.729+0000] {dag.py:2573} INFO - Sync 2 DAGs
[2022-10-04T03:33:38.747+0000] {logging_mixin.py:117} INFO - [2022-10-04T03:33:38.747+0000] {dag.py:3324} INFO - Setting next_dagrun for example_xcom_args to None, run_after=None
[2022-10-04T03:33:38.749+0000] {logging_mixin.py:117} INFO - [2022-10-04T03:33:38.749+0000] {dag.py:3324} INFO - Setting next_dagrun for example_xcom_args_with_operators to None, run_after=None
[2022-10-04T03:33:38.770+0000] {processor.py:178} INFO - Processing /usr/local/lib/python3.10/dist-packages/airflow/example_dags/example_xcomargs.py took 0.093 seconds
[2022-10-04T03:34:16.248+0000] {processor.py:156} INFO - Started process (PID=9517) to work on /usr/local/lib/python3.10/dist-packages/airflow/example_dags/example_xcomargs.py
[2022-10-04T03:34:16.249+0000] {processor.py:758} INFO - Processing file /usr/local/lib/python3.10/dist-packages/airflow/example_dags/example_xcomargs.py for tasks to queue
[2022-10-04T03:34:16.249+0000] {logging_mixin.py:117} INFO - [2022-10-04T03:34:16.249+0000] {dagbag.py:525} INFO - Filling up the DagBag from /usr/local/lib/python3.10/dist-packages/airflow/example_dags/example_xcomargs.py
[2022-10-04T03:34:16.275+0000] {processor.py:768} INFO - DAG(s) dict_keys(['example_xcom_args', 'example_xcom_args_with_operators']) retrieved from /usr/local/lib/python3.10/dist-packages/airflow/example_dags/example_xcomargs.py
[2022-10-04T03:34:16.303+0000] {logging_mixin.py:117} INFO - [2022-10-04T03:34:16.303+0000] {dag.py:2573} INFO - Sync 2 DAGs
[2022-10-04T03:34:16.324+0000] {logging_mixin.py:117} INFO - [2022-10-04T03:34:16.324+0000] {dag.py:3324} INFO - Setting next_dagrun for example_xcom_args to None, run_after=None
[2022-10-04T03:34:16.327+0000] {logging_mixin.py:117} INFO - [2022-10-04T03:34:16.327+0000] {dag.py:3324} INFO - Setting next_dagrun for example_xcom_args_with_operators to None, run_after=None
[2022-10-04T03:34:16.351+0000] {processor.py:178} INFO - Processing /usr/local/lib/python3.10/dist-packages/airflow/example_dags/example_xcomargs.py took 0.107 seconds
[2022-10-04T03:46:18.945+0000] {processor.py:156} INFO - Started process (PID=976) to work on /usr/local/lib/python3.10/dist-packages/airflow/example_dags/example_xcomargs.py
[2022-10-04T03:46:18.947+0000] {processor.py:758} INFO - Processing file /usr/local/lib/python3.10/dist-packages/airflow/example_dags/example_xcomargs.py for tasks to queue
[2022-10-04T03:46:18.948+0000] {logging_mixin.py:117} INFO - [2022-10-04T03:46:18.948+0000] {dagbag.py:525} INFO - Filling up the DagBag from /usr/local/lib/python3.10/dist-packages/airflow/example_dags/example_xcomargs.py
[2022-10-04T03:46:18.974+0000] {processor.py:768} INFO - DAG(s) dict_keys(['example_xcom_args', 'example_xcom_args_with_operators']) retrieved from /usr/local/lib/python3.10/dist-packages/airflow/example_dags/example_xcomargs.py
[2022-10-04T03:46:18.987+0000] {logging_mixin.py:117} INFO - [2022-10-04T03:46:18.986+0000] {dag.py:2573} INFO - Sync 2 DAGs
[2022-10-04T03:46:19.008+0000] {logging_mixin.py:117} INFO - [2022-10-04T03:46:19.008+0000] {dag.py:3324} INFO - Setting next_dagrun for example_xcom_args to None, run_after=None
[2022-10-04T03:46:19.011+0000] {logging_mixin.py:117} INFO - [2022-10-04T03:46:19.011+0000] {dag.py:3324} INFO - Setting next_dagrun for example_xcom_args_with_operators to None, run_after=None
[2022-10-04T03:46:19.031+0000] {processor.py:178} INFO - Processing /usr/local/lib/python3.10/dist-packages/airflow/example_dags/example_xcomargs.py took 0.089 seconds
[2022-10-04T03:46:58.081+0000] {processor.py:156} INFO - Started process (PID=1019) to work on /usr/local/lib/python3.10/dist-packages/airflow/example_dags/example_xcomargs.py
[2022-10-04T03:46:58.082+0000] {processor.py:758} INFO - Processing file /usr/local/lib/python3.10/dist-packages/airflow/example_dags/example_xcomargs.py for tasks to queue
[2022-10-04T03:46:58.083+0000] {logging_mixin.py:117} INFO - [2022-10-04T03:46:58.082+0000] {dagbag.py:525} INFO - Filling up the DagBag from /usr/local/lib/python3.10/dist-packages/airflow/example_dags/example_xcomargs.py
[2022-10-04T03:46:58.115+0000] {processor.py:768} INFO - DAG(s) dict_keys(['example_xcom_args_with_operators', 'example_xcom_args']) retrieved from /usr/local/lib/python3.10/dist-packages/airflow/example_dags/example_xcomargs.py
[2022-10-04T03:46:58.144+0000] {logging_mixin.py:117} INFO - [2022-10-04T03:46:58.144+0000] {dag.py:2573} INFO - Sync 2 DAGs
[2022-10-04T03:46:58.162+0000] {logging_mixin.py:117} INFO - [2022-10-04T03:46:58.162+0000] {dag.py:3324} INFO - Setting next_dagrun for example_xcom_args to None, run_after=None
[2022-10-04T03:46:58.167+0000] {logging_mixin.py:117} INFO - [2022-10-04T03:46:58.167+0000] {dag.py:3324} INFO - Setting next_dagrun for example_xcom_args_with_operators to None, run_after=None
[2022-10-04T03:46:58.188+0000] {processor.py:178} INFO - Processing /usr/local/lib/python3.10/dist-packages/airflow/example_dags/example_xcomargs.py took 0.111 seconds
[2022-10-04T03:47:37.609+0000] {processor.py:156} INFO - Started process (PID=1125) to work on /usr/local/lib/python3.10/dist-packages/airflow/example_dags/example_xcomargs.py
[2022-10-04T03:47:37.610+0000] {processor.py:758} INFO - Processing file /usr/local/lib/python3.10/dist-packages/airflow/example_dags/example_xcomargs.py for tasks to queue
[2022-10-04T03:47:37.611+0000] {logging_mixin.py:117} INFO - [2022-10-04T03:47:37.611+0000] {dagbag.py:525} INFO - Filling up the DagBag from /usr/local/lib/python3.10/dist-packages/airflow/example_dags/example_xcomargs.py
[2022-10-04T03:47:37.636+0000] {processor.py:768} INFO - DAG(s) dict_keys(['example_xcom_args', 'example_xcom_args_with_operators']) retrieved from /usr/local/lib/python3.10/dist-packages/airflow/example_dags/example_xcomargs.py
[2022-10-04T03:47:37.661+0000] {logging_mixin.py:117} INFO - [2022-10-04T03:47:37.661+0000] {dag.py:2573} INFO - Sync 2 DAGs
[2022-10-04T03:47:37.677+0000] {logging_mixin.py:117} INFO - [2022-10-04T03:47:37.677+0000] {dag.py:3324} INFO - Setting next_dagrun for example_xcom_args to None, run_after=None
[2022-10-04T03:47:37.680+0000] {logging_mixin.py:117} INFO - [2022-10-04T03:47:37.680+0000] {dag.py:3324} INFO - Setting next_dagrun for example_xcom_args_with_operators to None, run_after=None
[2022-10-04T03:47:37.701+0000] {processor.py:178} INFO - Processing /usr/local/lib/python3.10/dist-packages/airflow/example_dags/example_xcomargs.py took 0.095 seconds
[2022-10-04T03:48:16.386+0000] {processor.py:156} INFO - Started process (PID=1163) to work on /usr/local/lib/python3.10/dist-packages/airflow/example_dags/example_xcomargs.py
[2022-10-04T03:48:16.387+0000] {processor.py:758} INFO - Processing file /usr/local/lib/python3.10/dist-packages/airflow/example_dags/example_xcomargs.py for tasks to queue
[2022-10-04T03:48:16.387+0000] {logging_mixin.py:117} INFO - [2022-10-04T03:48:16.387+0000] {dagbag.py:525} INFO - Filling up the DagBag from /usr/local/lib/python3.10/dist-packages/airflow/example_dags/example_xcomargs.py
[2022-10-04T03:48:16.416+0000] {processor.py:768} INFO - DAG(s) dict_keys(['example_xcom_args', 'example_xcom_args_with_operators']) retrieved from /usr/local/lib/python3.10/dist-packages/airflow/example_dags/example_xcomargs.py
[2022-10-04T03:48:16.443+0000] {logging_mixin.py:117} INFO - [2022-10-04T03:48:16.443+0000] {dag.py:2573} INFO - Sync 2 DAGs
[2022-10-04T03:48:16.465+0000] {logging_mixin.py:117} INFO - [2022-10-04T03:48:16.464+0000] {dag.py:3324} INFO - Setting next_dagrun for example_xcom_args to None, run_after=None
[2022-10-04T03:48:16.468+0000] {logging_mixin.py:117} INFO - [2022-10-04T03:48:16.468+0000] {dag.py:3324} INFO - Setting next_dagrun for example_xcom_args_with_operators to None, run_after=None
[2022-10-04T03:48:16.498+0000] {processor.py:178} INFO - Processing /usr/local/lib/python3.10/dist-packages/airflow/example_dags/example_xcomargs.py took 0.115 seconds
[2022-10-04T03:48:55.203+0000] {processor.py:156} INFO - Started process (PID=1202) to work on /usr/local/lib/python3.10/dist-packages/airflow/example_dags/example_xcomargs.py
[2022-10-04T03:48:55.204+0000] {processor.py:758} INFO - Processing file /usr/local/lib/python3.10/dist-packages/airflow/example_dags/example_xcomargs.py for tasks to queue
[2022-10-04T03:48:55.205+0000] {logging_mixin.py:117} INFO - [2022-10-04T03:48:55.205+0000] {dagbag.py:525} INFO - Filling up the DagBag from /usr/local/lib/python3.10/dist-packages/airflow/example_dags/example_xcomargs.py
[2022-10-04T03:48:55.243+0000] {processor.py:768} INFO - DAG(s) dict_keys(['example_xcom_args_with_operators', 'example_xcom_args']) retrieved from /usr/local/lib/python3.10/dist-packages/airflow/example_dags/example_xcomargs.py
[2022-10-04T03:48:55.272+0000] {logging_mixin.py:117} INFO - [2022-10-04T03:48:55.272+0000] {dag.py:2573} INFO - Sync 2 DAGs
[2022-10-04T03:48:55.291+0000] {logging_mixin.py:117} INFO - [2022-10-04T03:48:55.291+0000] {dag.py:3324} INFO - Setting next_dagrun for example_xcom_args to None, run_after=None
[2022-10-04T03:48:55.294+0000] {logging_mixin.py:117} INFO - [2022-10-04T03:48:55.294+0000] {dag.py:3324} INFO - Setting next_dagrun for example_xcom_args_with_operators to None, run_after=None
[2022-10-04T03:48:55.315+0000] {processor.py:178} INFO - Processing /usr/local/lib/python3.10/dist-packages/airflow/example_dags/example_xcomargs.py took 0.117 seconds
[2022-10-04T03:49:40.736+0000] {processor.py:156} INFO - Started process (PID=1251) to work on /usr/local/lib/python3.10/dist-packages/airflow/example_dags/example_xcomargs.py
[2022-10-04T03:49:40.738+0000] {processor.py:758} INFO - Processing file /usr/local/lib/python3.10/dist-packages/airflow/example_dags/example_xcomargs.py for tasks to queue
[2022-10-04T03:49:40.738+0000] {logging_mixin.py:117} INFO - [2022-10-04T03:49:40.738+0000] {dagbag.py:525} INFO - Filling up the DagBag from /usr/local/lib/python3.10/dist-packages/airflow/example_dags/example_xcomargs.py
[2022-10-04T03:49:40.768+0000] {processor.py:768} INFO - DAG(s) dict_keys(['example_xcom_args_with_operators', 'example_xcom_args']) retrieved from /usr/local/lib/python3.10/dist-packages/airflow/example_dags/example_xcomargs.py
[2022-10-04T03:49:40.783+0000] {logging_mixin.py:117} INFO - [2022-10-04T03:49:40.783+0000] {dag.py:2573} INFO - Sync 2 DAGs
[2022-10-04T03:49:40.813+0000] {logging_mixin.py:117} INFO - [2022-10-04T03:49:40.813+0000] {dag.py:3324} INFO - Setting next_dagrun for example_xcom_args to None, run_after=None
[2022-10-04T03:49:40.816+0000] {logging_mixin.py:117} INFO - [2022-10-04T03:49:40.816+0000] {dag.py:3324} INFO - Setting next_dagrun for example_xcom_args_with_operators to None, run_after=None
[2022-10-04T03:49:40.838+0000] {processor.py:178} INFO - Processing /usr/local/lib/python3.10/dist-packages/airflow/example_dags/example_xcomargs.py took 0.106 seconds
[2022-10-04T03:50:24.018+0000] {processor.py:156} INFO - Started process (PID=1292) to work on /usr/local/lib/python3.10/dist-packages/airflow/example_dags/example_xcomargs.py
[2022-10-04T03:50:24.019+0000] {processor.py:758} INFO - Processing file /usr/local/lib/python3.10/dist-packages/airflow/example_dags/example_xcomargs.py for tasks to queue
[2022-10-04T03:50:24.020+0000] {logging_mixin.py:117} INFO - [2022-10-04T03:50:24.019+0000] {dagbag.py:525} INFO - Filling up the DagBag from /usr/local/lib/python3.10/dist-packages/airflow/example_dags/example_xcomargs.py
[2022-10-04T03:50:24.045+0000] {processor.py:768} INFO - DAG(s) dict_keys(['example_xcom_args_with_operators', 'example_xcom_args']) retrieved from /usr/local/lib/python3.10/dist-packages/airflow/example_dags/example_xcomargs.py
[2022-10-04T03:50:24.072+0000] {logging_mixin.py:117} INFO - [2022-10-04T03:50:24.071+0000] {dag.py:2573} INFO - Sync 2 DAGs
[2022-10-04T03:50:24.088+0000] {logging_mixin.py:117} INFO - [2022-10-04T03:50:24.088+0000] {dag.py:3324} INFO - Setting next_dagrun for example_xcom_args to None, run_after=None
[2022-10-04T03:50:24.091+0000] {logging_mixin.py:117} INFO - [2022-10-04T03:50:24.091+0000] {dag.py:3324} INFO - Setting next_dagrun for example_xcom_args_with_operators to None, run_after=None
[2022-10-04T03:50:24.109+0000] {processor.py:178} INFO - Processing /usr/local/lib/python3.10/dist-packages/airflow/example_dags/example_xcomargs.py took 0.095 seconds
[2022-10-04T03:51:03.136+0000] {processor.py:156} INFO - Started process (PID=1337) to work on /usr/local/lib/python3.10/dist-packages/airflow/example_dags/example_xcomargs.py
[2022-10-04T03:51:03.137+0000] {processor.py:758} INFO - Processing file /usr/local/lib/python3.10/dist-packages/airflow/example_dags/example_xcomargs.py for tasks to queue
[2022-10-04T03:51:03.138+0000] {logging_mixin.py:117} INFO - [2022-10-04T03:51:03.138+0000] {dagbag.py:525} INFO - Filling up the DagBag from /usr/local/lib/python3.10/dist-packages/airflow/example_dags/example_xcomargs.py
[2022-10-04T03:51:03.168+0000] {processor.py:768} INFO - DAG(s) dict_keys(['example_xcom_args_with_operators', 'example_xcom_args']) retrieved from /usr/local/lib/python3.10/dist-packages/airflow/example_dags/example_xcomargs.py
[2022-10-04T03:51:03.196+0000] {logging_mixin.py:117} INFO - [2022-10-04T03:51:03.196+0000] {dag.py:2573} INFO - Sync 2 DAGs
[2022-10-04T03:51:03.215+0000] {logging_mixin.py:117} INFO - [2022-10-04T03:51:03.215+0000] {dag.py:3324} INFO - Setting next_dagrun for example_xcom_args to None, run_after=None
[2022-10-04T03:51:03.218+0000] {logging_mixin.py:117} INFO - [2022-10-04T03:51:03.218+0000] {dag.py:3324} INFO - Setting next_dagrun for example_xcom_args_with_operators to None, run_after=None
[2022-10-04T03:51:03.242+0000] {processor.py:178} INFO - Processing /usr/local/lib/python3.10/dist-packages/airflow/example_dags/example_xcomargs.py took 0.109 seconds
[2022-10-04T03:51:40.976+0000] {processor.py:156} INFO - Started process (PID=1373) to work on /usr/local/lib/python3.10/dist-packages/airflow/example_dags/example_xcomargs.py
[2022-10-04T03:51:40.977+0000] {processor.py:758} INFO - Processing file /usr/local/lib/python3.10/dist-packages/airflow/example_dags/example_xcomargs.py for tasks to queue
[2022-10-04T03:51:40.977+0000] {logging_mixin.py:117} INFO - [2022-10-04T03:51:40.977+0000] {dagbag.py:525} INFO - Filling up the DagBag from /usr/local/lib/python3.10/dist-packages/airflow/example_dags/example_xcomargs.py
[2022-10-04T03:51:41.007+0000] {processor.py:768} INFO - DAG(s) dict_keys(['example_xcom_args', 'example_xcom_args_with_operators']) retrieved from /usr/local/lib/python3.10/dist-packages/airflow/example_dags/example_xcomargs.py
[2022-10-04T03:51:41.036+0000] {logging_mixin.py:117} INFO - [2022-10-04T03:51:41.036+0000] {dag.py:2573} INFO - Sync 2 DAGs
[2022-10-04T03:51:41.053+0000] {logging_mixin.py:117} INFO - [2022-10-04T03:51:41.053+0000] {dag.py:3324} INFO - Setting next_dagrun for example_xcom_args to None, run_after=None
[2022-10-04T03:51:41.056+0000] {logging_mixin.py:117} INFO - [2022-10-04T03:51:41.056+0000] {dag.py:3324} INFO - Setting next_dagrun for example_xcom_args_with_operators to None, run_after=None
[2022-10-04T03:51:41.076+0000] {processor.py:178} INFO - Processing /usr/local/lib/python3.10/dist-packages/airflow/example_dags/example_xcomargs.py took 0.104 seconds
[2022-10-04T03:52:20.983+0000] {processor.py:156} INFO - Started process (PID=1412) to work on /usr/local/lib/python3.10/dist-packages/airflow/example_dags/example_xcomargs.py
[2022-10-04T03:52:20.984+0000] {processor.py:758} INFO - Processing file /usr/local/lib/python3.10/dist-packages/airflow/example_dags/example_xcomargs.py for tasks to queue
[2022-10-04T03:52:20.985+0000] {logging_mixin.py:117} INFO - [2022-10-04T03:52:20.984+0000] {dagbag.py:525} INFO - Filling up the DagBag from /usr/local/lib/python3.10/dist-packages/airflow/example_dags/example_xcomargs.py
[2022-10-04T03:52:21.012+0000] {processor.py:768} INFO - DAG(s) dict_keys(['example_xcom_args_with_operators', 'example_xcom_args']) retrieved from /usr/local/lib/python3.10/dist-packages/airflow/example_dags/example_xcomargs.py
[2022-10-04T03:52:21.040+0000] {logging_mixin.py:117} INFO - [2022-10-04T03:52:21.039+0000] {dag.py:2573} INFO - Sync 2 DAGs
[2022-10-04T03:52:21.058+0000] {logging_mixin.py:117} INFO - [2022-10-04T03:52:21.057+0000] {dag.py:3324} INFO - Setting next_dagrun for example_xcom_args to None, run_after=None
[2022-10-04T03:52:21.060+0000] {logging_mixin.py:117} INFO - [2022-10-04T03:52:21.060+0000] {dag.py:3324} INFO - Setting next_dagrun for example_xcom_args_with_operators to None, run_after=None
[2022-10-04T03:52:21.080+0000] {processor.py:178} INFO - Processing /usr/local/lib/python3.10/dist-packages/airflow/example_dags/example_xcomargs.py took 0.100 seconds
[2022-10-04T03:52:57.998+0000] {processor.py:156} INFO - Started process (PID=1447) to work on /usr/local/lib/python3.10/dist-packages/airflow/example_dags/example_xcomargs.py
[2022-10-04T03:52:57.999+0000] {processor.py:758} INFO - Processing file /usr/local/lib/python3.10/dist-packages/airflow/example_dags/example_xcomargs.py for tasks to queue
[2022-10-04T03:52:57.999+0000] {logging_mixin.py:117} INFO - [2022-10-04T03:52:57.999+0000] {dagbag.py:525} INFO - Filling up the DagBag from /usr/local/lib/python3.10/dist-packages/airflow/example_dags/example_xcomargs.py
[2022-10-04T03:52:58.026+0000] {processor.py:768} INFO - DAG(s) dict_keys(['example_xcom_args', 'example_xcom_args_with_operators']) retrieved from /usr/local/lib/python3.10/dist-packages/airflow/example_dags/example_xcomargs.py
[2022-10-04T03:52:58.053+0000] {logging_mixin.py:117} INFO - [2022-10-04T03:52:58.053+0000] {dag.py:2573} INFO - Sync 2 DAGs
[2022-10-04T03:52:58.078+0000] {logging_mixin.py:117} INFO - [2022-10-04T03:52:58.078+0000] {dag.py:3324} INFO - Setting next_dagrun for example_xcom_args to None, run_after=None
[2022-10-04T03:52:58.080+0000] {logging_mixin.py:117} INFO - [2022-10-04T03:52:58.080+0000] {dag.py:3324} INFO - Setting next_dagrun for example_xcom_args_with_operators to None, run_after=None
[2022-10-04T03:52:58.105+0000] {processor.py:178} INFO - Processing /usr/local/lib/python3.10/dist-packages/airflow/example_dags/example_xcomargs.py took 0.110 seconds
[2022-10-04T03:53:35.248+0000] {processor.py:156} INFO - Started process (PID=1484) to work on /usr/local/lib/python3.10/dist-packages/airflow/example_dags/example_xcomargs.py
[2022-10-04T03:53:35.250+0000] {processor.py:758} INFO - Processing file /usr/local/lib/python3.10/dist-packages/airflow/example_dags/example_xcomargs.py for tasks to queue
[2022-10-04T03:53:35.251+0000] {logging_mixin.py:117} INFO - [2022-10-04T03:53:35.251+0000] {dagbag.py:525} INFO - Filling up the DagBag from /usr/local/lib/python3.10/dist-packages/airflow/example_dags/example_xcomargs.py
[2022-10-04T03:53:35.275+0000] {processor.py:768} INFO - DAG(s) dict_keys(['example_xcom_args', 'example_xcom_args_with_operators']) retrieved from /usr/local/lib/python3.10/dist-packages/airflow/example_dags/example_xcomargs.py
[2022-10-04T03:53:35.302+0000] {logging_mixin.py:117} INFO - [2022-10-04T03:53:35.302+0000] {dag.py:2573} INFO - Sync 2 DAGs
[2022-10-04T03:53:35.320+0000] {logging_mixin.py:117} INFO - [2022-10-04T03:53:35.320+0000] {dag.py:3324} INFO - Setting next_dagrun for example_xcom_args to None, run_after=None
[2022-10-04T03:53:35.323+0000] {logging_mixin.py:117} INFO - [2022-10-04T03:53:35.322+0000] {dag.py:3324} INFO - Setting next_dagrun for example_xcom_args_with_operators to None, run_after=None
[2022-10-04T03:53:35.342+0000] {processor.py:178} INFO - Processing /usr/local/lib/python3.10/dist-packages/airflow/example_dags/example_xcomargs.py took 0.097 seconds
[2022-10-04T03:54:11.962+0000] {processor.py:156} INFO - Started process (PID=1529) to work on /usr/local/lib/python3.10/dist-packages/airflow/example_dags/example_xcomargs.py
[2022-10-04T03:54:11.963+0000] {processor.py:758} INFO - Processing file /usr/local/lib/python3.10/dist-packages/airflow/example_dags/example_xcomargs.py for tasks to queue
[2022-10-04T03:54:11.964+0000] {logging_mixin.py:117} INFO - [2022-10-04T03:54:11.964+0000] {dagbag.py:525} INFO - Filling up the DagBag from /usr/local/lib/python3.10/dist-packages/airflow/example_dags/example_xcomargs.py
[2022-10-04T03:54:12.010+0000] {processor.py:768} INFO - DAG(s) dict_keys(['example_xcom_args_with_operators', 'example_xcom_args']) retrieved from /usr/local/lib/python3.10/dist-packages/airflow/example_dags/example_xcomargs.py
[2022-10-04T03:54:12.047+0000] {logging_mixin.py:117} INFO - [2022-10-04T03:54:12.047+0000] {dag.py:2573} INFO - Sync 2 DAGs
[2022-10-04T03:54:12.072+0000] {logging_mixin.py:117} INFO - [2022-10-04T03:54:12.072+0000] {dag.py:3324} INFO - Setting next_dagrun for example_xcom_args to None, run_after=None
[2022-10-04T03:54:12.076+0000] {logging_mixin.py:117} INFO - [2022-10-04T03:54:12.075+0000] {dag.py:3324} INFO - Setting next_dagrun for example_xcom_args_with_operators to None, run_after=None
[2022-10-04T03:54:12.103+0000] {processor.py:178} INFO - Processing /usr/local/lib/python3.10/dist-packages/airflow/example_dags/example_xcomargs.py took 0.145 seconds
[2022-10-04T03:54:49.619+0000] {processor.py:156} INFO - Started process (PID=1585) to work on /usr/local/lib/python3.10/dist-packages/airflow/example_dags/example_xcomargs.py
[2022-10-04T03:54:49.621+0000] {processor.py:758} INFO - Processing file /usr/local/lib/python3.10/dist-packages/airflow/example_dags/example_xcomargs.py for tasks to queue
[2022-10-04T03:54:49.622+0000] {logging_mixin.py:117} INFO - [2022-10-04T03:54:49.621+0000] {dagbag.py:525} INFO - Filling up the DagBag from /usr/local/lib/python3.10/dist-packages/airflow/example_dags/example_xcomargs.py
[2022-10-04T03:54:49.650+0000] {processor.py:768} INFO - DAG(s) dict_keys(['example_xcom_args_with_operators', 'example_xcom_args']) retrieved from /usr/local/lib/python3.10/dist-packages/airflow/example_dags/example_xcomargs.py
[2022-10-04T03:54:49.664+0000] {logging_mixin.py:117} INFO - [2022-10-04T03:54:49.664+0000] {dag.py:2573} INFO - Sync 2 DAGs
[2022-10-04T03:54:49.686+0000] {logging_mixin.py:117} INFO - [2022-10-04T03:54:49.686+0000] {dag.py:3324} INFO - Setting next_dagrun for example_xcom_args to None, run_after=None
[2022-10-04T03:54:49.689+0000] {logging_mixin.py:117} INFO - [2022-10-04T03:54:49.689+0000] {dag.py:3324} INFO - Setting next_dagrun for example_xcom_args_with_operators to None, run_after=None
[2022-10-04T03:54:49.712+0000] {processor.py:178} INFO - Processing /usr/local/lib/python3.10/dist-packages/airflow/example_dags/example_xcomargs.py took 0.097 seconds
[2022-10-04T04:35:37.261+0000] {processor.py:156} INFO - Started process (PID=1780) to work on /usr/local/lib/python3.10/dist-packages/airflow/example_dags/example_xcomargs.py
[2022-10-04T04:35:37.263+0000] {processor.py:758} INFO - Processing file /usr/local/lib/python3.10/dist-packages/airflow/example_dags/example_xcomargs.py for tasks to queue
[2022-10-04T04:35:37.263+0000] {logging_mixin.py:117} INFO - [2022-10-04T04:35:37.263+0000] {dagbag.py:525} INFO - Filling up the DagBag from /usr/local/lib/python3.10/dist-packages/airflow/example_dags/example_xcomargs.py
[2022-10-04T04:35:37.291+0000] {processor.py:768} INFO - DAG(s) dict_keys(['example_xcom_args', 'example_xcom_args_with_operators']) retrieved from /usr/local/lib/python3.10/dist-packages/airflow/example_dags/example_xcomargs.py
[2022-10-04T04:35:37.306+0000] {logging_mixin.py:117} INFO - [2022-10-04T04:35:37.305+0000] {dag.py:2573} INFO - Sync 2 DAGs
[2022-10-04T04:35:37.328+0000] {logging_mixin.py:117} INFO - [2022-10-04T04:35:37.328+0000] {dag.py:3324} INFO - Setting next_dagrun for example_xcom_args to None, run_after=None
[2022-10-04T04:35:37.331+0000] {logging_mixin.py:117} INFO - [2022-10-04T04:35:37.331+0000] {dag.py:3324} INFO - Setting next_dagrun for example_xcom_args_with_operators to None, run_after=None
[2022-10-04T04:35:37.353+0000] {processor.py:178} INFO - Processing /usr/local/lib/python3.10/dist-packages/airflow/example_dags/example_xcomargs.py took 0.096 seconds
[2022-10-04T04:36:18.946+0000] {processor.py:156} INFO - Started process (PID=1823) to work on /usr/local/lib/python3.10/dist-packages/airflow/example_dags/example_xcomargs.py
[2022-10-04T04:36:18.947+0000] {processor.py:758} INFO - Processing file /usr/local/lib/python3.10/dist-packages/airflow/example_dags/example_xcomargs.py for tasks to queue
[2022-10-04T04:36:18.947+0000] {logging_mixin.py:117} INFO - [2022-10-04T04:36:18.947+0000] {dagbag.py:525} INFO - Filling up the DagBag from /usr/local/lib/python3.10/dist-packages/airflow/example_dags/example_xcomargs.py
[2022-10-04T04:36:18.974+0000] {processor.py:768} INFO - DAG(s) dict_keys(['example_xcom_args_with_operators', 'example_xcom_args']) retrieved from /usr/local/lib/python3.10/dist-packages/airflow/example_dags/example_xcomargs.py
[2022-10-04T04:36:19.002+0000] {logging_mixin.py:117} INFO - [2022-10-04T04:36:19.002+0000] {dag.py:2573} INFO - Sync 2 DAGs
[2022-10-04T04:36:19.021+0000] {logging_mixin.py:117} INFO - [2022-10-04T04:36:19.021+0000] {dag.py:3324} INFO - Setting next_dagrun for example_xcom_args to None, run_after=None
[2022-10-04T04:36:19.024+0000] {logging_mixin.py:117} INFO - [2022-10-04T04:36:19.023+0000] {dag.py:3324} INFO - Setting next_dagrun for example_xcom_args_with_operators to None, run_after=None
[2022-10-04T04:36:19.044+0000] {processor.py:178} INFO - Processing /usr/local/lib/python3.10/dist-packages/airflow/example_dags/example_xcomargs.py took 0.101 seconds
[2022-10-04T04:37:17.836+0000] {processor.py:156} INFO - Started process (PID=1870) to work on /usr/local/lib/python3.10/dist-packages/airflow/example_dags/example_xcomargs.py
[2022-10-04T04:37:17.838+0000] {processor.py:758} INFO - Processing file /usr/local/lib/python3.10/dist-packages/airflow/example_dags/example_xcomargs.py for tasks to queue
[2022-10-04T04:37:17.838+0000] {logging_mixin.py:117} INFO - [2022-10-04T04:37:17.838+0000] {dagbag.py:525} INFO - Filling up the DagBag from /usr/local/lib/python3.10/dist-packages/airflow/example_dags/example_xcomargs.py
[2022-10-04T04:37:17.863+0000] {processor.py:768} INFO - DAG(s) dict_keys(['example_xcom_args', 'example_xcom_args_with_operators']) retrieved from /usr/local/lib/python3.10/dist-packages/airflow/example_dags/example_xcomargs.py
[2022-10-04T04:37:17.878+0000] {logging_mixin.py:117} INFO - [2022-10-04T04:37:17.878+0000] {dag.py:2573} INFO - Sync 2 DAGs
[2022-10-04T04:37:17.899+0000] {logging_mixin.py:117} INFO - [2022-10-04T04:37:17.899+0000] {dag.py:3324} INFO - Setting next_dagrun for example_xcom_args to None, run_after=None
[2022-10-04T04:37:17.902+0000] {logging_mixin.py:117} INFO - [2022-10-04T04:37:17.902+0000] {dag.py:3324} INFO - Setting next_dagrun for example_xcom_args_with_operators to None, run_after=None
[2022-10-04T04:37:17.923+0000] {processor.py:178} INFO - Processing /usr/local/lib/python3.10/dist-packages/airflow/example_dags/example_xcomargs.py took 0.090 seconds
[2022-10-04T04:43:07.031+0000] {processor.py:156} INFO - Started process (PID=1974) to work on /usr/local/lib/python3.10/dist-packages/airflow/example_dags/example_xcomargs.py
[2022-10-04T04:43:07.033+0000] {processor.py:758} INFO - Processing file /usr/local/lib/python3.10/dist-packages/airflow/example_dags/example_xcomargs.py for tasks to queue
[2022-10-04T04:43:07.033+0000] {logging_mixin.py:117} INFO - [2022-10-04T04:43:07.033+0000] {dagbag.py:525} INFO - Filling up the DagBag from /usr/local/lib/python3.10/dist-packages/airflow/example_dags/example_xcomargs.py
[2022-10-04T04:43:07.062+0000] {processor.py:768} INFO - DAG(s) dict_keys(['example_xcom_args', 'example_xcom_args_with_operators']) retrieved from /usr/local/lib/python3.10/dist-packages/airflow/example_dags/example_xcomargs.py
[2022-10-04T04:43:07.081+0000] {logging_mixin.py:117} INFO - [2022-10-04T04:43:07.080+0000] {dag.py:2573} INFO - Sync 2 DAGs
[2022-10-04T04:43:07.104+0000] {logging_mixin.py:117} INFO - [2022-10-04T04:43:07.104+0000] {dag.py:3324} INFO - Setting next_dagrun for example_xcom_args to None, run_after=None
[2022-10-04T04:43:07.108+0000] {logging_mixin.py:117} INFO - [2022-10-04T04:43:07.107+0000] {dag.py:3324} INFO - Setting next_dagrun for example_xcom_args_with_operators to None, run_after=None
[2022-10-04T04:43:07.131+0000] {processor.py:178} INFO - Processing /usr/local/lib/python3.10/dist-packages/airflow/example_dags/example_xcomargs.py took 0.103 seconds
[2022-10-04T04:45:53.323+0000] {processor.py:156} INFO - Started process (PID=1999) to work on /usr/local/lib/python3.10/dist-packages/airflow/example_dags/example_xcomargs.py
[2022-10-04T04:45:53.325+0000] {processor.py:758} INFO - Processing file /usr/local/lib/python3.10/dist-packages/airflow/example_dags/example_xcomargs.py for tasks to queue
[2022-10-04T04:45:53.325+0000] {logging_mixin.py:117} INFO - [2022-10-04T04:45:53.325+0000] {dagbag.py:525} INFO - Filling up the DagBag from /usr/local/lib/python3.10/dist-packages/airflow/example_dags/example_xcomargs.py
[2022-10-04T04:45:53.344+0000] {processor.py:768} INFO - DAG(s) dict_keys(['example_xcom_args', 'example_xcom_args_with_operators']) retrieved from /usr/local/lib/python3.10/dist-packages/airflow/example_dags/example_xcomargs.py
[2022-10-04T04:45:53.368+0000] {logging_mixin.py:117} INFO - [2022-10-04T04:45:53.368+0000] {dag.py:2573} INFO - Sync 2 DAGs
[2022-10-04T04:45:53.382+0000] {logging_mixin.py:117} INFO - [2022-10-04T04:45:53.382+0000] {dag.py:3324} INFO - Setting next_dagrun for example_xcom_args to None, run_after=None
[2022-10-04T04:45:53.384+0000] {logging_mixin.py:117} INFO - [2022-10-04T04:45:53.384+0000] {dag.py:3324} INFO - Setting next_dagrun for example_xcom_args_with_operators to None, run_after=None
[2022-10-04T04:45:53.403+0000] {processor.py:178} INFO - Processing /usr/local/lib/python3.10/dist-packages/airflow/example_dags/example_xcomargs.py took 0.083 seconds
[2022-10-04T04:46:29.352+0000] {processor.py:156} INFO - Started process (PID=2037) to work on /usr/local/lib/python3.10/dist-packages/airflow/example_dags/example_xcomargs.py
[2022-10-04T04:46:29.353+0000] {processor.py:758} INFO - Processing file /usr/local/lib/python3.10/dist-packages/airflow/example_dags/example_xcomargs.py for tasks to queue
[2022-10-04T04:46:29.354+0000] {logging_mixin.py:117} INFO - [2022-10-04T04:46:29.354+0000] {dagbag.py:525} INFO - Filling up the DagBag from /usr/local/lib/python3.10/dist-packages/airflow/example_dags/example_xcomargs.py
[2022-10-04T04:46:29.378+0000] {processor.py:768} INFO - DAG(s) dict_keys(['example_xcom_args', 'example_xcom_args_with_operators']) retrieved from /usr/local/lib/python3.10/dist-packages/airflow/example_dags/example_xcomargs.py
[2022-10-04T04:46:29.400+0000] {logging_mixin.py:117} INFO - [2022-10-04T04:46:29.400+0000] {dag.py:2573} INFO - Sync 2 DAGs
[2022-10-04T04:46:29.417+0000] {logging_mixin.py:117} INFO - [2022-10-04T04:46:29.417+0000] {dag.py:3324} INFO - Setting next_dagrun for example_xcom_args to None, run_after=None
[2022-10-04T04:46:29.419+0000] {logging_mixin.py:117} INFO - [2022-10-04T04:46:29.419+0000] {dag.py:3324} INFO - Setting next_dagrun for example_xcom_args_with_operators to None, run_after=None
[2022-10-04T04:46:29.439+0000] {processor.py:178} INFO - Processing /usr/local/lib/python3.10/dist-packages/airflow/example_dags/example_xcomargs.py took 0.090 seconds
[2022-10-04T04:47:08.040+0000] {processor.py:156} INFO - Started process (PID=2075) to work on /usr/local/lib/python3.10/dist-packages/airflow/example_dags/example_xcomargs.py
[2022-10-04T04:47:08.041+0000] {processor.py:758} INFO - Processing file /usr/local/lib/python3.10/dist-packages/airflow/example_dags/example_xcomargs.py for tasks to queue
[2022-10-04T04:47:08.041+0000] {logging_mixin.py:117} INFO - [2022-10-04T04:47:08.041+0000] {dagbag.py:525} INFO - Filling up the DagBag from /usr/local/lib/python3.10/dist-packages/airflow/example_dags/example_xcomargs.py
[2022-10-04T04:47:08.060+0000] {processor.py:768} INFO - DAG(s) dict_keys(['example_xcom_args', 'example_xcom_args_with_operators']) retrieved from /usr/local/lib/python3.10/dist-packages/airflow/example_dags/example_xcomargs.py
[2022-10-04T04:47:08.100+0000] {logging_mixin.py:117} INFO - [2022-10-04T04:47:08.100+0000] {dag.py:2573} INFO - Sync 2 DAGs
[2022-10-04T04:47:08.115+0000] {logging_mixin.py:117} INFO - [2022-10-04T04:47:08.115+0000] {dag.py:3324} INFO - Setting next_dagrun for example_xcom_args to None, run_after=None
[2022-10-04T04:47:08.118+0000] {logging_mixin.py:117} INFO - [2022-10-04T04:47:08.118+0000] {dag.py:3324} INFO - Setting next_dagrun for example_xcom_args_with_operators to None, run_after=None
[2022-10-04T04:47:08.138+0000] {processor.py:178} INFO - Processing /usr/local/lib/python3.10/dist-packages/airflow/example_dags/example_xcomargs.py took 0.102 seconds
[2022-10-04T04:47:47.623+0000] {processor.py:156} INFO - Started process (PID=2112) to work on /usr/local/lib/python3.10/dist-packages/airflow/example_dags/example_xcomargs.py
[2022-10-04T04:47:47.625+0000] {processor.py:758} INFO - Processing file /usr/local/lib/python3.10/dist-packages/airflow/example_dags/example_xcomargs.py for tasks to queue
[2022-10-04T04:47:47.627+0000] {logging_mixin.py:117} INFO - [2022-10-04T04:47:47.627+0000] {dagbag.py:525} INFO - Filling up the DagBag from /usr/local/lib/python3.10/dist-packages/airflow/example_dags/example_xcomargs.py
[2022-10-04T04:47:47.649+0000] {processor.py:768} INFO - DAG(s) dict_keys(['example_xcom_args_with_operators', 'example_xcom_args']) retrieved from /usr/local/lib/python3.10/dist-packages/airflow/example_dags/example_xcomargs.py
[2022-10-04T04:47:47.675+0000] {logging_mixin.py:117} INFO - [2022-10-04T04:47:47.675+0000] {dag.py:2573} INFO - Sync 2 DAGs
[2022-10-04T04:47:47.693+0000] {logging_mixin.py:117} INFO - [2022-10-04T04:47:47.692+0000] {dag.py:3324} INFO - Setting next_dagrun for example_xcom_args to None, run_after=None
[2022-10-04T04:47:47.695+0000] {logging_mixin.py:117} INFO - [2022-10-04T04:47:47.695+0000] {dag.py:3324} INFO - Setting next_dagrun for example_xcom_args_with_operators to None, run_after=None
[2022-10-04T04:47:47.718+0000] {processor.py:178} INFO - Processing /usr/local/lib/python3.10/dist-packages/airflow/example_dags/example_xcomargs.py took 0.101 seconds
[2022-10-04T04:48:23.717+0000] {processor.py:156} INFO - Started process (PID=2150) to work on /usr/local/lib/python3.10/dist-packages/airflow/example_dags/example_xcomargs.py
[2022-10-04T04:48:23.718+0000] {processor.py:758} INFO - Processing file /usr/local/lib/python3.10/dist-packages/airflow/example_dags/example_xcomargs.py for tasks to queue
[2022-10-04T04:48:23.719+0000] {logging_mixin.py:117} INFO - [2022-10-04T04:48:23.719+0000] {dagbag.py:525} INFO - Filling up the DagBag from /usr/local/lib/python3.10/dist-packages/airflow/example_dags/example_xcomargs.py
[2022-10-04T04:48:23.738+0000] {processor.py:768} INFO - DAG(s) dict_keys(['example_xcom_args', 'example_xcom_args_with_operators']) retrieved from /usr/local/lib/python3.10/dist-packages/airflow/example_dags/example_xcomargs.py
[2022-10-04T04:48:23.761+0000] {logging_mixin.py:117} INFO - [2022-10-04T04:48:23.761+0000] {dag.py:2573} INFO - Sync 2 DAGs
[2022-10-04T04:48:23.780+0000] {logging_mixin.py:117} INFO - [2022-10-04T04:48:23.779+0000] {dag.py:3324} INFO - Setting next_dagrun for example_xcom_args to None, run_after=None
[2022-10-04T04:48:23.782+0000] {logging_mixin.py:117} INFO - [2022-10-04T04:48:23.782+0000] {dag.py:3324} INFO - Setting next_dagrun for example_xcom_args_with_operators to None, run_after=None
[2022-10-04T04:48:23.810+0000] {processor.py:178} INFO - Processing /usr/local/lib/python3.10/dist-packages/airflow/example_dags/example_xcomargs.py took 0.097 seconds
[2022-10-04T04:49:00.981+0000] {processor.py:156} INFO - Started process (PID=2188) to work on /usr/local/lib/python3.10/dist-packages/airflow/example_dags/example_xcomargs.py
[2022-10-04T04:49:00.982+0000] {processor.py:758} INFO - Processing file /usr/local/lib/python3.10/dist-packages/airflow/example_dags/example_xcomargs.py for tasks to queue
[2022-10-04T04:49:00.983+0000] {logging_mixin.py:117} INFO - [2022-10-04T04:49:00.983+0000] {dagbag.py:525} INFO - Filling up the DagBag from /usr/local/lib/python3.10/dist-packages/airflow/example_dags/example_xcomargs.py
[2022-10-04T04:49:01.004+0000] {processor.py:768} INFO - DAG(s) dict_keys(['example_xcom_args', 'example_xcom_args_with_operators']) retrieved from /usr/local/lib/python3.10/dist-packages/airflow/example_dags/example_xcomargs.py
[2022-10-04T04:49:01.026+0000] {logging_mixin.py:117} INFO - [2022-10-04T04:49:01.026+0000] {dag.py:2573} INFO - Sync 2 DAGs
[2022-10-04T04:49:01.043+0000] {logging_mixin.py:117} INFO - [2022-10-04T04:49:01.042+0000] {dag.py:3324} INFO - Setting next_dagrun for example_xcom_args to None, run_after=None
[2022-10-04T04:49:01.045+0000] {logging_mixin.py:117} INFO - [2022-10-04T04:49:01.045+0000] {dag.py:3324} INFO - Setting next_dagrun for example_xcom_args_with_operators to None, run_after=None
[2022-10-04T04:49:01.065+0000] {processor.py:178} INFO - Processing /usr/local/lib/python3.10/dist-packages/airflow/example_dags/example_xcomargs.py took 0.088 seconds
[2022-10-04T04:49:39.241+0000] {processor.py:156} INFO - Started process (PID=2225) to work on /usr/local/lib/python3.10/dist-packages/airflow/example_dags/example_xcomargs.py
[2022-10-04T04:49:39.246+0000] {processor.py:758} INFO - Processing file /usr/local/lib/python3.10/dist-packages/airflow/example_dags/example_xcomargs.py for tasks to queue
[2022-10-04T04:49:39.247+0000] {logging_mixin.py:117} INFO - [2022-10-04T04:49:39.247+0000] {dagbag.py:525} INFO - Filling up the DagBag from /usr/local/lib/python3.10/dist-packages/airflow/example_dags/example_xcomargs.py
[2022-10-04T04:49:39.279+0000] {processor.py:768} INFO - DAG(s) dict_keys(['example_xcom_args', 'example_xcom_args_with_operators']) retrieved from /usr/local/lib/python3.10/dist-packages/airflow/example_dags/example_xcomargs.py
[2022-10-04T04:49:39.303+0000] {logging_mixin.py:117} INFO - [2022-10-04T04:49:39.303+0000] {dag.py:2573} INFO - Sync 2 DAGs
[2022-10-04T04:49:39.318+0000] {logging_mixin.py:117} INFO - [2022-10-04T04:49:39.318+0000] {dag.py:3324} INFO - Setting next_dagrun for example_xcom_args to None, run_after=None
[2022-10-04T04:49:39.320+0000] {logging_mixin.py:117} INFO - [2022-10-04T04:49:39.320+0000] {dag.py:3324} INFO - Setting next_dagrun for example_xcom_args_with_operators to None, run_after=None
[2022-10-04T04:49:39.342+0000] {processor.py:178} INFO - Processing /usr/local/lib/python3.10/dist-packages/airflow/example_dags/example_xcomargs.py took 0.104 seconds
[2022-10-04T04:50:16.329+0000] {processor.py:156} INFO - Started process (PID=2263) to work on /usr/local/lib/python3.10/dist-packages/airflow/example_dags/example_xcomargs.py
[2022-10-04T04:50:16.331+0000] {processor.py:758} INFO - Processing file /usr/local/lib/python3.10/dist-packages/airflow/example_dags/example_xcomargs.py for tasks to queue
[2022-10-04T04:50:16.331+0000] {logging_mixin.py:117} INFO - [2022-10-04T04:50:16.331+0000] {dagbag.py:525} INFO - Filling up the DagBag from /usr/local/lib/python3.10/dist-packages/airflow/example_dags/example_xcomargs.py
[2022-10-04T04:50:16.350+0000] {processor.py:768} INFO - DAG(s) dict_keys(['example_xcom_args_with_operators', 'example_xcom_args']) retrieved from /usr/local/lib/python3.10/dist-packages/airflow/example_dags/example_xcomargs.py
[2022-10-04T04:50:16.373+0000] {logging_mixin.py:117} INFO - [2022-10-04T04:50:16.373+0000] {dag.py:2573} INFO - Sync 2 DAGs
[2022-10-04T04:50:16.388+0000] {logging_mixin.py:117} INFO - [2022-10-04T04:50:16.388+0000] {dag.py:3324} INFO - Setting next_dagrun for example_xcom_args to None, run_after=None
[2022-10-04T04:50:16.391+0000] {logging_mixin.py:117} INFO - [2022-10-04T04:50:16.390+0000] {dag.py:3324} INFO - Setting next_dagrun for example_xcom_args_with_operators to None, run_after=None
[2022-10-04T04:50:16.420+0000] {processor.py:178} INFO - Processing /usr/local/lib/python3.10/dist-packages/airflow/example_dags/example_xcomargs.py took 0.093 seconds
[2022-10-04T04:50:51.620+0000] {processor.py:156} INFO - Started process (PID=2298) to work on /usr/local/lib/python3.10/dist-packages/airflow/example_dags/example_xcomargs.py
[2022-10-04T04:50:51.621+0000] {processor.py:758} INFO - Processing file /usr/local/lib/python3.10/dist-packages/airflow/example_dags/example_xcomargs.py for tasks to queue
[2022-10-04T04:50:51.622+0000] {logging_mixin.py:117} INFO - [2022-10-04T04:50:51.621+0000] {dagbag.py:525} INFO - Filling up the DagBag from /usr/local/lib/python3.10/dist-packages/airflow/example_dags/example_xcomargs.py
[2022-10-04T04:50:51.646+0000] {processor.py:768} INFO - DAG(s) dict_keys(['example_xcom_args_with_operators', 'example_xcom_args']) retrieved from /usr/local/lib/python3.10/dist-packages/airflow/example_dags/example_xcomargs.py
[2022-10-04T04:50:51.670+0000] {logging_mixin.py:117} INFO - [2022-10-04T04:50:51.670+0000] {dag.py:2573} INFO - Sync 2 DAGs
[2022-10-04T04:50:51.686+0000] {logging_mixin.py:117} INFO - [2022-10-04T04:50:51.686+0000] {dag.py:3324} INFO - Setting next_dagrun for example_xcom_args to None, run_after=None
[2022-10-04T04:50:51.688+0000] {logging_mixin.py:117} INFO - [2022-10-04T04:50:51.688+0000] {dag.py:3324} INFO - Setting next_dagrun for example_xcom_args_with_operators to None, run_after=None
[2022-10-04T04:50:51.708+0000] {processor.py:178} INFO - Processing /usr/local/lib/python3.10/dist-packages/airflow/example_dags/example_xcomargs.py took 0.091 seconds
[2022-10-04T04:51:28.725+0000] {processor.py:156} INFO - Started process (PID=2336) to work on /usr/local/lib/python3.10/dist-packages/airflow/example_dags/example_xcomargs.py
[2022-10-04T04:51:28.726+0000] {processor.py:758} INFO - Processing file /usr/local/lib/python3.10/dist-packages/airflow/example_dags/example_xcomargs.py for tasks to queue
[2022-10-04T04:51:28.727+0000] {logging_mixin.py:117} INFO - [2022-10-04T04:51:28.727+0000] {dagbag.py:525} INFO - Filling up the DagBag from /usr/local/lib/python3.10/dist-packages/airflow/example_dags/example_xcomargs.py
[2022-10-04T04:51:28.749+0000] {processor.py:768} INFO - DAG(s) dict_keys(['example_xcom_args', 'example_xcom_args_with_operators']) retrieved from /usr/local/lib/python3.10/dist-packages/airflow/example_dags/example_xcomargs.py
[2022-10-04T04:51:28.773+0000] {logging_mixin.py:117} INFO - [2022-10-04T04:51:28.772+0000] {dag.py:2573} INFO - Sync 2 DAGs
[2022-10-04T04:51:28.790+0000] {logging_mixin.py:117} INFO - [2022-10-04T04:51:28.789+0000] {dag.py:3324} INFO - Setting next_dagrun for example_xcom_args to None, run_after=None
[2022-10-04T04:51:28.792+0000] {logging_mixin.py:117} INFO - [2022-10-04T04:51:28.792+0000] {dag.py:3324} INFO - Setting next_dagrun for example_xcom_args_with_operators to None, run_after=None
[2022-10-04T04:51:28.814+0000] {processor.py:178} INFO - Processing /usr/local/lib/python3.10/dist-packages/airflow/example_dags/example_xcomargs.py took 0.092 seconds
[2022-10-04T04:52:05.242+0000] {processor.py:156} INFO - Started process (PID=2371) to work on /usr/local/lib/python3.10/dist-packages/airflow/example_dags/example_xcomargs.py
[2022-10-04T04:52:05.244+0000] {processor.py:758} INFO - Processing file /usr/local/lib/python3.10/dist-packages/airflow/example_dags/example_xcomargs.py for tasks to queue
[2022-10-04T04:52:05.244+0000] {logging_mixin.py:117} INFO - [2022-10-04T04:52:05.244+0000] {dagbag.py:525} INFO - Filling up the DagBag from /usr/local/lib/python3.10/dist-packages/airflow/example_dags/example_xcomargs.py
[2022-10-04T04:52:05.265+0000] {processor.py:768} INFO - DAG(s) dict_keys(['example_xcom_args', 'example_xcom_args_with_operators']) retrieved from /usr/local/lib/python3.10/dist-packages/airflow/example_dags/example_xcomargs.py
[2022-10-04T04:52:05.291+0000] {logging_mixin.py:117} INFO - [2022-10-04T04:52:05.291+0000] {dag.py:2573} INFO - Sync 2 DAGs
[2022-10-04T04:52:05.307+0000] {logging_mixin.py:117} INFO - [2022-10-04T04:52:05.307+0000] {dag.py:3324} INFO - Setting next_dagrun for example_xcom_args to None, run_after=None
[2022-10-04T04:52:05.309+0000] {logging_mixin.py:117} INFO - [2022-10-04T04:52:05.309+0000] {dag.py:3324} INFO - Setting next_dagrun for example_xcom_args_with_operators to None, run_after=None
[2022-10-04T04:52:05.331+0000] {processor.py:178} INFO - Processing /usr/local/lib/python3.10/dist-packages/airflow/example_dags/example_xcomargs.py took 0.092 seconds
[2022-10-04T04:52:39.317+0000] {processor.py:156} INFO - Started process (PID=2405) to work on /usr/local/lib/python3.10/dist-packages/airflow/example_dags/example_xcomargs.py
[2022-10-04T04:52:39.318+0000] {processor.py:758} INFO - Processing file /usr/local/lib/python3.10/dist-packages/airflow/example_dags/example_xcomargs.py for tasks to queue
[2022-10-04T04:52:39.319+0000] {logging_mixin.py:117} INFO - [2022-10-04T04:52:39.319+0000] {dagbag.py:525} INFO - Filling up the DagBag from /usr/local/lib/python3.10/dist-packages/airflow/example_dags/example_xcomargs.py
[2022-10-04T04:52:39.340+0000] {processor.py:768} INFO - DAG(s) dict_keys(['example_xcom_args_with_operators', 'example_xcom_args']) retrieved from /usr/local/lib/python3.10/dist-packages/airflow/example_dags/example_xcomargs.py
[2022-10-04T04:52:39.367+0000] {logging_mixin.py:117} INFO - [2022-10-04T04:52:39.366+0000] {dag.py:2573} INFO - Sync 2 DAGs
[2022-10-04T04:52:39.397+0000] {logging_mixin.py:117} INFO - [2022-10-04T04:52:39.397+0000] {dag.py:3324} INFO - Setting next_dagrun for example_xcom_args to None, run_after=None
[2022-10-04T04:52:39.400+0000] {logging_mixin.py:117} INFO - [2022-10-04T04:52:39.400+0000] {dag.py:3324} INFO - Setting next_dagrun for example_xcom_args_with_operators to None, run_after=None
[2022-10-04T04:52:39.421+0000] {processor.py:178} INFO - Processing /usr/local/lib/python3.10/dist-packages/airflow/example_dags/example_xcomargs.py took 0.108 seconds
[2022-10-04T04:53:15.792+0000] {processor.py:156} INFO - Started process (PID=2441) to work on /usr/local/lib/python3.10/dist-packages/airflow/example_dags/example_xcomargs.py
[2022-10-04T04:53:15.794+0000] {processor.py:758} INFO - Processing file /usr/local/lib/python3.10/dist-packages/airflow/example_dags/example_xcomargs.py for tasks to queue
[2022-10-04T04:53:15.795+0000] {logging_mixin.py:117} INFO - [2022-10-04T04:53:15.795+0000] {dagbag.py:525} INFO - Filling up the DagBag from /usr/local/lib/python3.10/dist-packages/airflow/example_dags/example_xcomargs.py
[2022-10-04T04:53:15.818+0000] {processor.py:768} INFO - DAG(s) dict_keys(['example_xcom_args_with_operators', 'example_xcom_args']) retrieved from /usr/local/lib/python3.10/dist-packages/airflow/example_dags/example_xcomargs.py
[2022-10-04T04:53:15.842+0000] {logging_mixin.py:117} INFO - [2022-10-04T04:53:15.842+0000] {dag.py:2573} INFO - Sync 2 DAGs
[2022-10-04T04:53:15.858+0000] {logging_mixin.py:117} INFO - [2022-10-04T04:53:15.858+0000] {dag.py:3324} INFO - Setting next_dagrun for example_xcom_args to None, run_after=None
[2022-10-04T04:53:15.861+0000] {logging_mixin.py:117} INFO - [2022-10-04T04:53:15.861+0000] {dag.py:3324} INFO - Setting next_dagrun for example_xcom_args_with_operators to None, run_after=None
[2022-10-04T04:53:15.882+0000] {processor.py:178} INFO - Processing /usr/local/lib/python3.10/dist-packages/airflow/example_dags/example_xcomargs.py took 0.094 seconds
[2022-10-04T04:53:51.899+0000] {processor.py:156} INFO - Started process (PID=2478) to work on /usr/local/lib/python3.10/dist-packages/airflow/example_dags/example_xcomargs.py
[2022-10-04T04:53:51.900+0000] {processor.py:758} INFO - Processing file /usr/local/lib/python3.10/dist-packages/airflow/example_dags/example_xcomargs.py for tasks to queue
[2022-10-04T04:53:51.901+0000] {logging_mixin.py:117} INFO - [2022-10-04T04:53:51.901+0000] {dagbag.py:525} INFO - Filling up the DagBag from /usr/local/lib/python3.10/dist-packages/airflow/example_dags/example_xcomargs.py
[2022-10-04T04:53:51.925+0000] {processor.py:768} INFO - DAG(s) dict_keys(['example_xcom_args', 'example_xcom_args_with_operators']) retrieved from /usr/local/lib/python3.10/dist-packages/airflow/example_dags/example_xcomargs.py
[2022-10-04T04:53:51.961+0000] {logging_mixin.py:117} INFO - [2022-10-04T04:53:51.961+0000] {dag.py:2573} INFO - Sync 2 DAGs
[2022-10-04T04:53:51.978+0000] {logging_mixin.py:117} INFO - [2022-10-04T04:53:51.978+0000] {dag.py:3324} INFO - Setting next_dagrun for example_xcom_args to None, run_after=None
[2022-10-04T04:53:51.980+0000] {logging_mixin.py:117} INFO - [2022-10-04T04:53:51.980+0000] {dag.py:3324} INFO - Setting next_dagrun for example_xcom_args_with_operators to None, run_after=None
[2022-10-04T04:53:52.000+0000] {processor.py:178} INFO - Processing /usr/local/lib/python3.10/dist-packages/airflow/example_dags/example_xcomargs.py took 0.104 seconds
