[2022-10-04T03:09:04.610+0000] {processor.py:156} INFO - Started process (PID=7683) to work on /usr/local/lib/python3.10/dist-packages/airflow/example_dags/tutorial_taskflow_api.py
[2022-10-04T03:09:04.611+0000] {processor.py:758} INFO - Processing file /usr/local/lib/python3.10/dist-packages/airflow/example_dags/tutorial_taskflow_api.py for tasks to queue
[2022-10-04T03:09:04.611+0000] {logging_mixin.py:117} INFO - [2022-10-04T03:09:04.611+0000] {dagbag.py:525} INFO - Filling up the DagBag from /usr/local/lib/python3.10/dist-packages/airflow/example_dags/tutorial_taskflow_api.py
[2022-10-04T03:09:04.632+0000] {processor.py:768} INFO - DAG(s) dict_keys(['tutorial_taskflow_api']) retrieved from /usr/local/lib/python3.10/dist-packages/airflow/example_dags/tutorial_taskflow_api.py
[2022-10-04T03:09:04.731+0000] {logging_mixin.py:117} INFO - [2022-10-04T03:09:04.731+0000] {manager.py:508} INFO - Created Permission View: can read on DAG:tutorial_taskflow_api
[2022-10-04T03:09:04.743+0000] {logging_mixin.py:117} INFO - [2022-10-04T03:09:04.743+0000] {manager.py:508} INFO - Created Permission View: can delete on DAG:tutorial_taskflow_api
[2022-10-04T03:09:04.754+0000] {logging_mixin.py:117} INFO - [2022-10-04T03:09:04.754+0000] {manager.py:508} INFO - Created Permission View: can edit on DAG:tutorial_taskflow_api
[2022-10-04T03:09:04.754+0000] {logging_mixin.py:117} INFO - [2022-10-04T03:09:04.754+0000] {dag.py:2573} INFO - Sync 1 DAGs
[2022-10-04T03:09:04.763+0000] {logging_mixin.py:117} INFO - [2022-10-04T03:09:04.763+0000] {dag.py:2594} INFO - Creating ORM DAG for tutorial_taskflow_api
[2022-10-04T03:09:04.770+0000] {logging_mixin.py:117} INFO - [2022-10-04T03:09:04.770+0000] {dag.py:3324} INFO - Setting next_dagrun for tutorial_taskflow_api to None, run_after=None
[2022-10-04T03:09:04.793+0000] {processor.py:178} INFO - Processing /usr/local/lib/python3.10/dist-packages/airflow/example_dags/tutorial_taskflow_api.py took 0.185 seconds
[2022-10-04T03:09:46.866+0000] {processor.py:156} INFO - Started process (PID=7721) to work on /usr/local/lib/python3.10/dist-packages/airflow/example_dags/tutorial_taskflow_api.py
[2022-10-04T03:09:46.867+0000] {processor.py:758} INFO - Processing file /usr/local/lib/python3.10/dist-packages/airflow/example_dags/tutorial_taskflow_api.py for tasks to queue
[2022-10-04T03:09:46.868+0000] {logging_mixin.py:117} INFO - [2022-10-04T03:09:46.868+0000] {dagbag.py:525} INFO - Filling up the DagBag from /usr/local/lib/python3.10/dist-packages/airflow/example_dags/tutorial_taskflow_api.py
[2022-10-04T03:09:46.890+0000] {processor.py:768} INFO - DAG(s) dict_keys(['tutorial_taskflow_api']) retrieved from /usr/local/lib/python3.10/dist-packages/airflow/example_dags/tutorial_taskflow_api.py
[2022-10-04T03:09:46.910+0000] {logging_mixin.py:117} INFO - [2022-10-04T03:09:46.910+0000] {dag.py:2573} INFO - Sync 1 DAGs
[2022-10-04T03:09:46.927+0000] {logging_mixin.py:117} INFO - [2022-10-04T03:09:46.927+0000] {dag.py:3324} INFO - Setting next_dagrun for tutorial_taskflow_api to None, run_after=None
[2022-10-04T03:09:46.948+0000] {processor.py:178} INFO - Processing /usr/local/lib/python3.10/dist-packages/airflow/example_dags/tutorial_taskflow_api.py took 0.085 seconds
[2022-10-04T03:10:24.710+0000] {processor.py:156} INFO - Started process (PID=7770) to work on /usr/local/lib/python3.10/dist-packages/airflow/example_dags/tutorial_taskflow_api.py
[2022-10-04T03:10:24.711+0000] {processor.py:758} INFO - Processing file /usr/local/lib/python3.10/dist-packages/airflow/example_dags/tutorial_taskflow_api.py for tasks to queue
[2022-10-04T03:10:24.711+0000] {logging_mixin.py:117} INFO - [2022-10-04T03:10:24.711+0000] {dagbag.py:525} INFO - Filling up the DagBag from /usr/local/lib/python3.10/dist-packages/airflow/example_dags/tutorial_taskflow_api.py
[2022-10-04T03:10:24.734+0000] {processor.py:768} INFO - DAG(s) dict_keys(['tutorial_taskflow_api']) retrieved from /usr/local/lib/python3.10/dist-packages/airflow/example_dags/tutorial_taskflow_api.py
[2022-10-04T03:10:24.755+0000] {logging_mixin.py:117} INFO - [2022-10-04T03:10:24.754+0000] {dag.py:2573} INFO - Sync 1 DAGs
[2022-10-04T03:10:24.771+0000] {logging_mixin.py:117} INFO - [2022-10-04T03:10:24.771+0000] {dag.py:3324} INFO - Setting next_dagrun for tutorial_taskflow_api to None, run_after=None
[2022-10-04T03:10:24.796+0000] {processor.py:178} INFO - Processing /usr/local/lib/python3.10/dist-packages/airflow/example_dags/tutorial_taskflow_api.py took 0.089 seconds
[2022-10-04T03:11:06.706+0000] {processor.py:156} INFO - Started process (PID=7812) to work on /usr/local/lib/python3.10/dist-packages/airflow/example_dags/tutorial_taskflow_api.py
[2022-10-04T03:11:06.708+0000] {processor.py:758} INFO - Processing file /usr/local/lib/python3.10/dist-packages/airflow/example_dags/tutorial_taskflow_api.py for tasks to queue
[2022-10-04T03:11:06.709+0000] {logging_mixin.py:117} INFO - [2022-10-04T03:11:06.709+0000] {dagbag.py:525} INFO - Filling up the DagBag from /usr/local/lib/python3.10/dist-packages/airflow/example_dags/tutorial_taskflow_api.py
[2022-10-04T03:11:06.736+0000] {processor.py:768} INFO - DAG(s) dict_keys(['tutorial_taskflow_api']) retrieved from /usr/local/lib/python3.10/dist-packages/airflow/example_dags/tutorial_taskflow_api.py
[2022-10-04T03:11:06.762+0000] {logging_mixin.py:117} INFO - [2022-10-04T03:11:06.762+0000] {dag.py:2573} INFO - Sync 1 DAGs
[2022-10-04T03:11:06.785+0000] {logging_mixin.py:117} INFO - [2022-10-04T03:11:06.785+0000] {dag.py:3324} INFO - Setting next_dagrun for tutorial_taskflow_api to None, run_after=None
[2022-10-04T03:11:06.811+0000] {processor.py:178} INFO - Processing /usr/local/lib/python3.10/dist-packages/airflow/example_dags/tutorial_taskflow_api.py took 0.108 seconds
[2022-10-04T03:11:45.937+0000] {processor.py:156} INFO - Started process (PID=7850) to work on /usr/local/lib/python3.10/dist-packages/airflow/example_dags/tutorial_taskflow_api.py
[2022-10-04T03:11:45.938+0000] {processor.py:758} INFO - Processing file /usr/local/lib/python3.10/dist-packages/airflow/example_dags/tutorial_taskflow_api.py for tasks to queue
[2022-10-04T03:11:45.938+0000] {logging_mixin.py:117} INFO - [2022-10-04T03:11:45.938+0000] {dagbag.py:525} INFO - Filling up the DagBag from /usr/local/lib/python3.10/dist-packages/airflow/example_dags/tutorial_taskflow_api.py
[2022-10-04T03:11:45.960+0000] {processor.py:768} INFO - DAG(s) dict_keys(['tutorial_taskflow_api']) retrieved from /usr/local/lib/python3.10/dist-packages/airflow/example_dags/tutorial_taskflow_api.py
[2022-10-04T03:11:45.980+0000] {logging_mixin.py:117} INFO - [2022-10-04T03:11:45.980+0000] {dag.py:2573} INFO - Sync 1 DAGs
[2022-10-04T03:11:45.999+0000] {logging_mixin.py:117} INFO - [2022-10-04T03:11:45.998+0000] {dag.py:3324} INFO - Setting next_dagrun for tutorial_taskflow_api to None, run_after=None
[2022-10-04T03:11:46.019+0000] {processor.py:178} INFO - Processing /usr/local/lib/python3.10/dist-packages/airflow/example_dags/tutorial_taskflow_api.py took 0.085 seconds
[2022-10-04T03:12:23.933+0000] {processor.py:156} INFO - Started process (PID=7890) to work on /usr/local/lib/python3.10/dist-packages/airflow/example_dags/tutorial_taskflow_api.py
[2022-10-04T03:12:23.940+0000] {processor.py:758} INFO - Processing file /usr/local/lib/python3.10/dist-packages/airflow/example_dags/tutorial_taskflow_api.py for tasks to queue
[2022-10-04T03:12:23.942+0000] {logging_mixin.py:117} INFO - [2022-10-04T03:12:23.942+0000] {dagbag.py:525} INFO - Filling up the DagBag from /usr/local/lib/python3.10/dist-packages/airflow/example_dags/tutorial_taskflow_api.py
[2022-10-04T03:12:23.983+0000] {processor.py:768} INFO - DAG(s) dict_keys(['tutorial_taskflow_api']) retrieved from /usr/local/lib/python3.10/dist-packages/airflow/example_dags/tutorial_taskflow_api.py
[2022-10-04T03:12:24.033+0000] {logging_mixin.py:117} INFO - [2022-10-04T03:12:24.033+0000] {dag.py:2573} INFO - Sync 1 DAGs
[2022-10-04T03:12:24.065+0000] {logging_mixin.py:117} INFO - [2022-10-04T03:12:24.064+0000] {dag.py:3324} INFO - Setting next_dagrun for tutorial_taskflow_api to None, run_after=None
[2022-10-04T03:12:24.098+0000] {processor.py:178} INFO - Processing /usr/local/lib/python3.10/dist-packages/airflow/example_dags/tutorial_taskflow_api.py took 0.167 seconds
[2022-10-04T03:12:58.069+0000] {processor.py:156} INFO - Started process (PID=7924) to work on /usr/local/lib/python3.10/dist-packages/airflow/example_dags/tutorial_taskflow_api.py
[2022-10-04T03:12:58.070+0000] {processor.py:758} INFO - Processing file /usr/local/lib/python3.10/dist-packages/airflow/example_dags/tutorial_taskflow_api.py for tasks to queue
[2022-10-04T03:12:58.071+0000] {logging_mixin.py:117} INFO - [2022-10-04T03:12:58.070+0000] {dagbag.py:525} INFO - Filling up the DagBag from /usr/local/lib/python3.10/dist-packages/airflow/example_dags/tutorial_taskflow_api.py
[2022-10-04T03:12:58.092+0000] {processor.py:768} INFO - DAG(s) dict_keys(['tutorial_taskflow_api']) retrieved from /usr/local/lib/python3.10/dist-packages/airflow/example_dags/tutorial_taskflow_api.py
[2022-10-04T03:12:58.115+0000] {logging_mixin.py:117} INFO - [2022-10-04T03:12:58.115+0000] {dag.py:2573} INFO - Sync 1 DAGs
[2022-10-04T03:12:58.133+0000] {logging_mixin.py:117} INFO - [2022-10-04T03:12:58.132+0000] {dag.py:3324} INFO - Setting next_dagrun for tutorial_taskflow_api to None, run_after=None
[2022-10-04T03:12:58.154+0000] {processor.py:178} INFO - Processing /usr/local/lib/python3.10/dist-packages/airflow/example_dags/tutorial_taskflow_api.py took 0.088 seconds
[2022-10-04T03:13:36.617+0000] {processor.py:156} INFO - Started process (PID=7962) to work on /usr/local/lib/python3.10/dist-packages/airflow/example_dags/tutorial_taskflow_api.py
[2022-10-04T03:13:36.619+0000] {processor.py:758} INFO - Processing file /usr/local/lib/python3.10/dist-packages/airflow/example_dags/tutorial_taskflow_api.py for tasks to queue
[2022-10-04T03:13:36.619+0000] {logging_mixin.py:117} INFO - [2022-10-04T03:13:36.619+0000] {dagbag.py:525} INFO - Filling up the DagBag from /usr/local/lib/python3.10/dist-packages/airflow/example_dags/tutorial_taskflow_api.py
[2022-10-04T03:13:36.648+0000] {processor.py:768} INFO - DAG(s) dict_keys(['tutorial_taskflow_api']) retrieved from /usr/local/lib/python3.10/dist-packages/airflow/example_dags/tutorial_taskflow_api.py
[2022-10-04T03:13:36.672+0000] {logging_mixin.py:117} INFO - [2022-10-04T03:13:36.672+0000] {dag.py:2573} INFO - Sync 1 DAGs
[2022-10-04T03:13:36.691+0000] {logging_mixin.py:117} INFO - [2022-10-04T03:13:36.690+0000] {dag.py:3324} INFO - Setting next_dagrun for tutorial_taskflow_api to None, run_after=None
[2022-10-04T03:13:36.715+0000] {processor.py:178} INFO - Processing /usr/local/lib/python3.10/dist-packages/airflow/example_dags/tutorial_taskflow_api.py took 0.100 seconds
[2022-10-04T03:14:10.155+0000] {processor.py:156} INFO - Started process (PID=7994) to work on /usr/local/lib/python3.10/dist-packages/airflow/example_dags/tutorial_taskflow_api.py
[2022-10-04T03:14:10.156+0000] {processor.py:758} INFO - Processing file /usr/local/lib/python3.10/dist-packages/airflow/example_dags/tutorial_taskflow_api.py for tasks to queue
[2022-10-04T03:14:10.156+0000] {logging_mixin.py:117} INFO - [2022-10-04T03:14:10.156+0000] {dagbag.py:525} INFO - Filling up the DagBag from /usr/local/lib/python3.10/dist-packages/airflow/example_dags/tutorial_taskflow_api.py
[2022-10-04T03:14:10.177+0000] {processor.py:768} INFO - DAG(s) dict_keys(['tutorial_taskflow_api']) retrieved from /usr/local/lib/python3.10/dist-packages/airflow/example_dags/tutorial_taskflow_api.py
[2022-10-04T03:14:10.200+0000] {logging_mixin.py:117} INFO - [2022-10-04T03:14:10.200+0000] {dag.py:2573} INFO - Sync 1 DAGs
[2022-10-04T03:14:10.217+0000] {logging_mixin.py:117} INFO - [2022-10-04T03:14:10.217+0000] {dag.py:3324} INFO - Setting next_dagrun for tutorial_taskflow_api to None, run_after=None
[2022-10-04T03:14:10.239+0000] {processor.py:178} INFO - Processing /usr/local/lib/python3.10/dist-packages/airflow/example_dags/tutorial_taskflow_api.py took 0.088 seconds
[2022-10-04T03:14:45.625+0000] {processor.py:156} INFO - Started process (PID=8032) to work on /usr/local/lib/python3.10/dist-packages/airflow/example_dags/tutorial_taskflow_api.py
[2022-10-04T03:14:45.626+0000] {processor.py:758} INFO - Processing file /usr/local/lib/python3.10/dist-packages/airflow/example_dags/tutorial_taskflow_api.py for tasks to queue
[2022-10-04T03:14:45.627+0000] {logging_mixin.py:117} INFO - [2022-10-04T03:14:45.627+0000] {dagbag.py:525} INFO - Filling up the DagBag from /usr/local/lib/python3.10/dist-packages/airflow/example_dags/tutorial_taskflow_api.py
[2022-10-04T03:14:45.653+0000] {processor.py:768} INFO - DAG(s) dict_keys(['tutorial_taskflow_api']) retrieved from /usr/local/lib/python3.10/dist-packages/airflow/example_dags/tutorial_taskflow_api.py
[2022-10-04T03:14:45.675+0000] {logging_mixin.py:117} INFO - [2022-10-04T03:14:45.675+0000] {dag.py:2573} INFO - Sync 1 DAGs
[2022-10-04T03:14:45.693+0000] {logging_mixin.py:117} INFO - [2022-10-04T03:14:45.693+0000] {dag.py:3324} INFO - Setting next_dagrun for tutorial_taskflow_api to None, run_after=None
[2022-10-04T03:14:45.714+0000] {processor.py:178} INFO - Processing /usr/local/lib/python3.10/dist-packages/airflow/example_dags/tutorial_taskflow_api.py took 0.092 seconds
[2022-10-04T03:15:24.058+0000] {processor.py:156} INFO - Started process (PID=8069) to work on /usr/local/lib/python3.10/dist-packages/airflow/example_dags/tutorial_taskflow_api.py
[2022-10-04T03:15:24.059+0000] {processor.py:758} INFO - Processing file /usr/local/lib/python3.10/dist-packages/airflow/example_dags/tutorial_taskflow_api.py for tasks to queue
[2022-10-04T03:15:24.060+0000] {logging_mixin.py:117} INFO - [2022-10-04T03:15:24.059+0000] {dagbag.py:525} INFO - Filling up the DagBag from /usr/local/lib/python3.10/dist-packages/airflow/example_dags/tutorial_taskflow_api.py
[2022-10-04T03:15:24.081+0000] {processor.py:768} INFO - DAG(s) dict_keys(['tutorial_taskflow_api']) retrieved from /usr/local/lib/python3.10/dist-packages/airflow/example_dags/tutorial_taskflow_api.py
[2022-10-04T03:15:24.103+0000] {logging_mixin.py:117} INFO - [2022-10-04T03:15:24.103+0000] {dag.py:2573} INFO - Sync 1 DAGs
[2022-10-04T03:15:24.121+0000] {logging_mixin.py:117} INFO - [2022-10-04T03:15:24.121+0000] {dag.py:3324} INFO - Setting next_dagrun for tutorial_taskflow_api to None, run_after=None
[2022-10-04T03:15:24.273+0000] {processor.py:178} INFO - Processing /usr/local/lib/python3.10/dist-packages/airflow/example_dags/tutorial_taskflow_api.py took 0.218 seconds
[2022-10-04T03:16:00.599+0000] {processor.py:156} INFO - Started process (PID=8105) to work on /usr/local/lib/python3.10/dist-packages/airflow/example_dags/tutorial_taskflow_api.py
[2022-10-04T03:16:00.600+0000] {processor.py:758} INFO - Processing file /usr/local/lib/python3.10/dist-packages/airflow/example_dags/tutorial_taskflow_api.py for tasks to queue
[2022-10-04T03:16:00.601+0000] {logging_mixin.py:117} INFO - [2022-10-04T03:16:00.601+0000] {dagbag.py:525} INFO - Filling up the DagBag from /usr/local/lib/python3.10/dist-packages/airflow/example_dags/tutorial_taskflow_api.py
[2022-10-04T03:16:00.624+0000] {processor.py:768} INFO - DAG(s) dict_keys(['tutorial_taskflow_api']) retrieved from /usr/local/lib/python3.10/dist-packages/airflow/example_dags/tutorial_taskflow_api.py
[2022-10-04T03:16:00.647+0000] {logging_mixin.py:117} INFO - [2022-10-04T03:16:00.647+0000] {dag.py:2573} INFO - Sync 1 DAGs
[2022-10-04T03:16:00.666+0000] {logging_mixin.py:117} INFO - [2022-10-04T03:16:00.666+0000] {dag.py:3324} INFO - Setting next_dagrun for tutorial_taskflow_api to None, run_after=None
[2022-10-04T03:16:00.818+0000] {processor.py:178} INFO - Processing /usr/local/lib/python3.10/dist-packages/airflow/example_dags/tutorial_taskflow_api.py took 0.222 seconds
[2022-10-04T03:16:39.288+0000] {processor.py:156} INFO - Started process (PID=8228) to work on /usr/local/lib/python3.10/dist-packages/airflow/example_dags/tutorial_taskflow_api.py
[2022-10-04T03:16:39.290+0000] {processor.py:758} INFO - Processing file /usr/local/lib/python3.10/dist-packages/airflow/example_dags/tutorial_taskflow_api.py for tasks to queue
[2022-10-04T03:16:39.290+0000] {logging_mixin.py:117} INFO - [2022-10-04T03:16:39.290+0000] {dagbag.py:525} INFO - Filling up the DagBag from /usr/local/lib/python3.10/dist-packages/airflow/example_dags/tutorial_taskflow_api.py
[2022-10-04T03:16:39.333+0000] {processor.py:768} INFO - DAG(s) dict_keys(['tutorial_taskflow_api']) retrieved from /usr/local/lib/python3.10/dist-packages/airflow/example_dags/tutorial_taskflow_api.py
[2022-10-04T03:16:39.392+0000] {logging_mixin.py:117} INFO - [2022-10-04T03:16:39.392+0000] {dag.py:2573} INFO - Sync 1 DAGs
[2022-10-04T03:16:39.709+0000] {logging_mixin.py:117} INFO - [2022-10-04T03:16:39.708+0000] {dag.py:3324} INFO - Setting next_dagrun for tutorial_taskflow_api to None, run_after=None
[2022-10-04T03:16:39.739+0000] {processor.py:178} INFO - Processing /usr/local/lib/python3.10/dist-packages/airflow/example_dags/tutorial_taskflow_api.py took 0.460 seconds
[2022-10-04T03:17:20.203+0000] {processor.py:156} INFO - Started process (PID=8598) to work on /usr/local/lib/python3.10/dist-packages/airflow/example_dags/tutorial_taskflow_api.py
[2022-10-04T03:17:20.204+0000] {processor.py:758} INFO - Processing file /usr/local/lib/python3.10/dist-packages/airflow/example_dags/tutorial_taskflow_api.py for tasks to queue
[2022-10-04T03:17:20.205+0000] {logging_mixin.py:117} INFO - [2022-10-04T03:17:20.205+0000] {dagbag.py:525} INFO - Filling up the DagBag from /usr/local/lib/python3.10/dist-packages/airflow/example_dags/tutorial_taskflow_api.py
[2022-10-04T03:17:20.229+0000] {processor.py:768} INFO - DAG(s) dict_keys(['tutorial_taskflow_api']) retrieved from /usr/local/lib/python3.10/dist-packages/airflow/example_dags/tutorial_taskflow_api.py
[2022-10-04T03:17:20.252+0000] {logging_mixin.py:117} INFO - [2022-10-04T03:17:20.252+0000] {dag.py:2573} INFO - Sync 1 DAGs
[2022-10-04T03:17:20.404+0000] {logging_mixin.py:117} INFO - [2022-10-04T03:17:20.404+0000] {dag.py:3324} INFO - Setting next_dagrun for tutorial_taskflow_api to None, run_after=None
[2022-10-04T03:17:20.427+0000] {processor.py:178} INFO - Processing /usr/local/lib/python3.10/dist-packages/airflow/example_dags/tutorial_taskflow_api.py took 0.227 seconds
[2022-10-04T03:18:00.560+0000] {processor.py:156} INFO - Started process (PID=8636) to work on /usr/local/lib/python3.10/dist-packages/airflow/example_dags/tutorial_taskflow_api.py
[2022-10-04T03:18:00.562+0000] {processor.py:758} INFO - Processing file /usr/local/lib/python3.10/dist-packages/airflow/example_dags/tutorial_taskflow_api.py for tasks to queue
[2022-10-04T03:18:00.562+0000] {logging_mixin.py:117} INFO - [2022-10-04T03:18:00.562+0000] {dagbag.py:525} INFO - Filling up the DagBag from /usr/local/lib/python3.10/dist-packages/airflow/example_dags/tutorial_taskflow_api.py
[2022-10-04T03:18:00.586+0000] {processor.py:768} INFO - DAG(s) dict_keys(['tutorial_taskflow_api']) retrieved from /usr/local/lib/python3.10/dist-packages/airflow/example_dags/tutorial_taskflow_api.py
[2022-10-04T03:18:00.610+0000] {logging_mixin.py:117} INFO - [2022-10-04T03:18:00.610+0000] {dag.py:2573} INFO - Sync 1 DAGs
[2022-10-04T03:18:00.764+0000] {logging_mixin.py:117} INFO - [2022-10-04T03:18:00.764+0000] {dag.py:3324} INFO - Setting next_dagrun for tutorial_taskflow_api to None, run_after=None
[2022-10-04T03:18:00.787+0000] {processor.py:178} INFO - Processing /usr/local/lib/python3.10/dist-packages/airflow/example_dags/tutorial_taskflow_api.py took 0.230 seconds
[2022-10-04T03:18:42.823+0000] {processor.py:156} INFO - Started process (PID=8687) to work on /usr/local/lib/python3.10/dist-packages/airflow/example_dags/tutorial_taskflow_api.py
[2022-10-04T03:18:42.825+0000] {processor.py:758} INFO - Processing file /usr/local/lib/python3.10/dist-packages/airflow/example_dags/tutorial_taskflow_api.py for tasks to queue
[2022-10-04T03:18:42.826+0000] {logging_mixin.py:117} INFO - [2022-10-04T03:18:42.826+0000] {dagbag.py:525} INFO - Filling up the DagBag from /usr/local/lib/python3.10/dist-packages/airflow/example_dags/tutorial_taskflow_api.py
[2022-10-04T03:18:42.895+0000] {processor.py:768} INFO - DAG(s) dict_keys(['tutorial_taskflow_api']) retrieved from /usr/local/lib/python3.10/dist-packages/airflow/example_dags/tutorial_taskflow_api.py
[2022-10-04T03:18:42.942+0000] {logging_mixin.py:117} INFO - [2022-10-04T03:18:42.942+0000] {dag.py:2573} INFO - Sync 1 DAGs
[2022-10-04T03:18:42.999+0000] {logging_mixin.py:117} INFO - [2022-10-04T03:18:42.999+0000] {dag.py:3324} INFO - Setting next_dagrun for tutorial_taskflow_api to None, run_after=None
[2022-10-04T03:18:43.047+0000] {processor.py:178} INFO - Processing /usr/local/lib/python3.10/dist-packages/airflow/example_dags/tutorial_taskflow_api.py took 0.236 seconds
[2022-10-04T03:19:20.794+0000] {processor.py:156} INFO - Started process (PID=8725) to work on /usr/local/lib/python3.10/dist-packages/airflow/example_dags/tutorial_taskflow_api.py
[2022-10-04T03:19:20.795+0000] {processor.py:758} INFO - Processing file /usr/local/lib/python3.10/dist-packages/airflow/example_dags/tutorial_taskflow_api.py for tasks to queue
[2022-10-04T03:19:20.796+0000] {logging_mixin.py:117} INFO - [2022-10-04T03:19:20.795+0000] {dagbag.py:525} INFO - Filling up the DagBag from /usr/local/lib/python3.10/dist-packages/airflow/example_dags/tutorial_taskflow_api.py
[2022-10-04T03:19:20.818+0000] {processor.py:768} INFO - DAG(s) dict_keys(['tutorial_taskflow_api']) retrieved from /usr/local/lib/python3.10/dist-packages/airflow/example_dags/tutorial_taskflow_api.py
[2022-10-04T03:19:20.838+0000] {logging_mixin.py:117} INFO - [2022-10-04T03:19:20.838+0000] {dag.py:2573} INFO - Sync 1 DAGs
[2022-10-04T03:19:20.855+0000] {logging_mixin.py:117} INFO - [2022-10-04T03:19:20.855+0000] {dag.py:3324} INFO - Setting next_dagrun for tutorial_taskflow_api to None, run_after=None
[2022-10-04T03:19:20.876+0000] {processor.py:178} INFO - Processing /usr/local/lib/python3.10/dist-packages/airflow/example_dags/tutorial_taskflow_api.py took 0.085 seconds
[2022-10-04T03:19:59.546+0000] {processor.py:156} INFO - Started process (PID=8765) to work on /usr/local/lib/python3.10/dist-packages/airflow/example_dags/tutorial_taskflow_api.py
[2022-10-04T03:19:59.547+0000] {processor.py:758} INFO - Processing file /usr/local/lib/python3.10/dist-packages/airflow/example_dags/tutorial_taskflow_api.py for tasks to queue
[2022-10-04T03:19:59.547+0000] {logging_mixin.py:117} INFO - [2022-10-04T03:19:59.547+0000] {dagbag.py:525} INFO - Filling up the DagBag from /usr/local/lib/python3.10/dist-packages/airflow/example_dags/tutorial_taskflow_api.py
[2022-10-04T03:19:59.574+0000] {processor.py:768} INFO - DAG(s) dict_keys(['tutorial_taskflow_api']) retrieved from /usr/local/lib/python3.10/dist-packages/airflow/example_dags/tutorial_taskflow_api.py
[2022-10-04T03:19:59.606+0000] {logging_mixin.py:117} INFO - [2022-10-04T03:19:59.606+0000] {dag.py:2573} INFO - Sync 1 DAGs
[2022-10-04T03:19:59.636+0000] {logging_mixin.py:117} INFO - [2022-10-04T03:19:59.636+0000] {dag.py:3324} INFO - Setting next_dagrun for tutorial_taskflow_api to None, run_after=None
[2022-10-04T03:19:59.659+0000] {processor.py:178} INFO - Processing /usr/local/lib/python3.10/dist-packages/airflow/example_dags/tutorial_taskflow_api.py took 0.115 seconds
[2022-10-04T03:20:37.542+0000] {processor.py:156} INFO - Started process (PID=8805) to work on /usr/local/lib/python3.10/dist-packages/airflow/example_dags/tutorial_taskflow_api.py
[2022-10-04T03:20:37.543+0000] {processor.py:758} INFO - Processing file /usr/local/lib/python3.10/dist-packages/airflow/example_dags/tutorial_taskflow_api.py for tasks to queue
[2022-10-04T03:20:37.543+0000] {logging_mixin.py:117} INFO - [2022-10-04T03:20:37.543+0000] {dagbag.py:525} INFO - Filling up the DagBag from /usr/local/lib/python3.10/dist-packages/airflow/example_dags/tutorial_taskflow_api.py
[2022-10-04T03:20:37.565+0000] {processor.py:768} INFO - DAG(s) dict_keys(['tutorial_taskflow_api']) retrieved from /usr/local/lib/python3.10/dist-packages/airflow/example_dags/tutorial_taskflow_api.py
[2022-10-04T03:20:37.587+0000] {logging_mixin.py:117} INFO - [2022-10-04T03:20:37.586+0000] {dag.py:2573} INFO - Sync 1 DAGs
[2022-10-04T03:20:37.608+0000] {logging_mixin.py:117} INFO - [2022-10-04T03:20:37.608+0000] {dag.py:3324} INFO - Setting next_dagrun for tutorial_taskflow_api to None, run_after=None
[2022-10-04T03:20:37.634+0000] {processor.py:178} INFO - Processing /usr/local/lib/python3.10/dist-packages/airflow/example_dags/tutorial_taskflow_api.py took 0.096 seconds
[2022-10-04T03:21:14.191+0000] {processor.py:156} INFO - Started process (PID=8840) to work on /usr/local/lib/python3.10/dist-packages/airflow/example_dags/tutorial_taskflow_api.py
[2022-10-04T03:21:14.192+0000] {processor.py:758} INFO - Processing file /usr/local/lib/python3.10/dist-packages/airflow/example_dags/tutorial_taskflow_api.py for tasks to queue
[2022-10-04T03:21:14.192+0000] {logging_mixin.py:117} INFO - [2022-10-04T03:21:14.192+0000] {dagbag.py:525} INFO - Filling up the DagBag from /usr/local/lib/python3.10/dist-packages/airflow/example_dags/tutorial_taskflow_api.py
[2022-10-04T03:21:14.217+0000] {processor.py:768} INFO - DAG(s) dict_keys(['tutorial_taskflow_api']) retrieved from /usr/local/lib/python3.10/dist-packages/airflow/example_dags/tutorial_taskflow_api.py
[2022-10-04T03:21:14.239+0000] {logging_mixin.py:117} INFO - [2022-10-04T03:21:14.238+0000] {dag.py:2573} INFO - Sync 1 DAGs
[2022-10-04T03:21:14.264+0000] {logging_mixin.py:117} INFO - [2022-10-04T03:21:14.264+0000] {dag.py:3324} INFO - Setting next_dagrun for tutorial_taskflow_api to None, run_after=None
[2022-10-04T03:21:14.286+0000] {processor.py:178} INFO - Processing /usr/local/lib/python3.10/dist-packages/airflow/example_dags/tutorial_taskflow_api.py took 0.098 seconds
[2022-10-04T03:21:53.008+0000] {processor.py:156} INFO - Started process (PID=8878) to work on /usr/local/lib/python3.10/dist-packages/airflow/example_dags/tutorial_taskflow_api.py
[2022-10-04T03:21:53.010+0000] {processor.py:758} INFO - Processing file /usr/local/lib/python3.10/dist-packages/airflow/example_dags/tutorial_taskflow_api.py for tasks to queue
[2022-10-04T03:21:53.010+0000] {logging_mixin.py:117} INFO - [2022-10-04T03:21:53.010+0000] {dagbag.py:525} INFO - Filling up the DagBag from /usr/local/lib/python3.10/dist-packages/airflow/example_dags/tutorial_taskflow_api.py
[2022-10-04T03:21:53.032+0000] {processor.py:768} INFO - DAG(s) dict_keys(['tutorial_taskflow_api']) retrieved from /usr/local/lib/python3.10/dist-packages/airflow/example_dags/tutorial_taskflow_api.py
[2022-10-04T03:21:53.052+0000] {logging_mixin.py:117} INFO - [2022-10-04T03:21:53.052+0000] {dag.py:2573} INFO - Sync 1 DAGs
[2022-10-04T03:21:53.071+0000] {logging_mixin.py:117} INFO - [2022-10-04T03:21:53.071+0000] {dag.py:3324} INFO - Setting next_dagrun for tutorial_taskflow_api to None, run_after=None
[2022-10-04T03:21:53.092+0000] {processor.py:178} INFO - Processing /usr/local/lib/python3.10/dist-packages/airflow/example_dags/tutorial_taskflow_api.py took 0.086 seconds
[2022-10-04T03:22:30.658+0000] {processor.py:156} INFO - Started process (PID=8918) to work on /usr/local/lib/python3.10/dist-packages/airflow/example_dags/tutorial_taskflow_api.py
[2022-10-04T03:22:30.659+0000] {processor.py:758} INFO - Processing file /usr/local/lib/python3.10/dist-packages/airflow/example_dags/tutorial_taskflow_api.py for tasks to queue
[2022-10-04T03:22:30.660+0000] {logging_mixin.py:117} INFO - [2022-10-04T03:22:30.660+0000] {dagbag.py:525} INFO - Filling up the DagBag from /usr/local/lib/python3.10/dist-packages/airflow/example_dags/tutorial_taskflow_api.py
[2022-10-04T03:22:30.686+0000] {processor.py:768} INFO - DAG(s) dict_keys(['tutorial_taskflow_api']) retrieved from /usr/local/lib/python3.10/dist-packages/airflow/example_dags/tutorial_taskflow_api.py
[2022-10-04T03:22:30.711+0000] {logging_mixin.py:117} INFO - [2022-10-04T03:22:30.711+0000] {dag.py:2573} INFO - Sync 1 DAGs
[2022-10-04T03:22:30.730+0000] {logging_mixin.py:117} INFO - [2022-10-04T03:22:30.730+0000] {dag.py:3324} INFO - Setting next_dagrun for tutorial_taskflow_api to None, run_after=None
[2022-10-04T03:22:30.754+0000] {processor.py:178} INFO - Processing /usr/local/lib/python3.10/dist-packages/airflow/example_dags/tutorial_taskflow_api.py took 0.099 seconds
[2022-10-04T03:23:07.975+0000] {processor.py:156} INFO - Started process (PID=8956) to work on /usr/local/lib/python3.10/dist-packages/airflow/example_dags/tutorial_taskflow_api.py
[2022-10-04T03:23:07.976+0000] {processor.py:758} INFO - Processing file /usr/local/lib/python3.10/dist-packages/airflow/example_dags/tutorial_taskflow_api.py for tasks to queue
[2022-10-04T03:23:07.976+0000] {logging_mixin.py:117} INFO - [2022-10-04T03:23:07.976+0000] {dagbag.py:525} INFO - Filling up the DagBag from /usr/local/lib/python3.10/dist-packages/airflow/example_dags/tutorial_taskflow_api.py
[2022-10-04T03:23:07.998+0000] {processor.py:768} INFO - DAG(s) dict_keys(['tutorial_taskflow_api']) retrieved from /usr/local/lib/python3.10/dist-packages/airflow/example_dags/tutorial_taskflow_api.py
[2022-10-04T03:23:08.021+0000] {logging_mixin.py:117} INFO - [2022-10-04T03:23:08.021+0000] {dag.py:2573} INFO - Sync 1 DAGs
[2022-10-04T03:23:08.039+0000] {logging_mixin.py:117} INFO - [2022-10-04T03:23:08.038+0000] {dag.py:3324} INFO - Setting next_dagrun for tutorial_taskflow_api to None, run_after=None
[2022-10-04T03:23:08.061+0000] {processor.py:178} INFO - Processing /usr/local/lib/python3.10/dist-packages/airflow/example_dags/tutorial_taskflow_api.py took 0.089 seconds
[2022-10-04T03:23:41.700+0000] {processor.py:156} INFO - Started process (PID=8994) to work on /usr/local/lib/python3.10/dist-packages/airflow/example_dags/tutorial_taskflow_api.py
[2022-10-04T03:23:41.701+0000] {processor.py:758} INFO - Processing file /usr/local/lib/python3.10/dist-packages/airflow/example_dags/tutorial_taskflow_api.py for tasks to queue
[2022-10-04T03:23:41.702+0000] {logging_mixin.py:117} INFO - [2022-10-04T03:23:41.702+0000] {dagbag.py:525} INFO - Filling up the DagBag from /usr/local/lib/python3.10/dist-packages/airflow/example_dags/tutorial_taskflow_api.py
[2022-10-04T03:23:41.731+0000] {processor.py:768} INFO - DAG(s) dict_keys(['tutorial_taskflow_api']) retrieved from /usr/local/lib/python3.10/dist-packages/airflow/example_dags/tutorial_taskflow_api.py
[2022-10-04T03:23:41.748+0000] {logging_mixin.py:117} INFO - [2022-10-04T03:23:41.748+0000] {dag.py:2573} INFO - Sync 1 DAGs
[2022-10-04T03:23:41.772+0000] {logging_mixin.py:117} INFO - [2022-10-04T03:23:41.772+0000] {dag.py:3324} INFO - Setting next_dagrun for tutorial_taskflow_api to None, run_after=None
[2022-10-04T03:23:41.800+0000] {processor.py:178} INFO - Processing /usr/local/lib/python3.10/dist-packages/airflow/example_dags/tutorial_taskflow_api.py took 0.103 seconds
[2022-10-04T03:24:19.773+0000] {processor.py:156} INFO - Started process (PID=9034) to work on /usr/local/lib/python3.10/dist-packages/airflow/example_dags/tutorial_taskflow_api.py
[2022-10-04T03:24:19.774+0000] {processor.py:758} INFO - Processing file /usr/local/lib/python3.10/dist-packages/airflow/example_dags/tutorial_taskflow_api.py for tasks to queue
[2022-10-04T03:24:19.774+0000] {logging_mixin.py:117} INFO - [2022-10-04T03:24:19.774+0000] {dagbag.py:525} INFO - Filling up the DagBag from /usr/local/lib/python3.10/dist-packages/airflow/example_dags/tutorial_taskflow_api.py
[2022-10-04T03:24:19.797+0000] {processor.py:768} INFO - DAG(s) dict_keys(['tutorial_taskflow_api']) retrieved from /usr/local/lib/python3.10/dist-packages/airflow/example_dags/tutorial_taskflow_api.py
[2022-10-04T03:24:19.817+0000] {logging_mixin.py:117} INFO - [2022-10-04T03:24:19.817+0000] {dag.py:2573} INFO - Sync 1 DAGs
[2022-10-04T03:24:19.833+0000] {logging_mixin.py:117} INFO - [2022-10-04T03:24:19.833+0000] {dag.py:3324} INFO - Setting next_dagrun for tutorial_taskflow_api to None, run_after=None
[2022-10-04T03:24:19.854+0000] {processor.py:178} INFO - Processing /usr/local/lib/python3.10/dist-packages/airflow/example_dags/tutorial_taskflow_api.py took 0.083 seconds
[2022-10-04T03:24:58.654+0000] {processor.py:156} INFO - Started process (PID=9073) to work on /usr/local/lib/python3.10/dist-packages/airflow/example_dags/tutorial_taskflow_api.py
[2022-10-04T03:24:58.655+0000] {processor.py:758} INFO - Processing file /usr/local/lib/python3.10/dist-packages/airflow/example_dags/tutorial_taskflow_api.py for tasks to queue
[2022-10-04T03:24:58.656+0000] {logging_mixin.py:117} INFO - [2022-10-04T03:24:58.656+0000] {dagbag.py:525} INFO - Filling up the DagBag from /usr/local/lib/python3.10/dist-packages/airflow/example_dags/tutorial_taskflow_api.py
[2022-10-04T03:24:58.679+0000] {processor.py:768} INFO - DAG(s) dict_keys(['tutorial_taskflow_api']) retrieved from /usr/local/lib/python3.10/dist-packages/airflow/example_dags/tutorial_taskflow_api.py
[2022-10-04T03:24:58.699+0000] {logging_mixin.py:117} INFO - [2022-10-04T03:24:58.699+0000] {dag.py:2573} INFO - Sync 1 DAGs
[2022-10-04T03:24:58.717+0000] {logging_mixin.py:117} INFO - [2022-10-04T03:24:58.717+0000] {dag.py:3324} INFO - Setting next_dagrun for tutorial_taskflow_api to None, run_after=None
[2022-10-04T03:24:58.739+0000] {processor.py:178} INFO - Processing /usr/local/lib/python3.10/dist-packages/airflow/example_dags/tutorial_taskflow_api.py took 0.088 seconds
[2022-10-04T03:25:36.488+0000] {processor.py:156} INFO - Started process (PID=9114) to work on /usr/local/lib/python3.10/dist-packages/airflow/example_dags/tutorial_taskflow_api.py
[2022-10-04T03:25:36.489+0000] {processor.py:758} INFO - Processing file /usr/local/lib/python3.10/dist-packages/airflow/example_dags/tutorial_taskflow_api.py for tasks to queue
[2022-10-04T03:25:36.490+0000] {logging_mixin.py:117} INFO - [2022-10-04T03:25:36.490+0000] {dagbag.py:525} INFO - Filling up the DagBag from /usr/local/lib/python3.10/dist-packages/airflow/example_dags/tutorial_taskflow_api.py
[2022-10-04T03:25:36.512+0000] {processor.py:768} INFO - DAG(s) dict_keys(['tutorial_taskflow_api']) retrieved from /usr/local/lib/python3.10/dist-packages/airflow/example_dags/tutorial_taskflow_api.py
[2022-10-04T03:25:36.535+0000] {logging_mixin.py:117} INFO - [2022-10-04T03:25:36.534+0000] {dag.py:2573} INFO - Sync 1 DAGs
[2022-10-04T03:25:36.554+0000] {logging_mixin.py:117} INFO - [2022-10-04T03:25:36.554+0000] {dag.py:3324} INFO - Setting next_dagrun for tutorial_taskflow_api to None, run_after=None
[2022-10-04T03:25:36.576+0000] {processor.py:178} INFO - Processing /usr/local/lib/python3.10/dist-packages/airflow/example_dags/tutorial_taskflow_api.py took 0.091 seconds
[2022-10-04T03:26:14.109+0000] {processor.py:156} INFO - Started process (PID=9158) to work on /usr/local/lib/python3.10/dist-packages/airflow/example_dags/tutorial_taskflow_api.py
[2022-10-04T03:26:14.134+0000] {processor.py:758} INFO - Processing file /usr/local/lib/python3.10/dist-packages/airflow/example_dags/tutorial_taskflow_api.py for tasks to queue
[2022-10-04T03:26:14.135+0000] {logging_mixin.py:117} INFO - [2022-10-04T03:26:14.135+0000] {dagbag.py:525} INFO - Filling up the DagBag from /usr/local/lib/python3.10/dist-packages/airflow/example_dags/tutorial_taskflow_api.py
[2022-10-04T03:26:14.185+0000] {processor.py:768} INFO - DAG(s) dict_keys(['tutorial_taskflow_api']) retrieved from /usr/local/lib/python3.10/dist-packages/airflow/example_dags/tutorial_taskflow_api.py
[2022-10-04T03:26:14.226+0000] {logging_mixin.py:117} INFO - [2022-10-04T03:26:14.226+0000] {dag.py:2573} INFO - Sync 1 DAGs
[2022-10-04T03:26:14.269+0000] {logging_mixin.py:117} INFO - [2022-10-04T03:26:14.269+0000] {dag.py:3324} INFO - Setting next_dagrun for tutorial_taskflow_api to None, run_after=None
[2022-10-04T03:26:14.297+0000] {processor.py:178} INFO - Processing /usr/local/lib/python3.10/dist-packages/airflow/example_dags/tutorial_taskflow_api.py took 0.191 seconds
[2022-10-04T03:30:22.642+0000] {processor.py:156} INFO - Started process (PID=9256) to work on /usr/local/lib/python3.10/dist-packages/airflow/example_dags/tutorial_taskflow_api.py
[2022-10-04T03:30:22.643+0000] {processor.py:758} INFO - Processing file /usr/local/lib/python3.10/dist-packages/airflow/example_dags/tutorial_taskflow_api.py for tasks to queue
[2022-10-04T03:30:22.644+0000] {logging_mixin.py:117} INFO - [2022-10-04T03:30:22.644+0000] {dagbag.py:525} INFO - Filling up the DagBag from /usr/local/lib/python3.10/dist-packages/airflow/example_dags/tutorial_taskflow_api.py
[2022-10-04T03:30:22.666+0000] {processor.py:768} INFO - DAG(s) dict_keys(['tutorial_taskflow_api']) retrieved from /usr/local/lib/python3.10/dist-packages/airflow/example_dags/tutorial_taskflow_api.py
[2022-10-04T03:30:22.679+0000] {logging_mixin.py:117} INFO - [2022-10-04T03:30:22.679+0000] {dag.py:2573} INFO - Sync 1 DAGs
[2022-10-04T03:30:22.699+0000] {logging_mixin.py:117} INFO - [2022-10-04T03:30:22.699+0000] {dag.py:3324} INFO - Setting next_dagrun for tutorial_taskflow_api to None, run_after=None
[2022-10-04T03:30:22.720+0000] {processor.py:178} INFO - Processing /usr/local/lib/python3.10/dist-packages/airflow/example_dags/tutorial_taskflow_api.py took 0.082 seconds
[2022-10-04T03:31:01.125+0000] {processor.py:156} INFO - Started process (PID=9297) to work on /usr/local/lib/python3.10/dist-packages/airflow/example_dags/tutorial_taskflow_api.py
[2022-10-04T03:31:01.126+0000] {processor.py:758} INFO - Processing file /usr/local/lib/python3.10/dist-packages/airflow/example_dags/tutorial_taskflow_api.py for tasks to queue
[2022-10-04T03:31:01.126+0000] {logging_mixin.py:117} INFO - [2022-10-04T03:31:01.126+0000] {dagbag.py:525} INFO - Filling up the DagBag from /usr/local/lib/python3.10/dist-packages/airflow/example_dags/tutorial_taskflow_api.py
[2022-10-04T03:31:01.149+0000] {processor.py:768} INFO - DAG(s) dict_keys(['tutorial_taskflow_api']) retrieved from /usr/local/lib/python3.10/dist-packages/airflow/example_dags/tutorial_taskflow_api.py
[2022-10-04T03:31:01.175+0000] {logging_mixin.py:117} INFO - [2022-10-04T03:31:01.175+0000] {dag.py:2573} INFO - Sync 1 DAGs
[2022-10-04T03:31:01.193+0000] {logging_mixin.py:117} INFO - [2022-10-04T03:31:01.193+0000] {dag.py:3324} INFO - Setting next_dagrun for tutorial_taskflow_api to None, run_after=None
[2022-10-04T03:31:01.215+0000] {processor.py:178} INFO - Processing /usr/local/lib/python3.10/dist-packages/airflow/example_dags/tutorial_taskflow_api.py took 0.093 seconds
[2022-10-04T03:31:42.049+0000] {processor.py:156} INFO - Started process (PID=9338) to work on /usr/local/lib/python3.10/dist-packages/airflow/example_dags/tutorial_taskflow_api.py
[2022-10-04T03:31:42.050+0000] {processor.py:758} INFO - Processing file /usr/local/lib/python3.10/dist-packages/airflow/example_dags/tutorial_taskflow_api.py for tasks to queue
[2022-10-04T03:31:42.050+0000] {logging_mixin.py:117} INFO - [2022-10-04T03:31:42.050+0000] {dagbag.py:525} INFO - Filling up the DagBag from /usr/local/lib/python3.10/dist-packages/airflow/example_dags/tutorial_taskflow_api.py
[2022-10-04T03:31:42.073+0000] {processor.py:768} INFO - DAG(s) dict_keys(['tutorial_taskflow_api']) retrieved from /usr/local/lib/python3.10/dist-packages/airflow/example_dags/tutorial_taskflow_api.py
[2022-10-04T03:31:42.103+0000] {logging_mixin.py:117} INFO - [2022-10-04T03:31:42.102+0000] {dag.py:2573} INFO - Sync 1 DAGs
[2022-10-04T03:31:42.126+0000] {logging_mixin.py:117} INFO - [2022-10-04T03:31:42.125+0000] {dag.py:3324} INFO - Setting next_dagrun for tutorial_taskflow_api to None, run_after=None
[2022-10-04T03:31:42.153+0000] {processor.py:178} INFO - Processing /usr/local/lib/python3.10/dist-packages/airflow/example_dags/tutorial_taskflow_api.py took 0.107 seconds
[2022-10-04T03:32:19.092+0000] {processor.py:156} INFO - Started process (PID=9391) to work on /usr/local/lib/python3.10/dist-packages/airflow/example_dags/tutorial_taskflow_api.py
[2022-10-04T03:32:19.093+0000] {processor.py:758} INFO - Processing file /usr/local/lib/python3.10/dist-packages/airflow/example_dags/tutorial_taskflow_api.py for tasks to queue
[2022-10-04T03:32:19.093+0000] {logging_mixin.py:117} INFO - [2022-10-04T03:32:19.093+0000] {dagbag.py:525} INFO - Filling up the DagBag from /usr/local/lib/python3.10/dist-packages/airflow/example_dags/tutorial_taskflow_api.py
[2022-10-04T03:32:19.117+0000] {processor.py:768} INFO - DAG(s) dict_keys(['tutorial_taskflow_api']) retrieved from /usr/local/lib/python3.10/dist-packages/airflow/example_dags/tutorial_taskflow_api.py
[2022-10-04T03:32:19.142+0000] {logging_mixin.py:117} INFO - [2022-10-04T03:32:19.141+0000] {dag.py:2573} INFO - Sync 1 DAGs
[2022-10-04T03:32:19.160+0000] {logging_mixin.py:117} INFO - [2022-10-04T03:32:19.160+0000] {dag.py:3324} INFO - Setting next_dagrun for tutorial_taskflow_api to None, run_after=None
[2022-10-04T03:32:19.184+0000] {processor.py:178} INFO - Processing /usr/local/lib/python3.10/dist-packages/airflow/example_dags/tutorial_taskflow_api.py took 0.096 seconds
[2022-10-04T03:32:54.887+0000] {processor.py:156} INFO - Started process (PID=9429) to work on /usr/local/lib/python3.10/dist-packages/airflow/example_dags/tutorial_taskflow_api.py
[2022-10-04T03:32:54.888+0000] {processor.py:758} INFO - Processing file /usr/local/lib/python3.10/dist-packages/airflow/example_dags/tutorial_taskflow_api.py for tasks to queue
[2022-10-04T03:32:54.889+0000] {logging_mixin.py:117} INFO - [2022-10-04T03:32:54.889+0000] {dagbag.py:525} INFO - Filling up the DagBag from /usr/local/lib/python3.10/dist-packages/airflow/example_dags/tutorial_taskflow_api.py
[2022-10-04T03:32:54.911+0000] {processor.py:768} INFO - DAG(s) dict_keys(['tutorial_taskflow_api']) retrieved from /usr/local/lib/python3.10/dist-packages/airflow/example_dags/tutorial_taskflow_api.py
[2022-10-04T03:32:54.934+0000] {logging_mixin.py:117} INFO - [2022-10-04T03:32:54.934+0000] {dag.py:2573} INFO - Sync 1 DAGs
[2022-10-04T03:32:54.951+0000] {logging_mixin.py:117} INFO - [2022-10-04T03:32:54.951+0000] {dag.py:3324} INFO - Setting next_dagrun for tutorial_taskflow_api to None, run_after=None
[2022-10-04T03:32:54.974+0000] {processor.py:178} INFO - Processing /usr/local/lib/python3.10/dist-packages/airflow/example_dags/tutorial_taskflow_api.py took 0.090 seconds
[2022-10-04T03:33:33.426+0000] {processor.py:156} INFO - Started process (PID=9468) to work on /usr/local/lib/python3.10/dist-packages/airflow/example_dags/tutorial_taskflow_api.py
[2022-10-04T03:33:33.427+0000] {processor.py:758} INFO - Processing file /usr/local/lib/python3.10/dist-packages/airflow/example_dags/tutorial_taskflow_api.py for tasks to queue
[2022-10-04T03:33:33.428+0000] {logging_mixin.py:117} INFO - [2022-10-04T03:33:33.428+0000] {dagbag.py:525} INFO - Filling up the DagBag from /usr/local/lib/python3.10/dist-packages/airflow/example_dags/tutorial_taskflow_api.py
[2022-10-04T03:33:33.452+0000] {processor.py:768} INFO - DAG(s) dict_keys(['tutorial_taskflow_api']) retrieved from /usr/local/lib/python3.10/dist-packages/airflow/example_dags/tutorial_taskflow_api.py
[2022-10-04T03:33:33.480+0000] {logging_mixin.py:117} INFO - [2022-10-04T03:33:33.480+0000] {dag.py:2573} INFO - Sync 1 DAGs
[2022-10-04T03:33:33.502+0000] {logging_mixin.py:117} INFO - [2022-10-04T03:33:33.502+0000] {dag.py:3324} INFO - Setting next_dagrun for tutorial_taskflow_api to None, run_after=None
[2022-10-04T03:33:33.528+0000] {processor.py:178} INFO - Processing /usr/local/lib/python3.10/dist-packages/airflow/example_dags/tutorial_taskflow_api.py took 0.105 seconds
[2022-10-04T03:34:07.130+0000] {processor.py:156} INFO - Started process (PID=9507) to work on /usr/local/lib/python3.10/dist-packages/airflow/example_dags/tutorial_taskflow_api.py
[2022-10-04T03:34:07.131+0000] {processor.py:758} INFO - Processing file /usr/local/lib/python3.10/dist-packages/airflow/example_dags/tutorial_taskflow_api.py for tasks to queue
[2022-10-04T03:34:07.132+0000] {logging_mixin.py:117} INFO - [2022-10-04T03:34:07.132+0000] {dagbag.py:525} INFO - Filling up the DagBag from /usr/local/lib/python3.10/dist-packages/airflow/example_dags/tutorial_taskflow_api.py
[2022-10-04T03:34:07.158+0000] {processor.py:768} INFO - DAG(s) dict_keys(['tutorial_taskflow_api']) retrieved from /usr/local/lib/python3.10/dist-packages/airflow/example_dags/tutorial_taskflow_api.py
[2022-10-04T03:34:07.194+0000] {logging_mixin.py:117} INFO - [2022-10-04T03:34:07.192+0000] {dag.py:2573} INFO - Sync 1 DAGs
[2022-10-04T03:34:07.220+0000] {logging_mixin.py:117} INFO - [2022-10-04T03:34:07.220+0000] {dag.py:3324} INFO - Setting next_dagrun for tutorial_taskflow_api to None, run_after=None
[2022-10-04T03:34:07.245+0000] {processor.py:178} INFO - Processing /usr/local/lib/python3.10/dist-packages/airflow/example_dags/tutorial_taskflow_api.py took 0.118 seconds
[2022-10-04T03:46:13.959+0000] {processor.py:156} INFO - Started process (PID=969) to work on /usr/local/lib/python3.10/dist-packages/airflow/example_dags/tutorial_taskflow_api.py
[2022-10-04T03:46:13.974+0000] {processor.py:758} INFO - Processing file /usr/local/lib/python3.10/dist-packages/airflow/example_dags/tutorial_taskflow_api.py for tasks to queue
[2022-10-04T03:46:13.975+0000] {logging_mixin.py:117} INFO - [2022-10-04T03:46:13.975+0000] {dagbag.py:525} INFO - Filling up the DagBag from /usr/local/lib/python3.10/dist-packages/airflow/example_dags/tutorial_taskflow_api.py
[2022-10-04T03:46:14.039+0000] {processor.py:768} INFO - DAG(s) dict_keys(['tutorial_taskflow_api']) retrieved from /usr/local/lib/python3.10/dist-packages/airflow/example_dags/tutorial_taskflow_api.py
[2022-10-04T03:46:14.089+0000] {logging_mixin.py:117} INFO - [2022-10-04T03:46:14.088+0000] {dag.py:2573} INFO - Sync 1 DAGs
[2022-10-04T03:46:14.174+0000] {logging_mixin.py:117} INFO - [2022-10-04T03:46:14.173+0000] {dag.py:3324} INFO - Setting next_dagrun for tutorial_taskflow_api to None, run_after=None
[2022-10-04T03:46:14.262+0000] {processor.py:178} INFO - Processing /usr/local/lib/python3.10/dist-packages/airflow/example_dags/tutorial_taskflow_api.py took 0.306 seconds
[2022-10-04T03:46:53.003+0000] {processor.py:156} INFO - Started process (PID=1013) to work on /usr/local/lib/python3.10/dist-packages/airflow/example_dags/tutorial_taskflow_api.py
[2022-10-04T03:46:53.004+0000] {processor.py:758} INFO - Processing file /usr/local/lib/python3.10/dist-packages/airflow/example_dags/tutorial_taskflow_api.py for tasks to queue
[2022-10-04T03:46:53.005+0000] {logging_mixin.py:117} INFO - [2022-10-04T03:46:53.005+0000] {dagbag.py:525} INFO - Filling up the DagBag from /usr/local/lib/python3.10/dist-packages/airflow/example_dags/tutorial_taskflow_api.py
[2022-10-04T03:46:53.026+0000] {processor.py:768} INFO - DAG(s) dict_keys(['tutorial_taskflow_api']) retrieved from /usr/local/lib/python3.10/dist-packages/airflow/example_dags/tutorial_taskflow_api.py
[2022-10-04T03:46:53.054+0000] {logging_mixin.py:117} INFO - [2022-10-04T03:46:53.054+0000] {dag.py:2573} INFO - Sync 1 DAGs
[2022-10-04T03:46:53.071+0000] {logging_mixin.py:117} INFO - [2022-10-04T03:46:53.071+0000] {dag.py:3324} INFO - Setting next_dagrun for tutorial_taskflow_api to None, run_after=None
[2022-10-04T03:46:53.093+0000] {processor.py:178} INFO - Processing /usr/local/lib/python3.10/dist-packages/airflow/example_dags/tutorial_taskflow_api.py took 0.093 seconds
[2022-10-04T03:47:32.461+0000] {processor.py:156} INFO - Started process (PID=1054) to work on /usr/local/lib/python3.10/dist-packages/airflow/example_dags/tutorial_taskflow_api.py
[2022-10-04T03:47:32.462+0000] {processor.py:758} INFO - Processing file /usr/local/lib/python3.10/dist-packages/airflow/example_dags/tutorial_taskflow_api.py for tasks to queue
[2022-10-04T03:47:32.463+0000] {logging_mixin.py:117} INFO - [2022-10-04T03:47:32.463+0000] {dagbag.py:525} INFO - Filling up the DagBag from /usr/local/lib/python3.10/dist-packages/airflow/example_dags/tutorial_taskflow_api.py
[2022-10-04T03:47:32.484+0000] {processor.py:768} INFO - DAG(s) dict_keys(['tutorial_taskflow_api']) retrieved from /usr/local/lib/python3.10/dist-packages/airflow/example_dags/tutorial_taskflow_api.py
[2022-10-04T03:47:32.509+0000] {logging_mixin.py:117} INFO - [2022-10-04T03:47:32.509+0000] {dag.py:2573} INFO - Sync 1 DAGs
[2022-10-04T03:47:32.526+0000] {logging_mixin.py:117} INFO - [2022-10-04T03:47:32.525+0000] {dag.py:3324} INFO - Setting next_dagrun for tutorial_taskflow_api to None, run_after=None
[2022-10-04T03:47:32.547+0000] {processor.py:178} INFO - Processing /usr/local/lib/python3.10/dist-packages/airflow/example_dags/tutorial_taskflow_api.py took 0.088 seconds
[2022-10-04T03:48:09.998+0000] {processor.py:156} INFO - Started process (PID=1157) to work on /usr/local/lib/python3.10/dist-packages/airflow/example_dags/tutorial_taskflow_api.py
[2022-10-04T03:48:09.999+0000] {processor.py:758} INFO - Processing file /usr/local/lib/python3.10/dist-packages/airflow/example_dags/tutorial_taskflow_api.py for tasks to queue
[2022-10-04T03:48:10.006+0000] {logging_mixin.py:117} INFO - [2022-10-04T03:48:10.006+0000] {dagbag.py:525} INFO - Filling up the DagBag from /usr/local/lib/python3.10/dist-packages/airflow/example_dags/tutorial_taskflow_api.py
[2022-10-04T03:48:10.031+0000] {processor.py:768} INFO - DAG(s) dict_keys(['tutorial_taskflow_api']) retrieved from /usr/local/lib/python3.10/dist-packages/airflow/example_dags/tutorial_taskflow_api.py
[2022-10-04T03:48:10.057+0000] {logging_mixin.py:117} INFO - [2022-10-04T03:48:10.057+0000] {dag.py:2573} INFO - Sync 1 DAGs
[2022-10-04T03:48:10.075+0000] {logging_mixin.py:117} INFO - [2022-10-04T03:48:10.075+0000] {dag.py:3324} INFO - Setting next_dagrun for tutorial_taskflow_api to None, run_after=None
[2022-10-04T03:48:10.100+0000] {processor.py:178} INFO - Processing /usr/local/lib/python3.10/dist-packages/airflow/example_dags/tutorial_taskflow_api.py took 0.106 seconds
[2022-10-04T03:48:49.936+0000] {processor.py:156} INFO - Started process (PID=1197) to work on /usr/local/lib/python3.10/dist-packages/airflow/example_dags/tutorial_taskflow_api.py
[2022-10-04T03:48:49.938+0000] {processor.py:758} INFO - Processing file /usr/local/lib/python3.10/dist-packages/airflow/example_dags/tutorial_taskflow_api.py for tasks to queue
[2022-10-04T03:48:49.938+0000] {logging_mixin.py:117} INFO - [2022-10-04T03:48:49.938+0000] {dagbag.py:525} INFO - Filling up the DagBag from /usr/local/lib/python3.10/dist-packages/airflow/example_dags/tutorial_taskflow_api.py
[2022-10-04T03:48:49.961+0000] {processor.py:768} INFO - DAG(s) dict_keys(['tutorial_taskflow_api']) retrieved from /usr/local/lib/python3.10/dist-packages/airflow/example_dags/tutorial_taskflow_api.py
[2022-10-04T03:48:49.986+0000] {logging_mixin.py:117} INFO - [2022-10-04T03:48:49.986+0000] {dag.py:2573} INFO - Sync 1 DAGs
[2022-10-04T03:48:50.015+0000] {logging_mixin.py:117} INFO - [2022-10-04T03:48:50.015+0000] {dag.py:3324} INFO - Setting next_dagrun for tutorial_taskflow_api to None, run_after=None
[2022-10-04T03:48:50.039+0000] {processor.py:178} INFO - Processing /usr/local/lib/python3.10/dist-packages/airflow/example_dags/tutorial_taskflow_api.py took 0.105 seconds
[2022-10-04T03:49:33.982+0000] {processor.py:156} INFO - Started process (PID=1242) to work on /usr/local/lib/python3.10/dist-packages/airflow/example_dags/tutorial_taskflow_api.py
[2022-10-04T03:49:33.984+0000] {processor.py:758} INFO - Processing file /usr/local/lib/python3.10/dist-packages/airflow/example_dags/tutorial_taskflow_api.py for tasks to queue
[2022-10-04T03:49:33.984+0000] {logging_mixin.py:117} INFO - [2022-10-04T03:49:33.984+0000] {dagbag.py:525} INFO - Filling up the DagBag from /usr/local/lib/python3.10/dist-packages/airflow/example_dags/tutorial_taskflow_api.py
[2022-10-04T03:49:34.015+0000] {processor.py:768} INFO - DAG(s) dict_keys(['tutorial_taskflow_api']) retrieved from /usr/local/lib/python3.10/dist-packages/airflow/example_dags/tutorial_taskflow_api.py
[2022-10-04T03:49:34.031+0000] {logging_mixin.py:117} INFO - [2022-10-04T03:49:34.031+0000] {dag.py:2573} INFO - Sync 1 DAGs
[2022-10-04T03:49:34.068+0000] {logging_mixin.py:117} INFO - [2022-10-04T03:49:34.067+0000] {dag.py:3324} INFO - Setting next_dagrun for tutorial_taskflow_api to None, run_after=None
[2022-10-04T03:49:34.115+0000] {processor.py:178} INFO - Processing /usr/local/lib/python3.10/dist-packages/airflow/example_dags/tutorial_taskflow_api.py took 0.136 seconds
[2022-10-04T03:50:18.882+0000] {processor.py:156} INFO - Started process (PID=1287) to work on /usr/local/lib/python3.10/dist-packages/airflow/example_dags/tutorial_taskflow_api.py
[2022-10-04T03:50:18.884+0000] {processor.py:758} INFO - Processing file /usr/local/lib/python3.10/dist-packages/airflow/example_dags/tutorial_taskflow_api.py for tasks to queue
[2022-10-04T03:50:18.884+0000] {logging_mixin.py:117} INFO - [2022-10-04T03:50:18.884+0000] {dagbag.py:525} INFO - Filling up the DagBag from /usr/local/lib/python3.10/dist-packages/airflow/example_dags/tutorial_taskflow_api.py
[2022-10-04T03:50:18.908+0000] {processor.py:768} INFO - DAG(s) dict_keys(['tutorial_taskflow_api']) retrieved from /usr/local/lib/python3.10/dist-packages/airflow/example_dags/tutorial_taskflow_api.py
[2022-10-04T03:50:18.936+0000] {logging_mixin.py:117} INFO - [2022-10-04T03:50:18.936+0000] {dag.py:2573} INFO - Sync 1 DAGs
[2022-10-04T03:50:18.955+0000] {logging_mixin.py:117} INFO - [2022-10-04T03:50:18.955+0000] {dag.py:3324} INFO - Setting next_dagrun for tutorial_taskflow_api to None, run_after=None
[2022-10-04T03:50:18.976+0000] {processor.py:178} INFO - Processing /usr/local/lib/python3.10/dist-packages/airflow/example_dags/tutorial_taskflow_api.py took 0.097 seconds
[2022-10-04T03:50:56.961+0000] {processor.py:156} INFO - Started process (PID=1331) to work on /usr/local/lib/python3.10/dist-packages/airflow/example_dags/tutorial_taskflow_api.py
[2022-10-04T03:50:56.962+0000] {processor.py:758} INFO - Processing file /usr/local/lib/python3.10/dist-packages/airflow/example_dags/tutorial_taskflow_api.py for tasks to queue
[2022-10-04T03:50:56.963+0000] {logging_mixin.py:117} INFO - [2022-10-04T03:50:56.963+0000] {dagbag.py:525} INFO - Filling up the DagBag from /usr/local/lib/python3.10/dist-packages/airflow/example_dags/tutorial_taskflow_api.py
[2022-10-04T03:50:56.986+0000] {processor.py:768} INFO - DAG(s) dict_keys(['tutorial_taskflow_api']) retrieved from /usr/local/lib/python3.10/dist-packages/airflow/example_dags/tutorial_taskflow_api.py
[2022-10-04T03:50:57.013+0000] {logging_mixin.py:117} INFO - [2022-10-04T03:50:57.013+0000] {dag.py:2573} INFO - Sync 1 DAGs
[2022-10-04T03:50:57.031+0000] {logging_mixin.py:117} INFO - [2022-10-04T03:50:57.031+0000] {dag.py:3324} INFO - Setting next_dagrun for tutorial_taskflow_api to None, run_after=None
[2022-10-04T03:50:57.053+0000] {processor.py:178} INFO - Processing /usr/local/lib/python3.10/dist-packages/airflow/example_dags/tutorial_taskflow_api.py took 0.094 seconds
[2022-10-04T03:51:35.724+0000] {processor.py:156} INFO - Started process (PID=1368) to work on /usr/local/lib/python3.10/dist-packages/airflow/example_dags/tutorial_taskflow_api.py
[2022-10-04T03:51:35.725+0000] {processor.py:758} INFO - Processing file /usr/local/lib/python3.10/dist-packages/airflow/example_dags/tutorial_taskflow_api.py for tasks to queue
[2022-10-04T03:51:35.726+0000] {logging_mixin.py:117} INFO - [2022-10-04T03:51:35.726+0000] {dagbag.py:525} INFO - Filling up the DagBag from /usr/local/lib/python3.10/dist-packages/airflow/example_dags/tutorial_taskflow_api.py
[2022-10-04T03:51:35.750+0000] {processor.py:768} INFO - DAG(s) dict_keys(['tutorial_taskflow_api']) retrieved from /usr/local/lib/python3.10/dist-packages/airflow/example_dags/tutorial_taskflow_api.py
[2022-10-04T03:51:35.777+0000] {logging_mixin.py:117} INFO - [2022-10-04T03:51:35.777+0000] {dag.py:2573} INFO - Sync 1 DAGs
[2022-10-04T03:51:35.796+0000] {logging_mixin.py:117} INFO - [2022-10-04T03:51:35.796+0000] {dag.py:3324} INFO - Setting next_dagrun for tutorial_taskflow_api to None, run_after=None
[2022-10-04T03:51:35.820+0000] {processor.py:178} INFO - Processing /usr/local/lib/python3.10/dist-packages/airflow/example_dags/tutorial_taskflow_api.py took 0.099 seconds
[2022-10-04T03:52:13.250+0000] {processor.py:156} INFO - Started process (PID=1405) to work on /usr/local/lib/python3.10/dist-packages/airflow/example_dags/tutorial_taskflow_api.py
[2022-10-04T03:52:13.251+0000] {processor.py:758} INFO - Processing file /usr/local/lib/python3.10/dist-packages/airflow/example_dags/tutorial_taskflow_api.py for tasks to queue
[2022-10-04T03:52:13.252+0000] {logging_mixin.py:117} INFO - [2022-10-04T03:52:13.252+0000] {dagbag.py:525} INFO - Filling up the DagBag from /usr/local/lib/python3.10/dist-packages/airflow/example_dags/tutorial_taskflow_api.py
[2022-10-04T03:52:13.278+0000] {processor.py:768} INFO - DAG(s) dict_keys(['tutorial_taskflow_api']) retrieved from /usr/local/lib/python3.10/dist-packages/airflow/example_dags/tutorial_taskflow_api.py
[2022-10-04T03:52:13.305+0000] {logging_mixin.py:117} INFO - [2022-10-04T03:52:13.305+0000] {dag.py:2573} INFO - Sync 1 DAGs
[2022-10-04T03:52:13.324+0000] {logging_mixin.py:117} INFO - [2022-10-04T03:52:13.323+0000] {dag.py:3324} INFO - Setting next_dagrun for tutorial_taskflow_api to None, run_after=None
[2022-10-04T03:52:13.349+0000] {processor.py:178} INFO - Processing /usr/local/lib/python3.10/dist-packages/airflow/example_dags/tutorial_taskflow_api.py took 0.103 seconds
[2022-10-04T03:52:52.096+0000] {processor.py:156} INFO - Started process (PID=1441) to work on /usr/local/lib/python3.10/dist-packages/airflow/example_dags/tutorial_taskflow_api.py
[2022-10-04T03:52:52.097+0000] {processor.py:758} INFO - Processing file /usr/local/lib/python3.10/dist-packages/airflow/example_dags/tutorial_taskflow_api.py for tasks to queue
[2022-10-04T03:52:52.097+0000] {logging_mixin.py:117} INFO - [2022-10-04T03:52:52.097+0000] {dagbag.py:525} INFO - Filling up the DagBag from /usr/local/lib/python3.10/dist-packages/airflow/example_dags/tutorial_taskflow_api.py
[2022-10-04T03:52:52.121+0000] {processor.py:768} INFO - DAG(s) dict_keys(['tutorial_taskflow_api']) retrieved from /usr/local/lib/python3.10/dist-packages/airflow/example_dags/tutorial_taskflow_api.py
[2022-10-04T03:52:52.151+0000] {logging_mixin.py:117} INFO - [2022-10-04T03:52:52.151+0000] {dag.py:2573} INFO - Sync 1 DAGs
[2022-10-04T03:52:52.190+0000] {logging_mixin.py:117} INFO - [2022-10-04T03:52:52.190+0000] {dag.py:3324} INFO - Setting next_dagrun for tutorial_taskflow_api to None, run_after=None
[2022-10-04T03:52:52.228+0000] {processor.py:178} INFO - Processing /usr/local/lib/python3.10/dist-packages/airflow/example_dags/tutorial_taskflow_api.py took 0.136 seconds
[2022-10-04T03:53:29.989+0000] {processor.py:156} INFO - Started process (PID=1479) to work on /usr/local/lib/python3.10/dist-packages/airflow/example_dags/tutorial_taskflow_api.py
[2022-10-04T03:53:29.990+0000] {processor.py:758} INFO - Processing file /usr/local/lib/python3.10/dist-packages/airflow/example_dags/tutorial_taskflow_api.py for tasks to queue
[2022-10-04T03:53:29.991+0000] {logging_mixin.py:117} INFO - [2022-10-04T03:53:29.991+0000] {dagbag.py:525} INFO - Filling up the DagBag from /usr/local/lib/python3.10/dist-packages/airflow/example_dags/tutorial_taskflow_api.py
[2022-10-04T03:53:30.024+0000] {processor.py:768} INFO - DAG(s) dict_keys(['tutorial_taskflow_api']) retrieved from /usr/local/lib/python3.10/dist-packages/airflow/example_dags/tutorial_taskflow_api.py
[2022-10-04T03:53:30.054+0000] {logging_mixin.py:117} INFO - [2022-10-04T03:53:30.053+0000] {dag.py:2573} INFO - Sync 1 DAGs
[2022-10-04T03:53:30.075+0000] {logging_mixin.py:117} INFO - [2022-10-04T03:53:30.075+0000] {dag.py:3324} INFO - Setting next_dagrun for tutorial_taskflow_api to None, run_after=None
[2022-10-04T03:53:30.100+0000] {processor.py:178} INFO - Processing /usr/local/lib/python3.10/dist-packages/airflow/example_dags/tutorial_taskflow_api.py took 0.115 seconds
[2022-10-04T03:54:06.705+0000] {processor.py:156} INFO - Started process (PID=1522) to work on /usr/local/lib/python3.10/dist-packages/airflow/example_dags/tutorial_taskflow_api.py
[2022-10-04T03:54:06.707+0000] {processor.py:758} INFO - Processing file /usr/local/lib/python3.10/dist-packages/airflow/example_dags/tutorial_taskflow_api.py for tasks to queue
[2022-10-04T03:54:06.708+0000] {logging_mixin.py:117} INFO - [2022-10-04T03:54:06.707+0000] {dagbag.py:525} INFO - Filling up the DagBag from /usr/local/lib/python3.10/dist-packages/airflow/example_dags/tutorial_taskflow_api.py
[2022-10-04T03:54:06.732+0000] {processor.py:768} INFO - DAG(s) dict_keys(['tutorial_taskflow_api']) retrieved from /usr/local/lib/python3.10/dist-packages/airflow/example_dags/tutorial_taskflow_api.py
[2022-10-04T03:54:06.766+0000] {logging_mixin.py:117} INFO - [2022-10-04T03:54:06.766+0000] {dag.py:2573} INFO - Sync 1 DAGs
[2022-10-04T03:54:06.787+0000] {logging_mixin.py:117} INFO - [2022-10-04T03:54:06.787+0000] {dag.py:3324} INFO - Setting next_dagrun for tutorial_taskflow_api to None, run_after=None
[2022-10-04T03:54:06.814+0000] {processor.py:178} INFO - Processing /usr/local/lib/python3.10/dist-packages/airflow/example_dags/tutorial_taskflow_api.py took 0.112 seconds
[2022-10-04T03:54:44.648+0000] {processor.py:156} INFO - Started process (PID=1580) to work on /usr/local/lib/python3.10/dist-packages/airflow/example_dags/tutorial_taskflow_api.py
[2022-10-04T03:54:44.661+0000] {processor.py:758} INFO - Processing file /usr/local/lib/python3.10/dist-packages/airflow/example_dags/tutorial_taskflow_api.py for tasks to queue
[2022-10-04T03:54:44.662+0000] {logging_mixin.py:117} INFO - [2022-10-04T03:54:44.662+0000] {dagbag.py:525} INFO - Filling up the DagBag from /usr/local/lib/python3.10/dist-packages/airflow/example_dags/tutorial_taskflow_api.py
[2022-10-04T03:54:44.726+0000] {processor.py:768} INFO - DAG(s) dict_keys(['tutorial_taskflow_api']) retrieved from /usr/local/lib/python3.10/dist-packages/airflow/example_dags/tutorial_taskflow_api.py
[2022-10-04T03:54:44.759+0000] {logging_mixin.py:117} INFO - [2022-10-04T03:54:44.759+0000] {dag.py:2573} INFO - Sync 1 DAGs
[2022-10-04T03:54:44.812+0000] {logging_mixin.py:117} INFO - [2022-10-04T03:54:44.811+0000] {dag.py:3324} INFO - Setting next_dagrun for tutorial_taskflow_api to None, run_after=None
[2022-10-04T03:54:44.875+0000] {processor.py:178} INFO - Processing /usr/local/lib/python3.10/dist-packages/airflow/example_dags/tutorial_taskflow_api.py took 0.247 seconds
[2022-10-04T04:35:31.993+0000] {processor.py:156} INFO - Started process (PID=1775) to work on /usr/local/lib/python3.10/dist-packages/airflow/example_dags/tutorial_taskflow_api.py
[2022-10-04T04:35:31.995+0000] {processor.py:758} INFO - Processing file /usr/local/lib/python3.10/dist-packages/airflow/example_dags/tutorial_taskflow_api.py for tasks to queue
[2022-10-04T04:35:31.995+0000] {logging_mixin.py:117} INFO - [2022-10-04T04:35:31.995+0000] {dagbag.py:525} INFO - Filling up the DagBag from /usr/local/lib/python3.10/dist-packages/airflow/example_dags/tutorial_taskflow_api.py
[2022-10-04T04:35:32.024+0000] {processor.py:768} INFO - DAG(s) dict_keys(['tutorial_taskflow_api']) retrieved from /usr/local/lib/python3.10/dist-packages/airflow/example_dags/tutorial_taskflow_api.py
[2022-10-04T04:35:32.055+0000] {logging_mixin.py:117} INFO - [2022-10-04T04:35:32.055+0000] {dag.py:2573} INFO - Sync 1 DAGs
[2022-10-04T04:35:32.081+0000] {logging_mixin.py:117} INFO - [2022-10-04T04:35:32.081+0000] {dag.py:3324} INFO - Setting next_dagrun for tutorial_taskflow_api to None, run_after=None
[2022-10-04T04:35:32.162+0000] {processor.py:178} INFO - Processing /usr/local/lib/python3.10/dist-packages/airflow/example_dags/tutorial_taskflow_api.py took 0.172 seconds
[2022-10-04T04:36:13.321+0000] {processor.py:156} INFO - Started process (PID=1818) to work on /usr/local/lib/python3.10/dist-packages/airflow/example_dags/tutorial_taskflow_api.py
[2022-10-04T04:36:13.322+0000] {processor.py:758} INFO - Processing file /usr/local/lib/python3.10/dist-packages/airflow/example_dags/tutorial_taskflow_api.py for tasks to queue
[2022-10-04T04:36:13.323+0000] {logging_mixin.py:117} INFO - [2022-10-04T04:36:13.323+0000] {dagbag.py:525} INFO - Filling up the DagBag from /usr/local/lib/python3.10/dist-packages/airflow/example_dags/tutorial_taskflow_api.py
[2022-10-04T04:36:13.348+0000] {processor.py:768} INFO - DAG(s) dict_keys(['tutorial_taskflow_api']) retrieved from /usr/local/lib/python3.10/dist-packages/airflow/example_dags/tutorial_taskflow_api.py
[2022-10-04T04:36:13.376+0000] {logging_mixin.py:117} INFO - [2022-10-04T04:36:13.376+0000] {dag.py:2573} INFO - Sync 1 DAGs
[2022-10-04T04:36:13.395+0000] {logging_mixin.py:117} INFO - [2022-10-04T04:36:13.395+0000] {dag.py:3324} INFO - Setting next_dagrun for tutorial_taskflow_api to None, run_after=None
[2022-10-04T04:36:13.417+0000] {processor.py:178} INFO - Processing /usr/local/lib/python3.10/dist-packages/airflow/example_dags/tutorial_taskflow_api.py took 0.103 seconds
[2022-10-04T04:37:11.174+0000] {processor.py:156} INFO - Started process (PID=1862) to work on /usr/local/lib/python3.10/dist-packages/airflow/example_dags/tutorial_taskflow_api.py
[2022-10-04T04:37:11.175+0000] {processor.py:758} INFO - Processing file /usr/local/lib/python3.10/dist-packages/airflow/example_dags/tutorial_taskflow_api.py for tasks to queue
[2022-10-04T04:37:11.175+0000] {logging_mixin.py:117} INFO - [2022-10-04T04:37:11.175+0000] {dagbag.py:525} INFO - Filling up the DagBag from /usr/local/lib/python3.10/dist-packages/airflow/example_dags/tutorial_taskflow_api.py
[2022-10-04T04:37:11.198+0000] {processor.py:768} INFO - DAG(s) dict_keys(['tutorial_taskflow_api']) retrieved from /usr/local/lib/python3.10/dist-packages/airflow/example_dags/tutorial_taskflow_api.py
[2022-10-04T04:37:11.210+0000] {logging_mixin.py:117} INFO - [2022-10-04T04:37:11.210+0000] {dag.py:2573} INFO - Sync 1 DAGs
[2022-10-04T04:37:11.229+0000] {logging_mixin.py:117} INFO - [2022-10-04T04:37:11.229+0000] {dag.py:3324} INFO - Setting next_dagrun for tutorial_taskflow_api to None, run_after=None
[2022-10-04T04:37:11.252+0000] {processor.py:178} INFO - Processing /usr/local/lib/python3.10/dist-packages/airflow/example_dags/tutorial_taskflow_api.py took 0.081 seconds
[2022-10-04T04:43:01.510+0000] {processor.py:156} INFO - Started process (PID=1969) to work on /usr/local/lib/python3.10/dist-packages/airflow/example_dags/tutorial_taskflow_api.py
[2022-10-04T04:43:01.513+0000] {processor.py:758} INFO - Processing file /usr/local/lib/python3.10/dist-packages/airflow/example_dags/tutorial_taskflow_api.py for tasks to queue
[2022-10-04T04:43:01.514+0000] {logging_mixin.py:117} INFO - [2022-10-04T04:43:01.514+0000] {dagbag.py:525} INFO - Filling up the DagBag from /usr/local/lib/python3.10/dist-packages/airflow/example_dags/tutorial_taskflow_api.py
[2022-10-04T04:43:01.582+0000] {processor.py:768} INFO - DAG(s) dict_keys(['tutorial_taskflow_api']) retrieved from /usr/local/lib/python3.10/dist-packages/airflow/example_dags/tutorial_taskflow_api.py
[2022-10-04T04:43:01.627+0000] {logging_mixin.py:117} INFO - [2022-10-04T04:43:01.626+0000] {dag.py:2573} INFO - Sync 1 DAGs
[2022-10-04T04:43:01.727+0000] {logging_mixin.py:117} INFO - [2022-10-04T04:43:01.727+0000] {dag.py:3324} INFO - Setting next_dagrun for tutorial_taskflow_api to None, run_after=None
[2022-10-04T04:43:01.781+0000] {processor.py:178} INFO - Processing /usr/local/lib/python3.10/dist-packages/airflow/example_dags/tutorial_taskflow_api.py took 0.275 seconds
[2022-10-04T04:45:48.016+0000] {processor.py:156} INFO - Started process (PID=1994) to work on /usr/local/lib/python3.10/dist-packages/airflow/example_dags/tutorial_taskflow_api.py
[2022-10-04T04:45:48.017+0000] {processor.py:758} INFO - Processing file /usr/local/lib/python3.10/dist-packages/airflow/example_dags/tutorial_taskflow_api.py for tasks to queue
[2022-10-04T04:45:48.018+0000] {logging_mixin.py:117} INFO - [2022-10-04T04:45:48.018+0000] {dagbag.py:525} INFO - Filling up the DagBag from /usr/local/lib/python3.10/dist-packages/airflow/example_dags/tutorial_taskflow_api.py
[2022-10-04T04:45:48.035+0000] {processor.py:768} INFO - DAG(s) dict_keys(['tutorial_taskflow_api']) retrieved from /usr/local/lib/python3.10/dist-packages/airflow/example_dags/tutorial_taskflow_api.py
[2022-10-04T04:45:48.061+0000] {logging_mixin.py:117} INFO - [2022-10-04T04:45:48.060+0000] {dag.py:2573} INFO - Sync 1 DAGs
[2022-10-04T04:45:48.085+0000] {logging_mixin.py:117} INFO - [2022-10-04T04:45:48.084+0000] {dag.py:3324} INFO - Setting next_dagrun for tutorial_taskflow_api to None, run_after=None
[2022-10-04T04:45:48.106+0000] {processor.py:178} INFO - Processing /usr/local/lib/python3.10/dist-packages/airflow/example_dags/tutorial_taskflow_api.py took 0.094 seconds
[2022-10-04T04:46:23.606+0000] {processor.py:156} INFO - Started process (PID=2032) to work on /usr/local/lib/python3.10/dist-packages/airflow/example_dags/tutorial_taskflow_api.py
[2022-10-04T04:46:23.608+0000] {processor.py:758} INFO - Processing file /usr/local/lib/python3.10/dist-packages/airflow/example_dags/tutorial_taskflow_api.py for tasks to queue
[2022-10-04T04:46:23.609+0000] {logging_mixin.py:117} INFO - [2022-10-04T04:46:23.608+0000] {dagbag.py:525} INFO - Filling up the DagBag from /usr/local/lib/python3.10/dist-packages/airflow/example_dags/tutorial_taskflow_api.py
[2022-10-04T04:46:23.633+0000] {processor.py:768} INFO - DAG(s) dict_keys(['tutorial_taskflow_api']) retrieved from /usr/local/lib/python3.10/dist-packages/airflow/example_dags/tutorial_taskflow_api.py
[2022-10-04T04:46:23.657+0000] {logging_mixin.py:117} INFO - [2022-10-04T04:46:23.657+0000] {dag.py:2573} INFO - Sync 1 DAGs
[2022-10-04T04:46:23.681+0000] {logging_mixin.py:117} INFO - [2022-10-04T04:46:23.681+0000] {dag.py:3324} INFO - Setting next_dagrun for tutorial_taskflow_api to None, run_after=None
[2022-10-04T04:46:23.707+0000] {processor.py:178} INFO - Processing /usr/local/lib/python3.10/dist-packages/airflow/example_dags/tutorial_taskflow_api.py took 0.104 seconds
[2022-10-04T04:47:02.907+0000] {processor.py:156} INFO - Started process (PID=2070) to work on /usr/local/lib/python3.10/dist-packages/airflow/example_dags/tutorial_taskflow_api.py
[2022-10-04T04:47:02.909+0000] {processor.py:758} INFO - Processing file /usr/local/lib/python3.10/dist-packages/airflow/example_dags/tutorial_taskflow_api.py for tasks to queue
[2022-10-04T04:47:02.910+0000] {logging_mixin.py:117} INFO - [2022-10-04T04:47:02.910+0000] {dagbag.py:525} INFO - Filling up the DagBag from /usr/local/lib/python3.10/dist-packages/airflow/example_dags/tutorial_taskflow_api.py
[2022-10-04T04:47:02.931+0000] {processor.py:768} INFO - DAG(s) dict_keys(['tutorial_taskflow_api']) retrieved from /usr/local/lib/python3.10/dist-packages/airflow/example_dags/tutorial_taskflow_api.py
[2022-10-04T04:47:02.955+0000] {logging_mixin.py:117} INFO - [2022-10-04T04:47:02.954+0000] {dag.py:2573} INFO - Sync 1 DAGs
[2022-10-04T04:47:02.973+0000] {logging_mixin.py:117} INFO - [2022-10-04T04:47:02.973+0000] {dag.py:3324} INFO - Setting next_dagrun for tutorial_taskflow_api to None, run_after=None
[2022-10-04T04:47:02.997+0000] {processor.py:178} INFO - Processing /usr/local/lib/python3.10/dist-packages/airflow/example_dags/tutorial_taskflow_api.py took 0.097 seconds
[2022-10-04T04:47:41.724+0000] {processor.py:156} INFO - Started process (PID=2107) to work on /usr/local/lib/python3.10/dist-packages/airflow/example_dags/tutorial_taskflow_api.py
[2022-10-04T04:47:41.729+0000] {processor.py:758} INFO - Processing file /usr/local/lib/python3.10/dist-packages/airflow/example_dags/tutorial_taskflow_api.py for tasks to queue
[2022-10-04T04:47:41.730+0000] {logging_mixin.py:117} INFO - [2022-10-04T04:47:41.730+0000] {dagbag.py:525} INFO - Filling up the DagBag from /usr/local/lib/python3.10/dist-packages/airflow/example_dags/tutorial_taskflow_api.py
[2022-10-04T04:47:41.775+0000] {processor.py:768} INFO - DAG(s) dict_keys(['tutorial_taskflow_api']) retrieved from /usr/local/lib/python3.10/dist-packages/airflow/example_dags/tutorial_taskflow_api.py
[2022-10-04T04:47:41.803+0000] {logging_mixin.py:117} INFO - [2022-10-04T04:47:41.803+0000] {dag.py:2573} INFO - Sync 1 DAGs
[2022-10-04T04:47:41.821+0000] {logging_mixin.py:117} INFO - [2022-10-04T04:47:41.821+0000] {dag.py:3324} INFO - Setting next_dagrun for tutorial_taskflow_api to None, run_after=None
[2022-10-04T04:47:41.846+0000] {processor.py:178} INFO - Processing /usr/local/lib/python3.10/dist-packages/airflow/example_dags/tutorial_taskflow_api.py took 0.130 seconds
[2022-10-04T04:48:19.145+0000] {processor.py:156} INFO - Started process (PID=2145) to work on /usr/local/lib/python3.10/dist-packages/airflow/example_dags/tutorial_taskflow_api.py
[2022-10-04T04:48:19.147+0000] {processor.py:758} INFO - Processing file /usr/local/lib/python3.10/dist-packages/airflow/example_dags/tutorial_taskflow_api.py for tasks to queue
[2022-10-04T04:48:19.147+0000] {logging_mixin.py:117} INFO - [2022-10-04T04:48:19.147+0000] {dagbag.py:525} INFO - Filling up the DagBag from /usr/local/lib/python3.10/dist-packages/airflow/example_dags/tutorial_taskflow_api.py
[2022-10-04T04:48:19.165+0000] {processor.py:768} INFO - DAG(s) dict_keys(['tutorial_taskflow_api']) retrieved from /usr/local/lib/python3.10/dist-packages/airflow/example_dags/tutorial_taskflow_api.py
[2022-10-04T04:48:19.189+0000] {logging_mixin.py:117} INFO - [2022-10-04T04:48:19.188+0000] {dag.py:2573} INFO - Sync 1 DAGs
[2022-10-04T04:48:19.206+0000] {logging_mixin.py:117} INFO - [2022-10-04T04:48:19.205+0000] {dag.py:3324} INFO - Setting next_dagrun for tutorial_taskflow_api to None, run_after=None
[2022-10-04T04:48:19.229+0000] {processor.py:178} INFO - Processing /usr/local/lib/python3.10/dist-packages/airflow/example_dags/tutorial_taskflow_api.py took 0.087 seconds
[2022-10-04T04:48:55.786+0000] {processor.py:156} INFO - Started process (PID=2182) to work on /usr/local/lib/python3.10/dist-packages/airflow/example_dags/tutorial_taskflow_api.py
[2022-10-04T04:48:55.787+0000] {processor.py:758} INFO - Processing file /usr/local/lib/python3.10/dist-packages/airflow/example_dags/tutorial_taskflow_api.py for tasks to queue
[2022-10-04T04:48:55.787+0000] {logging_mixin.py:117} INFO - [2022-10-04T04:48:55.787+0000] {dagbag.py:525} INFO - Filling up the DagBag from /usr/local/lib/python3.10/dist-packages/airflow/example_dags/tutorial_taskflow_api.py
[2022-10-04T04:48:55.805+0000] {processor.py:768} INFO - DAG(s) dict_keys(['tutorial_taskflow_api']) retrieved from /usr/local/lib/python3.10/dist-packages/airflow/example_dags/tutorial_taskflow_api.py
[2022-10-04T04:48:55.828+0000] {logging_mixin.py:117} INFO - [2022-10-04T04:48:55.828+0000] {dag.py:2573} INFO - Sync 1 DAGs
[2022-10-04T04:48:55.846+0000] {logging_mixin.py:117} INFO - [2022-10-04T04:48:55.846+0000] {dag.py:3324} INFO - Setting next_dagrun for tutorial_taskflow_api to None, run_after=None
[2022-10-04T04:48:55.874+0000] {processor.py:178} INFO - Processing /usr/local/lib/python3.10/dist-packages/airflow/example_dags/tutorial_taskflow_api.py took 0.092 seconds
[2022-10-04T04:49:30.842+0000] {processor.py:156} INFO - Started process (PID=2216) to work on /usr/local/lib/python3.10/dist-packages/airflow/example_dags/tutorial_taskflow_api.py
[2022-10-04T04:49:30.844+0000] {processor.py:758} INFO - Processing file /usr/local/lib/python3.10/dist-packages/airflow/example_dags/tutorial_taskflow_api.py for tasks to queue
[2022-10-04T04:49:30.844+0000] {logging_mixin.py:117} INFO - [2022-10-04T04:49:30.844+0000] {dagbag.py:525} INFO - Filling up the DagBag from /usr/local/lib/python3.10/dist-packages/airflow/example_dags/tutorial_taskflow_api.py
[2022-10-04T04:49:30.861+0000] {processor.py:768} INFO - DAG(s) dict_keys(['tutorial_taskflow_api']) retrieved from /usr/local/lib/python3.10/dist-packages/airflow/example_dags/tutorial_taskflow_api.py
[2022-10-04T04:49:30.882+0000] {logging_mixin.py:117} INFO - [2022-10-04T04:49:30.882+0000] {dag.py:2573} INFO - Sync 1 DAGs
[2022-10-04T04:49:30.899+0000] {logging_mixin.py:117} INFO - [2022-10-04T04:49:30.898+0000] {dag.py:3324} INFO - Setting next_dagrun for tutorial_taskflow_api to None, run_after=None
[2022-10-04T04:49:30.921+0000] {processor.py:178} INFO - Processing /usr/local/lib/python3.10/dist-packages/airflow/example_dags/tutorial_taskflow_api.py took 0.082 seconds
[2022-10-04T04:50:08.317+0000] {processor.py:156} INFO - Started process (PID=2254) to work on /usr/local/lib/python3.10/dist-packages/airflow/example_dags/tutorial_taskflow_api.py
[2022-10-04T04:50:08.318+0000] {processor.py:758} INFO - Processing file /usr/local/lib/python3.10/dist-packages/airflow/example_dags/tutorial_taskflow_api.py for tasks to queue
[2022-10-04T04:50:08.319+0000] {logging_mixin.py:117} INFO - [2022-10-04T04:50:08.319+0000] {dagbag.py:525} INFO - Filling up the DagBag from /usr/local/lib/python3.10/dist-packages/airflow/example_dags/tutorial_taskflow_api.py
[2022-10-04T04:50:08.336+0000] {processor.py:768} INFO - DAG(s) dict_keys(['tutorial_taskflow_api']) retrieved from /usr/local/lib/python3.10/dist-packages/airflow/example_dags/tutorial_taskflow_api.py
[2022-10-04T04:50:08.364+0000] {logging_mixin.py:117} INFO - [2022-10-04T04:50:08.364+0000] {dag.py:2573} INFO - Sync 1 DAGs
[2022-10-04T04:50:08.381+0000] {logging_mixin.py:117} INFO - [2022-10-04T04:50:08.381+0000] {dag.py:3324} INFO - Setting next_dagrun for tutorial_taskflow_api to None, run_after=None
[2022-10-04T04:50:08.405+0000] {processor.py:178} INFO - Processing /usr/local/lib/python3.10/dist-packages/airflow/example_dags/tutorial_taskflow_api.py took 0.092 seconds
[2022-10-04T04:50:43.256+0000] {processor.py:156} INFO - Started process (PID=2290) to work on /usr/local/lib/python3.10/dist-packages/airflow/example_dags/tutorial_taskflow_api.py
[2022-10-04T04:50:43.257+0000] {processor.py:758} INFO - Processing file /usr/local/lib/python3.10/dist-packages/airflow/example_dags/tutorial_taskflow_api.py for tasks to queue
[2022-10-04T04:50:43.258+0000] {logging_mixin.py:117} INFO - [2022-10-04T04:50:43.258+0000] {dagbag.py:525} INFO - Filling up the DagBag from /usr/local/lib/python3.10/dist-packages/airflow/example_dags/tutorial_taskflow_api.py
[2022-10-04T04:50:43.275+0000] {processor.py:768} INFO - DAG(s) dict_keys(['tutorial_taskflow_api']) retrieved from /usr/local/lib/python3.10/dist-packages/airflow/example_dags/tutorial_taskflow_api.py
[2022-10-04T04:50:43.295+0000] {logging_mixin.py:117} INFO - [2022-10-04T04:50:43.295+0000] {dag.py:2573} INFO - Sync 1 DAGs
[2022-10-04T04:50:43.309+0000] {logging_mixin.py:117} INFO - [2022-10-04T04:50:43.309+0000] {dag.py:3324} INFO - Setting next_dagrun for tutorial_taskflow_api to None, run_after=None
[2022-10-04T04:50:43.329+0000] {processor.py:178} INFO - Processing /usr/local/lib/python3.10/dist-packages/airflow/example_dags/tutorial_taskflow_api.py took 0.077 seconds
[2022-10-04T04:51:17.392+0000] {processor.py:156} INFO - Started process (PID=2325) to work on /usr/local/lib/python3.10/dist-packages/airflow/example_dags/tutorial_taskflow_api.py
[2022-10-04T04:51:17.393+0000] {processor.py:758} INFO - Processing file /usr/local/lib/python3.10/dist-packages/airflow/example_dags/tutorial_taskflow_api.py for tasks to queue
[2022-10-04T04:51:17.393+0000] {logging_mixin.py:117} INFO - [2022-10-04T04:51:17.393+0000] {dagbag.py:525} INFO - Filling up the DagBag from /usr/local/lib/python3.10/dist-packages/airflow/example_dags/tutorial_taskflow_api.py
[2022-10-04T04:51:17.415+0000] {processor.py:768} INFO - DAG(s) dict_keys(['tutorial_taskflow_api']) retrieved from /usr/local/lib/python3.10/dist-packages/airflow/example_dags/tutorial_taskflow_api.py
[2022-10-04T04:51:17.437+0000] {logging_mixin.py:117} INFO - [2022-10-04T04:51:17.437+0000] {dag.py:2573} INFO - Sync 1 DAGs
[2022-10-04T04:51:17.453+0000] {logging_mixin.py:117} INFO - [2022-10-04T04:51:17.452+0000] {dag.py:3324} INFO - Setting next_dagrun for tutorial_taskflow_api to None, run_after=None
[2022-10-04T04:51:17.476+0000] {processor.py:178} INFO - Processing /usr/local/lib/python3.10/dist-packages/airflow/example_dags/tutorial_taskflow_api.py took 0.087 seconds
[2022-10-04T04:51:56.423+0000] {processor.py:156} INFO - Started process (PID=2362) to work on /usr/local/lib/python3.10/dist-packages/airflow/example_dags/tutorial_taskflow_api.py
[2022-10-04T04:51:56.425+0000] {processor.py:758} INFO - Processing file /usr/local/lib/python3.10/dist-packages/airflow/example_dags/tutorial_taskflow_api.py for tasks to queue
[2022-10-04T04:51:56.426+0000] {logging_mixin.py:117} INFO - [2022-10-04T04:51:56.425+0000] {dagbag.py:525} INFO - Filling up the DagBag from /usr/local/lib/python3.10/dist-packages/airflow/example_dags/tutorial_taskflow_api.py
[2022-10-04T04:51:56.443+0000] {processor.py:768} INFO - DAG(s) dict_keys(['tutorial_taskflow_api']) retrieved from /usr/local/lib/python3.10/dist-packages/airflow/example_dags/tutorial_taskflow_api.py
[2022-10-04T04:51:56.464+0000] {logging_mixin.py:117} INFO - [2022-10-04T04:51:56.463+0000] {dag.py:2573} INFO - Sync 1 DAGs
[2022-10-04T04:51:56.478+0000] {logging_mixin.py:117} INFO - [2022-10-04T04:51:56.478+0000] {dag.py:3324} INFO - Setting next_dagrun for tutorial_taskflow_api to None, run_after=None
[2022-10-04T04:51:56.506+0000] {processor.py:178} INFO - Processing /usr/local/lib/python3.10/dist-packages/airflow/example_dags/tutorial_taskflow_api.py took 0.086 seconds
[2022-10-04T04:52:32.343+0000] {processor.py:156} INFO - Started process (PID=2398) to work on /usr/local/lib/python3.10/dist-packages/airflow/example_dags/tutorial_taskflow_api.py
[2022-10-04T04:52:32.345+0000] {processor.py:758} INFO - Processing file /usr/local/lib/python3.10/dist-packages/airflow/example_dags/tutorial_taskflow_api.py for tasks to queue
[2022-10-04T04:52:32.345+0000] {logging_mixin.py:117} INFO - [2022-10-04T04:52:32.345+0000] {dagbag.py:525} INFO - Filling up the DagBag from /usr/local/lib/python3.10/dist-packages/airflow/example_dags/tutorial_taskflow_api.py
[2022-10-04T04:52:32.364+0000] {processor.py:768} INFO - DAG(s) dict_keys(['tutorial_taskflow_api']) retrieved from /usr/local/lib/python3.10/dist-packages/airflow/example_dags/tutorial_taskflow_api.py
[2022-10-04T04:52:32.387+0000] {logging_mixin.py:117} INFO - [2022-10-04T04:52:32.387+0000] {dag.py:2573} INFO - Sync 1 DAGs
[2022-10-04T04:52:32.402+0000] {logging_mixin.py:117} INFO - [2022-10-04T04:52:32.402+0000] {dag.py:3324} INFO - Setting next_dagrun for tutorial_taskflow_api to None, run_after=None
[2022-10-04T04:52:32.424+0000] {processor.py:178} INFO - Processing /usr/local/lib/python3.10/dist-packages/airflow/example_dags/tutorial_taskflow_api.py took 0.085 seconds
[2022-10-04T04:53:06.579+0000] {processor.py:156} INFO - Started process (PID=2433) to work on /usr/local/lib/python3.10/dist-packages/airflow/example_dags/tutorial_taskflow_api.py
[2022-10-04T04:53:06.581+0000] {processor.py:758} INFO - Processing file /usr/local/lib/python3.10/dist-packages/airflow/example_dags/tutorial_taskflow_api.py for tasks to queue
[2022-10-04T04:53:06.582+0000] {logging_mixin.py:117} INFO - [2022-10-04T04:53:06.582+0000] {dagbag.py:525} INFO - Filling up the DagBag from /usr/local/lib/python3.10/dist-packages/airflow/example_dags/tutorial_taskflow_api.py
[2022-10-04T04:53:06.648+0000] {processor.py:768} INFO - DAG(s) dict_keys(['tutorial_taskflow_api']) retrieved from /usr/local/lib/python3.10/dist-packages/airflow/example_dags/tutorial_taskflow_api.py
[2022-10-04T04:53:06.697+0000] {logging_mixin.py:117} INFO - [2022-10-04T04:53:06.697+0000] {dag.py:2573} INFO - Sync 1 DAGs
[2022-10-04T04:53:06.737+0000] {logging_mixin.py:117} INFO - [2022-10-04T04:53:06.736+0000] {dag.py:3324} INFO - Setting next_dagrun for tutorial_taskflow_api to None, run_after=None
[2022-10-04T04:53:06.779+0000] {processor.py:178} INFO - Processing /usr/local/lib/python3.10/dist-packages/airflow/example_dags/tutorial_taskflow_api.py took 0.211 seconds
[2022-10-04T04:53:44.103+0000] {processor.py:156} INFO - Started process (PID=2469) to work on /usr/local/lib/python3.10/dist-packages/airflow/example_dags/tutorial_taskflow_api.py
[2022-10-04T04:53:44.105+0000] {processor.py:758} INFO - Processing file /usr/local/lib/python3.10/dist-packages/airflow/example_dags/tutorial_taskflow_api.py for tasks to queue
[2022-10-04T04:53:44.105+0000] {logging_mixin.py:117} INFO - [2022-10-04T04:53:44.105+0000] {dagbag.py:525} INFO - Filling up the DagBag from /usr/local/lib/python3.10/dist-packages/airflow/example_dags/tutorial_taskflow_api.py
[2022-10-04T04:53:44.123+0000] {processor.py:768} INFO - DAG(s) dict_keys(['tutorial_taskflow_api']) retrieved from /usr/local/lib/python3.10/dist-packages/airflow/example_dags/tutorial_taskflow_api.py
[2022-10-04T04:53:44.144+0000] {logging_mixin.py:117} INFO - [2022-10-04T04:53:44.144+0000] {dag.py:2573} INFO - Sync 1 DAGs
[2022-10-04T04:53:44.160+0000] {logging_mixin.py:117} INFO - [2022-10-04T04:53:44.160+0000] {dag.py:3324} INFO - Setting next_dagrun for tutorial_taskflow_api to None, run_after=None
[2022-10-04T04:53:44.183+0000] {processor.py:178} INFO - Processing /usr/local/lib/python3.10/dist-packages/airflow/example_dags/tutorial_taskflow_api.py took 0.083 seconds
[2022-10-04T04:54:19.576+0000] {processor.py:156} INFO - Started process (PID=2506) to work on /usr/local/lib/python3.10/dist-packages/airflow/example_dags/tutorial_taskflow_api.py
[2022-10-04T04:54:19.578+0000] {processor.py:758} INFO - Processing file /usr/local/lib/python3.10/dist-packages/airflow/example_dags/tutorial_taskflow_api.py for tasks to queue
[2022-10-04T04:54:19.579+0000] {logging_mixin.py:117} INFO - [2022-10-04T04:54:19.579+0000] {dagbag.py:525} INFO - Filling up the DagBag from /usr/local/lib/python3.10/dist-packages/airflow/example_dags/tutorial_taskflow_api.py
[2022-10-04T04:54:19.621+0000] {processor.py:768} INFO - DAG(s) dict_keys(['tutorial_taskflow_api']) retrieved from /usr/local/lib/python3.10/dist-packages/airflow/example_dags/tutorial_taskflow_api.py
[2022-10-04T04:54:19.659+0000] {logging_mixin.py:117} INFO - [2022-10-04T04:54:19.659+0000] {dag.py:2573} INFO - Sync 1 DAGs
[2022-10-04T04:54:19.748+0000] {logging_mixin.py:117} INFO - [2022-10-04T04:54:19.748+0000] {dag.py:3324} INFO - Setting next_dagrun for tutorial_taskflow_api to None, run_after=None
[2022-10-04T04:54:19.862+0000] {processor.py:178} INFO - Processing /usr/local/lib/python3.10/dist-packages/airflow/example_dags/tutorial_taskflow_api.py took 0.290 seconds
