[2022-10-04T03:09:28.252+0000] {processor.py:156} INFO - Started process (PID=7704) to work on /usr/local/lib/python3.10/dist-packages/airflow/example_dags/tutorial.py
[2022-10-04T03:09:28.252+0000] {processor.py:758} INFO - Processing file /usr/local/lib/python3.10/dist-packages/airflow/example_dags/tutorial.py for tasks to queue
[2022-10-04T03:09:28.253+0000] {logging_mixin.py:117} INFO - [2022-10-04T03:09:28.253+0000] {dagbag.py:525} INFO - Filling up the DagBag from /usr/local/lib/python3.10/dist-packages/airflow/example_dags/tutorial.py
[2022-10-04T03:09:28.269+0000] {processor.py:768} INFO - DAG(s) dict_keys(['tutorial']) retrieved from /usr/local/lib/python3.10/dist-packages/airflow/example_dags/tutorial.py
[2022-10-04T03:09:28.376+0000] {logging_mixin.py:117} INFO - [2022-10-04T03:09:28.376+0000] {manager.py:508} INFO - Created Permission View: can read on DAG:tutorial
[2022-10-04T03:09:28.389+0000] {logging_mixin.py:117} INFO - [2022-10-04T03:09:28.388+0000] {manager.py:508} INFO - Created Permission View: can delete on DAG:tutorial
[2022-10-04T03:09:28.401+0000] {logging_mixin.py:117} INFO - [2022-10-04T03:09:28.401+0000] {manager.py:508} INFO - Created Permission View: can edit on DAG:tutorial
[2022-10-04T03:09:28.401+0000] {logging_mixin.py:117} INFO - [2022-10-04T03:09:28.401+0000] {dag.py:2573} INFO - Sync 1 DAGs
[2022-10-04T03:09:28.413+0000] {logging_mixin.py:117} INFO - [2022-10-04T03:09:28.413+0000] {dag.py:2594} INFO - Creating ORM DAG for tutorial
[2022-10-04T03:09:28.422+0000] {logging_mixin.py:117} INFO - [2022-10-04T03:09:28.421+0000] {dag.py:3324} INFO - Setting next_dagrun for tutorial to 2022-10-03T03:09:28.421735+00:00, run_after=2022-10-04T03:09:28.421735+00:00
[2022-10-04T03:09:28.446+0000] {processor.py:178} INFO - Processing /usr/local/lib/python3.10/dist-packages/airflow/example_dags/tutorial.py took 0.197 seconds
[2022-10-04T03:10:06.538+0000] {processor.py:156} INFO - Started process (PID=7751) to work on /usr/local/lib/python3.10/dist-packages/airflow/example_dags/tutorial.py
[2022-10-04T03:10:06.539+0000] {processor.py:758} INFO - Processing file /usr/local/lib/python3.10/dist-packages/airflow/example_dags/tutorial.py for tasks to queue
[2022-10-04T03:10:06.540+0000] {logging_mixin.py:117} INFO - [2022-10-04T03:10:06.540+0000] {dagbag.py:525} INFO - Filling up the DagBag from /usr/local/lib/python3.10/dist-packages/airflow/example_dags/tutorial.py
[2022-10-04T03:10:06.555+0000] {processor.py:768} INFO - DAG(s) dict_keys(['tutorial']) retrieved from /usr/local/lib/python3.10/dist-packages/airflow/example_dags/tutorial.py
[2022-10-04T03:10:06.580+0000] {logging_mixin.py:117} INFO - [2022-10-04T03:10:06.579+0000] {dag.py:2573} INFO - Sync 1 DAGs
[2022-10-04T03:10:06.598+0000] {logging_mixin.py:117} INFO - [2022-10-04T03:10:06.598+0000] {dag.py:3324} INFO - Setting next_dagrun for tutorial to 2022-10-03T03:10:06.598467+00:00, run_after=2022-10-04T03:10:06.598467+00:00
[2022-10-04T03:10:06.624+0000] {processor.py:178} INFO - Processing /usr/local/lib/python3.10/dist-packages/airflow/example_dags/tutorial.py took 0.089 seconds
[2022-10-04T03:10:48.982+0000] {processor.py:156} INFO - Started process (PID=7791) to work on /usr/local/lib/python3.10/dist-packages/airflow/example_dags/tutorial.py
[2022-10-04T03:10:48.983+0000] {processor.py:758} INFO - Processing file /usr/local/lib/python3.10/dist-packages/airflow/example_dags/tutorial.py for tasks to queue
[2022-10-04T03:10:48.984+0000] {logging_mixin.py:117} INFO - [2022-10-04T03:10:48.984+0000] {dagbag.py:525} INFO - Filling up the DagBag from /usr/local/lib/python3.10/dist-packages/airflow/example_dags/tutorial.py
[2022-10-04T03:10:49.004+0000] {processor.py:768} INFO - DAG(s) dict_keys(['tutorial']) retrieved from /usr/local/lib/python3.10/dist-packages/airflow/example_dags/tutorial.py
[2022-10-04T03:10:49.037+0000] {logging_mixin.py:117} INFO - [2022-10-04T03:10:49.037+0000] {dag.py:2573} INFO - Sync 1 DAGs
[2022-10-04T03:10:49.060+0000] {logging_mixin.py:117} INFO - [2022-10-04T03:10:49.060+0000] {dag.py:3324} INFO - Setting next_dagrun for tutorial to 2022-10-03T03:10:49.059940+00:00, run_after=2022-10-04T03:10:49.059940+00:00
[2022-10-04T03:10:49.083+0000] {processor.py:178} INFO - Processing /usr/local/lib/python3.10/dist-packages/airflow/example_dags/tutorial.py took 0.103 seconds
[2022-10-04T03:11:29.203+0000] {processor.py:156} INFO - Started process (PID=7834) to work on /usr/local/lib/python3.10/dist-packages/airflow/example_dags/tutorial.py
[2022-10-04T03:11:29.204+0000] {processor.py:758} INFO - Processing file /usr/local/lib/python3.10/dist-packages/airflow/example_dags/tutorial.py for tasks to queue
[2022-10-04T03:11:29.205+0000] {logging_mixin.py:117} INFO - [2022-10-04T03:11:29.205+0000] {dagbag.py:525} INFO - Filling up the DagBag from /usr/local/lib/python3.10/dist-packages/airflow/example_dags/tutorial.py
[2022-10-04T03:11:29.219+0000] {processor.py:768} INFO - DAG(s) dict_keys(['tutorial']) retrieved from /usr/local/lib/python3.10/dist-packages/airflow/example_dags/tutorial.py
[2022-10-04T03:11:29.240+0000] {logging_mixin.py:117} INFO - [2022-10-04T03:11:29.240+0000] {dag.py:2573} INFO - Sync 1 DAGs
[2022-10-04T03:11:29.261+0000] {logging_mixin.py:117} INFO - [2022-10-04T03:11:29.261+0000] {dag.py:3324} INFO - Setting next_dagrun for tutorial to 2022-10-03T03:11:29.261149+00:00, run_after=2022-10-04T03:11:29.261149+00:00
[2022-10-04T03:11:29.283+0000] {processor.py:178} INFO - Processing /usr/local/lib/python3.10/dist-packages/airflow/example_dags/tutorial.py took 0.084 seconds
[2022-10-04T03:12:08.919+0000] {processor.py:156} INFO - Started process (PID=7874) to work on /usr/local/lib/python3.10/dist-packages/airflow/example_dags/tutorial.py
[2022-10-04T03:12:08.920+0000] {processor.py:758} INFO - Processing file /usr/local/lib/python3.10/dist-packages/airflow/example_dags/tutorial.py for tasks to queue
[2022-10-04T03:12:08.920+0000] {logging_mixin.py:117} INFO - [2022-10-04T03:12:08.920+0000] {dagbag.py:525} INFO - Filling up the DagBag from /usr/local/lib/python3.10/dist-packages/airflow/example_dags/tutorial.py
[2022-10-04T03:12:08.934+0000] {processor.py:768} INFO - DAG(s) dict_keys(['tutorial']) retrieved from /usr/local/lib/python3.10/dist-packages/airflow/example_dags/tutorial.py
[2022-10-04T03:12:08.955+0000] {logging_mixin.py:117} INFO - [2022-10-04T03:12:08.955+0000] {dag.py:2573} INFO - Sync 1 DAGs
[2022-10-04T03:12:08.974+0000] {logging_mixin.py:117} INFO - [2022-10-04T03:12:08.974+0000] {dag.py:3324} INFO - Setting next_dagrun for tutorial to 2022-10-03T03:12:08.973862+00:00, run_after=2022-10-04T03:12:08.973862+00:00
[2022-10-04T03:12:08.994+0000] {processor.py:178} INFO - Processing /usr/local/lib/python3.10/dist-packages/airflow/example_dags/tutorial.py took 0.078 seconds
[2022-10-04T03:12:50.057+0000] {processor.py:156} INFO - Started process (PID=7915) to work on /usr/local/lib/python3.10/dist-packages/airflow/example_dags/tutorial.py
[2022-10-04T03:12:50.058+0000] {processor.py:758} INFO - Processing file /usr/local/lib/python3.10/dist-packages/airflow/example_dags/tutorial.py for tasks to queue
[2022-10-04T03:12:50.058+0000] {logging_mixin.py:117} INFO - [2022-10-04T03:12:50.058+0000] {dagbag.py:525} INFO - Filling up the DagBag from /usr/local/lib/python3.10/dist-packages/airflow/example_dags/tutorial.py
[2022-10-04T03:12:50.073+0000] {processor.py:768} INFO - DAG(s) dict_keys(['tutorial']) retrieved from /usr/local/lib/python3.10/dist-packages/airflow/example_dags/tutorial.py
[2022-10-04T03:12:50.094+0000] {logging_mixin.py:117} INFO - [2022-10-04T03:12:50.094+0000] {dag.py:2573} INFO - Sync 1 DAGs
[2022-10-04T03:12:50.112+0000] {logging_mixin.py:117} INFO - [2022-10-04T03:12:50.112+0000] {dag.py:3324} INFO - Setting next_dagrun for tutorial to 2022-10-03T03:12:50.112629+00:00, run_after=2022-10-04T03:12:50.112629+00:00
[2022-10-04T03:12:50.135+0000] {processor.py:178} INFO - Processing /usr/local/lib/python3.10/dist-packages/airflow/example_dags/tutorial.py took 0.081 seconds
[2022-10-04T03:13:29.080+0000] {processor.py:156} INFO - Started process (PID=7955) to work on /usr/local/lib/python3.10/dist-packages/airflow/example_dags/tutorial.py
[2022-10-04T03:13:29.081+0000] {processor.py:758} INFO - Processing file /usr/local/lib/python3.10/dist-packages/airflow/example_dags/tutorial.py for tasks to queue
[2022-10-04T03:13:29.082+0000] {logging_mixin.py:117} INFO - [2022-10-04T03:13:29.082+0000] {dagbag.py:525} INFO - Filling up the DagBag from /usr/local/lib/python3.10/dist-packages/airflow/example_dags/tutorial.py
[2022-10-04T03:13:29.096+0000] {processor.py:768} INFO - DAG(s) dict_keys(['tutorial']) retrieved from /usr/local/lib/python3.10/dist-packages/airflow/example_dags/tutorial.py
[2022-10-04T03:13:29.119+0000] {logging_mixin.py:117} INFO - [2022-10-04T03:13:29.119+0000] {dag.py:2573} INFO - Sync 1 DAGs
[2022-10-04T03:13:29.137+0000] {logging_mixin.py:117} INFO - [2022-10-04T03:13:29.137+0000] {dag.py:3324} INFO - Setting next_dagrun for tutorial to 2022-10-03T03:13:29.136820+00:00, run_after=2022-10-04T03:13:29.136820+00:00
[2022-10-04T03:13:29.158+0000] {processor.py:178} INFO - Processing /usr/local/lib/python3.10/dist-packages/airflow/example_dags/tutorial.py took 0.080 seconds
[2022-10-04T03:14:10.607+0000] {processor.py:156} INFO - Started process (PID=7995) to work on /usr/local/lib/python3.10/dist-packages/airflow/example_dags/tutorial.py
[2022-10-04T03:14:10.608+0000] {processor.py:758} INFO - Processing file /usr/local/lib/python3.10/dist-packages/airflow/example_dags/tutorial.py for tasks to queue
[2022-10-04T03:14:10.609+0000] {logging_mixin.py:117} INFO - [2022-10-04T03:14:10.609+0000] {dagbag.py:525} INFO - Filling up the DagBag from /usr/local/lib/python3.10/dist-packages/airflow/example_dags/tutorial.py
[2022-10-04T03:14:10.623+0000] {processor.py:768} INFO - DAG(s) dict_keys(['tutorial']) retrieved from /usr/local/lib/python3.10/dist-packages/airflow/example_dags/tutorial.py
[2022-10-04T03:14:10.655+0000] {logging_mixin.py:117} INFO - [2022-10-04T03:14:10.655+0000] {dag.py:2573} INFO - Sync 1 DAGs
[2022-10-04T03:14:10.680+0000] {logging_mixin.py:117} INFO - [2022-10-04T03:14:10.680+0000] {dag.py:3324} INFO - Setting next_dagrun for tutorial to 2022-10-03T03:14:10.680385+00:00, run_after=2022-10-04T03:14:10.680385+00:00
[2022-10-04T03:14:10.702+0000] {processor.py:178} INFO - Processing /usr/local/lib/python3.10/dist-packages/airflow/example_dags/tutorial.py took 0.098 seconds
[2022-10-04T03:14:49.766+0000] {processor.py:156} INFO - Started process (PID=8036) to work on /usr/local/lib/python3.10/dist-packages/airflow/example_dags/tutorial.py
[2022-10-04T03:14:49.767+0000] {processor.py:758} INFO - Processing file /usr/local/lib/python3.10/dist-packages/airflow/example_dags/tutorial.py for tasks to queue
[2022-10-04T03:14:49.768+0000] {logging_mixin.py:117} INFO - [2022-10-04T03:14:49.768+0000] {dagbag.py:525} INFO - Filling up the DagBag from /usr/local/lib/python3.10/dist-packages/airflow/example_dags/tutorial.py
[2022-10-04T03:14:49.782+0000] {processor.py:768} INFO - DAG(s) dict_keys(['tutorial']) retrieved from /usr/local/lib/python3.10/dist-packages/airflow/example_dags/tutorial.py
[2022-10-04T03:14:49.805+0000] {logging_mixin.py:117} INFO - [2022-10-04T03:14:49.805+0000] {dag.py:2573} INFO - Sync 1 DAGs
[2022-10-04T03:14:49.823+0000] {logging_mixin.py:117} INFO - [2022-10-04T03:14:49.823+0000] {dag.py:3324} INFO - Setting next_dagrun for tutorial to 2022-10-03T03:14:49.823546+00:00, run_after=2022-10-04T03:14:49.823546+00:00
[2022-10-04T03:14:49.847+0000] {processor.py:178} INFO - Processing /usr/local/lib/python3.10/dist-packages/airflow/example_dags/tutorial.py took 0.084 seconds
[2022-10-04T03:15:29.418+0000] {processor.py:156} INFO - Started process (PID=8074) to work on /usr/local/lib/python3.10/dist-packages/airflow/example_dags/tutorial.py
[2022-10-04T03:15:29.420+0000] {processor.py:758} INFO - Processing file /usr/local/lib/python3.10/dist-packages/airflow/example_dags/tutorial.py for tasks to queue
[2022-10-04T03:15:29.420+0000] {logging_mixin.py:117} INFO - [2022-10-04T03:15:29.420+0000] {dagbag.py:525} INFO - Filling up the DagBag from /usr/local/lib/python3.10/dist-packages/airflow/example_dags/tutorial.py
[2022-10-04T03:15:29.435+0000] {processor.py:768} INFO - DAG(s) dict_keys(['tutorial']) retrieved from /usr/local/lib/python3.10/dist-packages/airflow/example_dags/tutorial.py
[2022-10-04T03:15:29.458+0000] {logging_mixin.py:117} INFO - [2022-10-04T03:15:29.458+0000] {dag.py:2573} INFO - Sync 1 DAGs
[2022-10-04T03:15:29.479+0000] {logging_mixin.py:117} INFO - [2022-10-04T03:15:29.479+0000] {dag.py:3324} INFO - Setting next_dagrun for tutorial to 2022-10-03T03:15:29.478803+00:00, run_after=2022-10-04T03:15:29.478803+00:00
[2022-10-04T03:15:29.502+0000] {processor.py:178} INFO - Processing /usr/local/lib/python3.10/dist-packages/airflow/example_dags/tutorial.py took 0.087 seconds
[2022-10-04T03:16:20.409+0000] {processor.py:156} INFO - Started process (PID=8212) to work on /usr/local/lib/python3.10/dist-packages/airflow/example_dags/tutorial.py
[2022-10-04T03:16:20.411+0000] {processor.py:758} INFO - Processing file /usr/local/lib/python3.10/dist-packages/airflow/example_dags/tutorial.py for tasks to queue
[2022-10-04T03:16:20.411+0000] {logging_mixin.py:117} INFO - [2022-10-04T03:16:20.411+0000] {dagbag.py:525} INFO - Filling up the DagBag from /usr/local/lib/python3.10/dist-packages/airflow/example_dags/tutorial.py
[2022-10-04T03:16:20.426+0000] {processor.py:768} INFO - DAG(s) dict_keys(['tutorial']) retrieved from /usr/local/lib/python3.10/dist-packages/airflow/example_dags/tutorial.py
[2022-10-04T03:16:20.451+0000] {logging_mixin.py:117} INFO - [2022-10-04T03:16:20.451+0000] {dag.py:2573} INFO - Sync 1 DAGs
[2022-10-04T03:16:20.471+0000] {logging_mixin.py:117} INFO - [2022-10-04T03:16:20.470+0000] {dag.py:3324} INFO - Setting next_dagrun for tutorial to 2022-10-03T03:16:20.470769+00:00, run_after=2022-10-04T03:16:20.470769+00:00
[2022-10-04T03:16:20.642+0000] {processor.py:178} INFO - Processing /usr/local/lib/python3.10/dist-packages/airflow/example_dags/tutorial.py took 0.236 seconds
[2022-10-04T03:17:13.889+0000] {processor.py:156} INFO - Started process (PID=8430) to work on /usr/local/lib/python3.10/dist-packages/airflow/example_dags/tutorial.py
[2022-10-04T03:17:13.890+0000] {processor.py:758} INFO - Processing file /usr/local/lib/python3.10/dist-packages/airflow/example_dags/tutorial.py for tasks to queue
[2022-10-04T03:17:13.890+0000] {logging_mixin.py:117} INFO - [2022-10-04T03:17:13.890+0000] {dagbag.py:525} INFO - Filling up the DagBag from /usr/local/lib/python3.10/dist-packages/airflow/example_dags/tutorial.py
[2022-10-04T03:17:13.903+0000] {processor.py:768} INFO - DAG(s) dict_keys(['tutorial']) retrieved from /usr/local/lib/python3.10/dist-packages/airflow/example_dags/tutorial.py
[2022-10-04T03:17:13.924+0000] {logging_mixin.py:117} INFO - [2022-10-04T03:17:13.924+0000] {dag.py:2573} INFO - Sync 1 DAGs
[2022-10-04T03:17:14.064+0000] {logging_mixin.py:117} INFO - [2022-10-04T03:17:14.064+0000] {dag.py:3324} INFO - Setting next_dagrun for tutorial to 2022-10-03T03:17:14.063873+00:00, run_after=2022-10-04T03:17:14.063873+00:00
[2022-10-04T03:17:14.084+0000] {processor.py:178} INFO - Processing /usr/local/lib/python3.10/dist-packages/airflow/example_dags/tutorial.py took 0.198 seconds
[2022-10-04T03:17:54.353+0000] {processor.py:156} INFO - Started process (PID=8631) to work on /usr/local/lib/python3.10/dist-packages/airflow/example_dags/tutorial.py
[2022-10-04T03:17:54.354+0000] {processor.py:758} INFO - Processing file /usr/local/lib/python3.10/dist-packages/airflow/example_dags/tutorial.py for tasks to queue
[2022-10-04T03:17:54.355+0000] {logging_mixin.py:117} INFO - [2022-10-04T03:17:54.354+0000] {dagbag.py:525} INFO - Filling up the DagBag from /usr/local/lib/python3.10/dist-packages/airflow/example_dags/tutorial.py
[2022-10-04T03:17:54.369+0000] {processor.py:768} INFO - DAG(s) dict_keys(['tutorial']) retrieved from /usr/local/lib/python3.10/dist-packages/airflow/example_dags/tutorial.py
[2022-10-04T03:17:54.402+0000] {logging_mixin.py:117} INFO - [2022-10-04T03:17:54.402+0000] {dag.py:2573} INFO - Sync 1 DAGs
[2022-10-04T03:17:54.642+0000] {logging_mixin.py:117} INFO - [2022-10-04T03:17:54.642+0000] {dag.py:3324} INFO - Setting next_dagrun for tutorial to 2022-10-03T03:17:54.642176+00:00, run_after=2022-10-04T03:17:54.642176+00:00
[2022-10-04T03:17:54.665+0000] {processor.py:178} INFO - Processing /usr/local/lib/python3.10/dist-packages/airflow/example_dags/tutorial.py took 0.314 seconds
[2022-10-04T03:19:02.962+0000] {processor.py:156} INFO - Started process (PID=8707) to work on /usr/local/lib/python3.10/dist-packages/airflow/example_dags/tutorial.py
[2022-10-04T03:19:02.965+0000] {processor.py:758} INFO - Processing file /usr/local/lib/python3.10/dist-packages/airflow/example_dags/tutorial.py for tasks to queue
[2022-10-04T03:19:02.966+0000] {logging_mixin.py:117} INFO - [2022-10-04T03:19:02.966+0000] {dagbag.py:525} INFO - Filling up the DagBag from /usr/local/lib/python3.10/dist-packages/airflow/example_dags/tutorial.py
[2022-10-04T03:19:02.983+0000] {processor.py:768} INFO - DAG(s) dict_keys(['tutorial']) retrieved from /usr/local/lib/python3.10/dist-packages/airflow/example_dags/tutorial.py
[2022-10-04T03:19:03.010+0000] {logging_mixin.py:117} INFO - [2022-10-04T03:19:03.010+0000] {dag.py:2573} INFO - Sync 1 DAGs
[2022-10-04T03:19:03.046+0000] {logging_mixin.py:117} INFO - [2022-10-04T03:19:03.046+0000] {dag.py:3324} INFO - Setting next_dagrun for tutorial to 2022-10-03T03:19:03.045852+00:00, run_after=2022-10-04T03:19:03.045852+00:00
[2022-10-04T03:19:03.083+0000] {processor.py:178} INFO - Processing /usr/local/lib/python3.10/dist-packages/airflow/example_dags/tutorial.py took 0.124 seconds
[2022-10-04T03:19:41.237+0000] {processor.py:156} INFO - Started process (PID=8748) to work on /usr/local/lib/python3.10/dist-packages/airflow/example_dags/tutorial.py
[2022-10-04T03:19:41.238+0000] {processor.py:758} INFO - Processing file /usr/local/lib/python3.10/dist-packages/airflow/example_dags/tutorial.py for tasks to queue
[2022-10-04T03:19:41.239+0000] {logging_mixin.py:117} INFO - [2022-10-04T03:19:41.239+0000] {dagbag.py:525} INFO - Filling up the DagBag from /usr/local/lib/python3.10/dist-packages/airflow/example_dags/tutorial.py
[2022-10-04T03:19:41.252+0000] {processor.py:768} INFO - DAG(s) dict_keys(['tutorial']) retrieved from /usr/local/lib/python3.10/dist-packages/airflow/example_dags/tutorial.py
[2022-10-04T03:19:41.273+0000] {logging_mixin.py:117} INFO - [2022-10-04T03:19:41.273+0000] {dag.py:2573} INFO - Sync 1 DAGs
[2022-10-04T03:19:41.289+0000] {logging_mixin.py:117} INFO - [2022-10-04T03:19:41.289+0000] {dag.py:3324} INFO - Setting next_dagrun for tutorial to 2022-10-03T03:19:41.289550+00:00, run_after=2022-10-04T03:19:41.289550+00:00
[2022-10-04T03:19:41.311+0000] {processor.py:178} INFO - Processing /usr/local/lib/python3.10/dist-packages/airflow/example_dags/tutorial.py took 0.076 seconds
[2022-10-04T03:20:20.310+0000] {processor.py:156} INFO - Started process (PID=8785) to work on /usr/local/lib/python3.10/dist-packages/airflow/example_dags/tutorial.py
[2022-10-04T03:20:20.311+0000] {processor.py:758} INFO - Processing file /usr/local/lib/python3.10/dist-packages/airflow/example_dags/tutorial.py for tasks to queue
[2022-10-04T03:20:20.312+0000] {logging_mixin.py:117} INFO - [2022-10-04T03:20:20.311+0000] {dagbag.py:525} INFO - Filling up the DagBag from /usr/local/lib/python3.10/dist-packages/airflow/example_dags/tutorial.py
[2022-10-04T03:20:20.343+0000] {processor.py:768} INFO - DAG(s) dict_keys(['tutorial']) retrieved from /usr/local/lib/python3.10/dist-packages/airflow/example_dags/tutorial.py
[2022-10-04T03:20:20.375+0000] {logging_mixin.py:117} INFO - [2022-10-04T03:20:20.375+0000] {dag.py:2573} INFO - Sync 1 DAGs
[2022-10-04T03:20:20.398+0000] {logging_mixin.py:117} INFO - [2022-10-04T03:20:20.397+0000] {dag.py:3324} INFO - Setting next_dagrun for tutorial to 2022-10-03T03:20:20.397632+00:00, run_after=2022-10-04T03:20:20.397632+00:00
[2022-10-04T03:20:20.424+0000] {processor.py:178} INFO - Processing /usr/local/lib/python3.10/dist-packages/airflow/example_dags/tutorial.py took 0.116 seconds
[2022-10-04T03:20:58.735+0000] {processor.py:156} INFO - Started process (PID=8826) to work on /usr/local/lib/python3.10/dist-packages/airflow/example_dags/tutorial.py
[2022-10-04T03:20:58.736+0000] {processor.py:758} INFO - Processing file /usr/local/lib/python3.10/dist-packages/airflow/example_dags/tutorial.py for tasks to queue
[2022-10-04T03:20:58.739+0000] {logging_mixin.py:117} INFO - [2022-10-04T03:20:58.739+0000] {dagbag.py:525} INFO - Filling up the DagBag from /usr/local/lib/python3.10/dist-packages/airflow/example_dags/tutorial.py
[2022-10-04T03:20:58.752+0000] {processor.py:768} INFO - DAG(s) dict_keys(['tutorial']) retrieved from /usr/local/lib/python3.10/dist-packages/airflow/example_dags/tutorial.py
[2022-10-04T03:20:58.774+0000] {logging_mixin.py:117} INFO - [2022-10-04T03:20:58.773+0000] {dag.py:2573} INFO - Sync 1 DAGs
[2022-10-04T03:20:58.792+0000] {logging_mixin.py:117} INFO - [2022-10-04T03:20:58.792+0000] {dag.py:3324} INFO - Setting next_dagrun for tutorial to 2022-10-03T03:20:58.792228+00:00, run_after=2022-10-04T03:20:58.792228+00:00
[2022-10-04T03:20:58.816+0000] {processor.py:178} INFO - Processing /usr/local/lib/python3.10/dist-packages/airflow/example_dags/tutorial.py took 0.084 seconds
[2022-10-04T03:21:43.749+0000] {processor.py:156} INFO - Started process (PID=8869) to work on /usr/local/lib/python3.10/dist-packages/airflow/example_dags/tutorial.py
[2022-10-04T03:21:43.750+0000] {processor.py:758} INFO - Processing file /usr/local/lib/python3.10/dist-packages/airflow/example_dags/tutorial.py for tasks to queue
[2022-10-04T03:21:43.751+0000] {logging_mixin.py:117} INFO - [2022-10-04T03:21:43.751+0000] {dagbag.py:525} INFO - Filling up the DagBag from /usr/local/lib/python3.10/dist-packages/airflow/example_dags/tutorial.py
[2022-10-04T03:21:43.764+0000] {processor.py:768} INFO - DAG(s) dict_keys(['tutorial']) retrieved from /usr/local/lib/python3.10/dist-packages/airflow/example_dags/tutorial.py
[2022-10-04T03:21:43.795+0000] {logging_mixin.py:117} INFO - [2022-10-04T03:21:43.795+0000] {dag.py:2573} INFO - Sync 1 DAGs
[2022-10-04T03:21:43.818+0000] {logging_mixin.py:117} INFO - [2022-10-04T03:21:43.818+0000] {dag.py:3324} INFO - Setting next_dagrun for tutorial to 2022-10-03T03:21:43.818165+00:00, run_after=2022-10-04T03:21:43.818165+00:00
[2022-10-04T03:21:43.839+0000] {processor.py:178} INFO - Processing /usr/local/lib/python3.10/dist-packages/airflow/example_dags/tutorial.py took 0.093 seconds
[2022-10-04T03:22:20.982+0000] {processor.py:156} INFO - Started process (PID=8908) to work on /usr/local/lib/python3.10/dist-packages/airflow/example_dags/tutorial.py
[2022-10-04T03:22:20.984+0000] {processor.py:758} INFO - Processing file /usr/local/lib/python3.10/dist-packages/airflow/example_dags/tutorial.py for tasks to queue
[2022-10-04T03:22:20.984+0000] {logging_mixin.py:117} INFO - [2022-10-04T03:22:20.984+0000] {dagbag.py:525} INFO - Filling up the DagBag from /usr/local/lib/python3.10/dist-packages/airflow/example_dags/tutorial.py
[2022-10-04T03:22:20.999+0000] {processor.py:768} INFO - DAG(s) dict_keys(['tutorial']) retrieved from /usr/local/lib/python3.10/dist-packages/airflow/example_dags/tutorial.py
[2022-10-04T03:22:21.023+0000] {logging_mixin.py:117} INFO - [2022-10-04T03:22:21.022+0000] {dag.py:2573} INFO - Sync 1 DAGs
[2022-10-04T03:22:21.042+0000] {logging_mixin.py:117} INFO - [2022-10-04T03:22:21.042+0000] {dag.py:3324} INFO - Setting next_dagrun for tutorial to 2022-10-03T03:22:21.042615+00:00, run_after=2022-10-04T03:22:21.042615+00:00
[2022-10-04T03:22:21.067+0000] {processor.py:178} INFO - Processing /usr/local/lib/python3.10/dist-packages/airflow/example_dags/tutorial.py took 0.087 seconds
[2022-10-04T03:23:02.041+0000] {processor.py:156} INFO - Started process (PID=8949) to work on /usr/local/lib/python3.10/dist-packages/airflow/example_dags/tutorial.py
[2022-10-04T03:23:02.042+0000] {processor.py:758} INFO - Processing file /usr/local/lib/python3.10/dist-packages/airflow/example_dags/tutorial.py for tasks to queue
[2022-10-04T03:23:02.043+0000] {logging_mixin.py:117} INFO - [2022-10-04T03:23:02.043+0000] {dagbag.py:525} INFO - Filling up the DagBag from /usr/local/lib/python3.10/dist-packages/airflow/example_dags/tutorial.py
[2022-10-04T03:23:02.075+0000] {processor.py:768} INFO - DAG(s) dict_keys(['tutorial']) retrieved from /usr/local/lib/python3.10/dist-packages/airflow/example_dags/tutorial.py
[2022-10-04T03:23:02.127+0000] {logging_mixin.py:117} INFO - [2022-10-04T03:23:02.123+0000] {dag.py:2573} INFO - Sync 1 DAGs
[2022-10-04T03:23:02.167+0000] {logging_mixin.py:117} INFO - [2022-10-04T03:23:02.166+0000] {dag.py:3324} INFO - Setting next_dagrun for tutorial to 2022-10-03T03:23:02.166741+00:00, run_after=2022-10-04T03:23:02.166741+00:00
[2022-10-04T03:23:02.202+0000] {processor.py:178} INFO - Processing /usr/local/lib/python3.10/dist-packages/airflow/example_dags/tutorial.py took 0.169 seconds
[2022-10-04T03:24:02.087+0000] {processor.py:156} INFO - Started process (PID=9017) to work on /usr/local/lib/python3.10/dist-packages/airflow/example_dags/tutorial.py
[2022-10-04T03:24:02.089+0000] {processor.py:758} INFO - Processing file /usr/local/lib/python3.10/dist-packages/airflow/example_dags/tutorial.py for tasks to queue
[2022-10-04T03:24:02.089+0000] {logging_mixin.py:117} INFO - [2022-10-04T03:24:02.089+0000] {dagbag.py:525} INFO - Filling up the DagBag from /usr/local/lib/python3.10/dist-packages/airflow/example_dags/tutorial.py
[2022-10-04T03:24:02.102+0000] {processor.py:768} INFO - DAG(s) dict_keys(['tutorial']) retrieved from /usr/local/lib/python3.10/dist-packages/airflow/example_dags/tutorial.py
[2022-10-04T03:24:02.124+0000] {logging_mixin.py:117} INFO - [2022-10-04T03:24:02.124+0000] {dag.py:2573} INFO - Sync 1 DAGs
[2022-10-04T03:24:02.141+0000] {logging_mixin.py:117} INFO - [2022-10-04T03:24:02.140+0000] {dag.py:3324} INFO - Setting next_dagrun for tutorial to 2022-10-03T03:24:02.140690+00:00, run_after=2022-10-04T03:24:02.140690+00:00
[2022-10-04T03:24:02.161+0000] {processor.py:178} INFO - Processing /usr/local/lib/python3.10/dist-packages/airflow/example_dags/tutorial.py took 0.077 seconds
[2022-10-04T03:24:39.267+0000] {processor.py:156} INFO - Started process (PID=9055) to work on /usr/local/lib/python3.10/dist-packages/airflow/example_dags/tutorial.py
[2022-10-04T03:24:39.268+0000] {processor.py:758} INFO - Processing file /usr/local/lib/python3.10/dist-packages/airflow/example_dags/tutorial.py for tasks to queue
[2022-10-04T03:24:39.268+0000] {logging_mixin.py:117} INFO - [2022-10-04T03:24:39.268+0000] {dagbag.py:525} INFO - Filling up the DagBag from /usr/local/lib/python3.10/dist-packages/airflow/example_dags/tutorial.py
[2022-10-04T03:24:39.287+0000] {processor.py:768} INFO - DAG(s) dict_keys(['tutorial']) retrieved from /usr/local/lib/python3.10/dist-packages/airflow/example_dags/tutorial.py
[2022-10-04T03:24:39.312+0000] {logging_mixin.py:117} INFO - [2022-10-04T03:24:39.312+0000] {dag.py:2573} INFO - Sync 1 DAGs
[2022-10-04T03:24:39.331+0000] {logging_mixin.py:117} INFO - [2022-10-04T03:24:39.331+0000] {dag.py:3324} INFO - Setting next_dagrun for tutorial to 2022-10-03T03:24:39.330813+00:00, run_after=2022-10-04T03:24:39.330813+00:00
[2022-10-04T03:24:39.353+0000] {processor.py:178} INFO - Processing /usr/local/lib/python3.10/dist-packages/airflow/example_dags/tutorial.py took 0.089 seconds
[2022-10-04T03:25:20.107+0000] {processor.py:156} INFO - Started process (PID=9096) to work on /usr/local/lib/python3.10/dist-packages/airflow/example_dags/tutorial.py
[2022-10-04T03:25:20.108+0000] {processor.py:758} INFO - Processing file /usr/local/lib/python3.10/dist-packages/airflow/example_dags/tutorial.py for tasks to queue
[2022-10-04T03:25:20.109+0000] {logging_mixin.py:117} INFO - [2022-10-04T03:25:20.108+0000] {dagbag.py:525} INFO - Filling up the DagBag from /usr/local/lib/python3.10/dist-packages/airflow/example_dags/tutorial.py
[2022-10-04T03:25:20.123+0000] {processor.py:768} INFO - DAG(s) dict_keys(['tutorial']) retrieved from /usr/local/lib/python3.10/dist-packages/airflow/example_dags/tutorial.py
[2022-10-04T03:25:20.144+0000] {logging_mixin.py:117} INFO - [2022-10-04T03:25:20.144+0000] {dag.py:2573} INFO - Sync 1 DAGs
[2022-10-04T03:25:20.162+0000] {logging_mixin.py:117} INFO - [2022-10-04T03:25:20.162+0000] {dag.py:3324} INFO - Setting next_dagrun for tutorial to 2022-10-03T03:25:20.162359+00:00, run_after=2022-10-04T03:25:20.162359+00:00
[2022-10-04T03:25:20.196+0000] {processor.py:178} INFO - Processing /usr/local/lib/python3.10/dist-packages/airflow/example_dags/tutorial.py took 0.091 seconds
[2022-10-04T03:26:36.828+0000] {processor.py:156} INFO - Started process (PID=9183) to work on /usr/local/lib/python3.10/dist-packages/airflow/example_dags/tutorial.py
[2022-10-04T03:26:36.829+0000] {processor.py:758} INFO - Processing file /usr/local/lib/python3.10/dist-packages/airflow/example_dags/tutorial.py for tasks to queue
[2022-10-04T03:26:36.829+0000] {logging_mixin.py:117} INFO - [2022-10-04T03:26:36.829+0000] {dagbag.py:525} INFO - Filling up the DagBag from /usr/local/lib/python3.10/dist-packages/airflow/example_dags/tutorial.py
[2022-10-04T03:26:36.843+0000] {processor.py:768} INFO - DAG(s) dict_keys(['tutorial']) retrieved from /usr/local/lib/python3.10/dist-packages/airflow/example_dags/tutorial.py
[2022-10-04T03:26:36.867+0000] {logging_mixin.py:117} INFO - [2022-10-04T03:26:36.867+0000] {dag.py:2573} INFO - Sync 1 DAGs
[2022-10-04T03:26:36.884+0000] {logging_mixin.py:117} INFO - [2022-10-04T03:26:36.884+0000] {dag.py:3324} INFO - Setting next_dagrun for tutorial to 2022-10-03T03:26:36.884170+00:00, run_after=2022-10-04T03:26:36.884170+00:00
[2022-10-04T03:26:36.906+0000] {processor.py:178} INFO - Processing /usr/local/lib/python3.10/dist-packages/airflow/example_dags/tutorial.py took 0.081 seconds
[2022-10-04T03:30:43.766+0000] {processor.py:156} INFO - Started process (PID=9280) to work on /usr/local/lib/python3.10/dist-packages/airflow/example_dags/tutorial.py
[2022-10-04T03:30:43.767+0000] {processor.py:758} INFO - Processing file /usr/local/lib/python3.10/dist-packages/airflow/example_dags/tutorial.py for tasks to queue
[2022-10-04T03:30:43.768+0000] {logging_mixin.py:117} INFO - [2022-10-04T03:30:43.768+0000] {dagbag.py:525} INFO - Filling up the DagBag from /usr/local/lib/python3.10/dist-packages/airflow/example_dags/tutorial.py
[2022-10-04T03:30:43.781+0000] {processor.py:768} INFO - DAG(s) dict_keys(['tutorial']) retrieved from /usr/local/lib/python3.10/dist-packages/airflow/example_dags/tutorial.py
[2022-10-04T03:30:43.805+0000] {logging_mixin.py:117} INFO - [2022-10-04T03:30:43.805+0000] {dag.py:2573} INFO - Sync 1 DAGs
[2022-10-04T03:30:43.822+0000] {logging_mixin.py:117} INFO - [2022-10-04T03:30:43.822+0000] {dag.py:3324} INFO - Setting next_dagrun for tutorial to 2022-10-03T03:30:43.822057+00:00, run_after=2022-10-04T03:30:43.822057+00:00
[2022-10-04T03:30:43.842+0000] {processor.py:178} INFO - Processing /usr/local/lib/python3.10/dist-packages/airflow/example_dags/tutorial.py took 0.079 seconds
[2022-10-04T03:31:22.043+0000] {processor.py:156} INFO - Started process (PID=9317) to work on /usr/local/lib/python3.10/dist-packages/airflow/example_dags/tutorial.py
[2022-10-04T03:31:22.045+0000] {processor.py:758} INFO - Processing file /usr/local/lib/python3.10/dist-packages/airflow/example_dags/tutorial.py for tasks to queue
[2022-10-04T03:31:22.045+0000] {logging_mixin.py:117} INFO - [2022-10-04T03:31:22.045+0000] {dagbag.py:525} INFO - Filling up the DagBag from /usr/local/lib/python3.10/dist-packages/airflow/example_dags/tutorial.py
[2022-10-04T03:31:22.063+0000] {processor.py:768} INFO - DAG(s) dict_keys(['tutorial']) retrieved from /usr/local/lib/python3.10/dist-packages/airflow/example_dags/tutorial.py
[2022-10-04T03:31:22.094+0000] {logging_mixin.py:117} INFO - [2022-10-04T03:31:22.093+0000] {dag.py:2573} INFO - Sync 1 DAGs
[2022-10-04T03:31:22.112+0000] {logging_mixin.py:117} INFO - [2022-10-04T03:31:22.111+0000] {dag.py:3324} INFO - Setting next_dagrun for tutorial to 2022-10-03T03:31:22.111642+00:00, run_after=2022-10-04T03:31:22.111642+00:00
[2022-10-04T03:31:22.135+0000] {processor.py:178} INFO - Processing /usr/local/lib/python3.10/dist-packages/airflow/example_dags/tutorial.py took 0.095 seconds
[2022-10-04T03:32:02.547+0000] {processor.py:156} INFO - Started process (PID=9374) to work on /usr/local/lib/python3.10/dist-packages/airflow/example_dags/tutorial.py
[2022-10-04T03:32:02.549+0000] {processor.py:758} INFO - Processing file /usr/local/lib/python3.10/dist-packages/airflow/example_dags/tutorial.py for tasks to queue
[2022-10-04T03:32:02.549+0000] {logging_mixin.py:117} INFO - [2022-10-04T03:32:02.549+0000] {dagbag.py:525} INFO - Filling up the DagBag from /usr/local/lib/python3.10/dist-packages/airflow/example_dags/tutorial.py
[2022-10-04T03:32:02.563+0000] {processor.py:768} INFO - DAG(s) dict_keys(['tutorial']) retrieved from /usr/local/lib/python3.10/dist-packages/airflow/example_dags/tutorial.py
[2022-10-04T03:32:02.590+0000] {logging_mixin.py:117} INFO - [2022-10-04T03:32:02.590+0000] {dag.py:2573} INFO - Sync 1 DAGs
[2022-10-04T03:32:02.616+0000] {logging_mixin.py:117} INFO - [2022-10-04T03:32:02.616+0000] {dag.py:3324} INFO - Setting next_dagrun for tutorial to 2022-10-03T03:32:02.615822+00:00, run_after=2022-10-04T03:32:02.615822+00:00
[2022-10-04T03:32:02.646+0000] {processor.py:178} INFO - Processing /usr/local/lib/python3.10/dist-packages/airflow/example_dags/tutorial.py took 0.101 seconds
[2022-10-04T03:32:40.823+0000] {processor.py:156} INFO - Started process (PID=9416) to work on /usr/local/lib/python3.10/dist-packages/airflow/example_dags/tutorial.py
[2022-10-04T03:32:40.824+0000] {processor.py:758} INFO - Processing file /usr/local/lib/python3.10/dist-packages/airflow/example_dags/tutorial.py for tasks to queue
[2022-10-04T03:32:40.824+0000] {logging_mixin.py:117} INFO - [2022-10-04T03:32:40.824+0000] {dagbag.py:525} INFO - Filling up the DagBag from /usr/local/lib/python3.10/dist-packages/airflow/example_dags/tutorial.py
[2022-10-04T03:32:40.843+0000] {processor.py:768} INFO - DAG(s) dict_keys(['tutorial']) retrieved from /usr/local/lib/python3.10/dist-packages/airflow/example_dags/tutorial.py
[2022-10-04T03:32:40.880+0000] {logging_mixin.py:117} INFO - [2022-10-04T03:32:40.879+0000] {dag.py:2573} INFO - Sync 1 DAGs
[2022-10-04T03:32:40.913+0000] {logging_mixin.py:117} INFO - [2022-10-04T03:32:40.913+0000] {dag.py:3324} INFO - Setting next_dagrun for tutorial to 2022-10-03T03:32:40.913072+00:00, run_after=2022-10-04T03:32:40.913072+00:00
[2022-10-04T03:32:40.976+0000] {processor.py:178} INFO - Processing /usr/local/lib/python3.10/dist-packages/airflow/example_dags/tutorial.py took 0.156 seconds
[2022-10-04T03:33:21.491+0000] {processor.py:156} INFO - Started process (PID=9455) to work on /usr/local/lib/python3.10/dist-packages/airflow/example_dags/tutorial.py
[2022-10-04T03:33:21.493+0000] {processor.py:758} INFO - Processing file /usr/local/lib/python3.10/dist-packages/airflow/example_dags/tutorial.py for tasks to queue
[2022-10-04T03:33:21.493+0000] {logging_mixin.py:117} INFO - [2022-10-04T03:33:21.493+0000] {dagbag.py:525} INFO - Filling up the DagBag from /usr/local/lib/python3.10/dist-packages/airflow/example_dags/tutorial.py
[2022-10-04T03:33:21.510+0000] {processor.py:768} INFO - DAG(s) dict_keys(['tutorial']) retrieved from /usr/local/lib/python3.10/dist-packages/airflow/example_dags/tutorial.py
[2022-10-04T03:33:21.538+0000] {logging_mixin.py:117} INFO - [2022-10-04T03:33:21.537+0000] {dag.py:2573} INFO - Sync 1 DAGs
[2022-10-04T03:33:21.557+0000] {logging_mixin.py:117} INFO - [2022-10-04T03:33:21.557+0000] {dag.py:3324} INFO - Setting next_dagrun for tutorial to 2022-10-03T03:33:21.557113+00:00, run_after=2022-10-04T03:33:21.557113+00:00
[2022-10-04T03:33:21.584+0000] {processor.py:178} INFO - Processing /usr/local/lib/python3.10/dist-packages/airflow/example_dags/tutorial.py took 0.095 seconds
[2022-10-04T03:34:02.212+0000] {processor.py:156} INFO - Started process (PID=9503) to work on /usr/local/lib/python3.10/dist-packages/airflow/example_dags/tutorial.py
[2022-10-04T03:34:02.213+0000] {processor.py:758} INFO - Processing file /usr/local/lib/python3.10/dist-packages/airflow/example_dags/tutorial.py for tasks to queue
[2022-10-04T03:34:02.213+0000] {logging_mixin.py:117} INFO - [2022-10-04T03:34:02.213+0000] {dagbag.py:525} INFO - Filling up the DagBag from /usr/local/lib/python3.10/dist-packages/airflow/example_dags/tutorial.py
[2022-10-04T03:34:02.229+0000] {processor.py:768} INFO - DAG(s) dict_keys(['tutorial']) retrieved from /usr/local/lib/python3.10/dist-packages/airflow/example_dags/tutorial.py
[2022-10-04T03:34:02.258+0000] {logging_mixin.py:117} INFO - [2022-10-04T03:34:02.258+0000] {dag.py:2573} INFO - Sync 1 DAGs
[2022-10-04T03:34:02.282+0000] {logging_mixin.py:117} INFO - [2022-10-04T03:34:02.282+0000] {dag.py:3324} INFO - Setting next_dagrun for tutorial to 2022-10-03T03:34:02.282238+00:00, run_after=2022-10-04T03:34:02.282238+00:00
[2022-10-04T03:34:02.308+0000] {processor.py:178} INFO - Processing /usr/local/lib/python3.10/dist-packages/airflow/example_dags/tutorial.py took 0.099 seconds
[2022-10-04T03:46:34.670+0000] {processor.py:156} INFO - Started process (PID=996) to work on /usr/local/lib/python3.10/dist-packages/airflow/example_dags/tutorial.py
[2022-10-04T03:46:34.672+0000] {processor.py:758} INFO - Processing file /usr/local/lib/python3.10/dist-packages/airflow/example_dags/tutorial.py for tasks to queue
[2022-10-04T03:46:34.672+0000] {logging_mixin.py:117} INFO - [2022-10-04T03:46:34.672+0000] {dagbag.py:525} INFO - Filling up the DagBag from /usr/local/lib/python3.10/dist-packages/airflow/example_dags/tutorial.py
[2022-10-04T03:46:34.687+0000] {processor.py:768} INFO - DAG(s) dict_keys(['tutorial']) retrieved from /usr/local/lib/python3.10/dist-packages/airflow/example_dags/tutorial.py
[2022-10-04T03:46:34.712+0000] {logging_mixin.py:117} INFO - [2022-10-04T03:46:34.712+0000] {dag.py:2573} INFO - Sync 1 DAGs
[2022-10-04T03:46:34.731+0000] {logging_mixin.py:117} INFO - [2022-10-04T03:46:34.731+0000] {dag.py:3324} INFO - Setting next_dagrun for tutorial to 2022-10-03T03:46:34.731240+00:00, run_after=2022-10-04T03:46:34.731240+00:00
[2022-10-04T03:46:34.753+0000] {processor.py:178} INFO - Processing /usr/local/lib/python3.10/dist-packages/airflow/example_dags/tutorial.py took 0.087 seconds
[2022-10-04T03:47:13.678+0000] {processor.py:156} INFO - Started process (PID=1034) to work on /usr/local/lib/python3.10/dist-packages/airflow/example_dags/tutorial.py
[2022-10-04T03:47:13.685+0000] {processor.py:758} INFO - Processing file /usr/local/lib/python3.10/dist-packages/airflow/example_dags/tutorial.py for tasks to queue
[2022-10-04T03:47:13.685+0000] {logging_mixin.py:117} INFO - [2022-10-04T03:47:13.685+0000] {dagbag.py:525} INFO - Filling up the DagBag from /usr/local/lib/python3.10/dist-packages/airflow/example_dags/tutorial.py
[2022-10-04T03:47:13.715+0000] {processor.py:768} INFO - DAG(s) dict_keys(['tutorial']) retrieved from /usr/local/lib/python3.10/dist-packages/airflow/example_dags/tutorial.py
[2022-10-04T03:47:13.772+0000] {logging_mixin.py:117} INFO - [2022-10-04T03:47:13.772+0000] {dag.py:2573} INFO - Sync 1 DAGs
[2022-10-04T03:47:13.801+0000] {logging_mixin.py:117} INFO - [2022-10-04T03:47:13.801+0000] {dag.py:3324} INFO - Setting next_dagrun for tutorial to 2022-10-03T03:47:13.801013+00:00, run_after=2022-10-04T03:47:13.801013+00:00
[2022-10-04T03:47:13.829+0000] {processor.py:178} INFO - Processing /usr/local/lib/python3.10/dist-packages/airflow/example_dags/tutorial.py took 0.154 seconds
[2022-10-04T03:47:54.419+0000] {processor.py:156} INFO - Started process (PID=1141) to work on /usr/local/lib/python3.10/dist-packages/airflow/example_dags/tutorial.py
[2022-10-04T03:47:54.420+0000] {processor.py:758} INFO - Processing file /usr/local/lib/python3.10/dist-packages/airflow/example_dags/tutorial.py for tasks to queue
[2022-10-04T03:47:54.421+0000] {logging_mixin.py:117} INFO - [2022-10-04T03:47:54.421+0000] {dagbag.py:525} INFO - Filling up the DagBag from /usr/local/lib/python3.10/dist-packages/airflow/example_dags/tutorial.py
[2022-10-04T03:47:54.435+0000] {processor.py:768} INFO - DAG(s) dict_keys(['tutorial']) retrieved from /usr/local/lib/python3.10/dist-packages/airflow/example_dags/tutorial.py
[2022-10-04T03:47:54.462+0000] {logging_mixin.py:117} INFO - [2022-10-04T03:47:54.462+0000] {dag.py:2573} INFO - Sync 1 DAGs
[2022-10-04T03:47:54.495+0000] {logging_mixin.py:117} INFO - [2022-10-04T03:47:54.494+0000] {dag.py:3324} INFO - Setting next_dagrun for tutorial to 2022-10-03T03:47:54.494602+00:00, run_after=2022-10-04T03:47:54.494602+00:00
[2022-10-04T03:47:54.520+0000] {processor.py:178} INFO - Processing /usr/local/lib/python3.10/dist-packages/airflow/example_dags/tutorial.py took 0.103 seconds
[2022-10-04T03:48:34.248+0000] {processor.py:156} INFO - Started process (PID=1182) to work on /usr/local/lib/python3.10/dist-packages/airflow/example_dags/tutorial.py
[2022-10-04T03:48:34.250+0000] {processor.py:758} INFO - Processing file /usr/local/lib/python3.10/dist-packages/airflow/example_dags/tutorial.py for tasks to queue
[2022-10-04T03:48:34.251+0000] {logging_mixin.py:117} INFO - [2022-10-04T03:48:34.251+0000] {dagbag.py:525} INFO - Filling up the DagBag from /usr/local/lib/python3.10/dist-packages/airflow/example_dags/tutorial.py
[2022-10-04T03:48:34.265+0000] {processor.py:768} INFO - DAG(s) dict_keys(['tutorial']) retrieved from /usr/local/lib/python3.10/dist-packages/airflow/example_dags/tutorial.py
[2022-10-04T03:48:34.290+0000] {logging_mixin.py:117} INFO - [2022-10-04T03:48:34.289+0000] {dag.py:2573} INFO - Sync 1 DAGs
[2022-10-04T03:48:34.307+0000] {logging_mixin.py:117} INFO - [2022-10-04T03:48:34.307+0000] {dag.py:3324} INFO - Setting next_dagrun for tutorial to 2022-10-03T03:48:34.306955+00:00, run_after=2022-10-04T03:48:34.306955+00:00
[2022-10-04T03:48:34.329+0000] {processor.py:178} INFO - Processing /usr/local/lib/python3.10/dist-packages/airflow/example_dags/tutorial.py took 0.083 seconds
[2022-10-04T03:49:57.260+0000] {processor.py:156} INFO - Started process (PID=1269) to work on /usr/local/lib/python3.10/dist-packages/airflow/example_dags/tutorial.py
[2022-10-04T03:49:57.261+0000] {processor.py:758} INFO - Processing file /usr/local/lib/python3.10/dist-packages/airflow/example_dags/tutorial.py for tasks to queue
[2022-10-04T03:49:57.262+0000] {logging_mixin.py:117} INFO - [2022-10-04T03:49:57.262+0000] {dagbag.py:525} INFO - Filling up the DagBag from /usr/local/lib/python3.10/dist-packages/airflow/example_dags/tutorial.py
[2022-10-04T03:49:57.276+0000] {processor.py:768} INFO - DAG(s) dict_keys(['tutorial']) retrieved from /usr/local/lib/python3.10/dist-packages/airflow/example_dags/tutorial.py
[2022-10-04T03:49:57.302+0000] {logging_mixin.py:117} INFO - [2022-10-04T03:49:57.302+0000] {dag.py:2573} INFO - Sync 1 DAGs
[2022-10-04T03:49:57.319+0000] {logging_mixin.py:117} INFO - [2022-10-04T03:49:57.319+0000] {dag.py:3324} INFO - Setting next_dagrun for tutorial to 2022-10-03T03:49:57.319572+00:00, run_after=2022-10-04T03:49:57.319572+00:00
[2022-10-04T03:49:57.341+0000] {processor.py:178} INFO - Processing /usr/local/lib/python3.10/dist-packages/airflow/example_dags/tutorial.py took 0.084 seconds
[2022-10-04T03:50:39.271+0000] {processor.py:156} INFO - Started process (PID=1309) to work on /usr/local/lib/python3.10/dist-packages/airflow/example_dags/tutorial.py
[2022-10-04T03:50:39.273+0000] {processor.py:758} INFO - Processing file /usr/local/lib/python3.10/dist-packages/airflow/example_dags/tutorial.py for tasks to queue
[2022-10-04T03:50:39.274+0000] {logging_mixin.py:117} INFO - [2022-10-04T03:50:39.274+0000] {dagbag.py:525} INFO - Filling up the DagBag from /usr/local/lib/python3.10/dist-packages/airflow/example_dags/tutorial.py
[2022-10-04T03:50:39.292+0000] {processor.py:768} INFO - DAG(s) dict_keys(['tutorial']) retrieved from /usr/local/lib/python3.10/dist-packages/airflow/example_dags/tutorial.py
[2022-10-04T03:50:39.321+0000] {logging_mixin.py:117} INFO - [2022-10-04T03:50:39.321+0000] {dag.py:2573} INFO - Sync 1 DAGs
[2022-10-04T03:50:39.342+0000] {logging_mixin.py:117} INFO - [2022-10-04T03:50:39.342+0000] {dag.py:3324} INFO - Setting next_dagrun for tutorial to 2022-10-03T03:50:39.342322+00:00, run_after=2022-10-04T03:50:39.342322+00:00
[2022-10-04T03:50:39.366+0000] {processor.py:178} INFO - Processing /usr/local/lib/python3.10/dist-packages/airflow/example_dags/tutorial.py took 0.098 seconds
[2022-10-04T03:51:18.695+0000] {processor.py:156} INFO - Started process (PID=1352) to work on /usr/local/lib/python3.10/dist-packages/airflow/example_dags/tutorial.py
[2022-10-04T03:51:18.696+0000] {processor.py:758} INFO - Processing file /usr/local/lib/python3.10/dist-packages/airflow/example_dags/tutorial.py for tasks to queue
[2022-10-04T03:51:18.697+0000] {logging_mixin.py:117} INFO - [2022-10-04T03:51:18.696+0000] {dagbag.py:525} INFO - Filling up the DagBag from /usr/local/lib/python3.10/dist-packages/airflow/example_dags/tutorial.py
[2022-10-04T03:51:18.713+0000] {processor.py:768} INFO - DAG(s) dict_keys(['tutorial']) retrieved from /usr/local/lib/python3.10/dist-packages/airflow/example_dags/tutorial.py
[2022-10-04T03:51:18.742+0000] {logging_mixin.py:117} INFO - [2022-10-04T03:51:18.742+0000] {dag.py:2573} INFO - Sync 1 DAGs
[2022-10-04T03:51:18.763+0000] {logging_mixin.py:117} INFO - [2022-10-04T03:51:18.763+0000] {dag.py:3324} INFO - Setting next_dagrun for tutorial to 2022-10-03T03:51:18.763601+00:00, run_after=2022-10-04T03:51:18.763601+00:00
[2022-10-04T03:51:18.787+0000] {processor.py:178} INFO - Processing /usr/local/lib/python3.10/dist-packages/airflow/example_dags/tutorial.py took 0.096 seconds
[2022-10-04T03:51:59.026+0000] {processor.py:156} INFO - Started process (PID=1391) to work on /usr/local/lib/python3.10/dist-packages/airflow/example_dags/tutorial.py
[2022-10-04T03:51:59.027+0000] {processor.py:758} INFO - Processing file /usr/local/lib/python3.10/dist-packages/airflow/example_dags/tutorial.py for tasks to queue
[2022-10-04T03:51:59.028+0000] {logging_mixin.py:117} INFO - [2022-10-04T03:51:59.028+0000] {dagbag.py:525} INFO - Filling up the DagBag from /usr/local/lib/python3.10/dist-packages/airflow/example_dags/tutorial.py
[2022-10-04T03:51:59.044+0000] {processor.py:768} INFO - DAG(s) dict_keys(['tutorial']) retrieved from /usr/local/lib/python3.10/dist-packages/airflow/example_dags/tutorial.py
[2022-10-04T03:51:59.071+0000] {logging_mixin.py:117} INFO - [2022-10-04T03:51:59.070+0000] {dag.py:2573} INFO - Sync 1 DAGs
[2022-10-04T03:51:59.090+0000] {logging_mixin.py:117} INFO - [2022-10-04T03:51:59.089+0000] {dag.py:3324} INFO - Setting next_dagrun for tutorial to 2022-10-03T03:51:59.089703+00:00, run_after=2022-10-04T03:51:59.089703+00:00
[2022-10-04T03:51:59.112+0000] {processor.py:178} INFO - Processing /usr/local/lib/python3.10/dist-packages/airflow/example_dags/tutorial.py took 0.090 seconds
[2022-10-04T03:52:39.124+0000] {processor.py:156} INFO - Started process (PID=1429) to work on /usr/local/lib/python3.10/dist-packages/airflow/example_dags/tutorial.py
[2022-10-04T03:52:39.126+0000] {processor.py:758} INFO - Processing file /usr/local/lib/python3.10/dist-packages/airflow/example_dags/tutorial.py for tasks to queue
[2022-10-04T03:52:39.126+0000] {logging_mixin.py:117} INFO - [2022-10-04T03:52:39.126+0000] {dagbag.py:525} INFO - Filling up the DagBag from /usr/local/lib/python3.10/dist-packages/airflow/example_dags/tutorial.py
[2022-10-04T03:52:39.144+0000] {processor.py:768} INFO - DAG(s) dict_keys(['tutorial']) retrieved from /usr/local/lib/python3.10/dist-packages/airflow/example_dags/tutorial.py
[2022-10-04T03:52:39.173+0000] {logging_mixin.py:117} INFO - [2022-10-04T03:52:39.173+0000] {dag.py:2573} INFO - Sync 1 DAGs
[2022-10-04T03:52:39.193+0000] {logging_mixin.py:117} INFO - [2022-10-04T03:52:39.193+0000] {dag.py:3324} INFO - Setting next_dagrun for tutorial to 2022-10-03T03:52:39.193335+00:00, run_after=2022-10-04T03:52:39.193335+00:00
[2022-10-04T03:52:39.238+0000] {processor.py:178} INFO - Processing /usr/local/lib/python3.10/dist-packages/airflow/example_dags/tutorial.py took 0.117 seconds
[2022-10-04T03:53:17.238+0000] {processor.py:156} INFO - Started process (PID=1467) to work on /usr/local/lib/python3.10/dist-packages/airflow/example_dags/tutorial.py
[2022-10-04T03:53:17.239+0000] {processor.py:758} INFO - Processing file /usr/local/lib/python3.10/dist-packages/airflow/example_dags/tutorial.py for tasks to queue
[2022-10-04T03:53:17.239+0000] {logging_mixin.py:117} INFO - [2022-10-04T03:53:17.239+0000] {dagbag.py:525} INFO - Filling up the DagBag from /usr/local/lib/python3.10/dist-packages/airflow/example_dags/tutorial.py
[2022-10-04T03:53:17.256+0000] {processor.py:768} INFO - DAG(s) dict_keys(['tutorial']) retrieved from /usr/local/lib/python3.10/dist-packages/airflow/example_dags/tutorial.py
[2022-10-04T03:53:17.282+0000] {logging_mixin.py:117} INFO - [2022-10-04T03:53:17.282+0000] {dag.py:2573} INFO - Sync 1 DAGs
[2022-10-04T03:53:17.302+0000] {logging_mixin.py:117} INFO - [2022-10-04T03:53:17.302+0000] {dag.py:3324} INFO - Setting next_dagrun for tutorial to 2022-10-03T03:53:17.302375+00:00, run_after=2022-10-04T03:53:17.302375+00:00
[2022-10-04T03:53:17.328+0000] {processor.py:178} INFO - Processing /usr/local/lib/python3.10/dist-packages/airflow/example_dags/tutorial.py took 0.093 seconds
[2022-10-04T03:53:55.991+0000] {processor.py:156} INFO - Started process (PID=1509) to work on /usr/local/lib/python3.10/dist-packages/airflow/example_dags/tutorial.py
[2022-10-04T03:53:55.993+0000] {processor.py:758} INFO - Processing file /usr/local/lib/python3.10/dist-packages/airflow/example_dags/tutorial.py for tasks to queue
[2022-10-04T03:53:55.993+0000] {logging_mixin.py:117} INFO - [2022-10-04T03:53:55.993+0000] {dagbag.py:525} INFO - Filling up the DagBag from /usr/local/lib/python3.10/dist-packages/airflow/example_dags/tutorial.py
[2022-10-04T03:53:56.015+0000] {processor.py:768} INFO - DAG(s) dict_keys(['tutorial']) retrieved from /usr/local/lib/python3.10/dist-packages/airflow/example_dags/tutorial.py
[2022-10-04T03:53:56.067+0000] {logging_mixin.py:117} INFO - [2022-10-04T03:53:56.067+0000] {dag.py:2573} INFO - Sync 1 DAGs
[2022-10-04T03:53:56.088+0000] {logging_mixin.py:117} INFO - [2022-10-04T03:53:56.088+0000] {dag.py:3324} INFO - Setting next_dagrun for tutorial to 2022-10-03T03:53:56.088092+00:00, run_after=2022-10-04T03:53:56.088092+00:00
[2022-10-04T03:53:56.112+0000] {processor.py:178} INFO - Processing /usr/local/lib/python3.10/dist-packages/airflow/example_dags/tutorial.py took 0.124 seconds
[2022-10-04T03:55:07.208+0000] {processor.py:156} INFO - Started process (PID=1604) to work on /usr/local/lib/python3.10/dist-packages/airflow/example_dags/tutorial.py
[2022-10-04T03:55:07.209+0000] {processor.py:758} INFO - Processing file /usr/local/lib/python3.10/dist-packages/airflow/example_dags/tutorial.py for tasks to queue
[2022-10-04T03:55:07.210+0000] {logging_mixin.py:117} INFO - [2022-10-04T03:55:07.210+0000] {dagbag.py:525} INFO - Filling up the DagBag from /usr/local/lib/python3.10/dist-packages/airflow/example_dags/tutorial.py
[2022-10-04T03:55:07.226+0000] {processor.py:768} INFO - DAG(s) dict_keys(['tutorial']) retrieved from /usr/local/lib/python3.10/dist-packages/airflow/example_dags/tutorial.py
[2022-10-04T03:55:07.260+0000] {logging_mixin.py:117} INFO - [2022-10-04T03:55:07.260+0000] {dag.py:2573} INFO - Sync 1 DAGs
[2022-10-04T03:55:07.278+0000] {logging_mixin.py:117} INFO - [2022-10-04T03:55:07.278+0000] {dag.py:3324} INFO - Setting next_dagrun for tutorial to 2022-10-03T03:55:07.278348+00:00, run_after=2022-10-04T03:55:07.278348+00:00
[2022-10-04T03:55:07.322+0000] {processor.py:178} INFO - Processing /usr/local/lib/python3.10/dist-packages/airflow/example_dags/tutorial.py took 0.117 seconds
[2022-10-04T04:35:55.488+0000] {processor.py:156} INFO - Started process (PID=1800) to work on /usr/local/lib/python3.10/dist-packages/airflow/example_dags/tutorial.py
[2022-10-04T04:35:55.490+0000] {processor.py:758} INFO - Processing file /usr/local/lib/python3.10/dist-packages/airflow/example_dags/tutorial.py for tasks to queue
[2022-10-04T04:35:55.490+0000] {logging_mixin.py:117} INFO - [2022-10-04T04:35:55.490+0000] {dagbag.py:525} INFO - Filling up the DagBag from /usr/local/lib/python3.10/dist-packages/airflow/example_dags/tutorial.py
[2022-10-04T04:35:55.504+0000] {processor.py:768} INFO - DAG(s) dict_keys(['tutorial']) retrieved from /usr/local/lib/python3.10/dist-packages/airflow/example_dags/tutorial.py
[2022-10-04T04:35:55.529+0000] {logging_mixin.py:117} INFO - [2022-10-04T04:35:55.529+0000] {dag.py:2573} INFO - Sync 1 DAGs
[2022-10-04T04:35:55.546+0000] {logging_mixin.py:117} INFO - [2022-10-04T04:35:55.546+0000] {dag.py:3324} INFO - Setting next_dagrun for tutorial to 2022-10-03T04:35:55.546017+00:00, run_after=2022-10-04T04:35:55.546017+00:00
[2022-10-04T04:35:55.567+0000] {processor.py:178} INFO - Processing /usr/local/lib/python3.10/dist-packages/airflow/example_dags/tutorial.py took 0.081 seconds
[2022-10-04T04:37:33.890+0000] {processor.py:156} INFO - Started process (PID=1885) to work on /usr/local/lib/python3.10/dist-packages/airflow/example_dags/tutorial.py
[2022-10-04T04:37:33.891+0000] {processor.py:758} INFO - Processing file /usr/local/lib/python3.10/dist-packages/airflow/example_dags/tutorial.py for tasks to queue
[2022-10-04T04:37:33.892+0000] {logging_mixin.py:117} INFO - [2022-10-04T04:37:33.892+0000] {dagbag.py:525} INFO - Filling up the DagBag from /usr/local/lib/python3.10/dist-packages/airflow/example_dags/tutorial.py
[2022-10-04T04:37:33.906+0000] {processor.py:768} INFO - DAG(s) dict_keys(['tutorial']) retrieved from /usr/local/lib/python3.10/dist-packages/airflow/example_dags/tutorial.py
[2022-10-04T04:37:33.931+0000] {logging_mixin.py:117} INFO - [2022-10-04T04:37:33.931+0000] {dag.py:2573} INFO - Sync 1 DAGs
[2022-10-04T04:37:33.949+0000] {logging_mixin.py:117} INFO - [2022-10-04T04:37:33.949+0000] {dag.py:3324} INFO - Setting next_dagrun for tutorial to 2022-10-03T04:37:33.948919+00:00, run_after=2022-10-04T04:37:33.948919+00:00
[2022-10-04T04:37:33.970+0000] {processor.py:178} INFO - Processing /usr/local/lib/python3.10/dist-packages/airflow/example_dags/tutorial.py took 0.083 seconds
[2022-10-04T04:46:07.533+0000] {processor.py:156} INFO - Started process (PID=2015) to work on /usr/local/lib/python3.10/dist-packages/airflow/example_dags/tutorial.py
[2022-10-04T04:46:07.534+0000] {processor.py:758} INFO - Processing file /usr/local/lib/python3.10/dist-packages/airflow/example_dags/tutorial.py for tasks to queue
[2022-10-04T04:46:07.535+0000] {logging_mixin.py:117} INFO - [2022-10-04T04:46:07.535+0000] {dagbag.py:525} INFO - Filling up the DagBag from /usr/local/lib/python3.10/dist-packages/airflow/example_dags/tutorial.py
[2022-10-04T04:46:07.543+0000] {processor.py:768} INFO - DAG(s) dict_keys(['tutorial']) retrieved from /usr/local/lib/python3.10/dist-packages/airflow/example_dags/tutorial.py
[2022-10-04T04:46:07.568+0000] {logging_mixin.py:117} INFO - [2022-10-04T04:46:07.568+0000] {dag.py:2573} INFO - Sync 1 DAGs
[2022-10-04T04:46:07.584+0000] {logging_mixin.py:117} INFO - [2022-10-04T04:46:07.584+0000] {dag.py:3324} INFO - Setting next_dagrun for tutorial to 2022-10-03T04:46:07.583857+00:00, run_after=2022-10-04T04:46:07.583857+00:00
[2022-10-04T04:46:07.606+0000] {processor.py:178} INFO - Processing /usr/local/lib/python3.10/dist-packages/airflow/example_dags/tutorial.py took 0.076 seconds
[2022-10-04T04:46:45.220+0000] {processor.py:156} INFO - Started process (PID=2052) to work on /usr/local/lib/python3.10/dist-packages/airflow/example_dags/tutorial.py
[2022-10-04T04:46:45.221+0000] {processor.py:758} INFO - Processing file /usr/local/lib/python3.10/dist-packages/airflow/example_dags/tutorial.py for tasks to queue
[2022-10-04T04:46:45.222+0000] {logging_mixin.py:117} INFO - [2022-10-04T04:46:45.222+0000] {dagbag.py:525} INFO - Filling up the DagBag from /usr/local/lib/python3.10/dist-packages/airflow/example_dags/tutorial.py
[2022-10-04T04:46:45.246+0000] {processor.py:768} INFO - DAG(s) dict_keys(['tutorial']) retrieved from /usr/local/lib/python3.10/dist-packages/airflow/example_dags/tutorial.py
[2022-10-04T04:46:45.285+0000] {logging_mixin.py:117} INFO - [2022-10-04T04:46:45.285+0000] {dag.py:2573} INFO - Sync 1 DAGs
[2022-10-04T04:46:45.304+0000] {logging_mixin.py:117} INFO - [2022-10-04T04:46:45.303+0000] {dag.py:3324} INFO - Setting next_dagrun for tutorial to 2022-10-03T04:46:45.303740+00:00, run_after=2022-10-04T04:46:45.303740+00:00
[2022-10-04T04:46:45.326+0000] {processor.py:178} INFO - Processing /usr/local/lib/python3.10/dist-packages/airflow/example_dags/tutorial.py took 0.117 seconds
[2022-10-04T04:47:24.349+0000] {processor.py:156} INFO - Started process (PID=2090) to work on /usr/local/lib/python3.10/dist-packages/airflow/example_dags/tutorial.py
[2022-10-04T04:47:24.351+0000] {processor.py:758} INFO - Processing file /usr/local/lib/python3.10/dist-packages/airflow/example_dags/tutorial.py for tasks to queue
[2022-10-04T04:47:24.351+0000] {logging_mixin.py:117} INFO - [2022-10-04T04:47:24.351+0000] {dagbag.py:525} INFO - Filling up the DagBag from /usr/local/lib/python3.10/dist-packages/airflow/example_dags/tutorial.py
[2022-10-04T04:47:24.359+0000] {processor.py:768} INFO - DAG(s) dict_keys(['tutorial']) retrieved from /usr/local/lib/python3.10/dist-packages/airflow/example_dags/tutorial.py
[2022-10-04T04:47:24.380+0000] {logging_mixin.py:117} INFO - [2022-10-04T04:47:24.380+0000] {dag.py:2573} INFO - Sync 1 DAGs
[2022-10-04T04:47:24.396+0000] {logging_mixin.py:117} INFO - [2022-10-04T04:47:24.396+0000] {dag.py:3324} INFO - Setting next_dagrun for tutorial to 2022-10-03T04:47:24.395964+00:00, run_after=2022-10-04T04:47:24.395964+00:00
[2022-10-04T04:47:24.418+0000] {processor.py:178} INFO - Processing /usr/local/lib/python3.10/dist-packages/airflow/example_dags/tutorial.py took 0.072 seconds
[2022-10-04T04:48:02.200+0000] {processor.py:156} INFO - Started process (PID=2128) to work on /usr/local/lib/python3.10/dist-packages/airflow/example_dags/tutorial.py
[2022-10-04T04:48:02.201+0000] {processor.py:758} INFO - Processing file /usr/local/lib/python3.10/dist-packages/airflow/example_dags/tutorial.py for tasks to queue
[2022-10-04T04:48:02.202+0000] {logging_mixin.py:117} INFO - [2022-10-04T04:48:02.202+0000] {dagbag.py:525} INFO - Filling up the DagBag from /usr/local/lib/python3.10/dist-packages/airflow/example_dags/tutorial.py
[2022-10-04T04:48:02.212+0000] {processor.py:768} INFO - DAG(s) dict_keys(['tutorial']) retrieved from /usr/local/lib/python3.10/dist-packages/airflow/example_dags/tutorial.py
[2022-10-04T04:48:02.237+0000] {logging_mixin.py:117} INFO - [2022-10-04T04:48:02.236+0000] {dag.py:2573} INFO - Sync 1 DAGs
[2022-10-04T04:48:02.256+0000] {logging_mixin.py:117} INFO - [2022-10-04T04:48:02.256+0000] {dag.py:3324} INFO - Setting next_dagrun for tutorial to 2022-10-03T04:48:02.256256+00:00, run_after=2022-10-04T04:48:02.256256+00:00
[2022-10-04T04:48:02.282+0000] {processor.py:178} INFO - Processing /usr/local/lib/python3.10/dist-packages/airflow/example_dags/tutorial.py took 0.085 seconds
[2022-10-04T04:48:38.714+0000] {processor.py:156} INFO - Started process (PID=2165) to work on /usr/local/lib/python3.10/dist-packages/airflow/example_dags/tutorial.py
[2022-10-04T04:48:38.715+0000] {processor.py:758} INFO - Processing file /usr/local/lib/python3.10/dist-packages/airflow/example_dags/tutorial.py for tasks to queue
[2022-10-04T04:48:38.716+0000] {logging_mixin.py:117} INFO - [2022-10-04T04:48:38.716+0000] {dagbag.py:525} INFO - Filling up the DagBag from /usr/local/lib/python3.10/dist-packages/airflow/example_dags/tutorial.py
[2022-10-04T04:48:38.724+0000] {processor.py:768} INFO - DAG(s) dict_keys(['tutorial']) retrieved from /usr/local/lib/python3.10/dist-packages/airflow/example_dags/tutorial.py
[2022-10-04T04:48:38.744+0000] {logging_mixin.py:117} INFO - [2022-10-04T04:48:38.744+0000] {dag.py:2573} INFO - Sync 1 DAGs
[2022-10-04T04:48:38.759+0000] {logging_mixin.py:117} INFO - [2022-10-04T04:48:38.758+0000] {dag.py:3324} INFO - Setting next_dagrun for tutorial to 2022-10-03T04:48:38.758653+00:00, run_after=2022-10-04T04:48:38.758653+00:00
[2022-10-04T04:48:38.780+0000] {processor.py:178} INFO - Processing /usr/local/lib/python3.10/dist-packages/airflow/example_dags/tutorial.py took 0.069 seconds
[2022-10-04T04:49:15.771+0000] {processor.py:156} INFO - Started process (PID=2203) to work on /usr/local/lib/python3.10/dist-packages/airflow/example_dags/tutorial.py
[2022-10-04T04:49:15.772+0000] {processor.py:758} INFO - Processing file /usr/local/lib/python3.10/dist-packages/airflow/example_dags/tutorial.py for tasks to queue
[2022-10-04T04:49:15.773+0000] {logging_mixin.py:117} INFO - [2022-10-04T04:49:15.773+0000] {dagbag.py:525} INFO - Filling up the DagBag from /usr/local/lib/python3.10/dist-packages/airflow/example_dags/tutorial.py
[2022-10-04T04:49:15.783+0000] {processor.py:768} INFO - DAG(s) dict_keys(['tutorial']) retrieved from /usr/local/lib/python3.10/dist-packages/airflow/example_dags/tutorial.py
[2022-10-04T04:49:15.809+0000] {logging_mixin.py:117} INFO - [2022-10-04T04:49:15.809+0000] {dag.py:2573} INFO - Sync 1 DAGs
[2022-10-04T04:49:15.831+0000] {logging_mixin.py:117} INFO - [2022-10-04T04:49:15.830+0000] {dag.py:3324} INFO - Setting next_dagrun for tutorial to 2022-10-03T04:49:15.830610+00:00, run_after=2022-10-04T04:49:15.830610+00:00
[2022-10-04T04:49:15.855+0000] {processor.py:178} INFO - Processing /usr/local/lib/python3.10/dist-packages/airflow/example_dags/tutorial.py took 0.088 seconds
[2022-10-04T04:49:58.475+0000] {processor.py:156} INFO - Started process (PID=2244) to work on /usr/local/lib/python3.10/dist-packages/airflow/example_dags/tutorial.py
[2022-10-04T04:49:58.476+0000] {processor.py:758} INFO - Processing file /usr/local/lib/python3.10/dist-packages/airflow/example_dags/tutorial.py for tasks to queue
[2022-10-04T04:49:58.477+0000] {logging_mixin.py:117} INFO - [2022-10-04T04:49:58.477+0000] {dagbag.py:525} INFO - Filling up the DagBag from /usr/local/lib/python3.10/dist-packages/airflow/example_dags/tutorial.py
[2022-10-04T04:49:58.485+0000] {processor.py:768} INFO - DAG(s) dict_keys(['tutorial']) retrieved from /usr/local/lib/python3.10/dist-packages/airflow/example_dags/tutorial.py
[2022-10-04T04:49:58.507+0000] {logging_mixin.py:117} INFO - [2022-10-04T04:49:58.507+0000] {dag.py:2573} INFO - Sync 1 DAGs
[2022-10-04T04:49:58.524+0000] {logging_mixin.py:117} INFO - [2022-10-04T04:49:58.523+0000] {dag.py:3324} INFO - Setting next_dagrun for tutorial to 2022-10-03T04:49:58.523651+00:00, run_after=2022-10-04T04:49:58.523651+00:00
[2022-10-04T04:49:58.545+0000] {processor.py:178} INFO - Processing /usr/local/lib/python3.10/dist-packages/airflow/example_dags/tutorial.py took 0.073 seconds
[2022-10-04T04:50:34.774+0000] {processor.py:156} INFO - Started process (PID=2282) to work on /usr/local/lib/python3.10/dist-packages/airflow/example_dags/tutorial.py
[2022-10-04T04:50:34.775+0000] {processor.py:758} INFO - Processing file /usr/local/lib/python3.10/dist-packages/airflow/example_dags/tutorial.py for tasks to queue
[2022-10-04T04:50:34.776+0000] {logging_mixin.py:117} INFO - [2022-10-04T04:50:34.776+0000] {dagbag.py:525} INFO - Filling up the DagBag from /usr/local/lib/python3.10/dist-packages/airflow/example_dags/tutorial.py
[2022-10-04T04:50:34.784+0000] {processor.py:768} INFO - DAG(s) dict_keys(['tutorial']) retrieved from /usr/local/lib/python3.10/dist-packages/airflow/example_dags/tutorial.py
[2022-10-04T04:50:34.806+0000] {logging_mixin.py:117} INFO - [2022-10-04T04:50:34.806+0000] {dag.py:2573} INFO - Sync 1 DAGs
[2022-10-04T04:50:34.821+0000] {logging_mixin.py:117} INFO - [2022-10-04T04:50:34.821+0000] {dag.py:3324} INFO - Setting next_dagrun for tutorial to 2022-10-03T04:50:34.821119+00:00, run_after=2022-10-04T04:50:34.821119+00:00
[2022-10-04T04:50:34.843+0000] {processor.py:178} INFO - Processing /usr/local/lib/python3.10/dist-packages/airflow/example_dags/tutorial.py took 0.072 seconds
[2022-10-04T04:51:12.239+0000] {processor.py:156} INFO - Started process (PID=2320) to work on /usr/local/lib/python3.10/dist-packages/airflow/example_dags/tutorial.py
[2022-10-04T04:51:12.240+0000] {processor.py:758} INFO - Processing file /usr/local/lib/python3.10/dist-packages/airflow/example_dags/tutorial.py for tasks to queue
[2022-10-04T04:51:12.241+0000] {logging_mixin.py:117} INFO - [2022-10-04T04:51:12.241+0000] {dagbag.py:525} INFO - Filling up the DagBag from /usr/local/lib/python3.10/dist-packages/airflow/example_dags/tutorial.py
[2022-10-04T04:51:12.267+0000] {processor.py:768} INFO - DAG(s) dict_keys(['tutorial']) retrieved from /usr/local/lib/python3.10/dist-packages/airflow/example_dags/tutorial.py
[2022-10-04T04:51:12.292+0000] {logging_mixin.py:117} INFO - [2022-10-04T04:51:12.292+0000] {dag.py:2573} INFO - Sync 1 DAGs
[2022-10-04T04:51:12.309+0000] {logging_mixin.py:117} INFO - [2022-10-04T04:51:12.309+0000] {dag.py:3324} INFO - Setting next_dagrun for tutorial to 2022-10-03T04:51:12.309316+00:00, run_after=2022-10-04T04:51:12.309316+00:00
[2022-10-04T04:51:12.333+0000] {processor.py:178} INFO - Processing /usr/local/lib/python3.10/dist-packages/airflow/example_dags/tutorial.py took 0.097 seconds
[2022-10-04T04:51:54.747+0000] {processor.py:156} INFO - Started process (PID=2360) to work on /usr/local/lib/python3.10/dist-packages/airflow/example_dags/tutorial.py
[2022-10-04T04:51:54.748+0000] {processor.py:758} INFO - Processing file /usr/local/lib/python3.10/dist-packages/airflow/example_dags/tutorial.py for tasks to queue
[2022-10-04T04:51:54.749+0000] {logging_mixin.py:117} INFO - [2022-10-04T04:51:54.748+0000] {dagbag.py:525} INFO - Filling up the DagBag from /usr/local/lib/python3.10/dist-packages/airflow/example_dags/tutorial.py
[2022-10-04T04:51:54.757+0000] {processor.py:768} INFO - DAG(s) dict_keys(['tutorial']) retrieved from /usr/local/lib/python3.10/dist-packages/airflow/example_dags/tutorial.py
[2022-10-04T04:51:54.778+0000] {logging_mixin.py:117} INFO - [2022-10-04T04:51:54.778+0000] {dag.py:2573} INFO - Sync 1 DAGs
[2022-10-04T04:51:54.794+0000] {logging_mixin.py:117} INFO - [2022-10-04T04:51:54.794+0000] {dag.py:3324} INFO - Setting next_dagrun for tutorial to 2022-10-03T04:51:54.794160+00:00, run_after=2022-10-04T04:51:54.794160+00:00
[2022-10-04T04:51:54.817+0000] {processor.py:178} INFO - Processing /usr/local/lib/python3.10/dist-packages/airflow/example_dags/tutorial.py took 0.073 seconds
[2022-10-04T04:52:38.435+0000] {processor.py:156} INFO - Started process (PID=2404) to work on /usr/local/lib/python3.10/dist-packages/airflow/example_dags/tutorial.py
[2022-10-04T04:52:38.436+0000] {processor.py:758} INFO - Processing file /usr/local/lib/python3.10/dist-packages/airflow/example_dags/tutorial.py for tasks to queue
[2022-10-04T04:52:38.437+0000] {logging_mixin.py:117} INFO - [2022-10-04T04:52:38.436+0000] {dagbag.py:525} INFO - Filling up the DagBag from /usr/local/lib/python3.10/dist-packages/airflow/example_dags/tutorial.py
[2022-10-04T04:52:38.445+0000] {processor.py:768} INFO - DAG(s) dict_keys(['tutorial']) retrieved from /usr/local/lib/python3.10/dist-packages/airflow/example_dags/tutorial.py
[2022-10-04T04:52:38.468+0000] {logging_mixin.py:117} INFO - [2022-10-04T04:52:38.468+0000] {dag.py:2573} INFO - Sync 1 DAGs
[2022-10-04T04:52:38.484+0000] {logging_mixin.py:117} INFO - [2022-10-04T04:52:38.484+0000] {dag.py:3324} INFO - Setting next_dagrun for tutorial to 2022-10-03T04:52:38.484472+00:00, run_after=2022-10-04T04:52:38.484472+00:00
[2022-10-04T04:52:38.507+0000] {processor.py:178} INFO - Processing /usr/local/lib/python3.10/dist-packages/airflow/example_dags/tutorial.py took 0.075 seconds
[2022-10-04T04:53:22.103+0000] {processor.py:156} INFO - Started process (PID=2447) to work on /usr/local/lib/python3.10/dist-packages/airflow/example_dags/tutorial.py
[2022-10-04T04:53:22.104+0000] {processor.py:758} INFO - Processing file /usr/local/lib/python3.10/dist-packages/airflow/example_dags/tutorial.py for tasks to queue
[2022-10-04T04:53:22.105+0000] {logging_mixin.py:117} INFO - [2022-10-04T04:53:22.105+0000] {dagbag.py:525} INFO - Filling up the DagBag from /usr/local/lib/python3.10/dist-packages/airflow/example_dags/tutorial.py
[2022-10-04T04:53:22.112+0000] {processor.py:768} INFO - DAG(s) dict_keys(['tutorial']) retrieved from /usr/local/lib/python3.10/dist-packages/airflow/example_dags/tutorial.py
[2022-10-04T04:53:22.132+0000] {logging_mixin.py:117} INFO - [2022-10-04T04:53:22.132+0000] {dag.py:2573} INFO - Sync 1 DAGs
[2022-10-04T04:53:22.146+0000] {logging_mixin.py:117} INFO - [2022-10-04T04:53:22.146+0000] {dag.py:3324} INFO - Setting next_dagrun for tutorial to 2022-10-03T04:53:22.146450+00:00, run_after=2022-10-04T04:53:22.146450+00:00
[2022-10-04T04:53:22.168+0000] {processor.py:178} INFO - Processing /usr/local/lib/python3.10/dist-packages/airflow/example_dags/tutorial.py took 0.069 seconds
[2022-10-04T04:54:02.799+0000] {processor.py:156} INFO - Started process (PID=2488) to work on /usr/local/lib/python3.10/dist-packages/airflow/example_dags/tutorial.py
[2022-10-04T04:54:02.800+0000] {processor.py:758} INFO - Processing file /usr/local/lib/python3.10/dist-packages/airflow/example_dags/tutorial.py for tasks to queue
[2022-10-04T04:54:02.801+0000] {logging_mixin.py:117} INFO - [2022-10-04T04:54:02.801+0000] {dagbag.py:525} INFO - Filling up the DagBag from /usr/local/lib/python3.10/dist-packages/airflow/example_dags/tutorial.py
[2022-10-04T04:54:02.813+0000] {processor.py:768} INFO - DAG(s) dict_keys(['tutorial']) retrieved from /usr/local/lib/python3.10/dist-packages/airflow/example_dags/tutorial.py
[2022-10-04T04:54:02.835+0000] {logging_mixin.py:117} INFO - [2022-10-04T04:54:02.835+0000] {dag.py:2573} INFO - Sync 1 DAGs
[2022-10-04T04:54:02.851+0000] {logging_mixin.py:117} INFO - [2022-10-04T04:54:02.851+0000] {dag.py:3324} INFO - Setting next_dagrun for tutorial to 2022-10-03T04:54:02.850910+00:00, run_after=2022-10-04T04:54:02.850910+00:00
[2022-10-04T04:54:02.873+0000] {processor.py:178} INFO - Processing /usr/local/lib/python3.10/dist-packages/airflow/example_dags/tutorial.py took 0.077 seconds
