[2022-10-04T03:09:13.857+0000] {processor.py:156} INFO - Started process (PID=7692) to work on /usr/local/lib/python3.10/dist-packages/airflow/example_dags/tutorial_dag.py
[2022-10-04T03:09:13.858+0000] {processor.py:758} INFO - Processing file /usr/local/lib/python3.10/dist-packages/airflow/example_dags/tutorial_dag.py for tasks to queue
[2022-10-04T03:09:13.858+0000] {logging_mixin.py:117} INFO - [2022-10-04T03:09:13.858+0000] {dagbag.py:525} INFO - Filling up the DagBag from /usr/local/lib/python3.10/dist-packages/airflow/example_dags/tutorial_dag.py
[2022-10-04T03:09:13.889+0000] {processor.py:768} INFO - DAG(s) dict_keys(['tutorial_dag']) retrieved from /usr/local/lib/python3.10/dist-packages/airflow/example_dags/tutorial_dag.py
[2022-10-04T03:09:13.997+0000] {logging_mixin.py:117} INFO - [2022-10-04T03:09:13.997+0000] {manager.py:508} INFO - Created Permission View: can read on DAG:tutorial_dag
[2022-10-04T03:09:14.009+0000] {logging_mixin.py:117} INFO - [2022-10-04T03:09:14.009+0000] {manager.py:508} INFO - Created Permission View: can delete on DAG:tutorial_dag
[2022-10-04T03:09:14.021+0000] {logging_mixin.py:117} INFO - [2022-10-04T03:09:14.020+0000] {manager.py:508} INFO - Created Permission View: can edit on DAG:tutorial_dag
[2022-10-04T03:09:14.021+0000] {logging_mixin.py:117} INFO - [2022-10-04T03:09:14.021+0000] {dag.py:2573} INFO - Sync 1 DAGs
[2022-10-04T03:09:14.030+0000] {logging_mixin.py:117} INFO - [2022-10-04T03:09:14.030+0000] {dag.py:2594} INFO - Creating ORM DAG for tutorial_dag
[2022-10-04T03:09:14.037+0000] {logging_mixin.py:117} INFO - [2022-10-04T03:09:14.037+0000] {dag.py:3324} INFO - Setting next_dagrun for tutorial_dag to None, run_after=None
[2022-10-04T03:09:14.059+0000] {processor.py:178} INFO - Processing /usr/local/lib/python3.10/dist-packages/airflow/example_dags/tutorial_dag.py took 0.204 seconds
[2022-10-04T03:09:54.173+0000] {processor.py:156} INFO - Started process (PID=7729) to work on /usr/local/lib/python3.10/dist-packages/airflow/example_dags/tutorial_dag.py
[2022-10-04T03:09:54.174+0000] {processor.py:758} INFO - Processing file /usr/local/lib/python3.10/dist-packages/airflow/example_dags/tutorial_dag.py for tasks to queue
[2022-10-04T03:09:54.174+0000] {logging_mixin.py:117} INFO - [2022-10-04T03:09:54.174+0000] {dagbag.py:525} INFO - Filling up the DagBag from /usr/local/lib/python3.10/dist-packages/airflow/example_dags/tutorial_dag.py
[2022-10-04T03:09:54.187+0000] {processor.py:768} INFO - DAG(s) dict_keys(['tutorial_dag']) retrieved from /usr/local/lib/python3.10/dist-packages/airflow/example_dags/tutorial_dag.py
[2022-10-04T03:09:54.209+0000] {logging_mixin.py:117} INFO - [2022-10-04T03:09:54.209+0000] {dag.py:2573} INFO - Sync 1 DAGs
[2022-10-04T03:09:54.225+0000] {logging_mixin.py:117} INFO - [2022-10-04T03:09:54.225+0000] {dag.py:3324} INFO - Setting next_dagrun for tutorial_dag to None, run_after=None
[2022-10-04T03:09:54.246+0000] {processor.py:178} INFO - Processing /usr/local/lib/python3.10/dist-packages/airflow/example_dags/tutorial_dag.py took 0.076 seconds
[2022-10-04T03:10:34.579+0000] {processor.py:156} INFO - Started process (PID=7778) to work on /usr/local/lib/python3.10/dist-packages/airflow/example_dags/tutorial_dag.py
[2022-10-04T03:10:34.580+0000] {processor.py:758} INFO - Processing file /usr/local/lib/python3.10/dist-packages/airflow/example_dags/tutorial_dag.py for tasks to queue
[2022-10-04T03:10:34.583+0000] {logging_mixin.py:117} INFO - [2022-10-04T03:10:34.583+0000] {dagbag.py:525} INFO - Filling up the DagBag from /usr/local/lib/python3.10/dist-packages/airflow/example_dags/tutorial_dag.py
[2022-10-04T03:10:34.614+0000] {processor.py:768} INFO - DAG(s) dict_keys(['tutorial_dag']) retrieved from /usr/local/lib/python3.10/dist-packages/airflow/example_dags/tutorial_dag.py
[2022-10-04T03:10:34.660+0000] {logging_mixin.py:117} INFO - [2022-10-04T03:10:34.659+0000] {dag.py:2573} INFO - Sync 1 DAGs
[2022-10-04T03:10:34.702+0000] {logging_mixin.py:117} INFO - [2022-10-04T03:10:34.691+0000] {dag.py:3324} INFO - Setting next_dagrun for tutorial_dag to None, run_after=None
[2022-10-04T03:10:34.739+0000] {processor.py:178} INFO - Processing /usr/local/lib/python3.10/dist-packages/airflow/example_dags/tutorial_dag.py took 0.168 seconds
[2022-10-04T03:11:14.899+0000] {processor.py:156} INFO - Started process (PID=7821) to work on /usr/local/lib/python3.10/dist-packages/airflow/example_dags/tutorial_dag.py
[2022-10-04T03:11:14.900+0000] {processor.py:758} INFO - Processing file /usr/local/lib/python3.10/dist-packages/airflow/example_dags/tutorial_dag.py for tasks to queue
[2022-10-04T03:11:14.901+0000] {logging_mixin.py:117} INFO - [2022-10-04T03:11:14.900+0000] {dagbag.py:525} INFO - Filling up the DagBag from /usr/local/lib/python3.10/dist-packages/airflow/example_dags/tutorial_dag.py
[2022-10-04T03:11:14.915+0000] {processor.py:768} INFO - DAG(s) dict_keys(['tutorial_dag']) retrieved from /usr/local/lib/python3.10/dist-packages/airflow/example_dags/tutorial_dag.py
[2022-10-04T03:11:14.935+0000] {logging_mixin.py:117} INFO - [2022-10-04T03:11:14.935+0000] {dag.py:2573} INFO - Sync 1 DAGs
[2022-10-04T03:11:14.951+0000] {logging_mixin.py:117} INFO - [2022-10-04T03:11:14.951+0000] {dag.py:3324} INFO - Setting next_dagrun for tutorial_dag to None, run_after=None
[2022-10-04T03:11:14.971+0000] {processor.py:178} INFO - Processing /usr/local/lib/python3.10/dist-packages/airflow/example_dags/tutorial_dag.py took 0.075 seconds
[2022-10-04T03:11:54.591+0000] {processor.py:156} INFO - Started process (PID=7858) to work on /usr/local/lib/python3.10/dist-packages/airflow/example_dags/tutorial_dag.py
[2022-10-04T03:11:54.593+0000] {processor.py:758} INFO - Processing file /usr/local/lib/python3.10/dist-packages/airflow/example_dags/tutorial_dag.py for tasks to queue
[2022-10-04T03:11:54.593+0000] {logging_mixin.py:117} INFO - [2022-10-04T03:11:54.593+0000] {dagbag.py:525} INFO - Filling up the DagBag from /usr/local/lib/python3.10/dist-packages/airflow/example_dags/tutorial_dag.py
[2022-10-04T03:11:54.610+0000] {processor.py:768} INFO - DAG(s) dict_keys(['tutorial_dag']) retrieved from /usr/local/lib/python3.10/dist-packages/airflow/example_dags/tutorial_dag.py
[2022-10-04T03:11:54.633+0000] {logging_mixin.py:117} INFO - [2022-10-04T03:11:54.632+0000] {dag.py:2573} INFO - Sync 1 DAGs
[2022-10-04T03:11:54.651+0000] {logging_mixin.py:117} INFO - [2022-10-04T03:11:54.650+0000] {dag.py:3324} INFO - Setting next_dagrun for tutorial_dag to None, run_after=None
[2022-10-04T03:11:54.672+0000] {processor.py:178} INFO - Processing /usr/local/lib/python3.10/dist-packages/airflow/example_dags/tutorial_dag.py took 0.083 seconds
[2022-10-04T03:12:32.973+0000] {processor.py:156} INFO - Started process (PID=7899) to work on /usr/local/lib/python3.10/dist-packages/airflow/example_dags/tutorial_dag.py
[2022-10-04T03:12:32.974+0000] {processor.py:758} INFO - Processing file /usr/local/lib/python3.10/dist-packages/airflow/example_dags/tutorial_dag.py for tasks to queue
[2022-10-04T03:12:32.975+0000] {logging_mixin.py:117} INFO - [2022-10-04T03:12:32.975+0000] {dagbag.py:525} INFO - Filling up the DagBag from /usr/local/lib/python3.10/dist-packages/airflow/example_dags/tutorial_dag.py
[2022-10-04T03:12:32.989+0000] {processor.py:768} INFO - DAG(s) dict_keys(['tutorial_dag']) retrieved from /usr/local/lib/python3.10/dist-packages/airflow/example_dags/tutorial_dag.py
[2022-10-04T03:12:33.009+0000] {logging_mixin.py:117} INFO - [2022-10-04T03:12:33.009+0000] {dag.py:2573} INFO - Sync 1 DAGs
[2022-10-04T03:12:33.027+0000] {logging_mixin.py:117} INFO - [2022-10-04T03:12:33.027+0000] {dag.py:3324} INFO - Setting next_dagrun for tutorial_dag to None, run_after=None
[2022-10-04T03:12:33.056+0000] {processor.py:178} INFO - Processing /usr/local/lib/python3.10/dist-packages/airflow/example_dags/tutorial_dag.py took 0.085 seconds
[2022-10-04T03:13:12.194+0000] {processor.py:156} INFO - Started process (PID=7937) to work on /usr/local/lib/python3.10/dist-packages/airflow/example_dags/tutorial_dag.py
[2022-10-04T03:13:12.195+0000] {processor.py:758} INFO - Processing file /usr/local/lib/python3.10/dist-packages/airflow/example_dags/tutorial_dag.py for tasks to queue
[2022-10-04T03:13:12.196+0000] {logging_mixin.py:117} INFO - [2022-10-04T03:13:12.196+0000] {dagbag.py:525} INFO - Filling up the DagBag from /usr/local/lib/python3.10/dist-packages/airflow/example_dags/tutorial_dag.py
[2022-10-04T03:13:12.209+0000] {processor.py:768} INFO - DAG(s) dict_keys(['tutorial_dag']) retrieved from /usr/local/lib/python3.10/dist-packages/airflow/example_dags/tutorial_dag.py
[2022-10-04T03:13:12.229+0000] {logging_mixin.py:117} INFO - [2022-10-04T03:13:12.229+0000] {dag.py:2573} INFO - Sync 1 DAGs
[2022-10-04T03:13:12.246+0000] {logging_mixin.py:117} INFO - [2022-10-04T03:13:12.246+0000] {dag.py:3324} INFO - Setting next_dagrun for tutorial_dag to None, run_after=None
[2022-10-04T03:13:12.265+0000] {processor.py:178} INFO - Processing /usr/local/lib/python3.10/dist-packages/airflow/example_dags/tutorial_dag.py took 0.074 seconds
[2022-10-04T03:13:48.737+0000] {processor.py:156} INFO - Started process (PID=7974) to work on /usr/local/lib/python3.10/dist-packages/airflow/example_dags/tutorial_dag.py
[2022-10-04T03:13:48.738+0000] {processor.py:758} INFO - Processing file /usr/local/lib/python3.10/dist-packages/airflow/example_dags/tutorial_dag.py for tasks to queue
[2022-10-04T03:13:48.739+0000] {logging_mixin.py:117} INFO - [2022-10-04T03:13:48.739+0000] {dagbag.py:525} INFO - Filling up the DagBag from /usr/local/lib/python3.10/dist-packages/airflow/example_dags/tutorial_dag.py
[2022-10-04T03:13:48.754+0000] {processor.py:768} INFO - DAG(s) dict_keys(['tutorial_dag']) retrieved from /usr/local/lib/python3.10/dist-packages/airflow/example_dags/tutorial_dag.py
[2022-10-04T03:13:48.776+0000] {logging_mixin.py:117} INFO - [2022-10-04T03:13:48.776+0000] {dag.py:2573} INFO - Sync 1 DAGs
[2022-10-04T03:13:48.792+0000] {logging_mixin.py:117} INFO - [2022-10-04T03:13:48.792+0000] {dag.py:3324} INFO - Setting next_dagrun for tutorial_dag to None, run_after=None
[2022-10-04T03:13:48.813+0000] {processor.py:178} INFO - Processing /usr/local/lib/python3.10/dist-packages/airflow/example_dags/tutorial_dag.py took 0.079 seconds
[2022-10-04T03:14:31.211+0000] {processor.py:156} INFO - Started process (PID=8018) to work on /usr/local/lib/python3.10/dist-packages/airflow/example_dags/tutorial_dag.py
[2022-10-04T03:14:31.212+0000] {processor.py:758} INFO - Processing file /usr/local/lib/python3.10/dist-packages/airflow/example_dags/tutorial_dag.py for tasks to queue
[2022-10-04T03:14:31.213+0000] {logging_mixin.py:117} INFO - [2022-10-04T03:14:31.213+0000] {dagbag.py:525} INFO - Filling up the DagBag from /usr/local/lib/python3.10/dist-packages/airflow/example_dags/tutorial_dag.py
[2022-10-04T03:14:31.226+0000] {processor.py:768} INFO - DAG(s) dict_keys(['tutorial_dag']) retrieved from /usr/local/lib/python3.10/dist-packages/airflow/example_dags/tutorial_dag.py
[2022-10-04T03:14:31.247+0000] {logging_mixin.py:117} INFO - [2022-10-04T03:14:31.247+0000] {dag.py:2573} INFO - Sync 1 DAGs
[2022-10-04T03:14:31.263+0000] {logging_mixin.py:117} INFO - [2022-10-04T03:14:31.263+0000] {dag.py:3324} INFO - Setting next_dagrun for tutorial_dag to None, run_after=None
[2022-10-04T03:14:31.283+0000] {processor.py:178} INFO - Processing /usr/local/lib/python3.10/dist-packages/airflow/example_dags/tutorial_dag.py took 0.075 seconds
[2022-10-04T03:15:08.260+0000] {processor.py:156} INFO - Started process (PID=8053) to work on /usr/local/lib/python3.10/dist-packages/airflow/example_dags/tutorial_dag.py
[2022-10-04T03:15:08.261+0000] {processor.py:758} INFO - Processing file /usr/local/lib/python3.10/dist-packages/airflow/example_dags/tutorial_dag.py for tasks to queue
[2022-10-04T03:15:08.261+0000] {logging_mixin.py:117} INFO - [2022-10-04T03:15:08.261+0000] {dagbag.py:525} INFO - Filling up the DagBag from /usr/local/lib/python3.10/dist-packages/airflow/example_dags/tutorial_dag.py
[2022-10-04T03:15:08.276+0000] {processor.py:768} INFO - DAG(s) dict_keys(['tutorial_dag']) retrieved from /usr/local/lib/python3.10/dist-packages/airflow/example_dags/tutorial_dag.py
[2022-10-04T03:15:08.311+0000] {logging_mixin.py:117} INFO - [2022-10-04T03:15:08.311+0000] {dag.py:2573} INFO - Sync 1 DAGs
[2022-10-04T03:15:08.332+0000] {logging_mixin.py:117} INFO - [2022-10-04T03:15:08.332+0000] {dag.py:3324} INFO - Setting next_dagrun for tutorial_dag to None, run_after=None
[2022-10-04T03:15:08.355+0000] {processor.py:178} INFO - Processing /usr/local/lib/python3.10/dist-packages/airflow/example_dags/tutorial_dag.py took 0.098 seconds
[2022-10-04T03:15:52.586+0000] {processor.py:156} INFO - Started process (PID=8097) to work on /usr/local/lib/python3.10/dist-packages/airflow/example_dags/tutorial_dag.py
[2022-10-04T03:15:52.587+0000] {processor.py:758} INFO - Processing file /usr/local/lib/python3.10/dist-packages/airflow/example_dags/tutorial_dag.py for tasks to queue
[2022-10-04T03:15:52.588+0000] {logging_mixin.py:117} INFO - [2022-10-04T03:15:52.588+0000] {dagbag.py:525} INFO - Filling up the DagBag from /usr/local/lib/python3.10/dist-packages/airflow/example_dags/tutorial_dag.py
[2022-10-04T03:15:52.602+0000] {processor.py:768} INFO - DAG(s) dict_keys(['tutorial_dag']) retrieved from /usr/local/lib/python3.10/dist-packages/airflow/example_dags/tutorial_dag.py
[2022-10-04T03:15:52.624+0000] {logging_mixin.py:117} INFO - [2022-10-04T03:15:52.623+0000] {dag.py:2573} INFO - Sync 1 DAGs
[2022-10-04T03:15:52.641+0000] {logging_mixin.py:117} INFO - [2022-10-04T03:15:52.641+0000] {dag.py:3324} INFO - Setting next_dagrun for tutorial_dag to None, run_after=None
[2022-10-04T03:15:52.664+0000] {processor.py:178} INFO - Processing /usr/local/lib/python3.10/dist-packages/airflow/example_dags/tutorial_dag.py took 0.081 seconds
[2022-10-04T03:16:30.084+0000] {processor.py:156} INFO - Started process (PID=8221) to work on /usr/local/lib/python3.10/dist-packages/airflow/example_dags/tutorial_dag.py
[2022-10-04T03:16:30.085+0000] {processor.py:758} INFO - Processing file /usr/local/lib/python3.10/dist-packages/airflow/example_dags/tutorial_dag.py for tasks to queue
[2022-10-04T03:16:30.086+0000] {logging_mixin.py:117} INFO - [2022-10-04T03:16:30.086+0000] {dagbag.py:525} INFO - Filling up the DagBag from /usr/local/lib/python3.10/dist-packages/airflow/example_dags/tutorial_dag.py
[2022-10-04T03:16:30.100+0000] {processor.py:768} INFO - DAG(s) dict_keys(['tutorial_dag']) retrieved from /usr/local/lib/python3.10/dist-packages/airflow/example_dags/tutorial_dag.py
[2022-10-04T03:16:30.125+0000] {logging_mixin.py:117} INFO - [2022-10-04T03:16:30.124+0000] {dag.py:2573} INFO - Sync 1 DAGs
[2022-10-04T03:16:30.145+0000] {logging_mixin.py:117} INFO - [2022-10-04T03:16:30.145+0000] {dag.py:3324} INFO - Setting next_dagrun for tutorial_dag to None, run_after=None
[2022-10-04T03:16:30.310+0000] {processor.py:178} INFO - Processing /usr/local/lib/python3.10/dist-packages/airflow/example_dags/tutorial_dag.py took 0.229 seconds
[2022-10-04T03:17:11.217+0000] {processor.py:156} INFO - Started process (PID=8345) to work on /usr/local/lib/python3.10/dist-packages/airflow/example_dags/tutorial_dag.py
[2022-10-04T03:17:11.218+0000] {processor.py:758} INFO - Processing file /usr/local/lib/python3.10/dist-packages/airflow/example_dags/tutorial_dag.py for tasks to queue
[2022-10-04T03:17:11.219+0000] {logging_mixin.py:117} INFO - [2022-10-04T03:17:11.218+0000] {dagbag.py:525} INFO - Filling up the DagBag from /usr/local/lib/python3.10/dist-packages/airflow/example_dags/tutorial_dag.py
[2022-10-04T03:17:11.235+0000] {processor.py:768} INFO - DAG(s) dict_keys(['tutorial_dag']) retrieved from /usr/local/lib/python3.10/dist-packages/airflow/example_dags/tutorial_dag.py
[2022-10-04T03:17:11.261+0000] {logging_mixin.py:117} INFO - [2022-10-04T03:17:11.261+0000] {dag.py:2573} INFO - Sync 1 DAGs
[2022-10-04T03:17:11.421+0000] {logging_mixin.py:117} INFO - [2022-10-04T03:17:11.421+0000] {dag.py:3324} INFO - Setting next_dagrun for tutorial_dag to None, run_after=None
[2022-10-04T03:17:11.449+0000] {processor.py:178} INFO - Processing /usr/local/lib/python3.10/dist-packages/airflow/example_dags/tutorial_dag.py took 0.235 seconds
[2022-10-04T03:17:52.519+0000] {processor.py:156} INFO - Started process (PID=8629) to work on /usr/local/lib/python3.10/dist-packages/airflow/example_dags/tutorial_dag.py
[2022-10-04T03:17:52.520+0000] {processor.py:758} INFO - Processing file /usr/local/lib/python3.10/dist-packages/airflow/example_dags/tutorial_dag.py for tasks to queue
[2022-10-04T03:17:52.520+0000] {logging_mixin.py:117} INFO - [2022-10-04T03:17:52.520+0000] {dagbag.py:525} INFO - Filling up the DagBag from /usr/local/lib/python3.10/dist-packages/airflow/example_dags/tutorial_dag.py
[2022-10-04T03:17:52.534+0000] {processor.py:768} INFO - DAG(s) dict_keys(['tutorial_dag']) retrieved from /usr/local/lib/python3.10/dist-packages/airflow/example_dags/tutorial_dag.py
[2022-10-04T03:17:52.554+0000] {logging_mixin.py:117} INFO - [2022-10-04T03:17:52.554+0000] {dag.py:2573} INFO - Sync 1 DAGs
[2022-10-04T03:17:52.694+0000] {logging_mixin.py:117} INFO - [2022-10-04T03:17:52.694+0000] {dag.py:3324} INFO - Setting next_dagrun for tutorial_dag to None, run_after=None
[2022-10-04T03:17:52.714+0000] {processor.py:178} INFO - Processing /usr/local/lib/python3.10/dist-packages/airflow/example_dags/tutorial_dag.py took 0.198 seconds
[2022-10-04T03:18:50.814+0000] {processor.py:156} INFO - Started process (PID=8695) to work on /usr/local/lib/python3.10/dist-packages/airflow/example_dags/tutorial_dag.py
[2022-10-04T03:18:50.816+0000] {processor.py:758} INFO - Processing file /usr/local/lib/python3.10/dist-packages/airflow/example_dags/tutorial_dag.py for tasks to queue
[2022-10-04T03:18:50.816+0000] {logging_mixin.py:117} INFO - [2022-10-04T03:18:50.816+0000] {dagbag.py:525} INFO - Filling up the DagBag from /usr/local/lib/python3.10/dist-packages/airflow/example_dags/tutorial_dag.py
[2022-10-04T03:18:50.830+0000] {processor.py:768} INFO - DAG(s) dict_keys(['tutorial_dag']) retrieved from /usr/local/lib/python3.10/dist-packages/airflow/example_dags/tutorial_dag.py
[2022-10-04T03:18:50.846+0000] {logging_mixin.py:117} INFO - [2022-10-04T03:18:50.846+0000] {dag.py:2573} INFO - Sync 1 DAGs
[2022-10-04T03:18:50.869+0000] {logging_mixin.py:117} INFO - [2022-10-04T03:18:50.869+0000] {dag.py:3324} INFO - Setting next_dagrun for tutorial_dag to None, run_after=None
[2022-10-04T03:18:50.891+0000] {processor.py:178} INFO - Processing /usr/local/lib/python3.10/dist-packages/airflow/example_dags/tutorial_dag.py took 0.080 seconds
[2022-10-04T03:19:29.889+0000] {processor.py:156} INFO - Started process (PID=8736) to work on /usr/local/lib/python3.10/dist-packages/airflow/example_dags/tutorial_dag.py
[2022-10-04T03:19:29.890+0000] {processor.py:758} INFO - Processing file /usr/local/lib/python3.10/dist-packages/airflow/example_dags/tutorial_dag.py for tasks to queue
[2022-10-04T03:19:29.891+0000] {logging_mixin.py:117} INFO - [2022-10-04T03:19:29.890+0000] {dagbag.py:525} INFO - Filling up the DagBag from /usr/local/lib/python3.10/dist-packages/airflow/example_dags/tutorial_dag.py
[2022-10-04T03:19:29.904+0000] {processor.py:768} INFO - DAG(s) dict_keys(['tutorial_dag']) retrieved from /usr/local/lib/python3.10/dist-packages/airflow/example_dags/tutorial_dag.py
[2022-10-04T03:19:29.926+0000] {logging_mixin.py:117} INFO - [2022-10-04T03:19:29.925+0000] {dag.py:2573} INFO - Sync 1 DAGs
[2022-10-04T03:19:29.942+0000] {logging_mixin.py:117} INFO - [2022-10-04T03:19:29.942+0000] {dag.py:3324} INFO - Setting next_dagrun for tutorial_dag to None, run_after=None
[2022-10-04T03:19:29.969+0000] {processor.py:178} INFO - Processing /usr/local/lib/python3.10/dist-packages/airflow/example_dags/tutorial_dag.py took 0.083 seconds
[2022-10-04T03:20:06.389+0000] {processor.py:156} INFO - Started process (PID=8773) to work on /usr/local/lib/python3.10/dist-packages/airflow/example_dags/tutorial_dag.py
[2022-10-04T03:20:06.391+0000] {processor.py:758} INFO - Processing file /usr/local/lib/python3.10/dist-packages/airflow/example_dags/tutorial_dag.py for tasks to queue
[2022-10-04T03:20:06.391+0000] {logging_mixin.py:117} INFO - [2022-10-04T03:20:06.391+0000] {dagbag.py:525} INFO - Filling up the DagBag from /usr/local/lib/python3.10/dist-packages/airflow/example_dags/tutorial_dag.py
[2022-10-04T03:20:06.406+0000] {processor.py:768} INFO - DAG(s) dict_keys(['tutorial_dag']) retrieved from /usr/local/lib/python3.10/dist-packages/airflow/example_dags/tutorial_dag.py
[2022-10-04T03:20:06.428+0000] {logging_mixin.py:117} INFO - [2022-10-04T03:20:06.427+0000] {dag.py:2573} INFO - Sync 1 DAGs
[2022-10-04T03:20:06.446+0000] {logging_mixin.py:117} INFO - [2022-10-04T03:20:06.446+0000] {dag.py:3324} INFO - Setting next_dagrun for tutorial_dag to None, run_after=None
[2022-10-04T03:20:06.469+0000] {processor.py:178} INFO - Processing /usr/local/lib/python3.10/dist-packages/airflow/example_dags/tutorial_dag.py took 0.083 seconds
[2022-10-04T03:20:46.536+0000] {processor.py:156} INFO - Started process (PID=8814) to work on /usr/local/lib/python3.10/dist-packages/airflow/example_dags/tutorial_dag.py
[2022-10-04T03:20:46.537+0000] {processor.py:758} INFO - Processing file /usr/local/lib/python3.10/dist-packages/airflow/example_dags/tutorial_dag.py for tasks to queue
[2022-10-04T03:20:46.538+0000] {logging_mixin.py:117} INFO - [2022-10-04T03:20:46.538+0000] {dagbag.py:525} INFO - Filling up the DagBag from /usr/local/lib/python3.10/dist-packages/airflow/example_dags/tutorial_dag.py
[2022-10-04T03:20:46.552+0000] {processor.py:768} INFO - DAG(s) dict_keys(['tutorial_dag']) retrieved from /usr/local/lib/python3.10/dist-packages/airflow/example_dags/tutorial_dag.py
[2022-10-04T03:20:46.571+0000] {logging_mixin.py:117} INFO - [2022-10-04T03:20:46.571+0000] {dag.py:2573} INFO - Sync 1 DAGs
[2022-10-04T03:20:46.587+0000] {logging_mixin.py:117} INFO - [2022-10-04T03:20:46.587+0000] {dag.py:3324} INFO - Setting next_dagrun for tutorial_dag to None, run_after=None
[2022-10-04T03:20:46.610+0000] {processor.py:178} INFO - Processing /usr/local/lib/python3.10/dist-packages/airflow/example_dags/tutorial_dag.py took 0.076 seconds
[2022-10-04T03:21:24.714+0000] {processor.py:156} INFO - Started process (PID=8851) to work on /usr/local/lib/python3.10/dist-packages/airflow/example_dags/tutorial_dag.py
[2022-10-04T03:21:24.721+0000] {processor.py:758} INFO - Processing file /usr/local/lib/python3.10/dist-packages/airflow/example_dags/tutorial_dag.py for tasks to queue
[2022-10-04T03:21:24.722+0000] {logging_mixin.py:117} INFO - [2022-10-04T03:21:24.722+0000] {dagbag.py:525} INFO - Filling up the DagBag from /usr/local/lib/python3.10/dist-packages/airflow/example_dags/tutorial_dag.py
[2022-10-04T03:21:24.752+0000] {processor.py:768} INFO - DAG(s) dict_keys(['tutorial_dag']) retrieved from /usr/local/lib/python3.10/dist-packages/airflow/example_dags/tutorial_dag.py
[2022-10-04T03:21:24.778+0000] {logging_mixin.py:117} INFO - [2022-10-04T03:21:24.778+0000] {dag.py:2573} INFO - Sync 1 DAGs
[2022-10-04T03:21:24.796+0000] {logging_mixin.py:117} INFO - [2022-10-04T03:21:24.795+0000] {dag.py:3324} INFO - Setting next_dagrun for tutorial_dag to None, run_after=None
[2022-10-04T03:21:24.816+0000] {processor.py:178} INFO - Processing /usr/local/lib/python3.10/dist-packages/airflow/example_dags/tutorial_dag.py took 0.107 seconds
[2022-10-04T03:22:04.669+0000] {processor.py:156} INFO - Started process (PID=8889) to work on /usr/local/lib/python3.10/dist-packages/airflow/example_dags/tutorial_dag.py
[2022-10-04T03:22:04.670+0000] {processor.py:758} INFO - Processing file /usr/local/lib/python3.10/dist-packages/airflow/example_dags/tutorial_dag.py for tasks to queue
[2022-10-04T03:22:04.671+0000] {logging_mixin.py:117} INFO - [2022-10-04T03:22:04.671+0000] {dagbag.py:525} INFO - Filling up the DagBag from /usr/local/lib/python3.10/dist-packages/airflow/example_dags/tutorial_dag.py
[2022-10-04T03:22:04.684+0000] {processor.py:768} INFO - DAG(s) dict_keys(['tutorial_dag']) retrieved from /usr/local/lib/python3.10/dist-packages/airflow/example_dags/tutorial_dag.py
[2022-10-04T03:22:04.707+0000] {logging_mixin.py:117} INFO - [2022-10-04T03:22:04.706+0000] {dag.py:2573} INFO - Sync 1 DAGs
[2022-10-04T03:22:04.727+0000] {logging_mixin.py:117} INFO - [2022-10-04T03:22:04.727+0000] {dag.py:3324} INFO - Setting next_dagrun for tutorial_dag to None, run_after=None
[2022-10-04T03:22:04.755+0000] {processor.py:178} INFO - Processing /usr/local/lib/python3.10/dist-packages/airflow/example_dags/tutorial_dag.py took 0.088 seconds
[2022-10-04T03:22:42.712+0000] {processor.py:156} INFO - Started process (PID=8930) to work on /usr/local/lib/python3.10/dist-packages/airflow/example_dags/tutorial_dag.py
[2022-10-04T03:22:42.714+0000] {processor.py:758} INFO - Processing file /usr/local/lib/python3.10/dist-packages/airflow/example_dags/tutorial_dag.py for tasks to queue
[2022-10-04T03:22:42.714+0000] {logging_mixin.py:117} INFO - [2022-10-04T03:22:42.714+0000] {dagbag.py:525} INFO - Filling up the DagBag from /usr/local/lib/python3.10/dist-packages/airflow/example_dags/tutorial_dag.py
[2022-10-04T03:22:42.727+0000] {processor.py:768} INFO - DAG(s) dict_keys(['tutorial_dag']) retrieved from /usr/local/lib/python3.10/dist-packages/airflow/example_dags/tutorial_dag.py
[2022-10-04T03:22:42.747+0000] {logging_mixin.py:117} INFO - [2022-10-04T03:22:42.747+0000] {dag.py:2573} INFO - Sync 1 DAGs
[2022-10-04T03:22:42.764+0000] {logging_mixin.py:117} INFO - [2022-10-04T03:22:42.764+0000] {dag.py:3324} INFO - Setting next_dagrun for tutorial_dag to None, run_after=None
[2022-10-04T03:22:42.784+0000] {processor.py:178} INFO - Processing /usr/local/lib/python3.10/dist-packages/airflow/example_dags/tutorial_dag.py took 0.075 seconds
[2022-10-04T03:23:49.763+0000] {processor.py:156} INFO - Started process (PID=9002) to work on /usr/local/lib/python3.10/dist-packages/airflow/example_dags/tutorial_dag.py
[2022-10-04T03:23:49.764+0000] {processor.py:758} INFO - Processing file /usr/local/lib/python3.10/dist-packages/airflow/example_dags/tutorial_dag.py for tasks to queue
[2022-10-04T03:23:49.765+0000] {logging_mixin.py:117} INFO - [2022-10-04T03:23:49.765+0000] {dagbag.py:525} INFO - Filling up the DagBag from /usr/local/lib/python3.10/dist-packages/airflow/example_dags/tutorial_dag.py
[2022-10-04T03:23:49.779+0000] {processor.py:768} INFO - DAG(s) dict_keys(['tutorial_dag']) retrieved from /usr/local/lib/python3.10/dist-packages/airflow/example_dags/tutorial_dag.py
[2022-10-04T03:23:49.805+0000] {logging_mixin.py:117} INFO - [2022-10-04T03:23:49.805+0000] {dag.py:2573} INFO - Sync 1 DAGs
[2022-10-04T03:23:49.838+0000] {logging_mixin.py:117} INFO - [2022-10-04T03:23:49.838+0000] {dag.py:3324} INFO - Setting next_dagrun for tutorial_dag to None, run_after=None
[2022-10-04T03:23:49.873+0000] {processor.py:178} INFO - Processing /usr/local/lib/python3.10/dist-packages/airflow/example_dags/tutorial_dag.py took 0.112 seconds
[2022-10-04T03:24:28.604+0000] {processor.py:156} INFO - Started process (PID=9043) to work on /usr/local/lib/python3.10/dist-packages/airflow/example_dags/tutorial_dag.py
[2022-10-04T03:24:28.606+0000] {processor.py:758} INFO - Processing file /usr/local/lib/python3.10/dist-packages/airflow/example_dags/tutorial_dag.py for tasks to queue
[2022-10-04T03:24:28.606+0000] {logging_mixin.py:117} INFO - [2022-10-04T03:24:28.606+0000] {dagbag.py:525} INFO - Filling up the DagBag from /usr/local/lib/python3.10/dist-packages/airflow/example_dags/tutorial_dag.py
[2022-10-04T03:24:28.622+0000] {processor.py:768} INFO - DAG(s) dict_keys(['tutorial_dag']) retrieved from /usr/local/lib/python3.10/dist-packages/airflow/example_dags/tutorial_dag.py
[2022-10-04T03:24:28.646+0000] {logging_mixin.py:117} INFO - [2022-10-04T03:24:28.645+0000] {dag.py:2573} INFO - Sync 1 DAGs
[2022-10-04T03:24:28.662+0000] {logging_mixin.py:117} INFO - [2022-10-04T03:24:28.662+0000] {dag.py:3324} INFO - Setting next_dagrun for tutorial_dag to None, run_after=None
[2022-10-04T03:24:28.685+0000] {processor.py:178} INFO - Processing /usr/local/lib/python3.10/dist-packages/airflow/example_dags/tutorial_dag.py took 0.084 seconds
[2022-10-04T03:25:07.998+0000] {processor.py:156} INFO - Started process (PID=9084) to work on /usr/local/lib/python3.10/dist-packages/airflow/example_dags/tutorial_dag.py
[2022-10-04T03:25:08.000+0000] {processor.py:758} INFO - Processing file /usr/local/lib/python3.10/dist-packages/airflow/example_dags/tutorial_dag.py for tasks to queue
[2022-10-04T03:25:08.000+0000] {logging_mixin.py:117} INFO - [2022-10-04T03:25:08.000+0000] {dagbag.py:525} INFO - Filling up the DagBag from /usr/local/lib/python3.10/dist-packages/airflow/example_dags/tutorial_dag.py
[2022-10-04T03:25:08.017+0000] {processor.py:768} INFO - DAG(s) dict_keys(['tutorial_dag']) retrieved from /usr/local/lib/python3.10/dist-packages/airflow/example_dags/tutorial_dag.py
[2022-10-04T03:25:08.040+0000] {logging_mixin.py:117} INFO - [2022-10-04T03:25:08.040+0000] {dag.py:2573} INFO - Sync 1 DAGs
[2022-10-04T03:25:08.077+0000] {logging_mixin.py:117} INFO - [2022-10-04T03:25:08.076+0000] {dag.py:3324} INFO - Setting next_dagrun for tutorial_dag to None, run_after=None
[2022-10-04T03:25:08.101+0000] {processor.py:178} INFO - Processing /usr/local/lib/python3.10/dist-packages/airflow/example_dags/tutorial_dag.py took 0.105 seconds
[2022-10-04T03:26:22.084+0000] {processor.py:156} INFO - Started process (PID=9166) to work on /usr/local/lib/python3.10/dist-packages/airflow/example_dags/tutorial_dag.py
[2022-10-04T03:26:22.085+0000] {processor.py:758} INFO - Processing file /usr/local/lib/python3.10/dist-packages/airflow/example_dags/tutorial_dag.py for tasks to queue
[2022-10-04T03:26:22.086+0000] {logging_mixin.py:117} INFO - [2022-10-04T03:26:22.086+0000] {dagbag.py:525} INFO - Filling up the DagBag from /usr/local/lib/python3.10/dist-packages/airflow/example_dags/tutorial_dag.py
[2022-10-04T03:26:22.109+0000] {processor.py:768} INFO - DAG(s) dict_keys(['tutorial_dag']) retrieved from /usr/local/lib/python3.10/dist-packages/airflow/example_dags/tutorial_dag.py
[2022-10-04T03:26:22.123+0000] {logging_mixin.py:117} INFO - [2022-10-04T03:26:22.123+0000] {dag.py:2573} INFO - Sync 1 DAGs
[2022-10-04T03:26:22.146+0000] {logging_mixin.py:117} INFO - [2022-10-04T03:26:22.146+0000] {dag.py:3324} INFO - Setting next_dagrun for tutorial_dag to None, run_after=None
[2022-10-04T03:26:22.185+0000] {processor.py:178} INFO - Processing /usr/local/lib/python3.10/dist-packages/airflow/example_dags/tutorial_dag.py took 0.104 seconds
[2022-10-04T03:30:29.632+0000] {processor.py:156} INFO - Started process (PID=9264) to work on /usr/local/lib/python3.10/dist-packages/airflow/example_dags/tutorial_dag.py
[2022-10-04T03:30:29.633+0000] {processor.py:758} INFO - Processing file /usr/local/lib/python3.10/dist-packages/airflow/example_dags/tutorial_dag.py for tasks to queue
[2022-10-04T03:30:29.634+0000] {logging_mixin.py:117} INFO - [2022-10-04T03:30:29.634+0000] {dagbag.py:525} INFO - Filling up the DagBag from /usr/local/lib/python3.10/dist-packages/airflow/example_dags/tutorial_dag.py
[2022-10-04T03:30:29.647+0000] {processor.py:768} INFO - DAG(s) dict_keys(['tutorial_dag']) retrieved from /usr/local/lib/python3.10/dist-packages/airflow/example_dags/tutorial_dag.py
[2022-10-04T03:30:29.659+0000] {logging_mixin.py:117} INFO - [2022-10-04T03:30:29.658+0000] {dag.py:2573} INFO - Sync 1 DAGs
[2022-10-04T03:30:29.684+0000] {logging_mixin.py:117} INFO - [2022-10-04T03:30:29.684+0000] {dag.py:3324} INFO - Setting next_dagrun for tutorial_dag to None, run_after=None
[2022-10-04T03:30:29.715+0000] {processor.py:178} INFO - Processing /usr/local/lib/python3.10/dist-packages/airflow/example_dags/tutorial_dag.py took 0.085 seconds
[2022-10-04T03:31:09.089+0000] {processor.py:156} INFO - Started process (PID=9305) to work on /usr/local/lib/python3.10/dist-packages/airflow/example_dags/tutorial_dag.py
[2022-10-04T03:31:09.090+0000] {processor.py:758} INFO - Processing file /usr/local/lib/python3.10/dist-packages/airflow/example_dags/tutorial_dag.py for tasks to queue
[2022-10-04T03:31:09.090+0000] {logging_mixin.py:117} INFO - [2022-10-04T03:31:09.090+0000] {dagbag.py:525} INFO - Filling up the DagBag from /usr/local/lib/python3.10/dist-packages/airflow/example_dags/tutorial_dag.py
[2022-10-04T03:31:09.103+0000] {processor.py:768} INFO - DAG(s) dict_keys(['tutorial_dag']) retrieved from /usr/local/lib/python3.10/dist-packages/airflow/example_dags/tutorial_dag.py
[2022-10-04T03:31:09.128+0000] {logging_mixin.py:117} INFO - [2022-10-04T03:31:09.127+0000] {dag.py:2573} INFO - Sync 1 DAGs
[2022-10-04T03:31:09.144+0000] {logging_mixin.py:117} INFO - [2022-10-04T03:31:09.144+0000] {dag.py:3324} INFO - Setting next_dagrun for tutorial_dag to None, run_after=None
[2022-10-04T03:31:09.166+0000] {processor.py:178} INFO - Processing /usr/local/lib/python3.10/dist-packages/airflow/example_dags/tutorial_dag.py took 0.080 seconds
[2022-10-04T03:31:49.913+0000] {processor.py:156} INFO - Started process (PID=9360) to work on /usr/local/lib/python3.10/dist-packages/airflow/example_dags/tutorial_dag.py
[2022-10-04T03:31:49.914+0000] {processor.py:758} INFO - Processing file /usr/local/lib/python3.10/dist-packages/airflow/example_dags/tutorial_dag.py for tasks to queue
[2022-10-04T03:31:49.914+0000] {logging_mixin.py:117} INFO - [2022-10-04T03:31:49.914+0000] {dagbag.py:525} INFO - Filling up the DagBag from /usr/local/lib/python3.10/dist-packages/airflow/example_dags/tutorial_dag.py
[2022-10-04T03:31:49.930+0000] {processor.py:768} INFO - DAG(s) dict_keys(['tutorial_dag']) retrieved from /usr/local/lib/python3.10/dist-packages/airflow/example_dags/tutorial_dag.py
[2022-10-04T03:31:49.955+0000] {logging_mixin.py:117} INFO - [2022-10-04T03:31:49.955+0000] {dag.py:2573} INFO - Sync 1 DAGs
[2022-10-04T03:31:49.973+0000] {logging_mixin.py:117} INFO - [2022-10-04T03:31:49.973+0000] {dag.py:3324} INFO - Setting next_dagrun for tutorial_dag to None, run_after=None
[2022-10-04T03:31:49.994+0000] {processor.py:178} INFO - Processing /usr/local/lib/python3.10/dist-packages/airflow/example_dags/tutorial_dag.py took 0.085 seconds
[2022-10-04T03:32:27.101+0000] {processor.py:156} INFO - Started process (PID=9400) to work on /usr/local/lib/python3.10/dist-packages/airflow/example_dags/tutorial_dag.py
[2022-10-04T03:32:27.103+0000] {processor.py:758} INFO - Processing file /usr/local/lib/python3.10/dist-packages/airflow/example_dags/tutorial_dag.py for tasks to queue
[2022-10-04T03:32:27.103+0000] {logging_mixin.py:117} INFO - [2022-10-04T03:32:27.103+0000] {dagbag.py:525} INFO - Filling up the DagBag from /usr/local/lib/python3.10/dist-packages/airflow/example_dags/tutorial_dag.py
[2022-10-04T03:32:27.117+0000] {processor.py:768} INFO - DAG(s) dict_keys(['tutorial_dag']) retrieved from /usr/local/lib/python3.10/dist-packages/airflow/example_dags/tutorial_dag.py
[2022-10-04T03:32:27.141+0000] {logging_mixin.py:117} INFO - [2022-10-04T03:32:27.141+0000] {dag.py:2573} INFO - Sync 1 DAGs
[2022-10-04T03:32:27.158+0000] {logging_mixin.py:117} INFO - [2022-10-04T03:32:27.158+0000] {dag.py:3324} INFO - Setting next_dagrun for tutorial_dag to None, run_after=None
[2022-10-04T03:32:27.180+0000] {processor.py:178} INFO - Processing /usr/local/lib/python3.10/dist-packages/airflow/example_dags/tutorial_dag.py took 0.081 seconds
[2022-10-04T03:33:03.895+0000] {processor.py:156} INFO - Started process (PID=9438) to work on /usr/local/lib/python3.10/dist-packages/airflow/example_dags/tutorial_dag.py
[2022-10-04T03:33:03.896+0000] {processor.py:758} INFO - Processing file /usr/local/lib/python3.10/dist-packages/airflow/example_dags/tutorial_dag.py for tasks to queue
[2022-10-04T03:33:03.897+0000] {logging_mixin.py:117} INFO - [2022-10-04T03:33:03.897+0000] {dagbag.py:525} INFO - Filling up the DagBag from /usr/local/lib/python3.10/dist-packages/airflow/example_dags/tutorial_dag.py
[2022-10-04T03:33:03.915+0000] {processor.py:768} INFO - DAG(s) dict_keys(['tutorial_dag']) retrieved from /usr/local/lib/python3.10/dist-packages/airflow/example_dags/tutorial_dag.py
[2022-10-04T03:33:03.945+0000] {logging_mixin.py:117} INFO - [2022-10-04T03:33:03.944+0000] {dag.py:2573} INFO - Sync 1 DAGs
[2022-10-04T03:33:03.962+0000] {logging_mixin.py:117} INFO - [2022-10-04T03:33:03.961+0000] {dag.py:3324} INFO - Setting next_dagrun for tutorial_dag to None, run_after=None
[2022-10-04T03:33:03.985+0000] {processor.py:178} INFO - Processing /usr/local/lib/python3.10/dist-packages/airflow/example_dags/tutorial_dag.py took 0.092 seconds
[2022-10-04T03:33:41.932+0000] {processor.py:156} INFO - Started process (PID=9480) to work on /usr/local/lib/python3.10/dist-packages/airflow/example_dags/tutorial_dag.py
[2022-10-04T03:33:41.933+0000] {processor.py:758} INFO - Processing file /usr/local/lib/python3.10/dist-packages/airflow/example_dags/tutorial_dag.py for tasks to queue
[2022-10-04T03:33:41.934+0000] {logging_mixin.py:117} INFO - [2022-10-04T03:33:41.934+0000] {dagbag.py:525} INFO - Filling up the DagBag from /usr/local/lib/python3.10/dist-packages/airflow/example_dags/tutorial_dag.py
[2022-10-04T03:33:41.949+0000] {processor.py:768} INFO - DAG(s) dict_keys(['tutorial_dag']) retrieved from /usr/local/lib/python3.10/dist-packages/airflow/example_dags/tutorial_dag.py
[2022-10-04T03:33:41.976+0000] {logging_mixin.py:117} INFO - [2022-10-04T03:33:41.975+0000] {dag.py:2573} INFO - Sync 1 DAGs
[2022-10-04T03:33:41.997+0000] {logging_mixin.py:117} INFO - [2022-10-04T03:33:41.997+0000] {dag.py:3324} INFO - Setting next_dagrun for tutorial_dag to None, run_after=None
[2022-10-04T03:33:42.021+0000] {processor.py:178} INFO - Processing /usr/local/lib/python3.10/dist-packages/airflow/example_dags/tutorial_dag.py took 0.092 seconds
[2022-10-04T03:34:18.998+0000] {processor.py:156} INFO - Started process (PID=9520) to work on /usr/local/lib/python3.10/dist-packages/airflow/example_dags/tutorial_dag.py
[2022-10-04T03:34:19.000+0000] {processor.py:758} INFO - Processing file /usr/local/lib/python3.10/dist-packages/airflow/example_dags/tutorial_dag.py for tasks to queue
[2022-10-04T03:34:19.002+0000] {logging_mixin.py:117} INFO - [2022-10-04T03:34:19.002+0000] {dagbag.py:525} INFO - Filling up the DagBag from /usr/local/lib/python3.10/dist-packages/airflow/example_dags/tutorial_dag.py
[2022-10-04T03:34:19.028+0000] {processor.py:768} INFO - DAG(s) dict_keys(['tutorial_dag']) retrieved from /usr/local/lib/python3.10/dist-packages/airflow/example_dags/tutorial_dag.py
[2022-10-04T03:34:19.099+0000] {logging_mixin.py:117} INFO - [2022-10-04T03:34:19.098+0000] {dag.py:2573} INFO - Sync 1 DAGs
[2022-10-04T03:34:19.148+0000] {logging_mixin.py:117} INFO - [2022-10-04T03:34:19.147+0000] {dag.py:3324} INFO - Setting next_dagrun for tutorial_dag to None, run_after=None
[2022-10-04T03:34:19.192+0000] {processor.py:178} INFO - Processing /usr/local/lib/python3.10/dist-packages/airflow/example_dags/tutorial_dag.py took 0.196 seconds
[2022-10-04T03:46:22.049+0000] {processor.py:156} INFO - Started process (PID=979) to work on /usr/local/lib/python3.10/dist-packages/airflow/example_dags/tutorial_dag.py
[2022-10-04T03:46:22.050+0000] {processor.py:758} INFO - Processing file /usr/local/lib/python3.10/dist-packages/airflow/example_dags/tutorial_dag.py for tasks to queue
[2022-10-04T03:46:22.051+0000] {logging_mixin.py:117} INFO - [2022-10-04T03:46:22.051+0000] {dagbag.py:525} INFO - Filling up the DagBag from /usr/local/lib/python3.10/dist-packages/airflow/example_dags/tutorial_dag.py
[2022-10-04T03:46:22.073+0000] {processor.py:768} INFO - DAG(s) dict_keys(['tutorial_dag']) retrieved from /usr/local/lib/python3.10/dist-packages/airflow/example_dags/tutorial_dag.py
[2022-10-04T03:46:22.088+0000] {logging_mixin.py:117} INFO - [2022-10-04T03:46:22.088+0000] {dag.py:2573} INFO - Sync 1 DAGs
[2022-10-04T03:46:22.110+0000] {logging_mixin.py:117} INFO - [2022-10-04T03:46:22.110+0000] {dag.py:3324} INFO - Setting next_dagrun for tutorial_dag to None, run_after=None
[2022-10-04T03:46:22.133+0000] {processor.py:178} INFO - Processing /usr/local/lib/python3.10/dist-packages/airflow/example_dags/tutorial_dag.py took 0.089 seconds
[2022-10-04T03:47:00.931+0000] {processor.py:156} INFO - Started process (PID=1022) to work on /usr/local/lib/python3.10/dist-packages/airflow/example_dags/tutorial_dag.py
[2022-10-04T03:47:00.932+0000] {processor.py:758} INFO - Processing file /usr/local/lib/python3.10/dist-packages/airflow/example_dags/tutorial_dag.py for tasks to queue
[2022-10-04T03:47:00.932+0000] {logging_mixin.py:117} INFO - [2022-10-04T03:47:00.932+0000] {dagbag.py:525} INFO - Filling up the DagBag from /usr/local/lib/python3.10/dist-packages/airflow/example_dags/tutorial_dag.py
[2022-10-04T03:47:00.946+0000] {processor.py:768} INFO - DAG(s) dict_keys(['tutorial_dag']) retrieved from /usr/local/lib/python3.10/dist-packages/airflow/example_dags/tutorial_dag.py
[2022-10-04T03:47:00.974+0000] {logging_mixin.py:117} INFO - [2022-10-04T03:47:00.973+0000] {dag.py:2573} INFO - Sync 1 DAGs
[2022-10-04T03:47:00.992+0000] {logging_mixin.py:117} INFO - [2022-10-04T03:47:00.992+0000] {dag.py:3324} INFO - Setting next_dagrun for tutorial_dag to None, run_after=None
[2022-10-04T03:47:01.014+0000] {processor.py:178} INFO - Processing /usr/local/lib/python3.10/dist-packages/airflow/example_dags/tutorial_dag.py took 0.087 seconds
[2022-10-04T03:47:41.271+0000] {processor.py:156} INFO - Started process (PID=1128) to work on /usr/local/lib/python3.10/dist-packages/airflow/example_dags/tutorial_dag.py
[2022-10-04T03:47:41.272+0000] {processor.py:758} INFO - Processing file /usr/local/lib/python3.10/dist-packages/airflow/example_dags/tutorial_dag.py for tasks to queue
[2022-10-04T03:47:41.273+0000] {logging_mixin.py:117} INFO - [2022-10-04T03:47:41.273+0000] {dagbag.py:525} INFO - Filling up the DagBag from /usr/local/lib/python3.10/dist-packages/airflow/example_dags/tutorial_dag.py
[2022-10-04T03:47:41.289+0000] {processor.py:768} INFO - DAG(s) dict_keys(['tutorial_dag']) retrieved from /usr/local/lib/python3.10/dist-packages/airflow/example_dags/tutorial_dag.py
[2022-10-04T03:47:41.317+0000] {logging_mixin.py:117} INFO - [2022-10-04T03:47:41.317+0000] {dag.py:2573} INFO - Sync 1 DAGs
[2022-10-04T03:47:41.336+0000] {logging_mixin.py:117} INFO - [2022-10-04T03:47:41.336+0000] {dag.py:3324} INFO - Setting next_dagrun for tutorial_dag to None, run_after=None
[2022-10-04T03:47:41.361+0000] {processor.py:178} INFO - Processing /usr/local/lib/python3.10/dist-packages/airflow/example_dags/tutorial_dag.py took 0.093 seconds
[2022-10-04T03:48:19.148+0000] {processor.py:156} INFO - Started process (PID=1166) to work on /usr/local/lib/python3.10/dist-packages/airflow/example_dags/tutorial_dag.py
[2022-10-04T03:48:19.149+0000] {processor.py:758} INFO - Processing file /usr/local/lib/python3.10/dist-packages/airflow/example_dags/tutorial_dag.py for tasks to queue
[2022-10-04T03:48:19.149+0000] {logging_mixin.py:117} INFO - [2022-10-04T03:48:19.149+0000] {dagbag.py:525} INFO - Filling up the DagBag from /usr/local/lib/python3.10/dist-packages/airflow/example_dags/tutorial_dag.py
[2022-10-04T03:48:19.163+0000] {processor.py:768} INFO - DAG(s) dict_keys(['tutorial_dag']) retrieved from /usr/local/lib/python3.10/dist-packages/airflow/example_dags/tutorial_dag.py
[2022-10-04T03:48:19.188+0000] {logging_mixin.py:117} INFO - [2022-10-04T03:48:19.188+0000] {dag.py:2573} INFO - Sync 1 DAGs
[2022-10-04T03:48:19.204+0000] {logging_mixin.py:117} INFO - [2022-10-04T03:48:19.204+0000] {dag.py:3324} INFO - Setting next_dagrun for tutorial_dag to None, run_after=None
[2022-10-04T03:48:19.224+0000] {processor.py:178} INFO - Processing /usr/local/lib/python3.10/dist-packages/airflow/example_dags/tutorial_dag.py took 0.079 seconds
[2022-10-04T03:49:43.477+0000] {processor.py:156} INFO - Started process (PID=1254) to work on /usr/local/lib/python3.10/dist-packages/airflow/example_dags/tutorial_dag.py
[2022-10-04T03:49:43.479+0000] {processor.py:758} INFO - Processing file /usr/local/lib/python3.10/dist-packages/airflow/example_dags/tutorial_dag.py for tasks to queue
[2022-10-04T03:49:43.479+0000] {logging_mixin.py:117} INFO - [2022-10-04T03:49:43.479+0000] {dagbag.py:525} INFO - Filling up the DagBag from /usr/local/lib/python3.10/dist-packages/airflow/example_dags/tutorial_dag.py
[2022-10-04T03:49:43.493+0000] {processor.py:768} INFO - DAG(s) dict_keys(['tutorial_dag']) retrieved from /usr/local/lib/python3.10/dist-packages/airflow/example_dags/tutorial_dag.py
[2022-10-04T03:49:43.505+0000] {logging_mixin.py:117} INFO - [2022-10-04T03:49:43.505+0000] {dag.py:2573} INFO - Sync 1 DAGs
[2022-10-04T03:49:43.524+0000] {logging_mixin.py:117} INFO - [2022-10-04T03:49:43.524+0000] {dag.py:3324} INFO - Setting next_dagrun for tutorial_dag to None, run_after=None
[2022-10-04T03:49:43.545+0000] {processor.py:178} INFO - Processing /usr/local/lib/python3.10/dist-packages/airflow/example_dags/tutorial_dag.py took 0.070 seconds
[2022-10-04T03:50:27.674+0000] {processor.py:156} INFO - Started process (PID=1295) to work on /usr/local/lib/python3.10/dist-packages/airflow/example_dags/tutorial_dag.py
[2022-10-04T03:50:27.675+0000] {processor.py:758} INFO - Processing file /usr/local/lib/python3.10/dist-packages/airflow/example_dags/tutorial_dag.py for tasks to queue
[2022-10-04T03:50:27.675+0000] {logging_mixin.py:117} INFO - [2022-10-04T03:50:27.675+0000] {dagbag.py:525} INFO - Filling up the DagBag from /usr/local/lib/python3.10/dist-packages/airflow/example_dags/tutorial_dag.py
[2022-10-04T03:50:27.690+0000] {processor.py:768} INFO - DAG(s) dict_keys(['tutorial_dag']) retrieved from /usr/local/lib/python3.10/dist-packages/airflow/example_dags/tutorial_dag.py
[2022-10-04T03:50:27.718+0000] {logging_mixin.py:117} INFO - [2022-10-04T03:50:27.717+0000] {dag.py:2573} INFO - Sync 1 DAGs
[2022-10-04T03:50:27.735+0000] {logging_mixin.py:117} INFO - [2022-10-04T03:50:27.735+0000] {dag.py:3324} INFO - Setting next_dagrun for tutorial_dag to None, run_after=None
[2022-10-04T03:50:27.756+0000] {processor.py:178} INFO - Processing /usr/local/lib/python3.10/dist-packages/airflow/example_dags/tutorial_dag.py took 0.085 seconds
[2022-10-04T03:51:06.075+0000] {processor.py:156} INFO - Started process (PID=1340) to work on /usr/local/lib/python3.10/dist-packages/airflow/example_dags/tutorial_dag.py
[2022-10-04T03:51:06.076+0000] {processor.py:758} INFO - Processing file /usr/local/lib/python3.10/dist-packages/airflow/example_dags/tutorial_dag.py for tasks to queue
[2022-10-04T03:51:06.077+0000] {logging_mixin.py:117} INFO - [2022-10-04T03:51:06.077+0000] {dagbag.py:525} INFO - Filling up the DagBag from /usr/local/lib/python3.10/dist-packages/airflow/example_dags/tutorial_dag.py
[2022-10-04T03:51:06.095+0000] {processor.py:768} INFO - DAG(s) dict_keys(['tutorial_dag']) retrieved from /usr/local/lib/python3.10/dist-packages/airflow/example_dags/tutorial_dag.py
[2022-10-04T03:51:06.139+0000] {logging_mixin.py:117} INFO - [2022-10-04T03:51:06.139+0000] {dag.py:2573} INFO - Sync 1 DAGs
[2022-10-04T03:51:06.166+0000] {logging_mixin.py:117} INFO - [2022-10-04T03:51:06.165+0000] {dag.py:3324} INFO - Setting next_dagrun for tutorial_dag to None, run_after=None
[2022-10-04T03:51:06.198+0000] {processor.py:178} INFO - Processing /usr/local/lib/python3.10/dist-packages/airflow/example_dags/tutorial_dag.py took 0.126 seconds
[2022-10-04T03:51:45.496+0000] {processor.py:156} INFO - Started process (PID=1377) to work on /usr/local/lib/python3.10/dist-packages/airflow/example_dags/tutorial_dag.py
[2022-10-04T03:51:45.497+0000] {processor.py:758} INFO - Processing file /usr/local/lib/python3.10/dist-packages/airflow/example_dags/tutorial_dag.py for tasks to queue
[2022-10-04T03:51:45.498+0000] {logging_mixin.py:117} INFO - [2022-10-04T03:51:45.498+0000] {dagbag.py:525} INFO - Filling up the DagBag from /usr/local/lib/python3.10/dist-packages/airflow/example_dags/tutorial_dag.py
[2022-10-04T03:51:45.512+0000] {processor.py:768} INFO - DAG(s) dict_keys(['tutorial_dag']) retrieved from /usr/local/lib/python3.10/dist-packages/airflow/example_dags/tutorial_dag.py
[2022-10-04T03:51:45.539+0000] {logging_mixin.py:117} INFO - [2022-10-04T03:51:45.538+0000] {dag.py:2573} INFO - Sync 1 DAGs
[2022-10-04T03:51:45.556+0000] {logging_mixin.py:117} INFO - [2022-10-04T03:51:45.556+0000] {dag.py:3324} INFO - Setting next_dagrun for tutorial_dag to None, run_after=None
[2022-10-04T03:51:45.578+0000] {processor.py:178} INFO - Processing /usr/local/lib/python3.10/dist-packages/airflow/example_dags/tutorial_dag.py took 0.084 seconds
[2022-10-04T03:52:23.652+0000] {processor.py:156} INFO - Started process (PID=1415) to work on /usr/local/lib/python3.10/dist-packages/airflow/example_dags/tutorial_dag.py
[2022-10-04T03:52:23.653+0000] {processor.py:758} INFO - Processing file /usr/local/lib/python3.10/dist-packages/airflow/example_dags/tutorial_dag.py for tasks to queue
[2022-10-04T03:52:23.653+0000] {logging_mixin.py:117} INFO - [2022-10-04T03:52:23.653+0000] {dagbag.py:525} INFO - Filling up the DagBag from /usr/local/lib/python3.10/dist-packages/airflow/example_dags/tutorial_dag.py
[2022-10-04T03:52:23.669+0000] {processor.py:768} INFO - DAG(s) dict_keys(['tutorial_dag']) retrieved from /usr/local/lib/python3.10/dist-packages/airflow/example_dags/tutorial_dag.py
[2022-10-04T03:52:23.701+0000] {logging_mixin.py:117} INFO - [2022-10-04T03:52:23.701+0000] {dag.py:2573} INFO - Sync 1 DAGs
[2022-10-04T03:52:23.719+0000] {logging_mixin.py:117} INFO - [2022-10-04T03:52:23.719+0000] {dag.py:3324} INFO - Setting next_dagrun for tutorial_dag to None, run_after=None
[2022-10-04T03:52:23.743+0000] {processor.py:178} INFO - Processing /usr/local/lib/python3.10/dist-packages/airflow/example_dags/tutorial_dag.py took 0.095 seconds
[2022-10-04T03:53:03.647+0000] {processor.py:156} INFO - Started process (PID=1453) to work on /usr/local/lib/python3.10/dist-packages/airflow/example_dags/tutorial_dag.py
[2022-10-04T03:53:03.649+0000] {processor.py:758} INFO - Processing file /usr/local/lib/python3.10/dist-packages/airflow/example_dags/tutorial_dag.py for tasks to queue
[2022-10-04T03:53:03.649+0000] {logging_mixin.py:117} INFO - [2022-10-04T03:53:03.649+0000] {dagbag.py:525} INFO - Filling up the DagBag from /usr/local/lib/python3.10/dist-packages/airflow/example_dags/tutorial_dag.py
[2022-10-04T03:53:03.666+0000] {processor.py:768} INFO - DAG(s) dict_keys(['tutorial_dag']) retrieved from /usr/local/lib/python3.10/dist-packages/airflow/example_dags/tutorial_dag.py
[2022-10-04T03:53:03.694+0000] {logging_mixin.py:117} INFO - [2022-10-04T03:53:03.694+0000] {dag.py:2573} INFO - Sync 1 DAGs
[2022-10-04T03:53:03.715+0000] {logging_mixin.py:117} INFO - [2022-10-04T03:53:03.714+0000] {dag.py:3324} INFO - Setting next_dagrun for tutorial_dag to None, run_after=None
[2022-10-04T03:53:03.738+0000] {processor.py:178} INFO - Processing /usr/local/lib/python3.10/dist-packages/airflow/example_dags/tutorial_dag.py took 0.093 seconds
[2022-10-04T03:53:39.758+0000] {processor.py:156} INFO - Started process (PID=1488) to work on /usr/local/lib/python3.10/dist-packages/airflow/example_dags/tutorial_dag.py
[2022-10-04T03:53:39.760+0000] {processor.py:758} INFO - Processing file /usr/local/lib/python3.10/dist-packages/airflow/example_dags/tutorial_dag.py for tasks to queue
[2022-10-04T03:53:39.760+0000] {logging_mixin.py:117} INFO - [2022-10-04T03:53:39.760+0000] {dagbag.py:525} INFO - Filling up the DagBag from /usr/local/lib/python3.10/dist-packages/airflow/example_dags/tutorial_dag.py
[2022-10-04T03:53:39.775+0000] {processor.py:768} INFO - DAG(s) dict_keys(['tutorial_dag']) retrieved from /usr/local/lib/python3.10/dist-packages/airflow/example_dags/tutorial_dag.py
[2022-10-04T03:53:39.803+0000] {logging_mixin.py:117} INFO - [2022-10-04T03:53:39.803+0000] {dag.py:2573} INFO - Sync 1 DAGs
[2022-10-04T03:53:39.825+0000] {logging_mixin.py:117} INFO - [2022-10-04T03:53:39.824+0000] {dag.py:3324} INFO - Setting next_dagrun for tutorial_dag to None, run_after=None
[2022-10-04T03:53:39.848+0000] {processor.py:178} INFO - Processing /usr/local/lib/python3.10/dist-packages/airflow/example_dags/tutorial_dag.py took 0.093 seconds
[2022-10-04T03:54:16.378+0000] {processor.py:156} INFO - Started process (PID=1544) to work on /usr/local/lib/python3.10/dist-packages/airflow/example_dags/tutorial_dag.py
[2022-10-04T03:54:16.380+0000] {processor.py:758} INFO - Processing file /usr/local/lib/python3.10/dist-packages/airflow/example_dags/tutorial_dag.py for tasks to queue
[2022-10-04T03:54:16.380+0000] {logging_mixin.py:117} INFO - [2022-10-04T03:54:16.380+0000] {dagbag.py:525} INFO - Filling up the DagBag from /usr/local/lib/python3.10/dist-packages/airflow/example_dags/tutorial_dag.py
[2022-10-04T03:54:16.396+0000] {processor.py:768} INFO - DAG(s) dict_keys(['tutorial_dag']) retrieved from /usr/local/lib/python3.10/dist-packages/airflow/example_dags/tutorial_dag.py
[2022-10-04T03:54:16.423+0000] {logging_mixin.py:117} INFO - [2022-10-04T03:54:16.423+0000] {dag.py:2573} INFO - Sync 1 DAGs
[2022-10-04T03:54:16.444+0000] {logging_mixin.py:117} INFO - [2022-10-04T03:54:16.443+0000] {dag.py:3324} INFO - Setting next_dagrun for tutorial_dag to None, run_after=None
[2022-10-04T03:54:16.473+0000] {processor.py:178} INFO - Processing /usr/local/lib/python3.10/dist-packages/airflow/example_dags/tutorial_dag.py took 0.098 seconds
[2022-10-04T03:54:52.613+0000] {processor.py:156} INFO - Started process (PID=1588) to work on /usr/local/lib/python3.10/dist-packages/airflow/example_dags/tutorial_dag.py
[2022-10-04T03:54:52.615+0000] {processor.py:758} INFO - Processing file /usr/local/lib/python3.10/dist-packages/airflow/example_dags/tutorial_dag.py for tasks to queue
[2022-10-04T03:54:52.615+0000] {logging_mixin.py:117} INFO - [2022-10-04T03:54:52.615+0000] {dagbag.py:525} INFO - Filling up the DagBag from /usr/local/lib/python3.10/dist-packages/airflow/example_dags/tutorial_dag.py
[2022-10-04T03:54:52.635+0000] {processor.py:768} INFO - DAG(s) dict_keys(['tutorial_dag']) retrieved from /usr/local/lib/python3.10/dist-packages/airflow/example_dags/tutorial_dag.py
[2022-10-04T03:54:52.648+0000] {logging_mixin.py:117} INFO - [2022-10-04T03:54:52.647+0000] {dag.py:2573} INFO - Sync 1 DAGs
[2022-10-04T03:54:52.668+0000] {logging_mixin.py:117} INFO - [2022-10-04T03:54:52.668+0000] {dag.py:3324} INFO - Setting next_dagrun for tutorial_dag to None, run_after=None
[2022-10-04T03:54:52.690+0000] {processor.py:178} INFO - Processing /usr/local/lib/python3.10/dist-packages/airflow/example_dags/tutorial_dag.py took 0.080 seconds
[2022-10-04T04:35:40.909+0000] {processor.py:156} INFO - Started process (PID=1783) to work on /usr/local/lib/python3.10/dist-packages/airflow/example_dags/tutorial_dag.py
[2022-10-04T04:35:40.910+0000] {processor.py:758} INFO - Processing file /usr/local/lib/python3.10/dist-packages/airflow/example_dags/tutorial_dag.py for tasks to queue
[2022-10-04T04:35:40.911+0000] {logging_mixin.py:117} INFO - [2022-10-04T04:35:40.910+0000] {dagbag.py:525} INFO - Filling up the DagBag from /usr/local/lib/python3.10/dist-packages/airflow/example_dags/tutorial_dag.py
[2022-10-04T04:35:40.927+0000] {processor.py:768} INFO - DAG(s) dict_keys(['tutorial_dag']) retrieved from /usr/local/lib/python3.10/dist-packages/airflow/example_dags/tutorial_dag.py
[2022-10-04T04:35:40.941+0000] {logging_mixin.py:117} INFO - [2022-10-04T04:35:40.941+0000] {dag.py:2573} INFO - Sync 1 DAGs
[2022-10-04T04:35:40.967+0000] {logging_mixin.py:117} INFO - [2022-10-04T04:35:40.967+0000] {dag.py:3324} INFO - Setting next_dagrun for tutorial_dag to None, run_after=None
[2022-10-04T04:35:40.990+0000] {processor.py:178} INFO - Processing /usr/local/lib/python3.10/dist-packages/airflow/example_dags/tutorial_dag.py took 0.084 seconds
[2022-10-04T04:37:21.027+0000] {processor.py:156} INFO - Started process (PID=1873) to work on /usr/local/lib/python3.10/dist-packages/airflow/example_dags/tutorial_dag.py
[2022-10-04T04:37:21.029+0000] {processor.py:758} INFO - Processing file /usr/local/lib/python3.10/dist-packages/airflow/example_dags/tutorial_dag.py for tasks to queue
[2022-10-04T04:37:21.029+0000] {logging_mixin.py:117} INFO - [2022-10-04T04:37:21.029+0000] {dagbag.py:525} INFO - Filling up the DagBag from /usr/local/lib/python3.10/dist-packages/airflow/example_dags/tutorial_dag.py
[2022-10-04T04:37:21.044+0000] {processor.py:768} INFO - DAG(s) dict_keys(['tutorial_dag']) retrieved from /usr/local/lib/python3.10/dist-packages/airflow/example_dags/tutorial_dag.py
[2022-10-04T04:37:21.072+0000] {logging_mixin.py:117} INFO - [2022-10-04T04:37:21.071+0000] {dag.py:2573} INFO - Sync 1 DAGs
[2022-10-04T04:37:21.092+0000] {logging_mixin.py:117} INFO - [2022-10-04T04:37:21.092+0000] {dag.py:3324} INFO - Setting next_dagrun for tutorial_dag to None, run_after=None
[2022-10-04T04:37:21.115+0000] {processor.py:178} INFO - Processing /usr/local/lib/python3.10/dist-packages/airflow/example_dags/tutorial_dag.py took 0.091 seconds
[2022-10-04T04:43:10.774+0000] {processor.py:156} INFO - Started process (PID=1977) to work on /usr/local/lib/python3.10/dist-packages/airflow/example_dags/tutorial_dag.py
[2022-10-04T04:43:10.775+0000] {processor.py:758} INFO - Processing file /usr/local/lib/python3.10/dist-packages/airflow/example_dags/tutorial_dag.py for tasks to queue
[2022-10-04T04:43:10.776+0000] {logging_mixin.py:117} INFO - [2022-10-04T04:43:10.776+0000] {dagbag.py:525} INFO - Filling up the DagBag from /usr/local/lib/python3.10/dist-packages/airflow/example_dags/tutorial_dag.py
[2022-10-04T04:43:10.790+0000] {processor.py:768} INFO - DAG(s) dict_keys(['tutorial_dag']) retrieved from /usr/local/lib/python3.10/dist-packages/airflow/example_dags/tutorial_dag.py
[2022-10-04T04:43:10.802+0000] {logging_mixin.py:117} INFO - [2022-10-04T04:43:10.802+0000] {dag.py:2573} INFO - Sync 1 DAGs
[2022-10-04T04:43:10.821+0000] {logging_mixin.py:117} INFO - [2022-10-04T04:43:10.821+0000] {dag.py:3324} INFO - Setting next_dagrun for tutorial_dag to None, run_after=None
[2022-10-04T04:43:10.842+0000] {processor.py:178} INFO - Processing /usr/local/lib/python3.10/dist-packages/airflow/example_dags/tutorial_dag.py took 0.071 seconds
[2022-10-04T04:45:55.984+0000] {processor.py:156} INFO - Started process (PID=2002) to work on /usr/local/lib/python3.10/dist-packages/airflow/example_dags/tutorial_dag.py
[2022-10-04T04:45:55.986+0000] {processor.py:758} INFO - Processing file /usr/local/lib/python3.10/dist-packages/airflow/example_dags/tutorial_dag.py for tasks to queue
[2022-10-04T04:45:55.986+0000] {logging_mixin.py:117} INFO - [2022-10-04T04:45:55.986+0000] {dagbag.py:525} INFO - Filling up the DagBag from /usr/local/lib/python3.10/dist-packages/airflow/example_dags/tutorial_dag.py
[2022-10-04T04:45:55.995+0000] {processor.py:768} INFO - DAG(s) dict_keys(['tutorial_dag']) retrieved from /usr/local/lib/python3.10/dist-packages/airflow/example_dags/tutorial_dag.py
[2022-10-04T04:45:56.018+0000] {logging_mixin.py:117} INFO - [2022-10-04T04:45:56.018+0000] {dag.py:2573} INFO - Sync 1 DAGs
[2022-10-04T04:45:56.034+0000] {logging_mixin.py:117} INFO - [2022-10-04T04:45:56.034+0000] {dag.py:3324} INFO - Setting next_dagrun for tutorial_dag to None, run_after=None
[2022-10-04T04:45:56.055+0000] {processor.py:178} INFO - Processing /usr/local/lib/python3.10/dist-packages/airflow/example_dags/tutorial_dag.py took 0.074 seconds
[2022-10-04T04:46:32.390+0000] {processor.py:156} INFO - Started process (PID=2040) to work on /usr/local/lib/python3.10/dist-packages/airflow/example_dags/tutorial_dag.py
[2022-10-04T04:46:32.391+0000] {processor.py:758} INFO - Processing file /usr/local/lib/python3.10/dist-packages/airflow/example_dags/tutorial_dag.py for tasks to queue
[2022-10-04T04:46:32.392+0000] {logging_mixin.py:117} INFO - [2022-10-04T04:46:32.392+0000] {dagbag.py:525} INFO - Filling up the DagBag from /usr/local/lib/python3.10/dist-packages/airflow/example_dags/tutorial_dag.py
[2022-10-04T04:46:32.402+0000] {processor.py:768} INFO - DAG(s) dict_keys(['tutorial_dag']) retrieved from /usr/local/lib/python3.10/dist-packages/airflow/example_dags/tutorial_dag.py
[2022-10-04T04:46:32.434+0000] {logging_mixin.py:117} INFO - [2022-10-04T04:46:32.434+0000] {dag.py:2573} INFO - Sync 1 DAGs
[2022-10-04T04:46:32.450+0000] {logging_mixin.py:117} INFO - [2022-10-04T04:46:32.450+0000] {dag.py:3324} INFO - Setting next_dagrun for tutorial_dag to None, run_after=None
[2022-10-04T04:46:32.472+0000] {processor.py:178} INFO - Processing /usr/local/lib/python3.10/dist-packages/airflow/example_dags/tutorial_dag.py took 0.085 seconds
[2022-10-04T04:47:11.284+0000] {processor.py:156} INFO - Started process (PID=2078) to work on /usr/local/lib/python3.10/dist-packages/airflow/example_dags/tutorial_dag.py
[2022-10-04T04:47:11.285+0000] {processor.py:758} INFO - Processing file /usr/local/lib/python3.10/dist-packages/airflow/example_dags/tutorial_dag.py for tasks to queue
[2022-10-04T04:47:11.286+0000] {logging_mixin.py:117} INFO - [2022-10-04T04:47:11.286+0000] {dagbag.py:525} INFO - Filling up the DagBag from /usr/local/lib/python3.10/dist-packages/airflow/example_dags/tutorial_dag.py
[2022-10-04T04:47:11.295+0000] {processor.py:768} INFO - DAG(s) dict_keys(['tutorial_dag']) retrieved from /usr/local/lib/python3.10/dist-packages/airflow/example_dags/tutorial_dag.py
[2022-10-04T04:47:11.331+0000] {logging_mixin.py:117} INFO - [2022-10-04T04:47:11.331+0000] {dag.py:2573} INFO - Sync 1 DAGs
[2022-10-04T04:47:11.347+0000] {logging_mixin.py:117} INFO - [2022-10-04T04:47:11.346+0000] {dag.py:3324} INFO - Setting next_dagrun for tutorial_dag to None, run_after=None
[2022-10-04T04:47:11.368+0000] {processor.py:178} INFO - Processing /usr/local/lib/python3.10/dist-packages/airflow/example_dags/tutorial_dag.py took 0.087 seconds
[2022-10-04T04:47:50.497+0000] {processor.py:156} INFO - Started process (PID=2115) to work on /usr/local/lib/python3.10/dist-packages/airflow/example_dags/tutorial_dag.py
[2022-10-04T04:47:50.498+0000] {processor.py:758} INFO - Processing file /usr/local/lib/python3.10/dist-packages/airflow/example_dags/tutorial_dag.py for tasks to queue
[2022-10-04T04:47:50.498+0000] {logging_mixin.py:117} INFO - [2022-10-04T04:47:50.498+0000] {dagbag.py:525} INFO - Filling up the DagBag from /usr/local/lib/python3.10/dist-packages/airflow/example_dags/tutorial_dag.py
[2022-10-04T04:47:50.507+0000] {processor.py:768} INFO - DAG(s) dict_keys(['tutorial_dag']) retrieved from /usr/local/lib/python3.10/dist-packages/airflow/example_dags/tutorial_dag.py
[2022-10-04T04:47:50.531+0000] {logging_mixin.py:117} INFO - [2022-10-04T04:47:50.531+0000] {dag.py:2573} INFO - Sync 1 DAGs
[2022-10-04T04:47:50.548+0000] {logging_mixin.py:117} INFO - [2022-10-04T04:47:50.548+0000] {dag.py:3324} INFO - Setting next_dagrun for tutorial_dag to None, run_after=None
[2022-10-04T04:47:50.573+0000] {processor.py:178} INFO - Processing /usr/local/lib/python3.10/dist-packages/airflow/example_dags/tutorial_dag.py took 0.079 seconds
[2022-10-04T04:48:27.274+0000] {processor.py:156} INFO - Started process (PID=2153) to work on /usr/local/lib/python3.10/dist-packages/airflow/example_dags/tutorial_dag.py
[2022-10-04T04:48:27.275+0000] {processor.py:758} INFO - Processing file /usr/local/lib/python3.10/dist-packages/airflow/example_dags/tutorial_dag.py for tasks to queue
[2022-10-04T04:48:27.276+0000] {logging_mixin.py:117} INFO - [2022-10-04T04:48:27.276+0000] {dagbag.py:525} INFO - Filling up the DagBag from /usr/local/lib/python3.10/dist-packages/airflow/example_dags/tutorial_dag.py
[2022-10-04T04:48:27.284+0000] {processor.py:768} INFO - DAG(s) dict_keys(['tutorial_dag']) retrieved from /usr/local/lib/python3.10/dist-packages/airflow/example_dags/tutorial_dag.py
[2022-10-04T04:48:27.307+0000] {logging_mixin.py:117} INFO - [2022-10-04T04:48:27.307+0000] {dag.py:2573} INFO - Sync 1 DAGs
[2022-10-04T04:48:27.328+0000] {logging_mixin.py:117} INFO - [2022-10-04T04:48:27.327+0000] {dag.py:3324} INFO - Setting next_dagrun for tutorial_dag to None, run_after=None
[2022-10-04T04:48:27.353+0000] {processor.py:178} INFO - Processing /usr/local/lib/python3.10/dist-packages/airflow/example_dags/tutorial_dag.py took 0.082 seconds
[2022-10-04T04:49:03.149+0000] {processor.py:156} INFO - Started process (PID=2191) to work on /usr/local/lib/python3.10/dist-packages/airflow/example_dags/tutorial_dag.py
[2022-10-04T04:49:03.151+0000] {processor.py:758} INFO - Processing file /usr/local/lib/python3.10/dist-packages/airflow/example_dags/tutorial_dag.py for tasks to queue
[2022-10-04T04:49:03.151+0000] {logging_mixin.py:117} INFO - [2022-10-04T04:49:03.151+0000] {dagbag.py:525} INFO - Filling up the DagBag from /usr/local/lib/python3.10/dist-packages/airflow/example_dags/tutorial_dag.py
[2022-10-04T04:49:03.163+0000] {processor.py:768} INFO - DAG(s) dict_keys(['tutorial_dag']) retrieved from /usr/local/lib/python3.10/dist-packages/airflow/example_dags/tutorial_dag.py
[2022-10-04T04:49:03.186+0000] {logging_mixin.py:117} INFO - [2022-10-04T04:49:03.186+0000] {dag.py:2573} INFO - Sync 1 DAGs
[2022-10-04T04:49:03.205+0000] {logging_mixin.py:117} INFO - [2022-10-04T04:49:03.205+0000] {dag.py:3324} INFO - Setting next_dagrun for tutorial_dag to None, run_after=None
[2022-10-04T04:49:03.228+0000] {processor.py:178} INFO - Processing /usr/local/lib/python3.10/dist-packages/airflow/example_dags/tutorial_dag.py took 0.082 seconds
[2022-10-04T04:49:42.465+0000] {processor.py:156} INFO - Started process (PID=2228) to work on /usr/local/lib/python3.10/dist-packages/airflow/example_dags/tutorial_dag.py
[2022-10-04T04:49:42.467+0000] {processor.py:758} INFO - Processing file /usr/local/lib/python3.10/dist-packages/airflow/example_dags/tutorial_dag.py for tasks to queue
[2022-10-04T04:49:42.468+0000] {logging_mixin.py:117} INFO - [2022-10-04T04:49:42.468+0000] {dagbag.py:525} INFO - Filling up the DagBag from /usr/local/lib/python3.10/dist-packages/airflow/example_dags/tutorial_dag.py
[2022-10-04T04:49:42.478+0000] {processor.py:768} INFO - DAG(s) dict_keys(['tutorial_dag']) retrieved from /usr/local/lib/python3.10/dist-packages/airflow/example_dags/tutorial_dag.py
[2022-10-04T04:49:42.503+0000] {logging_mixin.py:117} INFO - [2022-10-04T04:49:42.503+0000] {dag.py:2573} INFO - Sync 1 DAGs
[2022-10-04T04:49:42.522+0000] {logging_mixin.py:117} INFO - [2022-10-04T04:49:42.522+0000] {dag.py:3324} INFO - Setting next_dagrun for tutorial_dag to None, run_after=None
[2022-10-04T04:49:42.546+0000] {processor.py:178} INFO - Processing /usr/local/lib/python3.10/dist-packages/airflow/example_dags/tutorial_dag.py took 0.084 seconds
[2022-10-04T04:50:19.090+0000] {processor.py:156} INFO - Started process (PID=2266) to work on /usr/local/lib/python3.10/dist-packages/airflow/example_dags/tutorial_dag.py
[2022-10-04T04:50:19.091+0000] {processor.py:758} INFO - Processing file /usr/local/lib/python3.10/dist-packages/airflow/example_dags/tutorial_dag.py for tasks to queue
[2022-10-04T04:50:19.092+0000] {logging_mixin.py:117} INFO - [2022-10-04T04:50:19.092+0000] {dagbag.py:525} INFO - Filling up the DagBag from /usr/local/lib/python3.10/dist-packages/airflow/example_dags/tutorial_dag.py
[2022-10-04T04:50:19.102+0000] {processor.py:768} INFO - DAG(s) dict_keys(['tutorial_dag']) retrieved from /usr/local/lib/python3.10/dist-packages/airflow/example_dags/tutorial_dag.py
[2022-10-04T04:50:19.125+0000] {logging_mixin.py:117} INFO - [2022-10-04T04:50:19.125+0000] {dag.py:2573} INFO - Sync 1 DAGs
[2022-10-04T04:50:19.142+0000] {logging_mixin.py:117} INFO - [2022-10-04T04:50:19.142+0000] {dag.py:3324} INFO - Setting next_dagrun for tutorial_dag to None, run_after=None
[2022-10-04T04:50:19.165+0000] {processor.py:178} INFO - Processing /usr/local/lib/python3.10/dist-packages/airflow/example_dags/tutorial_dag.py took 0.079 seconds
[2022-10-04T04:50:54.474+0000] {processor.py:156} INFO - Started process (PID=2301) to work on /usr/local/lib/python3.10/dist-packages/airflow/example_dags/tutorial_dag.py
[2022-10-04T04:50:54.476+0000] {processor.py:758} INFO - Processing file /usr/local/lib/python3.10/dist-packages/airflow/example_dags/tutorial_dag.py for tasks to queue
[2022-10-04T04:50:54.476+0000] {logging_mixin.py:117} INFO - [2022-10-04T04:50:54.476+0000] {dagbag.py:525} INFO - Filling up the DagBag from /usr/local/lib/python3.10/dist-packages/airflow/example_dags/tutorial_dag.py
[2022-10-04T04:50:54.486+0000] {processor.py:768} INFO - DAG(s) dict_keys(['tutorial_dag']) retrieved from /usr/local/lib/python3.10/dist-packages/airflow/example_dags/tutorial_dag.py
[2022-10-04T04:50:54.509+0000] {logging_mixin.py:117} INFO - [2022-10-04T04:50:54.509+0000] {dag.py:2573} INFO - Sync 1 DAGs
[2022-10-04T04:50:54.525+0000] {logging_mixin.py:117} INFO - [2022-10-04T04:50:54.525+0000] {dag.py:3324} INFO - Setting next_dagrun for tutorial_dag to None, run_after=None
[2022-10-04T04:50:54.546+0000] {processor.py:178} INFO - Processing /usr/local/lib/python3.10/dist-packages/airflow/example_dags/tutorial_dag.py took 0.075 seconds
[2022-10-04T04:51:31.700+0000] {processor.py:156} INFO - Started process (PID=2339) to work on /usr/local/lib/python3.10/dist-packages/airflow/example_dags/tutorial_dag.py
[2022-10-04T04:51:31.702+0000] {processor.py:758} INFO - Processing file /usr/local/lib/python3.10/dist-packages/airflow/example_dags/tutorial_dag.py for tasks to queue
[2022-10-04T04:51:31.702+0000] {logging_mixin.py:117} INFO - [2022-10-04T04:51:31.702+0000] {dagbag.py:525} INFO - Filling up the DagBag from /usr/local/lib/python3.10/dist-packages/airflow/example_dags/tutorial_dag.py
[2022-10-04T04:51:31.711+0000] {processor.py:768} INFO - DAG(s) dict_keys(['tutorial_dag']) retrieved from /usr/local/lib/python3.10/dist-packages/airflow/example_dags/tutorial_dag.py
[2022-10-04T04:51:31.732+0000] {logging_mixin.py:117} INFO - [2022-10-04T04:51:31.731+0000] {dag.py:2573} INFO - Sync 1 DAGs
[2022-10-04T04:51:31.747+0000] {logging_mixin.py:117} INFO - [2022-10-04T04:51:31.747+0000] {dag.py:3324} INFO - Setting next_dagrun for tutorial_dag to None, run_after=None
[2022-10-04T04:51:31.769+0000] {processor.py:178} INFO - Processing /usr/local/lib/python3.10/dist-packages/airflow/example_dags/tutorial_dag.py took 0.072 seconds
[2022-10-04T04:52:07.801+0000] {processor.py:156} INFO - Started process (PID=2374) to work on /usr/local/lib/python3.10/dist-packages/airflow/example_dags/tutorial_dag.py
[2022-10-04T04:52:07.803+0000] {processor.py:758} INFO - Processing file /usr/local/lib/python3.10/dist-packages/airflow/example_dags/tutorial_dag.py for tasks to queue
[2022-10-04T04:52:07.803+0000] {logging_mixin.py:117} INFO - [2022-10-04T04:52:07.803+0000] {dagbag.py:525} INFO - Filling up the DagBag from /usr/local/lib/python3.10/dist-packages/airflow/example_dags/tutorial_dag.py
[2022-10-04T04:52:07.815+0000] {processor.py:768} INFO - DAG(s) dict_keys(['tutorial_dag']) retrieved from /usr/local/lib/python3.10/dist-packages/airflow/example_dags/tutorial_dag.py
[2022-10-04T04:52:07.837+0000] {logging_mixin.py:117} INFO - [2022-10-04T04:52:07.836+0000] {dag.py:2573} INFO - Sync 1 DAGs
[2022-10-04T04:52:07.853+0000] {logging_mixin.py:117} INFO - [2022-10-04T04:52:07.852+0000] {dag.py:3324} INFO - Setting next_dagrun for tutorial_dag to None, run_after=None
[2022-10-04T04:52:07.876+0000] {processor.py:178} INFO - Processing /usr/local/lib/python3.10/dist-packages/airflow/example_dags/tutorial_dag.py took 0.079 seconds
[2022-10-04T04:52:42.371+0000] {processor.py:156} INFO - Started process (PID=2408) to work on /usr/local/lib/python3.10/dist-packages/airflow/example_dags/tutorial_dag.py
[2022-10-04T04:52:42.373+0000] {processor.py:758} INFO - Processing file /usr/local/lib/python3.10/dist-packages/airflow/example_dags/tutorial_dag.py for tasks to queue
[2022-10-04T04:52:42.374+0000] {logging_mixin.py:117} INFO - [2022-10-04T04:52:42.373+0000] {dagbag.py:525} INFO - Filling up the DagBag from /usr/local/lib/python3.10/dist-packages/airflow/example_dags/tutorial_dag.py
[2022-10-04T04:52:42.394+0000] {processor.py:768} INFO - DAG(s) dict_keys(['tutorial_dag']) retrieved from /usr/local/lib/python3.10/dist-packages/airflow/example_dags/tutorial_dag.py
[2022-10-04T04:52:42.444+0000] {logging_mixin.py:117} INFO - [2022-10-04T04:52:42.444+0000] {dag.py:2573} INFO - Sync 1 DAGs
[2022-10-04T04:52:42.485+0000] {logging_mixin.py:117} INFO - [2022-10-04T04:52:42.484+0000] {dag.py:3324} INFO - Setting next_dagrun for tutorial_dag to None, run_after=None
[2022-10-04T04:52:42.529+0000] {processor.py:178} INFO - Processing /usr/local/lib/python3.10/dist-packages/airflow/example_dags/tutorial_dag.py took 0.165 seconds
[2022-10-04T04:53:19.330+0000] {processor.py:156} INFO - Started process (PID=2444) to work on /usr/local/lib/python3.10/dist-packages/airflow/example_dags/tutorial_dag.py
[2022-10-04T04:53:19.331+0000] {processor.py:758} INFO - Processing file /usr/local/lib/python3.10/dist-packages/airflow/example_dags/tutorial_dag.py for tasks to queue
[2022-10-04T04:53:19.332+0000] {logging_mixin.py:117} INFO - [2022-10-04T04:53:19.332+0000] {dagbag.py:525} INFO - Filling up the DagBag from /usr/local/lib/python3.10/dist-packages/airflow/example_dags/tutorial_dag.py
[2022-10-04T04:53:19.341+0000] {processor.py:768} INFO - DAG(s) dict_keys(['tutorial_dag']) retrieved from /usr/local/lib/python3.10/dist-packages/airflow/example_dags/tutorial_dag.py
[2022-10-04T04:53:19.364+0000] {logging_mixin.py:117} INFO - [2022-10-04T04:53:19.364+0000] {dag.py:2573} INFO - Sync 1 DAGs
[2022-10-04T04:53:19.381+0000] {logging_mixin.py:117} INFO - [2022-10-04T04:53:19.380+0000] {dag.py:3324} INFO - Setting next_dagrun for tutorial_dag to None, run_after=None
[2022-10-04T04:53:19.407+0000] {processor.py:178} INFO - Processing /usr/local/lib/python3.10/dist-packages/airflow/example_dags/tutorial_dag.py took 0.080 seconds
[2022-10-04T04:53:55.550+0000] {processor.py:156} INFO - Started process (PID=2481) to work on /usr/local/lib/python3.10/dist-packages/airflow/example_dags/tutorial_dag.py
[2022-10-04T04:53:55.551+0000] {processor.py:758} INFO - Processing file /usr/local/lib/python3.10/dist-packages/airflow/example_dags/tutorial_dag.py for tasks to queue
[2022-10-04T04:53:55.552+0000] {logging_mixin.py:117} INFO - [2022-10-04T04:53:55.552+0000] {dagbag.py:525} INFO - Filling up the DagBag from /usr/local/lib/python3.10/dist-packages/airflow/example_dags/tutorial_dag.py
[2022-10-04T04:53:55.560+0000] {processor.py:768} INFO - DAG(s) dict_keys(['tutorial_dag']) retrieved from /usr/local/lib/python3.10/dist-packages/airflow/example_dags/tutorial_dag.py
[2022-10-04T04:53:55.582+0000] {logging_mixin.py:117} INFO - [2022-10-04T04:53:55.582+0000] {dag.py:2573} INFO - Sync 1 DAGs
[2022-10-04T04:53:55.604+0000] {logging_mixin.py:117} INFO - [2022-10-04T04:53:55.603+0000] {dag.py:3324} INFO - Setting next_dagrun for tutorial_dag to None, run_after=None
[2022-10-04T04:53:55.626+0000] {processor.py:178} INFO - Processing /usr/local/lib/python3.10/dist-packages/airflow/example_dags/tutorial_dag.py took 0.079 seconds
