[2023-02-02T17:53:59.866+0000] {taskinstance.py:1165} INFO - Dependencies all met for <TaskInstance: spotify_dag_prac.delete_logs manual__2023-02-02T17:53:57.551746+00:00 [queued]>
[2023-02-02T17:53:59.872+0000] {taskinstance.py:1165} INFO - Dependencies all met for <TaskInstance: spotify_dag_prac.delete_logs manual__2023-02-02T17:53:57.551746+00:00 [queued]>
[2023-02-02T17:53:59.872+0000] {taskinstance.py:1362} INFO - 
--------------------------------------------------------------------------------
[2023-02-02T17:53:59.872+0000] {taskinstance.py:1363} INFO - Starting attempt 1 of 2
[2023-02-02T17:53:59.872+0000] {taskinstance.py:1364} INFO - 
--------------------------------------------------------------------------------
[2023-02-02T17:53:59.886+0000] {taskinstance.py:1383} INFO - Executing <Task(S3DeleteObjectsOperator): delete_logs> on 2023-02-02 17:53:57.551746+00:00
[2023-02-02T17:53:59.888+0000] {standard_task_runner.py:55} INFO - Started process 25361 to run task
[2023-02-02T17:53:59.892+0000] {standard_task_runner.py:82} INFO - Running: ['airflow', 'tasks', 'run', 'spotify_dag_prac', 'delete_logs', 'manual__2023-02-02T17:53:57.551746+00:00', '--job-id', '614', '--raw', '--subdir', 'DAGS_FOLDER/prac.py', '--cfg-path', '/tmp/tmp5ltcgs12']
[2023-02-02T17:53:59.893+0000] {standard_task_runner.py:83} INFO - Job 614: Subtask delete_logs
[2023-02-02T17:53:59.935+0000] {task_command.py:376} INFO - Running <TaskInstance: spotify_dag_prac.delete_logs manual__2023-02-02T17:53:57.551746+00:00 [running]> on host ip-172-31-26-59.ap-northeast-2.compute.internal
[2023-02-02T17:53:59.987+0000] {taskinstance.py:1590} INFO - Exporting the following env vars:
AIRFLOW_CTX_DAG_EMAIL=nywkim@example.com
AIRFLOW_CTX_DAG_OWNER=airflow
AIRFLOW_CTX_DAG_ID=spotify_dag_prac
AIRFLOW_CTX_TASK_ID=delete_logs
AIRFLOW_CTX_EXECUTION_DATE=2023-02-02T17:53:57.551746+00:00
AIRFLOW_CTX_TRY_NUMBER=1
AIRFLOW_CTX_DAG_RUN_ID=manual__2023-02-02T17:53:57.551746+00:00
[2023-02-02T17:53:59.991+0000] {base.py:71} INFO - Using connection ID 'aws_default' for task execution.
[2023-02-02T17:53:59.992+0000] {connection_wrapper.py:334} INFO - AWS Connection (conn_id='aws_default', conn_type='aws') credentials retrieved from login and password.
[2023-02-02T17:54:00.590+0000] {s3.py:871} INFO - Deleted: ['logs']
[2023-02-02T17:54:00.595+0000] {taskinstance.py:1401} INFO - Marking task as SUCCESS. dag_id=spotify_dag_prac, task_id=delete_logs, execution_date=20230202T175357, start_date=20230202T175359, end_date=20230202T175400
[2023-02-02T17:54:00.625+0000] {local_task_job.py:164} INFO - Task exited with return code 0
[2023-02-02T17:54:00.636+0000] {local_task_job.py:273} INFO - 0 downstream tasks scheduled from follow-on schedule check
