[2023-01-28T18:00:16.405+0000] {taskinstance.py:1165} INFO - Dependencies all met for <TaskInstance: spotify_dag.crawl_s3 scheduled__2023-01-28T16:00:00+00:00 [queued]>
[2023-01-28T18:00:16.412+0000] {taskinstance.py:1165} INFO - Dependencies all met for <TaskInstance: spotify_dag.crawl_s3 scheduled__2023-01-28T16:00:00+00:00 [queued]>
[2023-01-28T18:00:16.412+0000] {taskinstance.py:1362} INFO - 
--------------------------------------------------------------------------------
[2023-01-28T18:00:16.412+0000] {taskinstance.py:1363} INFO - Starting attempt 1 of 2
[2023-01-28T18:00:16.412+0000] {taskinstance.py:1364} INFO - 
--------------------------------------------------------------------------------
[2023-01-28T18:00:16.426+0000] {taskinstance.py:1383} INFO - Executing <Task(GlueCrawlerOperator): crawl_s3> on 2023-01-28 16:00:00+00:00
[2023-01-28T18:00:16.429+0000] {standard_task_runner.py:55} INFO - Started process 46523 to run task
[2023-01-28T18:00:16.433+0000] {standard_task_runner.py:82} INFO - Running: ['airflow', 'tasks', 'run', 'spotify_dag', 'crawl_s3', 'scheduled__2023-01-28T16:00:00+00:00', '--job-id', '429', '--raw', '--subdir', 'DAGS_FOLDER/airflow_dags.py', '--cfg-path', '/tmp/tmprf8gpchj']
[2023-01-28T18:00:16.435+0000] {standard_task_runner.py:83} INFO - Job 429: Subtask crawl_s3
[2023-01-28T18:00:16.479+0000] {task_command.py:376} INFO - Running <TaskInstance: spotify_dag.crawl_s3 scheduled__2023-01-28T16:00:00+00:00 [running]> on host ip-172-31-26-59.ap-northeast-2.compute.internal
[2023-01-28T18:00:16.538+0000] {taskinstance.py:1590} INFO - Exporting the following env vars:
AIRFLOW_CTX_DAG_EMAIL=nywkim@example.com
AIRFLOW_CTX_DAG_OWNER=airflow
AIRFLOW_CTX_DAG_ID=spotify_dag
AIRFLOW_CTX_TASK_ID=crawl_s3
AIRFLOW_CTX_EXECUTION_DATE=2023-01-28T16:00:00+00:00
AIRFLOW_CTX_TRY_NUMBER=1
AIRFLOW_CTX_DAG_RUN_ID=scheduled__2023-01-28T16:00:00+00:00
[2023-01-28T18:00:16.539+0000] {glue_crawler.py:55} INFO - Checking if crawler already exists: spotify-crawl
[2023-01-28T18:00:16.544+0000] {base.py:71} INFO - Using connection ID 'aws_default' for task execution.
[2023-01-28T18:00:16.545+0000] {connection_wrapper.py:334} INFO - AWS Connection (conn_id='aws_default', conn_type='aws') credentials retrieved from login and password.
[2023-01-28T18:00:17.284+0000] {base.py:71} INFO - Using connection ID 'aws_default' for task execution.
[2023-01-28T18:00:17.285+0000] {connection_wrapper.py:334} INFO - AWS Connection (conn_id='aws_default', conn_type='aws') credentials retrieved from login and password.
[2023-01-28T18:00:17.594+0000] {glue_crawler.py:82} INFO - Triggering AWS Glue Crawler
[2023-01-28T18:00:17.594+0000] {glue_crawler.py:151} INFO - Starting crawler spotify-crawl
[2023-01-28T18:00:17.865+0000] {glue_crawler.py:85} INFO - Waiting for AWS Glue Crawler
[2023-01-28T18:00:17.920+0000] {glue_crawler.py:188} INFO - Polling for AWS Glue crawler: spotify-crawl 
[2023-01-28T18:00:17.920+0000] {glue_crawler.py:189} INFO - State: RUNNING
[2023-01-28T18:00:17.963+0000] {glue_crawler.py:199} INFO - Crawler should finish soon
[2023-01-28T18:00:23.025+0000] {glue_crawler.py:188} INFO - Polling for AWS Glue crawler: spotify-crawl 
[2023-01-28T18:00:23.025+0000] {glue_crawler.py:189} INFO - State: RUNNING
[2023-01-28T18:00:23.066+0000] {glue_crawler.py:199} INFO - Crawler should finish soon
[2023-01-28T18:00:28.129+0000] {glue_crawler.py:188} INFO - Polling for AWS Glue crawler: spotify-crawl 
[2023-01-28T18:00:28.129+0000] {glue_crawler.py:189} INFO - State: RUNNING
[2023-01-28T18:00:28.171+0000] {glue_crawler.py:199} INFO - Crawler should finish soon
[2023-01-28T18:00:33.232+0000] {glue_crawler.py:188} INFO - Polling for AWS Glue crawler: spotify-crawl 
[2023-01-28T18:00:33.233+0000] {glue_crawler.py:189} INFO - State: RUNNING
[2023-01-28T18:00:33.273+0000] {glue_crawler.py:199} INFO - Crawler should finish soon
[2023-01-28T18:00:38.330+0000] {glue_crawler.py:188} INFO - Polling for AWS Glue crawler: spotify-crawl 
[2023-01-28T18:00:38.330+0000] {glue_crawler.py:189} INFO - State: RUNNING
[2023-01-28T18:00:38.367+0000] {glue_crawler.py:199} INFO - Crawler should finish soon
[2023-01-28T18:00:43.401+0000] {glue_crawler.py:188} INFO - Polling for AWS Glue crawler: spotify-crawl 
[2023-01-28T18:00:43.401+0000] {glue_crawler.py:189} INFO - State: RUNNING
[2023-01-28T18:00:43.429+0000] {glue_crawler.py:199} INFO - Crawler should finish soon
[2023-01-28T18:00:48.486+0000] {glue_crawler.py:188} INFO - Polling for AWS Glue crawler: spotify-crawl 
[2023-01-28T18:00:48.486+0000] {glue_crawler.py:189} INFO - State: RUNNING
[2023-01-28T18:00:48.525+0000] {glue_crawler.py:199} INFO - Crawler should finish soon
[2023-01-28T18:00:53.572+0000] {glue_crawler.py:188} INFO - Polling for AWS Glue crawler: spotify-crawl 
[2023-01-28T18:00:53.573+0000] {glue_crawler.py:189} INFO - State: RUNNING
[2023-01-28T18:00:53.616+0000] {glue_crawler.py:199} INFO - Crawler should finish soon
[2023-01-28T18:00:58.652+0000] {glue_crawler.py:188} INFO - Polling for AWS Glue crawler: spotify-crawl 
[2023-01-28T18:00:58.652+0000] {glue_crawler.py:189} INFO - State: RUNNING
[2023-01-28T18:00:58.692+0000] {glue_crawler.py:199} INFO - Crawler should finish soon
[2023-01-28T18:01:03.751+0000] {glue_crawler.py:188} INFO - Polling for AWS Glue crawler: spotify-crawl 
[2023-01-28T18:01:03.751+0000] {glue_crawler.py:189} INFO - State: RUNNING
[2023-01-28T18:01:03.790+0000] {glue_crawler.py:197} INFO - Estimated Time Left (seconds): 15
[2023-01-28T18:01:08.845+0000] {glue_crawler.py:188} INFO - Polling for AWS Glue crawler: spotify-crawl 
[2023-01-28T18:01:08.845+0000] {glue_crawler.py:189} INFO - State: RUNNING
[2023-01-28T18:01:08.874+0000] {glue_crawler.py:197} INFO - Estimated Time Left (seconds): 15
[2023-01-28T18:01:13.908+0000] {glue_crawler.py:188} INFO - Polling for AWS Glue crawler: spotify-crawl 
[2023-01-28T18:01:13.908+0000] {glue_crawler.py:189} INFO - State: STOPPING
[2023-01-28T18:01:13.936+0000] {glue_crawler.py:197} INFO - Estimated Time Left (seconds): 15
[2023-01-28T18:01:18.993+0000] {glue_crawler.py:188} INFO - Polling for AWS Glue crawler: spotify-crawl 
[2023-01-28T18:01:18.993+0000] {glue_crawler.py:189} INFO - State: STOPPING
[2023-01-28T18:01:19.033+0000] {glue_crawler.py:197} INFO - Estimated Time Left (seconds): 15
[2023-01-28T18:01:24.095+0000] {glue_crawler.py:188} INFO - Polling for AWS Glue crawler: spotify-crawl 
[2023-01-28T18:01:24.095+0000] {glue_crawler.py:189} INFO - State: STOPPING
[2023-01-28T18:01:24.121+0000] {glue_crawler.py:197} INFO - Estimated Time Left (seconds): 15
[2023-01-28T18:01:29.186+0000] {glue_crawler.py:188} INFO - Polling for AWS Glue crawler: spotify-crawl 
[2023-01-28T18:01:29.186+0000] {glue_crawler.py:189} INFO - State: STOPPING
[2023-01-28T18:01:29.221+0000] {glue_crawler.py:197} INFO - Estimated Time Left (seconds): 15
[2023-01-28T18:01:34.273+0000] {glue_crawler.py:188} INFO - Polling for AWS Glue crawler: spotify-crawl 
[2023-01-28T18:01:34.273+0000] {glue_crawler.py:189} INFO - State: STOPPING
[2023-01-28T18:01:34.306+0000] {glue_crawler.py:197} INFO - Estimated Time Left (seconds): 15
[2023-01-28T18:01:39.355+0000] {glue_crawler.py:188} INFO - Polling for AWS Glue crawler: spotify-crawl 
[2023-01-28T18:01:39.356+0000] {glue_crawler.py:189} INFO - State: STOPPING
[2023-01-28T18:01:39.411+0000] {glue_crawler.py:197} INFO - Estimated Time Left (seconds): 15
[2023-01-28T18:01:44.467+0000] {glue_crawler.py:188} INFO - Polling for AWS Glue crawler: spotify-crawl 
[2023-01-28T18:01:44.467+0000] {glue_crawler.py:189} INFO - State: STOPPING
[2023-01-28T18:01:44.505+0000] {glue_crawler.py:197} INFO - Estimated Time Left (seconds): 15
[2023-01-28T18:01:49.550+0000] {glue_crawler.py:188} INFO - Polling for AWS Glue crawler: spotify-crawl 
[2023-01-28T18:01:49.550+0000] {glue_crawler.py:189} INFO - State: STOPPING
[2023-01-28T18:01:49.583+0000] {glue_crawler.py:197} INFO - Estimated Time Left (seconds): 15
[2023-01-28T18:01:54.651+0000] {glue_crawler.py:188} INFO - Polling for AWS Glue crawler: spotify-crawl 
[2023-01-28T18:01:54.651+0000] {glue_crawler.py:189} INFO - State: STOPPING
[2023-01-28T18:01:54.694+0000] {glue_crawler.py:197} INFO - Estimated Time Left (seconds): 15
[2023-01-28T18:01:59.757+0000] {glue_crawler.py:188} INFO - Polling for AWS Glue crawler: spotify-crawl 
[2023-01-28T18:01:59.757+0000] {glue_crawler.py:189} INFO - State: STOPPING
[2023-01-28T18:01:59.801+0000] {glue_crawler.py:197} INFO - Estimated Time Left (seconds): 15
[2023-01-28T18:02:04.861+0000] {glue_crawler.py:188} INFO - Polling for AWS Glue crawler: spotify-crawl 
[2023-01-28T18:02:04.861+0000] {glue_crawler.py:189} INFO - State: STOPPING
[2023-01-28T18:02:04.896+0000] {glue_crawler.py:197} INFO - Estimated Time Left (seconds): 15
[2023-01-28T18:02:09.953+0000] {glue_crawler.py:188} INFO - Polling for AWS Glue crawler: spotify-crawl 
[2023-01-28T18:02:09.953+0000] {glue_crawler.py:189} INFO - State: STOPPING
[2023-01-28T18:02:09.997+0000] {glue_crawler.py:197} INFO - Estimated Time Left (seconds): 15
[2023-01-28T18:02:15.043+0000] {glue_crawler.py:188} INFO - Polling for AWS Glue crawler: spotify-crawl 
[2023-01-28T18:02:15.043+0000] {glue_crawler.py:189} INFO - State: STOPPING
[2023-01-28T18:02:15.088+0000] {glue_crawler.py:197} INFO - Estimated Time Left (seconds): 15
[2023-01-28T18:02:20.124+0000] {glue_crawler.py:188} INFO - Polling for AWS Glue crawler: spotify-crawl 
[2023-01-28T18:02:20.124+0000] {glue_crawler.py:189} INFO - State: STOPPING
[2023-01-28T18:02:20.161+0000] {glue_crawler.py:197} INFO - Estimated Time Left (seconds): 15
[2023-01-28T18:02:25.211+0000] {glue_crawler.py:188} INFO - Polling for AWS Glue crawler: spotify-crawl 
[2023-01-28T18:02:25.211+0000] {glue_crawler.py:189} INFO - State: STOPPING
[2023-01-28T18:02:25.258+0000] {glue_crawler.py:197} INFO - Estimated Time Left (seconds): 15
[2023-01-28T18:02:30.295+0000] {glue_crawler.py:188} INFO - Polling for AWS Glue crawler: spotify-crawl 
[2023-01-28T18:02:30.296+0000] {glue_crawler.py:189} INFO - State: STOPPING
[2023-01-28T18:02:30.337+0000] {glue_crawler.py:197} INFO - Estimated Time Left (seconds): 15
[2023-01-28T18:02:35.380+0000] {glue_crawler.py:188} INFO - Polling for AWS Glue crawler: spotify-crawl 
[2023-01-28T18:02:35.380+0000] {glue_crawler.py:189} INFO - State: STOPPING
[2023-01-28T18:02:35.427+0000] {glue_crawler.py:197} INFO - Estimated Time Left (seconds): 15
[2023-01-28T18:02:40.462+0000] {glue_crawler.py:188} INFO - Polling for AWS Glue crawler: spotify-crawl 
[2023-01-28T18:02:40.462+0000] {glue_crawler.py:189} INFO - State: STOPPING
[2023-01-28T18:02:40.507+0000] {glue_crawler.py:197} INFO - Estimated Time Left (seconds): 15
[2023-01-28T18:02:45.555+0000] {glue_crawler.py:188} INFO - Polling for AWS Glue crawler: spotify-crawl 
[2023-01-28T18:02:45.555+0000] {glue_crawler.py:189} INFO - State: STOPPING
[2023-01-28T18:02:45.599+0000] {glue_crawler.py:197} INFO - Estimated Time Left (seconds): 15
[2023-01-28T18:02:50.642+0000] {glue_crawler.py:188} INFO - Polling for AWS Glue crawler: spotify-crawl 
[2023-01-28T18:02:50.643+0000] {glue_crawler.py:189} INFO - State: STOPPING
[2023-01-28T18:02:50.680+0000] {glue_crawler.py:197} INFO - Estimated Time Left (seconds): 15
[2023-01-28T18:02:55.738+0000] {glue_crawler.py:188} INFO - Polling for AWS Glue crawler: spotify-crawl 
[2023-01-28T18:02:55.738+0000] {glue_crawler.py:189} INFO - State: STOPPING
[2023-01-28T18:02:55.776+0000] {glue_crawler.py:197} INFO - Estimated Time Left (seconds): 15
[2023-01-28T18:03:00.813+0000] {glue_crawler.py:188} INFO - Polling for AWS Glue crawler: spotify-crawl 
[2023-01-28T18:03:00.814+0000] {glue_crawler.py:189} INFO - State: STOPPING
[2023-01-28T18:03:00.856+0000] {glue_crawler.py:197} INFO - Estimated Time Left (seconds): 15
[2023-01-28T18:03:05.892+0000] {glue_crawler.py:170} INFO - State: READY
[2023-01-28T18:03:05.892+0000] {glue_crawler.py:171} INFO - crawler_config: {'Name': 'spotify-crawl', 'Role': 'service-role/AWSGlueServiceRole-crawlerclass', 'Targets': {'S3Targets': [{'Path': 's3://airflow-nk/logs', 'Exclusions': []}], 'JdbcTargets': [], 'MongoDBTargets': [], 'DynamoDBTargets': [], 'CatalogTargets': [], 'DeltaTargets': []}, 'DatabaseName': 'spotify', 'Classifiers': [], 'RecrawlPolicy': {'RecrawlBehavior': 'CRAWL_EVERYTHING'}, 'SchemaChangePolicy': {'UpdateBehavior': 'LOG', 'DeleteBehavior': 'LOG'}, 'LineageConfiguration': {'CrawlerLineageSettings': 'DISABLE'}, 'State': 'READY', 'CrawlElapsedTime': 0, 'CreationTime': datetime.datetime(2022, 10, 4, 6, 4, 16, tzinfo=tzlocal()), 'LastUpdated': datetime.datetime(2023, 1, 25, 11, 32, 11, tzinfo=tzlocal()), 'LastCrawl': {'Status': 'SUCCEEDED', 'LogGroup': '/aws-glue/crawlers', 'LogStream': 'spotify-crawl', 'MessagePrefix': 'e35cb5ff-fc4f-498c-be8a-aa27ecd249bb', 'StartTime': datetime.datetime(2023, 1, 28, 18, 0, 17, tzinfo=tzlocal())}, 'Version': 18, 'LakeFormationConfiguration': {'UseLakeFormationCredentials': False, 'AccountId': ''}}
[2023-01-28T18:03:05.918+0000] {glue_crawler.py:178} INFO - Status: SUCCEEDED
[2023-01-28T18:03:05.918+0000] {glue_crawler.py:179} INFO - Last Runtime Duration (seconds): 53.087
[2023-01-28T18:03:05.918+0000] {glue_crawler.py:180} INFO - Median Runtime Duration (seconds): 54.139
[2023-01-28T18:03:05.918+0000] {glue_crawler.py:181} INFO - Tables Created: 0
[2023-01-28T18:03:05.918+0000] {glue_crawler.py:182} INFO - Tables Updated: 0
[2023-01-28T18:03:05.919+0000] {glue_crawler.py:183} INFO - Tables Deleted: 0
[2023-01-28T18:03:05.933+0000] {taskinstance.py:1401} INFO - Marking task as SUCCESS. dag_id=spotify_dag, task_id=crawl_s3, execution_date=20230128T160000, start_date=20230128T180016, end_date=20230128T180305
[2023-01-28T18:03:05.975+0000] {local_task_job.py:164} INFO - Task exited with return code 0
[2023-01-28T18:03:05.998+0000] {local_task_job.py:273} INFO - 1 downstream tasks scheduled from follow-on schedule check
