[2023-01-29T18:24:23.719+0000] {taskinstance.py:1165} INFO - Dependencies all met for <TaskInstance: peactice.athena_agg manual__2023-01-29T18:24:21.212921+00:00 [queued]>
[2023-01-29T18:24:23.725+0000] {taskinstance.py:1165} INFO - Dependencies all met for <TaskInstance: peactice.athena_agg manual__2023-01-29T18:24:21.212921+00:00 [queued]>
[2023-01-29T18:24:23.725+0000] {taskinstance.py:1362} INFO - 
--------------------------------------------------------------------------------
[2023-01-29T18:24:23.725+0000] {taskinstance.py:1363} INFO - Starting attempt 1 of 2
[2023-01-29T18:24:23.725+0000] {taskinstance.py:1364} INFO - 
--------------------------------------------------------------------------------
[2023-01-29T18:24:23.739+0000] {taskinstance.py:1383} INFO - Executing <Task(AthenaOperator): athena_agg> on 2023-01-29 18:24:21.212921+00:00
[2023-01-29T18:24:23.741+0000] {standard_task_runner.py:55} INFO - Started process 2422 to run task
[2023-01-29T18:24:23.745+0000] {standard_task_runner.py:82} INFO - Running: ['airflow', 'tasks', 'run', 'peactice', 'athena_agg', 'manual__2023-01-29T18:24:21.212921+00:00', '--job-id', '475', '--raw', '--subdir', 'DAGS_FOLDER/practice.py', '--cfg-path', '/tmp/tmpkbjr1qkk']
[2023-01-29T18:24:23.746+0000] {standard_task_runner.py:83} INFO - Job 475: Subtask athena_agg
[2023-01-29T18:24:23.785+0000] {task_command.py:376} INFO - Running <TaskInstance: peactice.athena_agg manual__2023-01-29T18:24:21.212921+00:00 [running]> on host ip-172-31-26-59.ap-northeast-2.compute.internal
[2023-01-29T18:24:23.837+0000] {taskinstance.py:1590} INFO - Exporting the following env vars:
AIRFLOW_CTX_DAG_EMAIL=nywkim@example.com
AIRFLOW_CTX_DAG_OWNER=airflow
AIRFLOW_CTX_DAG_ID=peactice
AIRFLOW_CTX_TASK_ID=athena_agg
AIRFLOW_CTX_EXECUTION_DATE=2023-01-29T18:24:21.212921+00:00
AIRFLOW_CTX_TRY_NUMBER=1
AIRFLOW_CTX_DAG_RUN_ID=manual__2023-01-29T18:24:21.212921+00:00
[2023-01-29T18:24:23.838+0000] {athena.py:98} INFO - Running Query with params: {'QueryString': '\n        SELECT "artist_name","day", count(*) as "listen_count"\n        FROM (SELECT day, track_id FROM "spotify"."records" WHERE day=\'2023-01-29\') a\n            JOIN (SELECT DISTINCT(track_id) as track_id, artist_name FROM "spotify"."tracks") b\n            ON a."track_id"=b."track_id"\n        group by "artist_name","day"\n        order by "listen_count" desc;\n    ', 'QueryExecutionContext': {'Database': 'spotify'}, 'ResultConfiguration': {'OutputLocation': 's3://airflow-nk/data/gold/{ds}'}, 'WorkGroup': 'primary'}
[2023-01-29T18:24:23.841+0000] {base.py:71} INFO - Using connection ID 'aws_default' for task execution.
[2023-01-29T18:24:23.842+0000] {connection_wrapper.py:334} INFO - AWS Connection (conn_id='aws_default', conn_type='aws') credentials retrieved from login and password.
[2023-01-29T18:24:24.457+0000] {athena.py:101} INFO - Query execution id: cdbacebf-00d0-46d3-a67e-fa9cdc677cbd
[2023-01-29T18:24:24.481+0000] {athena.py:260} INFO - Query execution id: cdbacebf-00d0-46d3-a67e-fa9cdc677cbd, trial 1: Query is still in non-terminal state - QUEUED
[2023-01-29T18:24:54.680+0000] {athena.py:251} INFO - Query execution id: cdbacebf-00d0-46d3-a67e-fa9cdc677cbd, trial 2: Query execution completed. Final state is SUCCEEDED
[2023-01-29T18:24:54.697+0000] {taskinstance.py:1401} INFO - Marking task as SUCCESS. dag_id=peactice, task_id=athena_agg, execution_date=20230129T182421, start_date=20230129T182423, end_date=20230129T182454
[2023-01-29T18:24:54.730+0000] {local_task_job.py:164} INFO - Task exited with return code 0
[2023-01-29T18:24:54.742+0000] {local_task_job.py:273} INFO - 0 downstream tasks scheduled from follow-on schedule check
