[2023-02-02T16:00:13.154+0000] {taskinstance.py:1165} INFO - Dependencies all met for <TaskInstance: spotify_dag.crawl_s3 scheduled__2023-02-02T14:00:00+00:00 [queued]>
[2023-02-02T16:00:13.162+0000] {taskinstance.py:1165} INFO - Dependencies all met for <TaskInstance: spotify_dag.crawl_s3 scheduled__2023-02-02T14:00:00+00:00 [queued]>
[2023-02-02T16:00:13.162+0000] {taskinstance.py:1362} INFO - 
--------------------------------------------------------------------------------
[2023-02-02T16:00:13.162+0000] {taskinstance.py:1363} INFO - Starting attempt 1 of 2
[2023-02-02T16:00:13.162+0000] {taskinstance.py:1364} INFO - 
--------------------------------------------------------------------------------
[2023-02-02T16:00:13.178+0000] {taskinstance.py:1383} INFO - Executing <Task(GlueCrawlerOperator): crawl_s3> on 2023-02-02 14:00:00+00:00
[2023-02-02T16:00:13.181+0000] {standard_task_runner.py:55} INFO - Started process 19734 to run task
[2023-02-02T16:00:13.184+0000] {standard_task_runner.py:82} INFO - Running: ['airflow', 'tasks', 'run', 'spotify_dag', 'crawl_s3', 'scheduled__2023-02-02T14:00:00+00:00', '--job-id', '575', '--raw', '--subdir', 'DAGS_FOLDER/airflow_dags.py', '--cfg-path', '/tmp/tmpayvb09j0']
[2023-02-02T16:00:13.186+0000] {standard_task_runner.py:83} INFO - Job 575: Subtask crawl_s3
[2023-02-02T16:00:13.227+0000] {task_command.py:376} INFO - Running <TaskInstance: spotify_dag.crawl_s3 scheduled__2023-02-02T14:00:00+00:00 [running]> on host ip-172-31-26-59.ap-northeast-2.compute.internal
[2023-02-02T16:00:13.280+0000] {taskinstance.py:1590} INFO - Exporting the following env vars:
AIRFLOW_CTX_DAG_EMAIL=nywkim@example.com
AIRFLOW_CTX_DAG_OWNER=airflow
AIRFLOW_CTX_DAG_ID=spotify_dag
AIRFLOW_CTX_TASK_ID=crawl_s3
AIRFLOW_CTX_EXECUTION_DATE=2023-02-02T14:00:00+00:00
AIRFLOW_CTX_TRY_NUMBER=1
AIRFLOW_CTX_DAG_RUN_ID=scheduled__2023-02-02T14:00:00+00:00
[2023-02-02T16:00:13.281+0000] {glue_crawler.py:55} INFO - Checking if crawler already exists: spotify-crawl
[2023-02-02T16:00:13.285+0000] {base.py:71} INFO - Using connection ID 'aws_default' for task execution.
[2023-02-02T16:00:13.286+0000] {connection_wrapper.py:334} INFO - AWS Connection (conn_id='aws_default', conn_type='aws') credentials retrieved from login and password.
[2023-02-02T16:00:13.974+0000] {base.py:71} INFO - Using connection ID 'aws_default' for task execution.
[2023-02-02T16:00:13.975+0000] {connection_wrapper.py:334} INFO - AWS Connection (conn_id='aws_default', conn_type='aws') credentials retrieved from login and password.
[2023-02-02T16:00:14.293+0000] {glue_crawler.py:82} INFO - Triggering AWS Glue Crawler
[2023-02-02T16:00:14.293+0000] {glue_crawler.py:151} INFO - Starting crawler spotify-crawl
[2023-02-02T16:00:14.585+0000] {glue_crawler.py:85} INFO - Waiting for AWS Glue Crawler
[2023-02-02T16:00:14.647+0000] {glue_crawler.py:188} INFO - Polling for AWS Glue crawler: spotify-crawl 
[2023-02-02T16:00:14.647+0000] {glue_crawler.py:189} INFO - State: RUNNING
[2023-02-02T16:00:14.697+0000] {glue_crawler.py:199} INFO - Crawler should finish soon
[2023-02-02T16:00:19.754+0000] {glue_crawler.py:188} INFO - Polling for AWS Glue crawler: spotify-crawl 
[2023-02-02T16:00:19.755+0000] {glue_crawler.py:189} INFO - State: RUNNING
[2023-02-02T16:00:19.779+0000] {glue_crawler.py:199} INFO - Crawler should finish soon
[2023-02-02T16:00:24.843+0000] {glue_crawler.py:188} INFO - Polling for AWS Glue crawler: spotify-crawl 
[2023-02-02T16:00:24.843+0000] {glue_crawler.py:189} INFO - State: RUNNING
[2023-02-02T16:00:24.888+0000] {glue_crawler.py:199} INFO - Crawler should finish soon
[2023-02-02T16:00:29.961+0000] {glue_crawler.py:188} INFO - Polling for AWS Glue crawler: spotify-crawl 
[2023-02-02T16:00:29.961+0000] {glue_crawler.py:189} INFO - State: RUNNING
[2023-02-02T16:00:30.002+0000] {glue_crawler.py:199} INFO - Crawler should finish soon
[2023-02-02T16:00:35.038+0000] {glue_crawler.py:188} INFO - Polling for AWS Glue crawler: spotify-crawl 
[2023-02-02T16:00:35.038+0000] {glue_crawler.py:189} INFO - State: RUNNING
[2023-02-02T16:00:35.065+0000] {glue_crawler.py:199} INFO - Crawler should finish soon
[2023-02-02T16:00:40.126+0000] {glue_crawler.py:188} INFO - Polling for AWS Glue crawler: spotify-crawl 
[2023-02-02T16:00:40.127+0000] {glue_crawler.py:189} INFO - State: RUNNING
[2023-02-02T16:00:40.154+0000] {glue_crawler.py:199} INFO - Crawler should finish soon
[2023-02-02T16:00:45.212+0000] {glue_crawler.py:188} INFO - Polling for AWS Glue crawler: spotify-crawl 
[2023-02-02T16:00:45.212+0000] {glue_crawler.py:189} INFO - State: RUNNING
[2023-02-02T16:00:45.268+0000] {glue_crawler.py:199} INFO - Crawler should finish soon
[2023-02-02T16:00:50.331+0000] {glue_crawler.py:188} INFO - Polling for AWS Glue crawler: spotify-crawl 
[2023-02-02T16:00:50.331+0000] {glue_crawler.py:189} INFO - State: RUNNING
[2023-02-02T16:00:50.358+0000] {glue_crawler.py:199} INFO - Crawler should finish soon
[2023-02-02T16:00:55.394+0000] {glue_crawler.py:188} INFO - Polling for AWS Glue crawler: spotify-crawl 
[2023-02-02T16:00:55.394+0000] {glue_crawler.py:189} INFO - State: RUNNING
[2023-02-02T16:00:55.438+0000] {glue_crawler.py:199} INFO - Crawler should finish soon
[2023-02-02T16:01:00.473+0000] {glue_crawler.py:188} INFO - Polling for AWS Glue crawler: spotify-crawl 
[2023-02-02T16:01:00.474+0000] {glue_crawler.py:189} INFO - State: RUNNING
[2023-02-02T16:01:00.502+0000] {glue_crawler.py:199} INFO - Crawler should finish soon
[2023-02-02T16:01:05.569+0000] {glue_crawler.py:188} INFO - Polling for AWS Glue crawler: spotify-crawl 
[2023-02-02T16:01:05.569+0000] {glue_crawler.py:189} INFO - State: RUNNING
[2023-02-02T16:01:05.615+0000] {glue_crawler.py:199} INFO - Crawler should finish soon
[2023-02-02T16:01:10.679+0000] {glue_crawler.py:188} INFO - Polling for AWS Glue crawler: spotify-crawl 
[2023-02-02T16:01:10.680+0000] {glue_crawler.py:189} INFO - State: STOPPING
[2023-02-02T16:01:10.707+0000] {glue_crawler.py:197} INFO - Estimated Time Left (seconds): 15
[2023-02-02T16:01:15.770+0000] {glue_crawler.py:188} INFO - Polling for AWS Glue crawler: spotify-crawl 
[2023-02-02T16:01:15.770+0000] {glue_crawler.py:189} INFO - State: STOPPING
[2023-02-02T16:01:15.815+0000] {glue_crawler.py:197} INFO - Estimated Time Left (seconds): 15
[2023-02-02T16:01:20.874+0000] {glue_crawler.py:188} INFO - Polling for AWS Glue crawler: spotify-crawl 
[2023-02-02T16:01:20.874+0000] {glue_crawler.py:189} INFO - State: STOPPING
[2023-02-02T16:01:20.901+0000] {glue_crawler.py:197} INFO - Estimated Time Left (seconds): 15
[2023-02-02T16:01:25.966+0000] {glue_crawler.py:188} INFO - Polling for AWS Glue crawler: spotify-crawl 
[2023-02-02T16:01:25.967+0000] {glue_crawler.py:189} INFO - State: STOPPING
[2023-02-02T16:01:25.993+0000] {glue_crawler.py:197} INFO - Estimated Time Left (seconds): 15
[2023-02-02T16:01:31.050+0000] {glue_crawler.py:188} INFO - Polling for AWS Glue crawler: spotify-crawl 
[2023-02-02T16:01:31.050+0000] {glue_crawler.py:189} INFO - State: STOPPING
[2023-02-02T16:01:31.090+0000] {glue_crawler.py:197} INFO - Estimated Time Left (seconds): 15
[2023-02-02T16:01:36.132+0000] {glue_crawler.py:188} INFO - Polling for AWS Glue crawler: spotify-crawl 
[2023-02-02T16:01:36.132+0000] {glue_crawler.py:189} INFO - State: STOPPING
[2023-02-02T16:01:36.167+0000] {glue_crawler.py:197} INFO - Estimated Time Left (seconds): 15
[2023-02-02T16:01:41.217+0000] {glue_crawler.py:188} INFO - Polling for AWS Glue crawler: spotify-crawl 
[2023-02-02T16:01:41.217+0000] {glue_crawler.py:189} INFO - State: STOPPING
[2023-02-02T16:01:41.257+0000] {glue_crawler.py:197} INFO - Estimated Time Left (seconds): 15
[2023-02-02T16:01:46.298+0000] {glue_crawler.py:188} INFO - Polling for AWS Glue crawler: spotify-crawl 
[2023-02-02T16:01:46.298+0000] {glue_crawler.py:189} INFO - State: STOPPING
[2023-02-02T16:01:46.338+0000] {glue_crawler.py:197} INFO - Estimated Time Left (seconds): 15
[2023-02-02T16:01:51.376+0000] {glue_crawler.py:188} INFO - Polling for AWS Glue crawler: spotify-crawl 
[2023-02-02T16:01:51.376+0000] {glue_crawler.py:189} INFO - State: STOPPING
[2023-02-02T16:01:51.420+0000] {glue_crawler.py:197} INFO - Estimated Time Left (seconds): 15
[2023-02-02T16:01:56.455+0000] {glue_crawler.py:188} INFO - Polling for AWS Glue crawler: spotify-crawl 
[2023-02-02T16:01:56.455+0000] {glue_crawler.py:189} INFO - State: STOPPING
[2023-02-02T16:01:56.502+0000] {glue_crawler.py:197} INFO - Estimated Time Left (seconds): 15
[2023-02-02T16:02:01.564+0000] {glue_crawler.py:188} INFO - Polling for AWS Glue crawler: spotify-crawl 
[2023-02-02T16:02:01.564+0000] {glue_crawler.py:189} INFO - State: STOPPING
[2023-02-02T16:02:01.607+0000] {glue_crawler.py:197} INFO - Estimated Time Left (seconds): 15
[2023-02-02T16:02:06.663+0000] {glue_crawler.py:188} INFO - Polling for AWS Glue crawler: spotify-crawl 
[2023-02-02T16:02:06.663+0000] {glue_crawler.py:189} INFO - State: STOPPING
[2023-02-02T16:02:06.709+0000] {glue_crawler.py:197} INFO - Estimated Time Left (seconds): 15
[2023-02-02T16:02:11.750+0000] {glue_crawler.py:188} INFO - Polling for AWS Glue crawler: spotify-crawl 
[2023-02-02T16:02:11.750+0000] {glue_crawler.py:189} INFO - State: STOPPING
[2023-02-02T16:02:11.780+0000] {glue_crawler.py:197} INFO - Estimated Time Left (seconds): 15
[2023-02-02T16:02:16.828+0000] {glue_crawler.py:188} INFO - Polling for AWS Glue crawler: spotify-crawl 
[2023-02-02T16:02:16.828+0000] {glue_crawler.py:189} INFO - State: STOPPING
[2023-02-02T16:02:16.865+0000] {glue_crawler.py:197} INFO - Estimated Time Left (seconds): 15
[2023-02-02T16:02:21.918+0000] {glue_crawler.py:188} INFO - Polling for AWS Glue crawler: spotify-crawl 
[2023-02-02T16:02:21.918+0000] {glue_crawler.py:189} INFO - State: STOPPING
[2023-02-02T16:02:21.950+0000] {glue_crawler.py:197} INFO - Estimated Time Left (seconds): 15
[2023-02-02T16:02:27.011+0000] {glue_crawler.py:188} INFO - Polling for AWS Glue crawler: spotify-crawl 
[2023-02-02T16:02:27.011+0000] {glue_crawler.py:189} INFO - State: STOPPING
[2023-02-02T16:02:27.048+0000] {glue_crawler.py:197} INFO - Estimated Time Left (seconds): 15
[2023-02-02T16:02:32.100+0000] {glue_crawler.py:170} INFO - State: READY
[2023-02-02T16:02:32.100+0000] {glue_crawler.py:171} INFO - crawler_config: {'Name': 'spotify-crawl', 'Role': 'service-role/AWSGlueServiceRole-crawlerclass', 'Targets': {'S3Targets': [{'Path': 's3://airflow-nk/data/gold', 'Exclusions': []}], 'JdbcTargets': [], 'MongoDBTargets': [], 'DynamoDBTargets': [], 'CatalogTargets': [], 'DeltaTargets': []}, 'DatabaseName': 'spotify', 'Classifiers': ['sp_classifieer'], 'RecrawlPolicy': {'RecrawlBehavior': 'CRAWL_EVERYTHING'}, 'SchemaChangePolicy': {'UpdateBehavior': 'LOG', 'DeleteBehavior': 'LOG'}, 'LineageConfiguration': {'CrawlerLineageSettings': 'DISABLE'}, 'State': 'READY', 'CrawlElapsedTime': 0, 'CreationTime': datetime.datetime(2022, 10, 4, 6, 4, 16, tzinfo=tzlocal()), 'LastUpdated': datetime.datetime(2023, 2, 1, 16, 13, 59, tzinfo=tzlocal()), 'LastCrawl': {'Status': 'SUCCEEDED', 'LogGroup': '/aws-glue/crawlers', 'LogStream': 'spotify-crawl', 'MessagePrefix': '8d3c276f-1936-46ec-be8c-1345607365e9', 'StartTime': datetime.datetime(2023, 2, 2, 16, 0, 14, tzinfo=tzlocal())}, 'Version': 21, 'LakeFormationConfiguration': {'UseLakeFormationCredentials': False, 'AccountId': ''}}
[2023-02-02T16:02:32.144+0000] {glue_crawler.py:178} INFO - Status: SUCCEEDED
[2023-02-02T16:02:32.144+0000] {glue_crawler.py:179} INFO - Last Runtime Duration (seconds): 52.756
[2023-02-02T16:02:32.144+0000] {glue_crawler.py:180} INFO - Median Runtime Duration (seconds): 58.6895
[2023-02-02T16:02:32.144+0000] {glue_crawler.py:181} INFO - Tables Created: 4
[2023-02-02T16:02:32.144+0000] {glue_crawler.py:182} INFO - Tables Updated: 0
[2023-02-02T16:02:32.144+0000] {glue_crawler.py:183} INFO - Tables Deleted: 0
[2023-02-02T16:02:32.161+0000] {taskinstance.py:1401} INFO - Marking task as SUCCESS. dag_id=spotify_dag, task_id=crawl_s3, execution_date=20230202T140000, start_date=20230202T160013, end_date=20230202T160232
[2023-02-02T16:02:32.214+0000] {local_task_job.py:164} INFO - Task exited with return code 0
[2023-02-02T16:02:32.239+0000] {local_task_job.py:273} INFO - 1 downstream tasks scheduled from follow-on schedule check
