[2023-01-31T16:02:22.003+0000] {taskinstance.py:1165} INFO - Dependencies all met for <TaskInstance: spotify_dag.glue_job scheduled__2023-01-31T14:00:00+00:00 [queued]>
[2023-01-31T16:02:22.009+0000] {taskinstance.py:1165} INFO - Dependencies all met for <TaskInstance: spotify_dag.glue_job scheduled__2023-01-31T14:00:00+00:00 [queued]>
[2023-01-31T16:02:22.009+0000] {taskinstance.py:1362} INFO - 
--------------------------------------------------------------------------------
[2023-01-31T16:02:22.009+0000] {taskinstance.py:1363} INFO - Starting attempt 1 of 2
[2023-01-31T16:02:22.009+0000] {taskinstance.py:1364} INFO - 
--------------------------------------------------------------------------------
[2023-01-31T16:02:22.022+0000] {taskinstance.py:1383} INFO - Executing <Task(PythonOperator): glue_job> on 2023-01-31 14:00:00+00:00
[2023-01-31T16:02:22.025+0000] {standard_task_runner.py:55} INFO - Started process 21046 to run task
[2023-01-31T16:02:22.029+0000] {standard_task_runner.py:82} INFO - Running: ['airflow', 'tasks', 'run', 'spotify_dag', 'glue_job', 'scheduled__2023-01-31T14:00:00+00:00', '--job-id', '530', '--raw', '--subdir', 'DAGS_FOLDER/airflow_dags.py', '--cfg-path', '/tmp/tmp86d2kq2m']
[2023-01-31T16:02:22.030+0000] {standard_task_runner.py:83} INFO - Job 530: Subtask glue_job
[2023-01-31T16:02:22.071+0000] {task_command.py:376} INFO - Running <TaskInstance: spotify_dag.glue_job scheduled__2023-01-31T14:00:00+00:00 [running]> on host ip-172-31-26-59.ap-northeast-2.compute.internal
[2023-01-31T16:02:22.115+0000] {taskinstance.py:1590} INFO - Exporting the following env vars:
AIRFLOW_CTX_DAG_EMAIL=nywkim@example.com
AIRFLOW_CTX_DAG_OWNER=airflow
AIRFLOW_CTX_DAG_ID=spotify_dag
AIRFLOW_CTX_TASK_ID=glue_job
AIRFLOW_CTX_EXECUTION_DATE=2023-01-31T14:00:00+00:00
AIRFLOW_CTX_TRY_NUMBER=1
AIRFLOW_CTX_DAG_RUN_ID=scheduled__2023-01-31T14:00:00+00:00
[2023-01-31T16:02:22.129+0000] {credentials.py:1251} INFO - Found credentials in shared credentials file: ~/.aws/credentials
[2023-01-31T16:02:22.483+0000] {logging_mixin.py:120} INFO - {'JobRunId': 'jr_353b670002d6f8e794b5e4a0b2ff0d69f115faf96e0dfc01cecf059f6d1c7cc1', 'ResponseMetadata': {'RequestId': '4546657c-1e87-41a2-b83d-f4c362db3a01', 'HTTPStatusCode': 200, 'HTTPHeaders': {'date': 'Tue, 31 Jan 2023 16:02:22 GMT', 'content-type': 'application/x-amz-json-1.1', 'content-length': '82', 'connection': 'keep-alive', 'x-amzn-requestid': '4546657c-1e87-41a2-b83d-f4c362db3a01'}, 'RetryAttempts': 0}}
[2023-01-31T16:02:22.484+0000] {python.py:177} INFO - Done. Returned value was: None
[2023-01-31T16:02:22.488+0000] {taskinstance.py:1401} INFO - Marking task as SUCCESS. dag_id=spotify_dag, task_id=glue_job, execution_date=20230131T140000, start_date=20230131T160222, end_date=20230131T160222
[2023-01-31T16:02:22.522+0000] {local_task_job.py:164} INFO - Task exited with return code 0
[2023-01-31T16:02:22.532+0000] {local_task_job.py:273} INFO - 0 downstream tasks scheduled from follow-on schedule check
