[2022-12-26T08:00:04.043+0000] {taskinstance.py:1165} INFO - Dependencies all met for <TaskInstance: spotify_dag.spotify_etl scheduled__2022-12-26T06:00:00+00:00 [queued]>
[2022-12-26T08:00:04.050+0000] {taskinstance.py:1165} INFO - Dependencies all met for <TaskInstance: spotify_dag.spotify_etl scheduled__2022-12-26T06:00:00+00:00 [queued]>
[2022-12-26T08:00:04.051+0000] {taskinstance.py:1362} INFO - 
--------------------------------------------------------------------------------
[2022-12-26T08:00:04.051+0000] {taskinstance.py:1363} INFO - Starting attempt 1 of 2
[2022-12-26T08:00:04.051+0000] {taskinstance.py:1364} INFO - 
--------------------------------------------------------------------------------
[2022-12-26T08:00:04.063+0000] {taskinstance.py:1383} INFO - Executing <Task(PythonOperator): spotify_etl> on 2022-12-26 06:00:00+00:00
[2022-12-26T08:00:04.066+0000] {standard_task_runner.py:55} INFO - Started process 30911 to run task
[2022-12-26T08:00:04.070+0000] {standard_task_runner.py:82} INFO - Running: ['airflow', 'tasks', 'run', 'spotify_dag', 'spotify_etl', 'scheduled__2022-12-26T06:00:00+00:00', '--job-id', '188', '--raw', '--subdir', 'DAGS_FOLDER/airflow_dags.py', '--cfg-path', '/tmp/tmpg66zeb82']
[2022-12-26T08:00:04.072+0000] {standard_task_runner.py:83} INFO - Job 188: Subtask spotify_etl
[2022-12-26T08:00:04.112+0000] {task_command.py:376} INFO - Running <TaskInstance: spotify_dag.spotify_etl scheduled__2022-12-26T06:00:00+00:00 [running]> on host ip-172-31-26-59.ap-northeast-2.compute.internal
[2022-12-26T08:00:04.142+0000] {logging_mixin.py:120} WARNING - /home/ubuntu/.local/lib/python3.10/site-packages/airflow/utils/context.py:204 AirflowContextDeprecationWarning: Accessing 'execution_date' from the template is deprecated and will be removed in a future version. Please use 'data_interval_start' or 'logical_date' instead.
[2022-12-26T08:00:04.171+0000] {taskinstance.py:1590} INFO - Exporting the following env vars:
AIRFLOW_CTX_DAG_EMAIL=nywkim@example.com
AIRFLOW_CTX_DAG_OWNER=airflow
AIRFLOW_CTX_DAG_ID=spotify_dag
AIRFLOW_CTX_TASK_ID=spotify_etl
AIRFLOW_CTX_EXECUTION_DATE=2022-12-26T06:00:00+00:00
AIRFLOW_CTX_TRY_NUMBER=1
AIRFLOW_CTX_DAG_RUN_ID=scheduled__2022-12-26T06:00:00+00:00
[2022-12-26T08:00:07.407+0000] {python.py:177} INFO - Done. Returned value was: None
[2022-12-26T08:00:07.411+0000] {taskinstance.py:1401} INFO - Marking task as SUCCESS. dag_id=spotify_dag, task_id=spotify_etl, execution_date=20221226T060000, start_date=20221226T080004, end_date=20221226T080007
[2022-12-26T08:00:07.459+0000] {local_task_job.py:164} INFO - Task exited with return code 0
[2022-12-26T08:00:07.469+0000] {local_task_job.py:273} INFO - 0 downstream tasks scheduled from follow-on schedule check
