[2023-01-25T16:00:09.466+0000] {taskinstance.py:1165} INFO - Dependencies all met for <TaskInstance: spotify_dag.crawl_s3 scheduled__2023-01-25T14:00:00+00:00 [queued]>
[2023-01-25T16:00:09.472+0000] {taskinstance.py:1165} INFO - Dependencies all met for <TaskInstance: spotify_dag.crawl_s3 scheduled__2023-01-25T14:00:00+00:00 [queued]>
[2023-01-25T16:00:09.472+0000] {taskinstance.py:1362} INFO - 
--------------------------------------------------------------------------------
[2023-01-25T16:00:09.472+0000] {taskinstance.py:1363} INFO - Starting attempt 1 of 2
[2023-01-25T16:00:09.472+0000] {taskinstance.py:1364} INFO - 
--------------------------------------------------------------------------------
[2023-01-25T16:00:09.484+0000] {taskinstance.py:1383} INFO - Executing <Task(GlueCrawlerOperator): crawl_s3> on 2023-01-25 14:00:00+00:00
[2023-01-25T16:00:09.487+0000] {standard_task_runner.py:55} INFO - Started process 42144 to run task
[2023-01-25T16:00:09.491+0000] {standard_task_runner.py:82} INFO - Running: ['airflow', 'tasks', 'run', 'spotify_dag', 'crawl_s3', 'scheduled__2023-01-25T14:00:00+00:00', '--job-id', '364', '--raw', '--subdir', 'DAGS_FOLDER/airflow_dags.py', '--cfg-path', '/tmp/tmpn__7lq_b']
[2023-01-25T16:00:09.493+0000] {standard_task_runner.py:83} INFO - Job 364: Subtask crawl_s3
[2023-01-25T16:00:09.532+0000] {task_command.py:376} INFO - Running <TaskInstance: spotify_dag.crawl_s3 scheduled__2023-01-25T14:00:00+00:00 [running]> on host ip-172-31-26-59.ap-northeast-2.compute.internal
[2023-01-25T16:00:09.575+0000] {taskinstance.py:1590} INFO - Exporting the following env vars:
AIRFLOW_CTX_DAG_EMAIL=nywkim@example.com
AIRFLOW_CTX_DAG_OWNER=airflow
AIRFLOW_CTX_DAG_ID=spotify_dag
AIRFLOW_CTX_TASK_ID=crawl_s3
AIRFLOW_CTX_EXECUTION_DATE=2023-01-25T14:00:00+00:00
AIRFLOW_CTX_TRY_NUMBER=1
AIRFLOW_CTX_DAG_RUN_ID=scheduled__2023-01-25T14:00:00+00:00
[2023-01-25T16:00:09.576+0000] {glue_crawler.py:55} INFO - Checking if crawler already exists: spotify-crawl
[2023-01-25T16:00:09.580+0000] {base.py:71} INFO - Using connection ID 'aws_default' for task execution.
[2023-01-25T16:00:09.580+0000] {connection_wrapper.py:334} INFO - AWS Connection (conn_id='aws_default', conn_type='aws') credentials retrieved from login and password.
[2023-01-25T16:00:10.256+0000] {base.py:71} INFO - Using connection ID 'aws_default' for task execution.
[2023-01-25T16:00:10.257+0000] {connection_wrapper.py:334} INFO - AWS Connection (conn_id='aws_default', conn_type='aws') credentials retrieved from login and password.
[2023-01-25T16:00:10.559+0000] {glue_crawler.py:82} INFO - Triggering AWS Glue Crawler
[2023-01-25T16:00:10.559+0000] {glue_crawler.py:151} INFO - Starting crawler spotify-crawl
[2023-01-25T16:00:10.849+0000] {glue_crawler.py:85} INFO - Waiting for AWS Glue Crawler
[2023-01-25T16:00:10.905+0000] {glue_crawler.py:188} INFO - Polling for AWS Glue crawler: spotify-crawl 
[2023-01-25T16:00:10.906+0000] {glue_crawler.py:189} INFO - State: RUNNING
[2023-01-25T16:00:10.956+0000] {glue_crawler.py:199} INFO - Crawler should finish soon
[2023-01-25T16:00:16.017+0000] {glue_crawler.py:188} INFO - Polling for AWS Glue crawler: spotify-crawl 
[2023-01-25T16:00:16.018+0000] {glue_crawler.py:189} INFO - State: RUNNING
[2023-01-25T16:00:16.066+0000] {glue_crawler.py:199} INFO - Crawler should finish soon
[2023-01-25T16:00:21.125+0000] {glue_crawler.py:188} INFO - Polling for AWS Glue crawler: spotify-crawl 
[2023-01-25T16:00:21.126+0000] {glue_crawler.py:189} INFO - State: RUNNING
[2023-01-25T16:00:21.157+0000] {glue_crawler.py:199} INFO - Crawler should finish soon
[2023-01-25T16:00:26.221+0000] {glue_crawler.py:188} INFO - Polling for AWS Glue crawler: spotify-crawl 
[2023-01-25T16:00:26.221+0000] {glue_crawler.py:189} INFO - State: RUNNING
[2023-01-25T16:00:26.263+0000] {glue_crawler.py:199} INFO - Crawler should finish soon
[2023-01-25T16:00:31.325+0000] {glue_crawler.py:188} INFO - Polling for AWS Glue crawler: spotify-crawl 
[2023-01-25T16:00:31.325+0000] {glue_crawler.py:189} INFO - State: RUNNING
[2023-01-25T16:00:31.353+0000] {glue_crawler.py:199} INFO - Crawler should finish soon
[2023-01-25T16:00:36.412+0000] {glue_crawler.py:188} INFO - Polling for AWS Glue crawler: spotify-crawl 
[2023-01-25T16:00:36.412+0000] {glue_crawler.py:189} INFO - State: RUNNING
[2023-01-25T16:00:36.457+0000] {glue_crawler.py:199} INFO - Crawler should finish soon
[2023-01-25T16:00:41.513+0000] {glue_crawler.py:188} INFO - Polling for AWS Glue crawler: spotify-crawl 
[2023-01-25T16:00:41.513+0000] {glue_crawler.py:189} INFO - State: RUNNING
[2023-01-25T16:00:41.551+0000] {glue_crawler.py:199} INFO - Crawler should finish soon
[2023-01-25T16:00:46.613+0000] {glue_crawler.py:188} INFO - Polling for AWS Glue crawler: spotify-crawl 
[2023-01-25T16:00:46.613+0000] {glue_crawler.py:189} INFO - State: RUNNING
[2023-01-25T16:00:46.644+0000] {glue_crawler.py:199} INFO - Crawler should finish soon
[2023-01-25T16:00:51.702+0000] {glue_crawler.py:188} INFO - Polling for AWS Glue crawler: spotify-crawl 
[2023-01-25T16:00:51.702+0000] {glue_crawler.py:189} INFO - State: RUNNING
[2023-01-25T16:00:51.743+0000] {glue_crawler.py:197} INFO - Estimated Time Left (seconds): 15
[2023-01-25T16:00:56.797+0000] {glue_crawler.py:188} INFO - Polling for AWS Glue crawler: spotify-crawl 
[2023-01-25T16:00:56.797+0000] {glue_crawler.py:189} INFO - State: STOPPING
[2023-01-25T16:00:56.840+0000] {glue_crawler.py:197} INFO - Estimated Time Left (seconds): 15
[2023-01-25T16:01:01.887+0000] {glue_crawler.py:188} INFO - Polling for AWS Glue crawler: spotify-crawl 
[2023-01-25T16:01:01.888+0000] {glue_crawler.py:189} INFO - State: STOPPING
[2023-01-25T16:01:01.974+0000] {glue_crawler.py:197} INFO - Estimated Time Left (seconds): 15
[2023-01-25T16:01:07.031+0000] {glue_crawler.py:188} INFO - Polling for AWS Glue crawler: spotify-crawl 
[2023-01-25T16:01:07.031+0000] {glue_crawler.py:189} INFO - State: STOPPING
[2023-01-25T16:01:07.070+0000] {glue_crawler.py:197} INFO - Estimated Time Left (seconds): 15
[2023-01-25T16:01:12.111+0000] {glue_crawler.py:188} INFO - Polling for AWS Glue crawler: spotify-crawl 
[2023-01-25T16:01:12.112+0000] {glue_crawler.py:189} INFO - State: STOPPING
[2023-01-25T16:01:12.139+0000] {glue_crawler.py:197} INFO - Estimated Time Left (seconds): 15
[2023-01-25T16:01:17.184+0000] {glue_crawler.py:188} INFO - Polling for AWS Glue crawler: spotify-crawl 
[2023-01-25T16:01:17.184+0000] {glue_crawler.py:189} INFO - State: STOPPING
[2023-01-25T16:01:17.210+0000] {glue_crawler.py:197} INFO - Estimated Time Left (seconds): 15
[2023-01-25T16:01:22.247+0000] {glue_crawler.py:188} INFO - Polling for AWS Glue crawler: spotify-crawl 
[2023-01-25T16:01:22.247+0000] {glue_crawler.py:189} INFO - State: STOPPING
[2023-01-25T16:01:22.287+0000] {glue_crawler.py:197} INFO - Estimated Time Left (seconds): 15
[2023-01-25T16:01:27.324+0000] {glue_crawler.py:188} INFO - Polling for AWS Glue crawler: spotify-crawl 
[2023-01-25T16:01:27.325+0000] {glue_crawler.py:189} INFO - State: STOPPING
[2023-01-25T16:01:27.371+0000] {glue_crawler.py:197} INFO - Estimated Time Left (seconds): 15
[2023-01-25T16:01:32.419+0000] {glue_crawler.py:188} INFO - Polling for AWS Glue crawler: spotify-crawl 
[2023-01-25T16:01:32.419+0000] {glue_crawler.py:189} INFO - State: STOPPING
[2023-01-25T16:01:32.464+0000] {glue_crawler.py:197} INFO - Estimated Time Left (seconds): 15
[2023-01-25T16:01:37.521+0000] {glue_crawler.py:188} INFO - Polling for AWS Glue crawler: spotify-crawl 
[2023-01-25T16:01:37.521+0000] {glue_crawler.py:189} INFO - State: STOPPING
[2023-01-25T16:01:37.547+0000] {glue_crawler.py:197} INFO - Estimated Time Left (seconds): 15
[2023-01-25T16:01:42.589+0000] {glue_crawler.py:188} INFO - Polling for AWS Glue crawler: spotify-crawl 
[2023-01-25T16:01:42.589+0000] {glue_crawler.py:189} INFO - State: STOPPING
[2023-01-25T16:01:42.624+0000] {glue_crawler.py:197} INFO - Estimated Time Left (seconds): 15
[2023-01-25T16:01:47.660+0000] {glue_crawler.py:188} INFO - Polling for AWS Glue crawler: spotify-crawl 
[2023-01-25T16:01:47.660+0000] {glue_crawler.py:189} INFO - State: STOPPING
[2023-01-25T16:01:47.684+0000] {glue_crawler.py:197} INFO - Estimated Time Left (seconds): 15
[2023-01-25T16:01:52.744+0000] {glue_crawler.py:188} INFO - Polling for AWS Glue crawler: spotify-crawl 
[2023-01-25T16:01:52.744+0000] {glue_crawler.py:189} INFO - State: STOPPING
[2023-01-25T16:01:52.779+0000] {glue_crawler.py:197} INFO - Estimated Time Left (seconds): 15
[2023-01-25T16:01:57.823+0000] {glue_crawler.py:188} INFO - Polling for AWS Glue crawler: spotify-crawl 
[2023-01-25T16:01:57.824+0000] {glue_crawler.py:189} INFO - State: STOPPING
[2023-01-25T16:01:57.858+0000] {glue_crawler.py:197} INFO - Estimated Time Left (seconds): 15
[2023-01-25T16:02:02.893+0000] {glue_crawler.py:188} INFO - Polling for AWS Glue crawler: spotify-crawl 
[2023-01-25T16:02:02.893+0000] {glue_crawler.py:189} INFO - State: STOPPING
[2023-01-25T16:02:02.931+0000] {glue_crawler.py:197} INFO - Estimated Time Left (seconds): 15
[2023-01-25T16:02:07.991+0000] {glue_crawler.py:188} INFO - Polling for AWS Glue crawler: spotify-crawl 
[2023-01-25T16:02:07.992+0000] {glue_crawler.py:189} INFO - State: STOPPING
[2023-01-25T16:02:08.035+0000] {glue_crawler.py:197} INFO - Estimated Time Left (seconds): 15
[2023-01-25T16:02:13.067+0000] {glue_crawler.py:188} INFO - Polling for AWS Glue crawler: spotify-crawl 
[2023-01-25T16:02:13.068+0000] {glue_crawler.py:189} INFO - State: STOPPING
[2023-01-25T16:02:13.092+0000] {glue_crawler.py:197} INFO - Estimated Time Left (seconds): 15
[2023-01-25T16:02:18.159+0000] {glue_crawler.py:170} INFO - State: READY
[2023-01-25T16:02:18.160+0000] {glue_crawler.py:171} INFO - crawler_config: {'Name': 'spotify-crawl', 'Role': 'service-role/AWSGlueServiceRole-crawlerclass', 'Targets': {'S3Targets': [{'Path': 's3://airflow-nk/logs', 'Exclusions': []}], 'JdbcTargets': [], 'MongoDBTargets': [], 'DynamoDBTargets': [], 'CatalogTargets': [], 'DeltaTargets': []}, 'DatabaseName': 'spotify', 'Classifiers': [], 'RecrawlPolicy': {'RecrawlBehavior': 'CRAWL_EVERYTHING'}, 'SchemaChangePolicy': {'UpdateBehavior': 'LOG', 'DeleteBehavior': 'LOG'}, 'LineageConfiguration': {'CrawlerLineageSettings': 'DISABLE'}, 'State': 'READY', 'CrawlElapsedTime': 0, 'CreationTime': datetime.datetime(2022, 10, 4, 6, 4, 16, tzinfo=tzlocal()), 'LastUpdated': datetime.datetime(2023, 1, 25, 11, 32, 11, tzinfo=tzlocal()), 'LastCrawl': {'Status': 'SUCCEEDED', 'LogGroup': '/aws-glue/crawlers', 'LogStream': 'spotify-crawl', 'MessagePrefix': '52dd794f-fb89-4f1f-9ec1-9c9984a42abe', 'StartTime': datetime.datetime(2023, 1, 25, 16, 0, 10, tzinfo=tzlocal())}, 'Version': 18, 'LakeFormationConfiguration': {'UseLakeFormationCredentials': False, 'AccountId': ''}}
[2023-01-25T16:02:18.183+0000] {glue_crawler.py:178} INFO - Status: SUCCEEDED
[2023-01-25T16:02:18.184+0000] {glue_crawler.py:179} INFO - Last Runtime Duration (seconds): 41.995
[2023-01-25T16:02:18.184+0000] {glue_crawler.py:180} INFO - Median Runtime Duration (seconds): 50.450500000000005
[2023-01-25T16:02:18.184+0000] {glue_crawler.py:181} INFO - Tables Created: 0
[2023-01-25T16:02:18.184+0000] {glue_crawler.py:182} INFO - Tables Updated: 0
[2023-01-25T16:02:18.184+0000] {glue_crawler.py:183} INFO - Tables Deleted: 0
[2023-01-25T16:02:18.198+0000] {taskinstance.py:1401} INFO - Marking task as SUCCESS. dag_id=spotify_dag, task_id=crawl_s3, execution_date=20230125T140000, start_date=20230125T160009, end_date=20230125T160218
[2023-01-25T16:02:18.234+0000] {local_task_job.py:164} INFO - Task exited with return code 0
[2023-01-25T16:02:18.252+0000] {local_task_job.py:273} INFO - 1 downstream tasks scheduled from follow-on schedule check
