[2023-01-28T10:02:45.966+0000] {taskinstance.py:1165} INFO - Dependencies all met for <TaskInstance: spotify_dag.glue_job scheduled__2023-01-28T08:00:00+00:00 [queued]>
[2023-01-28T10:02:45.974+0000] {taskinstance.py:1165} INFO - Dependencies all met for <TaskInstance: spotify_dag.glue_job scheduled__2023-01-28T08:00:00+00:00 [queued]>
[2023-01-28T10:02:45.974+0000] {taskinstance.py:1362} INFO - 
--------------------------------------------------------------------------------
[2023-01-28T10:02:45.974+0000] {taskinstance.py:1363} INFO - Starting attempt 1 of 2
[2023-01-28T10:02:45.974+0000] {taskinstance.py:1364} INFO - 
--------------------------------------------------------------------------------
[2023-01-28T10:02:45.989+0000] {taskinstance.py:1383} INFO - Executing <Task(PythonOperator): glue_job> on 2023-01-28 08:00:00+00:00
[2023-01-28T10:02:45.993+0000] {standard_task_runner.py:55} INFO - Started process 18202 to run task
[2023-01-28T10:02:45.996+0000] {standard_task_runner.py:82} INFO - Running: ['airflow', 'tasks', 'run', 'spotify_dag', 'glue_job', 'scheduled__2023-01-28T08:00:00+00:00', '--job-id', '420', '--raw', '--subdir', 'DAGS_FOLDER/airflow_dags.py', '--cfg-path', '/tmp/tmp0wn9xzwd']
[2023-01-28T10:02:45.998+0000] {standard_task_runner.py:83} INFO - Job 420: Subtask glue_job
[2023-01-28T10:02:46.036+0000] {task_command.py:376} INFO - Running <TaskInstance: spotify_dag.glue_job scheduled__2023-01-28T08:00:00+00:00 [running]> on host ip-172-31-26-59.ap-northeast-2.compute.internal
[2023-01-28T10:02:46.079+0000] {taskinstance.py:1590} INFO - Exporting the following env vars:
AIRFLOW_CTX_DAG_EMAIL=nywkim@example.com
AIRFLOW_CTX_DAG_OWNER=airflow
AIRFLOW_CTX_DAG_ID=spotify_dag
AIRFLOW_CTX_TASK_ID=glue_job
AIRFLOW_CTX_EXECUTION_DATE=2023-01-28T08:00:00+00:00
AIRFLOW_CTX_TRY_NUMBER=1
AIRFLOW_CTX_DAG_RUN_ID=scheduled__2023-01-28T08:00:00+00:00
[2023-01-28T10:02:46.098+0000] {credentials.py:1048} INFO - Found credentials from IAM Role: EC2_S3_Af
[2023-01-28T10:02:46.486+0000] {logging_mixin.py:120} INFO - {'JobRunId': 'jr_6706a1229ddcb86d4ed93ae6c8caacf0949ffb39d88700252d92445721211a3a', 'ResponseMetadata': {'RequestId': '8e640aee-a5d4-48d0-9ae4-c02f8c8b97af', 'HTTPStatusCode': 200, 'HTTPHeaders': {'date': 'Sat, 28 Jan 2023 10:02:46 GMT', 'content-type': 'application/x-amz-json-1.1', 'content-length': '82', 'connection': 'keep-alive', 'x-amzn-requestid': '8e640aee-a5d4-48d0-9ae4-c02f8c8b97af'}, 'RetryAttempts': 0}}
[2023-01-28T10:02:46.487+0000] {python.py:177} INFO - Done. Returned value was: None
[2023-01-28T10:02:46.491+0000] {taskinstance.py:1401} INFO - Marking task as SUCCESS. dag_id=spotify_dag, task_id=glue_job, execution_date=20230128T080000, start_date=20230128T100245, end_date=20230128T100246
[2023-01-28T10:02:46.529+0000] {local_task_job.py:164} INFO - Task exited with return code 0
[2023-01-28T10:02:46.539+0000] {local_task_job.py:273} INFO - 0 downstream tasks scheduled from follow-on schedule check
