[2022-10-04T03:08:56.751+0000] {processor.py:156} INFO - Started process (PID=7677) to work on /usr/local/lib/python3.10/dist-packages/airflow/example_dags/plugins/workday.py
[2022-10-04T03:08:56.752+0000] {processor.py:758} INFO - Processing file /usr/local/lib/python3.10/dist-packages/airflow/example_dags/plugins/workday.py for tasks to queue
[2022-10-04T03:08:56.752+0000] {logging_mixin.py:117} INFO - [2022-10-04T03:08:56.752+0000] {dagbag.py:525} INFO - Filling up the DagBag from /usr/local/lib/python3.10/dist-packages/airflow/example_dags/plugins/workday.py
[2022-10-04T03:08:56.754+0000] {processor.py:770} WARNING - No viable dags retrieved from /usr/local/lib/python3.10/dist-packages/airflow/example_dags/plugins/workday.py
[2022-10-04T03:08:56.792+0000] {processor.py:178} INFO - Processing /usr/local/lib/python3.10/dist-packages/airflow/example_dags/plugins/workday.py took 0.061 seconds
[2022-10-04T03:09:40.554+0000] {processor.py:156} INFO - Started process (PID=7715) to work on /usr/local/lib/python3.10/dist-packages/airflow/example_dags/plugins/workday.py
[2022-10-04T03:09:40.555+0000] {processor.py:758} INFO - Processing file /usr/local/lib/python3.10/dist-packages/airflow/example_dags/plugins/workday.py for tasks to queue
[2022-10-04T03:09:40.556+0000] {logging_mixin.py:117} INFO - [2022-10-04T03:09:40.556+0000] {dagbag.py:525} INFO - Filling up the DagBag from /usr/local/lib/python3.10/dist-packages/airflow/example_dags/plugins/workday.py
[2022-10-04T03:09:40.557+0000] {processor.py:770} WARNING - No viable dags retrieved from /usr/local/lib/python3.10/dist-packages/airflow/example_dags/plugins/workday.py
[2022-10-04T03:09:40.566+0000] {processor.py:178} INFO - Processing /usr/local/lib/python3.10/dist-packages/airflow/example_dags/plugins/workday.py took 0.014 seconds
[2022-10-04T03:10:18.015+0000] {processor.py:156} INFO - Started process (PID=7764) to work on /usr/local/lib/python3.10/dist-packages/airflow/example_dags/plugins/workday.py
[2022-10-04T03:10:18.017+0000] {processor.py:758} INFO - Processing file /usr/local/lib/python3.10/dist-packages/airflow/example_dags/plugins/workday.py for tasks to queue
[2022-10-04T03:10:18.018+0000] {logging_mixin.py:117} INFO - [2022-10-04T03:10:18.017+0000] {dagbag.py:525} INFO - Filling up the DagBag from /usr/local/lib/python3.10/dist-packages/airflow/example_dags/plugins/workday.py
[2022-10-04T03:10:18.019+0000] {processor.py:770} WARNING - No viable dags retrieved from /usr/local/lib/python3.10/dist-packages/airflow/example_dags/plugins/workday.py
[2022-10-04T03:10:18.034+0000] {processor.py:178} INFO - Processing /usr/local/lib/python3.10/dist-packages/airflow/example_dags/plugins/workday.py took 0.022 seconds
[2022-10-04T03:10:59.212+0000] {processor.py:156} INFO - Started process (PID=7801) to work on /usr/local/lib/python3.10/dist-packages/airflow/example_dags/plugins/workday.py
[2022-10-04T03:10:59.213+0000] {processor.py:758} INFO - Processing file /usr/local/lib/python3.10/dist-packages/airflow/example_dags/plugins/workday.py for tasks to queue
[2022-10-04T03:10:59.214+0000] {logging_mixin.py:117} INFO - [2022-10-04T03:10:59.213+0000] {dagbag.py:525} INFO - Filling up the DagBag from /usr/local/lib/python3.10/dist-packages/airflow/example_dags/plugins/workday.py
[2022-10-04T03:10:59.215+0000] {processor.py:770} WARNING - No viable dags retrieved from /usr/local/lib/python3.10/dist-packages/airflow/example_dags/plugins/workday.py
[2022-10-04T03:10:59.226+0000] {processor.py:178} INFO - Processing /usr/local/lib/python3.10/dist-packages/airflow/example_dags/plugins/workday.py took 0.017 seconds
[2022-10-04T03:11:32.765+0000] {processor.py:156} INFO - Started process (PID=7837) to work on /usr/local/lib/python3.10/dist-packages/airflow/example_dags/plugins/workday.py
[2022-10-04T03:11:32.765+0000] {processor.py:758} INFO - Processing file /usr/local/lib/python3.10/dist-packages/airflow/example_dags/plugins/workday.py for tasks to queue
[2022-10-04T03:11:32.766+0000] {logging_mixin.py:117} INFO - [2022-10-04T03:11:32.766+0000] {dagbag.py:525} INFO - Filling up the DagBag from /usr/local/lib/python3.10/dist-packages/airflow/example_dags/plugins/workday.py
[2022-10-04T03:11:32.767+0000] {processor.py:770} WARNING - No viable dags retrieved from /usr/local/lib/python3.10/dist-packages/airflow/example_dags/plugins/workday.py
[2022-10-04T03:11:32.776+0000] {processor.py:178} INFO - Processing /usr/local/lib/python3.10/dist-packages/airflow/example_dags/plugins/workday.py took 0.014 seconds
[2022-10-04T03:12:10.391+0000] {processor.py:156} INFO - Started process (PID=7876) to work on /usr/local/lib/python3.10/dist-packages/airflow/example_dags/plugins/workday.py
[2022-10-04T03:12:10.392+0000] {processor.py:758} INFO - Processing file /usr/local/lib/python3.10/dist-packages/airflow/example_dags/plugins/workday.py for tasks to queue
[2022-10-04T03:12:10.393+0000] {logging_mixin.py:117} INFO - [2022-10-04T03:12:10.393+0000] {dagbag.py:525} INFO - Filling up the DagBag from /usr/local/lib/python3.10/dist-packages/airflow/example_dags/plugins/workday.py
[2022-10-04T03:12:10.394+0000] {processor.py:770} WARNING - No viable dags retrieved from /usr/local/lib/python3.10/dist-packages/airflow/example_dags/plugins/workday.py
[2022-10-04T03:12:10.403+0000] {processor.py:178} INFO - Processing /usr/local/lib/python3.10/dist-packages/airflow/example_dags/plugins/workday.py took 0.015 seconds
[2022-10-04T03:12:47.396+0000] {processor.py:156} INFO - Started process (PID=7912) to work on /usr/local/lib/python3.10/dist-packages/airflow/example_dags/plugins/workday.py
[2022-10-04T03:12:47.397+0000] {processor.py:758} INFO - Processing file /usr/local/lib/python3.10/dist-packages/airflow/example_dags/plugins/workday.py for tasks to queue
[2022-10-04T03:12:47.398+0000] {logging_mixin.py:117} INFO - [2022-10-04T03:12:47.398+0000] {dagbag.py:525} INFO - Filling up the DagBag from /usr/local/lib/python3.10/dist-packages/airflow/example_dags/plugins/workday.py
[2022-10-04T03:12:47.399+0000] {processor.py:770} WARNING - No viable dags retrieved from /usr/local/lib/python3.10/dist-packages/airflow/example_dags/plugins/workday.py
[2022-10-04T03:12:47.408+0000] {processor.py:178} INFO - Processing /usr/local/lib/python3.10/dist-packages/airflow/example_dags/plugins/workday.py took 0.014 seconds
[2022-10-04T03:13:18.766+0000] {processor.py:156} INFO - Started process (PID=7945) to work on /usr/local/lib/python3.10/dist-packages/airflow/example_dags/plugins/workday.py
[2022-10-04T03:13:18.767+0000] {processor.py:758} INFO - Processing file /usr/local/lib/python3.10/dist-packages/airflow/example_dags/plugins/workday.py for tasks to queue
[2022-10-04T03:13:18.767+0000] {logging_mixin.py:117} INFO - [2022-10-04T03:13:18.767+0000] {dagbag.py:525} INFO - Filling up the DagBag from /usr/local/lib/python3.10/dist-packages/airflow/example_dags/plugins/workday.py
[2022-10-04T03:13:18.769+0000] {processor.py:770} WARNING - No viable dags retrieved from /usr/local/lib/python3.10/dist-packages/airflow/example_dags/plugins/workday.py
[2022-10-04T03:13:18.779+0000] {processor.py:178} INFO - Processing /usr/local/lib/python3.10/dist-packages/airflow/example_dags/plugins/workday.py took 0.015 seconds
[2022-10-04T03:13:52.202+0000] {processor.py:156} INFO - Started process (PID=7977) to work on /usr/local/lib/python3.10/dist-packages/airflow/example_dags/plugins/workday.py
[2022-10-04T03:13:52.204+0000] {processor.py:758} INFO - Processing file /usr/local/lib/python3.10/dist-packages/airflow/example_dags/plugins/workday.py for tasks to queue
[2022-10-04T03:13:52.204+0000] {logging_mixin.py:117} INFO - [2022-10-04T03:13:52.204+0000] {dagbag.py:525} INFO - Filling up the DagBag from /usr/local/lib/python3.10/dist-packages/airflow/example_dags/plugins/workday.py
[2022-10-04T03:13:52.206+0000] {processor.py:770} WARNING - No viable dags retrieved from /usr/local/lib/python3.10/dist-packages/airflow/example_dags/plugins/workday.py
[2022-10-04T03:13:52.215+0000] {processor.py:178} INFO - Processing /usr/local/lib/python3.10/dist-packages/airflow/example_dags/plugins/workday.py took 0.016 seconds
[2022-10-04T03:14:25.878+0000] {processor.py:156} INFO - Started process (PID=8010) to work on /usr/local/lib/python3.10/dist-packages/airflow/example_dags/plugins/workday.py
[2022-10-04T03:14:25.878+0000] {processor.py:758} INFO - Processing file /usr/local/lib/python3.10/dist-packages/airflow/example_dags/plugins/workday.py for tasks to queue
[2022-10-04T03:14:25.879+0000] {logging_mixin.py:117} INFO - [2022-10-04T03:14:25.879+0000] {dagbag.py:525} INFO - Filling up the DagBag from /usr/local/lib/python3.10/dist-packages/airflow/example_dags/plugins/workday.py
[2022-10-04T03:14:25.880+0000] {processor.py:770} WARNING - No viable dags retrieved from /usr/local/lib/python3.10/dist-packages/airflow/example_dags/plugins/workday.py
[2022-10-04T03:14:25.890+0000] {processor.py:178} INFO - Processing /usr/local/lib/python3.10/dist-packages/airflow/example_dags/plugins/workday.py took 0.015 seconds
[2022-10-04T03:15:01.756+0000] {processor.py:156} INFO - Started process (PID=8048) to work on /usr/local/lib/python3.10/dist-packages/airflow/example_dags/plugins/workday.py
[2022-10-04T03:15:01.757+0000] {processor.py:758} INFO - Processing file /usr/local/lib/python3.10/dist-packages/airflow/example_dags/plugins/workday.py for tasks to queue
[2022-10-04T03:15:01.758+0000] {logging_mixin.py:117} INFO - [2022-10-04T03:15:01.758+0000] {dagbag.py:525} INFO - Filling up the DagBag from /usr/local/lib/python3.10/dist-packages/airflow/example_dags/plugins/workday.py
[2022-10-04T03:15:01.759+0000] {processor.py:770} WARNING - No viable dags retrieved from /usr/local/lib/python3.10/dist-packages/airflow/example_dags/plugins/workday.py
[2022-10-04T03:15:01.769+0000] {processor.py:178} INFO - Processing /usr/local/lib/python3.10/dist-packages/airflow/example_dags/plugins/workday.py took 0.016 seconds
[2022-10-04T03:15:35.732+0000] {processor.py:156} INFO - Started process (PID=8082) to work on /usr/local/lib/python3.10/dist-packages/airflow/example_dags/plugins/workday.py
[2022-10-04T03:15:35.741+0000] {processor.py:758} INFO - Processing file /usr/local/lib/python3.10/dist-packages/airflow/example_dags/plugins/workday.py for tasks to queue
[2022-10-04T03:15:35.742+0000] {logging_mixin.py:117} INFO - [2022-10-04T03:15:35.742+0000] {dagbag.py:525} INFO - Filling up the DagBag from /usr/local/lib/python3.10/dist-packages/airflow/example_dags/plugins/workday.py
[2022-10-04T03:15:35.743+0000] {processor.py:770} WARNING - No viable dags retrieved from /usr/local/lib/python3.10/dist-packages/airflow/example_dags/plugins/workday.py
[2022-10-04T03:15:35.765+0000] {processor.py:178} INFO - Processing /usr/local/lib/python3.10/dist-packages/airflow/example_dags/plugins/workday.py took 0.036 seconds
[2022-10-04T03:16:13.807+0000] {processor.py:156} INFO - Started process (PID=8116) to work on /usr/local/lib/python3.10/dist-packages/airflow/example_dags/plugins/workday.py
[2022-10-04T03:16:13.808+0000] {processor.py:758} INFO - Processing file /usr/local/lib/python3.10/dist-packages/airflow/example_dags/plugins/workday.py for tasks to queue
[2022-10-04T03:16:13.809+0000] {logging_mixin.py:117} INFO - [2022-10-04T03:16:13.809+0000] {dagbag.py:525} INFO - Filling up the DagBag from /usr/local/lib/python3.10/dist-packages/airflow/example_dags/plugins/workday.py
[2022-10-04T03:16:13.812+0000] {processor.py:770} WARNING - No viable dags retrieved from /usr/local/lib/python3.10/dist-packages/airflow/example_dags/plugins/workday.py
[2022-10-04T03:16:13.820+0000] {processor.py:178} INFO - Processing /usr/local/lib/python3.10/dist-packages/airflow/example_dags/plugins/workday.py took 0.015 seconds
[2022-10-04T03:16:52.852+0000] {processor.py:156} INFO - Started process (PID=8253) to work on /usr/local/lib/python3.10/dist-packages/airflow/example_dags/plugins/workday.py
[2022-10-04T03:16:52.853+0000] {processor.py:758} INFO - Processing file /usr/local/lib/python3.10/dist-packages/airflow/example_dags/plugins/workday.py for tasks to queue
[2022-10-04T03:16:52.853+0000] {logging_mixin.py:117} INFO - [2022-10-04T03:16:52.853+0000] {dagbag.py:525} INFO - Filling up the DagBag from /usr/local/lib/python3.10/dist-packages/airflow/example_dags/plugins/workday.py
[2022-10-04T03:16:52.855+0000] {processor.py:770} WARNING - No viable dags retrieved from /usr/local/lib/python3.10/dist-packages/airflow/example_dags/plugins/workday.py
[2022-10-04T03:16:52.864+0000] {processor.py:178} INFO - Processing /usr/local/lib/python3.10/dist-packages/airflow/example_dags/plugins/workday.py took 0.016 seconds
[2022-10-04T03:17:33.802+0000] {processor.py:156} INFO - Started process (PID=8611) to work on /usr/local/lib/python3.10/dist-packages/airflow/example_dags/plugins/workday.py
[2022-10-04T03:17:33.803+0000] {processor.py:758} INFO - Processing file /usr/local/lib/python3.10/dist-packages/airflow/example_dags/plugins/workday.py for tasks to queue
[2022-10-04T03:17:33.804+0000] {logging_mixin.py:117} INFO - [2022-10-04T03:17:33.804+0000] {dagbag.py:525} INFO - Filling up the DagBag from /usr/local/lib/python3.10/dist-packages/airflow/example_dags/plugins/workday.py
[2022-10-04T03:17:33.805+0000] {processor.py:770} WARNING - No viable dags retrieved from /usr/local/lib/python3.10/dist-packages/airflow/example_dags/plugins/workday.py
[2022-10-04T03:17:33.815+0000] {processor.py:178} INFO - Processing /usr/local/lib/python3.10/dist-packages/airflow/example_dags/plugins/workday.py took 0.015 seconds
[2022-10-04T03:18:14.822+0000] {processor.py:156} INFO - Started process (PID=8648) to work on /usr/local/lib/python3.10/dist-packages/airflow/example_dags/plugins/workday.py
[2022-10-04T03:18:14.823+0000] {processor.py:758} INFO - Processing file /usr/local/lib/python3.10/dist-packages/airflow/example_dags/plugins/workday.py for tasks to queue
[2022-10-04T03:18:14.824+0000] {logging_mixin.py:117} INFO - [2022-10-04T03:18:14.824+0000] {dagbag.py:525} INFO - Filling up the DagBag from /usr/local/lib/python3.10/dist-packages/airflow/example_dags/plugins/workday.py
[2022-10-04T03:18:14.825+0000] {processor.py:770} WARNING - No viable dags retrieved from /usr/local/lib/python3.10/dist-packages/airflow/example_dags/plugins/workday.py
[2022-10-04T03:18:14.835+0000] {processor.py:178} INFO - Processing /usr/local/lib/python3.10/dist-packages/airflow/example_dags/plugins/workday.py took 0.016 seconds
[2022-10-04T03:18:35.816+0000] {processor.py:156} INFO - Started process (PID=8681) to work on /usr/local/lib/python3.10/dist-packages/airflow/example_dags/plugins/workday.py
[2022-10-04T03:18:35.817+0000] {processor.py:758} INFO - Processing file /usr/local/lib/python3.10/dist-packages/airflow/example_dags/plugins/workday.py for tasks to queue
[2022-10-04T03:18:35.818+0000] {logging_mixin.py:117} INFO - [2022-10-04T03:18:35.818+0000] {dagbag.py:525} INFO - Filling up the DagBag from /usr/local/lib/python3.10/dist-packages/airflow/example_dags/plugins/workday.py
[2022-10-04T03:18:35.820+0000] {processor.py:770} WARNING - No viable dags retrieved from /usr/local/lib/python3.10/dist-packages/airflow/example_dags/plugins/workday.py
[2022-10-04T03:18:35.864+0000] {processor.py:178} INFO - Processing /usr/local/lib/python3.10/dist-packages/airflow/example_dags/plugins/workday.py took 0.064 seconds
[2022-10-04T03:19:14.483+0000] {processor.py:156} INFO - Started process (PID=8718) to work on /usr/local/lib/python3.10/dist-packages/airflow/example_dags/plugins/workday.py
[2022-10-04T03:19:14.485+0000] {processor.py:758} INFO - Processing file /usr/local/lib/python3.10/dist-packages/airflow/example_dags/plugins/workday.py for tasks to queue
[2022-10-04T03:19:14.485+0000] {logging_mixin.py:117} INFO - [2022-10-04T03:19:14.485+0000] {dagbag.py:525} INFO - Filling up the DagBag from /usr/local/lib/python3.10/dist-packages/airflow/example_dags/plugins/workday.py
[2022-10-04T03:19:14.487+0000] {processor.py:770} WARNING - No viable dags retrieved from /usr/local/lib/python3.10/dist-packages/airflow/example_dags/plugins/workday.py
[2022-10-04T03:19:14.497+0000] {processor.py:178} INFO - Processing /usr/local/lib/python3.10/dist-packages/airflow/example_dags/plugins/workday.py took 0.017 seconds
[2022-10-04T03:19:48.622+0000] {processor.py:156} INFO - Started process (PID=8756) to work on /usr/local/lib/python3.10/dist-packages/airflow/example_dags/plugins/workday.py
[2022-10-04T03:19:48.627+0000] {processor.py:758} INFO - Processing file /usr/local/lib/python3.10/dist-packages/airflow/example_dags/plugins/workday.py for tasks to queue
[2022-10-04T03:19:48.627+0000] {logging_mixin.py:117} INFO - [2022-10-04T03:19:48.627+0000] {dagbag.py:525} INFO - Filling up the DagBag from /usr/local/lib/python3.10/dist-packages/airflow/example_dags/plugins/workday.py
[2022-10-04T03:19:48.632+0000] {processor.py:770} WARNING - No viable dags retrieved from /usr/local/lib/python3.10/dist-packages/airflow/example_dags/plugins/workday.py
[2022-10-04T03:19:48.673+0000] {processor.py:178} INFO - Processing /usr/local/lib/python3.10/dist-packages/airflow/example_dags/plugins/workday.py took 0.058 seconds
[2022-10-04T03:20:24.624+0000] {processor.py:156} INFO - Started process (PID=8790) to work on /usr/local/lib/python3.10/dist-packages/airflow/example_dags/plugins/workday.py
[2022-10-04T03:20:24.625+0000] {processor.py:758} INFO - Processing file /usr/local/lib/python3.10/dist-packages/airflow/example_dags/plugins/workday.py for tasks to queue
[2022-10-04T03:20:24.625+0000] {logging_mixin.py:117} INFO - [2022-10-04T03:20:24.625+0000] {dagbag.py:525} INFO - Filling up the DagBag from /usr/local/lib/python3.10/dist-packages/airflow/example_dags/plugins/workday.py
[2022-10-04T03:20:24.627+0000] {processor.py:770} WARNING - No viable dags retrieved from /usr/local/lib/python3.10/dist-packages/airflow/example_dags/plugins/workday.py
[2022-10-04T03:20:24.637+0000] {processor.py:178} INFO - Processing /usr/local/lib/python3.10/dist-packages/airflow/example_dags/plugins/workday.py took 0.016 seconds
[2022-10-04T03:21:03.885+0000] {processor.py:156} INFO - Started process (PID=8830) to work on /usr/local/lib/python3.10/dist-packages/airflow/example_dags/plugins/workday.py
[2022-10-04T03:21:03.886+0000] {processor.py:758} INFO - Processing file /usr/local/lib/python3.10/dist-packages/airflow/example_dags/plugins/workday.py for tasks to queue
[2022-10-04T03:21:03.887+0000] {logging_mixin.py:117} INFO - [2022-10-04T03:21:03.887+0000] {dagbag.py:525} INFO - Filling up the DagBag from /usr/local/lib/python3.10/dist-packages/airflow/example_dags/plugins/workday.py
[2022-10-04T03:21:03.889+0000] {processor.py:770} WARNING - No viable dags retrieved from /usr/local/lib/python3.10/dist-packages/airflow/example_dags/plugins/workday.py
[2022-10-04T03:21:03.897+0000] {processor.py:178} INFO - Processing /usr/local/lib/python3.10/dist-packages/airflow/example_dags/plugins/workday.py took 0.015 seconds
[2022-10-04T03:21:41.366+0000] {processor.py:156} INFO - Started process (PID=8867) to work on /usr/local/lib/python3.10/dist-packages/airflow/example_dags/plugins/workday.py
[2022-10-04T03:21:41.367+0000] {processor.py:758} INFO - Processing file /usr/local/lib/python3.10/dist-packages/airflow/example_dags/plugins/workday.py for tasks to queue
[2022-10-04T03:21:41.368+0000] {logging_mixin.py:117} INFO - [2022-10-04T03:21:41.368+0000] {dagbag.py:525} INFO - Filling up the DagBag from /usr/local/lib/python3.10/dist-packages/airflow/example_dags/plugins/workday.py
[2022-10-04T03:21:41.370+0000] {processor.py:770} WARNING - No viable dags retrieved from /usr/local/lib/python3.10/dist-packages/airflow/example_dags/plugins/workday.py
[2022-10-04T03:21:41.379+0000] {processor.py:178} INFO - Processing /usr/local/lib/python3.10/dist-packages/airflow/example_dags/plugins/workday.py took 0.016 seconds
[2022-10-04T03:22:19.357+0000] {processor.py:156} INFO - Started process (PID=8906) to work on /usr/local/lib/python3.10/dist-packages/airflow/example_dags/plugins/workday.py
[2022-10-04T03:22:19.358+0000] {processor.py:758} INFO - Processing file /usr/local/lib/python3.10/dist-packages/airflow/example_dags/plugins/workday.py for tasks to queue
[2022-10-04T03:22:19.359+0000] {logging_mixin.py:117} INFO - [2022-10-04T03:22:19.359+0000] {dagbag.py:525} INFO - Filling up the DagBag from /usr/local/lib/python3.10/dist-packages/airflow/example_dags/plugins/workday.py
[2022-10-04T03:22:19.360+0000] {processor.py:770} WARNING - No viable dags retrieved from /usr/local/lib/python3.10/dist-packages/airflow/example_dags/plugins/workday.py
[2022-10-04T03:22:19.369+0000] {processor.py:178} INFO - Processing /usr/local/lib/python3.10/dist-packages/airflow/example_dags/plugins/workday.py took 0.015 seconds
[2022-10-04T03:22:57.834+0000] {processor.py:156} INFO - Started process (PID=8945) to work on /usr/local/lib/python3.10/dist-packages/airflow/example_dags/plugins/workday.py
[2022-10-04T03:22:57.835+0000] {processor.py:758} INFO - Processing file /usr/local/lib/python3.10/dist-packages/airflow/example_dags/plugins/workday.py for tasks to queue
[2022-10-04T03:22:57.835+0000] {logging_mixin.py:117} INFO - [2022-10-04T03:22:57.835+0000] {dagbag.py:525} INFO - Filling up the DagBag from /usr/local/lib/python3.10/dist-packages/airflow/example_dags/plugins/workday.py
[2022-10-04T03:22:57.837+0000] {processor.py:770} WARNING - No viable dags retrieved from /usr/local/lib/python3.10/dist-packages/airflow/example_dags/plugins/workday.py
[2022-10-04T03:22:57.858+0000] {processor.py:178} INFO - Processing /usr/local/lib/python3.10/dist-packages/airflow/example_dags/plugins/workday.py took 0.026 seconds
[2022-10-04T03:23:34.647+0000] {processor.py:156} INFO - Started process (PID=8988) to work on /usr/local/lib/python3.10/dist-packages/airflow/example_dags/plugins/workday.py
[2022-10-04T03:23:34.654+0000] {processor.py:758} INFO - Processing file /usr/local/lib/python3.10/dist-packages/airflow/example_dags/plugins/workday.py for tasks to queue
[2022-10-04T03:23:34.655+0000] {logging_mixin.py:117} INFO - [2022-10-04T03:23:34.655+0000] {dagbag.py:525} INFO - Filling up the DagBag from /usr/local/lib/python3.10/dist-packages/airflow/example_dags/plugins/workday.py
[2022-10-04T03:23:34.657+0000] {processor.py:770} WARNING - No viable dags retrieved from /usr/local/lib/python3.10/dist-packages/airflow/example_dags/plugins/workday.py
[2022-10-04T03:23:34.684+0000] {processor.py:178} INFO - Processing /usr/local/lib/python3.10/dist-packages/airflow/example_dags/plugins/workday.py took 0.057 seconds
[2022-10-04T03:24:13.352+0000] {processor.py:156} INFO - Started process (PID=9028) to work on /usr/local/lib/python3.10/dist-packages/airflow/example_dags/plugins/workday.py
[2022-10-04T03:24:13.353+0000] {processor.py:758} INFO - Processing file /usr/local/lib/python3.10/dist-packages/airflow/example_dags/plugins/workday.py for tasks to queue
[2022-10-04T03:24:13.354+0000] {logging_mixin.py:117} INFO - [2022-10-04T03:24:13.354+0000] {dagbag.py:525} INFO - Filling up the DagBag from /usr/local/lib/python3.10/dist-packages/airflow/example_dags/plugins/workday.py
[2022-10-04T03:24:13.355+0000] {processor.py:770} WARNING - No viable dags retrieved from /usr/local/lib/python3.10/dist-packages/airflow/example_dags/plugins/workday.py
[2022-10-04T03:24:13.364+0000] {processor.py:178} INFO - Processing /usr/local/lib/python3.10/dist-packages/airflow/example_dags/plugins/workday.py took 0.015 seconds
[2022-10-04T03:24:46.908+0000] {processor.py:156} INFO - Started process (PID=9062) to work on /usr/local/lib/python3.10/dist-packages/airflow/example_dags/plugins/workday.py
[2022-10-04T03:24:46.909+0000] {processor.py:758} INFO - Processing file /usr/local/lib/python3.10/dist-packages/airflow/example_dags/plugins/workday.py for tasks to queue
[2022-10-04T03:24:46.909+0000] {logging_mixin.py:117} INFO - [2022-10-04T03:24:46.909+0000] {dagbag.py:525} INFO - Filling up the DagBag from /usr/local/lib/python3.10/dist-packages/airflow/example_dags/plugins/workday.py
[2022-10-04T03:24:46.912+0000] {processor.py:770} WARNING - No viable dags retrieved from /usr/local/lib/python3.10/dist-packages/airflow/example_dags/plugins/workday.py
[2022-10-04T03:24:46.924+0000] {processor.py:178} INFO - Processing /usr/local/lib/python3.10/dist-packages/airflow/example_dags/plugins/workday.py took 0.020 seconds
[2022-10-04T03:25:26.451+0000] {processor.py:156} INFO - Started process (PID=9102) to work on /usr/local/lib/python3.10/dist-packages/airflow/example_dags/plugins/workday.py
[2022-10-04T03:25:26.452+0000] {processor.py:758} INFO - Processing file /usr/local/lib/python3.10/dist-packages/airflow/example_dags/plugins/workday.py for tasks to queue
[2022-10-04T03:25:26.453+0000] {logging_mixin.py:117} INFO - [2022-10-04T03:25:26.453+0000] {dagbag.py:525} INFO - Filling up the DagBag from /usr/local/lib/python3.10/dist-packages/airflow/example_dags/plugins/workday.py
[2022-10-04T03:25:26.454+0000] {processor.py:770} WARNING - No viable dags retrieved from /usr/local/lib/python3.10/dist-packages/airflow/example_dags/plugins/workday.py
[2022-10-04T03:25:26.463+0000] {processor.py:178} INFO - Processing /usr/local/lib/python3.10/dist-packages/airflow/example_dags/plugins/workday.py took 0.015 seconds
[2022-10-04T03:26:07.031+0000] {processor.py:156} INFO - Started process (PID=9152) to work on /usr/local/lib/python3.10/dist-packages/airflow/example_dags/plugins/workday.py
[2022-10-04T03:26:07.038+0000] {processor.py:758} INFO - Processing file /usr/local/lib/python3.10/dist-packages/airflow/example_dags/plugins/workday.py for tasks to queue
[2022-10-04T03:26:07.039+0000] {logging_mixin.py:117} INFO - [2022-10-04T03:26:07.039+0000] {dagbag.py:525} INFO - Filling up the DagBag from /usr/local/lib/python3.10/dist-packages/airflow/example_dags/plugins/workday.py
[2022-10-04T03:26:07.044+0000] {processor.py:770} WARNING - No viable dags retrieved from /usr/local/lib/python3.10/dist-packages/airflow/example_dags/plugins/workday.py
[2022-10-04T03:26:07.080+0000] {processor.py:178} INFO - Processing /usr/local/lib/python3.10/dist-packages/airflow/example_dags/plugins/workday.py took 0.068 seconds
[2022-10-04T03:26:49.613+0000] {processor.py:156} INFO - Started process (PID=9194) to work on /usr/local/lib/python3.10/dist-packages/airflow/example_dags/plugins/workday.py
[2022-10-04T03:26:49.614+0000] {processor.py:758} INFO - Processing file /usr/local/lib/python3.10/dist-packages/airflow/example_dags/plugins/workday.py for tasks to queue
[2022-10-04T03:26:49.615+0000] {logging_mixin.py:117} INFO - [2022-10-04T03:26:49.615+0000] {dagbag.py:525} INFO - Filling up the DagBag from /usr/local/lib/python3.10/dist-packages/airflow/example_dags/plugins/workday.py
[2022-10-04T03:26:49.616+0000] {processor.py:770} WARNING - No viable dags retrieved from /usr/local/lib/python3.10/dist-packages/airflow/example_dags/plugins/workday.py
[2022-10-04T03:26:49.628+0000] {processor.py:178} INFO - Processing /usr/local/lib/python3.10/dist-packages/airflow/example_dags/plugins/workday.py took 0.018 seconds
[2022-10-04T03:30:15.131+0000] {processor.py:156} INFO - Started process (PID=9250) to work on /usr/local/lib/python3.10/dist-packages/airflow/example_dags/plugins/workday.py
[2022-10-04T03:30:15.132+0000] {processor.py:758} INFO - Processing file /usr/local/lib/python3.10/dist-packages/airflow/example_dags/plugins/workday.py for tasks to queue
[2022-10-04T03:30:15.133+0000] {logging_mixin.py:117} INFO - [2022-10-04T03:30:15.133+0000] {dagbag.py:525} INFO - Filling up the DagBag from /usr/local/lib/python3.10/dist-packages/airflow/example_dags/plugins/workday.py
[2022-10-04T03:30:15.135+0000] {processor.py:770} WARNING - No viable dags retrieved from /usr/local/lib/python3.10/dist-packages/airflow/example_dags/plugins/workday.py
[2022-10-04T03:30:15.179+0000] {processor.py:178} INFO - Processing /usr/local/lib/python3.10/dist-packages/airflow/example_dags/plugins/workday.py took 0.067 seconds
[2022-10-04T03:30:55.669+0000] {processor.py:156} INFO - Started process (PID=9291) to work on /usr/local/lib/python3.10/dist-packages/airflow/example_dags/plugins/workday.py
[2022-10-04T03:30:55.670+0000] {processor.py:758} INFO - Processing file /usr/local/lib/python3.10/dist-packages/airflow/example_dags/plugins/workday.py for tasks to queue
[2022-10-04T03:30:55.671+0000] {logging_mixin.py:117} INFO - [2022-10-04T03:30:55.671+0000] {dagbag.py:525} INFO - Filling up the DagBag from /usr/local/lib/python3.10/dist-packages/airflow/example_dags/plugins/workday.py
[2022-10-04T03:30:55.672+0000] {processor.py:770} WARNING - No viable dags retrieved from /usr/local/lib/python3.10/dist-packages/airflow/example_dags/plugins/workday.py
[2022-10-04T03:30:55.681+0000] {processor.py:178} INFO - Processing /usr/local/lib/python3.10/dist-packages/airflow/example_dags/plugins/workday.py took 0.014 seconds
[2022-10-04T03:31:32.476+0000] {processor.py:156} INFO - Started process (PID=9327) to work on /usr/local/lib/python3.10/dist-packages/airflow/example_dags/plugins/workday.py
[2022-10-04T03:31:32.477+0000] {processor.py:758} INFO - Processing file /usr/local/lib/python3.10/dist-packages/airflow/example_dags/plugins/workday.py for tasks to queue
[2022-10-04T03:31:32.478+0000] {logging_mixin.py:117} INFO - [2022-10-04T03:31:32.477+0000] {dagbag.py:525} INFO - Filling up the DagBag from /usr/local/lib/python3.10/dist-packages/airflow/example_dags/plugins/workday.py
[2022-10-04T03:31:32.479+0000] {processor.py:770} WARNING - No viable dags retrieved from /usr/local/lib/python3.10/dist-packages/airflow/example_dags/plugins/workday.py
[2022-10-04T03:31:32.488+0000] {processor.py:178} INFO - Processing /usr/local/lib/python3.10/dist-packages/airflow/example_dags/plugins/workday.py took 0.015 seconds
[2022-10-04T03:32:06.209+0000] {processor.py:156} INFO - Started process (PID=9378) to work on /usr/local/lib/python3.10/dist-packages/airflow/example_dags/plugins/workday.py
[2022-10-04T03:32:06.209+0000] {processor.py:758} INFO - Processing file /usr/local/lib/python3.10/dist-packages/airflow/example_dags/plugins/workday.py for tasks to queue
[2022-10-04T03:32:06.210+0000] {logging_mixin.py:117} INFO - [2022-10-04T03:32:06.210+0000] {dagbag.py:525} INFO - Filling up the DagBag from /usr/local/lib/python3.10/dist-packages/airflow/example_dags/plugins/workday.py
[2022-10-04T03:32:06.212+0000] {processor.py:770} WARNING - No viable dags retrieved from /usr/local/lib/python3.10/dist-packages/airflow/example_dags/plugins/workday.py
[2022-10-04T03:32:06.221+0000] {processor.py:178} INFO - Processing /usr/local/lib/python3.10/dist-packages/airflow/example_dags/plugins/workday.py took 0.015 seconds
[2022-10-04T03:32:42.173+0000] {processor.py:156} INFO - Started process (PID=9417) to work on /usr/local/lib/python3.10/dist-packages/airflow/example_dags/plugins/workday.py
[2022-10-04T03:32:42.174+0000] {processor.py:758} INFO - Processing file /usr/local/lib/python3.10/dist-packages/airflow/example_dags/plugins/workday.py for tasks to queue
[2022-10-04T03:32:42.174+0000] {logging_mixin.py:117} INFO - [2022-10-04T03:32:42.174+0000] {dagbag.py:525} INFO - Filling up the DagBag from /usr/local/lib/python3.10/dist-packages/airflow/example_dags/plugins/workday.py
[2022-10-04T03:32:42.176+0000] {processor.py:770} WARNING - No viable dags retrieved from /usr/local/lib/python3.10/dist-packages/airflow/example_dags/plugins/workday.py
[2022-10-04T03:32:42.186+0000] {processor.py:178} INFO - Processing /usr/local/lib/python3.10/dist-packages/airflow/example_dags/plugins/workday.py took 0.018 seconds
[2022-10-04T03:33:16.618+0000] {processor.py:156} INFO - Started process (PID=9450) to work on /usr/local/lib/python3.10/dist-packages/airflow/example_dags/plugins/workday.py
[2022-10-04T03:33:16.620+0000] {processor.py:758} INFO - Processing file /usr/local/lib/python3.10/dist-packages/airflow/example_dags/plugins/workday.py for tasks to queue
[2022-10-04T03:33:16.621+0000] {logging_mixin.py:117} INFO - [2022-10-04T03:33:16.621+0000] {dagbag.py:525} INFO - Filling up the DagBag from /usr/local/lib/python3.10/dist-packages/airflow/example_dags/plugins/workday.py
[2022-10-04T03:33:16.624+0000] {processor.py:770} WARNING - No viable dags retrieved from /usr/local/lib/python3.10/dist-packages/airflow/example_dags/plugins/workday.py
[2022-10-04T03:33:16.643+0000] {processor.py:178} INFO - Processing /usr/local/lib/python3.10/dist-packages/airflow/example_dags/plugins/workday.py took 0.029 seconds
[2022-10-04T03:33:52.994+0000] {processor.py:156} INFO - Started process (PID=9491) to work on /usr/local/lib/python3.10/dist-packages/airflow/example_dags/plugins/workday.py
[2022-10-04T03:33:52.995+0000] {processor.py:758} INFO - Processing file /usr/local/lib/python3.10/dist-packages/airflow/example_dags/plugins/workday.py for tasks to queue
[2022-10-04T03:33:52.996+0000] {logging_mixin.py:117} INFO - [2022-10-04T03:33:52.995+0000] {dagbag.py:525} INFO - Filling up the DagBag from /usr/local/lib/python3.10/dist-packages/airflow/example_dags/plugins/workday.py
[2022-10-04T03:33:52.997+0000] {processor.py:770} WARNING - No viable dags retrieved from /usr/local/lib/python3.10/dist-packages/airflow/example_dags/plugins/workday.py
[2022-10-04T03:33:53.005+0000] {processor.py:178} INFO - Processing /usr/local/lib/python3.10/dist-packages/airflow/example_dags/plugins/workday.py took 0.014 seconds
[2022-10-04T03:34:33.156+0000] {processor.py:156} INFO - Started process (PID=9532) to work on /usr/local/lib/python3.10/dist-packages/airflow/example_dags/plugins/workday.py
[2022-10-04T03:34:33.157+0000] {processor.py:758} INFO - Processing file /usr/local/lib/python3.10/dist-packages/airflow/example_dags/plugins/workday.py for tasks to queue
[2022-10-04T03:34:33.158+0000] {logging_mixin.py:117} INFO - [2022-10-04T03:34:33.158+0000] {dagbag.py:525} INFO - Filling up the DagBag from /usr/local/lib/python3.10/dist-packages/airflow/example_dags/plugins/workday.py
[2022-10-04T03:34:33.159+0000] {processor.py:770} WARNING - No viable dags retrieved from /usr/local/lib/python3.10/dist-packages/airflow/example_dags/plugins/workday.py
[2022-10-04T03:34:33.169+0000] {processor.py:178} INFO - Processing /usr/local/lib/python3.10/dist-packages/airflow/example_dags/plugins/workday.py took 0.015 seconds
[2022-10-04T03:46:07.035+0000] {processor.py:156} INFO - Started process (PID=963) to work on /usr/local/lib/python3.10/dist-packages/airflow/example_dags/plugins/workday.py
[2022-10-04T03:46:07.050+0000] {processor.py:758} INFO - Processing file /usr/local/lib/python3.10/dist-packages/airflow/example_dags/plugins/workday.py for tasks to queue
[2022-10-04T03:46:07.051+0000] {logging_mixin.py:117} INFO - [2022-10-04T03:46:07.051+0000] {dagbag.py:525} INFO - Filling up the DagBag from /usr/local/lib/python3.10/dist-packages/airflow/example_dags/plugins/workday.py
[2022-10-04T03:46:07.053+0000] {processor.py:770} WARNING - No viable dags retrieved from /usr/local/lib/python3.10/dist-packages/airflow/example_dags/plugins/workday.py
[2022-10-04T03:46:07.090+0000] {processor.py:178} INFO - Processing /usr/local/lib/python3.10/dist-packages/airflow/example_dags/plugins/workday.py took 0.058 seconds
[2022-10-04T03:46:46.586+0000] {processor.py:156} INFO - Started process (PID=1007) to work on /usr/local/lib/python3.10/dist-packages/airflow/example_dags/plugins/workday.py
[2022-10-04T03:46:46.587+0000] {processor.py:758} INFO - Processing file /usr/local/lib/python3.10/dist-packages/airflow/example_dags/plugins/workday.py for tasks to queue
[2022-10-04T03:46:46.588+0000] {logging_mixin.py:117} INFO - [2022-10-04T03:46:46.588+0000] {dagbag.py:525} INFO - Filling up the DagBag from /usr/local/lib/python3.10/dist-packages/airflow/example_dags/plugins/workday.py
[2022-10-04T03:46:46.589+0000] {processor.py:770} WARNING - No viable dags retrieved from /usr/local/lib/python3.10/dist-packages/airflow/example_dags/plugins/workday.py
[2022-10-04T03:46:46.598+0000] {processor.py:178} INFO - Processing /usr/local/lib/python3.10/dist-packages/airflow/example_dags/plugins/workday.py took 0.015 seconds
[2022-10-04T03:47:24.516+0000] {processor.py:156} INFO - Started process (PID=1044) to work on /usr/local/lib/python3.10/dist-packages/airflow/example_dags/plugins/workday.py
[2022-10-04T03:47:24.518+0000] {processor.py:758} INFO - Processing file /usr/local/lib/python3.10/dist-packages/airflow/example_dags/plugins/workday.py for tasks to queue
[2022-10-04T03:47:24.518+0000] {logging_mixin.py:117} INFO - [2022-10-04T03:47:24.518+0000] {dagbag.py:525} INFO - Filling up the DagBag from /usr/local/lib/python3.10/dist-packages/airflow/example_dags/plugins/workday.py
[2022-10-04T03:47:24.520+0000] {processor.py:770} WARNING - No viable dags retrieved from /usr/local/lib/python3.10/dist-packages/airflow/example_dags/plugins/workday.py
[2022-10-04T03:47:24.529+0000] {processor.py:178} INFO - Processing /usr/local/lib/python3.10/dist-packages/airflow/example_dags/plugins/workday.py took 0.016 seconds
[2022-10-04T03:48:03.587+0000] {processor.py:156} INFO - Started process (PID=1151) to work on /usr/local/lib/python3.10/dist-packages/airflow/example_dags/plugins/workday.py
[2022-10-04T03:48:03.589+0000] {processor.py:758} INFO - Processing file /usr/local/lib/python3.10/dist-packages/airflow/example_dags/plugins/workday.py for tasks to queue
[2022-10-04T03:48:03.589+0000] {logging_mixin.py:117} INFO - [2022-10-04T03:48:03.589+0000] {dagbag.py:525} INFO - Filling up the DagBag from /usr/local/lib/python3.10/dist-packages/airflow/example_dags/plugins/workday.py
[2022-10-04T03:48:03.591+0000] {processor.py:770} WARNING - No viable dags retrieved from /usr/local/lib/python3.10/dist-packages/airflow/example_dags/plugins/workday.py
[2022-10-04T03:48:03.601+0000] {processor.py:178} INFO - Processing /usr/local/lib/python3.10/dist-packages/airflow/example_dags/plugins/workday.py took 0.017 seconds
[2022-10-04T03:48:38.481+0000] {processor.py:156} INFO - Started process (PID=1187) to work on /usr/local/lib/python3.10/dist-packages/airflow/example_dags/plugins/workday.py
[2022-10-04T03:48:38.482+0000] {processor.py:758} INFO - Processing file /usr/local/lib/python3.10/dist-packages/airflow/example_dags/plugins/workday.py for tasks to queue
[2022-10-04T03:48:38.482+0000] {logging_mixin.py:117} INFO - [2022-10-04T03:48:38.482+0000] {dagbag.py:525} INFO - Filling up the DagBag from /usr/local/lib/python3.10/dist-packages/airflow/example_dags/plugins/workday.py
[2022-10-04T03:48:38.484+0000] {processor.py:770} WARNING - No viable dags retrieved from /usr/local/lib/python3.10/dist-packages/airflow/example_dags/plugins/workday.py
[2022-10-04T03:48:38.493+0000] {processor.py:178} INFO - Processing /usr/local/lib/python3.10/dist-packages/airflow/example_dags/plugins/workday.py took 0.015 seconds
[2022-10-04T03:49:26.574+0000] {processor.py:156} INFO - Started process (PID=1236) to work on /usr/local/lib/python3.10/dist-packages/airflow/example_dags/plugins/workday.py
[2022-10-04T03:49:26.576+0000] {processor.py:758} INFO - Processing file /usr/local/lib/python3.10/dist-packages/airflow/example_dags/plugins/workday.py for tasks to queue
[2022-10-04T03:49:26.576+0000] {logging_mixin.py:117} INFO - [2022-10-04T03:49:26.576+0000] {dagbag.py:525} INFO - Filling up the DagBag from /usr/local/lib/python3.10/dist-packages/airflow/example_dags/plugins/workday.py
[2022-10-04T03:49:26.578+0000] {processor.py:770} WARNING - No viable dags retrieved from /usr/local/lib/python3.10/dist-packages/airflow/example_dags/plugins/workday.py
[2022-10-04T03:49:26.616+0000] {processor.py:178} INFO - Processing /usr/local/lib/python3.10/dist-packages/airflow/example_dags/plugins/workday.py took 0.061 seconds
[2022-10-04T03:50:11.378+0000] {processor.py:156} INFO - Started process (PID=1281) to work on /usr/local/lib/python3.10/dist-packages/airflow/example_dags/plugins/workday.py
[2022-10-04T03:50:11.382+0000] {processor.py:758} INFO - Processing file /usr/local/lib/python3.10/dist-packages/airflow/example_dags/plugins/workday.py for tasks to queue
[2022-10-04T03:50:11.383+0000] {logging_mixin.py:117} INFO - [2022-10-04T03:50:11.383+0000] {dagbag.py:525} INFO - Filling up the DagBag from /usr/local/lib/python3.10/dist-packages/airflow/example_dags/plugins/workday.py
[2022-10-04T03:50:11.385+0000] {processor.py:770} WARNING - No viable dags retrieved from /usr/local/lib/python3.10/dist-packages/airflow/example_dags/plugins/workday.py
[2022-10-04T03:50:11.396+0000] {processor.py:178} INFO - Processing /usr/local/lib/python3.10/dist-packages/airflow/example_dags/plugins/workday.py took 0.021 seconds
[2022-10-04T03:50:50.166+0000] {processor.py:156} INFO - Started process (PID=1319) to work on /usr/local/lib/python3.10/dist-packages/airflow/example_dags/plugins/workday.py
[2022-10-04T03:50:50.167+0000] {processor.py:758} INFO - Processing file /usr/local/lib/python3.10/dist-packages/airflow/example_dags/plugins/workday.py for tasks to queue
[2022-10-04T03:50:50.167+0000] {logging_mixin.py:117} INFO - [2022-10-04T03:50:50.167+0000] {dagbag.py:525} INFO - Filling up the DagBag from /usr/local/lib/python3.10/dist-packages/airflow/example_dags/plugins/workday.py
[2022-10-04T03:50:50.169+0000] {processor.py:770} WARNING - No viable dags retrieved from /usr/local/lib/python3.10/dist-packages/airflow/example_dags/plugins/workday.py
[2022-10-04T03:50:50.178+0000] {processor.py:178} INFO - Processing /usr/local/lib/python3.10/dist-packages/airflow/example_dags/plugins/workday.py took 0.016 seconds
[2022-10-04T03:51:27.498+0000] {processor.py:156} INFO - Started process (PID=1360) to work on /usr/local/lib/python3.10/dist-packages/airflow/example_dags/plugins/workday.py
[2022-10-04T03:51:27.499+0000] {processor.py:758} INFO - Processing file /usr/local/lib/python3.10/dist-packages/airflow/example_dags/plugins/workday.py for tasks to queue
[2022-10-04T03:51:27.499+0000] {logging_mixin.py:117} INFO - [2022-10-04T03:51:27.499+0000] {dagbag.py:525} INFO - Filling up the DagBag from /usr/local/lib/python3.10/dist-packages/airflow/example_dags/plugins/workday.py
[2022-10-04T03:51:27.501+0000] {processor.py:770} WARNING - No viable dags retrieved from /usr/local/lib/python3.10/dist-packages/airflow/example_dags/plugins/workday.py
[2022-10-04T03:51:27.510+0000] {processor.py:178} INFO - Processing /usr/local/lib/python3.10/dist-packages/airflow/example_dags/plugins/workday.py took 0.016 seconds
[2022-10-04T03:52:06.837+0000] {processor.py:156} INFO - Started process (PID=1399) to work on /usr/local/lib/python3.10/dist-packages/airflow/example_dags/plugins/workday.py
[2022-10-04T03:52:06.848+0000] {processor.py:758} INFO - Processing file /usr/local/lib/python3.10/dist-packages/airflow/example_dags/plugins/workday.py for tasks to queue
[2022-10-04T03:52:06.848+0000] {logging_mixin.py:117} INFO - [2022-10-04T03:52:06.848+0000] {dagbag.py:525} INFO - Filling up the DagBag from /usr/local/lib/python3.10/dist-packages/airflow/example_dags/plugins/workday.py
[2022-10-04T03:52:06.850+0000] {processor.py:770} WARNING - No viable dags retrieved from /usr/local/lib/python3.10/dist-packages/airflow/example_dags/plugins/workday.py
[2022-10-04T03:52:06.870+0000] {processor.py:178} INFO - Processing /usr/local/lib/python3.10/dist-packages/airflow/example_dags/plugins/workday.py took 0.035 seconds
[2022-10-04T03:52:45.510+0000] {processor.py:156} INFO - Started process (PID=1435) to work on /usr/local/lib/python3.10/dist-packages/airflow/example_dags/plugins/workday.py
[2022-10-04T03:52:45.511+0000] {processor.py:758} INFO - Processing file /usr/local/lib/python3.10/dist-packages/airflow/example_dags/plugins/workday.py for tasks to queue
[2022-10-04T03:52:45.511+0000] {logging_mixin.py:117} INFO - [2022-10-04T03:52:45.511+0000] {dagbag.py:525} INFO - Filling up the DagBag from /usr/local/lib/python3.10/dist-packages/airflow/example_dags/plugins/workday.py
[2022-10-04T03:52:45.514+0000] {processor.py:770} WARNING - No viable dags retrieved from /usr/local/lib/python3.10/dist-packages/airflow/example_dags/plugins/workday.py
[2022-10-04T03:52:45.523+0000] {processor.py:178} INFO - Processing /usr/local/lib/python3.10/dist-packages/airflow/example_dags/plugins/workday.py took 0.016 seconds
[2022-10-04T03:53:23.211+0000] {processor.py:156} INFO - Started process (PID=1472) to work on /usr/local/lib/python3.10/dist-packages/airflow/example_dags/plugins/workday.py
[2022-10-04T03:53:23.212+0000] {processor.py:758} INFO - Processing file /usr/local/lib/python3.10/dist-packages/airflow/example_dags/plugins/workday.py for tasks to queue
[2022-10-04T03:53:23.213+0000] {logging_mixin.py:117} INFO - [2022-10-04T03:53:23.213+0000] {dagbag.py:525} INFO - Filling up the DagBag from /usr/local/lib/python3.10/dist-packages/airflow/example_dags/plugins/workday.py
[2022-10-04T03:53:23.214+0000] {processor.py:770} WARNING - No viable dags retrieved from /usr/local/lib/python3.10/dist-packages/airflow/example_dags/plugins/workday.py
[2022-10-04T03:53:23.225+0000] {processor.py:178} INFO - Processing /usr/local/lib/python3.10/dist-packages/airflow/example_dags/plugins/workday.py took 0.017 seconds
[2022-10-04T03:53:57.719+0000] {processor.py:156} INFO - Started process (PID=1512) to work on /usr/local/lib/python3.10/dist-packages/airflow/example_dags/plugins/workday.py
[2022-10-04T03:53:57.721+0000] {processor.py:758} INFO - Processing file /usr/local/lib/python3.10/dist-packages/airflow/example_dags/plugins/workday.py for tasks to queue
[2022-10-04T03:53:57.721+0000] {logging_mixin.py:117} INFO - [2022-10-04T03:53:57.721+0000] {dagbag.py:525} INFO - Filling up the DagBag from /usr/local/lib/python3.10/dist-packages/airflow/example_dags/plugins/workday.py
[2022-10-04T03:53:57.723+0000] {processor.py:770} WARNING - No viable dags retrieved from /usr/local/lib/python3.10/dist-packages/airflow/example_dags/plugins/workday.py
[2022-10-04T03:53:57.732+0000] {processor.py:178} INFO - Processing /usr/local/lib/python3.10/dist-packages/airflow/example_dags/plugins/workday.py took 0.016 seconds
[2022-10-04T03:54:37.567+0000] {processor.py:156} INFO - Started process (PID=1574) to work on /usr/local/lib/python3.10/dist-packages/airflow/example_dags/plugins/workday.py
[2022-10-04T03:54:37.573+0000] {processor.py:758} INFO - Processing file /usr/local/lib/python3.10/dist-packages/airflow/example_dags/plugins/workday.py for tasks to queue
[2022-10-04T03:54:37.574+0000] {logging_mixin.py:117} INFO - [2022-10-04T03:54:37.574+0000] {dagbag.py:525} INFO - Filling up the DagBag from /usr/local/lib/python3.10/dist-packages/airflow/example_dags/plugins/workday.py
[2022-10-04T03:54:37.576+0000] {processor.py:770} WARNING - No viable dags retrieved from /usr/local/lib/python3.10/dist-packages/airflow/example_dags/plugins/workday.py
[2022-10-04T03:54:37.606+0000] {processor.py:178} INFO - Processing /usr/local/lib/python3.10/dist-packages/airflow/example_dags/plugins/workday.py took 0.058 seconds
[2022-10-04T03:55:21.302+0000] {processor.py:156} INFO - Started process (PID=1615) to work on /usr/local/lib/python3.10/dist-packages/airflow/example_dags/plugins/workday.py
[2022-10-04T03:55:21.303+0000] {processor.py:758} INFO - Processing file /usr/local/lib/python3.10/dist-packages/airflow/example_dags/plugins/workday.py for tasks to queue
[2022-10-04T03:55:21.304+0000] {logging_mixin.py:117} INFO - [2022-10-04T03:55:21.303+0000] {dagbag.py:525} INFO - Filling up the DagBag from /usr/local/lib/python3.10/dist-packages/airflow/example_dags/plugins/workday.py
[2022-10-04T03:55:21.305+0000] {processor.py:770} WARNING - No viable dags retrieved from /usr/local/lib/python3.10/dist-packages/airflow/example_dags/plugins/workday.py
[2022-10-04T03:55:21.316+0000] {processor.py:178} INFO - Processing /usr/local/lib/python3.10/dist-packages/airflow/example_dags/plugins/workday.py took 0.017 seconds
[2022-10-04T03:55:57.515+0000] {processor.py:156} INFO - Started process (PID=1645) to work on /usr/local/lib/python3.10/dist-packages/airflow/example_dags/plugins/workday.py
[2022-10-04T03:55:57.529+0000] {processor.py:758} INFO - Processing file /usr/local/lib/python3.10/dist-packages/airflow/example_dags/plugins/workday.py for tasks to queue
[2022-10-04T03:55:57.530+0000] {logging_mixin.py:117} INFO - [2022-10-04T03:55:57.530+0000] {dagbag.py:525} INFO - Filling up the DagBag from /usr/local/lib/python3.10/dist-packages/airflow/example_dags/plugins/workday.py
[2022-10-04T03:55:57.532+0000] {processor.py:770} WARNING - No viable dags retrieved from /usr/local/lib/python3.10/dist-packages/airflow/example_dags/plugins/workday.py
[2022-10-04T03:55:57.569+0000] {processor.py:178} INFO - Processing /usr/local/lib/python3.10/dist-packages/airflow/example_dags/plugins/workday.py took 0.073 seconds
[2022-10-04T04:35:24.503+0000] {processor.py:156} INFO - Started process (PID=1769) to work on /usr/local/lib/python3.10/dist-packages/airflow/example_dags/plugins/workday.py
[2022-10-04T04:35:24.513+0000] {processor.py:758} INFO - Processing file /usr/local/lib/python3.10/dist-packages/airflow/example_dags/plugins/workday.py for tasks to queue
[2022-10-04T04:35:24.514+0000] {logging_mixin.py:117} INFO - [2022-10-04T04:35:24.514+0000] {dagbag.py:525} INFO - Filling up the DagBag from /usr/local/lib/python3.10/dist-packages/airflow/example_dags/plugins/workday.py
[2022-10-04T04:35:24.516+0000] {processor.py:770} WARNING - No viable dags retrieved from /usr/local/lib/python3.10/dist-packages/airflow/example_dags/plugins/workday.py
[2022-10-04T04:35:24.573+0000] {processor.py:178} INFO - Processing /usr/local/lib/python3.10/dist-packages/airflow/example_dags/plugins/workday.py took 0.073 seconds
[2022-10-04T04:36:06.742+0000] {processor.py:156} INFO - Started process (PID=1812) to work on /usr/local/lib/python3.10/dist-packages/airflow/example_dags/plugins/workday.py
[2022-10-04T04:36:06.744+0000] {processor.py:758} INFO - Processing file /usr/local/lib/python3.10/dist-packages/airflow/example_dags/plugins/workday.py for tasks to queue
[2022-10-04T04:36:06.746+0000] {logging_mixin.py:117} INFO - [2022-10-04T04:36:06.745+0000] {dagbag.py:525} INFO - Filling up the DagBag from /usr/local/lib/python3.10/dist-packages/airflow/example_dags/plugins/workday.py
[2022-10-04T04:36:06.750+0000] {processor.py:770} WARNING - No viable dags retrieved from /usr/local/lib/python3.10/dist-packages/airflow/example_dags/plugins/workday.py
[2022-10-04T04:36:06.774+0000] {processor.py:178} INFO - Processing /usr/local/lib/python3.10/dist-packages/airflow/example_dags/plugins/workday.py took 0.038 seconds
[2022-10-04T04:37:05.786+0000] {processor.py:156} INFO - Started process (PID=1856) to work on /usr/local/lib/python3.10/dist-packages/airflow/example_dags/plugins/workday.py
[2022-10-04T04:37:05.788+0000] {processor.py:758} INFO - Processing file /usr/local/lib/python3.10/dist-packages/airflow/example_dags/plugins/workday.py for tasks to queue
[2022-10-04T04:37:05.789+0000] {logging_mixin.py:117} INFO - [2022-10-04T04:37:05.789+0000] {dagbag.py:525} INFO - Filling up the DagBag from /usr/local/lib/python3.10/dist-packages/airflow/example_dags/plugins/workday.py
[2022-10-04T04:37:05.791+0000] {processor.py:770} WARNING - No viable dags retrieved from /usr/local/lib/python3.10/dist-packages/airflow/example_dags/plugins/workday.py
[2022-10-04T04:37:05.827+0000] {processor.py:178} INFO - Processing /usr/local/lib/python3.10/dist-packages/airflow/example_dags/plugins/workday.py took 0.059 seconds
[2022-10-04T04:42:54.516+0000] {processor.py:156} INFO - Started process (PID=1963) to work on /usr/local/lib/python3.10/dist-packages/airflow/example_dags/plugins/workday.py
[2022-10-04T04:42:54.517+0000] {processor.py:758} INFO - Processing file /usr/local/lib/python3.10/dist-packages/airflow/example_dags/plugins/workday.py for tasks to queue
[2022-10-04T04:42:54.518+0000] {logging_mixin.py:117} INFO - [2022-10-04T04:42:54.518+0000] {dagbag.py:525} INFO - Filling up the DagBag from /usr/local/lib/python3.10/dist-packages/airflow/example_dags/plugins/workday.py
[2022-10-04T04:42:54.520+0000] {processor.py:770} WARNING - No viable dags retrieved from /usr/local/lib/python3.10/dist-packages/airflow/example_dags/plugins/workday.py
[2022-10-04T04:42:54.566+0000] {processor.py:178} INFO - Processing /usr/local/lib/python3.10/dist-packages/airflow/example_dags/plugins/workday.py took 0.070 seconds
[2022-10-04T04:45:41.429+0000] {processor.py:156} INFO - Started process (PID=1987) to work on /usr/local/lib/python3.10/dist-packages/airflow/example_dags/plugins/workday.py
[2022-10-04T04:45:41.430+0000] {processor.py:758} INFO - Processing file /usr/local/lib/python3.10/dist-packages/airflow/example_dags/plugins/workday.py for tasks to queue
[2022-10-04T04:45:41.435+0000] {logging_mixin.py:117} INFO - [2022-10-04T04:45:41.435+0000] {dagbag.py:525} INFO - Filling up the DagBag from /usr/local/lib/python3.10/dist-packages/airflow/example_dags/plugins/workday.py
[2022-10-04T04:45:41.439+0000] {processor.py:770} WARNING - No viable dags retrieved from /usr/local/lib/python3.10/dist-packages/airflow/example_dags/plugins/workday.py
[2022-10-04T04:45:41.475+0000] {processor.py:178} INFO - Processing /usr/local/lib/python3.10/dist-packages/airflow/example_dags/plugins/workday.py took 0.057 seconds
[2022-10-04T04:46:18.259+0000] {processor.py:156} INFO - Started process (PID=2026) to work on /usr/local/lib/python3.10/dist-packages/airflow/example_dags/plugins/workday.py
[2022-10-04T04:46:18.260+0000] {processor.py:758} INFO - Processing file /usr/local/lib/python3.10/dist-packages/airflow/example_dags/plugins/workday.py for tasks to queue
[2022-10-04T04:46:18.261+0000] {logging_mixin.py:117} INFO - [2022-10-04T04:46:18.261+0000] {dagbag.py:525} INFO - Filling up the DagBag from /usr/local/lib/python3.10/dist-packages/airflow/example_dags/plugins/workday.py
[2022-10-04T04:46:18.262+0000] {processor.py:770} WARNING - No viable dags retrieved from /usr/local/lib/python3.10/dist-packages/airflow/example_dags/plugins/workday.py
[2022-10-04T04:46:18.272+0000] {processor.py:178} INFO - Processing /usr/local/lib/python3.10/dist-packages/airflow/example_dags/plugins/workday.py took 0.016 seconds
[2022-10-04T04:46:53.521+0000] {processor.py:156} INFO - Started process (PID=2060) to work on /usr/local/lib/python3.10/dist-packages/airflow/example_dags/plugins/workday.py
[2022-10-04T04:46:53.522+0000] {processor.py:758} INFO - Processing file /usr/local/lib/python3.10/dist-packages/airflow/example_dags/plugins/workday.py for tasks to queue
[2022-10-04T04:46:53.523+0000] {logging_mixin.py:117} INFO - [2022-10-04T04:46:53.523+0000] {dagbag.py:525} INFO - Filling up the DagBag from /usr/local/lib/python3.10/dist-packages/airflow/example_dags/plugins/workday.py
[2022-10-04T04:46:53.524+0000] {processor.py:770} WARNING - No viable dags retrieved from /usr/local/lib/python3.10/dist-packages/airflow/example_dags/plugins/workday.py
[2022-10-04T04:46:53.537+0000] {processor.py:178} INFO - Processing /usr/local/lib/python3.10/dist-packages/airflow/example_dags/plugins/workday.py took 0.020 seconds
[2022-10-04T04:47:31.557+0000] {processor.py:156} INFO - Started process (PID=2097) to work on /usr/local/lib/python3.10/dist-packages/airflow/example_dags/plugins/workday.py
[2022-10-04T04:47:31.559+0000] {processor.py:758} INFO - Processing file /usr/local/lib/python3.10/dist-packages/airflow/example_dags/plugins/workday.py for tasks to queue
[2022-10-04T04:47:31.559+0000] {logging_mixin.py:117} INFO - [2022-10-04T04:47:31.559+0000] {dagbag.py:525} INFO - Filling up the DagBag from /usr/local/lib/python3.10/dist-packages/airflow/example_dags/plugins/workday.py
[2022-10-04T04:47:31.561+0000] {processor.py:770} WARNING - No viable dags retrieved from /usr/local/lib/python3.10/dist-packages/airflow/example_dags/plugins/workday.py
[2022-10-04T04:47:31.570+0000] {processor.py:178} INFO - Processing /usr/local/lib/python3.10/dist-packages/airflow/example_dags/plugins/workday.py took 0.016 seconds
[2022-10-04T04:48:06.589+0000] {processor.py:156} INFO - Started process (PID=2132) to work on /usr/local/lib/python3.10/dist-packages/airflow/example_dags/plugins/workday.py
[2022-10-04T04:48:06.591+0000] {processor.py:758} INFO - Processing file /usr/local/lib/python3.10/dist-packages/airflow/example_dags/plugins/workday.py for tasks to queue
[2022-10-04T04:48:06.592+0000] {logging_mixin.py:117} INFO - [2022-10-04T04:48:06.591+0000] {dagbag.py:525} INFO - Filling up the DagBag from /usr/local/lib/python3.10/dist-packages/airflow/example_dags/plugins/workday.py
[2022-10-04T04:48:06.593+0000] {processor.py:770} WARNING - No viable dags retrieved from /usr/local/lib/python3.10/dist-packages/airflow/example_dags/plugins/workday.py
[2022-10-04T04:48:06.605+0000] {processor.py:178} INFO - Processing /usr/local/lib/python3.10/dist-packages/airflow/example_dags/plugins/workday.py took 0.019 seconds
[2022-10-04T04:48:42.865+0000] {processor.py:156} INFO - Started process (PID=2169) to work on /usr/local/lib/python3.10/dist-packages/airflow/example_dags/plugins/workday.py
[2022-10-04T04:48:42.866+0000] {processor.py:758} INFO - Processing file /usr/local/lib/python3.10/dist-packages/airflow/example_dags/plugins/workday.py for tasks to queue
[2022-10-04T04:48:42.867+0000] {logging_mixin.py:117} INFO - [2022-10-04T04:48:42.866+0000] {dagbag.py:525} INFO - Filling up the DagBag from /usr/local/lib/python3.10/dist-packages/airflow/example_dags/plugins/workday.py
[2022-10-04T04:48:42.868+0000] {processor.py:770} WARNING - No viable dags retrieved from /usr/local/lib/python3.10/dist-packages/airflow/example_dags/plugins/workday.py
[2022-10-04T04:48:42.879+0000] {processor.py:178} INFO - Processing /usr/local/lib/python3.10/dist-packages/airflow/example_dags/plugins/workday.py took 0.017 seconds
[2022-10-04T04:49:21.079+0000] {processor.py:156} INFO - Started process (PID=2207) to work on /usr/local/lib/python3.10/dist-packages/airflow/example_dags/plugins/workday.py
[2022-10-04T04:49:21.081+0000] {processor.py:758} INFO - Processing file /usr/local/lib/python3.10/dist-packages/airflow/example_dags/plugins/workday.py for tasks to queue
[2022-10-04T04:49:21.081+0000] {logging_mixin.py:117} INFO - [2022-10-04T04:49:21.081+0000] {dagbag.py:525} INFO - Filling up the DagBag from /usr/local/lib/python3.10/dist-packages/airflow/example_dags/plugins/workday.py
[2022-10-04T04:49:21.083+0000] {processor.py:770} WARNING - No viable dags retrieved from /usr/local/lib/python3.10/dist-packages/airflow/example_dags/plugins/workday.py
[2022-10-04T04:49:21.093+0000] {processor.py:178} INFO - Processing /usr/local/lib/python3.10/dist-packages/airflow/example_dags/plugins/workday.py took 0.017 seconds
[2022-10-04T04:49:55.616+0000] {processor.py:156} INFO - Started process (PID=2241) to work on /usr/local/lib/python3.10/dist-packages/airflow/example_dags/plugins/workday.py
[2022-10-04T04:49:55.618+0000] {processor.py:758} INFO - Processing file /usr/local/lib/python3.10/dist-packages/airflow/example_dags/plugins/workday.py for tasks to queue
[2022-10-04T04:49:55.618+0000] {logging_mixin.py:117} INFO - [2022-10-04T04:49:55.618+0000] {dagbag.py:525} INFO - Filling up the DagBag from /usr/local/lib/python3.10/dist-packages/airflow/example_dags/plugins/workday.py
[2022-10-04T04:49:55.620+0000] {processor.py:770} WARNING - No viable dags retrieved from /usr/local/lib/python3.10/dist-packages/airflow/example_dags/plugins/workday.py
[2022-10-04T04:49:55.630+0000] {processor.py:178} INFO - Processing /usr/local/lib/python3.10/dist-packages/airflow/example_dags/plugins/workday.py took 0.017 seconds
[2022-10-04T04:50:31.914+0000] {processor.py:156} INFO - Started process (PID=2279) to work on /usr/local/lib/python3.10/dist-packages/airflow/example_dags/plugins/workday.py
[2022-10-04T04:50:31.916+0000] {processor.py:758} INFO - Processing file /usr/local/lib/python3.10/dist-packages/airflow/example_dags/plugins/workday.py for tasks to queue
[2022-10-04T04:50:31.916+0000] {logging_mixin.py:117} INFO - [2022-10-04T04:50:31.916+0000] {dagbag.py:525} INFO - Filling up the DagBag from /usr/local/lib/python3.10/dist-packages/airflow/example_dags/plugins/workday.py
[2022-10-04T04:50:31.919+0000] {processor.py:770} WARNING - No viable dags retrieved from /usr/local/lib/python3.10/dist-packages/airflow/example_dags/plugins/workday.py
[2022-10-04T04:50:31.935+0000] {processor.py:178} INFO - Processing /usr/local/lib/python3.10/dist-packages/airflow/example_dags/plugins/workday.py took 0.024 seconds
[2022-10-04T04:51:07.082+0000] {processor.py:156} INFO - Started process (PID=2315) to work on /usr/local/lib/python3.10/dist-packages/airflow/example_dags/plugins/workday.py
[2022-10-04T04:51:07.083+0000] {processor.py:758} INFO - Processing file /usr/local/lib/python3.10/dist-packages/airflow/example_dags/plugins/workday.py for tasks to queue
[2022-10-04T04:51:07.084+0000] {logging_mixin.py:117} INFO - [2022-10-04T04:51:07.084+0000] {dagbag.py:525} INFO - Filling up the DagBag from /usr/local/lib/python3.10/dist-packages/airflow/example_dags/plugins/workday.py
[2022-10-04T04:51:07.085+0000] {processor.py:770} WARNING - No viable dags retrieved from /usr/local/lib/python3.10/dist-packages/airflow/example_dags/plugins/workday.py
[2022-10-04T04:51:07.096+0000] {processor.py:178} INFO - Processing /usr/local/lib/python3.10/dist-packages/airflow/example_dags/plugins/workday.py took 0.017 seconds
[2022-10-04T04:51:46.282+0000] {processor.py:156} INFO - Started process (PID=2352) to work on /usr/local/lib/python3.10/dist-packages/airflow/example_dags/plugins/workday.py
[2022-10-04T04:51:46.283+0000] {processor.py:758} INFO - Processing file /usr/local/lib/python3.10/dist-packages/airflow/example_dags/plugins/workday.py for tasks to queue
[2022-10-04T04:51:46.284+0000] {logging_mixin.py:117} INFO - [2022-10-04T04:51:46.283+0000] {dagbag.py:525} INFO - Filling up the DagBag from /usr/local/lib/python3.10/dist-packages/airflow/example_dags/plugins/workday.py
[2022-10-04T04:51:46.285+0000] {processor.py:770} WARNING - No viable dags retrieved from /usr/local/lib/python3.10/dist-packages/airflow/example_dags/plugins/workday.py
[2022-10-04T04:51:46.298+0000] {processor.py:178} INFO - Processing /usr/local/lib/python3.10/dist-packages/airflow/example_dags/plugins/workday.py took 0.020 seconds
[2022-10-04T04:52:23.275+0000] {processor.py:156} INFO - Started process (PID=2389) to work on /usr/local/lib/python3.10/dist-packages/airflow/example_dags/plugins/workday.py
[2022-10-04T04:52:23.277+0000] {processor.py:758} INFO - Processing file /usr/local/lib/python3.10/dist-packages/airflow/example_dags/plugins/workday.py for tasks to queue
[2022-10-04T04:52:23.277+0000] {logging_mixin.py:117} INFO - [2022-10-04T04:52:23.277+0000] {dagbag.py:525} INFO - Filling up the DagBag from /usr/local/lib/python3.10/dist-packages/airflow/example_dags/plugins/workday.py
[2022-10-04T04:52:23.279+0000] {processor.py:770} WARNING - No viable dags retrieved from /usr/local/lib/python3.10/dist-packages/airflow/example_dags/plugins/workday.py
[2022-10-04T04:52:23.294+0000] {processor.py:178} INFO - Processing /usr/local/lib/python3.10/dist-packages/airflow/example_dags/plugins/workday.py took 0.022 seconds
[2022-10-04T04:52:56.158+0000] {processor.py:156} INFO - Started process (PID=2421) to work on /usr/local/lib/python3.10/dist-packages/airflow/example_dags/plugins/workday.py
[2022-10-04T04:52:56.159+0000] {processor.py:758} INFO - Processing file /usr/local/lib/python3.10/dist-packages/airflow/example_dags/plugins/workday.py for tasks to queue
[2022-10-04T04:52:56.160+0000] {logging_mixin.py:117} INFO - [2022-10-04T04:52:56.160+0000] {dagbag.py:525} INFO - Filling up the DagBag from /usr/local/lib/python3.10/dist-packages/airflow/example_dags/plugins/workday.py
[2022-10-04T04:52:56.163+0000] {processor.py:770} WARNING - No viable dags retrieved from /usr/local/lib/python3.10/dist-packages/airflow/example_dags/plugins/workday.py
[2022-10-04T04:52:56.174+0000] {processor.py:178} INFO - Processing /usr/local/lib/python3.10/dist-packages/airflow/example_dags/plugins/workday.py took 0.020 seconds
[2022-10-04T04:53:33.584+0000] {processor.py:156} INFO - Started process (PID=2457) to work on /usr/local/lib/python3.10/dist-packages/airflow/example_dags/plugins/workday.py
[2022-10-04T04:53:33.585+0000] {processor.py:758} INFO - Processing file /usr/local/lib/python3.10/dist-packages/airflow/example_dags/plugins/workday.py for tasks to queue
[2022-10-04T04:53:33.586+0000] {logging_mixin.py:117} INFO - [2022-10-04T04:53:33.585+0000] {dagbag.py:525} INFO - Filling up the DagBag from /usr/local/lib/python3.10/dist-packages/airflow/example_dags/plugins/workday.py
[2022-10-04T04:53:33.587+0000] {processor.py:770} WARNING - No viable dags retrieved from /usr/local/lib/python3.10/dist-packages/airflow/example_dags/plugins/workday.py
[2022-10-04T04:53:33.599+0000] {processor.py:178} INFO - Processing /usr/local/lib/python3.10/dist-packages/airflow/example_dags/plugins/workday.py took 0.019 seconds
[2022-10-04T04:54:03.956+0000] {processor.py:156} INFO - Started process (PID=2489) to work on /usr/local/lib/python3.10/dist-packages/airflow/example_dags/plugins/workday.py
[2022-10-04T04:54:03.957+0000] {processor.py:758} INFO - Processing file /usr/local/lib/python3.10/dist-packages/airflow/example_dags/plugins/workday.py for tasks to queue
[2022-10-04T04:54:03.957+0000] {logging_mixin.py:117} INFO - [2022-10-04T04:54:03.957+0000] {dagbag.py:525} INFO - Filling up the DagBag from /usr/local/lib/python3.10/dist-packages/airflow/example_dags/plugins/workday.py
[2022-10-04T04:54:03.959+0000] {processor.py:770} WARNING - No viable dags retrieved from /usr/local/lib/python3.10/dist-packages/airflow/example_dags/plugins/workday.py
[2022-10-04T04:54:03.971+0000] {processor.py:178} INFO - Processing /usr/local/lib/python3.10/dist-packages/airflow/example_dags/plugins/workday.py took 0.019 seconds
