[2023-01-26T16:02:35.907+0000] {taskinstance.py:1165} INFO - Dependencies all met for <TaskInstance: spotify_dag.glue_job scheduled__2023-01-26T14:00:00+00:00 [queued]>
[2023-01-26T16:02:35.913+0000] {taskinstance.py:1165} INFO - Dependencies all met for <TaskInstance: spotify_dag.glue_job scheduled__2023-01-26T14:00:00+00:00 [queued]>
[2023-01-26T16:02:35.913+0000] {taskinstance.py:1362} INFO - 
--------------------------------------------------------------------------------
[2023-01-26T16:02:35.913+0000] {taskinstance.py:1363} INFO - Starting attempt 1 of 2
[2023-01-26T16:02:35.913+0000] {taskinstance.py:1364} INFO - 
--------------------------------------------------------------------------------
[2023-01-26T16:02:35.928+0000] {taskinstance.py:1383} INFO - Executing <Task(PythonOperator): glue_job> on 2023-01-26 14:00:00+00:00
[2023-01-26T16:02:35.932+0000] {standard_task_runner.py:55} INFO - Started process 9521 to run task
[2023-01-26T16:02:35.935+0000] {standard_task_runner.py:82} INFO - Running: ['airflow', 'tasks', 'run', 'spotify_dag', 'glue_job', 'scheduled__2023-01-26T14:00:00+00:00', '--job-id', '389', '--raw', '--subdir', 'DAGS_FOLDER/airflow_dags.py', '--cfg-path', '/tmp/tmpx221puq5']
[2023-01-26T16:02:35.937+0000] {standard_task_runner.py:83} INFO - Job 389: Subtask glue_job
[2023-01-26T16:02:35.976+0000] {task_command.py:376} INFO - Running <TaskInstance: spotify_dag.glue_job scheduled__2023-01-26T14:00:00+00:00 [running]> on host ip-172-31-26-59.ap-northeast-2.compute.internal
[2023-01-26T16:02:36.025+0000] {taskinstance.py:1590} INFO - Exporting the following env vars:
AIRFLOW_CTX_DAG_EMAIL=nywkim@example.com
AIRFLOW_CTX_DAG_OWNER=airflow
AIRFLOW_CTX_DAG_ID=spotify_dag
AIRFLOW_CTX_TASK_ID=glue_job
AIRFLOW_CTX_EXECUTION_DATE=2023-01-26T14:00:00+00:00
AIRFLOW_CTX_TRY_NUMBER=1
AIRFLOW_CTX_DAG_RUN_ID=scheduled__2023-01-26T14:00:00+00:00
[2023-01-26T16:02:36.044+0000] {credentials.py:1048} INFO - Found credentials from IAM Role: EC2_S3_Af
[2023-01-26T16:02:36.446+0000] {logging_mixin.py:120} INFO - {'JobRunId': 'jr_abd2092eabc6f3d70a27f928df986ee47ff7b7921ba1f64bfc9be2496ca7b981', 'ResponseMetadata': {'RequestId': 'ad66cde5-5489-4c38-8b6f-c6d108e2dd35', 'HTTPStatusCode': 200, 'HTTPHeaders': {'date': 'Thu, 26 Jan 2023 16:02:36 GMT', 'content-type': 'application/x-amz-json-1.1', 'content-length': '82', 'connection': 'keep-alive', 'x-amzn-requestid': 'ad66cde5-5489-4c38-8b6f-c6d108e2dd35'}, 'RetryAttempts': 0}}
[2023-01-26T16:02:36.447+0000] {python.py:177} INFO - Done. Returned value was: None
[2023-01-26T16:02:36.452+0000] {taskinstance.py:1401} INFO - Marking task as SUCCESS. dag_id=spotify_dag, task_id=glue_job, execution_date=20230126T140000, start_date=20230126T160235, end_date=20230126T160236
[2023-01-26T16:02:36.508+0000] {local_task_job.py:164} INFO - Task exited with return code 0
[2023-01-26T16:02:36.518+0000] {local_task_job.py:273} INFO - 0 downstream tasks scheduled from follow-on schedule check
