[2023-01-29T12:03:11.337+0000] {taskinstance.py:1165} INFO - Dependencies all met for <TaskInstance: spotify_dag.glue_job scheduled__2023-01-29T10:00:00+00:00 [queued]>
[2023-01-29T12:03:11.343+0000] {taskinstance.py:1165} INFO - Dependencies all met for <TaskInstance: spotify_dag.glue_job scheduled__2023-01-29T10:00:00+00:00 [queued]>
[2023-01-29T12:03:11.344+0000] {taskinstance.py:1362} INFO - 
--------------------------------------------------------------------------------
[2023-01-29T12:03:11.344+0000] {taskinstance.py:1363} INFO - Starting attempt 1 of 2
[2023-01-29T12:03:11.344+0000] {taskinstance.py:1364} INFO - 
--------------------------------------------------------------------------------
[2023-01-29T12:03:11.358+0000] {taskinstance.py:1383} INFO - Executing <Task(PythonOperator): glue_job> on 2023-01-29 10:00:00+00:00
[2023-01-29T12:03:11.361+0000] {standard_task_runner.py:55} INFO - Started process 25118 to run task
[2023-01-29T12:03:11.365+0000] {standard_task_runner.py:82} INFO - Running: ['airflow', 'tasks', 'run', 'spotify_dag', 'glue_job', 'scheduled__2023-01-29T10:00:00+00:00', '--job-id', '446', '--raw', '--subdir', 'DAGS_FOLDER/airflow_dags.py', '--cfg-path', '/tmp/tmpx59e7bph']
[2023-01-29T12:03:11.367+0000] {standard_task_runner.py:83} INFO - Job 446: Subtask glue_job
[2023-01-29T12:03:11.408+0000] {task_command.py:376} INFO - Running <TaskInstance: spotify_dag.glue_job scheduled__2023-01-29T10:00:00+00:00 [running]> on host ip-172-31-26-59.ap-northeast-2.compute.internal
[2023-01-29T12:03:11.461+0000] {taskinstance.py:1590} INFO - Exporting the following env vars:
AIRFLOW_CTX_DAG_EMAIL=nywkim@example.com
AIRFLOW_CTX_DAG_OWNER=airflow
AIRFLOW_CTX_DAG_ID=spotify_dag
AIRFLOW_CTX_TASK_ID=glue_job
AIRFLOW_CTX_EXECUTION_DATE=2023-01-29T10:00:00+00:00
AIRFLOW_CTX_TRY_NUMBER=1
AIRFLOW_CTX_DAG_RUN_ID=scheduled__2023-01-29T10:00:00+00:00
[2023-01-29T12:03:11.482+0000] {credentials.py:1048} INFO - Found credentials from IAM Role: EC2_S3_Af
[2023-01-29T12:03:11.876+0000] {logging_mixin.py:120} INFO - {'JobRunId': 'jr_fc0262445754c65ba4149839bc81b76f9005871237328ff5cd3b74565d630af4', 'ResponseMetadata': {'RequestId': '04ef1d48-4924-44bd-b1f6-48c8fc325ef3', 'HTTPStatusCode': 200, 'HTTPHeaders': {'date': 'Sun, 29 Jan 2023 12:03:11 GMT', 'content-type': 'application/x-amz-json-1.1', 'content-length': '82', 'connection': 'keep-alive', 'x-amzn-requestid': '04ef1d48-4924-44bd-b1f6-48c8fc325ef3'}, 'RetryAttempts': 0}}
[2023-01-29T12:03:11.877+0000] {python.py:177} INFO - Done. Returned value was: None
[2023-01-29T12:03:11.882+0000] {taskinstance.py:1401} INFO - Marking task as SUCCESS. dag_id=spotify_dag, task_id=glue_job, execution_date=20230129T100000, start_date=20230129T120311, end_date=20230129T120311
[2023-01-29T12:03:11.937+0000] {local_task_job.py:164} INFO - Task exited with return code 0
[2023-01-29T12:03:11.948+0000] {local_task_job.py:273} INFO - 0 downstream tasks scheduled from follow-on schedule check
