[2023-01-29T08:00:15.231+0000] {taskinstance.py:1165} INFO - Dependencies all met for <TaskInstance: spotify_dag.crawl_s3 scheduled__2023-01-29T06:00:00+00:00 [queued]>
[2023-01-29T08:00:15.238+0000] {taskinstance.py:1165} INFO - Dependencies all met for <TaskInstance: spotify_dag.crawl_s3 scheduled__2023-01-29T06:00:00+00:00 [queued]>
[2023-01-29T08:00:15.238+0000] {taskinstance.py:1362} INFO - 
--------------------------------------------------------------------------------
[2023-01-29T08:00:15.238+0000] {taskinstance.py:1363} INFO - Starting attempt 1 of 2
[2023-01-29T08:00:15.238+0000] {taskinstance.py:1364} INFO - 
--------------------------------------------------------------------------------
[2023-01-29T08:00:15.252+0000] {taskinstance.py:1383} INFO - Executing <Task(GlueCrawlerOperator): crawl_s3> on 2023-01-29 06:00:00+00:00
[2023-01-29T08:00:15.255+0000] {standard_task_runner.py:55} INFO - Started process 11428 to run task
[2023-01-29T08:00:15.259+0000] {standard_task_runner.py:82} INFO - Running: ['airflow', 'tasks', 'run', 'spotify_dag', 'crawl_s3', 'scheduled__2023-01-29T06:00:00+00:00', '--job-id', '439', '--raw', '--subdir', 'DAGS_FOLDER/airflow_dags.py', '--cfg-path', '/tmp/tmp740kt783']
[2023-01-29T08:00:15.260+0000] {standard_task_runner.py:83} INFO - Job 439: Subtask crawl_s3
[2023-01-29T08:00:15.309+0000] {task_command.py:376} INFO - Running <TaskInstance: spotify_dag.crawl_s3 scheduled__2023-01-29T06:00:00+00:00 [running]> on host ip-172-31-26-59.ap-northeast-2.compute.internal
[2023-01-29T08:00:15.357+0000] {taskinstance.py:1590} INFO - Exporting the following env vars:
AIRFLOW_CTX_DAG_EMAIL=nywkim@example.com
AIRFLOW_CTX_DAG_OWNER=airflow
AIRFLOW_CTX_DAG_ID=spotify_dag
AIRFLOW_CTX_TASK_ID=crawl_s3
AIRFLOW_CTX_EXECUTION_DATE=2023-01-29T06:00:00+00:00
AIRFLOW_CTX_TRY_NUMBER=1
AIRFLOW_CTX_DAG_RUN_ID=scheduled__2023-01-29T06:00:00+00:00
[2023-01-29T08:00:15.358+0000] {glue_crawler.py:55} INFO - Checking if crawler already exists: spotify-crawl
[2023-01-29T08:00:15.362+0000] {base.py:71} INFO - Using connection ID 'aws_default' for task execution.
[2023-01-29T08:00:15.363+0000] {connection_wrapper.py:334} INFO - AWS Connection (conn_id='aws_default', conn_type='aws') credentials retrieved from login and password.
[2023-01-29T08:00:16.037+0000] {base.py:71} INFO - Using connection ID 'aws_default' for task execution.
[2023-01-29T08:00:16.038+0000] {connection_wrapper.py:334} INFO - AWS Connection (conn_id='aws_default', conn_type='aws') credentials retrieved from login and password.
[2023-01-29T08:00:16.337+0000] {glue_crawler.py:82} INFO - Triggering AWS Glue Crawler
[2023-01-29T08:00:16.338+0000] {glue_crawler.py:151} INFO - Starting crawler spotify-crawl
[2023-01-29T08:00:16.604+0000] {glue_crawler.py:85} INFO - Waiting for AWS Glue Crawler
[2023-01-29T08:00:16.664+0000] {glue_crawler.py:188} INFO - Polling for AWS Glue crawler: spotify-crawl 
[2023-01-29T08:00:16.664+0000] {glue_crawler.py:189} INFO - State: RUNNING
[2023-01-29T08:00:16.717+0000] {glue_crawler.py:199} INFO - Crawler should finish soon
[2023-01-29T08:00:21.773+0000] {glue_crawler.py:188} INFO - Polling for AWS Glue crawler: spotify-crawl 
[2023-01-29T08:00:21.773+0000] {glue_crawler.py:189} INFO - State: RUNNING
[2023-01-29T08:00:21.830+0000] {glue_crawler.py:199} INFO - Crawler should finish soon
[2023-01-29T08:00:26.885+0000] {glue_crawler.py:188} INFO - Polling for AWS Glue crawler: spotify-crawl 
[2023-01-29T08:00:26.885+0000] {glue_crawler.py:189} INFO - State: RUNNING
[2023-01-29T08:00:26.939+0000] {glue_crawler.py:199} INFO - Crawler should finish soon
[2023-01-29T08:00:31.981+0000] {glue_crawler.py:188} INFO - Polling for AWS Glue crawler: spotify-crawl 
[2023-01-29T08:00:31.981+0000] {glue_crawler.py:189} INFO - State: RUNNING
[2023-01-29T08:00:32.024+0000] {glue_crawler.py:199} INFO - Crawler should finish soon
[2023-01-29T08:00:37.082+0000] {glue_crawler.py:188} INFO - Polling for AWS Glue crawler: spotify-crawl 
[2023-01-29T08:00:37.083+0000] {glue_crawler.py:189} INFO - State: RUNNING
[2023-01-29T08:00:37.103+0000] {glue_crawler.py:199} INFO - Crawler should finish soon
[2023-01-29T08:00:42.150+0000] {glue_crawler.py:188} INFO - Polling for AWS Glue crawler: spotify-crawl 
[2023-01-29T08:00:42.150+0000] {glue_crawler.py:189} INFO - State: RUNNING
[2023-01-29T08:00:42.192+0000] {glue_crawler.py:199} INFO - Crawler should finish soon
[2023-01-29T08:00:47.245+0000] {glue_crawler.py:188} INFO - Polling for AWS Glue crawler: spotify-crawl 
[2023-01-29T08:00:47.246+0000] {glue_crawler.py:189} INFO - State: RUNNING
[2023-01-29T08:00:47.287+0000] {glue_crawler.py:199} INFO - Crawler should finish soon
[2023-01-29T08:00:52.343+0000] {glue_crawler.py:188} INFO - Polling for AWS Glue crawler: spotify-crawl 
[2023-01-29T08:00:52.343+0000] {glue_crawler.py:189} INFO - State: RUNNING
[2023-01-29T08:00:52.383+0000] {glue_crawler.py:199} INFO - Crawler should finish soon
[2023-01-29T08:00:57.443+0000] {glue_crawler.py:188} INFO - Polling for AWS Glue crawler: spotify-crawl 
[2023-01-29T08:00:57.443+0000] {glue_crawler.py:189} INFO - State: RUNNING
[2023-01-29T08:00:57.469+0000] {glue_crawler.py:199} INFO - Crawler should finish soon
[2023-01-29T08:01:02.536+0000] {glue_crawler.py:188} INFO - Polling for AWS Glue crawler: spotify-crawl 
[2023-01-29T08:01:02.536+0000] {glue_crawler.py:189} INFO - State: RUNNING
[2023-01-29T08:01:02.560+0000] {glue_crawler.py:199} INFO - Crawler should finish soon
[2023-01-29T08:01:07.588+0000] {glue_crawler.py:188} INFO - Polling for AWS Glue crawler: spotify-crawl 
[2023-01-29T08:01:07.590+0000] {glue_crawler.py:189} INFO - State: RUNNING
[2023-01-29T08:01:07.633+0000] {glue_crawler.py:197} INFO - Estimated Time Left (seconds): 15
[2023-01-29T08:01:12.674+0000] {glue_crawler.py:188} INFO - Polling for AWS Glue crawler: spotify-crawl 
[2023-01-29T08:01:12.674+0000] {glue_crawler.py:189} INFO - State: RUNNING
[2023-01-29T08:01:12.698+0000] {glue_crawler.py:197} INFO - Estimated Time Left (seconds): 15
[2023-01-29T08:01:17.744+0000] {glue_crawler.py:188} INFO - Polling for AWS Glue crawler: spotify-crawl 
[2023-01-29T08:01:17.744+0000] {glue_crawler.py:189} INFO - State: STOPPING
[2023-01-29T08:01:17.782+0000] {glue_crawler.py:197} INFO - Estimated Time Left (seconds): 15
[2023-01-29T08:01:22.840+0000] {glue_crawler.py:188} INFO - Polling for AWS Glue crawler: spotify-crawl 
[2023-01-29T08:01:22.840+0000] {glue_crawler.py:189} INFO - State: STOPPING
[2023-01-29T08:01:22.882+0000] {glue_crawler.py:197} INFO - Estimated Time Left (seconds): 15
[2023-01-29T08:01:27.918+0000] {glue_crawler.py:188} INFO - Polling for AWS Glue crawler: spotify-crawl 
[2023-01-29T08:01:27.919+0000] {glue_crawler.py:189} INFO - State: STOPPING
[2023-01-29T08:01:27.956+0000] {glue_crawler.py:197} INFO - Estimated Time Left (seconds): 15
[2023-01-29T08:01:33.002+0000] {glue_crawler.py:188} INFO - Polling for AWS Glue crawler: spotify-crawl 
[2023-01-29T08:01:33.002+0000] {glue_crawler.py:189} INFO - State: STOPPING
[2023-01-29T08:01:33.046+0000] {glue_crawler.py:197} INFO - Estimated Time Left (seconds): 15
[2023-01-29T08:01:38.089+0000] {glue_crawler.py:188} INFO - Polling for AWS Glue crawler: spotify-crawl 
[2023-01-29T08:01:38.089+0000] {glue_crawler.py:189} INFO - State: STOPPING
[2023-01-29T08:01:38.136+0000] {glue_crawler.py:197} INFO - Estimated Time Left (seconds): 15
[2023-01-29T08:01:43.198+0000] {glue_crawler.py:188} INFO - Polling for AWS Glue crawler: spotify-crawl 
[2023-01-29T08:01:43.198+0000] {glue_crawler.py:189} INFO - State: STOPPING
[2023-01-29T08:01:43.240+0000] {glue_crawler.py:197} INFO - Estimated Time Left (seconds): 15
[2023-01-29T08:01:48.285+0000] {glue_crawler.py:188} INFO - Polling for AWS Glue crawler: spotify-crawl 
[2023-01-29T08:01:48.285+0000] {glue_crawler.py:189} INFO - State: STOPPING
[2023-01-29T08:01:48.309+0000] {glue_crawler.py:197} INFO - Estimated Time Left (seconds): 15
[2023-01-29T08:01:53.344+0000] {glue_crawler.py:188} INFO - Polling for AWS Glue crawler: spotify-crawl 
[2023-01-29T08:01:53.344+0000] {glue_crawler.py:189} INFO - State: STOPPING
[2023-01-29T08:01:53.374+0000] {glue_crawler.py:197} INFO - Estimated Time Left (seconds): 15
[2023-01-29T08:01:58.430+0000] {glue_crawler.py:188} INFO - Polling for AWS Glue crawler: spotify-crawl 
[2023-01-29T08:01:58.430+0000] {glue_crawler.py:189} INFO - State: STOPPING
[2023-01-29T08:01:58.475+0000] {glue_crawler.py:197} INFO - Estimated Time Left (seconds): 15
[2023-01-29T08:02:03.543+0000] {glue_crawler.py:188} INFO - Polling for AWS Glue crawler: spotify-crawl 
[2023-01-29T08:02:03.543+0000] {glue_crawler.py:189} INFO - State: STOPPING
[2023-01-29T08:02:03.573+0000] {glue_crawler.py:197} INFO - Estimated Time Left (seconds): 15
[2023-01-29T08:02:08.639+0000] {glue_crawler.py:188} INFO - Polling for AWS Glue crawler: spotify-crawl 
[2023-01-29T08:02:08.639+0000] {glue_crawler.py:189} INFO - State: STOPPING
[2023-01-29T08:02:08.676+0000] {glue_crawler.py:197} INFO - Estimated Time Left (seconds): 15
[2023-01-29T08:02:13.708+0000] {glue_crawler.py:188} INFO - Polling for AWS Glue crawler: spotify-crawl 
[2023-01-29T08:02:13.708+0000] {glue_crawler.py:189} INFO - State: STOPPING
[2023-01-29T08:02:13.749+0000] {glue_crawler.py:197} INFO - Estimated Time Left (seconds): 15
[2023-01-29T08:02:18.787+0000] {glue_crawler.py:188} INFO - Polling for AWS Glue crawler: spotify-crawl 
[2023-01-29T08:02:18.787+0000] {glue_crawler.py:189} INFO - State: STOPPING
[2023-01-29T08:02:18.825+0000] {glue_crawler.py:197} INFO - Estimated Time Left (seconds): 15
[2023-01-29T08:02:23.866+0000] {glue_crawler.py:188} INFO - Polling for AWS Glue crawler: spotify-crawl 
[2023-01-29T08:02:23.867+0000] {glue_crawler.py:189} INFO - State: STOPPING
[2023-01-29T08:02:23.895+0000] {glue_crawler.py:197} INFO - Estimated Time Left (seconds): 15
[2023-01-29T08:02:28.934+0000] {glue_crawler.py:188} INFO - Polling for AWS Glue crawler: spotify-crawl 
[2023-01-29T08:02:28.934+0000] {glue_crawler.py:189} INFO - State: STOPPING
[2023-01-29T08:02:28.970+0000] {glue_crawler.py:197} INFO - Estimated Time Left (seconds): 15
[2023-01-29T08:02:34.008+0000] {glue_crawler.py:188} INFO - Polling for AWS Glue crawler: spotify-crawl 
[2023-01-29T08:02:34.008+0000] {glue_crawler.py:189} INFO - State: STOPPING
[2023-01-29T08:02:34.051+0000] {glue_crawler.py:197} INFO - Estimated Time Left (seconds): 15
[2023-01-29T08:02:39.106+0000] {glue_crawler.py:188} INFO - Polling for AWS Glue crawler: spotify-crawl 
[2023-01-29T08:02:39.107+0000] {glue_crawler.py:189} INFO - State: STOPPING
[2023-01-29T08:02:39.140+0000] {glue_crawler.py:197} INFO - Estimated Time Left (seconds): 15
[2023-01-29T08:02:44.207+0000] {glue_crawler.py:188} INFO - Polling for AWS Glue crawler: spotify-crawl 
[2023-01-29T08:02:44.207+0000] {glue_crawler.py:189} INFO - State: STOPPING
[2023-01-29T08:02:44.243+0000] {glue_crawler.py:197} INFO - Estimated Time Left (seconds): 15
[2023-01-29T08:02:49.298+0000] {glue_crawler.py:188} INFO - Polling for AWS Glue crawler: spotify-crawl 
[2023-01-29T08:02:49.298+0000] {glue_crawler.py:189} INFO - State: STOPPING
[2023-01-29T08:02:49.341+0000] {glue_crawler.py:197} INFO - Estimated Time Left (seconds): 15
[2023-01-29T08:02:54.388+0000] {glue_crawler.py:188} INFO - Polling for AWS Glue crawler: spotify-crawl 
[2023-01-29T08:02:54.388+0000] {glue_crawler.py:189} INFO - State: STOPPING
[2023-01-29T08:02:54.417+0000] {glue_crawler.py:197} INFO - Estimated Time Left (seconds): 15
[2023-01-29T08:02:59.452+0000] {glue_crawler.py:188} INFO - Polling for AWS Glue crawler: spotify-crawl 
[2023-01-29T08:02:59.452+0000] {glue_crawler.py:189} INFO - State: STOPPING
[2023-01-29T08:02:59.476+0000] {glue_crawler.py:197} INFO - Estimated Time Left (seconds): 15
[2023-01-29T08:03:04.512+0000] {glue_crawler.py:188} INFO - Polling for AWS Glue crawler: spotify-crawl 
[2023-01-29T08:03:04.513+0000] {glue_crawler.py:189} INFO - State: STOPPING
[2023-01-29T08:03:04.541+0000] {glue_crawler.py:197} INFO - Estimated Time Left (seconds): 15
[2023-01-29T08:03:09.595+0000] {glue_crawler.py:188} INFO - Polling for AWS Glue crawler: spotify-crawl 
[2023-01-29T08:03:09.595+0000] {glue_crawler.py:189} INFO - State: STOPPING
[2023-01-29T08:03:09.638+0000] {glue_crawler.py:197} INFO - Estimated Time Left (seconds): 15
[2023-01-29T08:03:14.692+0000] {glue_crawler.py:188} INFO - Polling for AWS Glue crawler: spotify-crawl 
[2023-01-29T08:03:14.692+0000] {glue_crawler.py:189} INFO - State: STOPPING
[2023-01-29T08:03:14.742+0000] {glue_crawler.py:197} INFO - Estimated Time Left (seconds): 15
[2023-01-29T08:03:19.791+0000] {glue_crawler.py:188} INFO - Polling for AWS Glue crawler: spotify-crawl 
[2023-01-29T08:03:19.791+0000] {glue_crawler.py:189} INFO - State: STOPPING
[2023-01-29T08:03:19.829+0000] {glue_crawler.py:197} INFO - Estimated Time Left (seconds): 15
[2023-01-29T08:03:24.899+0000] {glue_crawler.py:188} INFO - Polling for AWS Glue crawler: spotify-crawl 
[2023-01-29T08:03:24.900+0000] {glue_crawler.py:189} INFO - State: STOPPING
[2023-01-29T08:03:24.935+0000] {glue_crawler.py:197} INFO - Estimated Time Left (seconds): 15
[2023-01-29T08:03:29.998+0000] {glue_crawler.py:188} INFO - Polling for AWS Glue crawler: spotify-crawl 
[2023-01-29T08:03:29.998+0000] {glue_crawler.py:189} INFO - State: STOPPING
[2023-01-29T08:03:30.033+0000] {glue_crawler.py:197} INFO - Estimated Time Left (seconds): 15
[2023-01-29T08:03:35.075+0000] {glue_crawler.py:188} INFO - Polling for AWS Glue crawler: spotify-crawl 
[2023-01-29T08:03:35.076+0000] {glue_crawler.py:189} INFO - State: STOPPING
[2023-01-29T08:03:35.106+0000] {glue_crawler.py:197} INFO - Estimated Time Left (seconds): 15
[2023-01-29T08:03:40.147+0000] {glue_crawler.py:170} INFO - State: READY
[2023-01-29T08:03:40.147+0000] {glue_crawler.py:171} INFO - crawler_config: {'Name': 'spotify-crawl', 'Role': 'service-role/AWSGlueServiceRole-crawlerclass', 'Targets': {'S3Targets': [{'Path': 's3://airflow-nk/logs', 'Exclusions': []}], 'JdbcTargets': [], 'MongoDBTargets': [], 'DynamoDBTargets': [], 'CatalogTargets': [], 'DeltaTargets': []}, 'DatabaseName': 'spotify', 'Classifiers': [], 'RecrawlPolicy': {'RecrawlBehavior': 'CRAWL_EVERYTHING'}, 'SchemaChangePolicy': {'UpdateBehavior': 'LOG', 'DeleteBehavior': 'LOG'}, 'LineageConfiguration': {'CrawlerLineageSettings': 'DISABLE'}, 'State': 'READY', 'CrawlElapsedTime': 0, 'CreationTime': datetime.datetime(2022, 10, 4, 6, 4, 16, tzinfo=tzlocal()), 'LastUpdated': datetime.datetime(2023, 1, 25, 11, 32, 11, tzinfo=tzlocal()), 'LastCrawl': {'Status': 'SUCCEEDED', 'LogGroup': '/aws-glue/crawlers', 'LogStream': 'spotify-crawl', 'MessagePrefix': '3981950a-6fdb-426d-8cd3-320e519a1177', 'StartTime': datetime.datetime(2023, 1, 29, 8, 0, 16, tzinfo=tzlocal())}, 'Version': 18, 'LakeFormationConfiguration': {'UseLakeFormationCredentials': False, 'AccountId': ''}}
[2023-01-29T08:03:40.185+0000] {glue_crawler.py:178} INFO - Status: SUCCEEDED
[2023-01-29T08:03:40.185+0000] {glue_crawler.py:179} INFO - Last Runtime Duration (seconds): 59.489
[2023-01-29T08:03:40.186+0000] {glue_crawler.py:180} INFO - Median Runtime Duration (seconds): 55.1335
[2023-01-29T08:03:40.186+0000] {glue_crawler.py:181} INFO - Tables Created: 0
[2023-01-29T08:03:40.186+0000] {glue_crawler.py:182} INFO - Tables Updated: 0
[2023-01-29T08:03:40.186+0000] {glue_crawler.py:183} INFO - Tables Deleted: 0
[2023-01-29T08:03:40.201+0000] {taskinstance.py:1401} INFO - Marking task as SUCCESS. dag_id=spotify_dag, task_id=crawl_s3, execution_date=20230129T060000, start_date=20230129T080015, end_date=20230129T080340
[2023-01-29T08:03:40.232+0000] {local_task_job.py:164} INFO - Task exited with return code 0
[2023-01-29T08:03:40.252+0000] {local_task_job.py:273} INFO - 1 downstream tasks scheduled from follow-on schedule check
