[2023-02-03T14:02:20.855+0000] {taskinstance.py:1165} INFO - Dependencies all met for <TaskInstance: spotify_dag.glue_job scheduled__2023-02-03T12:00:00+00:00 [queued]>
[2023-02-03T14:02:20.862+0000] {taskinstance.py:1165} INFO - Dependencies all met for <TaskInstance: spotify_dag.glue_job scheduled__2023-02-03T12:00:00+00:00 [queued]>
[2023-02-03T14:02:20.862+0000] {taskinstance.py:1362} INFO - 
--------------------------------------------------------------------------------
[2023-02-03T14:02:20.862+0000] {taskinstance.py:1363} INFO - Starting attempt 1 of 2
[2023-02-03T14:02:20.862+0000] {taskinstance.py:1364} INFO - 
--------------------------------------------------------------------------------
[2023-02-03T14:02:20.876+0000] {taskinstance.py:1383} INFO - Executing <Task(PythonOperator): glue_job> on 2023-02-03 12:00:00+00:00
[2023-02-03T14:02:20.880+0000] {standard_task_runner.py:55} INFO - Started process 35664 to run task
[2023-02-03T14:02:20.884+0000] {standard_task_runner.py:82} INFO - Running: ['airflow', 'tasks', 'run', 'spotify_dag', 'glue_job', 'scheduled__2023-02-03T12:00:00+00:00', '--job-id', '641', '--raw', '--subdir', 'DAGS_FOLDER/airflow_dags.py', '--cfg-path', '/tmp/tmpz6hwfu_p']
[2023-02-03T14:02:20.886+0000] {standard_task_runner.py:83} INFO - Job 641: Subtask glue_job
[2023-02-03T14:02:20.927+0000] {task_command.py:376} INFO - Running <TaskInstance: spotify_dag.glue_job scheduled__2023-02-03T12:00:00+00:00 [running]> on host ip-172-31-26-59.ap-northeast-2.compute.internal
[2023-02-03T14:02:20.979+0000] {taskinstance.py:1590} INFO - Exporting the following env vars:
AIRFLOW_CTX_DAG_EMAIL=nywkim@example.com
AIRFLOW_CTX_DAG_OWNER=airflow
AIRFLOW_CTX_DAG_ID=spotify_dag
AIRFLOW_CTX_TASK_ID=glue_job
AIRFLOW_CTX_EXECUTION_DATE=2023-02-03T12:00:00+00:00
AIRFLOW_CTX_TRY_NUMBER=1
AIRFLOW_CTX_DAG_RUN_ID=scheduled__2023-02-03T12:00:00+00:00
[2023-02-03T14:02:20.994+0000] {credentials.py:1251} INFO - Found credentials in shared credentials file: ~/.aws/credentials
[2023-02-03T14:02:21.346+0000] {logging_mixin.py:120} INFO - {'JobRunId': 'jr_815d3834c5c8e65fceeede06f44f825d462688392f4f58b111af0d6783221708', 'ResponseMetadata': {'RequestId': 'a3af8cdd-7b24-493e-8826-1dab0dc39b38', 'HTTPStatusCode': 200, 'HTTPHeaders': {'date': 'Fri, 03 Feb 2023 14:02:21 GMT', 'content-type': 'application/x-amz-json-1.1', 'content-length': '82', 'connection': 'keep-alive', 'x-amzn-requestid': 'a3af8cdd-7b24-493e-8826-1dab0dc39b38'}, 'RetryAttempts': 0}}
[2023-02-03T14:02:21.348+0000] {python.py:177} INFO - Done. Returned value was: None
[2023-02-03T14:02:21.353+0000] {taskinstance.py:1401} INFO - Marking task as SUCCESS. dag_id=spotify_dag, task_id=glue_job, execution_date=20230203T120000, start_date=20230203T140220, end_date=20230203T140221
[2023-02-03T14:02:21.376+0000] {local_task_job.py:164} INFO - Task exited with return code 0
[2023-02-03T14:02:21.388+0000] {local_task_job.py:273} INFO - 0 downstream tasks scheduled from follow-on schedule check
