[2022-11-03T05:36:40.237+0000] {processor.py:154} INFO - Started process (PID=2156) to work on /home/ubuntu/.local/lib/python3.10/site-packages/airflow/example_dags/tutorial_taskflow_api_virtualenv.py
[2022-11-03T05:36:40.238+0000] {processor.py:756} INFO - Processing file /home/ubuntu/.local/lib/python3.10/site-packages/airflow/example_dags/tutorial_taskflow_api_virtualenv.py for tasks to queue
[2022-11-03T05:36:40.239+0000] {logging_mixin.py:120} INFO - [2022-11-03T05:36:40.239+0000] {dagbag.py:537} INFO - Filling up the DagBag from /home/ubuntu/.local/lib/python3.10/site-packages/airflow/example_dags/tutorial_taskflow_api_virtualenv.py
[2022-11-03T05:36:40.259+0000] {logging_mixin.py:120} INFO - [2022-11-03T05:36:40.259+0000] {tutorial_taskflow_api_virtualenv.py:29} WARNING - The tutorial_taskflow_api_virtualenv example DAG requires virtualenv, please install it.
[2022-11-03T05:36:40.259+0000] {processor.py:768} WARNING - No viable dags retrieved from /home/ubuntu/.local/lib/python3.10/site-packages/airflow/example_dags/tutorial_taskflow_api_virtualenv.py
[2022-11-03T05:36:40.269+0000] {processor.py:176} INFO - Processing /home/ubuntu/.local/lib/python3.10/site-packages/airflow/example_dags/tutorial_taskflow_api_virtualenv.py took 0.035 seconds
[2022-11-03T05:38:11.582+0000] {processor.py:154} INFO - Started process (PID=2170) to work on /home/ubuntu/.local/lib/python3.10/site-packages/airflow/example_dags/tutorial_taskflow_api_virtualenv.py
[2022-11-03T05:38:11.583+0000] {processor.py:756} INFO - Processing file /home/ubuntu/.local/lib/python3.10/site-packages/airflow/example_dags/tutorial_taskflow_api_virtualenv.py for tasks to queue
[2022-11-03T05:38:11.584+0000] {logging_mixin.py:120} INFO - [2022-11-03T05:38:11.584+0000] {dagbag.py:537} INFO - Filling up the DagBag from /home/ubuntu/.local/lib/python3.10/site-packages/airflow/example_dags/tutorial_taskflow_api_virtualenv.py
[2022-11-03T05:38:11.595+0000] {logging_mixin.py:120} INFO - [2022-11-03T05:38:11.595+0000] {tutorial_taskflow_api_virtualenv.py:29} WARNING - The tutorial_taskflow_api_virtualenv example DAG requires virtualenv, please install it.
[2022-11-03T05:38:11.595+0000] {processor.py:768} WARNING - No viable dags retrieved from /home/ubuntu/.local/lib/python3.10/site-packages/airflow/example_dags/tutorial_taskflow_api_virtualenv.py
[2022-11-03T05:38:11.603+0000] {processor.py:176} INFO - Processing /home/ubuntu/.local/lib/python3.10/site-packages/airflow/example_dags/tutorial_taskflow_api_virtualenv.py took 0.024 seconds
[2022-11-03T05:49:01.610+0000] {processor.py:154} INFO - Started process (PID=2205) to work on /home/ubuntu/.local/lib/python3.10/site-packages/airflow/example_dags/tutorial_taskflow_api_virtualenv.py
[2022-11-03T05:49:01.617+0000] {processor.py:756} INFO - Processing file /home/ubuntu/.local/lib/python3.10/site-packages/airflow/example_dags/tutorial_taskflow_api_virtualenv.py for tasks to queue
[2022-11-03T05:49:01.618+0000] {logging_mixin.py:120} INFO - [2022-11-03T05:49:01.618+0000] {dagbag.py:537} INFO - Filling up the DagBag from /home/ubuntu/.local/lib/python3.10/site-packages/airflow/example_dags/tutorial_taskflow_api_virtualenv.py
[2022-11-03T05:49:01.651+0000] {logging_mixin.py:120} INFO - [2022-11-03T05:49:01.651+0000] {tutorial_taskflow_api_virtualenv.py:29} WARNING - The tutorial_taskflow_api_virtualenv example DAG requires virtualenv, please install it.
[2022-11-03T05:49:01.652+0000] {processor.py:768} WARNING - No viable dags retrieved from /home/ubuntu/.local/lib/python3.10/site-packages/airflow/example_dags/tutorial_taskflow_api_virtualenv.py
[2022-11-03T05:49:01.670+0000] {processor.py:176} INFO - Processing /home/ubuntu/.local/lib/python3.10/site-packages/airflow/example_dags/tutorial_taskflow_api_virtualenv.py took 0.063 seconds
[2022-11-03T05:50:31.981+0000] {processor.py:154} INFO - Started process (PID=2220) to work on /home/ubuntu/.local/lib/python3.10/site-packages/airflow/example_dags/tutorial_taskflow_api_virtualenv.py
[2022-11-03T05:50:31.982+0000] {processor.py:756} INFO - Processing file /home/ubuntu/.local/lib/python3.10/site-packages/airflow/example_dags/tutorial_taskflow_api_virtualenv.py for tasks to queue
[2022-11-03T05:50:31.982+0000] {logging_mixin.py:120} INFO - [2022-11-03T05:50:31.982+0000] {dagbag.py:537} INFO - Filling up the DagBag from /home/ubuntu/.local/lib/python3.10/site-packages/airflow/example_dags/tutorial_taskflow_api_virtualenv.py
[2022-11-03T05:50:32.001+0000] {logging_mixin.py:120} INFO - [2022-11-03T05:50:32.000+0000] {tutorial_taskflow_api_virtualenv.py:29} WARNING - The tutorial_taskflow_api_virtualenv example DAG requires virtualenv, please install it.
[2022-11-03T05:50:32.001+0000] {processor.py:768} WARNING - No viable dags retrieved from /home/ubuntu/.local/lib/python3.10/site-packages/airflow/example_dags/tutorial_taskflow_api_virtualenv.py
[2022-11-03T05:50:32.010+0000] {processor.py:176} INFO - Processing /home/ubuntu/.local/lib/python3.10/site-packages/airflow/example_dags/tutorial_taskflow_api_virtualenv.py took 0.032 seconds
