[2022-12-23T12:42:13.994+0000] {taskinstance.py:1165} INFO - Dependencies all met for <TaskInstance: spotify_dag.spotify_etl manual__2022-12-23T12:39:39.468350+00:00 [queued]>
[2022-12-23T12:42:14.001+0000] {taskinstance.py:1165} INFO - Dependencies all met for <TaskInstance: spotify_dag.spotify_etl manual__2022-12-23T12:39:39.468350+00:00 [queued]>
[2022-12-23T12:42:14.001+0000] {taskinstance.py:1362} INFO - 
--------------------------------------------------------------------------------
[2022-12-23T12:42:14.001+0000] {taskinstance.py:1363} INFO - Starting attempt 1 of 2
[2022-12-23T12:42:14.001+0000] {taskinstance.py:1364} INFO - 
--------------------------------------------------------------------------------
[2022-12-23T12:42:14.013+0000] {taskinstance.py:1383} INFO - Executing <Task(PythonOperator): spotify_etl> on 2022-12-23 12:39:39.468350+00:00
[2022-12-23T12:42:14.016+0000] {standard_task_runner.py:55} INFO - Started process 89715 to run task
[2022-12-23T12:42:14.020+0000] {standard_task_runner.py:82} INFO - Running: ['airflow', 'tasks', 'run', 'spotify_dag', 'spotify_etl', 'manual__2022-12-23T12:39:39.468350+00:00', '--job-id', '141', '--raw', '--subdir', 'DAGS_FOLDER/airflow_dags.py', '--cfg-path', '/tmp/tmphe7ux98u']
[2022-12-23T12:42:14.022+0000] {standard_task_runner.py:83} INFO - Job 141: Subtask spotify_etl
[2022-12-23T12:42:14.060+0000] {task_command.py:376} INFO - Running <TaskInstance: spotify_dag.spotify_etl manual__2022-12-23T12:39:39.468350+00:00 [running]> on host ip-172-31-26-59.ap-northeast-2.compute.internal
[2022-12-23T12:42:14.104+0000] {taskinstance.py:1590} INFO - Exporting the following env vars:
AIRFLOW_CTX_DAG_EMAIL=nywkim@example.com
AIRFLOW_CTX_DAG_OWNER=airflow
AIRFLOW_CTX_DAG_ID=spotify_dag
AIRFLOW_CTX_TASK_ID=spotify_etl
AIRFLOW_CTX_EXECUTION_DATE=2022-12-23T12:39:39.468350+00:00
AIRFLOW_CTX_TRY_NUMBER=1
AIRFLOW_CTX_DAG_RUN_ID=manual__2022-12-23T12:39:39.468350+00:00
[2022-12-23T12:42:14.736+0000] {logging_mixin.py:120} INFO - see you next interval
[2022-12-23T12:42:14.736+0000] {python.py:177} INFO - Done. Returned value was: None
[2022-12-23T12:42:14.740+0000] {taskinstance.py:1401} INFO - Marking task as SUCCESS. dag_id=spotify_dag, task_id=spotify_etl, execution_date=20221223T123939, start_date=20221223T124213, end_date=20221223T124214
[2022-12-23T12:42:14.753+0000] {local_task_job.py:164} INFO - Task exited with return code 0
[2022-12-23T12:42:14.764+0000] {local_task_job.py:273} INFO - 0 downstream tasks scheduled from follow-on schedule check
