[2023-01-26T18:00:14.290+0000] {taskinstance.py:1165} INFO - Dependencies all met for <TaskInstance: spotify_dag.crawl_s3 scheduled__2023-01-26T16:00:00+00:00 [queued]>
[2023-01-26T18:00:14.297+0000] {taskinstance.py:1165} INFO - Dependencies all met for <TaskInstance: spotify_dag.crawl_s3 scheduled__2023-01-26T16:00:00+00:00 [queued]>
[2023-01-26T18:00:14.297+0000] {taskinstance.py:1362} INFO - 
--------------------------------------------------------------------------------
[2023-01-26T18:00:14.297+0000] {taskinstance.py:1363} INFO - Starting attempt 1 of 2
[2023-01-26T18:00:14.297+0000] {taskinstance.py:1364} INFO - 
--------------------------------------------------------------------------------
[2023-01-26T18:00:14.311+0000] {taskinstance.py:1383} INFO - Executing <Task(GlueCrawlerOperator): crawl_s3> on 2023-01-26 16:00:00+00:00
[2023-01-26T18:00:14.315+0000] {standard_task_runner.py:55} INFO - Started process 16630 to run task
[2023-01-26T18:00:14.318+0000] {standard_task_runner.py:82} INFO - Running: ['airflow', 'tasks', 'run', 'spotify_dag', 'crawl_s3', 'scheduled__2023-01-26T16:00:00+00:00', '--job-id', '391', '--raw', '--subdir', 'DAGS_FOLDER/airflow_dags.py', '--cfg-path', '/tmp/tmpgmntn4jo']
[2023-01-26T18:00:14.320+0000] {standard_task_runner.py:83} INFO - Job 391: Subtask crawl_s3
[2023-01-26T18:00:14.361+0000] {task_command.py:376} INFO - Running <TaskInstance: spotify_dag.crawl_s3 scheduled__2023-01-26T16:00:00+00:00 [running]> on host ip-172-31-26-59.ap-northeast-2.compute.internal
[2023-01-26T18:00:14.407+0000] {taskinstance.py:1590} INFO - Exporting the following env vars:
AIRFLOW_CTX_DAG_EMAIL=nywkim@example.com
AIRFLOW_CTX_DAG_OWNER=airflow
AIRFLOW_CTX_DAG_ID=spotify_dag
AIRFLOW_CTX_TASK_ID=crawl_s3
AIRFLOW_CTX_EXECUTION_DATE=2023-01-26T16:00:00+00:00
AIRFLOW_CTX_TRY_NUMBER=1
AIRFLOW_CTX_DAG_RUN_ID=scheduled__2023-01-26T16:00:00+00:00
[2023-01-26T18:00:14.408+0000] {glue_crawler.py:55} INFO - Checking if crawler already exists: spotify-crawl
[2023-01-26T18:00:14.412+0000] {base.py:71} INFO - Using connection ID 'aws_default' for task execution.
[2023-01-26T18:00:14.413+0000] {connection_wrapper.py:334} INFO - AWS Connection (conn_id='aws_default', conn_type='aws') credentials retrieved from login and password.
[2023-01-26T18:00:15.069+0000] {base.py:71} INFO - Using connection ID 'aws_default' for task execution.
[2023-01-26T18:00:15.069+0000] {connection_wrapper.py:334} INFO - AWS Connection (conn_id='aws_default', conn_type='aws') credentials retrieved from login and password.
[2023-01-26T18:00:15.375+0000] {glue_crawler.py:82} INFO - Triggering AWS Glue Crawler
[2023-01-26T18:00:15.375+0000] {glue_crawler.py:151} INFO - Starting crawler spotify-crawl
[2023-01-26T18:00:26.733+0000] {glue_crawler.py:85} INFO - Waiting for AWS Glue Crawler
[2023-01-26T18:00:26.786+0000] {glue_crawler.py:188} INFO - Polling for AWS Glue crawler: spotify-crawl 
[2023-01-26T18:00:26.786+0000] {glue_crawler.py:189} INFO - State: RUNNING
[2023-01-26T18:00:26.829+0000] {glue_crawler.py:199} INFO - Crawler should finish soon
[2023-01-26T18:00:31.897+0000] {glue_crawler.py:188} INFO - Polling for AWS Glue crawler: spotify-crawl 
[2023-01-26T18:00:31.897+0000] {glue_crawler.py:189} INFO - State: RUNNING
[2023-01-26T18:00:31.933+0000] {glue_crawler.py:199} INFO - Crawler should finish soon
[2023-01-26T18:00:36.965+0000] {glue_crawler.py:188} INFO - Polling for AWS Glue crawler: spotify-crawl 
[2023-01-26T18:00:36.965+0000] {glue_crawler.py:189} INFO - State: RUNNING
[2023-01-26T18:00:37.003+0000] {glue_crawler.py:199} INFO - Crawler should finish soon
[2023-01-26T18:00:42.060+0000] {glue_crawler.py:188} INFO - Polling for AWS Glue crawler: spotify-crawl 
[2023-01-26T18:00:42.060+0000] {glue_crawler.py:189} INFO - State: RUNNING
[2023-01-26T18:00:42.101+0000] {glue_crawler.py:199} INFO - Crawler should finish soon
[2023-01-26T18:00:47.163+0000] {glue_crawler.py:188} INFO - Polling for AWS Glue crawler: spotify-crawl 
[2023-01-26T18:00:47.163+0000] {glue_crawler.py:189} INFO - State: RUNNING
[2023-01-26T18:00:47.213+0000] {glue_crawler.py:199} INFO - Crawler should finish soon
[2023-01-26T18:00:52.270+0000] {glue_crawler.py:188} INFO - Polling for AWS Glue crawler: spotify-crawl 
[2023-01-26T18:00:52.270+0000] {glue_crawler.py:189} INFO - State: RUNNING
[2023-01-26T18:00:52.306+0000] {glue_crawler.py:199} INFO - Crawler should finish soon
[2023-01-26T18:00:57.367+0000] {glue_crawler.py:188} INFO - Polling for AWS Glue crawler: spotify-crawl 
[2023-01-26T18:00:57.368+0000] {glue_crawler.py:189} INFO - State: RUNNING
[2023-01-26T18:00:57.408+0000] {glue_crawler.py:199} INFO - Crawler should finish soon
[2023-01-26T18:01:02.454+0000] {glue_crawler.py:188} INFO - Polling for AWS Glue crawler: spotify-crawl 
[2023-01-26T18:01:02.454+0000] {glue_crawler.py:189} INFO - State: RUNNING
[2023-01-26T18:01:02.493+0000] {glue_crawler.py:199} INFO - Crawler should finish soon
[2023-01-26T18:01:07.553+0000] {glue_crawler.py:188} INFO - Polling for AWS Glue crawler: spotify-crawl 
[2023-01-26T18:01:07.553+0000] {glue_crawler.py:189} INFO - State: RUNNING
[2023-01-26T18:01:07.578+0000] {glue_crawler.py:199} INFO - Crawler should finish soon
[2023-01-26T18:01:12.636+0000] {glue_crawler.py:188} INFO - Polling for AWS Glue crawler: spotify-crawl 
[2023-01-26T18:01:12.636+0000] {glue_crawler.py:189} INFO - State: RUNNING
[2023-01-26T18:01:12.674+0000] {glue_crawler.py:199} INFO - Crawler should finish soon
[2023-01-26T18:01:17.712+0000] {glue_crawler.py:188} INFO - Polling for AWS Glue crawler: spotify-crawl 
[2023-01-26T18:01:17.712+0000] {glue_crawler.py:189} INFO - State: RUNNING
[2023-01-26T18:01:17.765+0000] {glue_crawler.py:199} INFO - Crawler should finish soon
[2023-01-26T18:01:22.811+0000] {glue_crawler.py:188} INFO - Polling for AWS Glue crawler: spotify-crawl 
[2023-01-26T18:01:22.812+0000] {glue_crawler.py:189} INFO - State: RUNNING
[2023-01-26T18:01:22.854+0000] {glue_crawler.py:197} INFO - Estimated Time Left (seconds): 15
[2023-01-26T18:01:27.899+0000] {glue_crawler.py:188} INFO - Polling for AWS Glue crawler: spotify-crawl 
[2023-01-26T18:01:27.899+0000] {glue_crawler.py:189} INFO - State: RUNNING
[2023-01-26T18:01:27.939+0000] {glue_crawler.py:197} INFO - Estimated Time Left (seconds): 15
[2023-01-26T18:01:32.996+0000] {glue_crawler.py:188} INFO - Polling for AWS Glue crawler: spotify-crawl 
[2023-01-26T18:01:32.996+0000] {glue_crawler.py:189} INFO - State: RUNNING
[2023-01-26T18:01:33.040+0000] {glue_crawler.py:197} INFO - Estimated Time Left (seconds): 15
[2023-01-26T18:01:38.091+0000] {glue_crawler.py:188} INFO - Polling for AWS Glue crawler: spotify-crawl 
[2023-01-26T18:01:38.091+0000] {glue_crawler.py:189} INFO - State: RUNNING
[2023-01-26T18:01:38.122+0000] {glue_crawler.py:197} INFO - Estimated Time Left (seconds): 15
[2023-01-26T18:01:43.181+0000] {glue_crawler.py:188} INFO - Polling for AWS Glue crawler: spotify-crawl 
[2023-01-26T18:01:43.182+0000] {glue_crawler.py:189} INFO - State: STOPPING
[2023-01-26T18:01:43.222+0000] {glue_crawler.py:197} INFO - Estimated Time Left (seconds): 15
[2023-01-26T18:01:48.263+0000] {glue_crawler.py:188} INFO - Polling for AWS Glue crawler: spotify-crawl 
[2023-01-26T18:01:48.263+0000] {glue_crawler.py:189} INFO - State: STOPPING
[2023-01-26T18:01:48.302+0000] {glue_crawler.py:197} INFO - Estimated Time Left (seconds): 15
[2023-01-26T18:01:53.350+0000] {glue_crawler.py:188} INFO - Polling for AWS Glue crawler: spotify-crawl 
[2023-01-26T18:01:53.351+0000] {glue_crawler.py:189} INFO - State: STOPPING
[2023-01-26T18:01:53.395+0000] {glue_crawler.py:197} INFO - Estimated Time Left (seconds): 15
[2023-01-26T18:01:58.435+0000] {glue_crawler.py:188} INFO - Polling for AWS Glue crawler: spotify-crawl 
[2023-01-26T18:01:58.435+0000] {glue_crawler.py:189} INFO - State: STOPPING
[2023-01-26T18:01:58.471+0000] {glue_crawler.py:197} INFO - Estimated Time Left (seconds): 15
[2023-01-26T18:02:03.540+0000] {glue_crawler.py:188} INFO - Polling for AWS Glue crawler: spotify-crawl 
[2023-01-26T18:02:03.541+0000] {glue_crawler.py:189} INFO - State: STOPPING
[2023-01-26T18:02:03.583+0000] {glue_crawler.py:197} INFO - Estimated Time Left (seconds): 15
[2023-01-26T18:02:08.620+0000] {glue_crawler.py:188} INFO - Polling for AWS Glue crawler: spotify-crawl 
[2023-01-26T18:02:08.620+0000] {glue_crawler.py:189} INFO - State: STOPPING
[2023-01-26T18:02:08.647+0000] {glue_crawler.py:197} INFO - Estimated Time Left (seconds): 15
[2023-01-26T18:02:13.701+0000] {glue_crawler.py:188} INFO - Polling for AWS Glue crawler: spotify-crawl 
[2023-01-26T18:02:13.701+0000] {glue_crawler.py:189} INFO - State: STOPPING
[2023-01-26T18:02:13.745+0000] {glue_crawler.py:197} INFO - Estimated Time Left (seconds): 15
[2023-01-26T18:02:18.809+0000] {glue_crawler.py:188} INFO - Polling for AWS Glue crawler: spotify-crawl 
[2023-01-26T18:02:18.810+0000] {glue_crawler.py:189} INFO - State: STOPPING
[2023-01-26T18:02:18.856+0000] {glue_crawler.py:197} INFO - Estimated Time Left (seconds): 15
[2023-01-26T18:02:23.894+0000] {glue_crawler.py:188} INFO - Polling for AWS Glue crawler: spotify-crawl 
[2023-01-26T18:02:23.894+0000] {glue_crawler.py:189} INFO - State: STOPPING
[2023-01-26T18:02:23.923+0000] {glue_crawler.py:197} INFO - Estimated Time Left (seconds): 15
[2023-01-26T18:02:28.962+0000] {glue_crawler.py:188} INFO - Polling for AWS Glue crawler: spotify-crawl 
[2023-01-26T18:02:28.962+0000] {glue_crawler.py:189} INFO - State: STOPPING
[2023-01-26T18:02:29.004+0000] {glue_crawler.py:197} INFO - Estimated Time Left (seconds): 15
[2023-01-26T18:02:34.059+0000] {glue_crawler.py:188} INFO - Polling for AWS Glue crawler: spotify-crawl 
[2023-01-26T18:02:34.060+0000] {glue_crawler.py:189} INFO - State: STOPPING
[2023-01-26T18:02:34.100+0000] {glue_crawler.py:197} INFO - Estimated Time Left (seconds): 15
[2023-01-26T18:02:39.150+0000] {glue_crawler.py:188} INFO - Polling for AWS Glue crawler: spotify-crawl 
[2023-01-26T18:02:39.151+0000] {glue_crawler.py:189} INFO - State: STOPPING
[2023-01-26T18:02:39.176+0000] {glue_crawler.py:197} INFO - Estimated Time Left (seconds): 15
[2023-01-26T18:02:44.220+0000] {glue_crawler.py:188} INFO - Polling for AWS Glue crawler: spotify-crawl 
[2023-01-26T18:02:44.220+0000] {glue_crawler.py:189} INFO - State: STOPPING
[2023-01-26T18:02:44.251+0000] {glue_crawler.py:197} INFO - Estimated Time Left (seconds): 15
[2023-01-26T18:02:49.297+0000] {glue_crawler.py:188} INFO - Polling for AWS Glue crawler: spotify-crawl 
[2023-01-26T18:02:49.297+0000] {glue_crawler.py:189} INFO - State: STOPPING
[2023-01-26T18:02:49.349+0000] {glue_crawler.py:197} INFO - Estimated Time Left (seconds): 15
[2023-01-26T18:02:54.384+0000] {glue_crawler.py:188} INFO - Polling for AWS Glue crawler: spotify-crawl 
[2023-01-26T18:02:54.384+0000] {glue_crawler.py:189} INFO - State: STOPPING
[2023-01-26T18:02:54.429+0000] {glue_crawler.py:197} INFO - Estimated Time Left (seconds): 15
[2023-01-26T18:02:59.511+0000] {glue_crawler.py:188} INFO - Polling for AWS Glue crawler: spotify-crawl 
[2023-01-26T18:02:59.512+0000] {glue_crawler.py:189} INFO - State: STOPPING
[2023-01-26T18:02:59.554+0000] {glue_crawler.py:197} INFO - Estimated Time Left (seconds): 15
[2023-01-26T18:03:04.612+0000] {glue_crawler.py:188} INFO - Polling for AWS Glue crawler: spotify-crawl 
[2023-01-26T18:03:04.612+0000] {glue_crawler.py:189} INFO - State: STOPPING
[2023-01-26T18:03:04.660+0000] {glue_crawler.py:197} INFO - Estimated Time Left (seconds): 15
[2023-01-26T18:03:09.710+0000] {glue_crawler.py:188} INFO - Polling for AWS Glue crawler: spotify-crawl 
[2023-01-26T18:03:09.710+0000] {glue_crawler.py:189} INFO - State: STOPPING
[2023-01-26T18:03:09.750+0000] {glue_crawler.py:197} INFO - Estimated Time Left (seconds): 15
[2023-01-26T18:03:14.803+0000] {glue_crawler.py:188} INFO - Polling for AWS Glue crawler: spotify-crawl 
[2023-01-26T18:03:14.803+0000] {glue_crawler.py:189} INFO - State: STOPPING
[2023-01-26T18:03:14.833+0000] {glue_crawler.py:197} INFO - Estimated Time Left (seconds): 15
[2023-01-26T18:03:19.878+0000] {glue_crawler.py:188} INFO - Polling for AWS Glue crawler: spotify-crawl 
[2023-01-26T18:03:19.878+0000] {glue_crawler.py:189} INFO - State: STOPPING
[2023-01-26T18:03:19.905+0000] {glue_crawler.py:197} INFO - Estimated Time Left (seconds): 15
[2023-01-26T18:03:24.945+0000] {glue_crawler.py:188} INFO - Polling for AWS Glue crawler: spotify-crawl 
[2023-01-26T18:03:24.946+0000] {glue_crawler.py:189} INFO - State: STOPPING
[2023-01-26T18:03:24.974+0000] {glue_crawler.py:197} INFO - Estimated Time Left (seconds): 15
[2023-01-26T18:03:30.026+0000] {glue_crawler.py:170} INFO - State: READY
[2023-01-26T18:03:30.026+0000] {glue_crawler.py:171} INFO - crawler_config: {'Name': 'spotify-crawl', 'Role': 'service-role/AWSGlueServiceRole-crawlerclass', 'Targets': {'S3Targets': [{'Path': 's3://airflow-nk/logs', 'Exclusions': []}], 'JdbcTargets': [], 'MongoDBTargets': [], 'DynamoDBTargets': [], 'CatalogTargets': [], 'DeltaTargets': []}, 'DatabaseName': 'spotify', 'Classifiers': [], 'RecrawlPolicy': {'RecrawlBehavior': 'CRAWL_EVERYTHING'}, 'SchemaChangePolicy': {'UpdateBehavior': 'LOG', 'DeleteBehavior': 'LOG'}, 'LineageConfiguration': {'CrawlerLineageSettings': 'DISABLE'}, 'State': 'READY', 'CrawlElapsedTime': 0, 'CreationTime': datetime.datetime(2022, 10, 4, 6, 4, 16, tzinfo=tzlocal()), 'LastUpdated': datetime.datetime(2023, 1, 25, 11, 32, 11, tzinfo=tzlocal()), 'LastCrawl': {'Status': 'SUCCEEDED', 'LogGroup': '/aws-glue/crawlers', 'LogStream': 'spotify-crawl', 'MessagePrefix': '5dd1450a-344c-4d4a-82ed-e50dd9a1c980', 'StartTime': datetime.datetime(2023, 1, 26, 18, 0, 15, tzinfo=tzlocal())}, 'Version': 18, 'LakeFormationConfiguration': {'UseLakeFormationCredentials': False, 'AccountId': ''}}
[2023-01-26T18:03:30.084+0000] {glue_crawler.py:178} INFO - Status: SUCCEEDED
[2023-01-26T18:03:30.084+0000] {glue_crawler.py:179} INFO - Last Runtime Duration (seconds): 86.449
[2023-01-26T18:03:30.085+0000] {glue_crawler.py:180} INFO - Median Runtime Duration (seconds): 51.165
[2023-01-26T18:03:30.085+0000] {glue_crawler.py:181} INFO - Tables Created: 0
[2023-01-26T18:03:30.085+0000] {glue_crawler.py:182} INFO - Tables Updated: 0
[2023-01-26T18:03:30.085+0000] {glue_crawler.py:183} INFO - Tables Deleted: 0
[2023-01-26T18:03:30.099+0000] {taskinstance.py:1401} INFO - Marking task as SUCCESS. dag_id=spotify_dag, task_id=crawl_s3, execution_date=20230126T160000, start_date=20230126T180014, end_date=20230126T180330
[2023-01-26T18:03:30.141+0000] {local_task_job.py:164} INFO - Task exited with return code 0
[2023-01-26T18:03:30.163+0000] {local_task_job.py:273} INFO - 1 downstream tasks scheduled from follow-on schedule check
