[2023-01-25T14:00:15.870+0000] {taskinstance.py:1165} INFO - Dependencies all met for <TaskInstance: spotify_dag.crawl_s3 scheduled__2023-01-25T12:00:00+00:00 [queued]>
[2023-01-25T14:00:15.876+0000] {taskinstance.py:1165} INFO - Dependencies all met for <TaskInstance: spotify_dag.crawl_s3 scheduled__2023-01-25T12:00:00+00:00 [queued]>
[2023-01-25T14:00:15.877+0000] {taskinstance.py:1362} INFO - 
--------------------------------------------------------------------------------
[2023-01-25T14:00:15.877+0000] {taskinstance.py:1363} INFO - Starting attempt 1 of 2
[2023-01-25T14:00:15.877+0000] {taskinstance.py:1364} INFO - 
--------------------------------------------------------------------------------
[2023-01-25T14:00:15.888+0000] {taskinstance.py:1383} INFO - Executing <Task(GlueCrawlerOperator): crawl_s3> on 2023-01-25 12:00:00+00:00
[2023-01-25T14:00:15.892+0000] {standard_task_runner.py:55} INFO - Started process 35188 to run task
[2023-01-25T14:00:15.895+0000] {standard_task_runner.py:82} INFO - Running: ['airflow', 'tasks', 'run', 'spotify_dag', 'crawl_s3', 'scheduled__2023-01-25T12:00:00+00:00', '--job-id', '361', '--raw', '--subdir', 'DAGS_FOLDER/airflow_dags.py', '--cfg-path', '/tmp/tmpurt02igk']
[2023-01-25T14:00:15.897+0000] {standard_task_runner.py:83} INFO - Job 361: Subtask crawl_s3
[2023-01-25T14:00:15.937+0000] {task_command.py:376} INFO - Running <TaskInstance: spotify_dag.crawl_s3 scheduled__2023-01-25T12:00:00+00:00 [running]> on host ip-172-31-26-59.ap-northeast-2.compute.internal
[2023-01-25T14:00:15.981+0000] {taskinstance.py:1590} INFO - Exporting the following env vars:
AIRFLOW_CTX_DAG_EMAIL=nywkim@example.com
AIRFLOW_CTX_DAG_OWNER=airflow
AIRFLOW_CTX_DAG_ID=spotify_dag
AIRFLOW_CTX_TASK_ID=crawl_s3
AIRFLOW_CTX_EXECUTION_DATE=2023-01-25T12:00:00+00:00
AIRFLOW_CTX_TRY_NUMBER=1
AIRFLOW_CTX_DAG_RUN_ID=scheduled__2023-01-25T12:00:00+00:00
[2023-01-25T14:00:15.982+0000] {glue_crawler.py:55} INFO - Checking if crawler already exists: spotify-crawl
[2023-01-25T14:00:15.985+0000] {base.py:71} INFO - Using connection ID 'aws_default' for task execution.
[2023-01-25T14:00:15.986+0000] {connection_wrapper.py:334} INFO - AWS Connection (conn_id='aws_default', conn_type='aws') credentials retrieved from login and password.
[2023-01-25T14:00:16.651+0000] {base.py:71} INFO - Using connection ID 'aws_default' for task execution.
[2023-01-25T14:00:16.652+0000] {connection_wrapper.py:334} INFO - AWS Connection (conn_id='aws_default', conn_type='aws') credentials retrieved from login and password.
[2023-01-25T14:00:16.957+0000] {glue_crawler.py:82} INFO - Triggering AWS Glue Crawler
[2023-01-25T14:00:16.957+0000] {glue_crawler.py:151} INFO - Starting crawler spotify-crawl
[2023-01-25T14:00:20.229+0000] {glue_crawler.py:85} INFO - Waiting for AWS Glue Crawler
[2023-01-25T14:00:20.288+0000] {glue_crawler.py:188} INFO - Polling for AWS Glue crawler: spotify-crawl 
[2023-01-25T14:00:20.289+0000] {glue_crawler.py:189} INFO - State: RUNNING
[2023-01-25T14:00:20.330+0000] {glue_crawler.py:199} INFO - Crawler should finish soon
[2023-01-25T14:00:25.392+0000] {glue_crawler.py:188} INFO - Polling for AWS Glue crawler: spotify-crawl 
[2023-01-25T14:00:25.392+0000] {glue_crawler.py:189} INFO - State: RUNNING
[2023-01-25T14:00:25.433+0000] {glue_crawler.py:199} INFO - Crawler should finish soon
[2023-01-25T14:00:30.489+0000] {glue_crawler.py:188} INFO - Polling for AWS Glue crawler: spotify-crawl 
[2023-01-25T14:00:30.489+0000] {glue_crawler.py:189} INFO - State: RUNNING
[2023-01-25T14:00:30.518+0000] {glue_crawler.py:199} INFO - Crawler should finish soon
[2023-01-25T14:00:35.555+0000] {glue_crawler.py:188} INFO - Polling for AWS Glue crawler: spotify-crawl 
[2023-01-25T14:00:35.555+0000] {glue_crawler.py:189} INFO - State: RUNNING
[2023-01-25T14:00:35.598+0000] {glue_crawler.py:199} INFO - Crawler should finish soon
[2023-01-25T14:00:40.656+0000] {glue_crawler.py:188} INFO - Polling for AWS Glue crawler: spotify-crawl 
[2023-01-25T14:00:40.656+0000] {glue_crawler.py:189} INFO - State: RUNNING
[2023-01-25T14:00:40.702+0000] {glue_crawler.py:199} INFO - Crawler should finish soon
[2023-01-25T14:00:45.763+0000] {glue_crawler.py:188} INFO - Polling for AWS Glue crawler: spotify-crawl 
[2023-01-25T14:00:45.763+0000] {glue_crawler.py:189} INFO - State: RUNNING
[2023-01-25T14:00:45.788+0000] {glue_crawler.py:199} INFO - Crawler should finish soon
[2023-01-25T14:00:50.832+0000] {glue_crawler.py:188} INFO - Polling for AWS Glue crawler: spotify-crawl 
[2023-01-25T14:00:50.832+0000] {glue_crawler.py:189} INFO - State: RUNNING
[2023-01-25T14:00:50.855+0000] {glue_crawler.py:199} INFO - Crawler should finish soon
[2023-01-25T14:00:55.902+0000] {glue_crawler.py:188} INFO - Polling for AWS Glue crawler: spotify-crawl 
[2023-01-25T14:00:55.902+0000] {glue_crawler.py:189} INFO - State: RUNNING
[2023-01-25T14:00:55.950+0000] {glue_crawler.py:199} INFO - Crawler should finish soon
[2023-01-25T14:01:01.011+0000] {glue_crawler.py:188} INFO - Polling for AWS Glue crawler: spotify-crawl 
[2023-01-25T14:01:01.011+0000] {glue_crawler.py:189} INFO - State: RUNNING
[2023-01-25T14:01:01.041+0000] {glue_crawler.py:199} INFO - Crawler should finish soon
[2023-01-25T14:01:06.109+0000] {glue_crawler.py:188} INFO - Polling for AWS Glue crawler: spotify-crawl 
[2023-01-25T14:01:06.109+0000] {glue_crawler.py:189} INFO - State: RUNNING
[2023-01-25T14:01:06.167+0000] {glue_crawler.py:197} INFO - Estimated Time Left (seconds): 15
[2023-01-25T14:01:11.213+0000] {glue_crawler.py:188} INFO - Polling for AWS Glue crawler: spotify-crawl 
[2023-01-25T14:01:11.213+0000] {glue_crawler.py:189} INFO - State: STOPPING
[2023-01-25T14:01:11.256+0000] {glue_crawler.py:197} INFO - Estimated Time Left (seconds): 15
[2023-01-25T14:01:16.336+0000] {glue_crawler.py:188} INFO - Polling for AWS Glue crawler: spotify-crawl 
[2023-01-25T14:01:16.336+0000] {glue_crawler.py:189} INFO - State: STOPPING
[2023-01-25T14:01:16.377+0000] {glue_crawler.py:197} INFO - Estimated Time Left (seconds): 15
[2023-01-25T14:01:21.425+0000] {glue_crawler.py:188} INFO - Polling for AWS Glue crawler: spotify-crawl 
[2023-01-25T14:01:21.426+0000] {glue_crawler.py:189} INFO - State: STOPPING
[2023-01-25T14:01:21.472+0000] {glue_crawler.py:197} INFO - Estimated Time Left (seconds): 15
[2023-01-25T14:01:26.529+0000] {glue_crawler.py:188} INFO - Polling for AWS Glue crawler: spotify-crawl 
[2023-01-25T14:01:26.529+0000] {glue_crawler.py:189} INFO - State: STOPPING
[2023-01-25T14:01:26.576+0000] {glue_crawler.py:197} INFO - Estimated Time Left (seconds): 15
[2023-01-25T14:01:31.632+0000] {glue_crawler.py:188} INFO - Polling for AWS Glue crawler: spotify-crawl 
[2023-01-25T14:01:31.632+0000] {glue_crawler.py:189} INFO - State: STOPPING
[2023-01-25T14:01:31.673+0000] {glue_crawler.py:197} INFO - Estimated Time Left (seconds): 15
[2023-01-25T14:01:36.731+0000] {glue_crawler.py:188} INFO - Polling for AWS Glue crawler: spotify-crawl 
[2023-01-25T14:01:36.731+0000] {glue_crawler.py:189} INFO - State: STOPPING
[2023-01-25T14:01:36.769+0000] {glue_crawler.py:197} INFO - Estimated Time Left (seconds): 15
[2023-01-25T14:01:41.825+0000] {glue_crawler.py:188} INFO - Polling for AWS Glue crawler: spotify-crawl 
[2023-01-25T14:01:41.825+0000] {glue_crawler.py:189} INFO - State: STOPPING
[2023-01-25T14:01:41.865+0000] {glue_crawler.py:197} INFO - Estimated Time Left (seconds): 15
[2023-01-25T14:01:46.901+0000] {glue_crawler.py:188} INFO - Polling for AWS Glue crawler: spotify-crawl 
[2023-01-25T14:01:46.901+0000] {glue_crawler.py:189} INFO - State: STOPPING
[2023-01-25T14:01:46.938+0000] {glue_crawler.py:197} INFO - Estimated Time Left (seconds): 15
[2023-01-25T14:01:51.983+0000] {glue_crawler.py:188} INFO - Polling for AWS Glue crawler: spotify-crawl 
[2023-01-25T14:01:51.984+0000] {glue_crawler.py:189} INFO - State: STOPPING
[2023-01-25T14:01:52.027+0000] {glue_crawler.py:197} INFO - Estimated Time Left (seconds): 15
[2023-01-25T14:01:57.078+0000] {glue_crawler.py:188} INFO - Polling for AWS Glue crawler: spotify-crawl 
[2023-01-25T14:01:57.078+0000] {glue_crawler.py:189} INFO - State: STOPPING
[2023-01-25T14:01:57.105+0000] {glue_crawler.py:197} INFO - Estimated Time Left (seconds): 15
[2023-01-25T14:02:02.155+0000] {glue_crawler.py:188} INFO - Polling for AWS Glue crawler: spotify-crawl 
[2023-01-25T14:02:02.155+0000] {glue_crawler.py:189} INFO - State: STOPPING
[2023-01-25T14:02:02.195+0000] {glue_crawler.py:197} INFO - Estimated Time Left (seconds): 15
[2023-01-25T14:02:07.238+0000] {glue_crawler.py:188} INFO - Polling for AWS Glue crawler: spotify-crawl 
[2023-01-25T14:02:07.238+0000] {glue_crawler.py:189} INFO - State: STOPPING
[2023-01-25T14:02:07.275+0000] {glue_crawler.py:197} INFO - Estimated Time Left (seconds): 15
[2023-01-25T14:02:12.315+0000] {glue_crawler.py:188} INFO - Polling for AWS Glue crawler: spotify-crawl 
[2023-01-25T14:02:12.316+0000] {glue_crawler.py:189} INFO - State: STOPPING
[2023-01-25T14:02:12.344+0000] {glue_crawler.py:197} INFO - Estimated Time Left (seconds): 15
[2023-01-25T14:02:17.390+0000] {glue_crawler.py:188} INFO - Polling for AWS Glue crawler: spotify-crawl 
[2023-01-25T14:02:17.390+0000] {glue_crawler.py:189} INFO - State: STOPPING
[2023-01-25T14:02:17.426+0000] {glue_crawler.py:197} INFO - Estimated Time Left (seconds): 15
[2023-01-25T14:02:22.468+0000] {glue_crawler.py:188} INFO - Polling for AWS Glue crawler: spotify-crawl 
[2023-01-25T14:02:22.469+0000] {glue_crawler.py:189} INFO - State: STOPPING
[2023-01-25T14:02:22.496+0000] {glue_crawler.py:197} INFO - Estimated Time Left (seconds): 15
[2023-01-25T14:02:27.535+0000] {glue_crawler.py:188} INFO - Polling for AWS Glue crawler: spotify-crawl 
[2023-01-25T14:02:27.535+0000] {glue_crawler.py:189} INFO - State: STOPPING
[2023-01-25T14:02:27.560+0000] {glue_crawler.py:197} INFO - Estimated Time Left (seconds): 15
[2023-01-25T14:02:32.620+0000] {glue_crawler.py:188} INFO - Polling for AWS Glue crawler: spotify-crawl 
[2023-01-25T14:02:32.620+0000] {glue_crawler.py:189} INFO - State: STOPPING
[2023-01-25T14:02:32.655+0000] {glue_crawler.py:197} INFO - Estimated Time Left (seconds): 15
[2023-01-25T14:02:37.702+0000] {glue_crawler.py:188} INFO - Polling for AWS Glue crawler: spotify-crawl 
[2023-01-25T14:02:37.703+0000] {glue_crawler.py:189} INFO - State: STOPPING
[2023-01-25T14:02:37.738+0000] {glue_crawler.py:197} INFO - Estimated Time Left (seconds): 15
[2023-01-25T14:02:42.783+0000] {glue_crawler.py:188} INFO - Polling for AWS Glue crawler: spotify-crawl 
[2023-01-25T14:02:42.783+0000] {glue_crawler.py:189} INFO - State: STOPPING
[2023-01-25T14:02:42.824+0000] {glue_crawler.py:197} INFO - Estimated Time Left (seconds): 15
[2023-01-25T14:02:47.855+0000] {glue_crawler.py:188} INFO - Polling for AWS Glue crawler: spotify-crawl 
[2023-01-25T14:02:47.856+0000] {glue_crawler.py:189} INFO - State: STOPPING
[2023-01-25T14:02:47.884+0000] {glue_crawler.py:197} INFO - Estimated Time Left (seconds): 15
[2023-01-25T14:02:52.940+0000] {glue_crawler.py:188} INFO - Polling for AWS Glue crawler: spotify-crawl 
[2023-01-25T14:02:52.940+0000] {glue_crawler.py:189} INFO - State: STOPPING
[2023-01-25T14:02:52.980+0000] {glue_crawler.py:197} INFO - Estimated Time Left (seconds): 15
[2023-01-25T14:02:58.030+0000] {glue_crawler.py:170} INFO - State: READY
[2023-01-25T14:02:58.030+0000] {glue_crawler.py:171} INFO - crawler_config: {'Name': 'spotify-crawl', 'Role': 'service-role/AWSGlueServiceRole-crawlerclass', 'Targets': {'S3Targets': [{'Path': 's3://airflow-nk/logs', 'Exclusions': []}], 'JdbcTargets': [], 'MongoDBTargets': [], 'DynamoDBTargets': [], 'CatalogTargets': [], 'DeltaTargets': []}, 'DatabaseName': 'spotify', 'Classifiers': [], 'RecrawlPolicy': {'RecrawlBehavior': 'CRAWL_EVERYTHING'}, 'SchemaChangePolicy': {'UpdateBehavior': 'LOG', 'DeleteBehavior': 'LOG'}, 'LineageConfiguration': {'CrawlerLineageSettings': 'DISABLE'}, 'State': 'READY', 'CrawlElapsedTime': 0, 'CreationTime': datetime.datetime(2022, 10, 4, 6, 4, 16, tzinfo=tzlocal()), 'LastUpdated': datetime.datetime(2023, 1, 25, 11, 32, 11, tzinfo=tzlocal()), 'LastCrawl': {'Status': 'SUCCEEDED', 'LogGroup': '/aws-glue/crawlers', 'LogStream': 'spotify-crawl', 'MessagePrefix': '126b7c38-0864-4cb8-a6ae-8be9e97c72da', 'StartTime': datetime.datetime(2023, 1, 25, 14, 0, 17, tzinfo=tzlocal())}, 'Version': 18, 'LakeFormationConfiguration': {'UseLakeFormationCredentials': False, 'AccountId': ''}}
[2023-01-25T14:02:58.069+0000] {glue_crawler.py:178} INFO - Status: SUCCEEDED
[2023-01-25T14:02:58.070+0000] {glue_crawler.py:179} INFO - Last Runtime Duration (seconds): 52.554
[2023-01-25T14:02:58.070+0000] {glue_crawler.py:180} INFO - Median Runtime Duration (seconds): 51.164
[2023-01-25T14:02:58.070+0000] {glue_crawler.py:181} INFO - Tables Created: 0
[2023-01-25T14:02:58.070+0000] {glue_crawler.py:182} INFO - Tables Updated: 0
[2023-01-25T14:02:58.071+0000] {glue_crawler.py:183} INFO - Tables Deleted: 0
[2023-01-25T14:02:58.090+0000] {taskinstance.py:1401} INFO - Marking task as SUCCESS. dag_id=spotify_dag, task_id=crawl_s3, execution_date=20230125T120000, start_date=20230125T140015, end_date=20230125T140258
[2023-01-25T14:02:58.148+0000] {local_task_job.py:164} INFO - Task exited with return code 0
[2023-01-25T14:02:58.168+0000] {local_task_job.py:273} INFO - 1 downstream tasks scheduled from follow-on schedule check
