[2023-01-26T16:00:13.125+0000] {taskinstance.py:1165} INFO - Dependencies all met for <TaskInstance: spotify_dag.crawl_s3 scheduled__2023-01-26T14:00:00+00:00 [queued]>
[2023-01-26T16:00:13.131+0000] {taskinstance.py:1165} INFO - Dependencies all met for <TaskInstance: spotify_dag.crawl_s3 scheduled__2023-01-26T14:00:00+00:00 [queued]>
[2023-01-26T16:00:13.131+0000] {taskinstance.py:1362} INFO - 
--------------------------------------------------------------------------------
[2023-01-26T16:00:13.131+0000] {taskinstance.py:1363} INFO - Starting attempt 1 of 2
[2023-01-26T16:00:13.131+0000] {taskinstance.py:1364} INFO - 
--------------------------------------------------------------------------------
[2023-01-26T16:00:13.144+0000] {taskinstance.py:1383} INFO - Executing <Task(GlueCrawlerOperator): crawl_s3> on 2023-01-26 14:00:00+00:00
[2023-01-26T16:00:13.147+0000] {standard_task_runner.py:55} INFO - Started process 9510 to run task
[2023-01-26T16:00:13.150+0000] {standard_task_runner.py:82} INFO - Running: ['airflow', 'tasks', 'run', 'spotify_dag', 'crawl_s3', 'scheduled__2023-01-26T14:00:00+00:00', '--job-id', '388', '--raw', '--subdir', 'DAGS_FOLDER/airflow_dags.py', '--cfg-path', '/tmp/tmpd33qym6k']
[2023-01-26T16:00:13.152+0000] {standard_task_runner.py:83} INFO - Job 388: Subtask crawl_s3
[2023-01-26T16:00:13.190+0000] {task_command.py:376} INFO - Running <TaskInstance: spotify_dag.crawl_s3 scheduled__2023-01-26T14:00:00+00:00 [running]> on host ip-172-31-26-59.ap-northeast-2.compute.internal
[2023-01-26T16:00:13.236+0000] {taskinstance.py:1590} INFO - Exporting the following env vars:
AIRFLOW_CTX_DAG_EMAIL=nywkim@example.com
AIRFLOW_CTX_DAG_OWNER=airflow
AIRFLOW_CTX_DAG_ID=spotify_dag
AIRFLOW_CTX_TASK_ID=crawl_s3
AIRFLOW_CTX_EXECUTION_DATE=2023-01-26T14:00:00+00:00
AIRFLOW_CTX_TRY_NUMBER=1
AIRFLOW_CTX_DAG_RUN_ID=scheduled__2023-01-26T14:00:00+00:00
[2023-01-26T16:00:13.237+0000] {glue_crawler.py:55} INFO - Checking if crawler already exists: spotify-crawl
[2023-01-26T16:00:13.241+0000] {base.py:71} INFO - Using connection ID 'aws_default' for task execution.
[2023-01-26T16:00:13.241+0000] {connection_wrapper.py:334} INFO - AWS Connection (conn_id='aws_default', conn_type='aws') credentials retrieved from login and password.
[2023-01-26T16:00:13.903+0000] {base.py:71} INFO - Using connection ID 'aws_default' for task execution.
[2023-01-26T16:00:13.904+0000] {connection_wrapper.py:334} INFO - AWS Connection (conn_id='aws_default', conn_type='aws') credentials retrieved from login and password.
[2023-01-26T16:00:14.222+0000] {glue_crawler.py:82} INFO - Triggering AWS Glue Crawler
[2023-01-26T16:00:14.223+0000] {glue_crawler.py:151} INFO - Starting crawler spotify-crawl
[2023-01-26T16:00:15.491+0000] {glue_crawler.py:85} INFO - Waiting for AWS Glue Crawler
[2023-01-26T16:00:15.553+0000] {glue_crawler.py:188} INFO - Polling for AWS Glue crawler: spotify-crawl 
[2023-01-26T16:00:15.553+0000] {glue_crawler.py:189} INFO - State: RUNNING
[2023-01-26T16:00:15.592+0000] {glue_crawler.py:199} INFO - Crawler should finish soon
[2023-01-26T16:00:20.631+0000] {glue_crawler.py:188} INFO - Polling for AWS Glue crawler: spotify-crawl 
[2023-01-26T16:00:20.631+0000] {glue_crawler.py:189} INFO - State: RUNNING
[2023-01-26T16:00:20.670+0000] {glue_crawler.py:199} INFO - Crawler should finish soon
[2023-01-26T16:00:25.739+0000] {glue_crawler.py:188} INFO - Polling for AWS Glue crawler: spotify-crawl 
[2023-01-26T16:00:25.739+0000] {glue_crawler.py:189} INFO - State: RUNNING
[2023-01-26T16:00:25.783+0000] {glue_crawler.py:199} INFO - Crawler should finish soon
[2023-01-26T16:00:30.846+0000] {glue_crawler.py:188} INFO - Polling for AWS Glue crawler: spotify-crawl 
[2023-01-26T16:00:30.846+0000] {glue_crawler.py:189} INFO - State: RUNNING
[2023-01-26T16:00:30.877+0000] {glue_crawler.py:199} INFO - Crawler should finish soon
[2023-01-26T16:00:35.935+0000] {glue_crawler.py:188} INFO - Polling for AWS Glue crawler: spotify-crawl 
[2023-01-26T16:00:35.936+0000] {glue_crawler.py:189} INFO - State: RUNNING
[2023-01-26T16:00:35.979+0000] {glue_crawler.py:199} INFO - Crawler should finish soon
[2023-01-26T16:00:41.020+0000] {glue_crawler.py:188} INFO - Polling for AWS Glue crawler: spotify-crawl 
[2023-01-26T16:00:41.020+0000] {glue_crawler.py:189} INFO - State: RUNNING
[2023-01-26T16:00:41.059+0000] {glue_crawler.py:199} INFO - Crawler should finish soon
[2023-01-26T16:00:46.152+0000] {glue_crawler.py:188} INFO - Polling for AWS Glue crawler: spotify-crawl 
[2023-01-26T16:00:46.152+0000] {glue_crawler.py:189} INFO - State: RUNNING
[2023-01-26T16:00:46.191+0000] {glue_crawler.py:199} INFO - Crawler should finish soon
[2023-01-26T16:00:51.258+0000] {glue_crawler.py:188} INFO - Polling for AWS Glue crawler: spotify-crawl 
[2023-01-26T16:00:51.259+0000] {glue_crawler.py:189} INFO - State: RUNNING
[2023-01-26T16:00:51.299+0000] {glue_crawler.py:199} INFO - Crawler should finish soon
[2023-01-26T16:00:56.355+0000] {glue_crawler.py:188} INFO - Polling for AWS Glue crawler: spotify-crawl 
[2023-01-26T16:00:56.355+0000] {glue_crawler.py:189} INFO - State: RUNNING
[2023-01-26T16:00:56.377+0000] {glue_crawler.py:199} INFO - Crawler should finish soon
[2023-01-26T16:01:01.444+0000] {glue_crawler.py:188} INFO - Polling for AWS Glue crawler: spotify-crawl 
[2023-01-26T16:01:01.445+0000] {glue_crawler.py:189} INFO - State: RUNNING
[2023-01-26T16:01:01.491+0000] {glue_crawler.py:197} INFO - Estimated Time Left (seconds): 15
[2023-01-26T16:01:06.557+0000] {glue_crawler.py:188} INFO - Polling for AWS Glue crawler: spotify-crawl 
[2023-01-26T16:01:06.557+0000] {glue_crawler.py:189} INFO - State: STOPPING
[2023-01-26T16:01:06.605+0000] {glue_crawler.py:197} INFO - Estimated Time Left (seconds): 15
[2023-01-26T16:01:11.662+0000] {glue_crawler.py:188} INFO - Polling for AWS Glue crawler: spotify-crawl 
[2023-01-26T16:01:11.662+0000] {glue_crawler.py:189} INFO - State: STOPPING
[2023-01-26T16:01:11.704+0000] {glue_crawler.py:197} INFO - Estimated Time Left (seconds): 15
[2023-01-26T16:01:16.757+0000] {glue_crawler.py:188} INFO - Polling for AWS Glue crawler: spotify-crawl 
[2023-01-26T16:01:16.757+0000] {glue_crawler.py:189} INFO - State: STOPPING
[2023-01-26T16:01:16.786+0000] {glue_crawler.py:197} INFO - Estimated Time Left (seconds): 15
[2023-01-26T16:01:21.840+0000] {glue_crawler.py:188} INFO - Polling for AWS Glue crawler: spotify-crawl 
[2023-01-26T16:01:21.840+0000] {glue_crawler.py:189} INFO - State: STOPPING
[2023-01-26T16:01:21.870+0000] {glue_crawler.py:197} INFO - Estimated Time Left (seconds): 15
[2023-01-26T16:01:26.908+0000] {glue_crawler.py:188} INFO - Polling for AWS Glue crawler: spotify-crawl 
[2023-01-26T16:01:26.908+0000] {glue_crawler.py:189} INFO - State: STOPPING
[2023-01-26T16:01:26.943+0000] {glue_crawler.py:197} INFO - Estimated Time Left (seconds): 15
[2023-01-26T16:01:32.004+0000] {glue_crawler.py:188} INFO - Polling for AWS Glue crawler: spotify-crawl 
[2023-01-26T16:01:32.004+0000] {glue_crawler.py:189} INFO - State: STOPPING
[2023-01-26T16:01:32.039+0000] {glue_crawler.py:197} INFO - Estimated Time Left (seconds): 15
[2023-01-26T16:01:37.084+0000] {glue_crawler.py:188} INFO - Polling for AWS Glue crawler: spotify-crawl 
[2023-01-26T16:01:37.084+0000] {glue_crawler.py:189} INFO - State: STOPPING
[2023-01-26T16:01:37.131+0000] {glue_crawler.py:197} INFO - Estimated Time Left (seconds): 15
[2023-01-26T16:01:42.165+0000] {glue_crawler.py:188} INFO - Polling for AWS Glue crawler: spotify-crawl 
[2023-01-26T16:01:42.166+0000] {glue_crawler.py:189} INFO - State: STOPPING
[2023-01-26T16:01:42.194+0000] {glue_crawler.py:197} INFO - Estimated Time Left (seconds): 15
[2023-01-26T16:01:47.254+0000] {glue_crawler.py:188} INFO - Polling for AWS Glue crawler: spotify-crawl 
[2023-01-26T16:01:47.254+0000] {glue_crawler.py:189} INFO - State: STOPPING
[2023-01-26T16:01:47.292+0000] {glue_crawler.py:197} INFO - Estimated Time Left (seconds): 15
[2023-01-26T16:01:52.331+0000] {glue_crawler.py:188} INFO - Polling for AWS Glue crawler: spotify-crawl 
[2023-01-26T16:01:52.331+0000] {glue_crawler.py:189} INFO - State: STOPPING
[2023-01-26T16:01:52.360+0000] {glue_crawler.py:197} INFO - Estimated Time Left (seconds): 15
[2023-01-26T16:01:57.399+0000] {glue_crawler.py:188} INFO - Polling for AWS Glue crawler: spotify-crawl 
[2023-01-26T16:01:57.399+0000] {glue_crawler.py:189} INFO - State: STOPPING
[2023-01-26T16:01:57.427+0000] {glue_crawler.py:197} INFO - Estimated Time Left (seconds): 15
[2023-01-26T16:02:02.487+0000] {glue_crawler.py:188} INFO - Polling for AWS Glue crawler: spotify-crawl 
[2023-01-26T16:02:02.487+0000] {glue_crawler.py:189} INFO - State: STOPPING
[2023-01-26T16:02:02.525+0000] {glue_crawler.py:197} INFO - Estimated Time Left (seconds): 15
[2023-01-26T16:02:07.584+0000] {glue_crawler.py:188} INFO - Polling for AWS Glue crawler: spotify-crawl 
[2023-01-26T16:02:07.584+0000] {glue_crawler.py:189} INFO - State: STOPPING
[2023-01-26T16:02:07.609+0000] {glue_crawler.py:197} INFO - Estimated Time Left (seconds): 15
[2023-01-26T16:02:12.647+0000] {glue_crawler.py:188} INFO - Polling for AWS Glue crawler: spotify-crawl 
[2023-01-26T16:02:12.647+0000] {glue_crawler.py:189} INFO - State: STOPPING
[2023-01-26T16:02:12.672+0000] {glue_crawler.py:197} INFO - Estimated Time Left (seconds): 15
[2023-01-26T16:02:17.735+0000] {glue_crawler.py:188} INFO - Polling for AWS Glue crawler: spotify-crawl 
[2023-01-26T16:02:17.735+0000] {glue_crawler.py:189} INFO - State: STOPPING
[2023-01-26T16:02:17.764+0000] {glue_crawler.py:197} INFO - Estimated Time Left (seconds): 15
[2023-01-26T16:02:22.818+0000] {glue_crawler.py:188} INFO - Polling for AWS Glue crawler: spotify-crawl 
[2023-01-26T16:02:22.819+0000] {glue_crawler.py:189} INFO - State: STOPPING
[2023-01-26T16:02:22.855+0000] {glue_crawler.py:197} INFO - Estimated Time Left (seconds): 15
[2023-01-26T16:02:27.917+0000] {glue_crawler.py:188} INFO - Polling for AWS Glue crawler: spotify-crawl 
[2023-01-26T16:02:27.917+0000] {glue_crawler.py:189} INFO - State: STOPPING
[2023-01-26T16:02:27.951+0000] {glue_crawler.py:197} INFO - Estimated Time Left (seconds): 15
[2023-01-26T16:02:33.000+0000] {glue_crawler.py:170} INFO - State: READY
[2023-01-26T16:02:33.000+0000] {glue_crawler.py:171} INFO - crawler_config: {'Name': 'spotify-crawl', 'Role': 'service-role/AWSGlueServiceRole-crawlerclass', 'Targets': {'S3Targets': [{'Path': 's3://airflow-nk/logs', 'Exclusions': []}], 'JdbcTargets': [], 'MongoDBTargets': [], 'DynamoDBTargets': [], 'CatalogTargets': [], 'DeltaTargets': []}, 'DatabaseName': 'spotify', 'Classifiers': [], 'RecrawlPolicy': {'RecrawlBehavior': 'CRAWL_EVERYTHING'}, 'SchemaChangePolicy': {'UpdateBehavior': 'LOG', 'DeleteBehavior': 'LOG'}, 'LineageConfiguration': {'CrawlerLineageSettings': 'DISABLE'}, 'State': 'READY', 'CrawlElapsedTime': 0, 'CreationTime': datetime.datetime(2022, 10, 4, 6, 4, 16, tzinfo=tzlocal()), 'LastUpdated': datetime.datetime(2023, 1, 25, 11, 32, 11, tzinfo=tzlocal()), 'LastCrawl': {'Status': 'SUCCEEDED', 'LogGroup': '/aws-glue/crawlers', 'LogStream': 'spotify-crawl', 'MessagePrefix': '3d7386e4-5017-4306-ac13-0f38a14a18c7', 'StartTime': datetime.datetime(2023, 1, 26, 16, 0, 14, tzinfo=tzlocal())}, 'Version': 18, 'LakeFormationConfiguration': {'UseLakeFormationCredentials': False, 'AccountId': ''}}
[2023-01-26T16:02:33.043+0000] {glue_crawler.py:178} INFO - Status: SUCCEEDED
[2023-01-26T16:02:33.043+0000] {glue_crawler.py:179} INFO - Last Runtime Duration (seconds): 50.51
[2023-01-26T16:02:33.043+0000] {glue_crawler.py:180} INFO - Median Runtime Duration (seconds): 51.165
[2023-01-26T16:02:33.043+0000] {glue_crawler.py:181} INFO - Tables Created: 0
[2023-01-26T16:02:33.043+0000] {glue_crawler.py:182} INFO - Tables Updated: 0
[2023-01-26T16:02:33.044+0000] {glue_crawler.py:183} INFO - Tables Deleted: 0
[2023-01-26T16:02:33.060+0000] {taskinstance.py:1401} INFO - Marking task as SUCCESS. dag_id=spotify_dag, task_id=crawl_s3, execution_date=20230126T140000, start_date=20230126T160013, end_date=20230126T160233
[2023-01-26T16:02:33.112+0000] {local_task_job.py:164} INFO - Task exited with return code 0
[2023-01-26T16:02:33.131+0000] {local_task_job.py:273} INFO - 1 downstream tasks scheduled from follow-on schedule check
