[2023-02-03T17:04:50.379+0000] {taskinstance.py:1165} INFO - Dependencies all met for <TaskInstance: Spotify_etl_2.s3_to_redshift scheduled__2023-02-02T17:00:00+00:00 [queued]>
[2023-02-03T17:04:50.385+0000] {taskinstance.py:1165} INFO - Dependencies all met for <TaskInstance: Spotify_etl_2.s3_to_redshift scheduled__2023-02-02T17:00:00+00:00 [queued]>
[2023-02-03T17:04:50.385+0000] {taskinstance.py:1362} INFO - 
--------------------------------------------------------------------------------
[2023-02-03T17:04:50.385+0000] {taskinstance.py:1363} INFO - Starting attempt 1 of 2
[2023-02-03T17:04:50.385+0000] {taskinstance.py:1364} INFO - 
--------------------------------------------------------------------------------
[2023-02-03T17:04:50.398+0000] {taskinstance.py:1383} INFO - Executing <Task(S3ToRedshiftOperator): s3_to_redshift> on 2023-02-02 17:00:00+00:00
[2023-02-03T17:04:50.400+0000] {standard_task_runner.py:55} INFO - Started process 45768 to run task
[2023-02-03T17:04:50.404+0000] {standard_task_runner.py:82} INFO - Running: ['airflow', 'tasks', 'run', 'Spotify_etl_2', 's3_to_redshift', 'scheduled__2023-02-02T17:00:00+00:00', '--job-id', '650', '--raw', '--subdir', 'DAGS_FOLDER/practice.py', '--cfg-path', '/tmp/tmpdodlczhk']
[2023-02-03T17:04:50.405+0000] {standard_task_runner.py:83} INFO - Job 650: Subtask s3_to_redshift
[2023-02-03T17:04:50.445+0000] {task_command.py:376} INFO - Running <TaskInstance: Spotify_etl_2.s3_to_redshift scheduled__2023-02-02T17:00:00+00:00 [running]> on host ip-172-31-26-59.ap-northeast-2.compute.internal
[2023-02-03T17:04:50.495+0000] {taskinstance.py:1590} INFO - Exporting the following env vars:
AIRFLOW_CTX_DAG_EMAIL=nywkim@example.com
AIRFLOW_CTX_DAG_OWNER=airflow
AIRFLOW_CTX_DAG_ID=Spotify_etl_2
AIRFLOW_CTX_TASK_ID=s3_to_redshift
AIRFLOW_CTX_EXECUTION_DATE=2023-02-02T17:00:00+00:00
AIRFLOW_CTX_TRY_NUMBER=1
AIRFLOW_CTX_DAG_RUN_ID=scheduled__2023-02-02T17:00:00+00:00
[2023-02-03T17:04:50.499+0000] {base.py:71} INFO - Using connection ID 'aws_default' for task execution.
[2023-02-03T17:04:50.501+0000] {base.py:71} INFO - Using connection ID 'aws_default' for task execution.
[2023-02-03T17:04:50.502+0000] {connection_wrapper.py:334} INFO - AWS Connection (conn_id='aws_default', conn_type='aws') credentials retrieved from login and password.
[2023-02-03T17:04:50.511+0000] {s3_to_redshift.py:164} INFO - Executing COPY command...
[2023-02-03T17:04:50.513+0000] {base.py:71} INFO - Using connection ID 'redshift_default' for task execution.
[2023-02-03T17:04:50.529+0000] {credentials.py:1251} INFO - Found credentials in shared credentials file: ~/.aws/credentials
[2023-02-03T17:04:50.965+0000] {sql.py:375} INFO - Running statement: CREATE TABLE #listen_records_by_artists (LIKE dev.spotify.listen_records_by_artists);, parameters: None
[2023-02-03T17:04:50.980+0000] {sql.py:375} INFO - Running statement: 
                    COPY #listen_records_by_artists 
                    FROM 's3://airflow-nk/data/listen_records_by_artists_test'
                    credentials
                    'aws_access_key_id=AKIA2RZBA5HRP7SVZGJC;aws_secret_access_key=***'
                    FORMAT AS PARQUET;
        , parameters: None
[2023-02-03T17:04:51.660+0000] {sql.py:375} INFO - Running statement: BEGIN;, parameters: None
[2023-02-03T17:04:51.664+0000] {sql.py:375} INFO - Running statement: DELETE FROM dev.spotify.listen_records_by_artists USING #listen_records_by_artists WHERE listen_records_by_artists.day = #listen_records_by_artists.day;, parameters: None
[2023-02-03T17:04:51.969+0000] {sql.py:384} INFO - Rows affected: 0
[2023-02-03T17:04:51.969+0000] {sql.py:375} INFO - Running statement: INSERT INTO dev.spotify.listen_records_by_artists SELECT * FROM #listen_records_by_artists;, parameters: None
[2023-02-03T17:04:52.481+0000] {sql.py:384} INFO - Rows affected: 37
[2023-02-03T17:04:52.481+0000] {sql.py:375} INFO - Running statement: COMMIT, parameters: None
[2023-02-03T17:04:52.593+0000] {s3_to_redshift.py:166} INFO - COPY command complete...
[2023-02-03T17:04:52.605+0000] {taskinstance.py:1401} INFO - Marking task as SUCCESS. dag_id=Spotify_etl_2, task_id=s3_to_redshift, execution_date=20230202T170000, start_date=20230203T170450, end_date=20230203T170452
[2023-02-03T17:04:52.623+0000] {local_task_job.py:164} INFO - Task exited with return code 0
[2023-02-03T17:04:52.634+0000] {local_task_job.py:273} INFO - 0 downstream tasks scheduled from follow-on schedule check
