[2023-01-31T12:03:48.665+0000] {taskinstance.py:1165} INFO - Dependencies all met for <TaskInstance: spotify_dag.glue_job scheduled__2023-01-31T10:00:00+00:00 [queued]>
[2023-01-31T12:03:48.671+0000] {taskinstance.py:1165} INFO - Dependencies all met for <TaskInstance: spotify_dag.glue_job scheduled__2023-01-31T10:00:00+00:00 [queued]>
[2023-01-31T12:03:48.671+0000] {taskinstance.py:1362} INFO - 
--------------------------------------------------------------------------------
[2023-01-31T12:03:48.671+0000] {taskinstance.py:1363} INFO - Starting attempt 1 of 2
[2023-01-31T12:03:48.671+0000] {taskinstance.py:1364} INFO - 
--------------------------------------------------------------------------------
[2023-01-31T12:03:48.684+0000] {taskinstance.py:1383} INFO - Executing <Task(PythonOperator): glue_job> on 2023-01-31 10:00:00+00:00
[2023-01-31T12:03:48.687+0000] {standard_task_runner.py:55} INFO - Started process 6113 to run task
[2023-01-31T12:03:48.691+0000] {standard_task_runner.py:82} INFO - Running: ['airflow', 'tasks', 'run', 'spotify_dag', 'glue_job', 'scheduled__2023-01-31T10:00:00+00:00', '--job-id', '526', '--raw', '--subdir', 'DAGS_FOLDER/airflow_dags.py', '--cfg-path', '/tmp/tmp9fgzzyla']
[2023-01-31T12:03:48.693+0000] {standard_task_runner.py:83} INFO - Job 526: Subtask glue_job
[2023-01-31T12:03:48.731+0000] {task_command.py:376} INFO - Running <TaskInstance: spotify_dag.glue_job scheduled__2023-01-31T10:00:00+00:00 [running]> on host ip-172-31-26-59.ap-northeast-2.compute.internal
[2023-01-31T12:03:48.773+0000] {taskinstance.py:1590} INFO - Exporting the following env vars:
AIRFLOW_CTX_DAG_EMAIL=nywkim@example.com
AIRFLOW_CTX_DAG_OWNER=airflow
AIRFLOW_CTX_DAG_ID=spotify_dag
AIRFLOW_CTX_TASK_ID=glue_job
AIRFLOW_CTX_EXECUTION_DATE=2023-01-31T10:00:00+00:00
AIRFLOW_CTX_TRY_NUMBER=1
AIRFLOW_CTX_DAG_RUN_ID=scheduled__2023-01-31T10:00:00+00:00
[2023-01-31T12:03:48.787+0000] {credentials.py:1251} INFO - Found credentials in shared credentials file: ~/.aws/credentials
[2023-01-31T12:03:49.132+0000] {logging_mixin.py:120} INFO - {'JobRunId': 'jr_11aeaf36fd72e927a739baf9b614f8db9ff22eb4a096800b2db9ea4b65b1efa1', 'ResponseMetadata': {'RequestId': 'e7d63cac-f239-4a7e-bbac-47e23b2a1fc0', 'HTTPStatusCode': 200, 'HTTPHeaders': {'date': 'Tue, 31 Jan 2023 12:03:49 GMT', 'content-type': 'application/x-amz-json-1.1', 'content-length': '82', 'connection': 'keep-alive', 'x-amzn-requestid': 'e7d63cac-f239-4a7e-bbac-47e23b2a1fc0'}, 'RetryAttempts': 0}}
[2023-01-31T12:03:49.134+0000] {python.py:177} INFO - Done. Returned value was: None
[2023-01-31T12:03:49.138+0000] {taskinstance.py:1401} INFO - Marking task as SUCCESS. dag_id=spotify_dag, task_id=glue_job, execution_date=20230131T100000, start_date=20230131T120348, end_date=20230131T120349
[2023-01-31T12:03:49.183+0000] {local_task_job.py:164} INFO - Task exited with return code 0
[2023-01-31T12:03:49.194+0000] {local_task_job.py:273} INFO - 0 downstream tasks scheduled from follow-on schedule check
