[2023-01-31T10:04:30.104+0000] {taskinstance.py:1165} INFO - Dependencies all met for <TaskInstance: spotify_dag.glue_job scheduled__2023-01-31T08:00:00+00:00 [queued]>
[2023-01-31T10:04:30.110+0000] {taskinstance.py:1165} INFO - Dependencies all met for <TaskInstance: spotify_dag.glue_job scheduled__2023-01-31T08:00:00+00:00 [queued]>
[2023-01-31T10:04:30.110+0000] {taskinstance.py:1362} INFO - 
--------------------------------------------------------------------------------
[2023-01-31T10:04:30.110+0000] {taskinstance.py:1363} INFO - Starting attempt 1 of 2
[2023-01-31T10:04:30.110+0000] {taskinstance.py:1364} INFO - 
--------------------------------------------------------------------------------
[2023-01-31T10:04:30.123+0000] {taskinstance.py:1383} INFO - Executing <Task(PythonOperator): glue_job> on 2023-01-31 08:00:00+00:00
[2023-01-31T10:04:30.126+0000] {standard_task_runner.py:55} INFO - Started process 5724 to run task
[2023-01-31T10:04:30.130+0000] {standard_task_runner.py:82} INFO - Running: ['airflow', 'tasks', 'run', 'spotify_dag', 'glue_job', 'scheduled__2023-01-31T08:00:00+00:00', '--job-id', '505', '--raw', '--subdir', 'DAGS_FOLDER/airflow_dags.py', '--cfg-path', '/tmp/tmpu7snn2yn']
[2023-01-31T10:04:30.132+0000] {standard_task_runner.py:83} INFO - Job 505: Subtask glue_job
[2023-01-31T10:04:30.171+0000] {task_command.py:376} INFO - Running <TaskInstance: spotify_dag.glue_job scheduled__2023-01-31T08:00:00+00:00 [running]> on host ip-172-31-26-59.ap-northeast-2.compute.internal
[2023-01-31T10:04:30.216+0000] {taskinstance.py:1590} INFO - Exporting the following env vars:
AIRFLOW_CTX_DAG_EMAIL=nywkim@example.com
AIRFLOW_CTX_DAG_OWNER=airflow
AIRFLOW_CTX_DAG_ID=spotify_dag
AIRFLOW_CTX_TASK_ID=glue_job
AIRFLOW_CTX_EXECUTION_DATE=2023-01-31T08:00:00+00:00
AIRFLOW_CTX_TRY_NUMBER=1
AIRFLOW_CTX_DAG_RUN_ID=scheduled__2023-01-31T08:00:00+00:00
[2023-01-31T10:04:30.237+0000] {credentials.py:1048} INFO - Found credentials from IAM Role: EC2_S3_Af
[2023-01-31T10:04:30.635+0000] {logging_mixin.py:120} INFO - {'JobRunId': 'jr_e47f236145ea5e81a1f66dc62f29f173974860d8bfb6609f17f91a861aa92459', 'ResponseMetadata': {'RequestId': 'e8c0b318-bf67-4b19-9fb2-46bd8e1c9266', 'HTTPStatusCode': 200, 'HTTPHeaders': {'date': 'Tue, 31 Jan 2023 10:04:30 GMT', 'content-type': 'application/x-amz-json-1.1', 'content-length': '82', 'connection': 'keep-alive', 'x-amzn-requestid': 'e8c0b318-bf67-4b19-9fb2-46bd8e1c9266'}, 'RetryAttempts': 0}}
[2023-01-31T10:04:30.636+0000] {python.py:177} INFO - Done. Returned value was: None
[2023-01-31T10:04:30.641+0000] {taskinstance.py:1401} INFO - Marking task as SUCCESS. dag_id=spotify_dag, task_id=glue_job, execution_date=20230131T080000, start_date=20230131T100430, end_date=20230131T100430
[2023-01-31T10:04:30.668+0000] {local_task_job.py:164} INFO - Task exited with return code 0
[2023-01-31T10:04:30.679+0000] {local_task_job.py:273} INFO - 0 downstream tasks scheduled from follow-on schedule check
