[2023-01-26T14:01:42.513+0000] {taskinstance.py:1165} INFO - Dependencies all met for <TaskInstance: spotify_dag.crawl_s3 scheduled__2023-01-26T04:00:00+00:00 [queued]>
[2023-01-26T14:01:42.519+0000] {taskinstance.py:1165} INFO - Dependencies all met for <TaskInstance: spotify_dag.crawl_s3 scheduled__2023-01-26T04:00:00+00:00 [queued]>
[2023-01-26T14:01:42.519+0000] {taskinstance.py:1362} INFO - 
--------------------------------------------------------------------------------
[2023-01-26T14:01:42.519+0000] {taskinstance.py:1363} INFO - Starting attempt 1 of 2
[2023-01-26T14:01:42.519+0000] {taskinstance.py:1364} INFO - 
--------------------------------------------------------------------------------
[2023-01-26T14:01:42.537+0000] {taskinstance.py:1383} INFO - Executing <Task(GlueCrawlerOperator): crawl_s3> on 2023-01-26 04:00:00+00:00
[2023-01-26T14:01:42.540+0000] {standard_task_runner.py:55} INFO - Started process 1961 to run task
[2023-01-26T14:01:42.544+0000] {standard_task_runner.py:82} INFO - Running: ['airflow', 'tasks', 'run', 'spotify_dag', 'crawl_s3', 'scheduled__2023-01-26T04:00:00+00:00', '--job-id', '375', '--raw', '--subdir', 'DAGS_FOLDER/airflow_dags.py', '--cfg-path', '/tmp/tmpa5rfzep8']
[2023-01-26T14:01:42.546+0000] {standard_task_runner.py:83} INFO - Job 375: Subtask crawl_s3
[2023-01-26T14:01:42.587+0000] {task_command.py:376} INFO - Running <TaskInstance: spotify_dag.crawl_s3 scheduled__2023-01-26T04:00:00+00:00 [running]> on host ip-172-31-26-59.ap-northeast-2.compute.internal
[2023-01-26T14:01:42.632+0000] {taskinstance.py:1590} INFO - Exporting the following env vars:
AIRFLOW_CTX_DAG_EMAIL=nywkim@example.com
AIRFLOW_CTX_DAG_OWNER=airflow
AIRFLOW_CTX_DAG_ID=spotify_dag
AIRFLOW_CTX_TASK_ID=crawl_s3
AIRFLOW_CTX_EXECUTION_DATE=2023-01-26T04:00:00+00:00
AIRFLOW_CTX_TRY_NUMBER=1
AIRFLOW_CTX_DAG_RUN_ID=scheduled__2023-01-26T04:00:00+00:00
[2023-01-26T14:01:42.632+0000] {glue_crawler.py:55} INFO - Checking if crawler already exists: spotify-crawl
[2023-01-26T14:01:42.636+0000] {base.py:71} INFO - Using connection ID 'aws_default' for task execution.
[2023-01-26T14:01:42.637+0000] {connection_wrapper.py:334} INFO - AWS Connection (conn_id='aws_default', conn_type='aws') credentials retrieved from login and password.
[2023-01-26T14:01:43.305+0000] {base.py:71} INFO - Using connection ID 'aws_default' for task execution.
[2023-01-26T14:01:43.306+0000] {connection_wrapper.py:334} INFO - AWS Connection (conn_id='aws_default', conn_type='aws') credentials retrieved from login and password.
[2023-01-26T14:01:43.599+0000] {glue_crawler.py:82} INFO - Triggering AWS Glue Crawler
[2023-01-26T14:01:43.600+0000] {glue_crawler.py:151} INFO - Starting crawler spotify-crawl
[2023-01-26T14:01:52.948+0000] {glue_crawler.py:85} INFO - Waiting for AWS Glue Crawler
[2023-01-26T14:01:52.992+0000] {glue_crawler.py:188} INFO - Polling for AWS Glue crawler: spotify-crawl 
[2023-01-26T14:01:52.992+0000] {glue_crawler.py:189} INFO - State: RUNNING
[2023-01-26T14:01:53.033+0000] {glue_crawler.py:199} INFO - Crawler should finish soon
[2023-01-26T14:01:57.683+0000] {local_task_job.py:227} WARNING - State of this instance has been externally set to success. Terminating instance.
[2023-01-26T14:01:57.697+0000] {process_utils.py:129} INFO - Sending Signals.SIGTERM to group 1961. PIDs of all processes in the group: [1961]
[2023-01-26T14:01:57.697+0000] {process_utils.py:84} INFO - Sending the signal Signals.SIGTERM to group 1961
[2023-01-26T14:01:57.706+0000] {taskinstance.py:1562} ERROR - Received SIGTERM. Terminating subprocesses.
[2023-01-26T14:01:57.792+0000] {process_utils.py:79} INFO - Process psutil.Process(pid=1961, status='terminated', exitcode=0, started='14:01:42') (1961) terminated with exit code 0
