[2023-01-25T06:55:46.597+0000] {taskinstance.py:1165} INFO - Dependencies all met for <TaskInstance: practice.glue_job manual__2023-01-25T06:55:44.610155+00:00 [queued]>
[2023-01-25T06:55:46.603+0000] {taskinstance.py:1165} INFO - Dependencies all met for <TaskInstance: practice.glue_job manual__2023-01-25T06:55:44.610155+00:00 [queued]>
[2023-01-25T06:55:46.603+0000] {taskinstance.py:1362} INFO - 
--------------------------------------------------------------------------------
[2023-01-25T06:55:46.604+0000] {taskinstance.py:1363} INFO - Starting attempt 1 of 2
[2023-01-25T06:55:46.604+0000] {taskinstance.py:1364} INFO - 
--------------------------------------------------------------------------------
[2023-01-25T06:55:46.616+0000] {taskinstance.py:1383} INFO - Executing <Task(GlueJobOperator): glue_job> on 2023-01-25 06:55:44.610155+00:00
[2023-01-25T06:55:46.618+0000] {standard_task_runner.py:55} INFO - Started process 14257 to run task
[2023-01-25T06:55:46.622+0000] {standard_task_runner.py:82} INFO - Running: ['airflow', 'tasks', 'run', 'practice', 'glue_job', 'manual__2023-01-25T06:55:44.610155+00:00', '--job-id', '327', '--raw', '--subdir', 'DAGS_FOLDER/practice.py', '--cfg-path', '/tmp/tmpfoi3d981']
[2023-01-25T06:55:46.623+0000] {standard_task_runner.py:83} INFO - Job 327: Subtask glue_job
[2023-01-25T06:55:46.659+0000] {task_command.py:376} INFO - Running <TaskInstance: practice.glue_job manual__2023-01-25T06:55:44.610155+00:00 [running]> on host ip-172-31-26-59.ap-northeast-2.compute.internal
[2023-01-25T06:55:46.704+0000] {taskinstance.py:1590} INFO - Exporting the following env vars:
AIRFLOW_CTX_DAG_EMAIL=nywkim@example.com
AIRFLOW_CTX_DAG_OWNER=airflow
AIRFLOW_CTX_DAG_ID=practice
AIRFLOW_CTX_TASK_ID=glue_job
AIRFLOW_CTX_EXECUTION_DATE=2023-01-25T06:55:44.610155+00:00
AIRFLOW_CTX_TRY_NUMBER=1
AIRFLOW_CTX_DAG_RUN_ID=manual__2023-01-25T06:55:44.610155+00:00
[2023-01-25T06:55:46.704+0000] {glue.py:141} INFO - Initializing AWS Glue Job: SpotifyGlueJob. Wait for completion: True
[2023-01-25T06:55:46.708+0000] {base.py:71} INFO - Using connection ID 'aws_default' for task execution.
[2023-01-25T06:55:46.709+0000] {connection_wrapper.py:334} INFO - AWS Connection (conn_id='aws_default', conn_type='aws') credentials retrieved from login and password.
[2023-01-25T06:55:47.673+0000] {glue.py:135} INFO - Iam Role Name: AWSGlueServiceRole-crawlerclass
[2023-01-25T06:55:47.674+0000] {glue.py:266} INFO - Checking if job already exists: SpotifyGlueJob
[2023-01-25T06:55:48.598+0000] {glue.py:288} INFO - Updating job: SpotifyGlueJob
[2023-01-25T06:55:49.296+0000] {glue.py:290} INFO - Updated configurations: {'LogUri': 's3://aws-glue-assets-725381868002-ap-northeast-2/logs/glue-logs/SpotifyGlueJob', 'Command': {'Name': 'glueetl', 'ScriptLocation': 's3://aws-glue-assets-725381868002-ap-northeast-2/scripts/SpotifyGJ.py'}, 'MaxRetries': 1, 'MaxCapacity': 10}
[2023-01-25T06:55:49.297+0000] {glue.py:158} ERROR - Failed to run aws glue job, error: Parameter validation failed:
Unknown parameter in input: "--enable-metrics", must be one of: JobName, JobRunId, Arguments, AllocatedCapacity, Timeout, MaxCapacity, SecurityConfiguration, NotificationProperty, WorkerType, NumberOfWorkers, ExecutionClass
Unknown parameter in input: "--enable-spark-ui", must be one of: JobName, JobRunId, Arguments, AllocatedCapacity, Timeout, MaxCapacity, SecurityConfiguration, NotificationProperty, WorkerType, NumberOfWorkers, ExecutionClass
Unknown parameter in input: "--spark-event-logs-path", must be one of: JobName, JobRunId, Arguments, AllocatedCapacity, Timeout, MaxCapacity, SecurityConfiguration, NotificationProperty, WorkerType, NumberOfWorkers, ExecutionClass
Unknown parameter in input: "--enable-job-insights", must be one of: JobName, JobRunId, Arguments, AllocatedCapacity, Timeout, MaxCapacity, SecurityConfiguration, NotificationProperty, WorkerType, NumberOfWorkers, ExecutionClass
Unknown parameter in input: "--enable-glue-datacatalog", must be one of: JobName, JobRunId, Arguments, AllocatedCapacity, Timeout, MaxCapacity, SecurityConfiguration, NotificationProperty, WorkerType, NumberOfWorkers, ExecutionClass
Unknown parameter in input: "--enable-continuous-cloudwatch-log", must be one of: JobName, JobRunId, Arguments, AllocatedCapacity, Timeout, MaxCapacity, SecurityConfiguration, NotificationProperty, WorkerType, NumberOfWorkers, ExecutionClass
Unknown parameter in input: "--job-bookmark-option", must be one of: JobName, JobRunId, Arguments, AllocatedCapacity, Timeout, MaxCapacity, SecurityConfiguration, NotificationProperty, WorkerType, NumberOfWorkers, ExecutionClass
Unknown parameter in input: "--job-language", must be one of: JobName, JobRunId, Arguments, AllocatedCapacity, Timeout, MaxCapacity, SecurityConfiguration, NotificationProperty, WorkerType, NumberOfWorkers, ExecutionClass
Unknown parameter in input: "--TempDir", must be one of: JobName, JobRunId, Arguments, AllocatedCapacity, Timeout, MaxCapacity, SecurityConfiguration, NotificationProperty, WorkerType, NumberOfWorkers, ExecutionClass
[2023-01-25T06:55:49.297+0000] {taskinstance.py:1851} ERROR - Task failed with exception
Traceback (most recent call last):
  File "/usr/local/lib/python3.10/dist-packages/airflow/providers/amazon/aws/operators/glue.py", line 146, in execute
    glue_job_run = glue_job.initialize_job(self.script_args, self.run_job_kwargs)
  File "/usr/local/lib/python3.10/dist-packages/airflow/providers/amazon/aws/hooks/glue.py", line 156, in initialize_job
    return self.get_conn().start_job_run(JobName=job_name, Arguments=script_arguments, **run_kwargs)
  File "/usr/local/lib/python3.10/dist-packages/botocore/client.py", line 530, in _api_call
    return self._make_api_call(operation_name, kwargs)
  File "/usr/local/lib/python3.10/dist-packages/botocore/client.py", line 919, in _make_api_call
    request_dict = self._convert_to_request_dict(
  File "/usr/local/lib/python3.10/dist-packages/botocore/client.py", line 990, in _convert_to_request_dict
    request_dict = self._serializer.serialize_to_request(
  File "/usr/local/lib/python3.10/dist-packages/botocore/validate.py", line 381, in serialize_to_request
    raise ParamValidationError(report=report.generate_report())
botocore.exceptions.ParamValidationError: Parameter validation failed:
Unknown parameter in input: "--enable-metrics", must be one of: JobName, JobRunId, Arguments, AllocatedCapacity, Timeout, MaxCapacity, SecurityConfiguration, NotificationProperty, WorkerType, NumberOfWorkers, ExecutionClass
Unknown parameter in input: "--enable-spark-ui", must be one of: JobName, JobRunId, Arguments, AllocatedCapacity, Timeout, MaxCapacity, SecurityConfiguration, NotificationProperty, WorkerType, NumberOfWorkers, ExecutionClass
Unknown parameter in input: "--spark-event-logs-path", must be one of: JobName, JobRunId, Arguments, AllocatedCapacity, Timeout, MaxCapacity, SecurityConfiguration, NotificationProperty, WorkerType, NumberOfWorkers, ExecutionClass
Unknown parameter in input: "--enable-job-insights", must be one of: JobName, JobRunId, Arguments, AllocatedCapacity, Timeout, MaxCapacity, SecurityConfiguration, NotificationProperty, WorkerType, NumberOfWorkers, ExecutionClass
Unknown parameter in input: "--enable-glue-datacatalog", must be one of: JobName, JobRunId, Arguments, AllocatedCapacity, Timeout, MaxCapacity, SecurityConfiguration, NotificationProperty, WorkerType, NumberOfWorkers, ExecutionClass
Unknown parameter in input: "--enable-continuous-cloudwatch-log", must be one of: JobName, JobRunId, Arguments, AllocatedCapacity, Timeout, MaxCapacity, SecurityConfiguration, NotificationProperty, WorkerType, NumberOfWorkers, ExecutionClass
Unknown parameter in input: "--job-bookmark-option", must be one of: JobName, JobRunId, Arguments, AllocatedCapacity, Timeout, MaxCapacity, SecurityConfiguration, NotificationProperty, WorkerType, NumberOfWorkers, ExecutionClass
Unknown parameter in input: "--job-language", must be one of: JobName, JobRunId, Arguments, AllocatedCapacity, Timeout, MaxCapacity, SecurityConfiguration, NotificationProperty, WorkerType, NumberOfWorkers, ExecutionClass
Unknown parameter in input: "--TempDir", must be one of: JobName, JobRunId, Arguments, AllocatedCapacity, Timeout, MaxCapacity, SecurityConfiguration, NotificationProperty, WorkerType, NumberOfWorkers, ExecutionClass
[2023-01-25T06:55:49.300+0000] {taskinstance.py:1401} INFO - Marking task as UP_FOR_RETRY. dag_id=practice, task_id=glue_job, execution_date=20230125T065544, start_date=20230125T065546, end_date=20230125T065549
[2023-01-25T06:55:49.310+0000] {standard_task_runner.py:100} ERROR - Failed to execute job 327 for task glue_job (Parameter validation failed:
Unknown parameter in input: "--enable-metrics", must be one of: JobName, JobRunId, Arguments, AllocatedCapacity, Timeout, MaxCapacity, SecurityConfiguration, NotificationProperty, WorkerType, NumberOfWorkers, ExecutionClass
Unknown parameter in input: "--enable-spark-ui", must be one of: JobName, JobRunId, Arguments, AllocatedCapacity, Timeout, MaxCapacity, SecurityConfiguration, NotificationProperty, WorkerType, NumberOfWorkers, ExecutionClass
Unknown parameter in input: "--spark-event-logs-path", must be one of: JobName, JobRunId, Arguments, AllocatedCapacity, Timeout, MaxCapacity, SecurityConfiguration, NotificationProperty, WorkerType, NumberOfWorkers, ExecutionClass
Unknown parameter in input: "--enable-job-insights", must be one of: JobName, JobRunId, Arguments, AllocatedCapacity, Timeout, MaxCapacity, SecurityConfiguration, NotificationProperty, WorkerType, NumberOfWorkers, ExecutionClass
Unknown parameter in input: "--enable-glue-datacatalog", must be one of: JobName, JobRunId, Arguments, AllocatedCapacity, Timeout, MaxCapacity, SecurityConfiguration, NotificationProperty, WorkerType, NumberOfWorkers, ExecutionClass
Unknown parameter in input: "--enable-continuous-cloudwatch-log", must be one of: JobName, JobRunId, Arguments, AllocatedCapacity, Timeout, MaxCapacity, SecurityConfiguration, NotificationProperty, WorkerType, NumberOfWorkers, ExecutionClass
Unknown parameter in input: "--job-bookmark-option", must be one of: JobName, JobRunId, Arguments, AllocatedCapacity, Timeout, MaxCapacity, SecurityConfiguration, NotificationProperty, WorkerType, NumberOfWorkers, ExecutionClass
Unknown parameter in input: "--job-language", must be one of: JobName, JobRunId, Arguments, AllocatedCapacity, Timeout, MaxCapacity, SecurityConfiguration, NotificationProperty, WorkerType, NumberOfWorkers, ExecutionClass
Unknown parameter in input: "--TempDir", must be one of: JobName, JobRunId, Arguments, AllocatedCapacity, Timeout, MaxCapacity, SecurityConfiguration, NotificationProperty, WorkerType, NumberOfWorkers, ExecutionClass; 14257)
[2023-01-25T06:55:49.321+0000] {local_task_job.py:164} INFO - Task exited with return code 1
[2023-01-25T06:55:49.332+0000] {local_task_job.py:273} INFO - 0 downstream tasks scheduled from follow-on schedule check
