[2023-01-26T14:01:31.297+0000] {taskinstance.py:1165} INFO - Dependencies all met for <TaskInstance: spotify_dag.glue_job scheduled__2023-01-26T00:00:00+00:00 [queued]>
[2023-01-26T14:01:31.307+0000] {taskinstance.py:1165} INFO - Dependencies all met for <TaskInstance: spotify_dag.glue_job scheduled__2023-01-26T00:00:00+00:00 [queued]>
[2023-01-26T14:01:31.307+0000] {taskinstance.py:1362} INFO - 
--------------------------------------------------------------------------------
[2023-01-26T14:01:31.307+0000] {taskinstance.py:1363} INFO - Starting attempt 1 of 2
[2023-01-26T14:01:31.307+0000] {taskinstance.py:1364} INFO - 
--------------------------------------------------------------------------------
[2023-01-26T14:01:31.325+0000] {taskinstance.py:1383} INFO - Executing <Task(PythonOperator): glue_job> on 2023-01-26 00:00:00+00:00
[2023-01-26T14:01:31.330+0000] {standard_task_runner.py:55} INFO - Started process 1714 to run task
[2023-01-26T14:01:31.334+0000] {standard_task_runner.py:82} INFO - Running: ['airflow', 'tasks', 'run', 'spotify_dag', 'glue_job', 'scheduled__2023-01-26T00:00:00+00:00', '--job-id', '373', '--raw', '--subdir', 'DAGS_FOLDER/airflow_dags.py', '--cfg-path', '/tmp/tmpq4vjdgyo']
[2023-01-26T14:01:31.336+0000] {standard_task_runner.py:83} INFO - Job 373: Subtask glue_job
[2023-01-26T14:01:31.403+0000] {task_command.py:376} INFO - Running <TaskInstance: spotify_dag.glue_job scheduled__2023-01-26T00:00:00+00:00 [running]> on host ip-172-31-26-59.ap-northeast-2.compute.internal
[2023-01-26T14:01:31.468+0000] {taskinstance.py:1590} INFO - Exporting the following env vars:
AIRFLOW_CTX_DAG_EMAIL=nywkim@example.com
AIRFLOW_CTX_DAG_OWNER=airflow
AIRFLOW_CTX_DAG_ID=spotify_dag
AIRFLOW_CTX_TASK_ID=glue_job
AIRFLOW_CTX_EXECUTION_DATE=2023-01-26T00:00:00+00:00
AIRFLOW_CTX_TRY_NUMBER=1
AIRFLOW_CTX_DAG_RUN_ID=scheduled__2023-01-26T00:00:00+00:00
[2023-01-26T14:01:31.499+0000] {credentials.py:1048} INFO - Found credentials from IAM Role: EC2_S3_Af
[2023-01-26T14:01:31.963+0000] {logging_mixin.py:120} INFO - {'JobRunId': 'jr_33cf79a6b1cc23951c622ac6e5d7580ab954fa21a814d27c7fcec000ea27f79d', 'ResponseMetadata': {'RequestId': '9e22e648-1bf6-4654-9174-83830f41549d', 'HTTPStatusCode': 200, 'HTTPHeaders': {'date': 'Thu, 26 Jan 2023 14:01:31 GMT', 'content-type': 'application/x-amz-json-1.1', 'content-length': '82', 'connection': 'keep-alive', 'x-amzn-requestid': '9e22e648-1bf6-4654-9174-83830f41549d'}, 'RetryAttempts': 0}}
[2023-01-26T14:01:31.965+0000] {python.py:177} INFO - Done. Returned value was: None
[2023-01-26T14:01:31.988+0000] {taskinstance.py:1401} INFO - Marking task as SUCCESS. dag_id=spotify_dag, task_id=glue_job, execution_date=20230126T000000, start_date=20230126T140131, end_date=20230126T140131
[2023-01-26T14:01:32.045+0000] {local_task_job.py:164} INFO - Task exited with return code 0
[2023-01-26T14:01:32.067+0000] {local_task_job.py:273} INFO - 0 downstream tasks scheduled from follow-on schedule check
