[2023-01-27T12:03:03.625+0000] {taskinstance.py:1165} INFO - Dependencies all met for <TaskInstance: spotify_dag.glue_job scheduled__2023-01-27T10:00:00+00:00 [queued]>
[2023-01-27T12:03:03.631+0000] {taskinstance.py:1165} INFO - Dependencies all met for <TaskInstance: spotify_dag.glue_job scheduled__2023-01-27T10:00:00+00:00 [queued]>
[2023-01-27T12:03:03.631+0000] {taskinstance.py:1362} INFO - 
--------------------------------------------------------------------------------
[2023-01-27T12:03:03.632+0000] {taskinstance.py:1363} INFO - Starting attempt 1 of 2
[2023-01-27T12:03:03.632+0000] {taskinstance.py:1364} INFO - 
--------------------------------------------------------------------------------
[2023-01-27T12:03:03.644+0000] {taskinstance.py:1383} INFO - Executing <Task(PythonOperator): glue_job> on 2023-01-27 10:00:00+00:00
[2023-01-27T12:03:03.647+0000] {standard_task_runner.py:55} INFO - Started process 21850 to run task
[2023-01-27T12:03:03.651+0000] {standard_task_runner.py:82} INFO - Running: ['airflow', 'tasks', 'run', 'spotify_dag', 'glue_job', 'scheduled__2023-01-27T10:00:00+00:00', '--job-id', '406', '--raw', '--subdir', 'DAGS_FOLDER/airflow_dags.py', '--cfg-path', '/tmp/tmplj8hu9c7']
[2023-01-27T12:03:03.652+0000] {standard_task_runner.py:83} INFO - Job 406: Subtask glue_job
[2023-01-27T12:03:03.693+0000] {task_command.py:376} INFO - Running <TaskInstance: spotify_dag.glue_job scheduled__2023-01-27T10:00:00+00:00 [running]> on host ip-172-31-26-59.ap-northeast-2.compute.internal
[2023-01-27T12:03:03.737+0000] {taskinstance.py:1590} INFO - Exporting the following env vars:
AIRFLOW_CTX_DAG_EMAIL=nywkim@example.com
AIRFLOW_CTX_DAG_OWNER=airflow
AIRFLOW_CTX_DAG_ID=spotify_dag
AIRFLOW_CTX_TASK_ID=glue_job
AIRFLOW_CTX_EXECUTION_DATE=2023-01-27T10:00:00+00:00
AIRFLOW_CTX_TRY_NUMBER=1
AIRFLOW_CTX_DAG_RUN_ID=scheduled__2023-01-27T10:00:00+00:00
[2023-01-27T12:03:03.756+0000] {credentials.py:1048} INFO - Found credentials from IAM Role: EC2_S3_Af
[2023-01-27T12:03:04.142+0000] {logging_mixin.py:120} INFO - {'JobRunId': 'jr_33a3fa45fc48f1941d70fcc87deb638a52c20cd466b64b48663f95233313b534', 'ResponseMetadata': {'RequestId': '13676b1d-99ff-43be-bb6c-58771f650050', 'HTTPStatusCode': 200, 'HTTPHeaders': {'date': 'Fri, 27 Jan 2023 12:03:04 GMT', 'content-type': 'application/x-amz-json-1.1', 'content-length': '82', 'connection': 'keep-alive', 'x-amzn-requestid': '13676b1d-99ff-43be-bb6c-58771f650050'}, 'RetryAttempts': 0}}
[2023-01-27T12:03:04.144+0000] {python.py:177} INFO - Done. Returned value was: None
[2023-01-27T12:03:04.148+0000] {taskinstance.py:1401} INFO - Marking task as SUCCESS. dag_id=spotify_dag, task_id=glue_job, execution_date=20230127T100000, start_date=20230127T120303, end_date=20230127T120304
[2023-01-27T12:03:04.183+0000] {local_task_job.py:164} INFO - Task exited with return code 0
[2023-01-27T12:03:04.194+0000] {local_task_job.py:273} INFO - 0 downstream tasks scheduled from follow-on schedule check
