[2023-01-25T09:04:58.183+0000] {taskinstance.py:1165} INFO - Dependencies all met for <TaskInstance: practice.glue_job manual__2023-01-25T09:04:55.130681+00:00 [queued]>
[2023-01-25T09:04:58.188+0000] {taskinstance.py:1165} INFO - Dependencies all met for <TaskInstance: practice.glue_job manual__2023-01-25T09:04:55.130681+00:00 [queued]>
[2023-01-25T09:04:58.188+0000] {taskinstance.py:1362} INFO - 
--------------------------------------------------------------------------------
[2023-01-25T09:04:58.188+0000] {taskinstance.py:1363} INFO - Starting attempt 1 of 2
[2023-01-25T09:04:58.188+0000] {taskinstance.py:1364} INFO - 
--------------------------------------------------------------------------------
[2023-01-25T09:04:58.199+0000] {taskinstance.py:1383} INFO - Executing <Task(PythonOperator): glue_job> on 2023-01-25 09:04:55.130681+00:00
[2023-01-25T09:04:58.201+0000] {standard_task_runner.py:55} INFO - Started process 18140 to run task
[2023-01-25T09:04:58.205+0000] {standard_task_runner.py:82} INFO - Running: ['airflow', 'tasks', 'run', 'practice', 'glue_job', 'manual__2023-01-25T09:04:55.130681+00:00', '--job-id', '351', '--raw', '--subdir', 'DAGS_FOLDER/practice.py', '--cfg-path', '/tmp/tmpq4dokluv']
[2023-01-25T09:04:58.206+0000] {standard_task_runner.py:83} INFO - Job 351: Subtask glue_job
[2023-01-25T09:04:58.240+0000] {task_command.py:376} INFO - Running <TaskInstance: practice.glue_job manual__2023-01-25T09:04:55.130681+00:00 [running]> on host ip-172-31-26-59.ap-northeast-2.compute.internal
[2023-01-25T09:04:58.294+0000] {taskinstance.py:1590} INFO - Exporting the following env vars:
AIRFLOW_CTX_DAG_EMAIL=nywkim@example.com
AIRFLOW_CTX_DAG_OWNER=airflow
AIRFLOW_CTX_DAG_ID=practice
AIRFLOW_CTX_TASK_ID=glue_job
AIRFLOW_CTX_EXECUTION_DATE=2023-01-25T09:04:55.130681+00:00
AIRFLOW_CTX_TRY_NUMBER=1
AIRFLOW_CTX_DAG_RUN_ID=manual__2023-01-25T09:04:55.130681+00:00
[2023-01-25T09:04:58.313+0000] {credentials.py:1048} INFO - Found credentials from IAM Role: EC2_S3_Af
[2023-01-25T09:04:58.608+0000] {logging_mixin.py:120} INFO - {'JobRunId': 'jr_1fb44425f3946efa4bfec6e2f637a23c17dbed10df25ced0e7f875c6b2858c21', 'ResponseMetadata': {'RequestId': '3e2ccd00-2faf-4a0d-98ec-c170095b19d9', 'HTTPStatusCode': 200, 'HTTPHeaders': {'date': 'Wed, 25 Jan 2023 09:04:58 GMT', 'content-type': 'application/x-amz-json-1.1', 'content-length': '82', 'connection': 'keep-alive', 'x-amzn-requestid': '3e2ccd00-2faf-4a0d-98ec-c170095b19d9'}, 'RetryAttempts': 0}}
[2023-01-25T09:04:58.609+0000] {python.py:177} INFO - Done. Returned value was: None
[2023-01-25T09:04:58.614+0000] {taskinstance.py:1401} INFO - Marking task as SUCCESS. dag_id=practice, task_id=glue_job, execution_date=20230125T090455, start_date=20230125T090458, end_date=20230125T090458
[2023-01-25T09:04:58.657+0000] {local_task_job.py:164} INFO - Task exited with return code 0
[2023-01-25T09:04:58.667+0000] {local_task_job.py:273} INFO - 0 downstream tasks scheduled from follow-on schedule check
