[2023-02-03T17:02:05.001+0000] {taskinstance.py:1165} INFO - Dependencies all met for <TaskInstance: spotify_dag_prac.delete_s3bucket_files scheduled__2023-02-02T17:00:00+00:00 [queued]>
[2023-02-03T17:02:05.007+0000] {taskinstance.py:1165} INFO - Dependencies all met for <TaskInstance: spotify_dag_prac.delete_s3bucket_files scheduled__2023-02-02T17:00:00+00:00 [queued]>
[2023-02-03T17:02:05.007+0000] {taskinstance.py:1362} INFO - 
--------------------------------------------------------------------------------
[2023-02-03T17:02:05.007+0000] {taskinstance.py:1363} INFO - Starting attempt 1 of 2
[2023-02-03T17:02:05.007+0000] {taskinstance.py:1364} INFO - 
--------------------------------------------------------------------------------
[2023-02-03T17:02:05.020+0000] {taskinstance.py:1383} INFO - Executing <Task(PythonOperator): delete_s3bucket_files> on 2023-02-02 17:00:00+00:00
[2023-02-03T17:02:05.023+0000] {standard_task_runner.py:55} INFO - Started process 45605 to run task
[2023-02-03T17:02:05.026+0000] {standard_task_runner.py:82} INFO - Running: ['airflow', 'tasks', 'run', 'spotify_dag_prac', 'delete_s3bucket_files', 'scheduled__2023-02-02T17:00:00+00:00', '--job-id', '648', '--raw', '--subdir', 'DAGS_FOLDER/prac.py', '--cfg-path', '/tmp/tmp_nf9mxnc']
[2023-02-03T17:02:05.027+0000] {standard_task_runner.py:83} INFO - Job 648: Subtask delete_s3bucket_files
[2023-02-03T17:02:05.066+0000] {task_command.py:376} INFO - Running <TaskInstance: spotify_dag_prac.delete_s3bucket_files scheduled__2023-02-02T17:00:00+00:00 [running]> on host ip-172-31-26-59.ap-northeast-2.compute.internal
[2023-02-03T17:02:05.112+0000] {taskinstance.py:1590} INFO - Exporting the following env vars:
AIRFLOW_CTX_DAG_EMAIL=nywkim@example.com
AIRFLOW_CTX_DAG_OWNER=airflow
AIRFLOW_CTX_DAG_ID=spotify_dag_prac
AIRFLOW_CTX_TASK_ID=delete_s3bucket_files
AIRFLOW_CTX_EXECUTION_DATE=2023-02-02T17:00:00+00:00
AIRFLOW_CTX_TRY_NUMBER=1
AIRFLOW_CTX_DAG_RUN_ID=scheduled__2023-02-02T17:00:00+00:00
[2023-02-03T17:02:05.126+0000] {credentials.py:1251} INFO - Found credentials in shared credentials file: ~/.aws/credentials
[2023-02-03T17:02:05.373+0000] {logging_mixin.py:120} INFO - Deleting logs/20230203_17.csv
[2023-02-03T17:02:05.396+0000] {logging_mixin.py:120} INFO - Deleting logs/20230203_21.csv
[2023-02-03T17:02:05.421+0000] {logging_mixin.py:120} INFO - Deleting logs/20230203_23.csv
[2023-02-03T17:02:05.446+0000] {logging_mixin.py:120} INFO - Deleting logs/20230204_01.csv
[2023-02-03T17:02:05.503+0000] {python.py:177} INFO - Done. Returned value was: None
[2023-02-03T17:02:05.508+0000] {taskinstance.py:1401} INFO - Marking task as SUCCESS. dag_id=spotify_dag_prac, task_id=delete_s3bucket_files, execution_date=20230202T170000, start_date=20230203T170205, end_date=20230203T170205
[2023-02-03T17:02:05.559+0000] {local_task_job.py:164} INFO - Task exited with return code 0
[2023-02-03T17:02:05.569+0000] {local_task_job.py:273} INFO - 0 downstream tasks scheduled from follow-on schedule check
