[2023-01-29T18:00:17.035+0000] {taskinstance.py:1165} INFO - Dependencies all met for <TaskInstance: spotify_dag.crawl_s3 scheduled__2023-01-29T16:00:00+00:00 [queued]>
[2023-01-29T18:00:17.042+0000] {taskinstance.py:1165} INFO - Dependencies all met for <TaskInstance: spotify_dag.crawl_s3 scheduled__2023-01-29T16:00:00+00:00 [queued]>
[2023-01-29T18:00:17.042+0000] {taskinstance.py:1362} INFO - 
--------------------------------------------------------------------------------
[2023-01-29T18:00:17.042+0000] {taskinstance.py:1363} INFO - Starting attempt 1 of 2
[2023-01-29T18:00:17.042+0000] {taskinstance.py:1364} INFO - 
--------------------------------------------------------------------------------
[2023-01-29T18:00:17.056+0000] {taskinstance.py:1383} INFO - Executing <Task(GlueCrawlerOperator): crawl_s3> on 2023-01-29 16:00:00+00:00
[2023-01-29T18:00:17.060+0000] {standard_task_runner.py:55} INFO - Started process 1540 to run task
[2023-01-29T18:00:17.064+0000] {standard_task_runner.py:82} INFO - Running: ['airflow', 'tasks', 'run', 'spotify_dag', 'crawl_s3', 'scheduled__2023-01-29T16:00:00+00:00', '--job-id', '461', '--raw', '--subdir', 'DAGS_FOLDER/airflow_dags.py', '--cfg-path', '/tmp/tmp9fx7c3gq']
[2023-01-29T18:00:17.065+0000] {standard_task_runner.py:83} INFO - Job 461: Subtask crawl_s3
[2023-01-29T18:00:17.109+0000] {task_command.py:376} INFO - Running <TaskInstance: spotify_dag.crawl_s3 scheduled__2023-01-29T16:00:00+00:00 [running]> on host ip-172-31-26-59.ap-northeast-2.compute.internal
[2023-01-29T18:00:17.160+0000] {taskinstance.py:1590} INFO - Exporting the following env vars:
AIRFLOW_CTX_DAG_EMAIL=nywkim@example.com
AIRFLOW_CTX_DAG_OWNER=airflow
AIRFLOW_CTX_DAG_ID=spotify_dag
AIRFLOW_CTX_TASK_ID=crawl_s3
AIRFLOW_CTX_EXECUTION_DATE=2023-01-29T16:00:00+00:00
AIRFLOW_CTX_TRY_NUMBER=1
AIRFLOW_CTX_DAG_RUN_ID=scheduled__2023-01-29T16:00:00+00:00
[2023-01-29T18:00:17.160+0000] {glue_crawler.py:55} INFO - Checking if crawler already exists: spotify-crawl
[2023-01-29T18:00:17.165+0000] {base.py:71} INFO - Using connection ID 'aws_default' for task execution.
[2023-01-29T18:00:17.165+0000] {connection_wrapper.py:334} INFO - AWS Connection (conn_id='aws_default', conn_type='aws') credentials retrieved from login and password.
[2023-01-29T18:00:17.842+0000] {base.py:71} INFO - Using connection ID 'aws_default' for task execution.
[2023-01-29T18:00:17.842+0000] {connection_wrapper.py:334} INFO - AWS Connection (conn_id='aws_default', conn_type='aws') credentials retrieved from login and password.
[2023-01-29T18:00:18.145+0000] {glue_crawler.py:82} INFO - Triggering AWS Glue Crawler
[2023-01-29T18:00:18.145+0000] {glue_crawler.py:151} INFO - Starting crawler spotify-crawl
[2023-01-29T18:00:29.432+0000] {glue_crawler.py:85} INFO - Waiting for AWS Glue Crawler
[2023-01-29T18:00:29.488+0000] {glue_crawler.py:188} INFO - Polling for AWS Glue crawler: spotify-crawl 
[2023-01-29T18:00:29.488+0000] {glue_crawler.py:189} INFO - State: RUNNING
[2023-01-29T18:00:29.536+0000] {glue_crawler.py:199} INFO - Crawler should finish soon
[2023-01-29T18:00:34.596+0000] {glue_crawler.py:188} INFO - Polling for AWS Glue crawler: spotify-crawl 
[2023-01-29T18:00:34.596+0000] {glue_crawler.py:189} INFO - State: RUNNING
[2023-01-29T18:00:34.621+0000] {glue_crawler.py:199} INFO - Crawler should finish soon
[2023-01-29T18:00:39.682+0000] {glue_crawler.py:188} INFO - Polling for AWS Glue crawler: spotify-crawl 
[2023-01-29T18:00:39.683+0000] {glue_crawler.py:189} INFO - State: RUNNING
[2023-01-29T18:00:39.720+0000] {glue_crawler.py:199} INFO - Crawler should finish soon
[2023-01-29T18:00:44.777+0000] {glue_crawler.py:188} INFO - Polling for AWS Glue crawler: spotify-crawl 
[2023-01-29T18:00:44.778+0000] {glue_crawler.py:189} INFO - State: RUNNING
[2023-01-29T18:00:44.820+0000] {glue_crawler.py:199} INFO - Crawler should finish soon
[2023-01-29T18:00:49.876+0000] {glue_crawler.py:188} INFO - Polling for AWS Glue crawler: spotify-crawl 
[2023-01-29T18:00:49.876+0000] {glue_crawler.py:189} INFO - State: RUNNING
[2023-01-29T18:00:49.915+0000] {glue_crawler.py:199} INFO - Crawler should finish soon
[2023-01-29T18:00:54.956+0000] {glue_crawler.py:188} INFO - Polling for AWS Glue crawler: spotify-crawl 
[2023-01-29T18:00:54.957+0000] {glue_crawler.py:189} INFO - State: RUNNING
[2023-01-29T18:00:55.007+0000] {glue_crawler.py:199} INFO - Crawler should finish soon
[2023-01-29T18:01:00.081+0000] {glue_crawler.py:188} INFO - Polling for AWS Glue crawler: spotify-crawl 
[2023-01-29T18:01:00.082+0000] {glue_crawler.py:189} INFO - State: RUNNING
[2023-01-29T18:01:00.146+0000] {glue_crawler.py:199} INFO - Crawler should finish soon
[2023-01-29T18:01:05.203+0000] {glue_crawler.py:188} INFO - Polling for AWS Glue crawler: spotify-crawl 
[2023-01-29T18:01:05.203+0000] {glue_crawler.py:189} INFO - State: RUNNING
[2023-01-29T18:01:05.227+0000] {glue_crawler.py:199} INFO - Crawler should finish soon
[2023-01-29T18:01:10.291+0000] {glue_crawler.py:188} INFO - Polling for AWS Glue crawler: spotify-crawl 
[2023-01-29T18:01:10.291+0000] {glue_crawler.py:189} INFO - State: RUNNING
[2023-01-29T18:01:10.331+0000] {glue_crawler.py:199} INFO - Crawler should finish soon
[2023-01-29T18:01:15.385+0000] {glue_crawler.py:188} INFO - Polling for AWS Glue crawler: spotify-crawl 
[2023-01-29T18:01:15.386+0000] {glue_crawler.py:189} INFO - State: RUNNING
[2023-01-29T18:01:15.431+0000] {glue_crawler.py:199} INFO - Crawler should finish soon
[2023-01-29T18:01:20.469+0000] {glue_crawler.py:188} INFO - Polling for AWS Glue crawler: spotify-crawl 
[2023-01-29T18:01:20.469+0000] {glue_crawler.py:189} INFO - State: RUNNING
[2023-01-29T18:01:20.494+0000] {glue_crawler.py:197} INFO - Estimated Time Left (seconds): 15
[2023-01-29T18:01:25.555+0000] {glue_crawler.py:188} INFO - Polling for AWS Glue crawler: spotify-crawl 
[2023-01-29T18:01:25.556+0000] {glue_crawler.py:189} INFO - State: STOPPING
[2023-01-29T18:01:25.594+0000] {glue_crawler.py:197} INFO - Estimated Time Left (seconds): 15
[2023-01-29T18:01:30.633+0000] {glue_crawler.py:188} INFO - Polling for AWS Glue crawler: spotify-crawl 
[2023-01-29T18:01:30.633+0000] {glue_crawler.py:189} INFO - State: STOPPING
[2023-01-29T18:01:30.665+0000] {glue_crawler.py:197} INFO - Estimated Time Left (seconds): 15
[2023-01-29T18:01:35.722+0000] {glue_crawler.py:188} INFO - Polling for AWS Glue crawler: spotify-crawl 
[2023-01-29T18:01:35.722+0000] {glue_crawler.py:189} INFO - State: STOPPING
[2023-01-29T18:01:35.766+0000] {glue_crawler.py:197} INFO - Estimated Time Left (seconds): 15
[2023-01-29T18:01:40.816+0000] {glue_crawler.py:188} INFO - Polling for AWS Glue crawler: spotify-crawl 
[2023-01-29T18:01:40.817+0000] {glue_crawler.py:189} INFO - State: STOPPING
[2023-01-29T18:01:40.853+0000] {glue_crawler.py:197} INFO - Estimated Time Left (seconds): 15
[2023-01-29T18:01:45.892+0000] {glue_crawler.py:188} INFO - Polling for AWS Glue crawler: spotify-crawl 
[2023-01-29T18:01:45.892+0000] {glue_crawler.py:189} INFO - State: STOPPING
[2023-01-29T18:01:45.933+0000] {glue_crawler.py:197} INFO - Estimated Time Left (seconds): 15
[2023-01-29T18:01:51.001+0000] {glue_crawler.py:188} INFO - Polling for AWS Glue crawler: spotify-crawl 
[2023-01-29T18:01:51.001+0000] {glue_crawler.py:189} INFO - State: STOPPING
[2023-01-29T18:01:51.028+0000] {glue_crawler.py:197} INFO - Estimated Time Left (seconds): 15
[2023-01-29T18:01:56.085+0000] {glue_crawler.py:188} INFO - Polling for AWS Glue crawler: spotify-crawl 
[2023-01-29T18:01:56.085+0000] {glue_crawler.py:189} INFO - State: STOPPING
[2023-01-29T18:01:56.110+0000] {glue_crawler.py:197} INFO - Estimated Time Left (seconds): 15
[2023-01-29T18:02:01.167+0000] {glue_crawler.py:188} INFO - Polling for AWS Glue crawler: spotify-crawl 
[2023-01-29T18:02:01.167+0000] {glue_crawler.py:189} INFO - State: STOPPING
[2023-01-29T18:02:01.212+0000] {glue_crawler.py:197} INFO - Estimated Time Left (seconds): 15
[2023-01-29T18:02:06.265+0000] {glue_crawler.py:188} INFO - Polling for AWS Glue crawler: spotify-crawl 
[2023-01-29T18:02:06.265+0000] {glue_crawler.py:189} INFO - State: STOPPING
[2023-01-29T18:02:06.309+0000] {glue_crawler.py:197} INFO - Estimated Time Left (seconds): 15
[2023-01-29T18:02:11.354+0000] {glue_crawler.py:188} INFO - Polling for AWS Glue crawler: spotify-crawl 
[2023-01-29T18:02:11.355+0000] {glue_crawler.py:189} INFO - State: STOPPING
[2023-01-29T18:02:11.386+0000] {glue_crawler.py:197} INFO - Estimated Time Left (seconds): 15
[2023-01-29T18:02:16.447+0000] {glue_crawler.py:188} INFO - Polling for AWS Glue crawler: spotify-crawl 
[2023-01-29T18:02:16.447+0000] {glue_crawler.py:189} INFO - State: STOPPING
[2023-01-29T18:02:16.486+0000] {glue_crawler.py:197} INFO - Estimated Time Left (seconds): 15
[2023-01-29T18:02:21.536+0000] {glue_crawler.py:188} INFO - Polling for AWS Glue crawler: spotify-crawl 
[2023-01-29T18:02:21.536+0000] {glue_crawler.py:189} INFO - State: STOPPING
[2023-01-29T18:02:21.574+0000] {glue_crawler.py:197} INFO - Estimated Time Left (seconds): 15
[2023-01-29T18:02:26.611+0000] {glue_crawler.py:188} INFO - Polling for AWS Glue crawler: spotify-crawl 
[2023-01-29T18:02:26.612+0000] {glue_crawler.py:189} INFO - State: STOPPING
[2023-01-29T18:02:26.656+0000] {glue_crawler.py:197} INFO - Estimated Time Left (seconds): 15
[2023-01-29T18:02:31.707+0000] {glue_crawler.py:188} INFO - Polling for AWS Glue crawler: spotify-crawl 
[2023-01-29T18:02:31.708+0000] {glue_crawler.py:189} INFO - State: STOPPING
[2023-01-29T18:02:31.743+0000] {glue_crawler.py:197} INFO - Estimated Time Left (seconds): 15
[2023-01-29T18:02:36.828+0000] {glue_crawler.py:188} INFO - Polling for AWS Glue crawler: spotify-crawl 
[2023-01-29T18:02:36.828+0000] {glue_crawler.py:189} INFO - State: STOPPING
[2023-01-29T18:02:36.869+0000] {glue_crawler.py:197} INFO - Estimated Time Left (seconds): 15
[2023-01-29T18:02:41.911+0000] {glue_crawler.py:188} INFO - Polling for AWS Glue crawler: spotify-crawl 
[2023-01-29T18:02:41.912+0000] {glue_crawler.py:189} INFO - State: STOPPING
[2023-01-29T18:02:41.936+0000] {glue_crawler.py:197} INFO - Estimated Time Left (seconds): 15
[2023-01-29T18:02:46.986+0000] {glue_crawler.py:188} INFO - Polling for AWS Glue crawler: spotify-crawl 
[2023-01-29T18:02:46.986+0000] {glue_crawler.py:189} INFO - State: STOPPING
[2023-01-29T18:02:47.031+0000] {glue_crawler.py:197} INFO - Estimated Time Left (seconds): 15
[2023-01-29T18:02:52.077+0000] {glue_crawler.py:170} INFO - State: READY
[2023-01-29T18:02:52.077+0000] {glue_crawler.py:171} INFO - crawler_config: {'Name': 'spotify-crawl', 'Role': 'service-role/AWSGlueServiceRole-crawlerclass', 'Targets': {'S3Targets': [{'Path': 's3://airflow-nk/logs', 'Exclusions': []}], 'JdbcTargets': [], 'MongoDBTargets': [], 'DynamoDBTargets': [], 'CatalogTargets': [], 'DeltaTargets': []}, 'DatabaseName': 'spotify', 'Classifiers': [], 'RecrawlPolicy': {'RecrawlBehavior': 'CRAWL_EVERYTHING'}, 'SchemaChangePolicy': {'UpdateBehavior': 'LOG', 'DeleteBehavior': 'LOG'}, 'LineageConfiguration': {'CrawlerLineageSettings': 'DISABLE'}, 'State': 'READY', 'CrawlElapsedTime': 0, 'CreationTime': datetime.datetime(2022, 10, 4, 6, 4, 16, tzinfo=tzlocal()), 'LastUpdated': datetime.datetime(2023, 1, 25, 11, 32, 11, tzinfo=tzlocal()), 'LastCrawl': {'Status': 'SUCCEEDED', 'LogGroup': '/aws-glue/crawlers', 'LogStream': 'spotify-crawl', 'MessagePrefix': '9dc3d0e9-119f-47ce-b82e-25486349ecd5', 'StartTime': datetime.datetime(2023, 1, 29, 18, 0, 18, tzinfo=tzlocal())}, 'Version': 18, 'LakeFormationConfiguration': {'UseLakeFormationCredentials': False, 'AccountId': ''}}
[2023-01-29T18:02:52.111+0000] {glue_crawler.py:178} INFO - Status: SUCCEEDED
[2023-01-29T18:02:52.111+0000] {glue_crawler.py:179} INFO - Last Runtime Duration (seconds): 64.623
[2023-01-29T18:02:52.112+0000] {glue_crawler.py:180} INFO - Median Runtime Duration (seconds): 59.5875
[2023-01-29T18:02:52.112+0000] {glue_crawler.py:181} INFO - Tables Created: 0
[2023-01-29T18:02:52.112+0000] {glue_crawler.py:182} INFO - Tables Updated: 0
[2023-01-29T18:02:52.112+0000] {glue_crawler.py:183} INFO - Tables Deleted: 0
[2023-01-29T18:02:52.130+0000] {taskinstance.py:1401} INFO - Marking task as SUCCESS. dag_id=spotify_dag, task_id=crawl_s3, execution_date=20230129T160000, start_date=20230129T180017, end_date=20230129T180252
[2023-01-29T18:02:52.171+0000] {local_task_job.py:164} INFO - Task exited with return code 0
[2023-01-29T18:02:52.189+0000] {local_task_job.py:273} INFO - 1 downstream tasks scheduled from follow-on schedule check
