[2023-01-25T06:00:10.158+0000] {taskinstance.py:1165} INFO - Dependencies all met for <TaskInstance: spotify_dag.crawl_s3 scheduled__2023-01-25T04:00:00+00:00 [queued]>
[2023-01-25T06:00:10.165+0000] {taskinstance.py:1165} INFO - Dependencies all met for <TaskInstance: spotify_dag.crawl_s3 scheduled__2023-01-25T04:00:00+00:00 [queued]>
[2023-01-25T06:00:10.165+0000] {taskinstance.py:1362} INFO - 
--------------------------------------------------------------------------------
[2023-01-25T06:00:10.165+0000] {taskinstance.py:1363} INFO - Starting attempt 1 of 2
[2023-01-25T06:00:10.165+0000] {taskinstance.py:1364} INFO - 
--------------------------------------------------------------------------------
[2023-01-25T06:00:10.177+0000] {taskinstance.py:1383} INFO - Executing <Task(GlueCrawlerOperator): crawl_s3> on 2023-01-25 04:00:00+00:00
[2023-01-25T06:00:10.180+0000] {standard_task_runner.py:55} INFO - Started process 3048 to run task
[2023-01-25T06:00:10.184+0000] {standard_task_runner.py:82} INFO - Running: ['airflow', 'tasks', 'run', 'spotify_dag', 'crawl_s3', 'scheduled__2023-01-25T04:00:00+00:00', '--job-id', '312', '--raw', '--subdir', 'DAGS_FOLDER/airflow_dags.py', '--cfg-path', '/tmp/tmpnj4kiuun']
[2023-01-25T06:00:10.186+0000] {standard_task_runner.py:83} INFO - Job 312: Subtask crawl_s3
[2023-01-25T06:00:10.224+0000] {task_command.py:376} INFO - Running <TaskInstance: spotify_dag.crawl_s3 scheduled__2023-01-25T04:00:00+00:00 [running]> on host ip-172-31-26-59.ap-northeast-2.compute.internal
[2023-01-25T06:00:10.269+0000] {taskinstance.py:1590} INFO - Exporting the following env vars:
AIRFLOW_CTX_DAG_EMAIL=nywkim@example.com
AIRFLOW_CTX_DAG_OWNER=airflow
AIRFLOW_CTX_DAG_ID=spotify_dag
AIRFLOW_CTX_TASK_ID=crawl_s3
AIRFLOW_CTX_EXECUTION_DATE=2023-01-25T04:00:00+00:00
AIRFLOW_CTX_TRY_NUMBER=1
AIRFLOW_CTX_DAG_RUN_ID=scheduled__2023-01-25T04:00:00+00:00
[2023-01-25T06:00:10.270+0000] {glue_crawler.py:55} INFO - Checking if crawler already exists: spotify-crawl
[2023-01-25T06:00:10.274+0000] {base.py:71} INFO - Using connection ID 'aws_default' for task execution.
[2023-01-25T06:00:10.274+0000] {connection_wrapper.py:334} INFO - AWS Connection (conn_id='aws_default', conn_type='aws') credentials retrieved from login and password.
[2023-01-25T06:00:10.943+0000] {base.py:71} INFO - Using connection ID 'aws_default' for task execution.
[2023-01-25T06:00:10.944+0000] {connection_wrapper.py:334} INFO - AWS Connection (conn_id='aws_default', conn_type='aws') credentials retrieved from login and password.
[2023-01-25T06:00:11.242+0000] {glue_crawler.py:82} INFO - Triggering AWS Glue Crawler
[2023-01-25T06:00:11.242+0000] {glue_crawler.py:151} INFO - Starting crawler spotify-crawl
[2023-01-25T06:00:15.585+0000] {glue_crawler.py:85} INFO - Waiting for AWS Glue Crawler
[2023-01-25T06:00:15.640+0000] {glue_crawler.py:188} INFO - Polling for AWS Glue crawler: spotify-crawl 
[2023-01-25T06:00:15.641+0000] {glue_crawler.py:189} INFO - State: RUNNING
[2023-01-25T06:00:15.687+0000] {glue_crawler.py:199} INFO - Crawler should finish soon
[2023-01-25T06:00:20.753+0000] {glue_crawler.py:188} INFO - Polling for AWS Glue crawler: spotify-crawl 
[2023-01-25T06:00:20.753+0000] {glue_crawler.py:189} INFO - State: RUNNING
[2023-01-25T06:00:20.806+0000] {glue_crawler.py:199} INFO - Crawler should finish soon
[2023-01-25T06:00:25.869+0000] {glue_crawler.py:188} INFO - Polling for AWS Glue crawler: spotify-crawl 
[2023-01-25T06:00:25.869+0000] {glue_crawler.py:189} INFO - State: RUNNING
[2023-01-25T06:00:25.914+0000] {glue_crawler.py:199} INFO - Crawler should finish soon
[2023-01-25T06:00:30.979+0000] {glue_crawler.py:188} INFO - Polling for AWS Glue crawler: spotify-crawl 
[2023-01-25T06:00:30.980+0000] {glue_crawler.py:189} INFO - State: RUNNING
[2023-01-25T06:00:31.028+0000] {glue_crawler.py:199} INFO - Crawler should finish soon
[2023-01-25T06:00:36.095+0000] {glue_crawler.py:188} INFO - Polling for AWS Glue crawler: spotify-crawl 
[2023-01-25T06:00:36.095+0000] {glue_crawler.py:189} INFO - State: RUNNING
[2023-01-25T06:00:36.135+0000] {glue_crawler.py:199} INFO - Crawler should finish soon
[2023-01-25T06:00:41.230+0000] {glue_crawler.py:188} INFO - Polling for AWS Glue crawler: spotify-crawl 
[2023-01-25T06:00:41.231+0000] {glue_crawler.py:189} INFO - State: RUNNING
[2023-01-25T06:00:41.276+0000] {glue_crawler.py:199} INFO - Crawler should finish soon
[2023-01-25T06:00:46.337+0000] {glue_crawler.py:188} INFO - Polling for AWS Glue crawler: spotify-crawl 
[2023-01-25T06:00:46.338+0000] {glue_crawler.py:189} INFO - State: RUNNING
[2023-01-25T06:00:46.368+0000] {glue_crawler.py:199} INFO - Crawler should finish soon
[2023-01-25T06:00:51.407+0000] {glue_crawler.py:188} INFO - Polling for AWS Glue crawler: spotify-crawl 
[2023-01-25T06:00:51.407+0000] {glue_crawler.py:189} INFO - State: RUNNING
[2023-01-25T06:00:51.435+0000] {glue_crawler.py:199} INFO - Crawler should finish soon
[2023-01-25T06:00:56.481+0000] {glue_crawler.py:188} INFO - Polling for AWS Glue crawler: spotify-crawl 
[2023-01-25T06:00:56.482+0000] {glue_crawler.py:189} INFO - State: RUNNING
[2023-01-25T06:00:56.513+0000] {glue_crawler.py:199} INFO - Crawler should finish soon
[2023-01-25T06:01:01.553+0000] {glue_crawler.py:188} INFO - Polling for AWS Glue crawler: spotify-crawl 
[2023-01-25T06:01:01.553+0000] {glue_crawler.py:189} INFO - State: RUNNING
[2023-01-25T06:01:01.582+0000] {glue_crawler.py:197} INFO - Estimated Time Left (seconds): 15
[2023-01-25T06:01:06.648+0000] {glue_crawler.py:188} INFO - Polling for AWS Glue crawler: spotify-crawl 
[2023-01-25T06:01:06.648+0000] {glue_crawler.py:189} INFO - State: STOPPING
[2023-01-25T06:01:06.688+0000] {glue_crawler.py:197} INFO - Estimated Time Left (seconds): 15
[2023-01-25T06:01:11.742+0000] {glue_crawler.py:188} INFO - Polling for AWS Glue crawler: spotify-crawl 
[2023-01-25T06:01:11.743+0000] {glue_crawler.py:189} INFO - State: STOPPING
[2023-01-25T06:01:11.775+0000] {glue_crawler.py:197} INFO - Estimated Time Left (seconds): 15
[2023-01-25T06:01:16.814+0000] {glue_crawler.py:188} INFO - Polling for AWS Glue crawler: spotify-crawl 
[2023-01-25T06:01:16.815+0000] {glue_crawler.py:189} INFO - State: STOPPING
[2023-01-25T06:01:16.844+0000] {glue_crawler.py:197} INFO - Estimated Time Left (seconds): 15
[2023-01-25T06:01:21.888+0000] {glue_crawler.py:188} INFO - Polling for AWS Glue crawler: spotify-crawl 
[2023-01-25T06:01:21.888+0000] {glue_crawler.py:189} INFO - State: STOPPING
[2023-01-25T06:01:21.917+0000] {glue_crawler.py:197} INFO - Estimated Time Left (seconds): 15
[2023-01-25T06:01:26.975+0000] {glue_crawler.py:188} INFO - Polling for AWS Glue crawler: spotify-crawl 
[2023-01-25T06:01:26.975+0000] {glue_crawler.py:189} INFO - State: STOPPING
[2023-01-25T06:01:27.018+0000] {glue_crawler.py:197} INFO - Estimated Time Left (seconds): 15
[2023-01-25T06:01:32.050+0000] {glue_crawler.py:188} INFO - Polling for AWS Glue crawler: spotify-crawl 
[2023-01-25T06:01:32.050+0000] {glue_crawler.py:189} INFO - State: STOPPING
[2023-01-25T06:01:32.085+0000] {glue_crawler.py:197} INFO - Estimated Time Left (seconds): 15
[2023-01-25T06:01:37.124+0000] {glue_crawler.py:188} INFO - Polling for AWS Glue crawler: spotify-crawl 
[2023-01-25T06:01:37.125+0000] {glue_crawler.py:189} INFO - State: STOPPING
[2023-01-25T06:01:37.152+0000] {glue_crawler.py:197} INFO - Estimated Time Left (seconds): 15
[2023-01-25T06:01:42.209+0000] {glue_crawler.py:188} INFO - Polling for AWS Glue crawler: spotify-crawl 
[2023-01-25T06:01:42.209+0000] {glue_crawler.py:189} INFO - State: STOPPING
[2023-01-25T06:01:42.250+0000] {glue_crawler.py:197} INFO - Estimated Time Left (seconds): 15
[2023-01-25T06:01:47.314+0000] {glue_crawler.py:188} INFO - Polling for AWS Glue crawler: spotify-crawl 
[2023-01-25T06:01:47.314+0000] {glue_crawler.py:189} INFO - State: STOPPING
[2023-01-25T06:01:47.360+0000] {glue_crawler.py:197} INFO - Estimated Time Left (seconds): 15
[2023-01-25T06:01:52.414+0000] {glue_crawler.py:188} INFO - Polling for AWS Glue crawler: spotify-crawl 
[2023-01-25T06:01:52.415+0000] {glue_crawler.py:189} INFO - State: STOPPING
[2023-01-25T06:01:52.452+0000] {glue_crawler.py:197} INFO - Estimated Time Left (seconds): 15
[2023-01-25T06:01:57.502+0000] {glue_crawler.py:188} INFO - Polling for AWS Glue crawler: spotify-crawl 
[2023-01-25T06:01:57.502+0000] {glue_crawler.py:189} INFO - State: STOPPING
[2023-01-25T06:01:57.533+0000] {glue_crawler.py:197} INFO - Estimated Time Left (seconds): 15
[2023-01-25T06:02:02.589+0000] {glue_crawler.py:188} INFO - Polling for AWS Glue crawler: spotify-crawl 
[2023-01-25T06:02:02.589+0000] {glue_crawler.py:189} INFO - State: STOPPING
[2023-01-25T06:02:02.630+0000] {glue_crawler.py:197} INFO - Estimated Time Left (seconds): 15
[2023-01-25T06:02:07.700+0000] {glue_crawler.py:188} INFO - Polling for AWS Glue crawler: spotify-crawl 
[2023-01-25T06:02:07.700+0000] {glue_crawler.py:189} INFO - State: STOPPING
[2023-01-25T06:02:07.751+0000] {glue_crawler.py:197} INFO - Estimated Time Left (seconds): 15
[2023-01-25T06:02:12.796+0000] {glue_crawler.py:188} INFO - Polling for AWS Glue crawler: spotify-crawl 
[2023-01-25T06:02:12.796+0000] {glue_crawler.py:189} INFO - State: STOPPING
[2023-01-25T06:02:12.839+0000] {glue_crawler.py:197} INFO - Estimated Time Left (seconds): 15
[2023-01-25T06:02:17.874+0000] {glue_crawler.py:188} INFO - Polling for AWS Glue crawler: spotify-crawl 
[2023-01-25T06:02:17.874+0000] {glue_crawler.py:189} INFO - State: STOPPING
[2023-01-25T06:02:17.903+0000] {glue_crawler.py:197} INFO - Estimated Time Left (seconds): 15
[2023-01-25T06:02:22.956+0000] {glue_crawler.py:188} INFO - Polling for AWS Glue crawler: spotify-crawl 
[2023-01-25T06:02:22.956+0000] {glue_crawler.py:189} INFO - State: STOPPING
[2023-01-25T06:02:22.992+0000] {glue_crawler.py:197} INFO - Estimated Time Left (seconds): 15
[2023-01-25T06:02:28.047+0000] {glue_crawler.py:188} INFO - Polling for AWS Glue crawler: spotify-crawl 
[2023-01-25T06:02:28.047+0000] {glue_crawler.py:189} INFO - State: STOPPING
[2023-01-25T06:02:28.105+0000] {glue_crawler.py:197} INFO - Estimated Time Left (seconds): 15
[2023-01-25T06:02:33.168+0000] {glue_crawler.py:188} INFO - Polling for AWS Glue crawler: spotify-crawl 
[2023-01-25T06:02:33.168+0000] {glue_crawler.py:189} INFO - State: STOPPING
[2023-01-25T06:02:33.200+0000] {glue_crawler.py:197} INFO - Estimated Time Left (seconds): 15
[2023-01-25T06:02:38.244+0000] {glue_crawler.py:170} INFO - State: READY
[2023-01-25T06:02:38.245+0000] {glue_crawler.py:171} INFO - crawler_config: {'Name': 'spotify-crawl', 'Role': 'service-role/AWSGlueServiceRole-crawlerclass', 'Targets': {'S3Targets': [{'Path': 's3://airflow-nk/logs', 'Exclusions': []}], 'JdbcTargets': [], 'MongoDBTargets': [], 'DynamoDBTargets': [], 'CatalogTargets': [], 'DeltaTargets': []}, 'DatabaseName': 'spotify', 'Classifiers': [], 'RecrawlPolicy': {'RecrawlBehavior': 'CRAWL_EVERYTHING'}, 'SchemaChangePolicy': {'UpdateBehavior': 'LOG', 'DeleteBehavior': 'LOG'}, 'LineageConfiguration': {'CrawlerLineageSettings': 'DISABLE'}, 'State': 'READY', 'CrawlElapsedTime': 0, 'CreationTime': datetime.datetime(2022, 10, 4, 6, 4, 16, tzinfo=tzlocal()), 'LastUpdated': datetime.datetime(2023, 1, 19, 16, 14, 8, tzinfo=tzlocal()), 'LastCrawl': {'Status': 'SUCCEEDED', 'LogGroup': '/aws-glue/crawlers', 'LogStream': 'spotify-crawl', 'MessagePrefix': '918a8bdf-3485-4b76-9886-b6268cd0f403', 'StartTime': datetime.datetime(2023, 1, 25, 6, 0, 11, tzinfo=tzlocal())}, 'Version': 16, 'LakeFormationConfiguration': {'UseLakeFormationCredentials': False, 'AccountId': ''}}
[2023-01-25T06:02:38.286+0000] {glue_crawler.py:178} INFO - Status: SUCCEEDED
[2023-01-25T06:02:38.286+0000] {glue_crawler.py:179} INFO - Last Runtime Duration (seconds): 54.121
[2023-01-25T06:02:38.287+0000] {glue_crawler.py:180} INFO - Median Runtime Duration (seconds): 50.167
[2023-01-25T06:02:38.287+0000] {glue_crawler.py:181} INFO - Tables Created: 0
[2023-01-25T06:02:38.287+0000] {glue_crawler.py:182} INFO - Tables Updated: 0
[2023-01-25T06:02:38.287+0000] {glue_crawler.py:183} INFO - Tables Deleted: 0
[2023-01-25T06:02:38.301+0000] {taskinstance.py:1401} INFO - Marking task as SUCCESS. dag_id=spotify_dag, task_id=crawl_s3, execution_date=20230125T040000, start_date=20230125T060010, end_date=20230125T060238
[2023-01-25T06:02:38.351+0000] {local_task_job.py:164} INFO - Task exited with return code 0
[2023-01-25T06:02:38.382+0000] {local_task_job.py:273} INFO - 1 downstream tasks scheduled from follow-on schedule check
