[2023-01-31T12:00:14.906+0000] {taskinstance.py:1165} INFO - Dependencies all met for <TaskInstance: spotify_dag.crawl_s3 scheduled__2023-01-31T10:00:00+00:00 [queued]>
[2023-01-31T12:00:14.912+0000] {taskinstance.py:1165} INFO - Dependencies all met for <TaskInstance: spotify_dag.crawl_s3 scheduled__2023-01-31T10:00:00+00:00 [queued]>
[2023-01-31T12:00:14.913+0000] {taskinstance.py:1362} INFO - 
--------------------------------------------------------------------------------
[2023-01-31T12:00:14.913+0000] {taskinstance.py:1363} INFO - Starting attempt 1 of 2
[2023-01-31T12:00:14.913+0000] {taskinstance.py:1364} INFO - 
--------------------------------------------------------------------------------
[2023-01-31T12:00:14.926+0000] {taskinstance.py:1383} INFO - Executing <Task(GlueCrawlerOperator): crawl_s3> on 2023-01-31 10:00:00+00:00
[2023-01-31T12:00:14.929+0000] {standard_task_runner.py:55} INFO - Started process 6104 to run task
[2023-01-31T12:00:14.933+0000] {standard_task_runner.py:82} INFO - Running: ['airflow', 'tasks', 'run', 'spotify_dag', 'crawl_s3', 'scheduled__2023-01-31T10:00:00+00:00', '--job-id', '525', '--raw', '--subdir', 'DAGS_FOLDER/airflow_dags.py', '--cfg-path', '/tmp/tmpz6s9wfv4']
[2023-01-31T12:00:14.934+0000] {standard_task_runner.py:83} INFO - Job 525: Subtask crawl_s3
[2023-01-31T12:00:14.978+0000] {task_command.py:376} INFO - Running <TaskInstance: spotify_dag.crawl_s3 scheduled__2023-01-31T10:00:00+00:00 [running]> on host ip-172-31-26-59.ap-northeast-2.compute.internal
[2023-01-31T12:00:15.030+0000] {taskinstance.py:1590} INFO - Exporting the following env vars:
AIRFLOW_CTX_DAG_EMAIL=nywkim@example.com
AIRFLOW_CTX_DAG_OWNER=airflow
AIRFLOW_CTX_DAG_ID=spotify_dag
AIRFLOW_CTX_TASK_ID=crawl_s3
AIRFLOW_CTX_EXECUTION_DATE=2023-01-31T10:00:00+00:00
AIRFLOW_CTX_TRY_NUMBER=1
AIRFLOW_CTX_DAG_RUN_ID=scheduled__2023-01-31T10:00:00+00:00
[2023-01-31T12:00:15.031+0000] {glue_crawler.py:55} INFO - Checking if crawler already exists: spotify-crawl
[2023-01-31T12:00:15.036+0000] {base.py:71} INFO - Using connection ID 'aws_default' for task execution.
[2023-01-31T12:00:15.036+0000] {connection_wrapper.py:334} INFO - AWS Connection (conn_id='aws_default', conn_type='aws') credentials retrieved from login and password.
[2023-01-31T12:00:15.718+0000] {base.py:71} INFO - Using connection ID 'aws_default' for task execution.
[2023-01-31T12:00:15.719+0000] {connection_wrapper.py:334} INFO - AWS Connection (conn_id='aws_default', conn_type='aws') credentials retrieved from login and password.
[2023-01-31T12:00:16.028+0000] {glue_crawler.py:82} INFO - Triggering AWS Glue Crawler
[2023-01-31T12:00:16.028+0000] {glue_crawler.py:151} INFO - Starting crawler spotify-crawl
[2023-01-31T12:00:27.342+0000] {glue_crawler.py:85} INFO - Waiting for AWS Glue Crawler
[2023-01-31T12:00:27.393+0000] {glue_crawler.py:188} INFO - Polling for AWS Glue crawler: spotify-crawl 
[2023-01-31T12:00:27.393+0000] {glue_crawler.py:189} INFO - State: RUNNING
[2023-01-31T12:00:27.436+0000] {glue_crawler.py:199} INFO - Crawler should finish soon
[2023-01-31T12:00:32.489+0000] {glue_crawler.py:188} INFO - Polling for AWS Glue crawler: spotify-crawl 
[2023-01-31T12:00:32.489+0000] {glue_crawler.py:189} INFO - State: RUNNING
[2023-01-31T12:00:32.549+0000] {glue_crawler.py:199} INFO - Crawler should finish soon
[2023-01-31T12:00:37.607+0000] {glue_crawler.py:188} INFO - Polling for AWS Glue crawler: spotify-crawl 
[2023-01-31T12:00:37.607+0000] {glue_crawler.py:189} INFO - State: RUNNING
[2023-01-31T12:00:37.655+0000] {glue_crawler.py:199} INFO - Crawler should finish soon
[2023-01-31T12:00:42.713+0000] {glue_crawler.py:188} INFO - Polling for AWS Glue crawler: spotify-crawl 
[2023-01-31T12:00:42.713+0000] {glue_crawler.py:189} INFO - State: RUNNING
[2023-01-31T12:00:42.755+0000] {glue_crawler.py:199} INFO - Crawler should finish soon
[2023-01-31T12:00:47.823+0000] {glue_crawler.py:188} INFO - Polling for AWS Glue crawler: spotify-crawl 
[2023-01-31T12:00:47.823+0000] {glue_crawler.py:189} INFO - State: RUNNING
[2023-01-31T12:00:47.864+0000] {glue_crawler.py:199} INFO - Crawler should finish soon
[2023-01-31T12:00:52.931+0000] {glue_crawler.py:188} INFO - Polling for AWS Glue crawler: spotify-crawl 
[2023-01-31T12:00:52.931+0000] {glue_crawler.py:189} INFO - State: RUNNING
[2023-01-31T12:00:52.976+0000] {glue_crawler.py:199} INFO - Crawler should finish soon
[2023-01-31T12:00:58.041+0000] {glue_crawler.py:188} INFO - Polling for AWS Glue crawler: spotify-crawl 
[2023-01-31T12:00:58.041+0000] {glue_crawler.py:189} INFO - State: RUNNING
[2023-01-31T12:00:58.083+0000] {glue_crawler.py:199} INFO - Crawler should finish soon
[2023-01-31T12:01:03.146+0000] {glue_crawler.py:188} INFO - Polling for AWS Glue crawler: spotify-crawl 
[2023-01-31T12:01:03.146+0000] {glue_crawler.py:189} INFO - State: RUNNING
[2023-01-31T12:01:03.191+0000] {glue_crawler.py:199} INFO - Crawler should finish soon
[2023-01-31T12:01:08.252+0000] {glue_crawler.py:188} INFO - Polling for AWS Glue crawler: spotify-crawl 
[2023-01-31T12:01:08.252+0000] {glue_crawler.py:189} INFO - State: RUNNING
[2023-01-31T12:01:08.279+0000] {glue_crawler.py:199} INFO - Crawler should finish soon
[2023-01-31T12:01:13.344+0000] {glue_crawler.py:188} INFO - Polling for AWS Glue crawler: spotify-crawl 
[2023-01-31T12:01:13.344+0000] {glue_crawler.py:189} INFO - State: RUNNING
[2023-01-31T12:01:13.394+0000] {glue_crawler.py:199} INFO - Crawler should finish soon
[2023-01-31T12:01:18.465+0000] {glue_crawler.py:188} INFO - Polling for AWS Glue crawler: spotify-crawl 
[2023-01-31T12:01:18.466+0000] {glue_crawler.py:189} INFO - State: RUNNING
[2023-01-31T12:01:18.492+0000] {glue_crawler.py:199} INFO - Crawler should finish soon
[2023-01-31T12:01:23.555+0000] {glue_crawler.py:188} INFO - Polling for AWS Glue crawler: spotify-crawl 
[2023-01-31T12:01:23.555+0000] {glue_crawler.py:189} INFO - State: RUNNING
[2023-01-31T12:01:23.590+0000] {glue_crawler.py:197} INFO - Estimated Time Left (seconds): 15
[2023-01-31T12:01:28.654+0000] {glue_crawler.py:188} INFO - Polling for AWS Glue crawler: spotify-crawl 
[2023-01-31T12:01:28.654+0000] {glue_crawler.py:189} INFO - State: RUNNING
[2023-01-31T12:01:28.691+0000] {glue_crawler.py:197} INFO - Estimated Time Left (seconds): 15
[2023-01-31T12:01:33.748+0000] {glue_crawler.py:188} INFO - Polling for AWS Glue crawler: spotify-crawl 
[2023-01-31T12:01:33.748+0000] {glue_crawler.py:189} INFO - State: RUNNING
[2023-01-31T12:01:33.795+0000] {glue_crawler.py:197} INFO - Estimated Time Left (seconds): 15
[2023-01-31T12:01:38.844+0000] {glue_crawler.py:188} INFO - Polling for AWS Glue crawler: spotify-crawl 
[2023-01-31T12:01:38.844+0000] {glue_crawler.py:189} INFO - State: RUNNING
[2023-01-31T12:01:38.875+0000] {glue_crawler.py:197} INFO - Estimated Time Left (seconds): 15
[2023-01-31T12:01:43.929+0000] {glue_crawler.py:188} INFO - Polling for AWS Glue crawler: spotify-crawl 
[2023-01-31T12:01:43.929+0000] {glue_crawler.py:189} INFO - State: RUNNING
[2023-01-31T12:01:43.967+0000] {glue_crawler.py:197} INFO - Estimated Time Left (seconds): 15
[2023-01-31T12:01:49.015+0000] {glue_crawler.py:188} INFO - Polling for AWS Glue crawler: spotify-crawl 
[2023-01-31T12:01:49.015+0000] {glue_crawler.py:189} INFO - State: RUNNING
[2023-01-31T12:01:49.053+0000] {glue_crawler.py:197} INFO - Estimated Time Left (seconds): 15
[2023-01-31T12:01:54.093+0000] {glue_crawler.py:188} INFO - Polling for AWS Glue crawler: spotify-crawl 
[2023-01-31T12:01:54.093+0000] {glue_crawler.py:189} INFO - State: RUNNING
[2023-01-31T12:01:54.139+0000] {glue_crawler.py:197} INFO - Estimated Time Left (seconds): 15
[2023-01-31T12:01:59.172+0000] {glue_crawler.py:188} INFO - Polling for AWS Glue crawler: spotify-crawl 
[2023-01-31T12:01:59.173+0000] {glue_crawler.py:189} INFO - State: STOPPING
[2023-01-31T12:01:59.207+0000] {glue_crawler.py:197} INFO - Estimated Time Left (seconds): 15
[2023-01-31T12:02:04.267+0000] {glue_crawler.py:188} INFO - Polling for AWS Glue crawler: spotify-crawl 
[2023-01-31T12:02:04.267+0000] {glue_crawler.py:189} INFO - State: STOPPING
[2023-01-31T12:02:04.309+0000] {glue_crawler.py:197} INFO - Estimated Time Left (seconds): 15
[2023-01-31T12:02:09.347+0000] {glue_crawler.py:188} INFO - Polling for AWS Glue crawler: spotify-crawl 
[2023-01-31T12:02:09.348+0000] {glue_crawler.py:189} INFO - State: STOPPING
[2023-01-31T12:02:09.386+0000] {glue_crawler.py:197} INFO - Estimated Time Left (seconds): 15
[2023-01-31T12:02:14.438+0000] {glue_crawler.py:188} INFO - Polling for AWS Glue crawler: spotify-crawl 
[2023-01-31T12:02:14.438+0000] {glue_crawler.py:189} INFO - State: STOPPING
[2023-01-31T12:02:14.478+0000] {glue_crawler.py:197} INFO - Estimated Time Left (seconds): 15
[2023-01-31T12:02:19.526+0000] {glue_crawler.py:188} INFO - Polling for AWS Glue crawler: spotify-crawl 
[2023-01-31T12:02:19.526+0000] {glue_crawler.py:189} INFO - State: STOPPING
[2023-01-31T12:02:19.584+0000] {glue_crawler.py:197} INFO - Estimated Time Left (seconds): 15
[2023-01-31T12:02:24.633+0000] {glue_crawler.py:188} INFO - Polling for AWS Glue crawler: spotify-crawl 
[2023-01-31T12:02:24.633+0000] {glue_crawler.py:189} INFO - State: STOPPING
[2023-01-31T12:02:24.677+0000] {glue_crawler.py:197} INFO - Estimated Time Left (seconds): 15
[2023-01-31T12:02:29.726+0000] {glue_crawler.py:188} INFO - Polling for AWS Glue crawler: spotify-crawl 
[2023-01-31T12:02:29.726+0000] {glue_crawler.py:189} INFO - State: STOPPING
[2023-01-31T12:02:29.767+0000] {glue_crawler.py:197} INFO - Estimated Time Left (seconds): 15
[2023-01-31T12:02:34.845+0000] {glue_crawler.py:188} INFO - Polling for AWS Glue crawler: spotify-crawl 
[2023-01-31T12:02:34.845+0000] {glue_crawler.py:189} INFO - State: STOPPING
[2023-01-31T12:02:34.880+0000] {glue_crawler.py:197} INFO - Estimated Time Left (seconds): 15
[2023-01-31T12:02:39.928+0000] {glue_crawler.py:188} INFO - Polling for AWS Glue crawler: spotify-crawl 
[2023-01-31T12:02:39.928+0000] {glue_crawler.py:189} INFO - State: STOPPING
[2023-01-31T12:02:39.962+0000] {glue_crawler.py:197} INFO - Estimated Time Left (seconds): 15
[2023-01-31T12:02:45.007+0000] {glue_crawler.py:188} INFO - Polling for AWS Glue crawler: spotify-crawl 
[2023-01-31T12:02:45.008+0000] {glue_crawler.py:189} INFO - State: STOPPING
[2023-01-31T12:02:45.055+0000] {glue_crawler.py:197} INFO - Estimated Time Left (seconds): 15
[2023-01-31T12:02:50.100+0000] {glue_crawler.py:188} INFO - Polling for AWS Glue crawler: spotify-crawl 
[2023-01-31T12:02:50.100+0000] {glue_crawler.py:189} INFO - State: STOPPING
[2023-01-31T12:02:50.141+0000] {glue_crawler.py:197} INFO - Estimated Time Left (seconds): 15
[2023-01-31T12:02:55.198+0000] {glue_crawler.py:188} INFO - Polling for AWS Glue crawler: spotify-crawl 
[2023-01-31T12:02:55.198+0000] {glue_crawler.py:189} INFO - State: STOPPING
[2023-01-31T12:02:55.242+0000] {glue_crawler.py:197} INFO - Estimated Time Left (seconds): 15
[2023-01-31T12:03:00.282+0000] {glue_crawler.py:188} INFO - Polling for AWS Glue crawler: spotify-crawl 
[2023-01-31T12:03:00.282+0000] {glue_crawler.py:189} INFO - State: STOPPING
[2023-01-31T12:03:00.306+0000] {glue_crawler.py:197} INFO - Estimated Time Left (seconds): 15
[2023-01-31T12:03:05.360+0000] {glue_crawler.py:188} INFO - Polling for AWS Glue crawler: spotify-crawl 
[2023-01-31T12:03:05.360+0000] {glue_crawler.py:189} INFO - State: STOPPING
[2023-01-31T12:03:05.406+0000] {glue_crawler.py:197} INFO - Estimated Time Left (seconds): 15
[2023-01-31T12:03:10.468+0000] {glue_crawler.py:188} INFO - Polling for AWS Glue crawler: spotify-crawl 
[2023-01-31T12:03:10.468+0000] {glue_crawler.py:189} INFO - State: STOPPING
[2023-01-31T12:03:10.509+0000] {glue_crawler.py:197} INFO - Estimated Time Left (seconds): 15
[2023-01-31T12:03:15.557+0000] {glue_crawler.py:188} INFO - Polling for AWS Glue crawler: spotify-crawl 
[2023-01-31T12:03:15.557+0000] {glue_crawler.py:189} INFO - State: STOPPING
[2023-01-31T12:03:15.582+0000] {glue_crawler.py:197} INFO - Estimated Time Left (seconds): 15
[2023-01-31T12:03:20.632+0000] {glue_crawler.py:188} INFO - Polling for AWS Glue crawler: spotify-crawl 
[2023-01-31T12:03:20.632+0000] {glue_crawler.py:189} INFO - State: STOPPING
[2023-01-31T12:03:20.675+0000] {glue_crawler.py:197} INFO - Estimated Time Left (seconds): 15
[2023-01-31T12:03:25.713+0000] {glue_crawler.py:188} INFO - Polling for AWS Glue crawler: spotify-crawl 
[2023-01-31T12:03:25.713+0000] {glue_crawler.py:189} INFO - State: STOPPING
[2023-01-31T12:03:25.752+0000] {glue_crawler.py:197} INFO - Estimated Time Left (seconds): 15
[2023-01-31T12:03:30.803+0000] {glue_crawler.py:188} INFO - Polling for AWS Glue crawler: spotify-crawl 
[2023-01-31T12:03:30.804+0000] {glue_crawler.py:189} INFO - State: STOPPING
[2023-01-31T12:03:30.841+0000] {glue_crawler.py:197} INFO - Estimated Time Left (seconds): 15
[2023-01-31T12:03:35.889+0000] {glue_crawler.py:188} INFO - Polling for AWS Glue crawler: spotify-crawl 
[2023-01-31T12:03:35.889+0000] {glue_crawler.py:189} INFO - State: STOPPING
[2023-01-31T12:03:35.933+0000] {glue_crawler.py:197} INFO - Estimated Time Left (seconds): 15
[2023-01-31T12:03:40.996+0000] {glue_crawler.py:188} INFO - Polling for AWS Glue crawler: spotify-crawl 
[2023-01-31T12:03:40.996+0000] {glue_crawler.py:189} INFO - State: STOPPING
[2023-01-31T12:03:41.033+0000] {glue_crawler.py:197} INFO - Estimated Time Left (seconds): 15
[2023-01-31T12:03:46.071+0000] {glue_crawler.py:170} INFO - State: READY
[2023-01-31T12:03:46.072+0000] {glue_crawler.py:171} INFO - crawler_config: {'Name': 'spotify-crawl', 'Role': 'service-role/AWSGlueServiceRole-crawlerclass', 'Targets': {'S3Targets': [{'Path': 's3://airflow-nk/logs', 'Exclusions': []}], 'JdbcTargets': [], 'MongoDBTargets': [], 'DynamoDBTargets': [], 'CatalogTargets': [], 'DeltaTargets': []}, 'DatabaseName': 'spotify', 'Classifiers': [], 'RecrawlPolicy': {'RecrawlBehavior': 'CRAWL_EVERYTHING'}, 'SchemaChangePolicy': {'UpdateBehavior': 'LOG', 'DeleteBehavior': 'LOG'}, 'LineageConfiguration': {'CrawlerLineageSettings': 'DISABLE'}, 'State': 'READY', 'CrawlElapsedTime': 0, 'CreationTime': datetime.datetime(2022, 10, 4, 6, 4, 16, tzinfo=tzlocal()), 'LastUpdated': datetime.datetime(2023, 1, 25, 11, 32, 11, tzinfo=tzlocal()), 'LastCrawl': {'Status': 'SUCCEEDED', 'LogGroup': '/aws-glue/crawlers', 'LogStream': 'spotify-crawl', 'MessagePrefix': '3718bf47-e157-4686-9de5-99775d9061cd', 'StartTime': datetime.datetime(2023, 1, 31, 12, 0, 16, tzinfo=tzlocal())}, 'Version': 18, 'LakeFormationConfiguration': {'UseLakeFormationCredentials': False, 'AccountId': ''}}
[2023-01-31T12:03:46.110+0000] {glue_crawler.py:178} INFO - Status: SUCCEEDED
[2023-01-31T12:03:46.110+0000] {glue_crawler.py:179} INFO - Last Runtime Duration (seconds): 98.452
[2023-01-31T12:03:46.111+0000] {glue_crawler.py:180} INFO - Median Runtime Duration (seconds): 62.182500000000005
[2023-01-31T12:03:46.111+0000] {glue_crawler.py:181} INFO - Tables Created: 0
[2023-01-31T12:03:46.111+0000] {glue_crawler.py:182} INFO - Tables Updated: 0
[2023-01-31T12:03:46.111+0000] {glue_crawler.py:183} INFO - Tables Deleted: 0
[2023-01-31T12:03:46.125+0000] {taskinstance.py:1401} INFO - Marking task as SUCCESS. dag_id=spotify_dag, task_id=crawl_s3, execution_date=20230131T100000, start_date=20230131T120014, end_date=20230131T120346
[2023-01-31T12:03:46.179+0000] {local_task_job.py:164} INFO - Task exited with return code 0
[2023-01-31T12:03:46.204+0000] {local_task_job.py:273} INFO - 1 downstream tasks scheduled from follow-on schedule check
