[2023-01-27T10:00:13.461+0000] {taskinstance.py:1165} INFO - Dependencies all met for <TaskInstance: spotify_dag.crawl_s3 scheduled__2023-01-27T08:00:00+00:00 [queued]>
[2023-01-27T10:00:13.467+0000] {taskinstance.py:1165} INFO - Dependencies all met for <TaskInstance: spotify_dag.crawl_s3 scheduled__2023-01-27T08:00:00+00:00 [queued]>
[2023-01-27T10:00:13.467+0000] {taskinstance.py:1362} INFO - 
--------------------------------------------------------------------------------
[2023-01-27T10:00:13.468+0000] {taskinstance.py:1363} INFO - Starting attempt 1 of 2
[2023-01-27T10:00:13.468+0000] {taskinstance.py:1364} INFO - 
--------------------------------------------------------------------------------
[2023-01-27T10:00:13.480+0000] {taskinstance.py:1383} INFO - Executing <Task(GlueCrawlerOperator): crawl_s3> on 2023-01-27 08:00:00+00:00
[2023-01-27T10:00:13.483+0000] {standard_task_runner.py:55} INFO - Started process 14721 to run task
[2023-01-27T10:00:13.487+0000] {standard_task_runner.py:82} INFO - Running: ['airflow', 'tasks', 'run', 'spotify_dag', 'crawl_s3', 'scheduled__2023-01-27T08:00:00+00:00', '--job-id', '402', '--raw', '--subdir', 'DAGS_FOLDER/airflow_dags.py', '--cfg-path', '/tmp/tmpawzyolwh']
[2023-01-27T10:00:13.488+0000] {standard_task_runner.py:83} INFO - Job 402: Subtask crawl_s3
[2023-01-27T10:00:13.528+0000] {task_command.py:376} INFO - Running <TaskInstance: spotify_dag.crawl_s3 scheduled__2023-01-27T08:00:00+00:00 [running]> on host ip-172-31-26-59.ap-northeast-2.compute.internal
[2023-01-27T10:00:13.573+0000] {taskinstance.py:1590} INFO - Exporting the following env vars:
AIRFLOW_CTX_DAG_EMAIL=nywkim@example.com
AIRFLOW_CTX_DAG_OWNER=airflow
AIRFLOW_CTX_DAG_ID=spotify_dag
AIRFLOW_CTX_TASK_ID=crawl_s3
AIRFLOW_CTX_EXECUTION_DATE=2023-01-27T08:00:00+00:00
AIRFLOW_CTX_TRY_NUMBER=1
AIRFLOW_CTX_DAG_RUN_ID=scheduled__2023-01-27T08:00:00+00:00
[2023-01-27T10:00:13.574+0000] {glue_crawler.py:55} INFO - Checking if crawler already exists: spotify-crawl
[2023-01-27T10:00:13.578+0000] {base.py:71} INFO - Using connection ID 'aws_default' for task execution.
[2023-01-27T10:00:13.578+0000] {connection_wrapper.py:334} INFO - AWS Connection (conn_id='aws_default', conn_type='aws') credentials retrieved from login and password.
[2023-01-27T10:00:14.239+0000] {base.py:71} INFO - Using connection ID 'aws_default' for task execution.
[2023-01-27T10:00:14.240+0000] {connection_wrapper.py:334} INFO - AWS Connection (conn_id='aws_default', conn_type='aws') credentials retrieved from login and password.
[2023-01-27T10:00:14.571+0000] {glue_crawler.py:82} INFO - Triggering AWS Glue Crawler
[2023-01-27T10:00:14.571+0000] {glue_crawler.py:151} INFO - Starting crawler spotify-crawl
[2023-01-27T10:00:14.845+0000] {glue_crawler.py:85} INFO - Waiting for AWS Glue Crawler
[2023-01-27T10:00:14.902+0000] {glue_crawler.py:188} INFO - Polling for AWS Glue crawler: spotify-crawl 
[2023-01-27T10:00:14.902+0000] {glue_crawler.py:189} INFO - State: RUNNING
[2023-01-27T10:00:14.947+0000] {glue_crawler.py:199} INFO - Crawler should finish soon
[2023-01-27T10:00:20.024+0000] {glue_crawler.py:188} INFO - Polling for AWS Glue crawler: spotify-crawl 
[2023-01-27T10:00:20.025+0000] {glue_crawler.py:189} INFO - State: RUNNING
[2023-01-27T10:00:20.065+0000] {glue_crawler.py:199} INFO - Crawler should finish soon
[2023-01-27T10:00:25.117+0000] {glue_crawler.py:188} INFO - Polling for AWS Glue crawler: spotify-crawl 
[2023-01-27T10:00:25.118+0000] {glue_crawler.py:189} INFO - State: RUNNING
[2023-01-27T10:00:25.159+0000] {glue_crawler.py:199} INFO - Crawler should finish soon
[2023-01-27T10:00:30.222+0000] {glue_crawler.py:188} INFO - Polling for AWS Glue crawler: spotify-crawl 
[2023-01-27T10:00:30.222+0000] {glue_crawler.py:189} INFO - State: RUNNING
[2023-01-27T10:00:30.249+0000] {glue_crawler.py:199} INFO - Crawler should finish soon
[2023-01-27T10:00:35.319+0000] {glue_crawler.py:188} INFO - Polling for AWS Glue crawler: spotify-crawl 
[2023-01-27T10:00:35.319+0000] {glue_crawler.py:189} INFO - State: RUNNING
[2023-01-27T10:00:35.364+0000] {glue_crawler.py:199} INFO - Crawler should finish soon
[2023-01-27T10:00:40.398+0000] {glue_crawler.py:188} INFO - Polling for AWS Glue crawler: spotify-crawl 
[2023-01-27T10:00:40.398+0000] {glue_crawler.py:189} INFO - State: RUNNING
[2023-01-27T10:00:40.420+0000] {glue_crawler.py:199} INFO - Crawler should finish soon
[2023-01-27T10:00:45.457+0000] {glue_crawler.py:188} INFO - Polling for AWS Glue crawler: spotify-crawl 
[2023-01-27T10:00:45.457+0000] {glue_crawler.py:189} INFO - State: RUNNING
[2023-01-27T10:00:45.482+0000] {glue_crawler.py:199} INFO - Crawler should finish soon
[2023-01-27T10:00:50.516+0000] {glue_crawler.py:188} INFO - Polling for AWS Glue crawler: spotify-crawl 
[2023-01-27T10:00:50.516+0000] {glue_crawler.py:189} INFO - State: RUNNING
[2023-01-27T10:00:50.541+0000] {glue_crawler.py:199} INFO - Crawler should finish soon
[2023-01-27T10:00:55.602+0000] {glue_crawler.py:188} INFO - Polling for AWS Glue crawler: spotify-crawl 
[2023-01-27T10:00:55.603+0000] {glue_crawler.py:189} INFO - State: RUNNING
[2023-01-27T10:00:55.647+0000] {glue_crawler.py:199} INFO - Crawler should finish soon
[2023-01-27T10:01:00.705+0000] {glue_crawler.py:188} INFO - Polling for AWS Glue crawler: spotify-crawl 
[2023-01-27T10:01:00.706+0000] {glue_crawler.py:189} INFO - State: RUNNING
[2023-01-27T10:01:00.735+0000] {glue_crawler.py:199} INFO - Crawler should finish soon
[2023-01-27T10:01:05.795+0000] {glue_crawler.py:188} INFO - Polling for AWS Glue crawler: spotify-crawl 
[2023-01-27T10:01:05.795+0000] {glue_crawler.py:189} INFO - State: RUNNING
[2023-01-27T10:01:05.842+0000] {glue_crawler.py:197} INFO - Estimated Time Left (seconds): 15
[2023-01-27T10:01:10.907+0000] {glue_crawler.py:188} INFO - Polling for AWS Glue crawler: spotify-crawl 
[2023-01-27T10:01:10.907+0000] {glue_crawler.py:189} INFO - State: STOPPING
[2023-01-27T10:01:10.932+0000] {glue_crawler.py:197} INFO - Estimated Time Left (seconds): 15
[2023-01-27T10:01:15.969+0000] {glue_crawler.py:188} INFO - Polling for AWS Glue crawler: spotify-crawl 
[2023-01-27T10:01:15.970+0000] {glue_crawler.py:189} INFO - State: STOPPING
[2023-01-27T10:01:16.010+0000] {glue_crawler.py:197} INFO - Estimated Time Left (seconds): 15
[2023-01-27T10:01:21.060+0000] {glue_crawler.py:188} INFO - Polling for AWS Glue crawler: spotify-crawl 
[2023-01-27T10:01:21.060+0000] {glue_crawler.py:189} INFO - State: STOPPING
[2023-01-27T10:01:21.093+0000] {glue_crawler.py:197} INFO - Estimated Time Left (seconds): 15
[2023-01-27T10:01:26.144+0000] {glue_crawler.py:188} INFO - Polling for AWS Glue crawler: spotify-crawl 
[2023-01-27T10:01:26.144+0000] {glue_crawler.py:189} INFO - State: STOPPING
[2023-01-27T10:01:26.174+0000] {glue_crawler.py:197} INFO - Estimated Time Left (seconds): 15
[2023-01-27T10:01:31.223+0000] {glue_crawler.py:188} INFO - Polling for AWS Glue crawler: spotify-crawl 
[2023-01-27T10:01:31.223+0000] {glue_crawler.py:189} INFO - State: STOPPING
[2023-01-27T10:01:31.262+0000] {glue_crawler.py:197} INFO - Estimated Time Left (seconds): 15
[2023-01-27T10:01:36.307+0000] {glue_crawler.py:188} INFO - Polling for AWS Glue crawler: spotify-crawl 
[2023-01-27T10:01:36.307+0000] {glue_crawler.py:189} INFO - State: STOPPING
[2023-01-27T10:01:36.353+0000] {glue_crawler.py:197} INFO - Estimated Time Left (seconds): 15
[2023-01-27T10:01:41.408+0000] {glue_crawler.py:188} INFO - Polling for AWS Glue crawler: spotify-crawl 
[2023-01-27T10:01:41.408+0000] {glue_crawler.py:189} INFO - State: STOPPING
[2023-01-27T10:01:41.451+0000] {glue_crawler.py:197} INFO - Estimated Time Left (seconds): 15
[2023-01-27T10:01:46.498+0000] {glue_crawler.py:188} INFO - Polling for AWS Glue crawler: spotify-crawl 
[2023-01-27T10:01:46.498+0000] {glue_crawler.py:189} INFO - State: STOPPING
[2023-01-27T10:01:46.522+0000] {glue_crawler.py:197} INFO - Estimated Time Left (seconds): 15
[2023-01-27T10:01:51.553+0000] {glue_crawler.py:188} INFO - Polling for AWS Glue crawler: spotify-crawl 
[2023-01-27T10:01:51.553+0000] {glue_crawler.py:189} INFO - State: STOPPING
[2023-01-27T10:01:51.578+0000] {glue_crawler.py:197} INFO - Estimated Time Left (seconds): 15
[2023-01-27T10:01:56.638+0000] {glue_crawler.py:188} INFO - Polling for AWS Glue crawler: spotify-crawl 
[2023-01-27T10:01:56.638+0000] {glue_crawler.py:189} INFO - State: STOPPING
[2023-01-27T10:01:56.679+0000] {glue_crawler.py:197} INFO - Estimated Time Left (seconds): 15
[2023-01-27T10:02:01.717+0000] {glue_crawler.py:188} INFO - Polling for AWS Glue crawler: spotify-crawl 
[2023-01-27T10:02:01.717+0000] {glue_crawler.py:189} INFO - State: STOPPING
[2023-01-27T10:02:01.760+0000] {glue_crawler.py:197} INFO - Estimated Time Left (seconds): 15
[2023-01-27T10:02:06.819+0000] {glue_crawler.py:188} INFO - Polling for AWS Glue crawler: spotify-crawl 
[2023-01-27T10:02:06.819+0000] {glue_crawler.py:189} INFO - State: STOPPING
[2023-01-27T10:02:06.859+0000] {glue_crawler.py:197} INFO - Estimated Time Left (seconds): 15
[2023-01-27T10:02:11.898+0000] {glue_crawler.py:188} INFO - Polling for AWS Glue crawler: spotify-crawl 
[2023-01-27T10:02:11.898+0000] {glue_crawler.py:189} INFO - State: STOPPING
[2023-01-27T10:02:11.939+0000] {glue_crawler.py:197} INFO - Estimated Time Left (seconds): 15
[2023-01-27T10:02:16.975+0000] {glue_crawler.py:188} INFO - Polling for AWS Glue crawler: spotify-crawl 
[2023-01-27T10:02:16.975+0000] {glue_crawler.py:189} INFO - State: STOPPING
[2023-01-27T10:02:17.009+0000] {glue_crawler.py:197} INFO - Estimated Time Left (seconds): 15
[2023-01-27T10:02:22.068+0000] {glue_crawler.py:188} INFO - Polling for AWS Glue crawler: spotify-crawl 
[2023-01-27T10:02:22.068+0000] {glue_crawler.py:189} INFO - State: STOPPING
[2023-01-27T10:02:22.105+0000] {glue_crawler.py:197} INFO - Estimated Time Left (seconds): 15
[2023-01-27T10:02:27.143+0000] {glue_crawler.py:188} INFO - Polling for AWS Glue crawler: spotify-crawl 
[2023-01-27T10:02:27.144+0000] {glue_crawler.py:189} INFO - State: STOPPING
[2023-01-27T10:02:27.177+0000] {glue_crawler.py:197} INFO - Estimated Time Left (seconds): 15
[2023-01-27T10:02:32.229+0000] {glue_crawler.py:188} INFO - Polling for AWS Glue crawler: spotify-crawl 
[2023-01-27T10:02:32.229+0000] {glue_crawler.py:189} INFO - State: STOPPING
[2023-01-27T10:02:32.273+0000] {glue_crawler.py:197} INFO - Estimated Time Left (seconds): 15
[2023-01-27T10:02:37.317+0000] {glue_crawler.py:188} INFO - Polling for AWS Glue crawler: spotify-crawl 
[2023-01-27T10:02:37.317+0000] {glue_crawler.py:189} INFO - State: STOPPING
[2023-01-27T10:02:37.342+0000] {glue_crawler.py:197} INFO - Estimated Time Left (seconds): 15
[2023-01-27T10:02:42.376+0000] {glue_crawler.py:188} INFO - Polling for AWS Glue crawler: spotify-crawl 
[2023-01-27T10:02:42.376+0000] {glue_crawler.py:189} INFO - State: STOPPING
[2023-01-27T10:02:42.427+0000] {glue_crawler.py:197} INFO - Estimated Time Left (seconds): 15
[2023-01-27T10:02:47.479+0000] {glue_crawler.py:188} INFO - Polling for AWS Glue crawler: spotify-crawl 
[2023-01-27T10:02:47.479+0000] {glue_crawler.py:189} INFO - State: STOPPING
[2023-01-27T10:02:47.508+0000] {glue_crawler.py:197} INFO - Estimated Time Left (seconds): 15
[2023-01-27T10:02:52.540+0000] {glue_crawler.py:170} INFO - State: READY
[2023-01-27T10:02:52.540+0000] {glue_crawler.py:171} INFO - crawler_config: {'Name': 'spotify-crawl', 'Role': 'service-role/AWSGlueServiceRole-crawlerclass', 'Targets': {'S3Targets': [{'Path': 's3://airflow-nk/logs', 'Exclusions': []}], 'JdbcTargets': [], 'MongoDBTargets': [], 'DynamoDBTargets': [], 'CatalogTargets': [], 'DeltaTargets': []}, 'DatabaseName': 'spotify', 'Classifiers': [], 'RecrawlPolicy': {'RecrawlBehavior': 'CRAWL_EVERYTHING'}, 'SchemaChangePolicy': {'UpdateBehavior': 'LOG', 'DeleteBehavior': 'LOG'}, 'LineageConfiguration': {'CrawlerLineageSettings': 'DISABLE'}, 'State': 'READY', 'CrawlElapsedTime': 0, 'CreationTime': datetime.datetime(2022, 10, 4, 6, 4, 16, tzinfo=tzlocal()), 'LastUpdated': datetime.datetime(2023, 1, 25, 11, 32, 11, tzinfo=tzlocal()), 'LastCrawl': {'Status': 'SUCCEEDED', 'LogGroup': '/aws-glue/crawlers', 'LogStream': 'spotify-crawl', 'MessagePrefix': 'c01d3215-5d6c-4e3c-9ee0-fe9e3abcf5f1', 'StartTime': datetime.datetime(2023, 1, 27, 10, 0, 14, tzinfo=tzlocal())}, 'Version': 18, 'LakeFormationConfiguration': {'UseLakeFormationCredentials': False, 'AccountId': ''}}
[2023-01-27T10:02:52.565+0000] {glue_crawler.py:178} INFO - Status: SUCCEEDED
[2023-01-27T10:02:52.565+0000] {glue_crawler.py:179} INFO - Last Runtime Duration (seconds): 53.032
[2023-01-27T10:02:52.566+0000] {glue_crawler.py:180} INFO - Median Runtime Duration (seconds): 52.793
[2023-01-27T10:02:52.566+0000] {glue_crawler.py:181} INFO - Tables Created: 0
[2023-01-27T10:02:52.566+0000] {glue_crawler.py:182} INFO - Tables Updated: 0
[2023-01-27T10:02:52.566+0000] {glue_crawler.py:183} INFO - Tables Deleted: 0
[2023-01-27T10:02:52.579+0000] {taskinstance.py:1401} INFO - Marking task as SUCCESS. dag_id=spotify_dag, task_id=crawl_s3, execution_date=20230127T080000, start_date=20230127T100013, end_date=20230127T100252
[2023-01-27T10:02:52.627+0000] {local_task_job.py:164} INFO - Task exited with return code 0
[2023-01-27T10:02:52.645+0000] {local_task_job.py:273} INFO - 1 downstream tasks scheduled from follow-on schedule check
