[2023-02-01T08:02:38.899+0000] {taskinstance.py:1165} INFO - Dependencies all met for <TaskInstance: spotify_dag.glue_job scheduled__2023-02-01T06:00:00+00:00 [queued]>
[2023-02-01T08:02:38.906+0000] {taskinstance.py:1165} INFO - Dependencies all met for <TaskInstance: spotify_dag.glue_job scheduled__2023-02-01T06:00:00+00:00 [queued]>
[2023-02-01T08:02:38.907+0000] {taskinstance.py:1362} INFO - 
--------------------------------------------------------------------------------
[2023-02-01T08:02:38.907+0000] {taskinstance.py:1363} INFO - Starting attempt 1 of 2
[2023-02-01T08:02:38.907+0000] {taskinstance.py:1364} INFO - 
--------------------------------------------------------------------------------
[2023-02-01T08:02:38.922+0000] {taskinstance.py:1383} INFO - Executing <Task(PythonOperator): glue_job> on 2023-02-01 06:00:00+00:00
[2023-02-01T08:02:38.925+0000] {standard_task_runner.py:55} INFO - Started process 7153 to run task
[2023-02-01T08:02:38.929+0000] {standard_task_runner.py:82} INFO - Running: ['airflow', 'tasks', 'run', 'spotify_dag', 'glue_job', 'scheduled__2023-02-01T06:00:00+00:00', '--job-id', '547', '--raw', '--subdir', 'DAGS_FOLDER/airflow_dags.py', '--cfg-path', '/tmp/tmpit_8dtfg']
[2023-02-01T08:02:38.931+0000] {standard_task_runner.py:83} INFO - Job 547: Subtask glue_job
[2023-02-01T08:02:38.976+0000] {task_command.py:376} INFO - Running <TaskInstance: spotify_dag.glue_job scheduled__2023-02-01T06:00:00+00:00 [running]> on host ip-172-31-26-59.ap-northeast-2.compute.internal
[2023-02-01T08:02:39.030+0000] {taskinstance.py:1590} INFO - Exporting the following env vars:
AIRFLOW_CTX_DAG_EMAIL=nywkim@example.com
AIRFLOW_CTX_DAG_OWNER=airflow
AIRFLOW_CTX_DAG_ID=spotify_dag
AIRFLOW_CTX_TASK_ID=glue_job
AIRFLOW_CTX_EXECUTION_DATE=2023-02-01T06:00:00+00:00
AIRFLOW_CTX_TRY_NUMBER=1
AIRFLOW_CTX_DAG_RUN_ID=scheduled__2023-02-01T06:00:00+00:00
[2023-02-01T08:02:39.047+0000] {credentials.py:1251} INFO - Found credentials in shared credentials file: ~/.aws/credentials
[2023-02-01T08:02:39.466+0000] {logging_mixin.py:120} INFO - {'JobRunId': 'jr_8098c2789d7f50ec9b90043cfda5ccc9824d5d60e2e687ce85c1d3eb5ee1e3e3', 'ResponseMetadata': {'RequestId': '37a37890-7ac1-4cf9-90fe-b573f0201ab1', 'HTTPStatusCode': 200, 'HTTPHeaders': {'date': 'Wed, 01 Feb 2023 08:02:39 GMT', 'content-type': 'application/x-amz-json-1.1', 'content-length': '82', 'connection': 'keep-alive', 'x-amzn-requestid': '37a37890-7ac1-4cf9-90fe-b573f0201ab1'}, 'RetryAttempts': 0}}
[2023-02-01T08:02:39.467+0000] {python.py:177} INFO - Done. Returned value was: None
[2023-02-01T08:02:39.472+0000] {taskinstance.py:1401} INFO - Marking task as SUCCESS. dag_id=spotify_dag, task_id=glue_job, execution_date=20230201T060000, start_date=20230201T080238, end_date=20230201T080239
[2023-02-01T08:02:39.501+0000] {local_task_job.py:164} INFO - Task exited with return code 0
[2023-02-01T08:02:39.513+0000] {local_task_job.py:273} INFO - 0 downstream tasks scheduled from follow-on schedule check
