[2022-12-27T06:24:18.749+0000] {taskinstance.py:1165} INFO - Dependencies all met for <TaskInstance: spotify_dag.spotify_etl scheduled__2022-12-27T02:00:00+00:00 [queued]>
[2022-12-27T06:24:18.756+0000] {taskinstance.py:1165} INFO - Dependencies all met for <TaskInstance: spotify_dag.spotify_etl scheduled__2022-12-27T02:00:00+00:00 [queued]>
[2022-12-27T06:24:18.756+0000] {taskinstance.py:1362} INFO - 
--------------------------------------------------------------------------------
[2022-12-27T06:24:18.756+0000] {taskinstance.py:1363} INFO - Starting attempt 1 of 2
[2022-12-27T06:24:18.756+0000] {taskinstance.py:1364} INFO - 
--------------------------------------------------------------------------------
[2022-12-27T06:24:18.770+0000] {taskinstance.py:1383} INFO - Executing <Task(PythonOperator): spotify_etl> on 2022-12-27 02:00:00+00:00
[2022-12-27T06:24:18.773+0000] {standard_task_runner.py:55} INFO - Started process 996 to run task
[2022-12-27T06:24:18.776+0000] {standard_task_runner.py:82} INFO - Running: ['airflow', 'tasks', 'run', 'spotify_dag', 'spotify_etl', 'scheduled__2022-12-27T02:00:00+00:00', '--job-id', '199', '--raw', '--subdir', 'DAGS_FOLDER/airflow_dags.py', '--cfg-path', '/tmp/tmprkvedahb']
[2022-12-27T06:24:18.778+0000] {standard_task_runner.py:83} INFO - Job 199: Subtask spotify_etl
[2022-12-27T06:24:18.815+0000] {task_command.py:376} INFO - Running <TaskInstance: spotify_dag.spotify_etl scheduled__2022-12-27T02:00:00+00:00 [running]> on host ip-172-31-26-59.ap-northeast-2.compute.internal
[2022-12-27T06:24:18.842+0000] {logging_mixin.py:120} WARNING - /home/ubuntu/.local/lib/python3.10/site-packages/airflow/utils/context.py:204 AirflowContextDeprecationWarning: Accessing 'execution_date' from the template is deprecated and will be removed in a future version. Please use 'data_interval_start' or 'logical_date' instead.
[2022-12-27T06:24:18.871+0000] {taskinstance.py:1590} INFO - Exporting the following env vars:
AIRFLOW_CTX_DAG_EMAIL=nywkim@example.com
AIRFLOW_CTX_DAG_OWNER=airflow
AIRFLOW_CTX_DAG_ID=spotify_dag
AIRFLOW_CTX_TASK_ID=spotify_etl
AIRFLOW_CTX_EXECUTION_DATE=2022-12-27T02:00:00+00:00
AIRFLOW_CTX_TRY_NUMBER=1
AIRFLOW_CTX_DAG_RUN_ID=scheduled__2022-12-27T02:00:00+00:00
[2022-12-27T06:24:22.537+0000] {python.py:177} INFO - Done. Returned value was: None
[2022-12-27T06:24:22.541+0000] {taskinstance.py:1401} INFO - Marking task as SUCCESS. dag_id=spotify_dag, task_id=spotify_etl, execution_date=20221227T020000, start_date=20221227T062418, end_date=20221227T062422
[2022-12-27T06:24:22.595+0000] {local_task_job.py:164} INFO - Task exited with return code 0
[2022-12-27T06:24:22.605+0000] {local_task_job.py:273} INFO - 0 downstream tasks scheduled from follow-on schedule check
