[2023-01-29T18:02:55.155+0000] {taskinstance.py:1165} INFO - Dependencies all met for <TaskInstance: spotify_dag.glue_job scheduled__2023-01-29T16:00:00+00:00 [queued]>
[2023-01-29T18:02:55.162+0000] {taskinstance.py:1165} INFO - Dependencies all met for <TaskInstance: spotify_dag.glue_job scheduled__2023-01-29T16:00:00+00:00 [queued]>
[2023-01-29T18:02:55.162+0000] {taskinstance.py:1362} INFO - 
--------------------------------------------------------------------------------
[2023-01-29T18:02:55.162+0000] {taskinstance.py:1363} INFO - Starting attempt 1 of 2
[2023-01-29T18:02:55.162+0000] {taskinstance.py:1364} INFO - 
--------------------------------------------------------------------------------
[2023-01-29T18:02:55.176+0000] {taskinstance.py:1383} INFO - Executing <Task(PythonOperator): glue_job> on 2023-01-29 16:00:00+00:00
[2023-01-29T18:02:55.179+0000] {standard_task_runner.py:55} INFO - Started process 1551 to run task
[2023-01-29T18:02:55.183+0000] {standard_task_runner.py:82} INFO - Running: ['airflow', 'tasks', 'run', 'spotify_dag', 'glue_job', 'scheduled__2023-01-29T16:00:00+00:00', '--job-id', '462', '--raw', '--subdir', 'DAGS_FOLDER/airflow_dags.py', '--cfg-path', '/tmp/tmp25e_gm6b']
[2023-01-29T18:02:55.185+0000] {standard_task_runner.py:83} INFO - Job 462: Subtask glue_job
[2023-01-29T18:02:55.228+0000] {task_command.py:376} INFO - Running <TaskInstance: spotify_dag.glue_job scheduled__2023-01-29T16:00:00+00:00 [running]> on host ip-172-31-26-59.ap-northeast-2.compute.internal
[2023-01-29T18:02:55.278+0000] {taskinstance.py:1590} INFO - Exporting the following env vars:
AIRFLOW_CTX_DAG_EMAIL=nywkim@example.com
AIRFLOW_CTX_DAG_OWNER=airflow
AIRFLOW_CTX_DAG_ID=spotify_dag
AIRFLOW_CTX_TASK_ID=glue_job
AIRFLOW_CTX_EXECUTION_DATE=2023-01-29T16:00:00+00:00
AIRFLOW_CTX_TRY_NUMBER=1
AIRFLOW_CTX_DAG_RUN_ID=scheduled__2023-01-29T16:00:00+00:00
[2023-01-29T18:02:55.303+0000] {credentials.py:1048} INFO - Found credentials from IAM Role: EC2_S3_Af
[2023-01-29T18:02:55.696+0000] {logging_mixin.py:120} INFO - {'JobRunId': 'jr_f4985854bccb0b2c5a59043340642f922e7643d8820ed4c893b7939b13d1c505', 'ResponseMetadata': {'RequestId': '21c023c1-6965-4322-b2a2-844bf1cd2d71', 'HTTPStatusCode': 200, 'HTTPHeaders': {'date': 'Sun, 29 Jan 2023 18:02:55 GMT', 'content-type': 'application/x-amz-json-1.1', 'content-length': '82', 'connection': 'keep-alive', 'x-amzn-requestid': '21c023c1-6965-4322-b2a2-844bf1cd2d71'}, 'RetryAttempts': 0}}
[2023-01-29T18:02:55.698+0000] {python.py:177} INFO - Done. Returned value was: None
[2023-01-29T18:02:55.702+0000] {taskinstance.py:1401} INFO - Marking task as SUCCESS. dag_id=spotify_dag, task_id=glue_job, execution_date=20230129T160000, start_date=20230129T180255, end_date=20230129T180255
[2023-01-29T18:02:55.756+0000] {local_task_job.py:164} INFO - Task exited with return code 0
[2023-01-29T18:02:55.768+0000] {local_task_job.py:273} INFO - 0 downstream tasks scheduled from follow-on schedule check
