[2023-02-02T12:00:10.259+0000] {taskinstance.py:1165} INFO - Dependencies all met for <TaskInstance: spotify_dag.crawl_s3 scheduled__2023-02-02T10:00:00+00:00 [queued]>
[2023-02-02T12:00:10.267+0000] {taskinstance.py:1165} INFO - Dependencies all met for <TaskInstance: spotify_dag.crawl_s3 scheduled__2023-02-02T10:00:00+00:00 [queued]>
[2023-02-02T12:00:10.267+0000] {taskinstance.py:1362} INFO - 
--------------------------------------------------------------------------------
[2023-02-02T12:00:10.268+0000] {taskinstance.py:1363} INFO - Starting attempt 1 of 2
[2023-02-02T12:00:10.268+0000] {taskinstance.py:1364} INFO - 
--------------------------------------------------------------------------------
[2023-02-02T12:00:10.285+0000] {taskinstance.py:1383} INFO - Executing <Task(GlueCrawlerOperator): crawl_s3> on 2023-02-02 10:00:00+00:00
[2023-02-02T12:00:10.288+0000] {standard_task_runner.py:55} INFO - Started process 6157 to run task
[2023-02-02T12:00:10.292+0000] {standard_task_runner.py:82} INFO - Running: ['airflow', 'tasks', 'run', 'spotify_dag', 'crawl_s3', 'scheduled__2023-02-02T10:00:00+00:00', '--job-id', '563', '--raw', '--subdir', 'DAGS_FOLDER/airflow_dags.py', '--cfg-path', '/tmp/tmp8fi1a7mh']
[2023-02-02T12:00:10.293+0000] {standard_task_runner.py:83} INFO - Job 563: Subtask crawl_s3
[2023-02-02T12:00:10.333+0000] {task_command.py:376} INFO - Running <TaskInstance: spotify_dag.crawl_s3 scheduled__2023-02-02T10:00:00+00:00 [running]> on host ip-172-31-26-59.ap-northeast-2.compute.internal
[2023-02-02T12:00:10.383+0000] {taskinstance.py:1590} INFO - Exporting the following env vars:
AIRFLOW_CTX_DAG_EMAIL=nywkim@example.com
AIRFLOW_CTX_DAG_OWNER=airflow
AIRFLOW_CTX_DAG_ID=spotify_dag
AIRFLOW_CTX_TASK_ID=crawl_s3
AIRFLOW_CTX_EXECUTION_DATE=2023-02-02T10:00:00+00:00
AIRFLOW_CTX_TRY_NUMBER=1
AIRFLOW_CTX_DAG_RUN_ID=scheduled__2023-02-02T10:00:00+00:00
[2023-02-02T12:00:10.384+0000] {glue_crawler.py:55} INFO - Checking if crawler already exists: spotify-crawl
[2023-02-02T12:00:10.388+0000] {base.py:71} INFO - Using connection ID 'aws_default' for task execution.
[2023-02-02T12:00:10.388+0000] {connection_wrapper.py:334} INFO - AWS Connection (conn_id='aws_default', conn_type='aws') credentials retrieved from login and password.
[2023-02-02T12:00:11.125+0000] {base.py:71} INFO - Using connection ID 'aws_default' for task execution.
[2023-02-02T12:00:11.126+0000] {connection_wrapper.py:334} INFO - AWS Connection (conn_id='aws_default', conn_type='aws') credentials retrieved from login and password.
[2023-02-02T12:00:11.433+0000] {glue_crawler.py:82} INFO - Triggering AWS Glue Crawler
[2023-02-02T12:00:11.433+0000] {glue_crawler.py:151} INFO - Starting crawler spotify-crawl
[2023-02-02T12:00:11.762+0000] {glue_crawler.py:85} INFO - Waiting for AWS Glue Crawler
[2023-02-02T12:00:11.817+0000] {glue_crawler.py:188} INFO - Polling for AWS Glue crawler: spotify-crawl 
[2023-02-02T12:00:11.817+0000] {glue_crawler.py:189} INFO - State: RUNNING
[2023-02-02T12:00:11.857+0000] {glue_crawler.py:199} INFO - Crawler should finish soon
[2023-02-02T12:00:16.915+0000] {glue_crawler.py:188} INFO - Polling for AWS Glue crawler: spotify-crawl 
[2023-02-02T12:00:16.915+0000] {glue_crawler.py:189} INFO - State: RUNNING
[2023-02-02T12:00:16.942+0000] {glue_crawler.py:199} INFO - Crawler should finish soon
[2023-02-02T12:00:21.978+0000] {glue_crawler.py:188} INFO - Polling for AWS Glue crawler: spotify-crawl 
[2023-02-02T12:00:21.978+0000] {glue_crawler.py:189} INFO - State: RUNNING
[2023-02-02T12:00:22.004+0000] {glue_crawler.py:199} INFO - Crawler should finish soon
[2023-02-02T12:00:27.067+0000] {glue_crawler.py:188} INFO - Polling for AWS Glue crawler: spotify-crawl 
[2023-02-02T12:00:27.068+0000] {glue_crawler.py:189} INFO - State: RUNNING
[2023-02-02T12:00:27.112+0000] {glue_crawler.py:199} INFO - Crawler should finish soon
[2023-02-02T12:00:32.167+0000] {glue_crawler.py:188} INFO - Polling for AWS Glue crawler: spotify-crawl 
[2023-02-02T12:00:32.167+0000] {glue_crawler.py:189} INFO - State: RUNNING
[2023-02-02T12:00:32.194+0000] {glue_crawler.py:199} INFO - Crawler should finish soon
[2023-02-02T12:00:37.256+0000] {glue_crawler.py:188} INFO - Polling for AWS Glue crawler: spotify-crawl 
[2023-02-02T12:00:37.256+0000] {glue_crawler.py:189} INFO - State: RUNNING
[2023-02-02T12:00:37.303+0000] {glue_crawler.py:199} INFO - Crawler should finish soon
[2023-02-02T12:00:42.341+0000] {glue_crawler.py:188} INFO - Polling for AWS Glue crawler: spotify-crawl 
[2023-02-02T12:00:42.341+0000] {glue_crawler.py:189} INFO - State: RUNNING
[2023-02-02T12:00:42.370+0000] {glue_crawler.py:199} INFO - Crawler should finish soon
[2023-02-02T12:00:47.414+0000] {glue_crawler.py:188} INFO - Polling for AWS Glue crawler: spotify-crawl 
[2023-02-02T12:00:47.415+0000] {glue_crawler.py:189} INFO - State: RUNNING
[2023-02-02T12:00:47.444+0000] {glue_crawler.py:199} INFO - Crawler should finish soon
[2023-02-02T12:00:52.481+0000] {glue_crawler.py:188} INFO - Polling for AWS Glue crawler: spotify-crawl 
[2023-02-02T12:00:52.481+0000] {glue_crawler.py:189} INFO - State: RUNNING
[2023-02-02T12:00:52.507+0000] {glue_crawler.py:199} INFO - Crawler should finish soon
[2023-02-02T12:00:57.564+0000] {glue_crawler.py:188} INFO - Polling for AWS Glue crawler: spotify-crawl 
[2023-02-02T12:00:57.564+0000] {glue_crawler.py:189} INFO - State: RUNNING
[2023-02-02T12:00:57.607+0000] {glue_crawler.py:199} INFO - Crawler should finish soon
[2023-02-02T12:01:02.650+0000] {glue_crawler.py:188} INFO - Polling for AWS Glue crawler: spotify-crawl 
[2023-02-02T12:01:02.650+0000] {glue_crawler.py:189} INFO - State: RUNNING
[2023-02-02T12:01:02.694+0000] {glue_crawler.py:199} INFO - Crawler should finish soon
[2023-02-02T12:01:07.762+0000] {glue_crawler.py:188} INFO - Polling for AWS Glue crawler: spotify-crawl 
[2023-02-02T12:01:07.762+0000] {glue_crawler.py:189} INFO - State: RUNNING
[2023-02-02T12:01:07.955+0000] {glue_crawler.py:199} INFO - Crawler should finish soon
[2023-02-02T12:01:13.037+0000] {glue_crawler.py:188} INFO - Polling for AWS Glue crawler: spotify-crawl 
[2023-02-02T12:01:13.038+0000] {glue_crawler.py:189} INFO - State: RUNNING
[2023-02-02T12:01:13.079+0000] {glue_crawler.py:197} INFO - Estimated Time Left (seconds): 15
[2023-02-02T12:01:18.126+0000] {glue_crawler.py:188} INFO - Polling for AWS Glue crawler: spotify-crawl 
[2023-02-02T12:01:18.127+0000] {glue_crawler.py:189} INFO - State: RUNNING
[2023-02-02T12:01:18.170+0000] {glue_crawler.py:197} INFO - Estimated Time Left (seconds): 15
[2023-02-02T12:01:23.206+0000] {glue_crawler.py:188} INFO - Polling for AWS Glue crawler: spotify-crawl 
[2023-02-02T12:01:23.206+0000] {glue_crawler.py:189} INFO - State: STOPPING
[2023-02-02T12:01:23.256+0000] {glue_crawler.py:197} INFO - Estimated Time Left (seconds): 15
[2023-02-02T12:01:28.316+0000] {glue_crawler.py:188} INFO - Polling for AWS Glue crawler: spotify-crawl 
[2023-02-02T12:01:28.316+0000] {glue_crawler.py:189} INFO - State: STOPPING
[2023-02-02T12:01:28.361+0000] {glue_crawler.py:197} INFO - Estimated Time Left (seconds): 15
[2023-02-02T12:01:33.422+0000] {glue_crawler.py:188} INFO - Polling for AWS Glue crawler: spotify-crawl 
[2023-02-02T12:01:33.422+0000] {glue_crawler.py:189} INFO - State: STOPPING
[2023-02-02T12:01:33.465+0000] {glue_crawler.py:197} INFO - Estimated Time Left (seconds): 15
[2023-02-02T12:01:38.508+0000] {glue_crawler.py:188} INFO - Polling for AWS Glue crawler: spotify-crawl 
[2023-02-02T12:01:38.508+0000] {glue_crawler.py:189} INFO - State: STOPPING
[2023-02-02T12:01:38.547+0000] {glue_crawler.py:197} INFO - Estimated Time Left (seconds): 15
[2023-02-02T12:01:43.607+0000] {glue_crawler.py:188} INFO - Polling for AWS Glue crawler: spotify-crawl 
[2023-02-02T12:01:43.607+0000] {glue_crawler.py:189} INFO - State: STOPPING
[2023-02-02T12:01:43.649+0000] {glue_crawler.py:197} INFO - Estimated Time Left (seconds): 15
[2023-02-02T12:01:48.700+0000] {glue_crawler.py:188} INFO - Polling for AWS Glue crawler: spotify-crawl 
[2023-02-02T12:01:48.700+0000] {glue_crawler.py:189} INFO - State: STOPPING
[2023-02-02T12:01:48.726+0000] {glue_crawler.py:197} INFO - Estimated Time Left (seconds): 15
[2023-02-02T12:01:53.771+0000] {glue_crawler.py:188} INFO - Polling for AWS Glue crawler: spotify-crawl 
[2023-02-02T12:01:53.772+0000] {glue_crawler.py:189} INFO - State: STOPPING
[2023-02-02T12:01:53.807+0000] {glue_crawler.py:197} INFO - Estimated Time Left (seconds): 15
[2023-02-02T12:01:58.845+0000] {glue_crawler.py:188} INFO - Polling for AWS Glue crawler: spotify-crawl 
[2023-02-02T12:01:58.845+0000] {glue_crawler.py:189} INFO - State: STOPPING
[2023-02-02T12:01:58.873+0000] {glue_crawler.py:197} INFO - Estimated Time Left (seconds): 15
[2023-02-02T12:02:03.936+0000] {glue_crawler.py:188} INFO - Polling for AWS Glue crawler: spotify-crawl 
[2023-02-02T12:02:03.936+0000] {glue_crawler.py:189} INFO - State: STOPPING
[2023-02-02T12:02:03.971+0000] {glue_crawler.py:197} INFO - Estimated Time Left (seconds): 15
[2023-02-02T12:02:09.033+0000] {glue_crawler.py:188} INFO - Polling for AWS Glue crawler: spotify-crawl 
[2023-02-02T12:02:09.034+0000] {glue_crawler.py:189} INFO - State: STOPPING
[2023-02-02T12:02:09.068+0000] {glue_crawler.py:197} INFO - Estimated Time Left (seconds): 15
[2023-02-02T12:02:14.125+0000] {glue_crawler.py:188} INFO - Polling for AWS Glue crawler: spotify-crawl 
[2023-02-02T12:02:14.126+0000] {glue_crawler.py:189} INFO - State: STOPPING
[2023-02-02T12:02:14.170+0000] {glue_crawler.py:197} INFO - Estimated Time Left (seconds): 15
[2023-02-02T12:02:19.210+0000] {glue_crawler.py:188} INFO - Polling for AWS Glue crawler: spotify-crawl 
[2023-02-02T12:02:19.210+0000] {glue_crawler.py:189} INFO - State: STOPPING
[2023-02-02T12:02:19.239+0000] {glue_crawler.py:197} INFO - Estimated Time Left (seconds): 15
[2023-02-02T12:02:24.275+0000] {glue_crawler.py:188} INFO - Polling for AWS Glue crawler: spotify-crawl 
[2023-02-02T12:02:24.275+0000] {glue_crawler.py:189} INFO - State: STOPPING
[2023-02-02T12:02:24.309+0000] {glue_crawler.py:197} INFO - Estimated Time Left (seconds): 15
[2023-02-02T12:02:29.355+0000] {glue_crawler.py:188} INFO - Polling for AWS Glue crawler: spotify-crawl 
[2023-02-02T12:02:29.355+0000] {glue_crawler.py:189} INFO - State: STOPPING
[2023-02-02T12:02:29.390+0000] {glue_crawler.py:197} INFO - Estimated Time Left (seconds): 15
[2023-02-02T12:02:34.444+0000] {glue_crawler.py:188} INFO - Polling for AWS Glue crawler: spotify-crawl 
[2023-02-02T12:02:34.444+0000] {glue_crawler.py:189} INFO - State: STOPPING
[2023-02-02T12:02:34.484+0000] {glue_crawler.py:197} INFO - Estimated Time Left (seconds): 15
[2023-02-02T12:02:39.528+0000] {glue_crawler.py:188} INFO - Polling for AWS Glue crawler: spotify-crawl 
[2023-02-02T12:02:39.529+0000] {glue_crawler.py:189} INFO - State: STOPPING
[2023-02-02T12:02:39.555+0000] {glue_crawler.py:197} INFO - Estimated Time Left (seconds): 15
[2023-02-02T12:02:44.611+0000] {glue_crawler.py:188} INFO - Polling for AWS Glue crawler: spotify-crawl 
[2023-02-02T12:02:44.611+0000] {glue_crawler.py:189} INFO - State: STOPPING
[2023-02-02T12:02:44.637+0000] {glue_crawler.py:197} INFO - Estimated Time Left (seconds): 15
[2023-02-02T12:02:49.696+0000] {glue_crawler.py:188} INFO - Polling for AWS Glue crawler: spotify-crawl 
[2023-02-02T12:02:49.696+0000] {glue_crawler.py:189} INFO - State: STOPPING
[2023-02-02T12:02:49.730+0000] {glue_crawler.py:197} INFO - Estimated Time Left (seconds): 15
[2023-02-02T12:02:54.775+0000] {glue_crawler.py:188} INFO - Polling for AWS Glue crawler: spotify-crawl 
[2023-02-02T12:02:54.775+0000] {glue_crawler.py:189} INFO - State: STOPPING
[2023-02-02T12:02:54.825+0000] {glue_crawler.py:197} INFO - Estimated Time Left (seconds): 15
[2023-02-02T12:02:59.882+0000] {glue_crawler.py:188} INFO - Polling for AWS Glue crawler: spotify-crawl 
[2023-02-02T12:02:59.883+0000] {glue_crawler.py:189} INFO - State: STOPPING
[2023-02-02T12:02:59.932+0000] {glue_crawler.py:197} INFO - Estimated Time Left (seconds): 15
[2023-02-02T12:03:04.983+0000] {glue_crawler.py:188} INFO - Polling for AWS Glue crawler: spotify-crawl 
[2023-02-02T12:03:04.983+0000] {glue_crawler.py:189} INFO - State: STOPPING
[2023-02-02T12:03:05.026+0000] {glue_crawler.py:197} INFO - Estimated Time Left (seconds): 15
[2023-02-02T12:03:10.079+0000] {glue_crawler.py:188} INFO - Polling for AWS Glue crawler: spotify-crawl 
[2023-02-02T12:03:10.079+0000] {glue_crawler.py:189} INFO - State: STOPPING
[2023-02-02T12:03:10.121+0000] {glue_crawler.py:197} INFO - Estimated Time Left (seconds): 15
[2023-02-02T12:03:15.184+0000] {glue_crawler.py:170} INFO - State: READY
[2023-02-02T12:03:15.184+0000] {glue_crawler.py:171} INFO - crawler_config: {'Name': 'spotify-crawl', 'Role': 'service-role/AWSGlueServiceRole-crawlerclass', 'Targets': {'S3Targets': [{'Path': 's3://airflow-nk/data/gold', 'Exclusions': []}], 'JdbcTargets': [], 'MongoDBTargets': [], 'DynamoDBTargets': [], 'CatalogTargets': [], 'DeltaTargets': []}, 'DatabaseName': 'spotify', 'Classifiers': ['sp_classifieer'], 'RecrawlPolicy': {'RecrawlBehavior': 'CRAWL_EVERYTHING'}, 'SchemaChangePolicy': {'UpdateBehavior': 'LOG', 'DeleteBehavior': 'LOG'}, 'LineageConfiguration': {'CrawlerLineageSettings': 'DISABLE'}, 'State': 'READY', 'CrawlElapsedTime': 0, 'CreationTime': datetime.datetime(2022, 10, 4, 6, 4, 16, tzinfo=tzlocal()), 'LastUpdated': datetime.datetime(2023, 2, 1, 16, 13, 59, tzinfo=tzlocal()), 'LastCrawl': {'Status': 'SUCCEEDED', 'LogGroup': '/aws-glue/crawlers', 'LogStream': 'spotify-crawl', 'MessagePrefix': 'edcc7e3a-7581-43d1-b7ed-7ebc9a347b9f', 'StartTime': datetime.datetime(2023, 2, 2, 12, 0, 11, tzinfo=tzlocal())}, 'Version': 21, 'LakeFormationConfiguration': {'UseLakeFormationCredentials': False, 'AccountId': ''}}
[2023-02-02T12:03:15.210+0000] {glue_crawler.py:178} INFO - Status: SUCCEEDED
[2023-02-02T12:03:15.210+0000] {glue_crawler.py:179} INFO - Last Runtime Duration (seconds): 66.587
[2023-02-02T12:03:15.211+0000] {glue_crawler.py:180} INFO - Median Runtime Duration (seconds): 62.182500000000005
[2023-02-02T12:03:15.211+0000] {glue_crawler.py:181} INFO - Tables Created: 4
[2023-02-02T12:03:15.211+0000] {glue_crawler.py:182} INFO - Tables Updated: 0
[2023-02-02T12:03:15.211+0000] {glue_crawler.py:183} INFO - Tables Deleted: 0
[2023-02-02T12:03:15.231+0000] {taskinstance.py:1401} INFO - Marking task as SUCCESS. dag_id=spotify_dag, task_id=crawl_s3, execution_date=20230202T100000, start_date=20230202T120010, end_date=20230202T120315
[2023-02-02T12:03:15.252+0000] {local_task_job.py:164} INFO - Task exited with return code 0
[2023-02-02T12:03:15.270+0000] {local_task_job.py:273} INFO - 1 downstream tasks scheduled from follow-on schedule check
