[2023-01-29T12:00:15.704+0000] {taskinstance.py:1165} INFO - Dependencies all met for <TaskInstance: spotify_dag.crawl_s3 scheduled__2023-01-29T10:00:00+00:00 [queued]>
[2023-01-29T12:00:15.710+0000] {taskinstance.py:1165} INFO - Dependencies all met for <TaskInstance: spotify_dag.crawl_s3 scheduled__2023-01-29T10:00:00+00:00 [queued]>
[2023-01-29T12:00:15.710+0000] {taskinstance.py:1362} INFO - 
--------------------------------------------------------------------------------
[2023-01-29T12:00:15.710+0000] {taskinstance.py:1363} INFO - Starting attempt 1 of 2
[2023-01-29T12:00:15.710+0000] {taskinstance.py:1364} INFO - 
--------------------------------------------------------------------------------
[2023-01-29T12:00:15.724+0000] {taskinstance.py:1383} INFO - Executing <Task(GlueCrawlerOperator): crawl_s3> on 2023-01-29 10:00:00+00:00
[2023-01-29T12:00:15.727+0000] {standard_task_runner.py:55} INFO - Started process 25108 to run task
[2023-01-29T12:00:15.731+0000] {standard_task_runner.py:82} INFO - Running: ['airflow', 'tasks', 'run', 'spotify_dag', 'crawl_s3', 'scheduled__2023-01-29T10:00:00+00:00', '--job-id', '445', '--raw', '--subdir', 'DAGS_FOLDER/airflow_dags.py', '--cfg-path', '/tmp/tmpk7cmikn6']
[2023-01-29T12:00:15.733+0000] {standard_task_runner.py:83} INFO - Job 445: Subtask crawl_s3
[2023-01-29T12:00:15.775+0000] {task_command.py:376} INFO - Running <TaskInstance: spotify_dag.crawl_s3 scheduled__2023-01-29T10:00:00+00:00 [running]> on host ip-172-31-26-59.ap-northeast-2.compute.internal
[2023-01-29T12:00:15.824+0000] {taskinstance.py:1590} INFO - Exporting the following env vars:
AIRFLOW_CTX_DAG_EMAIL=nywkim@example.com
AIRFLOW_CTX_DAG_OWNER=airflow
AIRFLOW_CTX_DAG_ID=spotify_dag
AIRFLOW_CTX_TASK_ID=crawl_s3
AIRFLOW_CTX_EXECUTION_DATE=2023-01-29T10:00:00+00:00
AIRFLOW_CTX_TRY_NUMBER=1
AIRFLOW_CTX_DAG_RUN_ID=scheduled__2023-01-29T10:00:00+00:00
[2023-01-29T12:00:15.825+0000] {glue_crawler.py:55} INFO - Checking if crawler already exists: spotify-crawl
[2023-01-29T12:00:15.829+0000] {base.py:71} INFO - Using connection ID 'aws_default' for task execution.
[2023-01-29T12:00:15.829+0000] {connection_wrapper.py:334} INFO - AWS Connection (conn_id='aws_default', conn_type='aws') credentials retrieved from login and password.
[2023-01-29T12:00:16.493+0000] {base.py:71} INFO - Using connection ID 'aws_default' for task execution.
[2023-01-29T12:00:16.493+0000] {connection_wrapper.py:334} INFO - AWS Connection (conn_id='aws_default', conn_type='aws') credentials retrieved from login and password.
[2023-01-29T12:00:16.795+0000] {glue_crawler.py:82} INFO - Triggering AWS Glue Crawler
[2023-01-29T12:00:16.795+0000] {glue_crawler.py:151} INFO - Starting crawler spotify-crawl
[2023-01-29T12:00:20.119+0000] {glue_crawler.py:85} INFO - Waiting for AWS Glue Crawler
[2023-01-29T12:00:20.174+0000] {glue_crawler.py:188} INFO - Polling for AWS Glue crawler: spotify-crawl 
[2023-01-29T12:00:20.174+0000] {glue_crawler.py:189} INFO - State: RUNNING
[2023-01-29T12:00:20.215+0000] {glue_crawler.py:199} INFO - Crawler should finish soon
[2023-01-29T12:00:25.282+0000] {glue_crawler.py:188} INFO - Polling for AWS Glue crawler: spotify-crawl 
[2023-01-29T12:00:25.282+0000] {glue_crawler.py:189} INFO - State: RUNNING
[2023-01-29T12:00:25.323+0000] {glue_crawler.py:199} INFO - Crawler should finish soon
[2023-01-29T12:00:30.386+0000] {glue_crawler.py:188} INFO - Polling for AWS Glue crawler: spotify-crawl 
[2023-01-29T12:00:30.386+0000] {glue_crawler.py:189} INFO - State: RUNNING
[2023-01-29T12:00:30.438+0000] {glue_crawler.py:199} INFO - Crawler should finish soon
[2023-01-29T12:00:35.503+0000] {glue_crawler.py:188} INFO - Polling for AWS Glue crawler: spotify-crawl 
[2023-01-29T12:00:35.503+0000] {glue_crawler.py:189} INFO - State: RUNNING
[2023-01-29T12:00:35.545+0000] {glue_crawler.py:199} INFO - Crawler should finish soon
[2023-01-29T12:00:40.601+0000] {glue_crawler.py:188} INFO - Polling for AWS Glue crawler: spotify-crawl 
[2023-01-29T12:00:40.602+0000] {glue_crawler.py:189} INFO - State: RUNNING
[2023-01-29T12:00:40.638+0000] {glue_crawler.py:199} INFO - Crawler should finish soon
[2023-01-29T12:00:45.678+0000] {glue_crawler.py:188} INFO - Polling for AWS Glue crawler: spotify-crawl 
[2023-01-29T12:00:45.678+0000] {glue_crawler.py:189} INFO - State: RUNNING
[2023-01-29T12:00:45.700+0000] {glue_crawler.py:199} INFO - Crawler should finish soon
[2023-01-29T12:00:50.731+0000] {glue_crawler.py:188} INFO - Polling for AWS Glue crawler: spotify-crawl 
[2023-01-29T12:00:50.731+0000] {glue_crawler.py:189} INFO - State: RUNNING
[2023-01-29T12:00:50.755+0000] {glue_crawler.py:199} INFO - Crawler should finish soon
[2023-01-29T12:00:55.797+0000] {glue_crawler.py:188} INFO - Polling for AWS Glue crawler: spotify-crawl 
[2023-01-29T12:00:55.797+0000] {glue_crawler.py:189} INFO - State: RUNNING
[2023-01-29T12:00:55.825+0000] {glue_crawler.py:199} INFO - Crawler should finish soon
[2023-01-29T12:01:00.874+0000] {glue_crawler.py:188} INFO - Polling for AWS Glue crawler: spotify-crawl 
[2023-01-29T12:01:00.874+0000] {glue_crawler.py:189} INFO - State: RUNNING
[2023-01-29T12:01:00.900+0000] {glue_crawler.py:199} INFO - Crawler should finish soon
[2023-01-29T12:01:05.961+0000] {glue_crawler.py:188} INFO - Polling for AWS Glue crawler: spotify-crawl 
[2023-01-29T12:01:05.961+0000] {glue_crawler.py:189} INFO - State: RUNNING
[2023-01-29T12:01:06.004+0000] {glue_crawler.py:197} INFO - Estimated Time Left (seconds): 15
[2023-01-29T12:01:11.046+0000] {glue_crawler.py:188} INFO - Polling for AWS Glue crawler: spotify-crawl 
[2023-01-29T12:01:11.046+0000] {glue_crawler.py:189} INFO - State: STOPPING
[2023-01-29T12:01:11.074+0000] {glue_crawler.py:197} INFO - Estimated Time Left (seconds): 15
[2023-01-29T12:01:16.138+0000] {glue_crawler.py:188} INFO - Polling for AWS Glue crawler: spotify-crawl 
[2023-01-29T12:01:16.139+0000] {glue_crawler.py:189} INFO - State: STOPPING
[2023-01-29T12:01:16.182+0000] {glue_crawler.py:197} INFO - Estimated Time Left (seconds): 15
[2023-01-29T12:01:21.245+0000] {glue_crawler.py:188} INFO - Polling for AWS Glue crawler: spotify-crawl 
[2023-01-29T12:01:21.246+0000] {glue_crawler.py:189} INFO - State: STOPPING
[2023-01-29T12:01:21.290+0000] {glue_crawler.py:197} INFO - Estimated Time Left (seconds): 15
[2023-01-29T12:01:26.351+0000] {glue_crawler.py:188} INFO - Polling for AWS Glue crawler: spotify-crawl 
[2023-01-29T12:01:26.351+0000] {glue_crawler.py:189} INFO - State: STOPPING
[2023-01-29T12:01:26.396+0000] {glue_crawler.py:197} INFO - Estimated Time Left (seconds): 15
[2023-01-29T12:01:31.432+0000] {glue_crawler.py:188} INFO - Polling for AWS Glue crawler: spotify-crawl 
[2023-01-29T12:01:31.433+0000] {glue_crawler.py:189} INFO - State: STOPPING
[2023-01-29T12:01:31.458+0000] {glue_crawler.py:197} INFO - Estimated Time Left (seconds): 15
[2023-01-29T12:01:36.516+0000] {glue_crawler.py:188} INFO - Polling for AWS Glue crawler: spotify-crawl 
[2023-01-29T12:01:36.517+0000] {glue_crawler.py:189} INFO - State: STOPPING
[2023-01-29T12:01:36.553+0000] {glue_crawler.py:197} INFO - Estimated Time Left (seconds): 15
[2023-01-29T12:01:41.593+0000] {glue_crawler.py:188} INFO - Polling for AWS Glue crawler: spotify-crawl 
[2023-01-29T12:01:41.593+0000] {glue_crawler.py:189} INFO - State: STOPPING
[2023-01-29T12:01:41.636+0000] {glue_crawler.py:197} INFO - Estimated Time Left (seconds): 15
[2023-01-29T12:01:46.689+0000] {glue_crawler.py:188} INFO - Polling for AWS Glue crawler: spotify-crawl 
[2023-01-29T12:01:46.689+0000] {glue_crawler.py:189} INFO - State: STOPPING
[2023-01-29T12:01:46.724+0000] {glue_crawler.py:197} INFO - Estimated Time Left (seconds): 15
[2023-01-29T12:01:51.763+0000] {glue_crawler.py:188} INFO - Polling for AWS Glue crawler: spotify-crawl 
[2023-01-29T12:01:51.764+0000] {glue_crawler.py:189} INFO - State: STOPPING
[2023-01-29T12:01:51.791+0000] {glue_crawler.py:197} INFO - Estimated Time Left (seconds): 15
[2023-01-29T12:01:56.844+0000] {glue_crawler.py:188} INFO - Polling for AWS Glue crawler: spotify-crawl 
[2023-01-29T12:01:56.845+0000] {glue_crawler.py:189} INFO - State: STOPPING
[2023-01-29T12:01:56.889+0000] {glue_crawler.py:197} INFO - Estimated Time Left (seconds): 15
[2023-01-29T12:02:01.938+0000] {glue_crawler.py:188} INFO - Polling for AWS Glue crawler: spotify-crawl 
[2023-01-29T12:02:01.938+0000] {glue_crawler.py:189} INFO - State: STOPPING
[2023-01-29T12:02:01.982+0000] {glue_crawler.py:197} INFO - Estimated Time Left (seconds): 15
[2023-01-29T12:02:07.038+0000] {glue_crawler.py:188} INFO - Polling for AWS Glue crawler: spotify-crawl 
[2023-01-29T12:02:07.038+0000] {glue_crawler.py:189} INFO - State: STOPPING
[2023-01-29T12:02:07.064+0000] {glue_crawler.py:197} INFO - Estimated Time Left (seconds): 15
[2023-01-29T12:02:12.109+0000] {glue_crawler.py:188} INFO - Polling for AWS Glue crawler: spotify-crawl 
[2023-01-29T12:02:12.109+0000] {glue_crawler.py:189} INFO - State: STOPPING
[2023-01-29T12:02:12.134+0000] {glue_crawler.py:197} INFO - Estimated Time Left (seconds): 15
[2023-01-29T12:02:17.194+0000] {glue_crawler.py:188} INFO - Polling for AWS Glue crawler: spotify-crawl 
[2023-01-29T12:02:17.194+0000] {glue_crawler.py:189} INFO - State: STOPPING
[2023-01-29T12:02:17.222+0000] {glue_crawler.py:197} INFO - Estimated Time Left (seconds): 15
[2023-01-29T12:02:22.275+0000] {glue_crawler.py:188} INFO - Polling for AWS Glue crawler: spotify-crawl 
[2023-01-29T12:02:22.275+0000] {glue_crawler.py:189} INFO - State: STOPPING
[2023-01-29T12:02:22.311+0000] {glue_crawler.py:197} INFO - Estimated Time Left (seconds): 15
[2023-01-29T12:02:27.369+0000] {glue_crawler.py:188} INFO - Polling for AWS Glue crawler: spotify-crawl 
[2023-01-29T12:02:27.369+0000] {glue_crawler.py:189} INFO - State: STOPPING
[2023-01-29T12:02:27.410+0000] {glue_crawler.py:197} INFO - Estimated Time Left (seconds): 15
[2023-01-29T12:02:32.446+0000] {glue_crawler.py:188} INFO - Polling for AWS Glue crawler: spotify-crawl 
[2023-01-29T12:02:32.446+0000] {glue_crawler.py:189} INFO - State: STOPPING
[2023-01-29T12:02:32.472+0000] {glue_crawler.py:197} INFO - Estimated Time Left (seconds): 15
[2023-01-29T12:02:37.538+0000] {glue_crawler.py:188} INFO - Polling for AWS Glue crawler: spotify-crawl 
[2023-01-29T12:02:37.539+0000] {glue_crawler.py:189} INFO - State: STOPPING
[2023-01-29T12:02:37.581+0000] {glue_crawler.py:197} INFO - Estimated Time Left (seconds): 15
[2023-01-29T12:02:42.633+0000] {glue_crawler.py:188} INFO - Polling for AWS Glue crawler: spotify-crawl 
[2023-01-29T12:02:42.634+0000] {glue_crawler.py:189} INFO - State: STOPPING
[2023-01-29T12:02:42.670+0000] {glue_crawler.py:197} INFO - Estimated Time Left (seconds): 15
[2023-01-29T12:02:47.714+0000] {glue_crawler.py:188} INFO - Polling for AWS Glue crawler: spotify-crawl 
[2023-01-29T12:02:47.715+0000] {glue_crawler.py:189} INFO - State: STOPPING
[2023-01-29T12:02:47.752+0000] {glue_crawler.py:197} INFO - Estimated Time Left (seconds): 15
[2023-01-29T12:02:52.802+0000] {glue_crawler.py:188} INFO - Polling for AWS Glue crawler: spotify-crawl 
[2023-01-29T12:02:52.803+0000] {glue_crawler.py:189} INFO - State: STOPPING
[2023-01-29T12:02:52.839+0000] {glue_crawler.py:197} INFO - Estimated Time Left (seconds): 15
[2023-01-29T12:02:57.882+0000] {glue_crawler.py:188} INFO - Polling for AWS Glue crawler: spotify-crawl 
[2023-01-29T12:02:57.882+0000] {glue_crawler.py:189} INFO - State: STOPPING
[2023-01-29T12:02:57.910+0000] {glue_crawler.py:197} INFO - Estimated Time Left (seconds): 15
[2023-01-29T12:03:02.968+0000] {glue_crawler.py:188} INFO - Polling for AWS Glue crawler: spotify-crawl 
[2023-01-29T12:03:02.968+0000] {glue_crawler.py:189} INFO - State: STOPPING
[2023-01-29T12:03:03.008+0000] {glue_crawler.py:197} INFO - Estimated Time Left (seconds): 15
[2023-01-29T12:03:08.062+0000] {glue_crawler.py:170} INFO - State: READY
[2023-01-29T12:03:08.062+0000] {glue_crawler.py:171} INFO - crawler_config: {'Name': 'spotify-crawl', 'Role': 'service-role/AWSGlueServiceRole-crawlerclass', 'Targets': {'S3Targets': [{'Path': 's3://airflow-nk/logs', 'Exclusions': []}], 'JdbcTargets': [], 'MongoDBTargets': [], 'DynamoDBTargets': [], 'CatalogTargets': [], 'DeltaTargets': []}, 'DatabaseName': 'spotify', 'Classifiers': [], 'RecrawlPolicy': {'RecrawlBehavior': 'CRAWL_EVERYTHING'}, 'SchemaChangePolicy': {'UpdateBehavior': 'LOG', 'DeleteBehavior': 'LOG'}, 'LineageConfiguration': {'CrawlerLineageSettings': 'DISABLE'}, 'State': 'READY', 'CrawlElapsedTime': 0, 'CreationTime': datetime.datetime(2022, 10, 4, 6, 4, 16, tzinfo=tzlocal()), 'LastUpdated': datetime.datetime(2023, 1, 25, 11, 32, 11, tzinfo=tzlocal()), 'LastCrawl': {'Status': 'SUCCEEDED', 'LogGroup': '/aws-glue/crawlers', 'LogStream': 'spotify-crawl', 'MessagePrefix': 'e2dcbf24-4e42-4f14-81e9-e5a3ffd5b936', 'StartTime': datetime.datetime(2023, 1, 29, 12, 0, 16, tzinfo=tzlocal())}, 'Version': 18, 'LakeFormationConfiguration': {'UseLakeFormationCredentials': False, 'AccountId': ''}}
[2023-01-29T12:03:08.096+0000] {glue_crawler.py:178} INFO - Status: SUCCEEDED
[2023-01-29T12:03:08.096+0000] {glue_crawler.py:179} INFO - Last Runtime Duration (seconds): 50.23
[2023-01-29T12:03:08.096+0000] {glue_crawler.py:180} INFO - Median Runtime Duration (seconds): 55.1335
[2023-01-29T12:03:08.096+0000] {glue_crawler.py:181} INFO - Tables Created: 0
[2023-01-29T12:03:08.096+0000] {glue_crawler.py:182} INFO - Tables Updated: 0
[2023-01-29T12:03:08.096+0000] {glue_crawler.py:183} INFO - Tables Deleted: 0
[2023-01-29T12:03:08.118+0000] {taskinstance.py:1401} INFO - Marking task as SUCCESS. dag_id=spotify_dag, task_id=crawl_s3, execution_date=20230129T100000, start_date=20230129T120015, end_date=20230129T120308
[2023-01-29T12:03:08.178+0000] {local_task_job.py:164} INFO - Task exited with return code 0
[2023-01-29T12:03:08.199+0000] {local_task_job.py:273} INFO - 1 downstream tasks scheduled from follow-on schedule check
