[2023-01-28T08:00:10.049+0000] {taskinstance.py:1165} INFO - Dependencies all met for <TaskInstance: spotify_dag.crawl_s3 scheduled__2023-01-28T06:00:00+00:00 [queued]>
[2023-01-28T08:00:10.055+0000] {taskinstance.py:1165} INFO - Dependencies all met for <TaskInstance: spotify_dag.crawl_s3 scheduled__2023-01-28T06:00:00+00:00 [queued]>
[2023-01-28T08:00:10.055+0000] {taskinstance.py:1362} INFO - 
--------------------------------------------------------------------------------
[2023-01-28T08:00:10.055+0000] {taskinstance.py:1363} INFO - Starting attempt 1 of 2
[2023-01-28T08:00:10.055+0000] {taskinstance.py:1364} INFO - 
--------------------------------------------------------------------------------
[2023-01-28T08:00:10.079+0000] {taskinstance.py:1383} INFO - Executing <Task(GlueCrawlerOperator): crawl_s3> on 2023-01-28 06:00:00+00:00
[2023-01-28T08:00:10.082+0000] {standard_task_runner.py:55} INFO - Started process 11202 to run task
[2023-01-28T08:00:10.086+0000] {standard_task_runner.py:82} INFO - Running: ['airflow', 'tasks', 'run', 'spotify_dag', 'crawl_s3', 'scheduled__2023-01-28T06:00:00+00:00', '--job-id', '416', '--raw', '--subdir', 'DAGS_FOLDER/airflow_dags.py', '--cfg-path', '/tmp/tmpnnxwovwt']
[2023-01-28T08:00:10.088+0000] {standard_task_runner.py:83} INFO - Job 416: Subtask crawl_s3
[2023-01-28T08:00:10.141+0000] {task_command.py:376} INFO - Running <TaskInstance: spotify_dag.crawl_s3 scheduled__2023-01-28T06:00:00+00:00 [running]> on host ip-172-31-26-59.ap-northeast-2.compute.internal
[2023-01-28T08:00:10.185+0000] {taskinstance.py:1590} INFO - Exporting the following env vars:
AIRFLOW_CTX_DAG_EMAIL=nywkim@example.com
AIRFLOW_CTX_DAG_OWNER=airflow
AIRFLOW_CTX_DAG_ID=spotify_dag
AIRFLOW_CTX_TASK_ID=crawl_s3
AIRFLOW_CTX_EXECUTION_DATE=2023-01-28T06:00:00+00:00
AIRFLOW_CTX_TRY_NUMBER=1
AIRFLOW_CTX_DAG_RUN_ID=scheduled__2023-01-28T06:00:00+00:00
[2023-01-28T08:00:10.186+0000] {glue_crawler.py:55} INFO - Checking if crawler already exists: spotify-crawl
[2023-01-28T08:00:10.190+0000] {base.py:71} INFO - Using connection ID 'aws_default' for task execution.
[2023-01-28T08:00:10.191+0000] {connection_wrapper.py:334} INFO - AWS Connection (conn_id='aws_default', conn_type='aws') credentials retrieved from login and password.
[2023-01-28T08:00:10.877+0000] {base.py:71} INFO - Using connection ID 'aws_default' for task execution.
[2023-01-28T08:00:10.878+0000] {connection_wrapper.py:334} INFO - AWS Connection (conn_id='aws_default', conn_type='aws') credentials retrieved from login and password.
[2023-01-28T08:00:11.181+0000] {glue_crawler.py:82} INFO - Triggering AWS Glue Crawler
[2023-01-28T08:00:11.181+0000] {glue_crawler.py:151} INFO - Starting crawler spotify-crawl
[2023-01-28T08:00:12.512+0000] {glue_crawler.py:85} INFO - Waiting for AWS Glue Crawler
[2023-01-28T08:00:12.566+0000] {glue_crawler.py:188} INFO - Polling for AWS Glue crawler: spotify-crawl 
[2023-01-28T08:00:12.566+0000] {glue_crawler.py:189} INFO - State: RUNNING
[2023-01-28T08:00:12.614+0000] {glue_crawler.py:199} INFO - Crawler should finish soon
[2023-01-28T08:00:17.673+0000] {glue_crawler.py:188} INFO - Polling for AWS Glue crawler: spotify-crawl 
[2023-01-28T08:00:17.673+0000] {glue_crawler.py:189} INFO - State: RUNNING
[2023-01-28T08:00:17.713+0000] {glue_crawler.py:199} INFO - Crawler should finish soon
[2023-01-28T08:00:22.781+0000] {glue_crawler.py:188} INFO - Polling for AWS Glue crawler: spotify-crawl 
[2023-01-28T08:00:22.781+0000] {glue_crawler.py:189} INFO - State: RUNNING
[2023-01-28T08:00:22.809+0000] {glue_crawler.py:199} INFO - Crawler should finish soon
[2023-01-28T08:00:27.859+0000] {glue_crawler.py:188} INFO - Polling for AWS Glue crawler: spotify-crawl 
[2023-01-28T08:00:27.860+0000] {glue_crawler.py:189} INFO - State: RUNNING
[2023-01-28T08:00:27.901+0000] {glue_crawler.py:199} INFO - Crawler should finish soon
[2023-01-28T08:00:32.960+0000] {glue_crawler.py:188} INFO - Polling for AWS Glue crawler: spotify-crawl 
[2023-01-28T08:00:32.961+0000] {glue_crawler.py:189} INFO - State: RUNNING
[2023-01-28T08:00:33.004+0000] {glue_crawler.py:199} INFO - Crawler should finish soon
[2023-01-28T08:00:38.068+0000] {glue_crawler.py:188} INFO - Polling for AWS Glue crawler: spotify-crawl 
[2023-01-28T08:00:38.068+0000] {glue_crawler.py:189} INFO - State: RUNNING
[2023-01-28T08:00:38.115+0000] {glue_crawler.py:199} INFO - Crawler should finish soon
[2023-01-28T08:00:43.162+0000] {glue_crawler.py:188} INFO - Polling for AWS Glue crawler: spotify-crawl 
[2023-01-28T08:00:43.162+0000] {glue_crawler.py:189} INFO - State: RUNNING
[2023-01-28T08:00:43.188+0000] {glue_crawler.py:199} INFO - Crawler should finish soon
[2023-01-28T08:00:48.247+0000] {glue_crawler.py:188} INFO - Polling for AWS Glue crawler: spotify-crawl 
[2023-01-28T08:00:48.248+0000] {glue_crawler.py:189} INFO - State: RUNNING
[2023-01-28T08:00:48.286+0000] {glue_crawler.py:199} INFO - Crawler should finish soon
[2023-01-28T08:00:53.343+0000] {glue_crawler.py:188} INFO - Polling for AWS Glue crawler: spotify-crawl 
[2023-01-28T08:00:53.343+0000] {glue_crawler.py:189} INFO - State: RUNNING
[2023-01-28T08:00:53.387+0000] {glue_crawler.py:199} INFO - Crawler should finish soon
[2023-01-28T08:00:58.423+0000] {glue_crawler.py:188} INFO - Polling for AWS Glue crawler: spotify-crawl 
[2023-01-28T08:00:58.423+0000] {glue_crawler.py:189} INFO - State: RUNNING
[2023-01-28T08:00:58.452+0000] {glue_crawler.py:199} INFO - Crawler should finish soon
[2023-01-28T08:01:03.489+0000] {glue_crawler.py:188} INFO - Polling for AWS Glue crawler: spotify-crawl 
[2023-01-28T08:01:03.489+0000] {glue_crawler.py:189} INFO - State: RUNNING
[2023-01-28T08:01:03.525+0000] {glue_crawler.py:199} INFO - Crawler should finish soon
[2023-01-28T08:01:08.587+0000] {glue_crawler.py:188} INFO - Polling for AWS Glue crawler: spotify-crawl 
[2023-01-28T08:01:08.587+0000] {glue_crawler.py:189} INFO - State: RUNNING
[2023-01-28T08:01:08.627+0000] {glue_crawler.py:199} INFO - Crawler should finish soon
[2023-01-28T08:01:13.672+0000] {glue_crawler.py:188} INFO - Polling for AWS Glue crawler: spotify-crawl 
[2023-01-28T08:01:13.672+0000] {glue_crawler.py:189} INFO - State: RUNNING
[2023-01-28T08:01:13.713+0000] {glue_crawler.py:197} INFO - Estimated Time Left (seconds): 15
[2023-01-28T08:01:18.760+0000] {glue_crawler.py:188} INFO - Polling for AWS Glue crawler: spotify-crawl 
[2023-01-28T08:01:18.761+0000] {glue_crawler.py:189} INFO - State: STOPPING
[2023-01-28T08:01:18.800+0000] {glue_crawler.py:197} INFO - Estimated Time Left (seconds): 15
[2023-01-28T08:01:23.853+0000] {glue_crawler.py:188} INFO - Polling for AWS Glue crawler: spotify-crawl 
[2023-01-28T08:01:23.854+0000] {glue_crawler.py:189} INFO - State: STOPPING
[2023-01-28T08:01:23.895+0000] {glue_crawler.py:197} INFO - Estimated Time Left (seconds): 15
[2023-01-28T08:01:28.934+0000] {glue_crawler.py:188} INFO - Polling for AWS Glue crawler: spotify-crawl 
[2023-01-28T08:01:28.934+0000] {glue_crawler.py:189} INFO - State: STOPPING
[2023-01-28T08:01:28.972+0000] {glue_crawler.py:197} INFO - Estimated Time Left (seconds): 15
[2023-01-28T08:01:34.030+0000] {glue_crawler.py:188} INFO - Polling for AWS Glue crawler: spotify-crawl 
[2023-01-28T08:01:34.030+0000] {glue_crawler.py:189} INFO - State: STOPPING
[2023-01-28T08:01:34.058+0000] {glue_crawler.py:197} INFO - Estimated Time Left (seconds): 15
[2023-01-28T08:01:39.117+0000] {glue_crawler.py:188} INFO - Polling for AWS Glue crawler: spotify-crawl 
[2023-01-28T08:01:39.117+0000] {glue_crawler.py:189} INFO - State: STOPPING
[2023-01-28T08:01:39.140+0000] {glue_crawler.py:197} INFO - Estimated Time Left (seconds): 15
[2023-01-28T08:01:44.185+0000] {glue_crawler.py:188} INFO - Polling for AWS Glue crawler: spotify-crawl 
[2023-01-28T08:01:44.186+0000] {glue_crawler.py:189} INFO - State: STOPPING
[2023-01-28T08:01:44.228+0000] {glue_crawler.py:197} INFO - Estimated Time Left (seconds): 15
[2023-01-28T08:01:49.267+0000] {glue_crawler.py:188} INFO - Polling for AWS Glue crawler: spotify-crawl 
[2023-01-28T08:01:49.267+0000] {glue_crawler.py:189} INFO - State: STOPPING
[2023-01-28T08:01:49.309+0000] {glue_crawler.py:197} INFO - Estimated Time Left (seconds): 15
[2023-01-28T08:01:54.353+0000] {glue_crawler.py:188} INFO - Polling for AWS Glue crawler: spotify-crawl 
[2023-01-28T08:01:54.353+0000] {glue_crawler.py:189} INFO - State: STOPPING
[2023-01-28T08:01:54.384+0000] {glue_crawler.py:197} INFO - Estimated Time Left (seconds): 15
[2023-01-28T08:01:59.431+0000] {glue_crawler.py:188} INFO - Polling for AWS Glue crawler: spotify-crawl 
[2023-01-28T08:01:59.431+0000] {glue_crawler.py:189} INFO - State: STOPPING
[2023-01-28T08:01:59.457+0000] {glue_crawler.py:197} INFO - Estimated Time Left (seconds): 15
[2023-01-28T08:02:04.497+0000] {glue_crawler.py:188} INFO - Polling for AWS Glue crawler: spotify-crawl 
[2023-01-28T08:02:04.497+0000] {glue_crawler.py:189} INFO - State: STOPPING
[2023-01-28T08:02:04.540+0000] {glue_crawler.py:197} INFO - Estimated Time Left (seconds): 15
[2023-01-28T08:02:09.603+0000] {glue_crawler.py:188} INFO - Polling for AWS Glue crawler: spotify-crawl 
[2023-01-28T08:02:09.603+0000] {glue_crawler.py:189} INFO - State: STOPPING
[2023-01-28T08:02:09.640+0000] {glue_crawler.py:197} INFO - Estimated Time Left (seconds): 15
[2023-01-28T08:02:14.690+0000] {glue_crawler.py:188} INFO - Polling for AWS Glue crawler: spotify-crawl 
[2023-01-28T08:02:14.690+0000] {glue_crawler.py:189} INFO - State: STOPPING
[2023-01-28T08:02:14.718+0000] {glue_crawler.py:197} INFO - Estimated Time Left (seconds): 15
[2023-01-28T08:02:19.764+0000] {glue_crawler.py:188} INFO - Polling for AWS Glue crawler: spotify-crawl 
[2023-01-28T08:02:19.764+0000] {glue_crawler.py:189} INFO - State: STOPPING
[2023-01-28T08:02:19.804+0000] {glue_crawler.py:197} INFO - Estimated Time Left (seconds): 15
[2023-01-28T08:02:24.851+0000] {glue_crawler.py:188} INFO - Polling for AWS Glue crawler: spotify-crawl 
[2023-01-28T08:02:24.851+0000] {glue_crawler.py:189} INFO - State: STOPPING
[2023-01-28T08:02:24.888+0000] {glue_crawler.py:197} INFO - Estimated Time Left (seconds): 15
[2023-01-28T08:02:29.940+0000] {glue_crawler.py:188} INFO - Polling for AWS Glue crawler: spotify-crawl 
[2023-01-28T08:02:29.941+0000] {glue_crawler.py:189} INFO - State: STOPPING
[2023-01-28T08:02:29.980+0000] {glue_crawler.py:197} INFO - Estimated Time Left (seconds): 15
[2023-01-28T08:02:35.013+0000] {glue_crawler.py:188} INFO - Polling for AWS Glue crawler: spotify-crawl 
[2023-01-28T08:02:35.013+0000] {glue_crawler.py:189} INFO - State: STOPPING
[2023-01-28T08:02:35.051+0000] {glue_crawler.py:197} INFO - Estimated Time Left (seconds): 15
[2023-01-28T08:02:40.103+0000] {glue_crawler.py:188} INFO - Polling for AWS Glue crawler: spotify-crawl 
[2023-01-28T08:02:40.104+0000] {glue_crawler.py:189} INFO - State: STOPPING
[2023-01-28T08:02:40.137+0000] {glue_crawler.py:197} INFO - Estimated Time Left (seconds): 15
[2023-01-28T08:02:45.192+0000] {glue_crawler.py:188} INFO - Polling for AWS Glue crawler: spotify-crawl 
[2023-01-28T08:02:45.192+0000] {glue_crawler.py:189} INFO - State: STOPPING
[2023-01-28T08:02:45.227+0000] {glue_crawler.py:197} INFO - Estimated Time Left (seconds): 15
[2023-01-28T08:02:50.266+0000] {glue_crawler.py:188} INFO - Polling for AWS Glue crawler: spotify-crawl 
[2023-01-28T08:02:50.267+0000] {glue_crawler.py:189} INFO - State: STOPPING
[2023-01-28T08:02:50.314+0000] {glue_crawler.py:197} INFO - Estimated Time Left (seconds): 15
[2023-01-28T08:02:55.375+0000] {glue_crawler.py:188} INFO - Polling for AWS Glue crawler: spotify-crawl 
[2023-01-28T08:02:55.375+0000] {glue_crawler.py:189} INFO - State: STOPPING
[2023-01-28T08:02:55.416+0000] {glue_crawler.py:197} INFO - Estimated Time Left (seconds): 15
[2023-01-28T08:03:00.470+0000] {glue_crawler.py:188} INFO - Polling for AWS Glue crawler: spotify-crawl 
[2023-01-28T08:03:00.470+0000] {glue_crawler.py:189} INFO - State: STOPPING
[2023-01-28T08:03:00.511+0000] {glue_crawler.py:197} INFO - Estimated Time Left (seconds): 15
[2023-01-28T08:03:05.580+0000] {glue_crawler.py:188} INFO - Polling for AWS Glue crawler: spotify-crawl 
[2023-01-28T08:03:05.581+0000] {glue_crawler.py:189} INFO - State: STOPPING
[2023-01-28T08:03:05.622+0000] {glue_crawler.py:197} INFO - Estimated Time Left (seconds): 15
[2023-01-28T08:03:10.654+0000] {glue_crawler.py:188} INFO - Polling for AWS Glue crawler: spotify-crawl 
[2023-01-28T08:03:10.655+0000] {glue_crawler.py:189} INFO - State: STOPPING
[2023-01-28T08:03:10.687+0000] {glue_crawler.py:197} INFO - Estimated Time Left (seconds): 15
[2023-01-28T08:03:15.724+0000] {glue_crawler.py:170} INFO - State: READY
[2023-01-28T08:03:15.724+0000] {glue_crawler.py:171} INFO - crawler_config: {'Name': 'spotify-crawl', 'Role': 'service-role/AWSGlueServiceRole-crawlerclass', 'Targets': {'S3Targets': [{'Path': 's3://airflow-nk/logs', 'Exclusions': []}], 'JdbcTargets': [], 'MongoDBTargets': [], 'DynamoDBTargets': [], 'CatalogTargets': [], 'DeltaTargets': []}, 'DatabaseName': 'spotify', 'Classifiers': [], 'RecrawlPolicy': {'RecrawlBehavior': 'CRAWL_EVERYTHING'}, 'SchemaChangePolicy': {'UpdateBehavior': 'LOG', 'DeleteBehavior': 'LOG'}, 'LineageConfiguration': {'CrawlerLineageSettings': 'DISABLE'}, 'State': 'READY', 'CrawlElapsedTime': 0, 'CreationTime': datetime.datetime(2022, 10, 4, 6, 4, 16, tzinfo=tzlocal()), 'LastUpdated': datetime.datetime(2023, 1, 25, 11, 32, 11, tzinfo=tzlocal()), 'LastCrawl': {'Status': 'SUCCEEDED', 'LogGroup': '/aws-glue/crawlers', 'LogStream': 'spotify-crawl', 'MessagePrefix': '8836a0d5-a711-4ad1-ba95-6ca3f0d11e5d', 'StartTime': datetime.datetime(2023, 1, 28, 8, 0, 11, tzinfo=tzlocal())}, 'Version': 18, 'LakeFormationConfiguration': {'UseLakeFormationCredentials': False, 'AccountId': ''}}
[2023-01-28T08:03:15.752+0000] {glue_crawler.py:178} INFO - Status: SUCCEEDED
[2023-01-28T08:03:15.752+0000] {glue_crawler.py:179} INFO - Last Runtime Duration (seconds): 63.992
[2023-01-28T08:03:15.753+0000] {glue_crawler.py:180} INFO - Median Runtime Duration (seconds): 54.1115
[2023-01-28T08:03:15.754+0000] {glue_crawler.py:181} INFO - Tables Created: 0
[2023-01-28T08:03:15.754+0000] {glue_crawler.py:182} INFO - Tables Updated: 0
[2023-01-28T08:03:15.754+0000] {glue_crawler.py:183} INFO - Tables Deleted: 0
[2023-01-28T08:03:15.769+0000] {taskinstance.py:1401} INFO - Marking task as SUCCESS. dag_id=spotify_dag, task_id=crawl_s3, execution_date=20230128T060000, start_date=20230128T080010, end_date=20230128T080315
[2023-01-28T08:03:15.826+0000] {local_task_job.py:164} INFO - Task exited with return code 0
[2023-01-28T08:03:15.857+0000] {local_task_job.py:273} INFO - 1 downstream tasks scheduled from follow-on schedule check
