[2022-12-24T16:00:03.022+0000] {taskinstance.py:1165} INFO - Dependencies all met for <TaskInstance: spotify_dag.spotify_etl scheduled__2022-12-24T14:00:00+00:00 [queued]>
[2022-12-24T16:00:03.029+0000] {taskinstance.py:1165} INFO - Dependencies all met for <TaskInstance: spotify_dag.spotify_etl scheduled__2022-12-24T14:00:00+00:00 [queued]>
[2022-12-24T16:00:03.029+0000] {taskinstance.py:1362} INFO - 
--------------------------------------------------------------------------------
[2022-12-24T16:00:03.029+0000] {taskinstance.py:1363} INFO - Starting attempt 1 of 2
[2022-12-24T16:00:03.029+0000] {taskinstance.py:1364} INFO - 
--------------------------------------------------------------------------------
[2022-12-24T16:00:03.040+0000] {taskinstance.py:1383} INFO - Executing <Task(PythonOperator): spotify_etl> on 2022-12-24 14:00:00+00:00
[2022-12-24T16:00:03.044+0000] {standard_task_runner.py:55} INFO - Started process 31963 to run task
[2022-12-24T16:00:03.048+0000] {standard_task_runner.py:82} INFO - Running: ['airflow', 'tasks', 'run', 'spotify_dag', 'spotify_etl', 'scheduled__2022-12-24T14:00:00+00:00', '--job-id', '158', '--raw', '--subdir', 'DAGS_FOLDER/airflow_dags.py', '--cfg-path', '/tmp/tmprzhk7ljy']
[2022-12-24T16:00:03.049+0000] {standard_task_runner.py:83} INFO - Job 158: Subtask spotify_etl
[2022-12-24T16:00:03.089+0000] {task_command.py:376} INFO - Running <TaskInstance: spotify_dag.spotify_etl scheduled__2022-12-24T14:00:00+00:00 [running]> on host ip-172-31-26-59.ap-northeast-2.compute.internal
[2022-12-24T16:00:03.138+0000] {taskinstance.py:1590} INFO - Exporting the following env vars:
AIRFLOW_CTX_DAG_EMAIL=nywkim@example.com
AIRFLOW_CTX_DAG_OWNER=airflow
AIRFLOW_CTX_DAG_ID=spotify_dag
AIRFLOW_CTX_TASK_ID=spotify_etl
AIRFLOW_CTX_EXECUTION_DATE=2022-12-24T14:00:00+00:00
AIRFLOW_CTX_TRY_NUMBER=1
AIRFLOW_CTX_DAG_RUN_ID=scheduled__2022-12-24T14:00:00+00:00
[2022-12-24T16:00:09.907+0000] {python.py:177} INFO - Done. Returned value was: None
[2022-12-24T16:00:09.911+0000] {taskinstance.py:1401} INFO - Marking task as SUCCESS. dag_id=spotify_dag, task_id=spotify_etl, execution_date=20221224T140000, start_date=20221224T160003, end_date=20221224T160009
[2022-12-24T16:00:09.959+0000] {local_task_job.py:164} INFO - Task exited with return code 0
[2022-12-24T16:00:09.967+0000] {local_task_job.py:273} INFO - 0 downstream tasks scheduled from follow-on schedule check
