[2023-01-29T08:03:43.179+0000] {taskinstance.py:1165} INFO - Dependencies all met for <TaskInstance: spotify_dag.glue_job scheduled__2023-01-29T06:00:00+00:00 [queued]>
[2023-01-29T08:03:43.186+0000] {taskinstance.py:1165} INFO - Dependencies all met for <TaskInstance: spotify_dag.glue_job scheduled__2023-01-29T06:00:00+00:00 [queued]>
[2023-01-29T08:03:43.186+0000] {taskinstance.py:1362} INFO - 
--------------------------------------------------------------------------------
[2023-01-29T08:03:43.186+0000] {taskinstance.py:1363} INFO - Starting attempt 1 of 2
[2023-01-29T08:03:43.186+0000] {taskinstance.py:1364} INFO - 
--------------------------------------------------------------------------------
[2023-01-29T08:03:43.202+0000] {taskinstance.py:1383} INFO - Executing <Task(PythonOperator): glue_job> on 2023-01-29 06:00:00+00:00
[2023-01-29T08:03:43.205+0000] {standard_task_runner.py:55} INFO - Started process 11436 to run task
[2023-01-29T08:03:43.209+0000] {standard_task_runner.py:82} INFO - Running: ['airflow', 'tasks', 'run', 'spotify_dag', 'glue_job', 'scheduled__2023-01-29T06:00:00+00:00', '--job-id', '440', '--raw', '--subdir', 'DAGS_FOLDER/airflow_dags.py', '--cfg-path', '/tmp/tmp780356ss']
[2023-01-29T08:03:43.210+0000] {standard_task_runner.py:83} INFO - Job 440: Subtask glue_job
[2023-01-29T08:03:43.254+0000] {task_command.py:376} INFO - Running <TaskInstance: spotify_dag.glue_job scheduled__2023-01-29T06:00:00+00:00 [running]> on host ip-172-31-26-59.ap-northeast-2.compute.internal
[2023-01-29T08:03:43.298+0000] {taskinstance.py:1590} INFO - Exporting the following env vars:
AIRFLOW_CTX_DAG_EMAIL=nywkim@example.com
AIRFLOW_CTX_DAG_OWNER=airflow
AIRFLOW_CTX_DAG_ID=spotify_dag
AIRFLOW_CTX_TASK_ID=glue_job
AIRFLOW_CTX_EXECUTION_DATE=2023-01-29T06:00:00+00:00
AIRFLOW_CTX_TRY_NUMBER=1
AIRFLOW_CTX_DAG_RUN_ID=scheduled__2023-01-29T06:00:00+00:00
[2023-01-29T08:03:43.318+0000] {credentials.py:1048} INFO - Found credentials from IAM Role: EC2_S3_Af
[2023-01-29T08:03:43.746+0000] {logging_mixin.py:120} INFO - {'JobRunId': 'jr_e0b2fab3861e89886bf23b42dcc508cd7f1a550ae826df222f01a6fd0cd8b30b', 'ResponseMetadata': {'RequestId': '54fb5b17-f3c4-42a0-a552-2f0e56f87ab4', 'HTTPStatusCode': 200, 'HTTPHeaders': {'date': 'Sun, 29 Jan 2023 08:03:43 GMT', 'content-type': 'application/x-amz-json-1.1', 'content-length': '82', 'connection': 'keep-alive', 'x-amzn-requestid': '54fb5b17-f3c4-42a0-a552-2f0e56f87ab4'}, 'RetryAttempts': 0}}
[2023-01-29T08:03:43.747+0000] {python.py:177} INFO - Done. Returned value was: None
[2023-01-29T08:03:43.751+0000] {taskinstance.py:1401} INFO - Marking task as SUCCESS. dag_id=spotify_dag, task_id=glue_job, execution_date=20230129T060000, start_date=20230129T080343, end_date=20230129T080343
[2023-01-29T08:03:43.782+0000] {local_task_job.py:164} INFO - Task exited with return code 0
[2023-01-29T08:03:43.792+0000] {local_task_job.py:273} INFO - 0 downstream tasks scheduled from follow-on schedule check
