[2023-01-29T14:00:17.488+0000] {taskinstance.py:1165} INFO - Dependencies all met for <TaskInstance: spotify_dag.crawl_s3 scheduled__2023-01-29T12:00:00+00:00 [queued]>
[2023-01-29T14:00:17.494+0000] {taskinstance.py:1165} INFO - Dependencies all met for <TaskInstance: spotify_dag.crawl_s3 scheduled__2023-01-29T12:00:00+00:00 [queued]>
[2023-01-29T14:00:17.494+0000] {taskinstance.py:1362} INFO - 
--------------------------------------------------------------------------------
[2023-01-29T14:00:17.494+0000] {taskinstance.py:1363} INFO - Starting attempt 1 of 2
[2023-01-29T14:00:17.494+0000] {taskinstance.py:1364} INFO - 
--------------------------------------------------------------------------------
[2023-01-29T14:00:17.510+0000] {taskinstance.py:1383} INFO - Executing <Task(GlueCrawlerOperator): crawl_s3> on 2023-01-29 12:00:00+00:00
[2023-01-29T14:00:17.515+0000] {standard_task_runner.py:55} INFO - Started process 31988 to run task
[2023-01-29T14:00:17.521+0000] {standard_task_runner.py:82} INFO - Running: ['airflow', 'tasks', 'run', 'spotify_dag', 'crawl_s3', 'scheduled__2023-01-29T12:00:00+00:00', '--job-id', '448', '--raw', '--subdir', 'DAGS_FOLDER/airflow_dags.py', '--cfg-path', '/tmp/tmp_c6l9zea']
[2023-01-29T14:00:17.523+0000] {standard_task_runner.py:83} INFO - Job 448: Subtask crawl_s3
[2023-01-29T14:00:17.567+0000] {task_command.py:376} INFO - Running <TaskInstance: spotify_dag.crawl_s3 scheduled__2023-01-29T12:00:00+00:00 [running]> on host ip-172-31-26-59.ap-northeast-2.compute.internal
[2023-01-29T14:00:17.617+0000] {taskinstance.py:1590} INFO - Exporting the following env vars:
AIRFLOW_CTX_DAG_EMAIL=nywkim@example.com
AIRFLOW_CTX_DAG_OWNER=airflow
AIRFLOW_CTX_DAG_ID=spotify_dag
AIRFLOW_CTX_TASK_ID=crawl_s3
AIRFLOW_CTX_EXECUTION_DATE=2023-01-29T12:00:00+00:00
AIRFLOW_CTX_TRY_NUMBER=1
AIRFLOW_CTX_DAG_RUN_ID=scheduled__2023-01-29T12:00:00+00:00
[2023-01-29T14:00:17.618+0000] {glue_crawler.py:55} INFO - Checking if crawler already exists: spotify-crawl
[2023-01-29T14:00:17.622+0000] {base.py:71} INFO - Using connection ID 'aws_default' for task execution.
[2023-01-29T14:00:17.623+0000] {connection_wrapper.py:334} INFO - AWS Connection (conn_id='aws_default', conn_type='aws') credentials retrieved from login and password.
[2023-01-29T14:00:18.344+0000] {base.py:71} INFO - Using connection ID 'aws_default' for task execution.
[2023-01-29T14:00:18.345+0000] {connection_wrapper.py:334} INFO - AWS Connection (conn_id='aws_default', conn_type='aws') credentials retrieved from login and password.
[2023-01-29T14:00:18.669+0000] {glue_crawler.py:82} INFO - Triggering AWS Glue Crawler
[2023-01-29T14:00:18.670+0000] {glue_crawler.py:151} INFO - Starting crawler spotify-crawl
[2023-01-29T14:00:23.943+0000] {glue_crawler.py:85} INFO - Waiting for AWS Glue Crawler
[2023-01-29T14:00:24.008+0000] {glue_crawler.py:188} INFO - Polling for AWS Glue crawler: spotify-crawl 
[2023-01-29T14:00:24.008+0000] {glue_crawler.py:189} INFO - State: RUNNING
[2023-01-29T14:00:24.057+0000] {glue_crawler.py:199} INFO - Crawler should finish soon
[2023-01-29T14:00:29.120+0000] {glue_crawler.py:188} INFO - Polling for AWS Glue crawler: spotify-crawl 
[2023-01-29T14:00:29.120+0000] {glue_crawler.py:189} INFO - State: RUNNING
[2023-01-29T14:00:29.169+0000] {glue_crawler.py:199} INFO - Crawler should finish soon
[2023-01-29T14:00:34.211+0000] {glue_crawler.py:188} INFO - Polling for AWS Glue crawler: spotify-crawl 
[2023-01-29T14:00:34.211+0000] {glue_crawler.py:189} INFO - State: RUNNING
[2023-01-29T14:00:34.261+0000] {glue_crawler.py:199} INFO - Crawler should finish soon
[2023-01-29T14:00:39.318+0000] {glue_crawler.py:188} INFO - Polling for AWS Glue crawler: spotify-crawl 
[2023-01-29T14:00:39.318+0000] {glue_crawler.py:189} INFO - State: RUNNING
[2023-01-29T14:00:39.371+0000] {glue_crawler.py:199} INFO - Crawler should finish soon
[2023-01-29T14:00:44.443+0000] {glue_crawler.py:188} INFO - Polling for AWS Glue crawler: spotify-crawl 
[2023-01-29T14:00:44.443+0000] {glue_crawler.py:189} INFO - State: RUNNING
[2023-01-29T14:00:44.486+0000] {glue_crawler.py:199} INFO - Crawler should finish soon
[2023-01-29T14:00:49.549+0000] {glue_crawler.py:188} INFO - Polling for AWS Glue crawler: spotify-crawl 
[2023-01-29T14:00:49.549+0000] {glue_crawler.py:189} INFO - State: RUNNING
[2023-01-29T14:00:49.577+0000] {glue_crawler.py:199} INFO - Crawler should finish soon
[2023-01-29T14:00:54.634+0000] {glue_crawler.py:188} INFO - Polling for AWS Glue crawler: spotify-crawl 
[2023-01-29T14:00:54.634+0000] {glue_crawler.py:189} INFO - State: RUNNING
[2023-01-29T14:00:54.673+0000] {glue_crawler.py:199} INFO - Crawler should finish soon
[2023-01-29T14:00:59.734+0000] {glue_crawler.py:188} INFO - Polling for AWS Glue crawler: spotify-crawl 
[2023-01-29T14:00:59.734+0000] {glue_crawler.py:189} INFO - State: RUNNING
[2023-01-29T14:00:59.778+0000] {glue_crawler.py:199} INFO - Crawler should finish soon
[2023-01-29T14:01:04.820+0000] {glue_crawler.py:188} INFO - Polling for AWS Glue crawler: spotify-crawl 
[2023-01-29T14:01:04.821+0000] {glue_crawler.py:189} INFO - State: RUNNING
[2023-01-29T14:01:04.853+0000] {glue_crawler.py:199} INFO - Crawler should finish soon
[2023-01-29T14:01:09.914+0000] {glue_crawler.py:188} INFO - Polling for AWS Glue crawler: spotify-crawl 
[2023-01-29T14:01:09.914+0000] {glue_crawler.py:189} INFO - State: RUNNING
[2023-01-29T14:01:09.949+0000] {glue_crawler.py:199} INFO - Crawler should finish soon
[2023-01-29T14:01:14.985+0000] {glue_crawler.py:188} INFO - Polling for AWS Glue crawler: spotify-crawl 
[2023-01-29T14:01:14.985+0000] {glue_crawler.py:189} INFO - State: RUNNING
[2023-01-29T14:01:15.014+0000] {glue_crawler.py:199} INFO - Crawler should finish soon
[2023-01-29T14:01:20.069+0000] {glue_crawler.py:188} INFO - Polling for AWS Glue crawler: spotify-crawl 
[2023-01-29T14:01:20.069+0000] {glue_crawler.py:189} INFO - State: STOPPING
[2023-01-29T14:01:20.113+0000] {glue_crawler.py:197} INFO - Estimated Time Left (seconds): 15
[2023-01-29T14:01:25.176+0000] {glue_crawler.py:188} INFO - Polling for AWS Glue crawler: spotify-crawl 
[2023-01-29T14:01:25.176+0000] {glue_crawler.py:189} INFO - State: STOPPING
[2023-01-29T14:01:25.205+0000] {glue_crawler.py:197} INFO - Estimated Time Left (seconds): 15
[2023-01-29T14:01:30.249+0000] {glue_crawler.py:188} INFO - Polling for AWS Glue crawler: spotify-crawl 
[2023-01-29T14:01:30.249+0000] {glue_crawler.py:189} INFO - State: STOPPING
[2023-01-29T14:01:30.271+0000] {glue_crawler.py:197} INFO - Estimated Time Left (seconds): 15
[2023-01-29T14:01:35.328+0000] {glue_crawler.py:188} INFO - Polling for AWS Glue crawler: spotify-crawl 
[2023-01-29T14:01:35.328+0000] {glue_crawler.py:189} INFO - State: STOPPING
[2023-01-29T14:01:35.361+0000] {glue_crawler.py:197} INFO - Estimated Time Left (seconds): 15
[2023-01-29T14:01:40.407+0000] {glue_crawler.py:188} INFO - Polling for AWS Glue crawler: spotify-crawl 
[2023-01-29T14:01:40.407+0000] {glue_crawler.py:189} INFO - State: STOPPING
[2023-01-29T14:01:40.459+0000] {glue_crawler.py:197} INFO - Estimated Time Left (seconds): 15
[2023-01-29T14:01:45.499+0000] {glue_crawler.py:188} INFO - Polling for AWS Glue crawler: spotify-crawl 
[2023-01-29T14:01:45.500+0000] {glue_crawler.py:189} INFO - State: STOPPING
[2023-01-29T14:01:45.525+0000] {glue_crawler.py:197} INFO - Estimated Time Left (seconds): 15
[2023-01-29T14:01:50.585+0000] {glue_crawler.py:188} INFO - Polling for AWS Glue crawler: spotify-crawl 
[2023-01-29T14:01:50.585+0000] {glue_crawler.py:189} INFO - State: STOPPING
[2023-01-29T14:01:50.638+0000] {glue_crawler.py:197} INFO - Estimated Time Left (seconds): 15
[2023-01-29T14:01:55.695+0000] {glue_crawler.py:188} INFO - Polling for AWS Glue crawler: spotify-crawl 
[2023-01-29T14:01:55.696+0000] {glue_crawler.py:189} INFO - State: STOPPING
[2023-01-29T14:01:55.724+0000] {glue_crawler.py:197} INFO - Estimated Time Left (seconds): 15
[2023-01-29T14:02:00.756+0000] {glue_crawler.py:188} INFO - Polling for AWS Glue crawler: spotify-crawl 
[2023-01-29T14:02:00.756+0000] {glue_crawler.py:189} INFO - State: STOPPING
[2023-01-29T14:02:00.786+0000] {glue_crawler.py:197} INFO - Estimated Time Left (seconds): 15
[2023-01-29T14:02:05.825+0000] {glue_crawler.py:188} INFO - Polling for AWS Glue crawler: spotify-crawl 
[2023-01-29T14:02:05.825+0000] {glue_crawler.py:189} INFO - State: STOPPING
[2023-01-29T14:02:05.859+0000] {glue_crawler.py:197} INFO - Estimated Time Left (seconds): 15
[2023-01-29T14:02:10.919+0000] {glue_crawler.py:188} INFO - Polling for AWS Glue crawler: spotify-crawl 
[2023-01-29T14:02:10.919+0000] {glue_crawler.py:189} INFO - State: STOPPING
[2023-01-29T14:02:10.960+0000] {glue_crawler.py:197} INFO - Estimated Time Left (seconds): 15
[2023-01-29T14:02:16.024+0000] {glue_crawler.py:188} INFO - Polling for AWS Glue crawler: spotify-crawl 
[2023-01-29T14:02:16.024+0000] {glue_crawler.py:189} INFO - State: STOPPING
[2023-01-29T14:02:16.061+0000] {glue_crawler.py:197} INFO - Estimated Time Left (seconds): 15
[2023-01-29T14:02:21.107+0000] {glue_crawler.py:188} INFO - Polling for AWS Glue crawler: spotify-crawl 
[2023-01-29T14:02:21.107+0000] {glue_crawler.py:189} INFO - State: STOPPING
[2023-01-29T14:02:21.160+0000] {glue_crawler.py:197} INFO - Estimated Time Left (seconds): 15
[2023-01-29T14:02:26.207+0000] {glue_crawler.py:188} INFO - Polling for AWS Glue crawler: spotify-crawl 
[2023-01-29T14:02:26.207+0000] {glue_crawler.py:189} INFO - State: STOPPING
[2023-01-29T14:02:26.243+0000] {glue_crawler.py:197} INFO - Estimated Time Left (seconds): 15
[2023-01-29T14:02:31.300+0000] {glue_crawler.py:188} INFO - Polling for AWS Glue crawler: spotify-crawl 
[2023-01-29T14:02:31.300+0000] {glue_crawler.py:189} INFO - State: STOPPING
[2023-01-29T14:02:31.323+0000] {glue_crawler.py:197} INFO - Estimated Time Left (seconds): 15
[2023-01-29T14:02:36.382+0000] {glue_crawler.py:188} INFO - Polling for AWS Glue crawler: spotify-crawl 
[2023-01-29T14:02:36.382+0000] {glue_crawler.py:189} INFO - State: STOPPING
[2023-01-29T14:02:36.428+0000] {glue_crawler.py:197} INFO - Estimated Time Left (seconds): 15
[2023-01-29T14:02:41.487+0000] {glue_crawler.py:188} INFO - Polling for AWS Glue crawler: spotify-crawl 
[2023-01-29T14:02:41.487+0000] {glue_crawler.py:189} INFO - State: STOPPING
[2023-01-29T14:02:41.516+0000] {glue_crawler.py:197} INFO - Estimated Time Left (seconds): 15
[2023-01-29T14:02:46.566+0000] {glue_crawler.py:188} INFO - Polling for AWS Glue crawler: spotify-crawl 
[2023-01-29T14:02:46.567+0000] {glue_crawler.py:189} INFO - State: STOPPING
[2023-01-29T14:02:46.597+0000] {glue_crawler.py:197} INFO - Estimated Time Left (seconds): 15
[2023-01-29T14:02:51.651+0000] {glue_crawler.py:170} INFO - State: READY
[2023-01-29T14:02:51.651+0000] {glue_crawler.py:171} INFO - crawler_config: {'Name': 'spotify-crawl', 'Role': 'service-role/AWSGlueServiceRole-crawlerclass', 'Targets': {'S3Targets': [{'Path': 's3://airflow-nk/logs', 'Exclusions': []}], 'JdbcTargets': [], 'MongoDBTargets': [], 'DynamoDBTargets': [], 'CatalogTargets': [], 'DeltaTargets': []}, 'DatabaseName': 'spotify', 'Classifiers': [], 'RecrawlPolicy': {'RecrawlBehavior': 'CRAWL_EVERYTHING'}, 'SchemaChangePolicy': {'UpdateBehavior': 'LOG', 'DeleteBehavior': 'LOG'}, 'LineageConfiguration': {'CrawlerLineageSettings': 'DISABLE'}, 'State': 'READY', 'CrawlElapsedTime': 0, 'CreationTime': datetime.datetime(2022, 10, 4, 6, 4, 16, tzinfo=tzlocal()), 'LastUpdated': datetime.datetime(2023, 1, 25, 11, 32, 11, tzinfo=tzlocal()), 'LastCrawl': {'Status': 'SUCCEEDED', 'LogGroup': '/aws-glue/crawlers', 'LogStream': 'spotify-crawl', 'MessagePrefix': 'ac01ab30-b2a2-49ff-baf9-1231b7d45005', 'StartTime': datetime.datetime(2023, 1, 29, 14, 0, 18, tzinfo=tzlocal())}, 'Version': 18, 'LakeFormationConfiguration': {'UseLakeFormationCredentials': False, 'AccountId': ''}}
[2023-01-29T14:02:51.700+0000] {glue_crawler.py:178} INFO - Status: SUCCEEDED
[2023-01-29T14:02:51.701+0000] {glue_crawler.py:179} INFO - Last Runtime Duration (seconds): 59.742
[2023-01-29T14:02:51.701+0000] {glue_crawler.py:180} INFO - Median Runtime Duration (seconds): 58.3345
[2023-01-29T14:02:51.701+0000] {glue_crawler.py:181} INFO - Tables Created: 0
[2023-01-29T14:02:51.701+0000] {glue_crawler.py:182} INFO - Tables Updated: 0
[2023-01-29T14:02:51.701+0000] {glue_crawler.py:183} INFO - Tables Deleted: 0
[2023-01-29T14:02:51.731+0000] {taskinstance.py:1401} INFO - Marking task as SUCCESS. dag_id=spotify_dag, task_id=crawl_s3, execution_date=20230129T120000, start_date=20230129T140017, end_date=20230129T140251
[2023-01-29T14:02:51.792+0000] {local_task_job.py:164} INFO - Task exited with return code 0
[2023-01-29T14:02:51.832+0000] {local_task_job.py:273} INFO - 1 downstream tasks scheduled from follow-on schedule check
