[2023-01-25T14:03:01.091+0000] {taskinstance.py:1165} INFO - Dependencies all met for <TaskInstance: spotify_dag.glue_job scheduled__2023-01-25T12:00:00+00:00 [queued]>
[2023-01-25T14:03:01.097+0000] {taskinstance.py:1165} INFO - Dependencies all met for <TaskInstance: spotify_dag.glue_job scheduled__2023-01-25T12:00:00+00:00 [queued]>
[2023-01-25T14:03:01.098+0000] {taskinstance.py:1362} INFO - 
--------------------------------------------------------------------------------
[2023-01-25T14:03:01.098+0000] {taskinstance.py:1363} INFO - Starting attempt 1 of 2
[2023-01-25T14:03:01.098+0000] {taskinstance.py:1364} INFO - 
--------------------------------------------------------------------------------
[2023-01-25T14:03:01.109+0000] {taskinstance.py:1383} INFO - Executing <Task(PythonOperator): glue_job> on 2023-01-25 12:00:00+00:00
[2023-01-25T14:03:01.113+0000] {standard_task_runner.py:55} INFO - Started process 35195 to run task
[2023-01-25T14:03:01.117+0000] {standard_task_runner.py:82} INFO - Running: ['airflow', 'tasks', 'run', 'spotify_dag', 'glue_job', 'scheduled__2023-01-25T12:00:00+00:00', '--job-id', '362', '--raw', '--subdir', 'DAGS_FOLDER/airflow_dags.py', '--cfg-path', '/tmp/tmpymb5lvhh']
[2023-01-25T14:03:01.119+0000] {standard_task_runner.py:83} INFO - Job 362: Subtask glue_job
[2023-01-25T14:03:01.159+0000] {task_command.py:376} INFO - Running <TaskInstance: spotify_dag.glue_job scheduled__2023-01-25T12:00:00+00:00 [running]> on host ip-172-31-26-59.ap-northeast-2.compute.internal
[2023-01-25T14:03:01.203+0000] {taskinstance.py:1590} INFO - Exporting the following env vars:
AIRFLOW_CTX_DAG_EMAIL=nywkim@example.com
AIRFLOW_CTX_DAG_OWNER=airflow
AIRFLOW_CTX_DAG_ID=spotify_dag
AIRFLOW_CTX_TASK_ID=glue_job
AIRFLOW_CTX_EXECUTION_DATE=2023-01-25T12:00:00+00:00
AIRFLOW_CTX_TRY_NUMBER=1
AIRFLOW_CTX_DAG_RUN_ID=scheduled__2023-01-25T12:00:00+00:00
[2023-01-25T14:03:01.223+0000] {credentials.py:1048} INFO - Found credentials from IAM Role: EC2_S3_Af
[2023-01-25T14:03:01.639+0000] {logging_mixin.py:120} INFO - {'JobRunId': 'jr_3f13e0d7ffd3aa7976df414c3f5b00370c7d87dc7547f81e2f23259f9e71440b', 'ResponseMetadata': {'RequestId': '8726a913-82c1-4a55-bdb0-7be941a6fd2a', 'HTTPStatusCode': 200, 'HTTPHeaders': {'date': 'Wed, 25 Jan 2023 14:03:01 GMT', 'content-type': 'application/x-amz-json-1.1', 'content-length': '82', 'connection': 'keep-alive', 'x-amzn-requestid': '8726a913-82c1-4a55-bdb0-7be941a6fd2a'}, 'RetryAttempts': 0}}
[2023-01-25T14:03:01.640+0000] {python.py:177} INFO - Done. Returned value was: None
[2023-01-25T14:03:01.644+0000] {taskinstance.py:1401} INFO - Marking task as SUCCESS. dag_id=spotify_dag, task_id=glue_job, execution_date=20230125T120000, start_date=20230125T140301, end_date=20230125T140301
[2023-01-25T14:03:01.690+0000] {local_task_job.py:164} INFO - Task exited with return code 0
[2023-01-25T14:03:01.700+0000] {local_task_job.py:273} INFO - 0 downstream tasks scheduled from follow-on schedule check
