[2023-01-26T18:03:32.876+0000] {taskinstance.py:1165} INFO - Dependencies all met for <TaskInstance: spotify_dag.glue_job scheduled__2023-01-26T16:00:00+00:00 [queued]>
[2023-01-26T18:03:32.882+0000] {taskinstance.py:1165} INFO - Dependencies all met for <TaskInstance: spotify_dag.glue_job scheduled__2023-01-26T16:00:00+00:00 [queued]>
[2023-01-26T18:03:32.882+0000] {taskinstance.py:1362} INFO - 
--------------------------------------------------------------------------------
[2023-01-26T18:03:32.882+0000] {taskinstance.py:1363} INFO - Starting attempt 1 of 2
[2023-01-26T18:03:32.883+0000] {taskinstance.py:1364} INFO - 
--------------------------------------------------------------------------------
[2023-01-26T18:03:32.895+0000] {taskinstance.py:1383} INFO - Executing <Task(PythonOperator): glue_job> on 2023-01-26 16:00:00+00:00
[2023-01-26T18:03:32.899+0000] {standard_task_runner.py:55} INFO - Started process 16639 to run task
[2023-01-26T18:03:32.902+0000] {standard_task_runner.py:82} INFO - Running: ['airflow', 'tasks', 'run', 'spotify_dag', 'glue_job', 'scheduled__2023-01-26T16:00:00+00:00', '--job-id', '392', '--raw', '--subdir', 'DAGS_FOLDER/airflow_dags.py', '--cfg-path', '/tmp/tmplb_6c3_p']
[2023-01-26T18:03:32.904+0000] {standard_task_runner.py:83} INFO - Job 392: Subtask glue_job
[2023-01-26T18:03:32.947+0000] {task_command.py:376} INFO - Running <TaskInstance: spotify_dag.glue_job scheduled__2023-01-26T16:00:00+00:00 [running]> on host ip-172-31-26-59.ap-northeast-2.compute.internal
[2023-01-26T18:03:32.992+0000] {taskinstance.py:1590} INFO - Exporting the following env vars:
AIRFLOW_CTX_DAG_EMAIL=nywkim@example.com
AIRFLOW_CTX_DAG_OWNER=airflow
AIRFLOW_CTX_DAG_ID=spotify_dag
AIRFLOW_CTX_TASK_ID=glue_job
AIRFLOW_CTX_EXECUTION_DATE=2023-01-26T16:00:00+00:00
AIRFLOW_CTX_TRY_NUMBER=1
AIRFLOW_CTX_DAG_RUN_ID=scheduled__2023-01-26T16:00:00+00:00
[2023-01-26T18:03:33.012+0000] {credentials.py:1048} INFO - Found credentials from IAM Role: EC2_S3_Af
[2023-01-26T18:03:33.389+0000] {logging_mixin.py:120} INFO - {'JobRunId': 'jr_1a4ed32f9568a3dd62fdbc8eafdc436ce5fca984275201c836af6acdc655428c', 'ResponseMetadata': {'RequestId': '61ce618b-64b2-44a5-8cc1-b08008294879', 'HTTPStatusCode': 200, 'HTTPHeaders': {'date': 'Thu, 26 Jan 2023 18:03:33 GMT', 'content-type': 'application/x-amz-json-1.1', 'content-length': '82', 'connection': 'keep-alive', 'x-amzn-requestid': '61ce618b-64b2-44a5-8cc1-b08008294879'}, 'RetryAttempts': 0}}
[2023-01-26T18:03:33.390+0000] {python.py:177} INFO - Done. Returned value was: None
[2023-01-26T18:03:33.395+0000] {taskinstance.py:1401} INFO - Marking task as SUCCESS. dag_id=spotify_dag, task_id=glue_job, execution_date=20230126T160000, start_date=20230126T180332, end_date=20230126T180333
[2023-01-26T18:03:33.435+0000] {local_task_job.py:164} INFO - Task exited with return code 0
[2023-01-26T18:03:33.445+0000] {local_task_job.py:273} INFO - 0 downstream tasks scheduled from follow-on schedule check
