[2023-01-24T11:06:53.803+0000] {taskinstance.py:1165} INFO - Dependencies all met for <TaskInstance: spotify_dag.spotify_etl manual__2023-01-24T11:06:50.469277+00:00 [queued]>
[2023-01-24T11:06:53.809+0000] {taskinstance.py:1165} INFO - Dependencies all met for <TaskInstance: spotify_dag.spotify_etl manual__2023-01-24T11:06:50.469277+00:00 [queued]>
[2023-01-24T11:06:53.809+0000] {taskinstance.py:1362} INFO - 
--------------------------------------------------------------------------------
[2023-01-24T11:06:53.809+0000] {taskinstance.py:1363} INFO - Starting attempt 1 of 2
[2023-01-24T11:06:53.809+0000] {taskinstance.py:1364} INFO - 
--------------------------------------------------------------------------------
[2023-01-24T11:06:53.822+0000] {taskinstance.py:1383} INFO - Executing <Task(BranchPythonOperator): spotify_etl> on 2023-01-24 11:06:50.469277+00:00
[2023-01-24T11:06:53.826+0000] {standard_task_runner.py:55} INFO - Started process 8614 to run task
[2023-01-24T11:06:53.830+0000] {standard_task_runner.py:82} INFO - Running: ['airflow', 'tasks', 'run', 'spotify_dag', 'spotify_etl', 'manual__2023-01-24T11:06:50.469277+00:00', '--job-id', '231', '--raw', '--subdir', 'DAGS_FOLDER/airflow_dags.py', '--cfg-path', '/tmp/tmp5cmcs69y']
[2023-01-24T11:06:53.832+0000] {standard_task_runner.py:83} INFO - Job 231: Subtask spotify_etl
[2023-01-24T11:06:53.875+0000] {task_command.py:376} INFO - Running <TaskInstance: spotify_dag.spotify_etl manual__2023-01-24T11:06:50.469277+00:00 [running]> on host ip-172-31-26-59.ap-northeast-2.compute.internal
[2023-01-24T11:06:53.903+0000] {logging_mixin.py:120} WARNING - /home/ubuntu/.local/lib/python3.10/site-packages/airflow/utils/context.py:204 AirflowContextDeprecationWarning: Accessing 'execution_date' from the template is deprecated and will be removed in a future version. Please use 'data_interval_start' or 'logical_date' instead.
[2023-01-24T11:06:53.934+0000] {taskinstance.py:1590} INFO - Exporting the following env vars:
AIRFLOW_CTX_DAG_EMAIL=nywkim@example.com
AIRFLOW_CTX_DAG_OWNER=airflow
AIRFLOW_CTX_DAG_ID=spotify_dag
AIRFLOW_CTX_TASK_ID=spotify_etl
AIRFLOW_CTX_EXECUTION_DATE=2023-01-24T11:06:50.469277+00:00
AIRFLOW_CTX_TRY_NUMBER=1
AIRFLOW_CTX_DAG_RUN_ID=manual__2023-01-24T11:06:50.469277+00:00
[2023-01-24T11:06:54.583+0000] {logging_mixin.py:120} INFO - see you next interval
[2023-01-24T11:06:54.584+0000] {python.py:177} INFO - Done. Returned value was: break_time
[2023-01-24T11:06:54.584+0000] {skipmixin.py:155} INFO - Following branch break_time
[2023-01-24T11:06:54.584+0000] {skipmixin.py:190} INFO - Skipping tasks ['etl_start']
[2023-01-24T11:06:54.616+0000] {taskinstance.py:1401} INFO - Marking task as SUCCESS. dag_id=spotify_dag, task_id=spotify_etl, execution_date=20230124T110650, start_date=20230124T110653, end_date=20230124T110654
[2023-01-24T11:06:54.643+0000] {local_task_job.py:164} INFO - Task exited with return code 0
[2023-01-24T11:06:54.666+0000] {local_task_job.py:273} INFO - 1 downstream tasks scheduled from follow-on schedule check
