[2023-01-27T08:00:11.215+0000] {taskinstance.py:1165} INFO - Dependencies all met for <TaskInstance: spotify_dag.crawl_s3 scheduled__2023-01-27T06:00:00+00:00 [queued]>
[2023-01-27T08:00:11.222+0000] {taskinstance.py:1165} INFO - Dependencies all met for <TaskInstance: spotify_dag.crawl_s3 scheduled__2023-01-27T06:00:00+00:00 [queued]>
[2023-01-27T08:00:11.222+0000] {taskinstance.py:1362} INFO - 
--------------------------------------------------------------------------------
[2023-01-27T08:00:11.222+0000] {taskinstance.py:1363} INFO - Starting attempt 1 of 2
[2023-01-27T08:00:11.222+0000] {taskinstance.py:1364} INFO - 
--------------------------------------------------------------------------------
[2023-01-27T08:00:11.236+0000] {taskinstance.py:1383} INFO - Executing <Task(GlueCrawlerOperator): crawl_s3> on 2023-01-27 06:00:00+00:00
[2023-01-27T08:00:11.239+0000] {standard_task_runner.py:55} INFO - Started process 7715 to run task
[2023-01-27T08:00:11.243+0000] {standard_task_runner.py:82} INFO - Running: ['airflow', 'tasks', 'run', 'spotify_dag', 'crawl_s3', 'scheduled__2023-01-27T06:00:00+00:00', '--job-id', '399', '--raw', '--subdir', 'DAGS_FOLDER/airflow_dags.py', '--cfg-path', '/tmp/tmp_nvsqmzj']
[2023-01-27T08:00:11.245+0000] {standard_task_runner.py:83} INFO - Job 399: Subtask crawl_s3
[2023-01-27T08:00:11.286+0000] {task_command.py:376} INFO - Running <TaskInstance: spotify_dag.crawl_s3 scheduled__2023-01-27T06:00:00+00:00 [running]> on host ip-172-31-26-59.ap-northeast-2.compute.internal
[2023-01-27T08:00:11.335+0000] {taskinstance.py:1590} INFO - Exporting the following env vars:
AIRFLOW_CTX_DAG_EMAIL=nywkim@example.com
AIRFLOW_CTX_DAG_OWNER=airflow
AIRFLOW_CTX_DAG_ID=spotify_dag
AIRFLOW_CTX_TASK_ID=crawl_s3
AIRFLOW_CTX_EXECUTION_DATE=2023-01-27T06:00:00+00:00
AIRFLOW_CTX_TRY_NUMBER=1
AIRFLOW_CTX_DAG_RUN_ID=scheduled__2023-01-27T06:00:00+00:00
[2023-01-27T08:00:11.336+0000] {glue_crawler.py:55} INFO - Checking if crawler already exists: spotify-crawl
[2023-01-27T08:00:11.340+0000] {base.py:71} INFO - Using connection ID 'aws_default' for task execution.
[2023-01-27T08:00:11.340+0000] {connection_wrapper.py:334} INFO - AWS Connection (conn_id='aws_default', conn_type='aws') credentials retrieved from login and password.
[2023-01-27T08:00:12.026+0000] {base.py:71} INFO - Using connection ID 'aws_default' for task execution.
[2023-01-27T08:00:12.026+0000] {connection_wrapper.py:334} INFO - AWS Connection (conn_id='aws_default', conn_type='aws') credentials retrieved from login and password.
[2023-01-27T08:00:12.341+0000] {glue_crawler.py:82} INFO - Triggering AWS Glue Crawler
[2023-01-27T08:00:12.341+0000] {glue_crawler.py:151} INFO - Starting crawler spotify-crawl
[2023-01-27T08:00:15.635+0000] {glue_crawler.py:85} INFO - Waiting for AWS Glue Crawler
[2023-01-27T08:00:15.685+0000] {glue_crawler.py:188} INFO - Polling for AWS Glue crawler: spotify-crawl 
[2023-01-27T08:00:15.685+0000] {glue_crawler.py:189} INFO - State: RUNNING
[2023-01-27T08:00:15.731+0000] {glue_crawler.py:199} INFO - Crawler should finish soon
[2023-01-27T08:00:20.791+0000] {glue_crawler.py:188} INFO - Polling for AWS Glue crawler: spotify-crawl 
[2023-01-27T08:00:20.791+0000] {glue_crawler.py:189} INFO - State: RUNNING
[2023-01-27T08:00:20.833+0000] {glue_crawler.py:199} INFO - Crawler should finish soon
[2023-01-27T08:00:25.895+0000] {glue_crawler.py:188} INFO - Polling for AWS Glue crawler: spotify-crawl 
[2023-01-27T08:00:25.896+0000] {glue_crawler.py:189} INFO - State: RUNNING
[2023-01-27T08:00:25.937+0000] {glue_crawler.py:199} INFO - Crawler should finish soon
[2023-01-27T08:00:30.991+0000] {glue_crawler.py:188} INFO - Polling for AWS Glue crawler: spotify-crawl 
[2023-01-27T08:00:30.991+0000] {glue_crawler.py:189} INFO - State: RUNNING
[2023-01-27T08:00:31.020+0000] {glue_crawler.py:199} INFO - Crawler should finish soon
[2023-01-27T08:00:36.081+0000] {glue_crawler.py:188} INFO - Polling for AWS Glue crawler: spotify-crawl 
[2023-01-27T08:00:36.081+0000] {glue_crawler.py:189} INFO - State: RUNNING
[2023-01-27T08:00:36.125+0000] {glue_crawler.py:199} INFO - Crawler should finish soon
[2023-01-27T08:00:41.184+0000] {glue_crawler.py:188} INFO - Polling for AWS Glue crawler: spotify-crawl 
[2023-01-27T08:00:41.184+0000] {glue_crawler.py:189} INFO - State: RUNNING
[2023-01-27T08:00:41.211+0000] {glue_crawler.py:199} INFO - Crawler should finish soon
[2023-01-27T08:00:46.270+0000] {glue_crawler.py:188} INFO - Polling for AWS Glue crawler: spotify-crawl 
[2023-01-27T08:00:46.270+0000] {glue_crawler.py:189} INFO - State: RUNNING
[2023-01-27T08:00:46.316+0000] {glue_crawler.py:199} INFO - Crawler should finish soon
[2023-01-27T08:00:51.359+0000] {glue_crawler.py:188} INFO - Polling for AWS Glue crawler: spotify-crawl 
[2023-01-27T08:00:51.359+0000] {glue_crawler.py:189} INFO - State: RUNNING
[2023-01-27T08:00:51.405+0000] {glue_crawler.py:199} INFO - Crawler should finish soon
[2023-01-27T08:00:56.463+0000] {glue_crawler.py:188} INFO - Polling for AWS Glue crawler: spotify-crawl 
[2023-01-27T08:00:56.463+0000] {glue_crawler.py:189} INFO - State: RUNNING
[2023-01-27T08:00:56.523+0000] {glue_crawler.py:199} INFO - Crawler should finish soon
[2023-01-27T08:01:01.593+0000] {glue_crawler.py:188} INFO - Polling for AWS Glue crawler: spotify-crawl 
[2023-01-27T08:01:01.593+0000] {glue_crawler.py:189} INFO - State: RUNNING
[2023-01-27T08:01:01.638+0000] {glue_crawler.py:197} INFO - Estimated Time Left (seconds): 15
[2023-01-27T08:01:06.697+0000] {glue_crawler.py:188} INFO - Polling for AWS Glue crawler: spotify-crawl 
[2023-01-27T08:01:06.697+0000] {glue_crawler.py:189} INFO - State: RUNNING
[2023-01-27T08:01:06.734+0000] {glue_crawler.py:197} INFO - Estimated Time Left (seconds): 15
[2023-01-27T08:01:11.801+0000] {glue_crawler.py:188} INFO - Polling for AWS Glue crawler: spotify-crawl 
[2023-01-27T08:01:11.801+0000] {glue_crawler.py:189} INFO - State: STOPPING
[2023-01-27T08:01:11.855+0000] {glue_crawler.py:197} INFO - Estimated Time Left (seconds): 15
[2023-01-27T08:01:16.903+0000] {glue_crawler.py:188} INFO - Polling for AWS Glue crawler: spotify-crawl 
[2023-01-27T08:01:16.903+0000] {glue_crawler.py:189} INFO - State: STOPPING
[2023-01-27T08:01:16.957+0000] {glue_crawler.py:197} INFO - Estimated Time Left (seconds): 15
[2023-01-27T08:01:21.994+0000] {glue_crawler.py:188} INFO - Polling for AWS Glue crawler: spotify-crawl 
[2023-01-27T08:01:21.994+0000] {glue_crawler.py:189} INFO - State: STOPPING
[2023-01-27T08:01:22.022+0000] {glue_crawler.py:197} INFO - Estimated Time Left (seconds): 15
[2023-01-27T08:01:27.070+0000] {glue_crawler.py:188} INFO - Polling for AWS Glue crawler: spotify-crawl 
[2023-01-27T08:01:27.070+0000] {glue_crawler.py:189} INFO - State: STOPPING
[2023-01-27T08:01:27.097+0000] {glue_crawler.py:197} INFO - Estimated Time Left (seconds): 15
[2023-01-27T08:01:32.156+0000] {glue_crawler.py:188} INFO - Polling for AWS Glue crawler: spotify-crawl 
[2023-01-27T08:01:32.156+0000] {glue_crawler.py:189} INFO - State: STOPPING
[2023-01-27T08:01:32.194+0000] {glue_crawler.py:197} INFO - Estimated Time Left (seconds): 15
[2023-01-27T08:01:37.258+0000] {glue_crawler.py:188} INFO - Polling for AWS Glue crawler: spotify-crawl 
[2023-01-27T08:01:37.258+0000] {glue_crawler.py:189} INFO - State: STOPPING
[2023-01-27T08:01:37.300+0000] {glue_crawler.py:197} INFO - Estimated Time Left (seconds): 15
[2023-01-27T08:01:42.367+0000] {glue_crawler.py:188} INFO - Polling for AWS Glue crawler: spotify-crawl 
[2023-01-27T08:01:42.367+0000] {glue_crawler.py:189} INFO - State: STOPPING
[2023-01-27T08:01:42.416+0000] {glue_crawler.py:197} INFO - Estimated Time Left (seconds): 15
[2023-01-27T08:01:47.454+0000] {glue_crawler.py:188} INFO - Polling for AWS Glue crawler: spotify-crawl 
[2023-01-27T08:01:47.454+0000] {glue_crawler.py:189} INFO - State: STOPPING
[2023-01-27T08:01:47.493+0000] {glue_crawler.py:197} INFO - Estimated Time Left (seconds): 15
[2023-01-27T08:01:52.548+0000] {glue_crawler.py:188} INFO - Polling for AWS Glue crawler: spotify-crawl 
[2023-01-27T08:01:52.548+0000] {glue_crawler.py:189} INFO - State: STOPPING
[2023-01-27T08:01:52.583+0000] {glue_crawler.py:197} INFO - Estimated Time Left (seconds): 15
[2023-01-27T08:01:57.636+0000] {glue_crawler.py:188} INFO - Polling for AWS Glue crawler: spotify-crawl 
[2023-01-27T08:01:57.636+0000] {glue_crawler.py:189} INFO - State: STOPPING
[2023-01-27T08:01:57.680+0000] {glue_crawler.py:197} INFO - Estimated Time Left (seconds): 15
[2023-01-27T08:02:02.734+0000] {glue_crawler.py:188} INFO - Polling for AWS Glue crawler: spotify-crawl 
[2023-01-27T08:02:02.734+0000] {glue_crawler.py:189} INFO - State: STOPPING
[2023-01-27T08:02:02.776+0000] {glue_crawler.py:197} INFO - Estimated Time Left (seconds): 15
[2023-01-27T08:02:07.819+0000] {glue_crawler.py:188} INFO - Polling for AWS Glue crawler: spotify-crawl 
[2023-01-27T08:02:07.819+0000] {glue_crawler.py:189} INFO - State: STOPPING
[2023-01-27T08:02:07.847+0000] {glue_crawler.py:197} INFO - Estimated Time Left (seconds): 15
[2023-01-27T08:02:12.895+0000] {glue_crawler.py:188} INFO - Polling for AWS Glue crawler: spotify-crawl 
[2023-01-27T08:02:12.896+0000] {glue_crawler.py:189} INFO - State: STOPPING
[2023-01-27T08:02:12.937+0000] {glue_crawler.py:197} INFO - Estimated Time Left (seconds): 15
[2023-01-27T08:02:17.979+0000] {glue_crawler.py:188} INFO - Polling for AWS Glue crawler: spotify-crawl 
[2023-01-27T08:02:17.979+0000] {glue_crawler.py:189} INFO - State: STOPPING
[2023-01-27T08:02:18.013+0000] {glue_crawler.py:197} INFO - Estimated Time Left (seconds): 15
[2023-01-27T08:02:23.062+0000] {glue_crawler.py:188} INFO - Polling for AWS Glue crawler: spotify-crawl 
[2023-01-27T08:02:23.062+0000] {glue_crawler.py:189} INFO - State: STOPPING
[2023-01-27T08:02:23.101+0000] {glue_crawler.py:197} INFO - Estimated Time Left (seconds): 15
[2023-01-27T08:02:28.149+0000] {glue_crawler.py:188} INFO - Polling for AWS Glue crawler: spotify-crawl 
[2023-01-27T08:02:28.150+0000] {glue_crawler.py:189} INFO - State: STOPPING
[2023-01-27T08:02:28.194+0000] {glue_crawler.py:197} INFO - Estimated Time Left (seconds): 15
[2023-01-27T08:02:33.241+0000] {glue_crawler.py:188} INFO - Polling for AWS Glue crawler: spotify-crawl 
[2023-01-27T08:02:33.241+0000] {glue_crawler.py:189} INFO - State: STOPPING
[2023-01-27T08:02:33.288+0000] {glue_crawler.py:197} INFO - Estimated Time Left (seconds): 15
[2023-01-27T08:02:38.350+0000] {glue_crawler.py:188} INFO - Polling for AWS Glue crawler: spotify-crawl 
[2023-01-27T08:02:38.351+0000] {glue_crawler.py:189} INFO - State: STOPPING
[2023-01-27T08:02:38.380+0000] {glue_crawler.py:197} INFO - Estimated Time Left (seconds): 15
[2023-01-27T08:02:43.416+0000] {glue_crawler.py:170} INFO - State: READY
[2023-01-27T08:02:43.416+0000] {glue_crawler.py:171} INFO - crawler_config: {'Name': 'spotify-crawl', 'Role': 'service-role/AWSGlueServiceRole-crawlerclass', 'Targets': {'S3Targets': [{'Path': 's3://airflow-nk/logs', 'Exclusions': []}], 'JdbcTargets': [], 'MongoDBTargets': [], 'DynamoDBTargets': [], 'CatalogTargets': [], 'DeltaTargets': []}, 'DatabaseName': 'spotify', 'Classifiers': [], 'RecrawlPolicy': {'RecrawlBehavior': 'CRAWL_EVERYTHING'}, 'SchemaChangePolicy': {'UpdateBehavior': 'LOG', 'DeleteBehavior': 'LOG'}, 'LineageConfiguration': {'CrawlerLineageSettings': 'DISABLE'}, 'State': 'READY', 'CrawlElapsedTime': 0, 'CreationTime': datetime.datetime(2022, 10, 4, 6, 4, 16, tzinfo=tzlocal()), 'LastUpdated': datetime.datetime(2023, 1, 25, 11, 32, 11, tzinfo=tzlocal()), 'LastCrawl': {'Status': 'SUCCEEDED', 'LogGroup': '/aws-glue/crawlers', 'LogStream': 'spotify-crawl', 'MessagePrefix': '6b800d17-be38-4e2d-b7f0-bad6f7f22dfe', 'StartTime': datetime.datetime(2023, 1, 27, 8, 0, 12, tzinfo=tzlocal())}, 'Version': 18, 'LakeFormationConfiguration': {'UseLakeFormationCredentials': False, 'AccountId': ''}}
[2023-01-27T08:02:43.454+0000] {glue_crawler.py:178} INFO - Status: SUCCEEDED
[2023-01-27T08:02:43.454+0000] {glue_crawler.py:179} INFO - Last Runtime Duration (seconds): 55.191
[2023-01-27T08:02:43.454+0000] {glue_crawler.py:180} INFO - Median Runtime Duration (seconds): 51.911500000000004
[2023-01-27T08:02:43.454+0000] {glue_crawler.py:181} INFO - Tables Created: 0
[2023-01-27T08:02:43.454+0000] {glue_crawler.py:182} INFO - Tables Updated: 0
[2023-01-27T08:02:43.454+0000] {glue_crawler.py:183} INFO - Tables Deleted: 0
[2023-01-27T08:02:43.470+0000] {taskinstance.py:1401} INFO - Marking task as SUCCESS. dag_id=spotify_dag, task_id=crawl_s3, execution_date=20230127T060000, start_date=20230127T080011, end_date=20230127T080243
[2023-01-27T08:02:43.522+0000] {local_task_job.py:164} INFO - Task exited with return code 0
[2023-01-27T08:02:43.541+0000] {local_task_job.py:273} INFO - 1 downstream tasks scheduled from follow-on schedule check
