[2023-01-24T06:40:08.929+0000] {taskinstance.py:1165} INFO - Dependencies all met for <TaskInstance: spotify_dag.spotify_etl scheduled__2023-01-24T04:00:00+00:00 [queued]>
[2023-01-24T06:40:08.934+0000] {taskinstance.py:1165} INFO - Dependencies all met for <TaskInstance: spotify_dag.spotify_etl scheduled__2023-01-24T04:00:00+00:00 [queued]>
[2023-01-24T06:40:08.935+0000] {taskinstance.py:1362} INFO - 
--------------------------------------------------------------------------------
[2023-01-24T06:40:08.935+0000] {taskinstance.py:1363} INFO - Starting attempt 1 of 2
[2023-01-24T06:40:08.935+0000] {taskinstance.py:1364} INFO - 
--------------------------------------------------------------------------------
[2023-01-24T06:40:08.948+0000] {taskinstance.py:1383} INFO - Executing <Task(PythonOperator): spotify_etl> on 2023-01-24 04:00:00+00:00
[2023-01-24T06:40:08.951+0000] {standard_task_runner.py:55} INFO - Started process 2262 to run task
[2023-01-24T06:40:08.955+0000] {standard_task_runner.py:82} INFO - Running: ['airflow', 'tasks', 'run', 'spotify_dag', 'spotify_etl', 'scheduled__2023-01-24T04:00:00+00:00', '--job-id', '219', '--raw', '--subdir', 'DAGS_FOLDER/airflow_dags.py', '--cfg-path', '/tmp/tmpf1x_x0xn']
[2023-01-24T06:40:08.957+0000] {standard_task_runner.py:83} INFO - Job 219: Subtask spotify_etl
[2023-01-24T06:40:08.996+0000] {task_command.py:376} INFO - Running <TaskInstance: spotify_dag.spotify_etl scheduled__2023-01-24T04:00:00+00:00 [running]> on host ip-172-31-26-59.ap-northeast-2.compute.internal
[2023-01-24T06:40:09.025+0000] {logging_mixin.py:120} WARNING - /home/ubuntu/.local/lib/python3.10/site-packages/airflow/utils/context.py:204 AirflowContextDeprecationWarning: Accessing 'execution_date' from the template is deprecated and will be removed in a future version. Please use 'data_interval_start' or 'logical_date' instead.
[2023-01-24T06:40:09.060+0000] {taskinstance.py:1590} INFO - Exporting the following env vars:
AIRFLOW_CTX_DAG_EMAIL=nywkim@example.com
AIRFLOW_CTX_DAG_OWNER=airflow
AIRFLOW_CTX_DAG_ID=spotify_dag
AIRFLOW_CTX_TASK_ID=spotify_etl
AIRFLOW_CTX_EXECUTION_DATE=2023-01-24T04:00:00+00:00
AIRFLOW_CTX_TRY_NUMBER=1
AIRFLOW_CTX_DAG_RUN_ID=scheduled__2023-01-24T04:00:00+00:00
[2023-01-24T06:40:09.614+0000] {logging_mixin.py:120} INFO - see you next interval
[2023-01-24T06:40:09.614+0000] {python.py:177} INFO - Done. Returned value was: None
[2023-01-24T06:40:09.618+0000] {taskinstance.py:1401} INFO - Marking task as SUCCESS. dag_id=spotify_dag, task_id=spotify_etl, execution_date=20230124T040000, start_date=20230124T064008, end_date=20230124T064009
[2023-01-24T06:40:09.648+0000] {local_task_job.py:164} INFO - Task exited with return code 0
[2023-01-24T06:40:09.659+0000] {local_task_job.py:273} INFO - 0 downstream tasks scheduled from follow-on schedule check
