[2023-01-28T10:00:08.191+0000] {taskinstance.py:1165} INFO - Dependencies all met for <TaskInstance: spotify_dag.crawl_s3 scheduled__2023-01-28T08:00:00+00:00 [queued]>
[2023-01-28T10:00:08.197+0000] {taskinstance.py:1165} INFO - Dependencies all met for <TaskInstance: spotify_dag.crawl_s3 scheduled__2023-01-28T08:00:00+00:00 [queued]>
[2023-01-28T10:00:08.198+0000] {taskinstance.py:1362} INFO - 
--------------------------------------------------------------------------------
[2023-01-28T10:00:08.198+0000] {taskinstance.py:1363} INFO - Starting attempt 1 of 2
[2023-01-28T10:00:08.198+0000] {taskinstance.py:1364} INFO - 
--------------------------------------------------------------------------------
[2023-01-28T10:00:08.210+0000] {taskinstance.py:1383} INFO - Executing <Task(GlueCrawlerOperator): crawl_s3> on 2023-01-28 08:00:00+00:00
[2023-01-28T10:00:08.213+0000] {standard_task_runner.py:55} INFO - Started process 18194 to run task
[2023-01-28T10:00:08.217+0000] {standard_task_runner.py:82} INFO - Running: ['airflow', 'tasks', 'run', 'spotify_dag', 'crawl_s3', 'scheduled__2023-01-28T08:00:00+00:00', '--job-id', '419', '--raw', '--subdir', 'DAGS_FOLDER/airflow_dags.py', '--cfg-path', '/tmp/tmpl5ujjup1']
[2023-01-28T10:00:08.218+0000] {standard_task_runner.py:83} INFO - Job 419: Subtask crawl_s3
[2023-01-28T10:00:08.258+0000] {task_command.py:376} INFO - Running <TaskInstance: spotify_dag.crawl_s3 scheduled__2023-01-28T08:00:00+00:00 [running]> on host ip-172-31-26-59.ap-northeast-2.compute.internal
[2023-01-28T10:00:08.302+0000] {taskinstance.py:1590} INFO - Exporting the following env vars:
AIRFLOW_CTX_DAG_EMAIL=nywkim@example.com
AIRFLOW_CTX_DAG_OWNER=airflow
AIRFLOW_CTX_DAG_ID=spotify_dag
AIRFLOW_CTX_TASK_ID=crawl_s3
AIRFLOW_CTX_EXECUTION_DATE=2023-01-28T08:00:00+00:00
AIRFLOW_CTX_TRY_NUMBER=1
AIRFLOW_CTX_DAG_RUN_ID=scheduled__2023-01-28T08:00:00+00:00
[2023-01-28T10:00:08.303+0000] {glue_crawler.py:55} INFO - Checking if crawler already exists: spotify-crawl
[2023-01-28T10:00:08.307+0000] {base.py:71} INFO - Using connection ID 'aws_default' for task execution.
[2023-01-28T10:00:08.307+0000] {connection_wrapper.py:334} INFO - AWS Connection (conn_id='aws_default', conn_type='aws') credentials retrieved from login and password.
[2023-01-28T10:00:08.990+0000] {base.py:71} INFO - Using connection ID 'aws_default' for task execution.
[2023-01-28T10:00:08.991+0000] {connection_wrapper.py:334} INFO - AWS Connection (conn_id='aws_default', conn_type='aws') credentials retrieved from login and password.
[2023-01-28T10:00:09.285+0000] {glue_crawler.py:82} INFO - Triggering AWS Glue Crawler
[2023-01-28T10:00:09.285+0000] {glue_crawler.py:151} INFO - Starting crawler spotify-crawl
[2023-01-28T10:00:10.546+0000] {glue_crawler.py:85} INFO - Waiting for AWS Glue Crawler
[2023-01-28T10:00:10.599+0000] {glue_crawler.py:188} INFO - Polling for AWS Glue crawler: spotify-crawl 
[2023-01-28T10:00:10.600+0000] {glue_crawler.py:189} INFO - State: RUNNING
[2023-01-28T10:00:10.643+0000] {glue_crawler.py:199} INFO - Crawler should finish soon
[2023-01-28T10:00:15.706+0000] {glue_crawler.py:188} INFO - Polling for AWS Glue crawler: spotify-crawl 
[2023-01-28T10:00:15.706+0000] {glue_crawler.py:189} INFO - State: RUNNING
[2023-01-28T10:00:15.753+0000] {glue_crawler.py:199} INFO - Crawler should finish soon
[2023-01-28T10:00:20.812+0000] {glue_crawler.py:188} INFO - Polling for AWS Glue crawler: spotify-crawl 
[2023-01-28T10:00:20.813+0000] {glue_crawler.py:189} INFO - State: RUNNING
[2023-01-28T10:00:20.854+0000] {glue_crawler.py:199} INFO - Crawler should finish soon
[2023-01-28T10:00:25.890+0000] {glue_crawler.py:188} INFO - Polling for AWS Glue crawler: spotify-crawl 
[2023-01-28T10:00:25.891+0000] {glue_crawler.py:189} INFO - State: RUNNING
[2023-01-28T10:00:25.935+0000] {glue_crawler.py:199} INFO - Crawler should finish soon
[2023-01-28T10:00:30.995+0000] {glue_crawler.py:188} INFO - Polling for AWS Glue crawler: spotify-crawl 
[2023-01-28T10:00:30.995+0000] {glue_crawler.py:189} INFO - State: RUNNING
[2023-01-28T10:00:31.036+0000] {glue_crawler.py:199} INFO - Crawler should finish soon
[2023-01-28T10:00:36.096+0000] {glue_crawler.py:188} INFO - Polling for AWS Glue crawler: spotify-crawl 
[2023-01-28T10:00:36.096+0000] {glue_crawler.py:189} INFO - State: RUNNING
[2023-01-28T10:00:36.122+0000] {glue_crawler.py:199} INFO - Crawler should finish soon
[2023-01-28T10:00:41.185+0000] {glue_crawler.py:188} INFO - Polling for AWS Glue crawler: spotify-crawl 
[2023-01-28T10:00:41.185+0000] {glue_crawler.py:189} INFO - State: RUNNING
[2023-01-28T10:00:41.224+0000] {glue_crawler.py:199} INFO - Crawler should finish soon
[2023-01-28T10:00:46.258+0000] {glue_crawler.py:188} INFO - Polling for AWS Glue crawler: spotify-crawl 
[2023-01-28T10:00:46.259+0000] {glue_crawler.py:189} INFO - State: RUNNING
[2023-01-28T10:00:46.283+0000] {glue_crawler.py:199} INFO - Crawler should finish soon
[2023-01-28T10:00:51.326+0000] {glue_crawler.py:188} INFO - Polling for AWS Glue crawler: spotify-crawl 
[2023-01-28T10:00:51.326+0000] {glue_crawler.py:189} INFO - State: RUNNING
[2023-01-28T10:00:51.350+0000] {glue_crawler.py:199} INFO - Crawler should finish soon
[2023-01-28T10:00:56.407+0000] {glue_crawler.py:188} INFO - Polling for AWS Glue crawler: spotify-crawl 
[2023-01-28T10:00:56.408+0000] {glue_crawler.py:189} INFO - State: RUNNING
[2023-01-28T10:00:56.441+0000] {glue_crawler.py:199} INFO - Crawler should finish soon
[2023-01-28T10:01:01.478+0000] {glue_crawler.py:188} INFO - Polling for AWS Glue crawler: spotify-crawl 
[2023-01-28T10:01:01.478+0000] {glue_crawler.py:189} INFO - State: RUNNING
[2023-01-28T10:01:01.518+0000] {glue_crawler.py:197} INFO - Estimated Time Left (seconds): 15
[2023-01-28T10:01:06.552+0000] {glue_crawler.py:188} INFO - Polling for AWS Glue crawler: spotify-crawl 
[2023-01-28T10:01:06.552+0000] {glue_crawler.py:189} INFO - State: RUNNING
[2023-01-28T10:01:06.576+0000] {glue_crawler.py:197} INFO - Estimated Time Left (seconds): 15
[2023-01-28T10:01:11.634+0000] {glue_crawler.py:188} INFO - Polling for AWS Glue crawler: spotify-crawl 
[2023-01-28T10:01:11.634+0000] {glue_crawler.py:189} INFO - State: STOPPING
[2023-01-28T10:01:11.675+0000] {glue_crawler.py:197} INFO - Estimated Time Left (seconds): 15
[2023-01-28T10:01:16.714+0000] {glue_crawler.py:188} INFO - Polling for AWS Glue crawler: spotify-crawl 
[2023-01-28T10:01:16.714+0000] {glue_crawler.py:189} INFO - State: STOPPING
[2023-01-28T10:01:16.739+0000] {glue_crawler.py:197} INFO - Estimated Time Left (seconds): 15
[2023-01-28T10:01:21.777+0000] {glue_crawler.py:188} INFO - Polling for AWS Glue crawler: spotify-crawl 
[2023-01-28T10:01:21.778+0000] {glue_crawler.py:189} INFO - State: STOPPING
[2023-01-28T10:01:21.817+0000] {glue_crawler.py:197} INFO - Estimated Time Left (seconds): 15
[2023-01-28T10:01:26.863+0000] {glue_crawler.py:188} INFO - Polling for AWS Glue crawler: spotify-crawl 
[2023-01-28T10:01:26.863+0000] {glue_crawler.py:189} INFO - State: STOPPING
[2023-01-28T10:01:26.894+0000] {glue_crawler.py:197} INFO - Estimated Time Left (seconds): 15
[2023-01-28T10:01:31.953+0000] {glue_crawler.py:188} INFO - Polling for AWS Glue crawler: spotify-crawl 
[2023-01-28T10:01:31.953+0000] {glue_crawler.py:189} INFO - State: STOPPING
[2023-01-28T10:01:31.999+0000] {glue_crawler.py:197} INFO - Estimated Time Left (seconds): 15
[2023-01-28T10:01:37.037+0000] {glue_crawler.py:188} INFO - Polling for AWS Glue crawler: spotify-crawl 
[2023-01-28T10:01:37.037+0000] {glue_crawler.py:189} INFO - State: STOPPING
[2023-01-28T10:01:37.075+0000] {glue_crawler.py:197} INFO - Estimated Time Left (seconds): 15
[2023-01-28T10:01:42.137+0000] {glue_crawler.py:188} INFO - Polling for AWS Glue crawler: spotify-crawl 
[2023-01-28T10:01:42.137+0000] {glue_crawler.py:189} INFO - State: STOPPING
[2023-01-28T10:01:42.180+0000] {glue_crawler.py:197} INFO - Estimated Time Left (seconds): 15
[2023-01-28T10:01:47.223+0000] {glue_crawler.py:188} INFO - Polling for AWS Glue crawler: spotify-crawl 
[2023-01-28T10:01:47.223+0000] {glue_crawler.py:189} INFO - State: STOPPING
[2023-01-28T10:01:47.257+0000] {glue_crawler.py:197} INFO - Estimated Time Left (seconds): 15
[2023-01-28T10:01:52.311+0000] {glue_crawler.py:188} INFO - Polling for AWS Glue crawler: spotify-crawl 
[2023-01-28T10:01:52.312+0000] {glue_crawler.py:189} INFO - State: STOPPING
[2023-01-28T10:01:52.351+0000] {glue_crawler.py:197} INFO - Estimated Time Left (seconds): 15
[2023-01-28T10:01:57.390+0000] {glue_crawler.py:188} INFO - Polling for AWS Glue crawler: spotify-crawl 
[2023-01-28T10:01:57.390+0000] {glue_crawler.py:189} INFO - State: STOPPING
[2023-01-28T10:01:57.428+0000] {glue_crawler.py:197} INFO - Estimated Time Left (seconds): 15
[2023-01-28T10:02:02.464+0000] {glue_crawler.py:188} INFO - Polling for AWS Glue crawler: spotify-crawl 
[2023-01-28T10:02:02.464+0000] {glue_crawler.py:189} INFO - State: STOPPING
[2023-01-28T10:02:02.505+0000] {glue_crawler.py:197} INFO - Estimated Time Left (seconds): 15
[2023-01-28T10:02:07.552+0000] {glue_crawler.py:188} INFO - Polling for AWS Glue crawler: spotify-crawl 
[2023-01-28T10:02:07.552+0000] {glue_crawler.py:189} INFO - State: STOPPING
[2023-01-28T10:02:07.594+0000] {glue_crawler.py:197} INFO - Estimated Time Left (seconds): 15
[2023-01-28T10:02:12.634+0000] {glue_crawler.py:188} INFO - Polling for AWS Glue crawler: spotify-crawl 
[2023-01-28T10:02:12.634+0000] {glue_crawler.py:189} INFO - State: STOPPING
[2023-01-28T10:02:12.672+0000] {glue_crawler.py:197} INFO - Estimated Time Left (seconds): 15
[2023-01-28T10:02:17.703+0000] {glue_crawler.py:188} INFO - Polling for AWS Glue crawler: spotify-crawl 
[2023-01-28T10:02:17.704+0000] {glue_crawler.py:189} INFO - State: STOPPING
[2023-01-28T10:02:17.728+0000] {glue_crawler.py:197} INFO - Estimated Time Left (seconds): 15
[2023-01-28T10:02:22.791+0000] {glue_crawler.py:188} INFO - Polling for AWS Glue crawler: spotify-crawl 
[2023-01-28T10:02:22.791+0000] {glue_crawler.py:189} INFO - State: STOPPING
[2023-01-28T10:02:22.823+0000] {glue_crawler.py:197} INFO - Estimated Time Left (seconds): 15
[2023-01-28T10:02:27.864+0000] {glue_crawler.py:188} INFO - Polling for AWS Glue crawler: spotify-crawl 
[2023-01-28T10:02:27.864+0000] {glue_crawler.py:189} INFO - State: STOPPING
[2023-01-28T10:02:27.896+0000] {glue_crawler.py:197} INFO - Estimated Time Left (seconds): 15
[2023-01-28T10:02:32.944+0000] {glue_crawler.py:188} INFO - Polling for AWS Glue crawler: spotify-crawl 
[2023-01-28T10:02:32.944+0000] {glue_crawler.py:189} INFO - State: STOPPING
[2023-01-28T10:02:32.982+0000] {glue_crawler.py:197} INFO - Estimated Time Left (seconds): 15
[2023-01-28T10:02:38.038+0000] {glue_crawler.py:188} INFO - Polling for AWS Glue crawler: spotify-crawl 
[2023-01-28T10:02:38.038+0000] {glue_crawler.py:189} INFO - State: STOPPING
[2023-01-28T10:02:38.067+0000] {glue_crawler.py:197} INFO - Estimated Time Left (seconds): 15
[2023-01-28T10:02:43.110+0000] {glue_crawler.py:170} INFO - State: READY
[2023-01-28T10:02:43.110+0000] {glue_crawler.py:171} INFO - crawler_config: {'Name': 'spotify-crawl', 'Role': 'service-role/AWSGlueServiceRole-crawlerclass', 'Targets': {'S3Targets': [{'Path': 's3://airflow-nk/logs', 'Exclusions': []}], 'JdbcTargets': [], 'MongoDBTargets': [], 'DynamoDBTargets': [], 'CatalogTargets': [], 'DeltaTargets': []}, 'DatabaseName': 'spotify', 'Classifiers': [], 'RecrawlPolicy': {'RecrawlBehavior': 'CRAWL_EVERYTHING'}, 'SchemaChangePolicy': {'UpdateBehavior': 'LOG', 'DeleteBehavior': 'LOG'}, 'LineageConfiguration': {'CrawlerLineageSettings': 'DISABLE'}, 'State': 'READY', 'CrawlElapsedTime': 0, 'CreationTime': datetime.datetime(2022, 10, 4, 6, 4, 16, tzinfo=tzlocal()), 'LastUpdated': datetime.datetime(2023, 1, 25, 11, 32, 11, tzinfo=tzlocal()), 'LastCrawl': {'Status': 'SUCCEEDED', 'LogGroup': '/aws-glue/crawlers', 'LogStream': 'spotify-crawl', 'MessagePrefix': '0234e729-f928-448c-af27-da96051f9dce', 'StartTime': datetime.datetime(2023, 1, 28, 10, 0, 9, tzinfo=tzlocal())}, 'Version': 18, 'LakeFormationConfiguration': {'UseLakeFormationCredentials': False, 'AccountId': ''}}
[2023-01-28T10:02:43.136+0000] {glue_crawler.py:178} INFO - Status: SUCCEEDED
[2023-01-28T10:02:43.136+0000] {glue_crawler.py:179} INFO - Last Runtime Duration (seconds): 57.18
[2023-01-28T10:02:43.136+0000] {glue_crawler.py:180} INFO - Median Runtime Duration (seconds): 56.185500000000005
[2023-01-28T10:02:43.136+0000] {glue_crawler.py:181} INFO - Tables Created: 0
[2023-01-28T10:02:43.136+0000] {glue_crawler.py:182} INFO - Tables Updated: 0
[2023-01-28T10:02:43.136+0000] {glue_crawler.py:183} INFO - Tables Deleted: 0
[2023-01-28T10:02:43.151+0000] {taskinstance.py:1401} INFO - Marking task as SUCCESS. dag_id=spotify_dag, task_id=crawl_s3, execution_date=20230128T080000, start_date=20230128T100008, end_date=20230128T100243
[2023-01-28T10:02:43.192+0000] {local_task_job.py:164} INFO - Task exited with return code 0
[2023-01-28T10:02:43.214+0000] {local_task_job.py:273} INFO - 1 downstream tasks scheduled from follow-on schedule check
