[2023-02-03T08:00:10.134+0000] {taskinstance.py:1165} INFO - Dependencies all met for <TaskInstance: spotify_dag.crawl_s3 scheduled__2023-02-03T06:00:00+00:00 [queued]>
[2023-02-03T08:00:10.141+0000] {taskinstance.py:1165} INFO - Dependencies all met for <TaskInstance: spotify_dag.crawl_s3 scheduled__2023-02-03T06:00:00+00:00 [queued]>
[2023-02-03T08:00:10.141+0000] {taskinstance.py:1362} INFO - 
--------------------------------------------------------------------------------
[2023-02-03T08:00:10.141+0000] {taskinstance.py:1363} INFO - Starting attempt 1 of 2
[2023-02-03T08:00:10.141+0000] {taskinstance.py:1364} INFO - 
--------------------------------------------------------------------------------
[2023-02-03T08:00:10.155+0000] {taskinstance.py:1383} INFO - Executing <Task(GlueCrawlerOperator): crawl_s3> on 2023-02-03 06:00:00+00:00
[2023-02-03T08:00:10.158+0000] {standard_task_runner.py:55} INFO - Started process 13563 to run task
[2023-02-03T08:00:10.162+0000] {standard_task_runner.py:82} INFO - Running: ['airflow', 'tasks', 'run', 'spotify_dag', 'crawl_s3', 'scheduled__2023-02-03T06:00:00+00:00', '--job-id', '633', '--raw', '--subdir', 'DAGS_FOLDER/airflow_dags.py', '--cfg-path', '/tmp/tmp5plyyj4q']
[2023-02-03T08:00:10.164+0000] {standard_task_runner.py:83} INFO - Job 633: Subtask crawl_s3
[2023-02-03T08:00:10.204+0000] {task_command.py:376} INFO - Running <TaskInstance: spotify_dag.crawl_s3 scheduled__2023-02-03T06:00:00+00:00 [running]> on host ip-172-31-26-59.ap-northeast-2.compute.internal
[2023-02-03T08:00:10.255+0000] {taskinstance.py:1590} INFO - Exporting the following env vars:
AIRFLOW_CTX_DAG_EMAIL=nywkim@example.com
AIRFLOW_CTX_DAG_OWNER=airflow
AIRFLOW_CTX_DAG_ID=spotify_dag
AIRFLOW_CTX_TASK_ID=crawl_s3
AIRFLOW_CTX_EXECUTION_DATE=2023-02-03T06:00:00+00:00
AIRFLOW_CTX_TRY_NUMBER=1
AIRFLOW_CTX_DAG_RUN_ID=scheduled__2023-02-03T06:00:00+00:00
[2023-02-03T08:00:10.256+0000] {glue_crawler.py:55} INFO - Checking if crawler already exists: spotify-crawl
[2023-02-03T08:00:10.260+0000] {base.py:71} INFO - Using connection ID 'aws_default' for task execution.
[2023-02-03T08:00:10.261+0000] {connection_wrapper.py:334} INFO - AWS Connection (conn_id='aws_default', conn_type='aws') credentials retrieved from login and password.
[2023-02-03T08:00:11.021+0000] {base.py:71} INFO - Using connection ID 'aws_default' for task execution.
[2023-02-03T08:00:11.022+0000] {connection_wrapper.py:334} INFO - AWS Connection (conn_id='aws_default', conn_type='aws') credentials retrieved from login and password.
[2023-02-03T08:00:11.334+0000] {glue_crawler.py:82} INFO - Triggering AWS Glue Crawler
[2023-02-03T08:00:11.335+0000] {glue_crawler.py:151} INFO - Starting crawler spotify-crawl
[2023-02-03T08:00:12.637+0000] {glue_crawler.py:85} INFO - Waiting for AWS Glue Crawler
[2023-02-03T08:00:12.690+0000] {glue_crawler.py:188} INFO - Polling for AWS Glue crawler: spotify-crawl 
[2023-02-03T08:00:12.690+0000] {glue_crawler.py:189} INFO - State: RUNNING
[2023-02-03T08:00:12.738+0000] {glue_crawler.py:199} INFO - Crawler should finish soon
[2023-02-03T08:00:17.771+0000] {glue_crawler.py:188} INFO - Polling for AWS Glue crawler: spotify-crawl 
[2023-02-03T08:00:17.771+0000] {glue_crawler.py:189} INFO - State: RUNNING
[2023-02-03T08:00:17.818+0000] {glue_crawler.py:199} INFO - Crawler should finish soon
[2023-02-03T08:00:22.874+0000] {glue_crawler.py:188} INFO - Polling for AWS Glue crawler: spotify-crawl 
[2023-02-03T08:00:22.874+0000] {glue_crawler.py:189} INFO - State: RUNNING
[2023-02-03T08:00:22.919+0000] {glue_crawler.py:199} INFO - Crawler should finish soon
[2023-02-03T08:00:27.980+0000] {glue_crawler.py:188} INFO - Polling for AWS Glue crawler: spotify-crawl 
[2023-02-03T08:00:27.981+0000] {glue_crawler.py:189} INFO - State: RUNNING
[2023-02-03T08:00:28.023+0000] {glue_crawler.py:199} INFO - Crawler should finish soon
[2023-02-03T08:00:33.114+0000] {glue_crawler.py:188} INFO - Polling for AWS Glue crawler: spotify-crawl 
[2023-02-03T08:00:33.115+0000] {glue_crawler.py:189} INFO - State: RUNNING
[2023-02-03T08:00:33.166+0000] {glue_crawler.py:199} INFO - Crawler should finish soon
[2023-02-03T08:00:38.230+0000] {glue_crawler.py:188} INFO - Polling for AWS Glue crawler: spotify-crawl 
[2023-02-03T08:00:38.230+0000] {glue_crawler.py:189} INFO - State: RUNNING
[2023-02-03T08:00:38.264+0000] {glue_crawler.py:199} INFO - Crawler should finish soon
[2023-02-03T08:00:43.303+0000] {glue_crawler.py:188} INFO - Polling for AWS Glue crawler: spotify-crawl 
[2023-02-03T08:00:43.303+0000] {glue_crawler.py:189} INFO - State: RUNNING
[2023-02-03T08:00:43.332+0000] {glue_crawler.py:199} INFO - Crawler should finish soon
[2023-02-03T08:00:48.404+0000] {glue_crawler.py:188} INFO - Polling for AWS Glue crawler: spotify-crawl 
[2023-02-03T08:00:48.404+0000] {glue_crawler.py:189} INFO - State: RUNNING
[2023-02-03T08:00:48.447+0000] {glue_crawler.py:199} INFO - Crawler should finish soon
[2023-02-03T08:00:53.507+0000] {glue_crawler.py:188} INFO - Polling for AWS Glue crawler: spotify-crawl 
[2023-02-03T08:00:53.507+0000] {glue_crawler.py:189} INFO - State: RUNNING
[2023-02-03T08:00:53.550+0000] {glue_crawler.py:199} INFO - Crawler should finish soon
[2023-02-03T08:00:58.595+0000] {glue_crawler.py:188} INFO - Polling for AWS Glue crawler: spotify-crawl 
[2023-02-03T08:00:58.595+0000] {glue_crawler.py:189} INFO - State: RUNNING
[2023-02-03T08:00:58.641+0000] {glue_crawler.py:199} INFO - Crawler should finish soon
[2023-02-03T08:01:03.701+0000] {glue_crawler.py:188} INFO - Polling for AWS Glue crawler: spotify-crawl 
[2023-02-03T08:01:03.701+0000] {glue_crawler.py:189} INFO - State: RUNNING
[2023-02-03T08:01:03.745+0000] {glue_crawler.py:199} INFO - Crawler should finish soon
[2023-02-03T08:01:08.801+0000] {glue_crawler.py:188} INFO - Polling for AWS Glue crawler: spotify-crawl 
[2023-02-03T08:01:08.801+0000] {glue_crawler.py:189} INFO - State: STOPPING
[2023-02-03T08:01:08.846+0000] {glue_crawler.py:197} INFO - Estimated Time Left (seconds): 15
[2023-02-03T08:01:13.903+0000] {glue_crawler.py:188} INFO - Polling for AWS Glue crawler: spotify-crawl 
[2023-02-03T08:01:13.903+0000] {glue_crawler.py:189} INFO - State: STOPPING
[2023-02-03T08:01:13.945+0000] {glue_crawler.py:197} INFO - Estimated Time Left (seconds): 15
[2023-02-03T08:01:18.998+0000] {glue_crawler.py:188} INFO - Polling for AWS Glue crawler: spotify-crawl 
[2023-02-03T08:01:18.998+0000] {glue_crawler.py:189} INFO - State: STOPPING
[2023-02-03T08:01:19.042+0000] {glue_crawler.py:197} INFO - Estimated Time Left (seconds): 15
[2023-02-03T08:01:24.083+0000] {glue_crawler.py:188} INFO - Polling for AWS Glue crawler: spotify-crawl 
[2023-02-03T08:01:24.083+0000] {glue_crawler.py:189} INFO - State: STOPPING
[2023-02-03T08:01:24.113+0000] {glue_crawler.py:197} INFO - Estimated Time Left (seconds): 15
[2023-02-03T08:01:29.154+0000] {glue_crawler.py:188} INFO - Polling for AWS Glue crawler: spotify-crawl 
[2023-02-03T08:01:29.154+0000] {glue_crawler.py:189} INFO - State: STOPPING
[2023-02-03T08:01:29.182+0000] {glue_crawler.py:197} INFO - Estimated Time Left (seconds): 15
[2023-02-03T08:01:34.249+0000] {glue_crawler.py:188} INFO - Polling for AWS Glue crawler: spotify-crawl 
[2023-02-03T08:01:34.250+0000] {glue_crawler.py:189} INFO - State: STOPPING
[2023-02-03T08:01:34.288+0000] {glue_crawler.py:197} INFO - Estimated Time Left (seconds): 15
[2023-02-03T08:01:39.347+0000] {glue_crawler.py:188} INFO - Polling for AWS Glue crawler: spotify-crawl 
[2023-02-03T08:01:39.347+0000] {glue_crawler.py:189} INFO - State: STOPPING
[2023-02-03T08:01:39.377+0000] {glue_crawler.py:197} INFO - Estimated Time Left (seconds): 15
[2023-02-03T08:01:44.433+0000] {glue_crawler.py:188} INFO - Polling for AWS Glue crawler: spotify-crawl 
[2023-02-03T08:01:44.433+0000] {glue_crawler.py:189} INFO - State: STOPPING
[2023-02-03T08:01:44.463+0000] {glue_crawler.py:197} INFO - Estimated Time Left (seconds): 15
[2023-02-03T08:01:49.520+0000] {glue_crawler.py:188} INFO - Polling for AWS Glue crawler: spotify-crawl 
[2023-02-03T08:01:49.520+0000] {glue_crawler.py:189} INFO - State: STOPPING
[2023-02-03T08:01:49.563+0000] {glue_crawler.py:197} INFO - Estimated Time Left (seconds): 15
[2023-02-03T08:01:54.622+0000] {glue_crawler.py:188} INFO - Polling for AWS Glue crawler: spotify-crawl 
[2023-02-03T08:01:54.623+0000] {glue_crawler.py:189} INFO - State: STOPPING
[2023-02-03T08:01:54.665+0000] {glue_crawler.py:197} INFO - Estimated Time Left (seconds): 15
[2023-02-03T08:01:59.725+0000] {glue_crawler.py:188} INFO - Polling for AWS Glue crawler: spotify-crawl 
[2023-02-03T08:01:59.725+0000] {glue_crawler.py:189} INFO - State: STOPPING
[2023-02-03T08:01:59.764+0000] {glue_crawler.py:197} INFO - Estimated Time Left (seconds): 15
[2023-02-03T08:02:04.824+0000] {glue_crawler.py:188} INFO - Polling for AWS Glue crawler: spotify-crawl 
[2023-02-03T08:02:04.824+0000] {glue_crawler.py:189} INFO - State: STOPPING
[2023-02-03T08:02:04.865+0000] {glue_crawler.py:197} INFO - Estimated Time Left (seconds): 15
[2023-02-03T08:02:09.907+0000] {glue_crawler.py:188} INFO - Polling for AWS Glue crawler: spotify-crawl 
[2023-02-03T08:02:09.907+0000] {glue_crawler.py:189} INFO - State: STOPPING
[2023-02-03T08:02:09.938+0000] {glue_crawler.py:197} INFO - Estimated Time Left (seconds): 15
[2023-02-03T08:02:14.982+0000] {glue_crawler.py:188} INFO - Polling for AWS Glue crawler: spotify-crawl 
[2023-02-03T08:02:14.982+0000] {glue_crawler.py:189} INFO - State: STOPPING
[2023-02-03T08:02:15.007+0000] {glue_crawler.py:197} INFO - Estimated Time Left (seconds): 15
[2023-02-03T08:02:20.052+0000] {glue_crawler.py:188} INFO - Polling for AWS Glue crawler: spotify-crawl 
[2023-02-03T08:02:20.053+0000] {glue_crawler.py:189} INFO - State: STOPPING
[2023-02-03T08:02:20.089+0000] {glue_crawler.py:197} INFO - Estimated Time Left (seconds): 15
[2023-02-03T08:02:25.157+0000] {glue_crawler.py:188} INFO - Polling for AWS Glue crawler: spotify-crawl 
[2023-02-03T08:02:25.157+0000] {glue_crawler.py:189} INFO - State: STOPPING
[2023-02-03T08:02:25.197+0000] {glue_crawler.py:197} INFO - Estimated Time Left (seconds): 15
[2023-02-03T08:02:30.251+0000] {glue_crawler.py:188} INFO - Polling for AWS Glue crawler: spotify-crawl 
[2023-02-03T08:02:30.251+0000] {glue_crawler.py:189} INFO - State: STOPPING
[2023-02-03T08:02:30.300+0000] {glue_crawler.py:197} INFO - Estimated Time Left (seconds): 15
[2023-02-03T08:02:35.353+0000] {glue_crawler.py:188} INFO - Polling for AWS Glue crawler: spotify-crawl 
[2023-02-03T08:02:35.354+0000] {glue_crawler.py:189} INFO - State: STOPPING
[2023-02-03T08:02:35.399+0000] {glue_crawler.py:197} INFO - Estimated Time Left (seconds): 15
[2023-02-03T08:02:40.442+0000] {glue_crawler.py:170} INFO - State: READY
[2023-02-03T08:02:40.442+0000] {glue_crawler.py:171} INFO - crawler_config: {'Name': 'spotify-crawl', 'Role': 'service-role/AWSGlueServiceRole-crawlerclass', 'Targets': {'S3Targets': [{'Path': 's3://airflow-nk/data/gold', 'Exclusions': []}], 'JdbcTargets': [], 'MongoDBTargets': [], 'DynamoDBTargets': [], 'CatalogTargets': [], 'DeltaTargets': []}, 'DatabaseName': 'spotify', 'Classifiers': ['sp_classifieer'], 'RecrawlPolicy': {'RecrawlBehavior': 'CRAWL_EVERYTHING'}, 'SchemaChangePolicy': {'UpdateBehavior': 'LOG', 'DeleteBehavior': 'LOG'}, 'LineageConfiguration': {'CrawlerLineageSettings': 'DISABLE'}, 'State': 'READY', 'CrawlElapsedTime': 0, 'CreationTime': datetime.datetime(2022, 10, 4, 6, 4, 16, tzinfo=tzlocal()), 'LastUpdated': datetime.datetime(2023, 2, 1, 16, 13, 59, tzinfo=tzlocal()), 'LastCrawl': {'Status': 'SUCCEEDED', 'LogGroup': '/aws-glue/crawlers', 'LogStream': 'spotify-crawl', 'MessagePrefix': '9b0200fb-506a-48b4-8ad9-464b42b4a99f', 'StartTime': datetime.datetime(2023, 2, 3, 8, 0, 11, tzinfo=tzlocal())}, 'Version': 21, 'LakeFormationConfiguration': {'UseLakeFormationCredentials': False, 'AccountId': ''}}
[2023-02-03T08:02:40.485+0000] {glue_crawler.py:178} INFO - Status: SUCCEEDED
[2023-02-03T08:02:40.486+0000] {glue_crawler.py:179} INFO - Last Runtime Duration (seconds): 52.594
[2023-02-03T08:02:40.486+0000] {glue_crawler.py:180} INFO - Median Runtime Duration (seconds): 52.675
[2023-02-03T08:02:40.486+0000] {glue_crawler.py:181} INFO - Tables Created: 0
[2023-02-03T08:02:40.486+0000] {glue_crawler.py:182} INFO - Tables Updated: 0
[2023-02-03T08:02:40.486+0000] {glue_crawler.py:183} INFO - Tables Deleted: 0
[2023-02-03T08:02:40.510+0000] {taskinstance.py:1401} INFO - Marking task as SUCCESS. dag_id=spotify_dag, task_id=crawl_s3, execution_date=20230203T060000, start_date=20230203T080010, end_date=20230203T080240
[2023-02-03T08:02:40.551+0000] {local_task_job.py:164} INFO - Task exited with return code 0
[2023-02-03T08:02:40.571+0000] {local_task_job.py:273} INFO - 1 downstream tasks scheduled from follow-on schedule check
