[2023-01-27T12:00:10.876+0000] {taskinstance.py:1165} INFO - Dependencies all met for <TaskInstance: spotify_dag.crawl_s3 scheduled__2023-01-27T10:00:00+00:00 [queued]>
[2023-01-27T12:00:10.883+0000] {taskinstance.py:1165} INFO - Dependencies all met for <TaskInstance: spotify_dag.crawl_s3 scheduled__2023-01-27T10:00:00+00:00 [queued]>
[2023-01-27T12:00:10.883+0000] {taskinstance.py:1362} INFO - 
--------------------------------------------------------------------------------
[2023-01-27T12:00:10.883+0000] {taskinstance.py:1363} INFO - Starting attempt 1 of 2
[2023-01-27T12:00:10.883+0000] {taskinstance.py:1364} INFO - 
--------------------------------------------------------------------------------
[2023-01-27T12:00:10.895+0000] {taskinstance.py:1383} INFO - Executing <Task(GlueCrawlerOperator): crawl_s3> on 2023-01-27 10:00:00+00:00
[2023-01-27T12:00:10.898+0000] {standard_task_runner.py:55} INFO - Started process 21841 to run task
[2023-01-27T12:00:10.902+0000] {standard_task_runner.py:82} INFO - Running: ['airflow', 'tasks', 'run', 'spotify_dag', 'crawl_s3', 'scheduled__2023-01-27T10:00:00+00:00', '--job-id', '405', '--raw', '--subdir', 'DAGS_FOLDER/airflow_dags.py', '--cfg-path', '/tmp/tmpyvgagkjv']
[2023-01-27T12:00:10.903+0000] {standard_task_runner.py:83} INFO - Job 405: Subtask crawl_s3
[2023-01-27T12:00:10.942+0000] {task_command.py:376} INFO - Running <TaskInstance: spotify_dag.crawl_s3 scheduled__2023-01-27T10:00:00+00:00 [running]> on host ip-172-31-26-59.ap-northeast-2.compute.internal
[2023-01-27T12:00:10.986+0000] {taskinstance.py:1590} INFO - Exporting the following env vars:
AIRFLOW_CTX_DAG_EMAIL=nywkim@example.com
AIRFLOW_CTX_DAG_OWNER=airflow
AIRFLOW_CTX_DAG_ID=spotify_dag
AIRFLOW_CTX_TASK_ID=crawl_s3
AIRFLOW_CTX_EXECUTION_DATE=2023-01-27T10:00:00+00:00
AIRFLOW_CTX_TRY_NUMBER=1
AIRFLOW_CTX_DAG_RUN_ID=scheduled__2023-01-27T10:00:00+00:00
[2023-01-27T12:00:10.986+0000] {glue_crawler.py:55} INFO - Checking if crawler already exists: spotify-crawl
[2023-01-27T12:00:10.990+0000] {base.py:71} INFO - Using connection ID 'aws_default' for task execution.
[2023-01-27T12:00:10.991+0000] {connection_wrapper.py:334} INFO - AWS Connection (conn_id='aws_default', conn_type='aws') credentials retrieved from login and password.
[2023-01-27T12:00:11.665+0000] {base.py:71} INFO - Using connection ID 'aws_default' for task execution.
[2023-01-27T12:00:11.665+0000] {connection_wrapper.py:334} INFO - AWS Connection (conn_id='aws_default', conn_type='aws') credentials retrieved from login and password.
[2023-01-27T12:00:11.952+0000] {glue_crawler.py:82} INFO - Triggering AWS Glue Crawler
[2023-01-27T12:00:11.952+0000] {glue_crawler.py:151} INFO - Starting crawler spotify-crawl
[2023-01-27T12:00:12.228+0000] {glue_crawler.py:85} INFO - Waiting for AWS Glue Crawler
[2023-01-27T12:00:12.288+0000] {glue_crawler.py:188} INFO - Polling for AWS Glue crawler: spotify-crawl 
[2023-01-27T12:00:12.288+0000] {glue_crawler.py:189} INFO - State: RUNNING
[2023-01-27T12:00:12.334+0000] {glue_crawler.py:199} INFO - Crawler should finish soon
[2023-01-27T12:00:17.388+0000] {glue_crawler.py:188} INFO - Polling for AWS Glue crawler: spotify-crawl 
[2023-01-27T12:00:17.388+0000] {glue_crawler.py:189} INFO - State: RUNNING
[2023-01-27T12:00:17.436+0000] {glue_crawler.py:199} INFO - Crawler should finish soon
[2023-01-27T12:00:22.504+0000] {glue_crawler.py:188} INFO - Polling for AWS Glue crawler: spotify-crawl 
[2023-01-27T12:00:22.504+0000] {glue_crawler.py:189} INFO - State: RUNNING
[2023-01-27T12:00:22.534+0000] {glue_crawler.py:199} INFO - Crawler should finish soon
[2023-01-27T12:00:27.591+0000] {glue_crawler.py:188} INFO - Polling for AWS Glue crawler: spotify-crawl 
[2023-01-27T12:00:27.591+0000] {glue_crawler.py:189} INFO - State: RUNNING
[2023-01-27T12:00:27.632+0000] {glue_crawler.py:199} INFO - Crawler should finish soon
[2023-01-27T12:00:32.689+0000] {glue_crawler.py:188} INFO - Polling for AWS Glue crawler: spotify-crawl 
[2023-01-27T12:00:32.689+0000] {glue_crawler.py:189} INFO - State: RUNNING
[2023-01-27T12:00:32.734+0000] {glue_crawler.py:199} INFO - Crawler should finish soon
[2023-01-27T12:00:37.796+0000] {glue_crawler.py:188} INFO - Polling for AWS Glue crawler: spotify-crawl 
[2023-01-27T12:00:37.797+0000] {glue_crawler.py:189} INFO - State: RUNNING
[2023-01-27T12:00:37.837+0000] {glue_crawler.py:197} INFO - Estimated Time Left (seconds): 15
[2023-01-27T12:00:42.897+0000] {glue_crawler.py:188} INFO - Polling for AWS Glue crawler: spotify-crawl 
[2023-01-27T12:00:42.897+0000] {glue_crawler.py:189} INFO - State: RUNNING
[2023-01-27T12:00:42.937+0000] {glue_crawler.py:197} INFO - Estimated Time Left (seconds): 15
[2023-01-27T12:00:47.992+0000] {glue_crawler.py:188} INFO - Polling for AWS Glue crawler: spotify-crawl 
[2023-01-27T12:00:47.993+0000] {glue_crawler.py:189} INFO - State: RUNNING
[2023-01-27T12:00:48.035+0000] {glue_crawler.py:197} INFO - Estimated Time Left (seconds): 15
[2023-01-27T12:00:53.082+0000] {glue_crawler.py:188} INFO - Polling for AWS Glue crawler: spotify-crawl 
[2023-01-27T12:00:53.082+0000] {glue_crawler.py:189} INFO - State: RUNNING
[2023-01-27T12:00:53.110+0000] {glue_crawler.py:197} INFO - Estimated Time Left (seconds): 15
[2023-01-27T12:00:58.152+0000] {glue_crawler.py:188} INFO - Polling for AWS Glue crawler: spotify-crawl 
[2023-01-27T12:00:58.152+0000] {glue_crawler.py:189} INFO - State: RUNNING
[2023-01-27T12:00:58.197+0000] {glue_crawler.py:197} INFO - Estimated Time Left (seconds): 15
[2023-01-27T12:01:03.261+0000] {glue_crawler.py:188} INFO - Polling for AWS Glue crawler: spotify-crawl 
[2023-01-27T12:01:03.261+0000] {glue_crawler.py:189} INFO - State: RUNNING
[2023-01-27T12:01:03.295+0000] {glue_crawler.py:197} INFO - Estimated Time Left (seconds): 15
[2023-01-27T12:01:08.353+0000] {glue_crawler.py:188} INFO - Polling for AWS Glue crawler: spotify-crawl 
[2023-01-27T12:01:08.353+0000] {glue_crawler.py:189} INFO - State: RUNNING
[2023-01-27T12:01:08.398+0000] {glue_crawler.py:197} INFO - Estimated Time Left (seconds): 15
[2023-01-27T12:01:13.475+0000] {glue_crawler.py:188} INFO - Polling for AWS Glue crawler: spotify-crawl 
[2023-01-27T12:01:13.475+0000] {glue_crawler.py:189} INFO - State: RUNNING
[2023-01-27T12:01:13.512+0000] {glue_crawler.py:197} INFO - Estimated Time Left (seconds): 15
[2023-01-27T12:01:18.556+0000] {glue_crawler.py:188} INFO - Polling for AWS Glue crawler: spotify-crawl 
[2023-01-27T12:01:18.557+0000] {glue_crawler.py:189} INFO - State: RUNNING
[2023-01-27T12:01:18.598+0000] {glue_crawler.py:197} INFO - Estimated Time Left (seconds): 15
[2023-01-27T12:01:23.682+0000] {glue_crawler.py:188} INFO - Polling for AWS Glue crawler: spotify-crawl 
[2023-01-27T12:01:23.683+0000] {glue_crawler.py:189} INFO - State: STOPPING
[2023-01-27T12:01:23.721+0000] {glue_crawler.py:197} INFO - Estimated Time Left (seconds): 15
[2023-01-27T12:01:28.781+0000] {glue_crawler.py:188} INFO - Polling for AWS Glue crawler: spotify-crawl 
[2023-01-27T12:01:28.782+0000] {glue_crawler.py:189} INFO - State: STOPPING
[2023-01-27T12:01:28.818+0000] {glue_crawler.py:197} INFO - Estimated Time Left (seconds): 15
[2023-01-27T12:01:33.863+0000] {glue_crawler.py:188} INFO - Polling for AWS Glue crawler: spotify-crawl 
[2023-01-27T12:01:33.864+0000] {glue_crawler.py:189} INFO - State: STOPPING
[2023-01-27T12:01:33.897+0000] {glue_crawler.py:197} INFO - Estimated Time Left (seconds): 15
[2023-01-27T12:01:38.940+0000] {glue_crawler.py:188} INFO - Polling for AWS Glue crawler: spotify-crawl 
[2023-01-27T12:01:38.940+0000] {glue_crawler.py:189} INFO - State: STOPPING
[2023-01-27T12:01:38.970+0000] {glue_crawler.py:197} INFO - Estimated Time Left (seconds): 15
[2023-01-27T12:01:44.020+0000] {glue_crawler.py:188} INFO - Polling for AWS Glue crawler: spotify-crawl 
[2023-01-27T12:01:44.020+0000] {glue_crawler.py:189} INFO - State: STOPPING
[2023-01-27T12:01:44.047+0000] {glue_crawler.py:197} INFO - Estimated Time Left (seconds): 15
[2023-01-27T12:01:49.107+0000] {glue_crawler.py:188} INFO - Polling for AWS Glue crawler: spotify-crawl 
[2023-01-27T12:01:49.107+0000] {glue_crawler.py:189} INFO - State: STOPPING
[2023-01-27T12:01:49.155+0000] {glue_crawler.py:197} INFO - Estimated Time Left (seconds): 15
[2023-01-27T12:01:54.220+0000] {glue_crawler.py:188} INFO - Polling for AWS Glue crawler: spotify-crawl 
[2023-01-27T12:01:54.220+0000] {glue_crawler.py:189} INFO - State: STOPPING
[2023-01-27T12:01:54.254+0000] {glue_crawler.py:197} INFO - Estimated Time Left (seconds): 15
[2023-01-27T12:01:59.318+0000] {glue_crawler.py:188} INFO - Polling for AWS Glue crawler: spotify-crawl 
[2023-01-27T12:01:59.318+0000] {glue_crawler.py:189} INFO - State: STOPPING
[2023-01-27T12:01:59.366+0000] {glue_crawler.py:197} INFO - Estimated Time Left (seconds): 15
[2023-01-27T12:02:04.421+0000] {glue_crawler.py:188} INFO - Polling for AWS Glue crawler: spotify-crawl 
[2023-01-27T12:02:04.421+0000] {glue_crawler.py:189} INFO - State: STOPPING
[2023-01-27T12:02:04.468+0000] {glue_crawler.py:197} INFO - Estimated Time Left (seconds): 15
[2023-01-27T12:02:09.512+0000] {glue_crawler.py:188} INFO - Polling for AWS Glue crawler: spotify-crawl 
[2023-01-27T12:02:09.512+0000] {glue_crawler.py:189} INFO - State: STOPPING
[2023-01-27T12:02:09.549+0000] {glue_crawler.py:197} INFO - Estimated Time Left (seconds): 15
[2023-01-27T12:02:14.606+0000] {glue_crawler.py:188} INFO - Polling for AWS Glue crawler: spotify-crawl 
[2023-01-27T12:02:14.606+0000] {glue_crawler.py:189} INFO - State: STOPPING
[2023-01-27T12:02:14.645+0000] {glue_crawler.py:197} INFO - Estimated Time Left (seconds): 15
[2023-01-27T12:02:19.713+0000] {glue_crawler.py:188} INFO - Polling for AWS Glue crawler: spotify-crawl 
[2023-01-27T12:02:19.713+0000] {glue_crawler.py:189} INFO - State: STOPPING
[2023-01-27T12:02:19.779+0000] {glue_crawler.py:197} INFO - Estimated Time Left (seconds): 15
[2023-01-27T12:02:24.827+0000] {glue_crawler.py:188} INFO - Polling for AWS Glue crawler: spotify-crawl 
[2023-01-27T12:02:24.827+0000] {glue_crawler.py:189} INFO - State: STOPPING
[2023-01-27T12:02:24.866+0000] {glue_crawler.py:197} INFO - Estimated Time Left (seconds): 15
[2023-01-27T12:02:29.921+0000] {glue_crawler.py:188} INFO - Polling for AWS Glue crawler: spotify-crawl 
[2023-01-27T12:02:29.923+0000] {glue_crawler.py:189} INFO - State: STOPPING
[2023-01-27T12:02:29.980+0000] {glue_crawler.py:197} INFO - Estimated Time Left (seconds): 15
[2023-01-27T12:02:35.025+0000] {glue_crawler.py:188} INFO - Polling for AWS Glue crawler: spotify-crawl 
[2023-01-27T12:02:35.025+0000] {glue_crawler.py:189} INFO - State: STOPPING
[2023-01-27T12:02:35.064+0000] {glue_crawler.py:197} INFO - Estimated Time Left (seconds): 15
[2023-01-27T12:02:40.100+0000] {glue_crawler.py:188} INFO - Polling for AWS Glue crawler: spotify-crawl 
[2023-01-27T12:02:40.100+0000] {glue_crawler.py:189} INFO - State: STOPPING
[2023-01-27T12:02:40.140+0000] {glue_crawler.py:197} INFO - Estimated Time Left (seconds): 15
[2023-01-27T12:02:45.171+0000] {glue_crawler.py:188} INFO - Polling for AWS Glue crawler: spotify-crawl 
[2023-01-27T12:02:45.172+0000] {glue_crawler.py:189} INFO - State: STOPPING
[2023-01-27T12:02:45.198+0000] {glue_crawler.py:197} INFO - Estimated Time Left (seconds): 15
[2023-01-27T12:02:50.236+0000] {glue_crawler.py:188} INFO - Polling for AWS Glue crawler: spotify-crawl 
[2023-01-27T12:02:50.236+0000] {glue_crawler.py:189} INFO - State: STOPPING
[2023-01-27T12:02:50.272+0000] {glue_crawler.py:197} INFO - Estimated Time Left (seconds): 15
[2023-01-27T12:02:55.303+0000] {glue_crawler.py:188} INFO - Polling for AWS Glue crawler: spotify-crawl 
[2023-01-27T12:02:55.303+0000] {glue_crawler.py:189} INFO - State: STOPPING
[2023-01-27T12:02:55.328+0000] {glue_crawler.py:197} INFO - Estimated Time Left (seconds): 15
[2023-01-27T12:03:00.370+0000] {glue_crawler.py:170} INFO - State: READY
[2023-01-27T12:03:00.371+0000] {glue_crawler.py:171} INFO - crawler_config: {'Name': 'spotify-crawl', 'Role': 'service-role/AWSGlueServiceRole-crawlerclass', 'Targets': {'S3Targets': [{'Path': 's3://airflow-nk/logs', 'Exclusions': []}], 'JdbcTargets': [], 'MongoDBTargets': [], 'DynamoDBTargets': [], 'CatalogTargets': [], 'DeltaTargets': []}, 'DatabaseName': 'spotify', 'Classifiers': [], 'RecrawlPolicy': {'RecrawlBehavior': 'CRAWL_EVERYTHING'}, 'SchemaChangePolicy': {'UpdateBehavior': 'LOG', 'DeleteBehavior': 'LOG'}, 'LineageConfiguration': {'CrawlerLineageSettings': 'DISABLE'}, 'State': 'READY', 'CrawlElapsedTime': 0, 'CreationTime': datetime.datetime(2022, 10, 4, 6, 4, 16, tzinfo=tzlocal()), 'LastUpdated': datetime.datetime(2023, 1, 25, 11, 32, 11, tzinfo=tzlocal()), 'LastCrawl': {'Status': 'SUCCEEDED', 'LogGroup': '/aws-glue/crawlers', 'LogStream': 'spotify-crawl', 'MessagePrefix': '56e8e552-74b2-4e6c-b968-867dd5636922', 'StartTime': datetime.datetime(2023, 1, 27, 12, 0, 12, tzinfo=tzlocal())}, 'Version': 18, 'LakeFormationConfiguration': {'UseLakeFormationCredentials': False, 'AccountId': ''}}
[2023-01-27T12:03:00.409+0000] {glue_crawler.py:178} INFO - Status: SUCCEEDED
[2023-01-27T12:03:00.410+0000] {glue_crawler.py:179} INFO - Last Runtime Duration (seconds): 66.366
[2023-01-27T12:03:00.410+0000] {glue_crawler.py:180} INFO - Median Runtime Duration (seconds): 52.793
[2023-01-27T12:03:00.410+0000] {glue_crawler.py:181} INFO - Tables Created: 0
[2023-01-27T12:03:00.410+0000] {glue_crawler.py:182} INFO - Tables Updated: 0
[2023-01-27T12:03:00.410+0000] {glue_crawler.py:183} INFO - Tables Deleted: 0
[2023-01-27T12:03:00.449+0000] {taskinstance.py:1401} INFO - Marking task as SUCCESS. dag_id=spotify_dag, task_id=crawl_s3, execution_date=20230127T100000, start_date=20230127T120010, end_date=20230127T120300
[2023-01-27T12:03:00.499+0000] {local_task_job.py:164} INFO - Task exited with return code 0
[2023-01-27T12:03:00.538+0000] {local_task_job.py:273} INFO - 1 downstream tasks scheduled from follow-on schedule check
