[2023-01-25T05:38:12.384+0000] {taskinstance.py:1165} INFO - Dependencies all met for <TaskInstance: practice.glue_job manual__2023-01-25T05:36:11.402760+00:00 [queued]>
[2023-01-25T05:38:12.390+0000] {taskinstance.py:1165} INFO - Dependencies all met for <TaskInstance: practice.glue_job manual__2023-01-25T05:36:11.402760+00:00 [queued]>
[2023-01-25T05:38:12.390+0000] {taskinstance.py:1362} INFO - 
--------------------------------------------------------------------------------
[2023-01-25T05:38:12.390+0000] {taskinstance.py:1363} INFO - Starting attempt 2 of 2
[2023-01-25T05:38:12.390+0000] {taskinstance.py:1364} INFO - 
--------------------------------------------------------------------------------
[2023-01-25T05:38:12.401+0000] {taskinstance.py:1383} INFO - Executing <Task(GlueJobOperator): glue_job> on 2023-01-25 05:36:11.402760+00:00
[2023-01-25T05:38:12.404+0000] {standard_task_runner.py:55} INFO - Started process 1864 to run task
[2023-01-25T05:38:12.407+0000] {standard_task_runner.py:82} INFO - Running: ['airflow', 'tasks', 'run', 'practice', 'glue_job', 'manual__2023-01-25T05:36:11.402760+00:00', '--job-id', '308', '--raw', '--subdir', 'DAGS_FOLDER/practice.py', '--cfg-path', '/tmp/tmp6ngknjbl']
[2023-01-25T05:38:12.408+0000] {standard_task_runner.py:83} INFO - Job 308: Subtask glue_job
[2023-01-25T05:38:12.444+0000] {task_command.py:376} INFO - Running <TaskInstance: practice.glue_job manual__2023-01-25T05:36:11.402760+00:00 [running]> on host ip-172-31-26-59.ap-northeast-2.compute.internal
[2023-01-25T05:38:12.484+0000] {taskinstance.py:1590} INFO - Exporting the following env vars:
AIRFLOW_CTX_DAG_EMAIL=nywkim@example.com
AIRFLOW_CTX_DAG_OWNER=airflow
AIRFLOW_CTX_DAG_ID=practice
AIRFLOW_CTX_TASK_ID=glue_job
AIRFLOW_CTX_EXECUTION_DATE=2023-01-25T05:36:11.402760+00:00
AIRFLOW_CTX_TRY_NUMBER=2
AIRFLOW_CTX_DAG_RUN_ID=manual__2023-01-25T05:36:11.402760+00:00
[2023-01-25T05:38:12.485+0000] {glue.py:141} INFO - Initializing AWS Glue Job: SpotifyGlueJob. Wait for completion: True
[2023-01-25T05:38:12.489+0000] {base.py:71} INFO - Using connection ID 'aws_default' for task execution.
[2023-01-25T05:38:12.489+0000] {connection_wrapper.py:334} INFO - AWS Connection (conn_id='aws_default', conn_type='aws') credentials retrieved from login and password.
[2023-01-25T05:38:13.334+0000] {glue.py:135} INFO - Iam Role Name: AWSGlueServiceRole-crawlerclass
[2023-01-25T05:38:13.335+0000] {glue.py:266} INFO - Checking if job already exists: SpotifyGlueJob
[2023-01-25T05:38:14.211+0000] {glue.py:288} INFO - Updating job: SpotifyGlueJob
[2023-01-25T05:38:14.945+0000] {glue.py:290} INFO - Updated configurations: {'Command': {'Name': 'glueetl', 'ScriptLocation': 's3://aws-glue-assets-725381868002-ap-northeast-2/scripts/SpotifyGJ.py'}}
[2023-01-25T05:38:15.185+0000] {glue.py:244} INFO - Polling for AWS Glue Job SpotifyGlueJob current run state with status RUNNING
[2023-01-25T05:38:21.249+0000] {glue.py:244} INFO - Polling for AWS Glue Job SpotifyGlueJob current run state with status RUNNING
[2023-01-25T05:38:27.298+0000] {glue.py:244} INFO - Polling for AWS Glue Job SpotifyGlueJob current run state with status RUNNING
[2023-01-25T05:38:33.364+0000] {glue.py:244} INFO - Polling for AWS Glue Job SpotifyGlueJob current run state with status RUNNING
[2023-01-25T05:38:39.438+0000] {glue.py:244} INFO - Polling for AWS Glue Job SpotifyGlueJob current run state with status RUNNING
[2023-01-25T05:38:45.485+0000] {glue.py:244} INFO - Polling for AWS Glue Job SpotifyGlueJob current run state with status RUNNING
[2023-01-25T05:38:51.540+0000] {glue.py:241} INFO - Exiting Job jr_3752c1f918e2e2b815f94660921afe15ee9838a5f819a9e4873527000467545a Run State: FAILED
[2023-01-25T05:38:51.544+0000] {taskinstance.py:1851} ERROR - Task failed with exception
Traceback (most recent call last):
  File "/usr/local/lib/python3.10/dist-packages/airflow/providers/amazon/aws/operators/glue.py", line 148, in execute
    glue_job_run = glue_job.job_completion(self.job_name, glue_job_run["JobRunId"], self.verbose)
  File "/usr/local/lib/python3.10/dist-packages/airflow/providers/amazon/aws/hooks/glue.py", line 242, in job_completion
    raise AirflowException(job_error_message)
airflow.exceptions.AirflowException: Exiting Job jr_3752c1f918e2e2b815f94660921afe15ee9838a5f819a9e4873527000467545a Run State: FAILED
[2023-01-25T05:38:51.546+0000] {taskinstance.py:1401} INFO - Marking task as FAILED. dag_id=practice, task_id=glue_job, execution_date=20230125T053611, start_date=20230125T053812, end_date=20230125T053851
[2023-01-25T05:38:51.555+0000] {standard_task_runner.py:100} ERROR - Failed to execute job 308 for task glue_job (Exiting Job jr_3752c1f918e2e2b815f94660921afe15ee9838a5f819a9e4873527000467545a Run State: FAILED; 1864)
[2023-01-25T05:38:51.583+0000] {local_task_job.py:164} INFO - Task exited with return code 1
[2023-01-25T05:38:51.592+0000] {local_task_job.py:273} INFO - 0 downstream tasks scheduled from follow-on schedule check
