[2023-01-25T05:36:13.560+0000] {taskinstance.py:1165} INFO - Dependencies all met for <TaskInstance: practice.glue_job manual__2023-01-25T05:36:11.402760+00:00 [queued]>
[2023-01-25T05:36:13.565+0000] {taskinstance.py:1165} INFO - Dependencies all met for <TaskInstance: practice.glue_job manual__2023-01-25T05:36:11.402760+00:00 [queued]>
[2023-01-25T05:36:13.565+0000] {taskinstance.py:1362} INFO - 
--------------------------------------------------------------------------------
[2023-01-25T05:36:13.565+0000] {taskinstance.py:1363} INFO - Starting attempt 1 of 2
[2023-01-25T05:36:13.565+0000] {taskinstance.py:1364} INFO - 
--------------------------------------------------------------------------------
[2023-01-25T05:36:13.577+0000] {taskinstance.py:1383} INFO - Executing <Task(GlueJobOperator): glue_job> on 2023-01-25 05:36:11.402760+00:00
[2023-01-25T05:36:13.580+0000] {standard_task_runner.py:55} INFO - Started process 1800 to run task
[2023-01-25T05:36:13.583+0000] {standard_task_runner.py:82} INFO - Running: ['airflow', 'tasks', 'run', 'practice', 'glue_job', 'manual__2023-01-25T05:36:11.402760+00:00', '--job-id', '307', '--raw', '--subdir', 'DAGS_FOLDER/practice.py', '--cfg-path', '/tmp/tmpqnew5q_i']
[2023-01-25T05:36:13.584+0000] {standard_task_runner.py:83} INFO - Job 307: Subtask glue_job
[2023-01-25T05:36:13.619+0000] {task_command.py:376} INFO - Running <TaskInstance: practice.glue_job manual__2023-01-25T05:36:11.402760+00:00 [running]> on host ip-172-31-26-59.ap-northeast-2.compute.internal
[2023-01-25T05:36:13.663+0000] {taskinstance.py:1590} INFO - Exporting the following env vars:
AIRFLOW_CTX_DAG_EMAIL=nywkim@example.com
AIRFLOW_CTX_DAG_OWNER=airflow
AIRFLOW_CTX_DAG_ID=practice
AIRFLOW_CTX_TASK_ID=glue_job
AIRFLOW_CTX_EXECUTION_DATE=2023-01-25T05:36:11.402760+00:00
AIRFLOW_CTX_TRY_NUMBER=1
AIRFLOW_CTX_DAG_RUN_ID=manual__2023-01-25T05:36:11.402760+00:00
[2023-01-25T05:36:13.664+0000] {glue.py:141} INFO - Initializing AWS Glue Job: SpotifyGlueJob. Wait for completion: True
[2023-01-25T05:36:13.667+0000] {base.py:71} INFO - Using connection ID 'aws_default' for task execution.
[2023-01-25T05:36:13.668+0000] {connection_wrapper.py:334} INFO - AWS Connection (conn_id='aws_default', conn_type='aws') credentials retrieved from login and password.
[2023-01-25T05:36:14.511+0000] {glue.py:135} INFO - Iam Role Name: AWSGlueServiceRole-crawlerclass
[2023-01-25T05:36:14.512+0000] {glue.py:266} INFO - Checking if job already exists: SpotifyGlueJob
[2023-01-25T05:36:15.342+0000] {glue.py:288} INFO - Updating job: SpotifyGlueJob
[2023-01-25T05:36:16.083+0000] {glue.py:290} INFO - Updated configurations: {'Description': 'AWS Glue Job with Airflow', 'LogUri': 's3://aws-glue-assets-725381868002-ap-northeast-2/logs/glue-logs/SpotifyGlueJob', 'Command': {'Name': 'glueetl', 'ScriptLocation': 's3://aws-glue-assets-725381868002-ap-northeast-2/scripts/SpotifyGJ.py'}, 'MaxRetries': 0}
[2023-01-25T05:36:16.288+0000] {glue.py:244} INFO - Polling for AWS Glue Job SpotifyGlueJob current run state with status RUNNING
[2023-01-25T05:36:22.357+0000] {glue.py:244} INFO - Polling for AWS Glue Job SpotifyGlueJob current run state with status RUNNING
[2023-01-25T05:36:28.422+0000] {glue.py:244} INFO - Polling for AWS Glue Job SpotifyGlueJob current run state with status RUNNING
[2023-01-25T05:36:34.496+0000] {glue.py:244} INFO - Polling for AWS Glue Job SpotifyGlueJob current run state with status RUNNING
[2023-01-25T05:36:40.541+0000] {glue.py:244} INFO - Polling for AWS Glue Job SpotifyGlueJob current run state with status RUNNING
[2023-01-25T05:36:46.594+0000] {glue.py:244} INFO - Polling for AWS Glue Job SpotifyGlueJob current run state with status RUNNING
[2023-01-25T05:36:52.672+0000] {glue.py:244} INFO - Polling for AWS Glue Job SpotifyGlueJob current run state with status RUNNING
[2023-01-25T05:36:58.708+0000] {glue.py:244} INFO - Polling for AWS Glue Job SpotifyGlueJob current run state with status RUNNING
[2023-01-25T05:37:04.786+0000] {glue.py:244} INFO - Polling for AWS Glue Job SpotifyGlueJob current run state with status RUNNING
[2023-01-25T05:37:10.842+0000] {glue.py:241} INFO - Exiting Job jr_a4c359f5b8f49fc30b87b73d93e4f3c273259d8d99dd24146ec4e73c742c48b9 Run State: FAILED
[2023-01-25T05:37:10.846+0000] {taskinstance.py:1851} ERROR - Task failed with exception
Traceback (most recent call last):
  File "/usr/local/lib/python3.10/dist-packages/airflow/providers/amazon/aws/operators/glue.py", line 148, in execute
    glue_job_run = glue_job.job_completion(self.job_name, glue_job_run["JobRunId"], self.verbose)
  File "/usr/local/lib/python3.10/dist-packages/airflow/providers/amazon/aws/hooks/glue.py", line 242, in job_completion
    raise AirflowException(job_error_message)
airflow.exceptions.AirflowException: Exiting Job jr_a4c359f5b8f49fc30b87b73d93e4f3c273259d8d99dd24146ec4e73c742c48b9 Run State: FAILED
[2023-01-25T05:37:10.847+0000] {taskinstance.py:1401} INFO - Marking task as UP_FOR_RETRY. dag_id=practice, task_id=glue_job, execution_date=20230125T053611, start_date=20230125T053613, end_date=20230125T053710
[2023-01-25T05:37:10.859+0000] {standard_task_runner.py:100} ERROR - Failed to execute job 307 for task glue_job (Exiting Job jr_a4c359f5b8f49fc30b87b73d93e4f3c273259d8d99dd24146ec4e73c742c48b9 Run State: FAILED; 1800)
[2023-01-25T05:37:10.866+0000] {local_task_job.py:164} INFO - Task exited with return code 1
[2023-01-25T05:37:10.875+0000] {local_task_job.py:273} INFO - 0 downstream tasks scheduled from follow-on schedule check
