[2023-01-29T06:00:12.093+0000] {taskinstance.py:1165} INFO - Dependencies all met for <TaskInstance: spotify_dag.crawl_s3 scheduled__2023-01-29T04:00:00+00:00 [queued]>
[2023-01-29T06:00:12.101+0000] {taskinstance.py:1165} INFO - Dependencies all met for <TaskInstance: spotify_dag.crawl_s3 scheduled__2023-01-29T04:00:00+00:00 [queued]>
[2023-01-29T06:00:12.101+0000] {taskinstance.py:1362} INFO - 
--------------------------------------------------------------------------------
[2023-01-29T06:00:12.101+0000] {taskinstance.py:1363} INFO - Starting attempt 1 of 2
[2023-01-29T06:00:12.101+0000] {taskinstance.py:1364} INFO - 
--------------------------------------------------------------------------------
[2023-01-29T06:00:12.115+0000] {taskinstance.py:1383} INFO - Executing <Task(GlueCrawlerOperator): crawl_s3> on 2023-01-29 04:00:00+00:00
[2023-01-29T06:00:12.118+0000] {standard_task_runner.py:55} INFO - Started process 4366 to run task
[2023-01-29T06:00:12.122+0000] {standard_task_runner.py:82} INFO - Running: ['airflow', 'tasks', 'run', 'spotify_dag', 'crawl_s3', 'scheduled__2023-01-29T04:00:00+00:00', '--job-id', '436', '--raw', '--subdir', 'DAGS_FOLDER/airflow_dags.py', '--cfg-path', '/tmp/tmpgver17z1']
[2023-01-29T06:00:12.124+0000] {standard_task_runner.py:83} INFO - Job 436: Subtask crawl_s3
[2023-01-29T06:00:12.166+0000] {task_command.py:376} INFO - Running <TaskInstance: spotify_dag.crawl_s3 scheduled__2023-01-29T04:00:00+00:00 [running]> on host ip-172-31-26-59.ap-northeast-2.compute.internal
[2023-01-29T06:00:12.214+0000] {taskinstance.py:1590} INFO - Exporting the following env vars:
AIRFLOW_CTX_DAG_EMAIL=nywkim@example.com
AIRFLOW_CTX_DAG_OWNER=airflow
AIRFLOW_CTX_DAG_ID=spotify_dag
AIRFLOW_CTX_TASK_ID=crawl_s3
AIRFLOW_CTX_EXECUTION_DATE=2023-01-29T04:00:00+00:00
AIRFLOW_CTX_TRY_NUMBER=1
AIRFLOW_CTX_DAG_RUN_ID=scheduled__2023-01-29T04:00:00+00:00
[2023-01-29T06:00:12.214+0000] {glue_crawler.py:55} INFO - Checking if crawler already exists: spotify-crawl
[2023-01-29T06:00:12.218+0000] {base.py:71} INFO - Using connection ID 'aws_default' for task execution.
[2023-01-29T06:00:12.219+0000] {connection_wrapper.py:334} INFO - AWS Connection (conn_id='aws_default', conn_type='aws') credentials retrieved from login and password.
[2023-01-29T06:00:12.920+0000] {base.py:71} INFO - Using connection ID 'aws_default' for task execution.
[2023-01-29T06:00:12.921+0000] {connection_wrapper.py:334} INFO - AWS Connection (conn_id='aws_default', conn_type='aws') credentials retrieved from login and password.
[2023-01-29T06:00:13.242+0000] {glue_crawler.py:82} INFO - Triggering AWS Glue Crawler
[2023-01-29T06:00:13.243+0000] {glue_crawler.py:151} INFO - Starting crawler spotify-crawl
[2023-01-29T06:00:24.508+0000] {glue_crawler.py:85} INFO - Waiting for AWS Glue Crawler
[2023-01-29T06:00:24.563+0000] {glue_crawler.py:188} INFO - Polling for AWS Glue crawler: spotify-crawl 
[2023-01-29T06:00:24.564+0000] {glue_crawler.py:189} INFO - State: RUNNING
[2023-01-29T06:00:24.612+0000] {glue_crawler.py:199} INFO - Crawler should finish soon
[2023-01-29T06:00:29.674+0000] {glue_crawler.py:188} INFO - Polling for AWS Glue crawler: spotify-crawl 
[2023-01-29T06:00:29.675+0000] {glue_crawler.py:189} INFO - State: RUNNING
[2023-01-29T06:00:29.725+0000] {glue_crawler.py:199} INFO - Crawler should finish soon
[2023-01-29T06:00:34.761+0000] {glue_crawler.py:188} INFO - Polling for AWS Glue crawler: spotify-crawl 
[2023-01-29T06:00:34.761+0000] {glue_crawler.py:189} INFO - State: RUNNING
[2023-01-29T06:00:34.789+0000] {glue_crawler.py:199} INFO - Crawler should finish soon
[2023-01-29T06:00:39.842+0000] {glue_crawler.py:188} INFO - Polling for AWS Glue crawler: spotify-crawl 
[2023-01-29T06:00:39.842+0000] {glue_crawler.py:189} INFO - State: RUNNING
[2023-01-29T06:00:39.890+0000] {glue_crawler.py:199} INFO - Crawler should finish soon
[2023-01-29T06:00:44.947+0000] {glue_crawler.py:188} INFO - Polling for AWS Glue crawler: spotify-crawl 
[2023-01-29T06:00:44.947+0000] {glue_crawler.py:189} INFO - State: RUNNING
[2023-01-29T06:00:44.986+0000] {glue_crawler.py:199} INFO - Crawler should finish soon
[2023-01-29T06:00:50.028+0000] {glue_crawler.py:188} INFO - Polling for AWS Glue crawler: spotify-crawl 
[2023-01-29T06:00:50.028+0000] {glue_crawler.py:189} INFO - State: RUNNING
[2023-01-29T06:00:50.071+0000] {glue_crawler.py:199} INFO - Crawler should finish soon
[2023-01-29T06:00:55.141+0000] {glue_crawler.py:188} INFO - Polling for AWS Glue crawler: spotify-crawl 
[2023-01-29T06:00:55.141+0000] {glue_crawler.py:189} INFO - State: RUNNING
[2023-01-29T06:00:55.189+0000] {glue_crawler.py:199} INFO - Crawler should finish soon
[2023-01-29T06:01:00.249+0000] {glue_crawler.py:188} INFO - Polling for AWS Glue crawler: spotify-crawl 
[2023-01-29T06:01:00.249+0000] {glue_crawler.py:189} INFO - State: RUNNING
[2023-01-29T06:01:00.286+0000] {glue_crawler.py:199} INFO - Crawler should finish soon
[2023-01-29T06:01:05.347+0000] {glue_crawler.py:188} INFO - Polling for AWS Glue crawler: spotify-crawl 
[2023-01-29T06:01:05.347+0000] {glue_crawler.py:189} INFO - State: RUNNING
[2023-01-29T06:01:05.375+0000] {glue_crawler.py:199} INFO - Crawler should finish soon
[2023-01-29T06:01:10.434+0000] {glue_crawler.py:188} INFO - Polling for AWS Glue crawler: spotify-crawl 
[2023-01-29T06:01:10.434+0000] {glue_crawler.py:189} INFO - State: RUNNING
[2023-01-29T06:01:10.476+0000] {glue_crawler.py:197} INFO - Estimated Time Left (seconds): 15
[2023-01-29T06:01:15.525+0000] {glue_crawler.py:188} INFO - Polling for AWS Glue crawler: spotify-crawl 
[2023-01-29T06:01:15.525+0000] {glue_crawler.py:189} INFO - State: STOPPING
[2023-01-29T06:01:15.569+0000] {glue_crawler.py:197} INFO - Estimated Time Left (seconds): 15
[2023-01-29T06:01:20.627+0000] {glue_crawler.py:188} INFO - Polling for AWS Glue crawler: spotify-crawl 
[2023-01-29T06:01:20.627+0000] {glue_crawler.py:189} INFO - State: STOPPING
[2023-01-29T06:01:20.675+0000] {glue_crawler.py:197} INFO - Estimated Time Left (seconds): 15
[2023-01-29T06:01:25.728+0000] {glue_crawler.py:188} INFO - Polling for AWS Glue crawler: spotify-crawl 
[2023-01-29T06:01:25.729+0000] {glue_crawler.py:189} INFO - State: STOPPING
[2023-01-29T06:01:25.752+0000] {glue_crawler.py:197} INFO - Estimated Time Left (seconds): 15
[2023-01-29T06:01:30.785+0000] {glue_crawler.py:188} INFO - Polling for AWS Glue crawler: spotify-crawl 
[2023-01-29T06:01:30.785+0000] {glue_crawler.py:189} INFO - State: STOPPING
[2023-01-29T06:01:30.814+0000] {glue_crawler.py:197} INFO - Estimated Time Left (seconds): 15
[2023-01-29T06:01:35.851+0000] {glue_crawler.py:188} INFO - Polling for AWS Glue crawler: spotify-crawl 
[2023-01-29T06:01:35.851+0000] {glue_crawler.py:189} INFO - State: STOPPING
[2023-01-29T06:01:35.901+0000] {glue_crawler.py:197} INFO - Estimated Time Left (seconds): 15
[2023-01-29T06:01:40.940+0000] {glue_crawler.py:188} INFO - Polling for AWS Glue crawler: spotify-crawl 
[2023-01-29T06:01:40.941+0000] {glue_crawler.py:189} INFO - State: STOPPING
[2023-01-29T06:01:40.977+0000] {glue_crawler.py:197} INFO - Estimated Time Left (seconds): 15
[2023-01-29T06:01:46.039+0000] {glue_crawler.py:188} INFO - Polling for AWS Glue crawler: spotify-crawl 
[2023-01-29T06:01:46.040+0000] {glue_crawler.py:189} INFO - State: STOPPING
[2023-01-29T06:01:46.090+0000] {glue_crawler.py:197} INFO - Estimated Time Left (seconds): 15
[2023-01-29T06:01:51.166+0000] {glue_crawler.py:188} INFO - Polling for AWS Glue crawler: spotify-crawl 
[2023-01-29T06:01:51.167+0000] {glue_crawler.py:189} INFO - State: STOPPING
[2023-01-29T06:01:51.209+0000] {glue_crawler.py:197} INFO - Estimated Time Left (seconds): 15
[2023-01-29T06:01:56.254+0000] {glue_crawler.py:188} INFO - Polling for AWS Glue crawler: spotify-crawl 
[2023-01-29T06:01:56.255+0000] {glue_crawler.py:189} INFO - State: STOPPING
[2023-01-29T06:01:56.312+0000] {glue_crawler.py:197} INFO - Estimated Time Left (seconds): 15
[2023-01-29T06:02:01.374+0000] {glue_crawler.py:188} INFO - Polling for AWS Glue crawler: spotify-crawl 
[2023-01-29T06:02:01.374+0000] {glue_crawler.py:189} INFO - State: STOPPING
[2023-01-29T06:02:01.415+0000] {glue_crawler.py:197} INFO - Estimated Time Left (seconds): 15
[2023-01-29T06:02:06.461+0000] {glue_crawler.py:188} INFO - Polling for AWS Glue crawler: spotify-crawl 
[2023-01-29T06:02:06.461+0000] {glue_crawler.py:189} INFO - State: STOPPING
[2023-01-29T06:02:06.487+0000] {glue_crawler.py:197} INFO - Estimated Time Left (seconds): 15
[2023-01-29T06:02:11.536+0000] {glue_crawler.py:188} INFO - Polling for AWS Glue crawler: spotify-crawl 
[2023-01-29T06:02:11.536+0000] {glue_crawler.py:189} INFO - State: STOPPING
[2023-01-29T06:02:11.576+0000] {glue_crawler.py:197} INFO - Estimated Time Left (seconds): 15
[2023-01-29T06:02:16.638+0000] {glue_crawler.py:188} INFO - Polling for AWS Glue crawler: spotify-crawl 
[2023-01-29T06:02:16.638+0000] {glue_crawler.py:189} INFO - State: STOPPING
[2023-01-29T06:02:16.671+0000] {glue_crawler.py:197} INFO - Estimated Time Left (seconds): 15
[2023-01-29T06:02:21.712+0000] {glue_crawler.py:188} INFO - Polling for AWS Glue crawler: spotify-crawl 
[2023-01-29T06:02:21.712+0000] {glue_crawler.py:189} INFO - State: STOPPING
[2023-01-29T06:02:21.738+0000] {glue_crawler.py:197} INFO - Estimated Time Left (seconds): 15
[2023-01-29T06:02:26.785+0000] {glue_crawler.py:188} INFO - Polling for AWS Glue crawler: spotify-crawl 
[2023-01-29T06:02:26.786+0000] {glue_crawler.py:189} INFO - State: STOPPING
[2023-01-29T06:02:26.814+0000] {glue_crawler.py:197} INFO - Estimated Time Left (seconds): 15
[2023-01-29T06:02:31.882+0000] {glue_crawler.py:188} INFO - Polling for AWS Glue crawler: spotify-crawl 
[2023-01-29T06:02:31.882+0000] {glue_crawler.py:189} INFO - State: STOPPING
[2023-01-29T06:02:31.913+0000] {glue_crawler.py:197} INFO - Estimated Time Left (seconds): 15
[2023-01-29T06:02:36.977+0000] {glue_crawler.py:188} INFO - Polling for AWS Glue crawler: spotify-crawl 
[2023-01-29T06:02:36.977+0000] {glue_crawler.py:189} INFO - State: STOPPING
[2023-01-29T06:02:37.026+0000] {glue_crawler.py:197} INFO - Estimated Time Left (seconds): 15
[2023-01-29T06:02:42.086+0000] {glue_crawler.py:188} INFO - Polling for AWS Glue crawler: spotify-crawl 
[2023-01-29T06:02:42.086+0000] {glue_crawler.py:189} INFO - State: STOPPING
[2023-01-29T06:02:42.125+0000] {glue_crawler.py:197} INFO - Estimated Time Left (seconds): 15
[2023-01-29T06:02:47.171+0000] {glue_crawler.py:188} INFO - Polling for AWS Glue crawler: spotify-crawl 
[2023-01-29T06:02:47.171+0000] {glue_crawler.py:189} INFO - State: STOPPING
[2023-01-29T06:02:47.207+0000] {glue_crawler.py:197} INFO - Estimated Time Left (seconds): 15
[2023-01-29T06:02:52.264+0000] {glue_crawler.py:188} INFO - Polling for AWS Glue crawler: spotify-crawl 
[2023-01-29T06:02:52.264+0000] {glue_crawler.py:189} INFO - State: STOPPING
[2023-01-29T06:02:52.309+0000] {glue_crawler.py:197} INFO - Estimated Time Left (seconds): 15
[2023-01-29T06:02:57.353+0000] {glue_crawler.py:188} INFO - Polling for AWS Glue crawler: spotify-crawl 
[2023-01-29T06:02:57.353+0000] {glue_crawler.py:189} INFO - State: STOPPING
[2023-01-29T06:02:57.397+0000] {glue_crawler.py:197} INFO - Estimated Time Left (seconds): 15
[2023-01-29T06:03:02.458+0000] {glue_crawler.py:188} INFO - Polling for AWS Glue crawler: spotify-crawl 
[2023-01-29T06:03:02.459+0000] {glue_crawler.py:189} INFO - State: STOPPING
[2023-01-29T06:03:02.879+0000] {glue_crawler.py:197} INFO - Estimated Time Left (seconds): 15
[2023-01-29T06:03:07.931+0000] {glue_crawler.py:188} INFO - Polling for AWS Glue crawler: spotify-crawl 
[2023-01-29T06:03:07.932+0000] {glue_crawler.py:189} INFO - State: STOPPING
[2023-01-29T06:03:07.961+0000] {glue_crawler.py:197} INFO - Estimated Time Left (seconds): 15
[2023-01-29T06:03:13.007+0000] {glue_crawler.py:170} INFO - State: READY
[2023-01-29T06:03:13.007+0000] {glue_crawler.py:171} INFO - crawler_config: {'Name': 'spotify-crawl', 'Role': 'service-role/AWSGlueServiceRole-crawlerclass', 'Targets': {'S3Targets': [{'Path': 's3://airflow-nk/logs', 'Exclusions': []}], 'JdbcTargets': [], 'MongoDBTargets': [], 'DynamoDBTargets': [], 'CatalogTargets': [], 'DeltaTargets': []}, 'DatabaseName': 'spotify', 'Classifiers': [], 'RecrawlPolicy': {'RecrawlBehavior': 'CRAWL_EVERYTHING'}, 'SchemaChangePolicy': {'UpdateBehavior': 'LOG', 'DeleteBehavior': 'LOG'}, 'LineageConfiguration': {'CrawlerLineageSettings': 'DISABLE'}, 'State': 'READY', 'CrawlElapsedTime': 0, 'CreationTime': datetime.datetime(2022, 10, 4, 6, 4, 16, tzinfo=tzlocal()), 'LastUpdated': datetime.datetime(2023, 1, 25, 11, 32, 11, tzinfo=tzlocal()), 'LastCrawl': {'Status': 'SUCCEEDED', 'LogGroup': '/aws-glue/crawlers', 'LogStream': 'spotify-crawl', 'MessagePrefix': '55ba30b3-5ebd-4009-bb24-063dd455a95e', 'StartTime': datetime.datetime(2023, 1, 29, 6, 0, 13, tzinfo=tzlocal())}, 'Version': 18, 'LakeFormationConfiguration': {'UseLakeFormationCredentials': False, 'AccountId': ''}}
[2023-01-29T06:03:13.032+0000] {glue_crawler.py:178} INFO - Status: SUCCEEDED
[2023-01-29T06:03:13.032+0000] {glue_crawler.py:179} INFO - Last Runtime Duration (seconds): 59.686
[2023-01-29T06:03:13.032+0000] {glue_crawler.py:180} INFO - Median Runtime Duration (seconds): 54.139
[2023-01-29T06:03:13.032+0000] {glue_crawler.py:181} INFO - Tables Created: 0
[2023-01-29T06:03:13.033+0000] {glue_crawler.py:182} INFO - Tables Updated: 0
[2023-01-29T06:03:13.033+0000] {glue_crawler.py:183} INFO - Tables Deleted: 0
[2023-01-29T06:03:13.050+0000] {taskinstance.py:1401} INFO - Marking task as SUCCESS. dag_id=spotify_dag, task_id=crawl_s3, execution_date=20230129T040000, start_date=20230129T060012, end_date=20230129T060313
[2023-01-29T06:03:13.089+0000] {local_task_job.py:164} INFO - Task exited with return code 0
[2023-01-29T06:03:13.117+0000] {local_task_job.py:273} INFO - 1 downstream tasks scheduled from follow-on schedule check
